[2023-11-30T12:41:27.900+0200] {taskinstance.py:1159} INFO - Dependencies all met for dep_context=non-requeueable deps ti=<TaskInstance: weather_data_pipeline.create_table scheduled__2023-11-30T03:00:00+00:00 [queued]>
[2023-11-30T12:41:27.906+0200] {taskinstance.py:1159} INFO - Dependencies all met for dep_context=requeueable deps ti=<TaskInstance: weather_data_pipeline.create_table scheduled__2023-11-30T03:00:00+00:00 [queued]>
[2023-11-30T12:41:27.907+0200] {taskinstance.py:1361} INFO - Starting attempt 1 of 1
[2023-11-30T12:41:27.926+0200] {taskinstance.py:1382} INFO - Executing <Task(PythonOperator): create_table> on 2023-11-30 03:00:00+00:00
[2023-11-30T12:41:27.929+0200] {standard_task_runner.py:57} INFO - Started process 18587 to run task
[2023-11-30T12:41:27.933+0200] {standard_task_runner.py:84} INFO - Running: ['airflow', 'tasks', 'run', 'weather_data_pipeline', 'create_table', 'scheduled__2023-11-30T03:00:00+00:00', '--job-id', '24', '--raw', '--subdir', 'DAGS_FOLDER/weather_pipeline.py', '--cfg-path', '/tmp/tmpjh9evvgu']
[2023-11-30T12:41:27.935+0200] {standard_task_runner.py:85} INFO - Job 24: Subtask create_table
[2023-11-30T12:41:27.975+0200] {task_command.py:416} INFO - Running <TaskInstance: weather_data_pipeline.create_table scheduled__2023-11-30T03:00:00+00:00 [running]> on host DESKTOP-VD1PANR.
[2023-11-30T12:41:28.112+0200] {taskinstance.py:1662} INFO - Exporting env vars: AIRFLOW_CTX_DAG_OWNER='airflow' AIRFLOW_CTX_DAG_ID='weather_data_pipeline' AIRFLOW_CTX_TASK_ID='create_table' AIRFLOW_CTX_EXECUTION_DATE='2023-11-30T03:00:00+00:00' AIRFLOW_CTX_TRY_NUMBER='1' AIRFLOW_CTX_DAG_RUN_ID='scheduled__2023-11-30T03:00:00+00:00'
[2023-11-30T12:41:28.114+0200] {python.py:194} INFO - Done. Returned value was: None
[2023-11-30T12:41:28.123+0200] {taskinstance.py:1400} INFO - Marking task as SUCCESS. dag_id=weather_data_pipeline, task_id=create_table, execution_date=20231130T030000, start_date=20231130T104127, end_date=20231130T104128
[2023-11-30T12:41:28.162+0200] {local_task_job_runner.py:228} INFO - Task exited with return code 0
[2023-11-30T12:41:28.289+0200] {taskinstance.py:2778} INFO - 5 downstream tasks scheduled from follow-on schedule check
[2023-11-30T12:55:08.458+0200] {taskinstance.py:1159} INFO - Dependencies all met for dep_context=non-requeueable deps ti=<TaskInstance: weather_data_pipeline.create_table scheduled__2023-11-30T03:00:00+00:00 [queued]>
[2023-11-30T12:55:08.469+0200] {taskinstance.py:1159} INFO - Dependencies all met for dep_context=requeueable deps ti=<TaskInstance: weather_data_pipeline.create_table scheduled__2023-11-30T03:00:00+00:00 [queued]>
[2023-11-30T12:55:08.470+0200] {taskinstance.py:1361} INFO - Starting attempt 1 of 1
[2023-11-30T12:55:08.496+0200] {taskinstance.py:1382} INFO - Executing <Task(PythonOperator): create_table> on 2023-11-30 03:00:00+00:00
[2023-11-30T12:55:08.498+0200] {standard_task_runner.py:57} INFO - Started process 20202 to run task
[2023-11-30T12:55:08.504+0200] {standard_task_runner.py:84} INFO - Running: ['airflow', 'tasks', 'run', 'weather_data_pipeline', 'create_table', 'scheduled__2023-11-30T03:00:00+00:00', '--job-id', '66', '--raw', '--subdir', 'DAGS_FOLDER/weather_pipeline.py', '--cfg-path', '/tmp/tmpq_k1_57n']
[2023-11-30T12:55:08.507+0200] {standard_task_runner.py:85} INFO - Job 66: Subtask create_table
[2023-11-30T12:55:08.556+0200] {task_command.py:416} INFO - Running <TaskInstance: weather_data_pipeline.create_table scheduled__2023-11-30T03:00:00+00:00 [running]> on host DESKTOP-VD1PANR.
[2023-11-30T12:55:08.716+0200] {taskinstance.py:1662} INFO - Exporting env vars: AIRFLOW_CTX_DAG_OWNER='airflow' AIRFLOW_CTX_DAG_ID='weather_data_pipeline' AIRFLOW_CTX_TASK_ID='create_table' AIRFLOW_CTX_EXECUTION_DATE='2023-11-30T03:00:00+00:00' AIRFLOW_CTX_TRY_NUMBER='1' AIRFLOW_CTX_DAG_RUN_ID='scheduled__2023-11-30T03:00:00+00:00'
[2023-11-30T12:55:08.718+0200] {python.py:194} INFO - Done. Returned value was: None
[2023-11-30T12:55:08.726+0200] {taskinstance.py:1400} INFO - Marking task as SUCCESS. dag_id=weather_data_pipeline, task_id=create_table, execution_date=20231130T030000, start_date=20231130T105508, end_date=20231130T105508
[2023-11-30T12:55:08.766+0200] {local_task_job_runner.py:228} INFO - Task exited with return code 0
[2023-11-30T12:55:08.882+0200] {taskinstance.py:2778} INFO - 5 downstream tasks scheduled from follow-on schedule check
[2023-11-30T12:56:27.995+0200] {taskinstance.py:1159} INFO - Dependencies all met for dep_context=non-requeueable deps ti=<TaskInstance: weather_data_pipeline.create_table scheduled__2023-11-30T03:00:00+00:00 [queued]>
[2023-11-30T12:56:28.006+0200] {taskinstance.py:1159} INFO - Dependencies all met for dep_context=requeueable deps ti=<TaskInstance: weather_data_pipeline.create_table scheduled__2023-11-30T03:00:00+00:00 [queued]>
[2023-11-30T12:56:28.006+0200] {taskinstance.py:1361} INFO - Starting attempt 1 of 1
[2023-11-30T12:56:28.030+0200] {taskinstance.py:1382} INFO - Executing <Task(PythonOperator): create_table> on 2023-11-30 03:00:00+00:00
[2023-11-30T12:56:28.033+0200] {standard_task_runner.py:57} INFO - Started process 20416 to run task
[2023-11-30T12:56:28.038+0200] {standard_task_runner.py:84} INFO - Running: ['airflow', 'tasks', 'run', 'weather_data_pipeline', 'create_table', 'scheduled__2023-11-30T03:00:00+00:00', '--job-id', '91', '--raw', '--subdir', 'DAGS_FOLDER/weather_pipeline.py', '--cfg-path', '/tmp/tmptpd5nka2']
[2023-11-30T12:56:28.040+0200] {standard_task_runner.py:85} INFO - Job 91: Subtask create_table
[2023-11-30T12:56:28.094+0200] {task_command.py:416} INFO - Running <TaskInstance: weather_data_pipeline.create_table scheduled__2023-11-30T03:00:00+00:00 [running]> on host DESKTOP-VD1PANR.
[2023-11-30T12:56:28.242+0200] {taskinstance.py:1662} INFO - Exporting env vars: AIRFLOW_CTX_DAG_OWNER='airflow' AIRFLOW_CTX_DAG_ID='weather_data_pipeline' AIRFLOW_CTX_TASK_ID='create_table' AIRFLOW_CTX_EXECUTION_DATE='2023-11-30T03:00:00+00:00' AIRFLOW_CTX_TRY_NUMBER='1' AIRFLOW_CTX_DAG_RUN_ID='scheduled__2023-11-30T03:00:00+00:00'
[2023-11-30T12:56:28.243+0200] {python.py:194} INFO - Done. Returned value was: None
[2023-11-30T12:56:28.251+0200] {taskinstance.py:1400} INFO - Marking task as SUCCESS. dag_id=weather_data_pipeline, task_id=create_table, execution_date=20231130T030000, start_date=20231130T105627, end_date=20231130T105628
[2023-11-30T12:56:28.296+0200] {local_task_job_runner.py:228} INFO - Task exited with return code 0
[2023-11-30T12:56:28.381+0200] {taskinstance.py:2778} INFO - 5 downstream tasks scheduled from follow-on schedule check
[2023-11-30T13:03:12.314+0200] {taskinstance.py:1159} INFO - Dependencies all met for dep_context=non-requeueable deps ti=<TaskInstance: weather_data_pipeline.create_table scheduled__2023-11-30T03:00:00+00:00 [queued]>
[2023-11-30T13:03:12.323+0200] {taskinstance.py:1159} INFO - Dependencies all met for dep_context=requeueable deps ti=<TaskInstance: weather_data_pipeline.create_table scheduled__2023-11-30T03:00:00+00:00 [queued]>
[2023-11-30T13:03:12.324+0200] {taskinstance.py:1361} INFO - Starting attempt 1 of 1
[2023-11-30T13:03:12.345+0200] {taskinstance.py:1382} INFO - Executing <Task(PythonOperator): create_table> on 2023-11-30 03:00:00+00:00
[2023-11-30T13:03:12.347+0200] {standard_task_runner.py:57} INFO - Started process 21276 to run task
[2023-11-30T13:03:12.352+0200] {standard_task_runner.py:84} INFO - Running: ['airflow', 'tasks', 'run', 'weather_data_pipeline', 'create_table', 'scheduled__2023-11-30T03:00:00+00:00', '--job-id', '157', '--raw', '--subdir', 'DAGS_FOLDER/weather_pipeline.py', '--cfg-path', '/tmp/tmp8zxsqli_']
[2023-11-30T13:03:12.354+0200] {standard_task_runner.py:85} INFO - Job 157: Subtask create_table
[2023-11-30T13:03:12.398+0200] {task_command.py:416} INFO - Running <TaskInstance: weather_data_pipeline.create_table scheduled__2023-11-30T03:00:00+00:00 [running]> on host DESKTOP-VD1PANR.
[2023-11-30T13:03:12.550+0200] {taskinstance.py:1662} INFO - Exporting env vars: AIRFLOW_CTX_DAG_OWNER='airflow' AIRFLOW_CTX_DAG_ID='weather_data_pipeline' AIRFLOW_CTX_TASK_ID='create_table' AIRFLOW_CTX_EXECUTION_DATE='2023-11-30T03:00:00+00:00' AIRFLOW_CTX_TRY_NUMBER='1' AIRFLOW_CTX_DAG_RUN_ID='scheduled__2023-11-30T03:00:00+00:00'
[2023-11-30T13:03:12.551+0200] {python.py:194} INFO - Done. Returned value was: None
[2023-11-30T13:03:12.557+0200] {taskinstance.py:1400} INFO - Marking task as SUCCESS. dag_id=weather_data_pipeline, task_id=create_table, execution_date=20231130T030000, start_date=20231130T110312, end_date=20231130T110312
[2023-11-30T13:03:12.615+0200] {local_task_job_runner.py:228} INFO - Task exited with return code 0
[2023-11-30T13:03:12.700+0200] {taskinstance.py:2778} INFO - 5 downstream tasks scheduled from follow-on schedule check
[2023-11-30T13:14:55.809+0200] {taskinstance.py:1159} INFO - Dependencies all met for dep_context=non-requeueable deps ti=<TaskInstance: weather_data_pipeline.create_table scheduled__2023-11-30T03:00:00+00:00 [queued]>
[2023-11-30T13:14:55.817+0200] {taskinstance.py:1159} INFO - Dependencies all met for dep_context=requeueable deps ti=<TaskInstance: weather_data_pipeline.create_table scheduled__2023-11-30T03:00:00+00:00 [queued]>
[2023-11-30T13:14:55.817+0200] {taskinstance.py:1361} INFO - Starting attempt 1 of 1
[2023-11-30T13:14:55.838+0200] {taskinstance.py:1382} INFO - Executing <Task(PythonOperator): create_table> on 2023-11-30 03:00:00+00:00
[2023-11-30T13:14:55.840+0200] {standard_task_runner.py:57} INFO - Started process 22584 to run task
[2023-11-30T13:14:55.845+0200] {standard_task_runner.py:84} INFO - Running: ['airflow', 'tasks', 'run', 'weather_data_pipeline', 'create_table', 'scheduled__2023-11-30T03:00:00+00:00', '--job-id', '182', '--raw', '--subdir', 'DAGS_FOLDER/weather_pipeline.py', '--cfg-path', '/tmp/tmpnyjvpz1r']
[2023-11-30T13:14:55.847+0200] {standard_task_runner.py:85} INFO - Job 182: Subtask create_table
[2023-11-30T13:14:55.885+0200] {task_command.py:416} INFO - Running <TaskInstance: weather_data_pipeline.create_table scheduled__2023-11-30T03:00:00+00:00 [running]> on host DESKTOP-VD1PANR.
[2023-11-30T13:14:56.022+0200] {taskinstance.py:1662} INFO - Exporting env vars: AIRFLOW_CTX_DAG_OWNER='airflow' AIRFLOW_CTX_DAG_ID='weather_data_pipeline' AIRFLOW_CTX_TASK_ID='create_table' AIRFLOW_CTX_EXECUTION_DATE='2023-11-30T03:00:00+00:00' AIRFLOW_CTX_TRY_NUMBER='1' AIRFLOW_CTX_DAG_RUN_ID='scheduled__2023-11-30T03:00:00+00:00'
[2023-11-30T13:14:56.023+0200] {python.py:194} INFO - Done. Returned value was: None
[2023-11-30T13:14:56.030+0200] {taskinstance.py:1400} INFO - Marking task as SUCCESS. dag_id=weather_data_pipeline, task_id=create_table, execution_date=20231130T030000, start_date=20231130T111455, end_date=20231130T111456
[2023-11-30T13:14:56.063+0200] {local_task_job_runner.py:228} INFO - Task exited with return code 0
[2023-11-30T13:14:56.147+0200] {taskinstance.py:2778} INFO - 5 downstream tasks scheduled from follow-on schedule check
[2023-11-30T13:24:45.614+0200] {taskinstance.py:1159} INFO - Dependencies all met for dep_context=non-requeueable deps ti=<TaskInstance: weather_data_pipeline.create_table scheduled__2023-11-30T03:00:00+00:00 [queued]>
[2023-11-30T13:24:45.621+0200] {taskinstance.py:1159} INFO - Dependencies all met for dep_context=requeueable deps ti=<TaskInstance: weather_data_pipeline.create_table scheduled__2023-11-30T03:00:00+00:00 [queued]>
[2023-11-30T13:24:45.622+0200] {taskinstance.py:1361} INFO - Starting attempt 1 of 1
[2023-11-30T13:24:45.643+0200] {taskinstance.py:1382} INFO - Executing <Task(PythonOperator): create_table> on 2023-11-30 03:00:00+00:00
[2023-11-30T13:24:45.645+0200] {standard_task_runner.py:57} INFO - Started process 23798 to run task
[2023-11-30T13:24:45.650+0200] {standard_task_runner.py:84} INFO - Running: ['airflow', 'tasks', 'run', 'weather_data_pipeline', 'create_table', 'scheduled__2023-11-30T03:00:00+00:00', '--job-id', '254', '--raw', '--subdir', 'DAGS_FOLDER/weather_pipeline.py', '--cfg-path', '/tmp/tmppz8o5_xz']
[2023-11-30T13:24:45.652+0200] {standard_task_runner.py:85} INFO - Job 254: Subtask create_table
[2023-11-30T13:24:45.695+0200] {task_command.py:416} INFO - Running <TaskInstance: weather_data_pipeline.create_table scheduled__2023-11-30T03:00:00+00:00 [running]> on host DESKTOP-VD1PANR.
[2023-11-30T13:24:45.816+0200] {taskinstance.py:1662} INFO - Exporting env vars: AIRFLOW_CTX_DAG_OWNER='airflow' AIRFLOW_CTX_DAG_ID='weather_data_pipeline' AIRFLOW_CTX_TASK_ID='create_table' AIRFLOW_CTX_EXECUTION_DATE='2023-11-30T03:00:00+00:00' AIRFLOW_CTX_TRY_NUMBER='1' AIRFLOW_CTX_DAG_RUN_ID='scheduled__2023-11-30T03:00:00+00:00'
[2023-11-30T13:24:45.816+0200] {python.py:194} INFO - Done. Returned value was: None
[2023-11-30T13:24:45.820+0200] {taskinstance.py:1400} INFO - Marking task as SUCCESS. dag_id=weather_data_pipeline, task_id=create_table, execution_date=20231130T030000, start_date=20231130T112445, end_date=20231130T112445
[2023-11-30T13:24:45.866+0200] {local_task_job_runner.py:228} INFO - Task exited with return code 0
[2023-11-30T13:24:45.971+0200] {taskinstance.py:2778} INFO - 5 downstream tasks scheduled from follow-on schedule check
