[2023-11-30T12:41:41.193+0200] {taskinstance.py:1159} INFO - Dependencies all met for dep_context=non-requeueable deps ti=<TaskInstance: weather_data_pipeline.create_table scheduled__2023-11-30T04:00:00+00:00 [queued]>
[2023-11-30T12:41:41.202+0200] {taskinstance.py:1159} INFO - Dependencies all met for dep_context=requeueable deps ti=<TaskInstance: weather_data_pipeline.create_table scheduled__2023-11-30T04:00:00+00:00 [queued]>
[2023-11-30T12:41:41.202+0200] {taskinstance.py:1361} INFO - Starting attempt 1 of 1
[2023-11-30T12:41:41.233+0200] {taskinstance.py:1382} INFO - Executing <Task(PythonOperator): create_table> on 2023-11-30 04:00:00+00:00
[2023-11-30T12:41:41.235+0200] {standard_task_runner.py:57} INFO - Started process 18626 to run task
[2023-11-30T12:41:41.240+0200] {standard_task_runner.py:84} INFO - Running: ['airflow', 'tasks', 'run', 'weather_data_pipeline', 'create_table', 'scheduled__2023-11-30T04:00:00+00:00', '--job-id', '30', '--raw', '--subdir', 'DAGS_FOLDER/weather_pipeline.py', '--cfg-path', '/tmp/tmpmmrlj_1k']
[2023-11-30T12:41:41.243+0200] {standard_task_runner.py:85} INFO - Job 30: Subtask create_table
[2023-11-30T12:41:41.306+0200] {task_command.py:416} INFO - Running <TaskInstance: weather_data_pipeline.create_table scheduled__2023-11-30T04:00:00+00:00 [running]> on host DESKTOP-VD1PANR.
[2023-11-30T12:41:41.476+0200] {taskinstance.py:1662} INFO - Exporting env vars: AIRFLOW_CTX_DAG_OWNER='airflow' AIRFLOW_CTX_DAG_ID='weather_data_pipeline' AIRFLOW_CTX_TASK_ID='create_table' AIRFLOW_CTX_EXECUTION_DATE='2023-11-30T04:00:00+00:00' AIRFLOW_CTX_TRY_NUMBER='1' AIRFLOW_CTX_DAG_RUN_ID='scheduled__2023-11-30T04:00:00+00:00'
[2023-11-30T12:41:41.477+0200] {python.py:194} INFO - Done. Returned value was: None
[2023-11-30T12:41:41.484+0200] {taskinstance.py:1400} INFO - Marking task as SUCCESS. dag_id=weather_data_pipeline, task_id=create_table, execution_date=20231130T040000, start_date=20231130T104141, end_date=20231130T104141
[2023-11-30T12:41:41.511+0200] {local_task_job_runner.py:228} INFO - Task exited with return code 0
[2023-11-30T12:41:41.619+0200] {taskinstance.py:2778} INFO - 5 downstream tasks scheduled from follow-on schedule check
[2023-11-30T12:56:42.397+0200] {taskinstance.py:1159} INFO - Dependencies all met for dep_context=non-requeueable deps ti=<TaskInstance: weather_data_pipeline.create_table scheduled__2023-11-30T04:00:00+00:00 [queued]>
[2023-11-30T12:56:42.408+0200] {taskinstance.py:1159} INFO - Dependencies all met for dep_context=requeueable deps ti=<TaskInstance: weather_data_pipeline.create_table scheduled__2023-11-30T04:00:00+00:00 [queued]>
[2023-11-30T12:56:42.408+0200] {taskinstance.py:1361} INFO - Starting attempt 1 of 1
[2023-11-30T12:56:42.439+0200] {taskinstance.py:1382} INFO - Executing <Task(PythonOperator): create_table> on 2023-11-30 04:00:00+00:00
[2023-11-30T12:56:42.443+0200] {standard_task_runner.py:57} INFO - Started process 20455 to run task
[2023-11-30T12:56:42.449+0200] {standard_task_runner.py:84} INFO - Running: ['airflow', 'tasks', 'run', 'weather_data_pipeline', 'create_table', 'scheduled__2023-11-30T04:00:00+00:00', '--job-id', '97', '--raw', '--subdir', 'DAGS_FOLDER/weather_pipeline.py', '--cfg-path', '/tmp/tmpz60dzd3f']
[2023-11-30T12:56:42.453+0200] {standard_task_runner.py:85} INFO - Job 97: Subtask create_table
[2023-11-30T12:56:42.513+0200] {task_command.py:416} INFO - Running <TaskInstance: weather_data_pipeline.create_table scheduled__2023-11-30T04:00:00+00:00 [running]> on host DESKTOP-VD1PANR.
[2023-11-30T12:56:42.701+0200] {taskinstance.py:1662} INFO - Exporting env vars: AIRFLOW_CTX_DAG_OWNER='airflow' AIRFLOW_CTX_DAG_ID='weather_data_pipeline' AIRFLOW_CTX_TASK_ID='create_table' AIRFLOW_CTX_EXECUTION_DATE='2023-11-30T04:00:00+00:00' AIRFLOW_CTX_TRY_NUMBER='1' AIRFLOW_CTX_DAG_RUN_ID='scheduled__2023-11-30T04:00:00+00:00'
[2023-11-30T12:56:42.702+0200] {python.py:194} INFO - Done. Returned value was: None
[2023-11-30T12:56:42.705+0200] {taskinstance.py:1400} INFO - Marking task as SUCCESS. dag_id=weather_data_pipeline, task_id=create_table, execution_date=20231130T040000, start_date=20231130T105642, end_date=20231130T105642
[2023-11-30T12:56:42.755+0200] {local_task_job_runner.py:228} INFO - Task exited with return code 0
[2023-11-30T12:56:42.839+0200] {taskinstance.py:2778} INFO - 5 downstream tasks scheduled from follow-on schedule check
[2023-11-30T13:15:08.092+0200] {taskinstance.py:1159} INFO - Dependencies all met for dep_context=non-requeueable deps ti=<TaskInstance: weather_data_pipeline.create_table scheduled__2023-11-30T04:00:00+00:00 [queued]>
[2023-11-30T13:15:08.101+0200] {taskinstance.py:1159} INFO - Dependencies all met for dep_context=requeueable deps ti=<TaskInstance: weather_data_pipeline.create_table scheduled__2023-11-30T04:00:00+00:00 [queued]>
[2023-11-30T13:15:08.101+0200] {taskinstance.py:1361} INFO - Starting attempt 1 of 1
[2023-11-30T13:15:08.124+0200] {taskinstance.py:1382} INFO - Executing <Task(PythonOperator): create_table> on 2023-11-30 04:00:00+00:00
[2023-11-30T13:15:08.126+0200] {standard_task_runner.py:57} INFO - Started process 22620 to run task
[2023-11-30T13:15:08.130+0200] {standard_task_runner.py:84} INFO - Running: ['airflow', 'tasks', 'run', 'weather_data_pipeline', 'create_table', 'scheduled__2023-11-30T04:00:00+00:00', '--job-id', '188', '--raw', '--subdir', 'DAGS_FOLDER/weather_pipeline.py', '--cfg-path', '/tmp/tmpljd1haga']
[2023-11-30T13:15:08.133+0200] {standard_task_runner.py:85} INFO - Job 188: Subtask create_table
[2023-11-30T13:15:08.173+0200] {task_command.py:416} INFO - Running <TaskInstance: weather_data_pipeline.create_table scheduled__2023-11-30T04:00:00+00:00 [running]> on host DESKTOP-VD1PANR.
[2023-11-30T13:15:08.292+0200] {taskinstance.py:1662} INFO - Exporting env vars: AIRFLOW_CTX_DAG_OWNER='airflow' AIRFLOW_CTX_DAG_ID='weather_data_pipeline' AIRFLOW_CTX_TASK_ID='create_table' AIRFLOW_CTX_EXECUTION_DATE='2023-11-30T04:00:00+00:00' AIRFLOW_CTX_TRY_NUMBER='1' AIRFLOW_CTX_DAG_RUN_ID='scheduled__2023-11-30T04:00:00+00:00'
[2023-11-30T13:15:08.293+0200] {python.py:194} INFO - Done. Returned value was: None
[2023-11-30T13:15:08.297+0200] {taskinstance.py:1400} INFO - Marking task as SUCCESS. dag_id=weather_data_pipeline, task_id=create_table, execution_date=20231130T040000, start_date=20231130T111508, end_date=20231130T111508
[2023-11-30T13:15:08.351+0200] {local_task_job_runner.py:228} INFO - Task exited with return code 0
[2023-11-30T13:15:08.445+0200] {taskinstance.py:2778} INFO - 5 downstream tasks scheduled from follow-on schedule check
[2023-11-30T13:24:57.995+0200] {taskinstance.py:1159} INFO - Dependencies all met for dep_context=non-requeueable deps ti=<TaskInstance: weather_data_pipeline.create_table scheduled__2023-11-30T04:00:00+00:00 [queued]>
[2023-11-30T13:24:58.003+0200] {taskinstance.py:1159} INFO - Dependencies all met for dep_context=requeueable deps ti=<TaskInstance: weather_data_pipeline.create_table scheduled__2023-11-30T04:00:00+00:00 [queued]>
[2023-11-30T13:24:58.003+0200] {taskinstance.py:1361} INFO - Starting attempt 1 of 1
[2023-11-30T13:24:58.027+0200] {taskinstance.py:1382} INFO - Executing <Task(PythonOperator): create_table> on 2023-11-30 04:00:00+00:00
[2023-11-30T13:24:58.030+0200] {standard_task_runner.py:57} INFO - Started process 23834 to run task
[2023-11-30T13:24:58.035+0200] {standard_task_runner.py:84} INFO - Running: ['airflow', 'tasks', 'run', 'weather_data_pipeline', 'create_table', 'scheduled__2023-11-30T04:00:00+00:00', '--job-id', '260', '--raw', '--subdir', 'DAGS_FOLDER/weather_pipeline.py', '--cfg-path', '/tmp/tmpbix3_pp7']
[2023-11-30T13:24:58.037+0200] {standard_task_runner.py:85} INFO - Job 260: Subtask create_table
[2023-11-30T13:24:58.086+0200] {task_command.py:416} INFO - Running <TaskInstance: weather_data_pipeline.create_table scheduled__2023-11-30T04:00:00+00:00 [running]> on host DESKTOP-VD1PANR.
[2023-11-30T13:24:58.215+0200] {taskinstance.py:1662} INFO - Exporting env vars: AIRFLOW_CTX_DAG_OWNER='airflow' AIRFLOW_CTX_DAG_ID='weather_data_pipeline' AIRFLOW_CTX_TASK_ID='create_table' AIRFLOW_CTX_EXECUTION_DATE='2023-11-30T04:00:00+00:00' AIRFLOW_CTX_TRY_NUMBER='1' AIRFLOW_CTX_DAG_RUN_ID='scheduled__2023-11-30T04:00:00+00:00'
[2023-11-30T13:24:58.216+0200] {python.py:194} INFO - Done. Returned value was: None
[2023-11-30T13:24:58.219+0200] {taskinstance.py:1400} INFO - Marking task as SUCCESS. dag_id=weather_data_pipeline, task_id=create_table, execution_date=20231130T040000, start_date=20231130T112457, end_date=20231130T112458
[2023-11-30T13:24:58.258+0200] {local_task_job_runner.py:228} INFO - Task exited with return code 0
[2023-11-30T13:24:58.336+0200] {taskinstance.py:2778} INFO - 5 downstream tasks scheduled from follow-on schedule check
