[2023-11-30T12:40:48.004+0200] {taskinstance.py:1159} INFO - Dependencies all met for dep_context=non-requeueable deps ti=<TaskInstance: weather_data_pipeline.create_table scheduled__2023-11-30T00:00:00+00:00 [queued]>
[2023-11-30T12:40:48.018+0200] {taskinstance.py:1159} INFO - Dependencies all met for dep_context=requeueable deps ti=<TaskInstance: weather_data_pipeline.create_table scheduled__2023-11-30T00:00:00+00:00 [queued]>
[2023-11-30T12:40:48.019+0200] {taskinstance.py:1361} INFO - Starting attempt 1 of 1
[2023-11-30T12:40:48.060+0200] {taskinstance.py:1382} INFO - Executing <Task(PythonOperator): create_table> on 2023-11-30 00:00:00+00:00
[2023-11-30T12:40:48.063+0200] {standard_task_runner.py:57} INFO - Started process 18465 to run task
[2023-11-30T12:40:48.072+0200] {standard_task_runner.py:84} INFO - Running: ['airflow', 'tasks', 'run', 'weather_data_pipeline', 'create_table', 'scheduled__2023-11-30T00:00:00+00:00', '--job-id', '5', '--raw', '--subdir', 'DAGS_FOLDER/weather_pipeline.py', '--cfg-path', '/tmp/tmpu6pk8lab']
[2023-11-30T12:40:48.076+0200] {standard_task_runner.py:85} INFO - Job 5: Subtask create_table
[2023-11-30T12:40:48.180+0200] {task_command.py:416} INFO - Running <TaskInstance: weather_data_pipeline.create_table scheduled__2023-11-30T00:00:00+00:00 [running]> on host DESKTOP-VD1PANR.
[2023-11-30T12:40:48.329+0200] {taskinstance.py:1662} INFO - Exporting env vars: AIRFLOW_CTX_DAG_OWNER='airflow' AIRFLOW_CTX_DAG_ID='weather_data_pipeline' AIRFLOW_CTX_TASK_ID='create_table' AIRFLOW_CTX_EXECUTION_DATE='2023-11-30T00:00:00+00:00' AIRFLOW_CTX_TRY_NUMBER='1' AIRFLOW_CTX_DAG_RUN_ID='scheduled__2023-11-30T00:00:00+00:00'
[2023-11-30T12:40:48.346+0200] {python.py:194} INFO - Done. Returned value was: None
[2023-11-30T12:40:48.353+0200] {taskinstance.py:1400} INFO - Marking task as SUCCESS. dag_id=weather_data_pipeline, task_id=create_table, execution_date=20231130T000000, start_date=20231130T104048, end_date=20231130T104048
[2023-11-30T12:40:48.405+0200] {local_task_job_runner.py:228} INFO - Task exited with return code 0
[2023-11-30T12:40:48.528+0200] {taskinstance.py:2778} INFO - 5 downstream tasks scheduled from follow-on schedule check
[2023-11-30T12:54:24.078+0200] {taskinstance.py:1159} INFO - Dependencies all met for dep_context=non-requeueable deps ti=<TaskInstance: weather_data_pipeline.create_table scheduled__2023-11-30T00:00:00+00:00 [queued]>
[2023-11-30T12:54:24.095+0200] {taskinstance.py:1159} INFO - Dependencies all met for dep_context=requeueable deps ti=<TaskInstance: weather_data_pipeline.create_table scheduled__2023-11-30T00:00:00+00:00 [queued]>
[2023-11-30T12:54:24.096+0200] {taskinstance.py:1361} INFO - Starting attempt 1 of 1
[2023-11-30T12:54:24.116+0200] {taskinstance.py:1382} INFO - Executing <Task(PythonOperator): create_table> on 2023-11-30 00:00:00+00:00
[2023-11-30T12:54:24.119+0200] {standard_task_runner.py:57} INFO - Started process 20077 to run task
[2023-11-30T12:54:24.127+0200] {standard_task_runner.py:84} INFO - Running: ['airflow', 'tasks', 'run', 'weather_data_pipeline', 'create_table', 'scheduled__2023-11-30T00:00:00+00:00', '--job-id', '47', '--raw', '--subdir', 'DAGS_FOLDER/weather_pipeline.py', '--cfg-path', '/tmp/tmp6awe06zo']
[2023-11-30T12:54:24.130+0200] {standard_task_runner.py:85} INFO - Job 47: Subtask create_table
[2023-11-30T12:54:24.211+0200] {task_command.py:416} INFO - Running <TaskInstance: weather_data_pipeline.create_table scheduled__2023-11-30T00:00:00+00:00 [running]> on host DESKTOP-VD1PANR.
[2023-11-30T12:54:24.443+0200] {taskinstance.py:1662} INFO - Exporting env vars: AIRFLOW_CTX_DAG_OWNER='airflow' AIRFLOW_CTX_DAG_ID='weather_data_pipeline' AIRFLOW_CTX_TASK_ID='create_table' AIRFLOW_CTX_EXECUTION_DATE='2023-11-30T00:00:00+00:00' AIRFLOW_CTX_TRY_NUMBER='1' AIRFLOW_CTX_DAG_RUN_ID='scheduled__2023-11-30T00:00:00+00:00'
[2023-11-30T12:54:24.444+0200] {python.py:194} INFO - Done. Returned value was: None
[2023-11-30T12:54:24.448+0200] {taskinstance.py:1400} INFO - Marking task as SUCCESS. dag_id=weather_data_pipeline, task_id=create_table, execution_date=20231130T000000, start_date=20231130T105424, end_date=20231130T105424
[2023-11-30T12:54:24.514+0200] {local_task_job_runner.py:228} INFO - Task exited with return code 0
[2023-11-30T12:54:24.638+0200] {taskinstance.py:2778} INFO - 5 downstream tasks scheduled from follow-on schedule check
[2023-11-30T12:55:42.994+0200] {taskinstance.py:1159} INFO - Dependencies all met for dep_context=non-requeueable deps ti=<TaskInstance: weather_data_pipeline.create_table scheduled__2023-11-30T00:00:00+00:00 [queued]>
[2023-11-30T12:55:43.002+0200] {taskinstance.py:1159} INFO - Dependencies all met for dep_context=requeueable deps ti=<TaskInstance: weather_data_pipeline.create_table scheduled__2023-11-30T00:00:00+00:00 [queued]>
[2023-11-30T12:55:43.003+0200] {taskinstance.py:1361} INFO - Starting attempt 1 of 1
[2023-11-30T12:55:43.027+0200] {taskinstance.py:1382} INFO - Executing <Task(PythonOperator): create_table> on 2023-11-30 00:00:00+00:00
[2023-11-30T12:55:43.032+0200] {standard_task_runner.py:57} INFO - Started process 20287 to run task
[2023-11-30T12:55:43.037+0200] {standard_task_runner.py:84} INFO - Running: ['airflow', 'tasks', 'run', 'weather_data_pipeline', 'create_table', 'scheduled__2023-11-30T00:00:00+00:00', '--job-id', '72', '--raw', '--subdir', 'DAGS_FOLDER/weather_pipeline.py', '--cfg-path', '/tmp/tmpmwtkrsr3']
[2023-11-30T12:55:43.040+0200] {standard_task_runner.py:85} INFO - Job 72: Subtask create_table
[2023-11-30T12:55:43.096+0200] {task_command.py:416} INFO - Running <TaskInstance: weather_data_pipeline.create_table scheduled__2023-11-30T00:00:00+00:00 [running]> on host DESKTOP-VD1PANR.
[2023-11-30T12:55:43.285+0200] {taskinstance.py:1662} INFO - Exporting env vars: AIRFLOW_CTX_DAG_OWNER='airflow' AIRFLOW_CTX_DAG_ID='weather_data_pipeline' AIRFLOW_CTX_TASK_ID='create_table' AIRFLOW_CTX_EXECUTION_DATE='2023-11-30T00:00:00+00:00' AIRFLOW_CTX_TRY_NUMBER='1' AIRFLOW_CTX_DAG_RUN_ID='scheduled__2023-11-30T00:00:00+00:00'
[2023-11-30T12:55:43.287+0200] {python.py:194} INFO - Done. Returned value was: None
[2023-11-30T12:55:43.292+0200] {taskinstance.py:1400} INFO - Marking task as SUCCESS. dag_id=weather_data_pipeline, task_id=create_table, execution_date=20231130T000000, start_date=20231130T105542, end_date=20231130T105543
[2023-11-30T12:55:43.337+0200] {local_task_job_runner.py:228} INFO - Task exited with return code 0
[2023-11-30T12:55:43.476+0200] {taskinstance.py:2778} INFO - 5 downstream tasks scheduled from follow-on schedule check
[2023-11-30T13:02:47.446+0200] {taskinstance.py:1159} INFO - Dependencies all met for dep_context=non-requeueable deps ti=<TaskInstance: weather_data_pipeline.create_table scheduled__2023-11-30T00:00:00+00:00 [queued]>
[2023-11-30T13:02:47.453+0200] {taskinstance.py:1159} INFO - Dependencies all met for dep_context=requeueable deps ti=<TaskInstance: weather_data_pipeline.create_table scheduled__2023-11-30T00:00:00+00:00 [queued]>
[2023-11-30T13:02:47.454+0200] {taskinstance.py:1361} INFO - Starting attempt 1 of 1
[2023-11-30T13:02:47.476+0200] {taskinstance.py:1382} INFO - Executing <Task(PythonOperator): create_table> on 2023-11-30 00:00:00+00:00
[2023-11-30T13:02:47.479+0200] {standard_task_runner.py:57} INFO - Started process 21206 to run task
[2023-11-30T13:02:47.483+0200] {standard_task_runner.py:84} INFO - Running: ['airflow', 'tasks', 'run', 'weather_data_pipeline', 'create_table', 'scheduled__2023-11-30T00:00:00+00:00', '--job-id', '144', '--raw', '--subdir', 'DAGS_FOLDER/weather_pipeline.py', '--cfg-path', '/tmp/tmpt46y6rxn']
[2023-11-30T13:02:47.485+0200] {standard_task_runner.py:85} INFO - Job 144: Subtask create_table
[2023-11-30T13:02:47.530+0200] {task_command.py:416} INFO - Running <TaskInstance: weather_data_pipeline.create_table scheduled__2023-11-30T00:00:00+00:00 [running]> on host DESKTOP-VD1PANR.
[2023-11-30T13:02:47.660+0200] {taskinstance.py:1662} INFO - Exporting env vars: AIRFLOW_CTX_DAG_OWNER='airflow' AIRFLOW_CTX_DAG_ID='weather_data_pipeline' AIRFLOW_CTX_TASK_ID='create_table' AIRFLOW_CTX_EXECUTION_DATE='2023-11-30T00:00:00+00:00' AIRFLOW_CTX_TRY_NUMBER='1' AIRFLOW_CTX_DAG_RUN_ID='scheduled__2023-11-30T00:00:00+00:00'
[2023-11-30T13:02:47.660+0200] {python.py:194} INFO - Done. Returned value was: None
[2023-11-30T13:02:47.667+0200] {taskinstance.py:1400} INFO - Marking task as SUCCESS. dag_id=weather_data_pipeline, task_id=create_table, execution_date=20231130T000000, start_date=20231130T110247, end_date=20231130T110247
[2023-11-30T13:02:47.706+0200] {local_task_job_runner.py:228} INFO - Task exited with return code 0
[2023-11-30T13:02:47.784+0200] {taskinstance.py:2778} INFO - 5 downstream tasks scheduled from follow-on schedule check
[2023-11-30T13:14:16.281+0200] {taskinstance.py:1159} INFO - Dependencies all met for dep_context=non-requeueable deps ti=<TaskInstance: weather_data_pipeline.create_table scheduled__2023-11-30T00:00:00+00:00 [queued]>
[2023-11-30T13:14:16.290+0200] {taskinstance.py:1159} INFO - Dependencies all met for dep_context=requeueable deps ti=<TaskInstance: weather_data_pipeline.create_table scheduled__2023-11-30T00:00:00+00:00 [queued]>
[2023-11-30T13:14:16.290+0200] {taskinstance.py:1361} INFO - Starting attempt 1 of 1
[2023-11-30T13:14:16.317+0200] {taskinstance.py:1382} INFO - Executing <Task(PythonOperator): create_table> on 2023-11-30 00:00:00+00:00
[2023-11-30T13:14:16.320+0200] {standard_task_runner.py:57} INFO - Started process 22475 to run task
[2023-11-30T13:14:16.324+0200] {standard_task_runner.py:84} INFO - Running: ['airflow', 'tasks', 'run', 'weather_data_pipeline', 'create_table', 'scheduled__2023-11-30T00:00:00+00:00', '--job-id', '163', '--raw', '--subdir', 'DAGS_FOLDER/weather_pipeline.py', '--cfg-path', '/tmp/tmp41_04_bb']
[2023-11-30T13:14:16.326+0200] {standard_task_runner.py:85} INFO - Job 163: Subtask create_table
[2023-11-30T13:14:16.400+0200] {task_command.py:416} INFO - Running <TaskInstance: weather_data_pipeline.create_table scheduled__2023-11-30T00:00:00+00:00 [running]> on host DESKTOP-VD1PANR.
[2023-11-30T13:14:16.573+0200] {taskinstance.py:1662} INFO - Exporting env vars: AIRFLOW_CTX_DAG_OWNER='airflow' AIRFLOW_CTX_DAG_ID='weather_data_pipeline' AIRFLOW_CTX_TASK_ID='create_table' AIRFLOW_CTX_EXECUTION_DATE='2023-11-30T00:00:00+00:00' AIRFLOW_CTX_TRY_NUMBER='1' AIRFLOW_CTX_DAG_RUN_ID='scheduled__2023-11-30T00:00:00+00:00'
[2023-11-30T13:14:16.575+0200] {python.py:194} INFO - Done. Returned value was: None
[2023-11-30T13:14:16.581+0200] {taskinstance.py:1400} INFO - Marking task as SUCCESS. dag_id=weather_data_pipeline, task_id=create_table, execution_date=20231130T000000, start_date=20231130T111416, end_date=20231130T111416
[2023-11-30T13:14:16.640+0200] {local_task_job_runner.py:228} INFO - Task exited with return code 0
[2023-11-30T13:14:16.780+0200] {taskinstance.py:2778} INFO - 5 downstream tasks scheduled from follow-on schedule check
[2023-11-30T13:24:15.996+0200] {taskinstance.py:1159} INFO - Dependencies all met for dep_context=non-requeueable deps ti=<TaskInstance: weather_data_pipeline.create_table scheduled__2023-11-30T00:00:00+00:00 [queued]>
[2023-11-30T13:24:16.005+0200] {taskinstance.py:1159} INFO - Dependencies all met for dep_context=requeueable deps ti=<TaskInstance: weather_data_pipeline.create_table scheduled__2023-11-30T00:00:00+00:00 [queued]>
[2023-11-30T13:24:16.006+0200] {taskinstance.py:1361} INFO - Starting attempt 1 of 1
[2023-11-30T13:24:16.025+0200] {taskinstance.py:1382} INFO - Executing <Task(PythonOperator): create_table> on 2023-11-30 00:00:00+00:00
[2023-11-30T13:24:16.029+0200] {standard_task_runner.py:57} INFO - Started process 23721 to run task
[2023-11-30T13:24:16.034+0200] {standard_task_runner.py:84} INFO - Running: ['airflow', 'tasks', 'run', 'weather_data_pipeline', 'create_table', 'scheduled__2023-11-30T00:00:00+00:00', '--job-id', '241', '--raw', '--subdir', 'DAGS_FOLDER/weather_pipeline.py', '--cfg-path', '/tmp/tmpsucjsttx']
[2023-11-30T13:24:16.037+0200] {standard_task_runner.py:85} INFO - Job 241: Subtask create_table
[2023-11-30T13:24:16.125+0200] {task_command.py:416} INFO - Running <TaskInstance: weather_data_pipeline.create_table scheduled__2023-11-30T00:00:00+00:00 [running]> on host DESKTOP-VD1PANR.
[2023-11-30T13:24:16.307+0200] {taskinstance.py:1662} INFO - Exporting env vars: AIRFLOW_CTX_DAG_OWNER='airflow' AIRFLOW_CTX_DAG_ID='weather_data_pipeline' AIRFLOW_CTX_TASK_ID='create_table' AIRFLOW_CTX_EXECUTION_DATE='2023-11-30T00:00:00+00:00' AIRFLOW_CTX_TRY_NUMBER='1' AIRFLOW_CTX_DAG_RUN_ID='scheduled__2023-11-30T00:00:00+00:00'
[2023-11-30T13:24:16.308+0200] {python.py:194} INFO - Done. Returned value was: None
[2023-11-30T13:24:16.316+0200] {taskinstance.py:1400} INFO - Marking task as SUCCESS. dag_id=weather_data_pipeline, task_id=create_table, execution_date=20231130T000000, start_date=20231130T112415, end_date=20231130T112416
[2023-11-30T13:24:16.377+0200] {local_task_job_runner.py:228} INFO - Task exited with return code 0
[2023-11-30T13:24:16.470+0200] {taskinstance.py:2778} INFO - 5 downstream tasks scheduled from follow-on schedule check
