[2023-11-30T02:14:11.501+0200] {processor.py:157} INFO - Started process (PID=1306) to work on /home/seva/UCU/AutomatedDataPipelines/Homework1/venv/lib/python3.10/site-packages/airflow/example_dags/plugins/listener_plugin.py
[2023-11-30T02:14:11.502+0200] {processor.py:829} INFO - Processing file /home/seva/UCU/AutomatedDataPipelines/Homework1/venv/lib/python3.10/site-packages/airflow/example_dags/plugins/listener_plugin.py for tasks to queue
[2023-11-30T02:14:11.503+0200] {logging_mixin.py:154} INFO - [2023-11-30T02:14:11.502+0200] {dagbag.py:536} INFO - Filling up the DagBag from /home/seva/UCU/AutomatedDataPipelines/Homework1/venv/lib/python3.10/site-packages/airflow/example_dags/plugins/listener_plugin.py
[2023-11-30T02:14:11.505+0200] {processor.py:841} WARNING - No viable dags retrieved from /home/seva/UCU/AutomatedDataPipelines/Homework1/venv/lib/python3.10/site-packages/airflow/example_dags/plugins/listener_plugin.py
[2023-11-30T02:14:11.514+0200] {processor.py:179} INFO - Processing /home/seva/UCU/AutomatedDataPipelines/Homework1/venv/lib/python3.10/site-packages/airflow/example_dags/plugins/listener_plugin.py took 0.016 seconds
[2023-11-30T02:15:00.122+0200] {processor.py:157} INFO - Started process (PID=1474) to work on /home/seva/UCU/AutomatedDataPipelines/Homework1/venv/lib/python3.10/site-packages/airflow/example_dags/plugins/listener_plugin.py
[2023-11-30T02:15:00.135+0200] {processor.py:829} INFO - Processing file /home/seva/UCU/AutomatedDataPipelines/Homework1/venv/lib/python3.10/site-packages/airflow/example_dags/plugins/listener_plugin.py for tasks to queue
[2023-11-30T02:15:00.136+0200] {logging_mixin.py:154} INFO - [2023-11-30T02:15:00.135+0200] {dagbag.py:536} INFO - Filling up the DagBag from /home/seva/UCU/AutomatedDataPipelines/Homework1/venv/lib/python3.10/site-packages/airflow/example_dags/plugins/listener_plugin.py
[2023-11-30T02:15:00.139+0200] {processor.py:841} WARNING - No viable dags retrieved from /home/seva/UCU/AutomatedDataPipelines/Homework1/venv/lib/python3.10/site-packages/airflow/example_dags/plugins/listener_plugin.py
[2023-11-30T02:15:00.151+0200] {processor.py:179} INFO - Processing /home/seva/UCU/AutomatedDataPipelines/Homework1/venv/lib/python3.10/site-packages/airflow/example_dags/plugins/listener_plugin.py took 0.033 seconds
[2023-11-30T02:15:46.513+0200] {processor.py:157} INFO - Started process (PID=1658) to work on /home/seva/UCU/AutomatedDataPipelines/Homework1/venv/lib/python3.10/site-packages/airflow/example_dags/plugins/listener_plugin.py
[2023-11-30T02:15:46.524+0200] {processor.py:829} INFO - Processing file /home/seva/UCU/AutomatedDataPipelines/Homework1/venv/lib/python3.10/site-packages/airflow/example_dags/plugins/listener_plugin.py for tasks to queue
[2023-11-30T02:15:46.525+0200] {logging_mixin.py:154} INFO - [2023-11-30T02:15:46.525+0200] {dagbag.py:536} INFO - Filling up the DagBag from /home/seva/UCU/AutomatedDataPipelines/Homework1/venv/lib/python3.10/site-packages/airflow/example_dags/plugins/listener_plugin.py
[2023-11-30T02:15:46.528+0200] {processor.py:841} WARNING - No viable dags retrieved from /home/seva/UCU/AutomatedDataPipelines/Homework1/venv/lib/python3.10/site-packages/airflow/example_dags/plugins/listener_plugin.py
[2023-11-30T02:15:46.537+0200] {processor.py:179} INFO - Processing /home/seva/UCU/AutomatedDataPipelines/Homework1/venv/lib/python3.10/site-packages/airflow/example_dags/plugins/listener_plugin.py took 0.028 seconds
[2023-11-30T02:16:34.119+0200] {processor.py:157} INFO - Started process (PID=1844) to work on /home/seva/UCU/AutomatedDataPipelines/Homework1/venv/lib/python3.10/site-packages/airflow/example_dags/plugins/listener_plugin.py
[2023-11-30T02:16:34.132+0200] {processor.py:829} INFO - Processing file /home/seva/UCU/AutomatedDataPipelines/Homework1/venv/lib/python3.10/site-packages/airflow/example_dags/plugins/listener_plugin.py for tasks to queue
[2023-11-30T02:16:34.133+0200] {logging_mixin.py:154} INFO - [2023-11-30T02:16:34.132+0200] {dagbag.py:536} INFO - Filling up the DagBag from /home/seva/UCU/AutomatedDataPipelines/Homework1/venv/lib/python3.10/site-packages/airflow/example_dags/plugins/listener_plugin.py
[2023-11-30T02:16:34.135+0200] {processor.py:841} WARNING - No viable dags retrieved from /home/seva/UCU/AutomatedDataPipelines/Homework1/venv/lib/python3.10/site-packages/airflow/example_dags/plugins/listener_plugin.py
[2023-11-30T02:16:34.144+0200] {processor.py:179} INFO - Processing /home/seva/UCU/AutomatedDataPipelines/Homework1/venv/lib/python3.10/site-packages/airflow/example_dags/plugins/listener_plugin.py took 0.028 seconds
[2023-11-30T02:17:15.775+0200] {processor.py:157} INFO - Started process (PID=2013) to work on /home/seva/UCU/AutomatedDataPipelines/Homework1/venv/lib/python3.10/site-packages/airflow/example_dags/plugins/listener_plugin.py
[2023-11-30T02:17:15.787+0200] {processor.py:829} INFO - Processing file /home/seva/UCU/AutomatedDataPipelines/Homework1/venv/lib/python3.10/site-packages/airflow/example_dags/plugins/listener_plugin.py for tasks to queue
[2023-11-30T02:17:15.789+0200] {logging_mixin.py:154} INFO - [2023-11-30T02:17:15.788+0200] {dagbag.py:536} INFO - Filling up the DagBag from /home/seva/UCU/AutomatedDataPipelines/Homework1/venv/lib/python3.10/site-packages/airflow/example_dags/plugins/listener_plugin.py
[2023-11-30T02:17:15.793+0200] {processor.py:841} WARNING - No viable dags retrieved from /home/seva/UCU/AutomatedDataPipelines/Homework1/venv/lib/python3.10/site-packages/airflow/example_dags/plugins/listener_plugin.py
[2023-11-30T02:17:15.803+0200] {processor.py:179} INFO - Processing /home/seva/UCU/AutomatedDataPipelines/Homework1/venv/lib/python3.10/site-packages/airflow/example_dags/plugins/listener_plugin.py took 0.031 seconds
[2023-11-30T02:17:59.417+0200] {processor.py:157} INFO - Started process (PID=2190) to work on /home/seva/UCU/AutomatedDataPipelines/Homework1/venv/lib/python3.10/site-packages/airflow/example_dags/plugins/listener_plugin.py
[2023-11-30T02:17:59.419+0200] {processor.py:829} INFO - Processing file /home/seva/UCU/AutomatedDataPipelines/Homework1/venv/lib/python3.10/site-packages/airflow/example_dags/plugins/listener_plugin.py for tasks to queue
[2023-11-30T02:17:59.420+0200] {logging_mixin.py:154} INFO - [2023-11-30T02:17:59.420+0200] {dagbag.py:536} INFO - Filling up the DagBag from /home/seva/UCU/AutomatedDataPipelines/Homework1/venv/lib/python3.10/site-packages/airflow/example_dags/plugins/listener_plugin.py
[2023-11-30T02:17:59.424+0200] {processor.py:841} WARNING - No viable dags retrieved from /home/seva/UCU/AutomatedDataPipelines/Homework1/venv/lib/python3.10/site-packages/airflow/example_dags/plugins/listener_plugin.py
[2023-11-30T02:17:59.435+0200] {processor.py:179} INFO - Processing /home/seva/UCU/AutomatedDataPipelines/Homework1/venv/lib/python3.10/site-packages/airflow/example_dags/plugins/listener_plugin.py took 0.021 seconds
[2023-11-30T02:18:53.654+0200] {processor.py:157} INFO - Started process (PID=2403) to work on /home/seva/UCU/AutomatedDataPipelines/Homework1/venv/lib/python3.10/site-packages/airflow/example_dags/plugins/listener_plugin.py
[2023-11-30T02:18:53.656+0200] {processor.py:829} INFO - Processing file /home/seva/UCU/AutomatedDataPipelines/Homework1/venv/lib/python3.10/site-packages/airflow/example_dags/plugins/listener_plugin.py for tasks to queue
[2023-11-30T02:18:53.657+0200] {logging_mixin.py:154} INFO - [2023-11-30T02:18:53.656+0200] {dagbag.py:536} INFO - Filling up the DagBag from /home/seva/UCU/AutomatedDataPipelines/Homework1/venv/lib/python3.10/site-packages/airflow/example_dags/plugins/listener_plugin.py
[2023-11-30T02:18:53.659+0200] {processor.py:841} WARNING - No viable dags retrieved from /home/seva/UCU/AutomatedDataPipelines/Homework1/venv/lib/python3.10/site-packages/airflow/example_dags/plugins/listener_plugin.py
[2023-11-30T02:18:53.668+0200] {processor.py:179} INFO - Processing /home/seva/UCU/AutomatedDataPipelines/Homework1/venv/lib/python3.10/site-packages/airflow/example_dags/plugins/listener_plugin.py took 0.017 seconds
[2023-11-30T02:19:40.027+0200] {processor.py:157} INFO - Started process (PID=2589) to work on /home/seva/UCU/AutomatedDataPipelines/Homework1/venv/lib/python3.10/site-packages/airflow/example_dags/plugins/listener_plugin.py
[2023-11-30T02:19:40.029+0200] {processor.py:829} INFO - Processing file /home/seva/UCU/AutomatedDataPipelines/Homework1/venv/lib/python3.10/site-packages/airflow/example_dags/plugins/listener_plugin.py for tasks to queue
[2023-11-30T02:19:40.030+0200] {logging_mixin.py:154} INFO - [2023-11-30T02:19:40.030+0200] {dagbag.py:536} INFO - Filling up the DagBag from /home/seva/UCU/AutomatedDataPipelines/Homework1/venv/lib/python3.10/site-packages/airflow/example_dags/plugins/listener_plugin.py
[2023-11-30T02:19:40.034+0200] {processor.py:841} WARNING - No viable dags retrieved from /home/seva/UCU/AutomatedDataPipelines/Homework1/venv/lib/python3.10/site-packages/airflow/example_dags/plugins/listener_plugin.py
[2023-11-30T02:19:40.046+0200] {processor.py:179} INFO - Processing /home/seva/UCU/AutomatedDataPipelines/Homework1/venv/lib/python3.10/site-packages/airflow/example_dags/plugins/listener_plugin.py took 0.023 seconds
[2023-11-30T02:20:39.229+0200] {processor.py:157} INFO - Started process (PID=2819) to work on /home/seva/UCU/AutomatedDataPipelines/Homework1/venv/lib/python3.10/site-packages/airflow/example_dags/plugins/listener_plugin.py
[2023-11-30T02:20:39.231+0200] {processor.py:829} INFO - Processing file /home/seva/UCU/AutomatedDataPipelines/Homework1/venv/lib/python3.10/site-packages/airflow/example_dags/plugins/listener_plugin.py for tasks to queue
[2023-11-30T02:20:39.232+0200] {logging_mixin.py:154} INFO - [2023-11-30T02:20:39.232+0200] {dagbag.py:536} INFO - Filling up the DagBag from /home/seva/UCU/AutomatedDataPipelines/Homework1/venv/lib/python3.10/site-packages/airflow/example_dags/plugins/listener_plugin.py
[2023-11-30T02:20:39.235+0200] {processor.py:841} WARNING - No viable dags retrieved from /home/seva/UCU/AutomatedDataPipelines/Homework1/venv/lib/python3.10/site-packages/airflow/example_dags/plugins/listener_plugin.py
[2023-11-30T02:20:39.245+0200] {processor.py:179} INFO - Processing /home/seva/UCU/AutomatedDataPipelines/Homework1/venv/lib/python3.10/site-packages/airflow/example_dags/plugins/listener_plugin.py took 0.018 seconds
[2023-11-30T02:21:25.052+0200] {processor.py:157} INFO - Started process (PID=3000) to work on /home/seva/UCU/AutomatedDataPipelines/Homework1/venv/lib/python3.10/site-packages/airflow/example_dags/plugins/listener_plugin.py
[2023-11-30T02:21:25.065+0200] {processor.py:829} INFO - Processing file /home/seva/UCU/AutomatedDataPipelines/Homework1/venv/lib/python3.10/site-packages/airflow/example_dags/plugins/listener_plugin.py for tasks to queue
[2023-11-30T02:21:25.066+0200] {logging_mixin.py:154} INFO - [2023-11-30T02:21:25.065+0200] {dagbag.py:536} INFO - Filling up the DagBag from /home/seva/UCU/AutomatedDataPipelines/Homework1/venv/lib/python3.10/site-packages/airflow/example_dags/plugins/listener_plugin.py
[2023-11-30T02:21:25.069+0200] {processor.py:841} WARNING - No viable dags retrieved from /home/seva/UCU/AutomatedDataPipelines/Homework1/venv/lib/python3.10/site-packages/airflow/example_dags/plugins/listener_plugin.py
[2023-11-30T02:21:25.078+0200] {processor.py:179} INFO - Processing /home/seva/UCU/AutomatedDataPipelines/Homework1/venv/lib/python3.10/site-packages/airflow/example_dags/plugins/listener_plugin.py took 0.028 seconds
[2023-11-30T02:22:20.961+0200] {processor.py:157} INFO - Started process (PID=3224) to work on /home/seva/UCU/AutomatedDataPipelines/Homework1/venv/lib/python3.10/site-packages/airflow/example_dags/plugins/listener_plugin.py
[2023-11-30T02:22:20.973+0200] {processor.py:829} INFO - Processing file /home/seva/UCU/AutomatedDataPipelines/Homework1/venv/lib/python3.10/site-packages/airflow/example_dags/plugins/listener_plugin.py for tasks to queue
[2023-11-30T02:22:20.974+0200] {logging_mixin.py:154} INFO - [2023-11-30T02:22:20.974+0200] {dagbag.py:536} INFO - Filling up the DagBag from /home/seva/UCU/AutomatedDataPipelines/Homework1/venv/lib/python3.10/site-packages/airflow/example_dags/plugins/listener_plugin.py
[2023-11-30T02:22:20.977+0200] {processor.py:841} WARNING - No viable dags retrieved from /home/seva/UCU/AutomatedDataPipelines/Homework1/venv/lib/python3.10/site-packages/airflow/example_dags/plugins/listener_plugin.py
[2023-11-30T02:22:20.987+0200] {processor.py:179} INFO - Processing /home/seva/UCU/AutomatedDataPipelines/Homework1/venv/lib/python3.10/site-packages/airflow/example_dags/plugins/listener_plugin.py took 0.028 seconds
[2023-11-30T02:23:08.839+0200] {processor.py:157} INFO - Started process (PID=3413) to work on /home/seva/UCU/AutomatedDataPipelines/Homework1/venv/lib/python3.10/site-packages/airflow/example_dags/plugins/listener_plugin.py
[2023-11-30T02:23:08.851+0200] {processor.py:829} INFO - Processing file /home/seva/UCU/AutomatedDataPipelines/Homework1/venv/lib/python3.10/site-packages/airflow/example_dags/plugins/listener_plugin.py for tasks to queue
[2023-11-30T02:23:08.852+0200] {logging_mixin.py:154} INFO - [2023-11-30T02:23:08.852+0200] {dagbag.py:536} INFO - Filling up the DagBag from /home/seva/UCU/AutomatedDataPipelines/Homework1/venv/lib/python3.10/site-packages/airflow/example_dags/plugins/listener_plugin.py
[2023-11-30T02:23:08.856+0200] {processor.py:841} WARNING - No viable dags retrieved from /home/seva/UCU/AutomatedDataPipelines/Homework1/venv/lib/python3.10/site-packages/airflow/example_dags/plugins/listener_plugin.py
[2023-11-30T02:23:08.866+0200] {processor.py:179} INFO - Processing /home/seva/UCU/AutomatedDataPipelines/Homework1/venv/lib/python3.10/site-packages/airflow/example_dags/plugins/listener_plugin.py took 0.031 seconds
[2023-11-30T02:23:52.640+0200] {processor.py:157} INFO - Started process (PID=3588) to work on /home/seva/UCU/AutomatedDataPipelines/Homework1/venv/lib/python3.10/site-packages/airflow/example_dags/plugins/listener_plugin.py
[2023-11-30T02:23:52.651+0200] {processor.py:829} INFO - Processing file /home/seva/UCU/AutomatedDataPipelines/Homework1/venv/lib/python3.10/site-packages/airflow/example_dags/plugins/listener_plugin.py for tasks to queue
[2023-11-30T02:23:52.652+0200] {logging_mixin.py:154} INFO - [2023-11-30T02:23:52.652+0200] {dagbag.py:536} INFO - Filling up the DagBag from /home/seva/UCU/AutomatedDataPipelines/Homework1/venv/lib/python3.10/site-packages/airflow/example_dags/plugins/listener_plugin.py
[2023-11-30T02:23:52.655+0200] {processor.py:841} WARNING - No viable dags retrieved from /home/seva/UCU/AutomatedDataPipelines/Homework1/venv/lib/python3.10/site-packages/airflow/example_dags/plugins/listener_plugin.py
[2023-11-30T02:23:52.664+0200] {processor.py:179} INFO - Processing /home/seva/UCU/AutomatedDataPipelines/Homework1/venv/lib/python3.10/site-packages/airflow/example_dags/plugins/listener_plugin.py took 0.027 seconds
[2023-11-30T02:24:40.169+0200] {processor.py:157} INFO - Started process (PID=3775) to work on /home/seva/UCU/AutomatedDataPipelines/Homework1/venv/lib/python3.10/site-packages/airflow/example_dags/plugins/listener_plugin.py
[2023-11-30T02:24:40.172+0200] {processor.py:829} INFO - Processing file /home/seva/UCU/AutomatedDataPipelines/Homework1/venv/lib/python3.10/site-packages/airflow/example_dags/plugins/listener_plugin.py for tasks to queue
[2023-11-30T02:24:40.173+0200] {logging_mixin.py:154} INFO - [2023-11-30T02:24:40.172+0200] {dagbag.py:536} INFO - Filling up the DagBag from /home/seva/UCU/AutomatedDataPipelines/Homework1/venv/lib/python3.10/site-packages/airflow/example_dags/plugins/listener_plugin.py
[2023-11-30T02:24:40.175+0200] {processor.py:841} WARNING - No viable dags retrieved from /home/seva/UCU/AutomatedDataPipelines/Homework1/venv/lib/python3.10/site-packages/airflow/example_dags/plugins/listener_plugin.py
[2023-11-30T02:24:40.184+0200] {processor.py:179} INFO - Processing /home/seva/UCU/AutomatedDataPipelines/Homework1/venv/lib/python3.10/site-packages/airflow/example_dags/plugins/listener_plugin.py took 0.018 seconds
[2023-11-30T02:25:27.606+0200] {processor.py:157} INFO - Started process (PID=3963) to work on /home/seva/UCU/AutomatedDataPipelines/Homework1/venv/lib/python3.10/site-packages/airflow/example_dags/plugins/listener_plugin.py
[2023-11-30T02:25:27.608+0200] {processor.py:829} INFO - Processing file /home/seva/UCU/AutomatedDataPipelines/Homework1/venv/lib/python3.10/site-packages/airflow/example_dags/plugins/listener_plugin.py for tasks to queue
[2023-11-30T02:25:27.609+0200] {logging_mixin.py:154} INFO - [2023-11-30T02:25:27.609+0200] {dagbag.py:536} INFO - Filling up the DagBag from /home/seva/UCU/AutomatedDataPipelines/Homework1/venv/lib/python3.10/site-packages/airflow/example_dags/plugins/listener_plugin.py
[2023-11-30T02:25:27.612+0200] {processor.py:841} WARNING - No viable dags retrieved from /home/seva/UCU/AutomatedDataPipelines/Homework1/venv/lib/python3.10/site-packages/airflow/example_dags/plugins/listener_plugin.py
[2023-11-30T02:25:27.621+0200] {processor.py:179} INFO - Processing /home/seva/UCU/AutomatedDataPipelines/Homework1/venv/lib/python3.10/site-packages/airflow/example_dags/plugins/listener_plugin.py took 0.018 seconds
[2023-11-30T02:26:23.082+0200] {processor.py:157} INFO - Started process (PID=4182) to work on /home/seva/UCU/AutomatedDataPipelines/Homework1/venv/lib/python3.10/site-packages/airflow/example_dags/plugins/listener_plugin.py
[2023-11-30T02:26:23.084+0200] {processor.py:829} INFO - Processing file /home/seva/UCU/AutomatedDataPipelines/Homework1/venv/lib/python3.10/site-packages/airflow/example_dags/plugins/listener_plugin.py for tasks to queue
[2023-11-30T02:26:23.085+0200] {logging_mixin.py:154} INFO - [2023-11-30T02:26:23.085+0200] {dagbag.py:536} INFO - Filling up the DagBag from /home/seva/UCU/AutomatedDataPipelines/Homework1/venv/lib/python3.10/site-packages/airflow/example_dags/plugins/listener_plugin.py
[2023-11-30T02:26:23.087+0200] {processor.py:841} WARNING - No viable dags retrieved from /home/seva/UCU/AutomatedDataPipelines/Homework1/venv/lib/python3.10/site-packages/airflow/example_dags/plugins/listener_plugin.py
[2023-11-30T02:26:23.097+0200] {processor.py:179} INFO - Processing /home/seva/UCU/AutomatedDataPipelines/Homework1/venv/lib/python3.10/site-packages/airflow/example_dags/plugins/listener_plugin.py took 0.018 seconds
[2023-11-30T02:27:15.922+0200] {processor.py:157} INFO - Started process (PID=4386) to work on /home/seva/UCU/AutomatedDataPipelines/Homework1/venv/lib/python3.10/site-packages/airflow/example_dags/plugins/listener_plugin.py
[2023-11-30T02:27:15.924+0200] {processor.py:829} INFO - Processing file /home/seva/UCU/AutomatedDataPipelines/Homework1/venv/lib/python3.10/site-packages/airflow/example_dags/plugins/listener_plugin.py for tasks to queue
[2023-11-30T02:27:15.925+0200] {logging_mixin.py:154} INFO - [2023-11-30T02:27:15.925+0200] {dagbag.py:536} INFO - Filling up the DagBag from /home/seva/UCU/AutomatedDataPipelines/Homework1/venv/lib/python3.10/site-packages/airflow/example_dags/plugins/listener_plugin.py
[2023-11-30T02:27:15.927+0200] {processor.py:841} WARNING - No viable dags retrieved from /home/seva/UCU/AutomatedDataPipelines/Homework1/venv/lib/python3.10/site-packages/airflow/example_dags/plugins/listener_plugin.py
[2023-11-30T02:27:15.936+0200] {processor.py:179} INFO - Processing /home/seva/UCU/AutomatedDataPipelines/Homework1/venv/lib/python3.10/site-packages/airflow/example_dags/plugins/listener_plugin.py took 0.017 seconds
[2023-11-30T02:28:04.860+0200] {processor.py:157} INFO - Started process (PID=4579) to work on /home/seva/UCU/AutomatedDataPipelines/Homework1/venv/lib/python3.10/site-packages/airflow/example_dags/plugins/listener_plugin.py
[2023-11-30T02:28:04.872+0200] {processor.py:829} INFO - Processing file /home/seva/UCU/AutomatedDataPipelines/Homework1/venv/lib/python3.10/site-packages/airflow/example_dags/plugins/listener_plugin.py for tasks to queue
[2023-11-30T02:28:04.873+0200] {logging_mixin.py:154} INFO - [2023-11-30T02:28:04.873+0200] {dagbag.py:536} INFO - Filling up the DagBag from /home/seva/UCU/AutomatedDataPipelines/Homework1/venv/lib/python3.10/site-packages/airflow/example_dags/plugins/listener_plugin.py
[2023-11-30T02:28:04.877+0200] {processor.py:841} WARNING - No viable dags retrieved from /home/seva/UCU/AutomatedDataPipelines/Homework1/venv/lib/python3.10/site-packages/airflow/example_dags/plugins/listener_plugin.py
[2023-11-30T02:28:04.885+0200] {processor.py:179} INFO - Processing /home/seva/UCU/AutomatedDataPipelines/Homework1/venv/lib/python3.10/site-packages/airflow/example_dags/plugins/listener_plugin.py took 0.028 seconds
[2023-11-30T02:29:02.020+0200] {processor.py:157} INFO - Started process (PID=4801) to work on /home/seva/UCU/AutomatedDataPipelines/Homework1/venv/lib/python3.10/site-packages/airflow/example_dags/plugins/listener_plugin.py
[2023-11-30T02:29:02.031+0200] {processor.py:829} INFO - Processing file /home/seva/UCU/AutomatedDataPipelines/Homework1/venv/lib/python3.10/site-packages/airflow/example_dags/plugins/listener_plugin.py for tasks to queue
[2023-11-30T02:29:02.032+0200] {logging_mixin.py:154} INFO - [2023-11-30T02:29:02.032+0200] {dagbag.py:536} INFO - Filling up the DagBag from /home/seva/UCU/AutomatedDataPipelines/Homework1/venv/lib/python3.10/site-packages/airflow/example_dags/plugins/listener_plugin.py
[2023-11-30T02:29:02.035+0200] {processor.py:841} WARNING - No viable dags retrieved from /home/seva/UCU/AutomatedDataPipelines/Homework1/venv/lib/python3.10/site-packages/airflow/example_dags/plugins/listener_plugin.py
[2023-11-30T02:29:02.044+0200] {processor.py:179} INFO - Processing /home/seva/UCU/AutomatedDataPipelines/Homework1/venv/lib/python3.10/site-packages/airflow/example_dags/plugins/listener_plugin.py took 0.027 seconds
[2023-11-30T02:29:47.142+0200] {processor.py:157} INFO - Started process (PID=4984) to work on /home/seva/UCU/AutomatedDataPipelines/Homework1/venv/lib/python3.10/site-packages/airflow/example_dags/plugins/listener_plugin.py
[2023-11-30T02:29:47.144+0200] {processor.py:829} INFO - Processing file /home/seva/UCU/AutomatedDataPipelines/Homework1/venv/lib/python3.10/site-packages/airflow/example_dags/plugins/listener_plugin.py for tasks to queue
[2023-11-30T02:29:47.145+0200] {logging_mixin.py:154} INFO - [2023-11-30T02:29:47.145+0200] {dagbag.py:536} INFO - Filling up the DagBag from /home/seva/UCU/AutomatedDataPipelines/Homework1/venv/lib/python3.10/site-packages/airflow/example_dags/plugins/listener_plugin.py
[2023-11-30T02:29:47.148+0200] {processor.py:841} WARNING - No viable dags retrieved from /home/seva/UCU/AutomatedDataPipelines/Homework1/venv/lib/python3.10/site-packages/airflow/example_dags/plugins/listener_plugin.py
[2023-11-30T02:29:47.156+0200] {processor.py:179} INFO - Processing /home/seva/UCU/AutomatedDataPipelines/Homework1/venv/lib/python3.10/site-packages/airflow/example_dags/plugins/listener_plugin.py took 0.017 seconds
[2023-11-30T02:30:32.810+0200] {processor.py:157} INFO - Started process (PID=5164) to work on /home/seva/UCU/AutomatedDataPipelines/Homework1/venv/lib/python3.10/site-packages/airflow/example_dags/plugins/listener_plugin.py
[2023-11-30T02:30:32.813+0200] {processor.py:829} INFO - Processing file /home/seva/UCU/AutomatedDataPipelines/Homework1/venv/lib/python3.10/site-packages/airflow/example_dags/plugins/listener_plugin.py for tasks to queue
[2023-11-30T02:30:32.814+0200] {logging_mixin.py:154} INFO - [2023-11-30T02:30:32.813+0200] {dagbag.py:536} INFO - Filling up the DagBag from /home/seva/UCU/AutomatedDataPipelines/Homework1/venv/lib/python3.10/site-packages/airflow/example_dags/plugins/listener_plugin.py
[2023-11-30T02:30:32.816+0200] {processor.py:841} WARNING - No viable dags retrieved from /home/seva/UCU/AutomatedDataPipelines/Homework1/venv/lib/python3.10/site-packages/airflow/example_dags/plugins/listener_plugin.py
[2023-11-30T02:30:32.825+0200] {processor.py:179} INFO - Processing /home/seva/UCU/AutomatedDataPipelines/Homework1/venv/lib/python3.10/site-packages/airflow/example_dags/plugins/listener_plugin.py took 0.017 seconds
[2023-11-30T02:31:19.521+0200] {processor.py:157} INFO - Started process (PID=5349) to work on /home/seva/UCU/AutomatedDataPipelines/Homework1/venv/lib/python3.10/site-packages/airflow/example_dags/plugins/listener_plugin.py
[2023-11-30T02:31:19.533+0200] {processor.py:829} INFO - Processing file /home/seva/UCU/AutomatedDataPipelines/Homework1/venv/lib/python3.10/site-packages/airflow/example_dags/plugins/listener_plugin.py for tasks to queue
[2023-11-30T02:31:19.534+0200] {logging_mixin.py:154} INFO - [2023-11-30T02:31:19.533+0200] {dagbag.py:536} INFO - Filling up the DagBag from /home/seva/UCU/AutomatedDataPipelines/Homework1/venv/lib/python3.10/site-packages/airflow/example_dags/plugins/listener_plugin.py
[2023-11-30T02:31:19.537+0200] {processor.py:841} WARNING - No viable dags retrieved from /home/seva/UCU/AutomatedDataPipelines/Homework1/venv/lib/python3.10/site-packages/airflow/example_dags/plugins/listener_plugin.py
[2023-11-30T02:31:19.545+0200] {processor.py:179} INFO - Processing /home/seva/UCU/AutomatedDataPipelines/Homework1/venv/lib/python3.10/site-packages/airflow/example_dags/plugins/listener_plugin.py took 0.027 seconds
[2023-11-30T02:32:02.914+0200] {processor.py:157} INFO - Started process (PID=5523) to work on /home/seva/UCU/AutomatedDataPipelines/Homework1/venv/lib/python3.10/site-packages/airflow/example_dags/plugins/listener_plugin.py
[2023-11-30T02:32:02.933+0200] {processor.py:829} INFO - Processing file /home/seva/UCU/AutomatedDataPipelines/Homework1/venv/lib/python3.10/site-packages/airflow/example_dags/plugins/listener_plugin.py for tasks to queue
[2023-11-30T02:32:02.934+0200] {logging_mixin.py:154} INFO - [2023-11-30T02:32:02.934+0200] {dagbag.py:536} INFO - Filling up the DagBag from /home/seva/UCU/AutomatedDataPipelines/Homework1/venv/lib/python3.10/site-packages/airflow/example_dags/plugins/listener_plugin.py
[2023-11-30T02:32:02.937+0200] {processor.py:841} WARNING - No viable dags retrieved from /home/seva/UCU/AutomatedDataPipelines/Homework1/venv/lib/python3.10/site-packages/airflow/example_dags/plugins/listener_plugin.py
[2023-11-30T02:32:02.947+0200] {processor.py:179} INFO - Processing /home/seva/UCU/AutomatedDataPipelines/Homework1/venv/lib/python3.10/site-packages/airflow/example_dags/plugins/listener_plugin.py took 0.037 seconds
[2023-11-30T02:32:48.348+0200] {processor.py:157} INFO - Started process (PID=5729) to work on /home/seva/UCU/AutomatedDataPipelines/Homework1/venv/lib/python3.10/site-packages/airflow/example_dags/plugins/listener_plugin.py
[2023-11-30T02:32:48.349+0200] {processor.py:829} INFO - Processing file /home/seva/UCU/AutomatedDataPipelines/Homework1/venv/lib/python3.10/site-packages/airflow/example_dags/plugins/listener_plugin.py for tasks to queue
[2023-11-30T02:32:48.350+0200] {logging_mixin.py:154} INFO - [2023-11-30T02:32:48.350+0200] {dagbag.py:536} INFO - Filling up the DagBag from /home/seva/UCU/AutomatedDataPipelines/Homework1/venv/lib/python3.10/site-packages/airflow/example_dags/plugins/listener_plugin.py
[2023-11-30T02:32:48.352+0200] {processor.py:841} WARNING - No viable dags retrieved from /home/seva/UCU/AutomatedDataPipelines/Homework1/venv/lib/python3.10/site-packages/airflow/example_dags/plugins/listener_plugin.py
[2023-11-30T02:32:48.362+0200] {processor.py:179} INFO - Processing /home/seva/UCU/AutomatedDataPipelines/Homework1/venv/lib/python3.10/site-packages/airflow/example_dags/plugins/listener_plugin.py took 0.018 seconds
[2023-11-30T02:33:34.847+0200] {processor.py:157} INFO - Started process (PID=5909) to work on /home/seva/UCU/AutomatedDataPipelines/Homework1/venv/lib/python3.10/site-packages/airflow/example_dags/plugins/listener_plugin.py
[2023-11-30T02:33:34.860+0200] {processor.py:829} INFO - Processing file /home/seva/UCU/AutomatedDataPipelines/Homework1/venv/lib/python3.10/site-packages/airflow/example_dags/plugins/listener_plugin.py for tasks to queue
[2023-11-30T02:33:34.861+0200] {logging_mixin.py:154} INFO - [2023-11-30T02:33:34.860+0200] {dagbag.py:536} INFO - Filling up the DagBag from /home/seva/UCU/AutomatedDataPipelines/Homework1/venv/lib/python3.10/site-packages/airflow/example_dags/plugins/listener_plugin.py
[2023-11-30T02:33:34.864+0200] {processor.py:841} WARNING - No viable dags retrieved from /home/seva/UCU/AutomatedDataPipelines/Homework1/venv/lib/python3.10/site-packages/airflow/example_dags/plugins/listener_plugin.py
[2023-11-30T02:33:34.873+0200] {processor.py:179} INFO - Processing /home/seva/UCU/AutomatedDataPipelines/Homework1/venv/lib/python3.10/site-packages/airflow/example_dags/plugins/listener_plugin.py took 0.029 seconds
[2023-11-30T02:34:22.887+0200] {processor.py:157} INFO - Started process (PID=6100) to work on /home/seva/UCU/AutomatedDataPipelines/Homework1/venv/lib/python3.10/site-packages/airflow/example_dags/plugins/listener_plugin.py
[2023-11-30T02:34:22.899+0200] {processor.py:829} INFO - Processing file /home/seva/UCU/AutomatedDataPipelines/Homework1/venv/lib/python3.10/site-packages/airflow/example_dags/plugins/listener_plugin.py for tasks to queue
[2023-11-30T02:34:22.901+0200] {logging_mixin.py:154} INFO - [2023-11-30T02:34:22.900+0200] {dagbag.py:536} INFO - Filling up the DagBag from /home/seva/UCU/AutomatedDataPipelines/Homework1/venv/lib/python3.10/site-packages/airflow/example_dags/plugins/listener_plugin.py
[2023-11-30T02:34:22.904+0200] {processor.py:841} WARNING - No viable dags retrieved from /home/seva/UCU/AutomatedDataPipelines/Homework1/venv/lib/python3.10/site-packages/airflow/example_dags/plugins/listener_plugin.py
[2023-11-30T02:34:22.916+0200] {processor.py:179} INFO - Processing /home/seva/UCU/AutomatedDataPipelines/Homework1/venv/lib/python3.10/site-packages/airflow/example_dags/plugins/listener_plugin.py took 0.032 seconds
[2023-11-30T02:35:13.705+0200] {processor.py:157} INFO - Started process (PID=6304) to work on /home/seva/UCU/AutomatedDataPipelines/Homework1/venv/lib/python3.10/site-packages/airflow/example_dags/plugins/listener_plugin.py
[2023-11-30T02:35:13.718+0200] {processor.py:829} INFO - Processing file /home/seva/UCU/AutomatedDataPipelines/Homework1/venv/lib/python3.10/site-packages/airflow/example_dags/plugins/listener_plugin.py for tasks to queue
[2023-11-30T02:35:13.721+0200] {logging_mixin.py:154} INFO - [2023-11-30T02:35:13.720+0200] {dagbag.py:536} INFO - Filling up the DagBag from /home/seva/UCU/AutomatedDataPipelines/Homework1/venv/lib/python3.10/site-packages/airflow/example_dags/plugins/listener_plugin.py
[2023-11-30T02:35:13.726+0200] {processor.py:841} WARNING - No viable dags retrieved from /home/seva/UCU/AutomatedDataPipelines/Homework1/venv/lib/python3.10/site-packages/airflow/example_dags/plugins/listener_plugin.py
[2023-11-30T02:35:13.736+0200] {processor.py:179} INFO - Processing /home/seva/UCU/AutomatedDataPipelines/Homework1/venv/lib/python3.10/site-packages/airflow/example_dags/plugins/listener_plugin.py took 0.035 seconds
[2023-11-30T02:35:58.574+0200] {processor.py:157} INFO - Started process (PID=6483) to work on /home/seva/UCU/AutomatedDataPipelines/Homework1/venv/lib/python3.10/site-packages/airflow/example_dags/plugins/listener_plugin.py
[2023-11-30T02:35:58.586+0200] {processor.py:829} INFO - Processing file /home/seva/UCU/AutomatedDataPipelines/Homework1/venv/lib/python3.10/site-packages/airflow/example_dags/plugins/listener_plugin.py for tasks to queue
[2023-11-30T02:35:58.587+0200] {logging_mixin.py:154} INFO - [2023-11-30T02:35:58.587+0200] {dagbag.py:536} INFO - Filling up the DagBag from /home/seva/UCU/AutomatedDataPipelines/Homework1/venv/lib/python3.10/site-packages/airflow/example_dags/plugins/listener_plugin.py
[2023-11-30T02:35:58.590+0200] {processor.py:841} WARNING - No viable dags retrieved from /home/seva/UCU/AutomatedDataPipelines/Homework1/venv/lib/python3.10/site-packages/airflow/example_dags/plugins/listener_plugin.py
[2023-11-30T02:35:58.600+0200] {processor.py:179} INFO - Processing /home/seva/UCU/AutomatedDataPipelines/Homework1/venv/lib/python3.10/site-packages/airflow/example_dags/plugins/listener_plugin.py took 0.029 seconds
[2023-11-30T02:36:44.628+0200] {processor.py:157} INFO - Started process (PID=6668) to work on /home/seva/UCU/AutomatedDataPipelines/Homework1/venv/lib/python3.10/site-packages/airflow/example_dags/plugins/listener_plugin.py
[2023-11-30T02:36:44.640+0200] {processor.py:829} INFO - Processing file /home/seva/UCU/AutomatedDataPipelines/Homework1/venv/lib/python3.10/site-packages/airflow/example_dags/plugins/listener_plugin.py for tasks to queue
[2023-11-30T02:36:44.640+0200] {logging_mixin.py:154} INFO - [2023-11-30T02:36:44.640+0200] {dagbag.py:536} INFO - Filling up the DagBag from /home/seva/UCU/AutomatedDataPipelines/Homework1/venv/lib/python3.10/site-packages/airflow/example_dags/plugins/listener_plugin.py
[2023-11-30T02:36:44.644+0200] {processor.py:841} WARNING - No viable dags retrieved from /home/seva/UCU/AutomatedDataPipelines/Homework1/venv/lib/python3.10/site-packages/airflow/example_dags/plugins/listener_plugin.py
[2023-11-30T02:36:44.653+0200] {processor.py:179} INFO - Processing /home/seva/UCU/AutomatedDataPipelines/Homework1/venv/lib/python3.10/site-packages/airflow/example_dags/plugins/listener_plugin.py took 0.029 seconds
[2023-11-30T02:37:33.738+0200] {processor.py:157} INFO - Started process (PID=6860) to work on /home/seva/UCU/AutomatedDataPipelines/Homework1/venv/lib/python3.10/site-packages/airflow/example_dags/plugins/listener_plugin.py
[2023-11-30T02:37:33.741+0200] {processor.py:829} INFO - Processing file /home/seva/UCU/AutomatedDataPipelines/Homework1/venv/lib/python3.10/site-packages/airflow/example_dags/plugins/listener_plugin.py for tasks to queue
[2023-11-30T02:37:33.742+0200] {logging_mixin.py:154} INFO - [2023-11-30T02:37:33.742+0200] {dagbag.py:536} INFO - Filling up the DagBag from /home/seva/UCU/AutomatedDataPipelines/Homework1/venv/lib/python3.10/site-packages/airflow/example_dags/plugins/listener_plugin.py
[2023-11-30T02:37:33.746+0200] {processor.py:841} WARNING - No viable dags retrieved from /home/seva/UCU/AutomatedDataPipelines/Homework1/venv/lib/python3.10/site-packages/airflow/example_dags/plugins/listener_plugin.py
[2023-11-30T02:37:33.762+0200] {processor.py:179} INFO - Processing /home/seva/UCU/AutomatedDataPipelines/Homework1/venv/lib/python3.10/site-packages/airflow/example_dags/plugins/listener_plugin.py took 0.029 seconds
[2023-11-30T02:38:25.895+0200] {processor.py:157} INFO - Started process (PID=7175) to work on /home/seva/UCU/AutomatedDataPipelines/Homework1/venv/lib/python3.10/site-packages/airflow/example_dags/plugins/listener_plugin.py
[2023-11-30T02:38:25.907+0200] {processor.py:829} INFO - Processing file /home/seva/UCU/AutomatedDataPipelines/Homework1/venv/lib/python3.10/site-packages/airflow/example_dags/plugins/listener_plugin.py for tasks to queue
[2023-11-30T02:38:25.909+0200] {logging_mixin.py:154} INFO - [2023-11-30T02:38:25.908+0200] {dagbag.py:536} INFO - Filling up the DagBag from /home/seva/UCU/AutomatedDataPipelines/Homework1/venv/lib/python3.10/site-packages/airflow/example_dags/plugins/listener_plugin.py
[2023-11-30T02:38:25.912+0200] {processor.py:841} WARNING - No viable dags retrieved from /home/seva/UCU/AutomatedDataPipelines/Homework1/venv/lib/python3.10/site-packages/airflow/example_dags/plugins/listener_plugin.py
[2023-11-30T02:38:25.923+0200] {processor.py:179} INFO - Processing /home/seva/UCU/AutomatedDataPipelines/Homework1/venv/lib/python3.10/site-packages/airflow/example_dags/plugins/listener_plugin.py took 0.031 seconds
