[2023-11-30T02:14:12.643+0200] {processor.py:157} INFO - Started process (PID=1313) to work on /home/seva/UCU/AutomatedDataPipelines/Homework1/venv/lib/python3.10/site-packages/airflow/example_dags/plugins/workday.py
[2023-11-30T02:14:12.644+0200] {processor.py:829} INFO - Processing file /home/seva/UCU/AutomatedDataPipelines/Homework1/venv/lib/python3.10/site-packages/airflow/example_dags/plugins/workday.py for tasks to queue
[2023-11-30T02:14:12.645+0200] {logging_mixin.py:154} INFO - [2023-11-30T02:14:12.644+0200] {dagbag.py:536} INFO - Filling up the DagBag from /home/seva/UCU/AutomatedDataPipelines/Homework1/venv/lib/python3.10/site-packages/airflow/example_dags/plugins/workday.py
[2023-11-30T02:14:12.647+0200] {logging_mixin.py:154} INFO - [2023-11-30T02:14:12.647+0200] {workday.py:36} WARNING - Could not import pandas. Holidays will not be considered.
[2023-11-30T02:14:12.647+0200] {processor.py:841} WARNING - No viable dags retrieved from /home/seva/UCU/AutomatedDataPipelines/Homework1/venv/lib/python3.10/site-packages/airflow/example_dags/plugins/workday.py
[2023-11-30T02:14:12.656+0200] {processor.py:179} INFO - Processing /home/seva/UCU/AutomatedDataPipelines/Homework1/venv/lib/python3.10/site-packages/airflow/example_dags/plugins/workday.py took 0.016 seconds
[2023-11-30T02:15:01.263+0200] {processor.py:157} INFO - Started process (PID=1478) to work on /home/seva/UCU/AutomatedDataPipelines/Homework1/venv/lib/python3.10/site-packages/airflow/example_dags/plugins/workday.py
[2023-11-30T02:15:01.275+0200] {processor.py:829} INFO - Processing file /home/seva/UCU/AutomatedDataPipelines/Homework1/venv/lib/python3.10/site-packages/airflow/example_dags/plugins/workday.py for tasks to queue
[2023-11-30T02:15:01.276+0200] {logging_mixin.py:154} INFO - [2023-11-30T02:15:01.276+0200] {dagbag.py:536} INFO - Filling up the DagBag from /home/seva/UCU/AutomatedDataPipelines/Homework1/venv/lib/python3.10/site-packages/airflow/example_dags/plugins/workday.py
[2023-11-30T02:15:01.279+0200] {logging_mixin.py:154} INFO - [2023-11-30T02:15:01.279+0200] {workday.py:36} WARNING - Could not import pandas. Holidays will not be considered.
[2023-11-30T02:15:01.279+0200] {processor.py:841} WARNING - No viable dags retrieved from /home/seva/UCU/AutomatedDataPipelines/Homework1/venv/lib/python3.10/site-packages/airflow/example_dags/plugins/workday.py
[2023-11-30T02:15:01.289+0200] {processor.py:179} INFO - Processing /home/seva/UCU/AutomatedDataPipelines/Homework1/venv/lib/python3.10/site-packages/airflow/example_dags/plugins/workday.py took 0.029 seconds
[2023-11-30T02:15:47.653+0200] {processor.py:157} INFO - Started process (PID=1659) to work on /home/seva/UCU/AutomatedDataPipelines/Homework1/venv/lib/python3.10/site-packages/airflow/example_dags/plugins/workday.py
[2023-11-30T02:15:47.665+0200] {processor.py:829} INFO - Processing file /home/seva/UCU/AutomatedDataPipelines/Homework1/venv/lib/python3.10/site-packages/airflow/example_dags/plugins/workday.py for tasks to queue
[2023-11-30T02:15:47.666+0200] {logging_mixin.py:154} INFO - [2023-11-30T02:15:47.665+0200] {dagbag.py:536} INFO - Filling up the DagBag from /home/seva/UCU/AutomatedDataPipelines/Homework1/venv/lib/python3.10/site-packages/airflow/example_dags/plugins/workday.py
[2023-11-30T02:15:47.669+0200] {logging_mixin.py:154} INFO - [2023-11-30T02:15:47.669+0200] {workday.py:36} WARNING - Could not import pandas. Holidays will not be considered.
[2023-11-30T02:15:47.669+0200] {processor.py:841} WARNING - No viable dags retrieved from /home/seva/UCU/AutomatedDataPipelines/Homework1/venv/lib/python3.10/site-packages/airflow/example_dags/plugins/workday.py
[2023-11-30T02:15:47.678+0200] {processor.py:179} INFO - Processing /home/seva/UCU/AutomatedDataPipelines/Homework1/venv/lib/python3.10/site-packages/airflow/example_dags/plugins/workday.py took 0.028 seconds
[2023-11-30T02:16:34.593+0200] {processor.py:157} INFO - Started process (PID=1845) to work on /home/seva/UCU/AutomatedDataPipelines/Homework1/venv/lib/python3.10/site-packages/airflow/example_dags/plugins/workday.py
[2023-11-30T02:16:34.595+0200] {processor.py:829} INFO - Processing file /home/seva/UCU/AutomatedDataPipelines/Homework1/venv/lib/python3.10/site-packages/airflow/example_dags/plugins/workday.py for tasks to queue
[2023-11-30T02:16:34.596+0200] {logging_mixin.py:154} INFO - [2023-11-30T02:16:34.596+0200] {dagbag.py:536} INFO - Filling up the DagBag from /home/seva/UCU/AutomatedDataPipelines/Homework1/venv/lib/python3.10/site-packages/airflow/example_dags/plugins/workday.py
[2023-11-30T02:16:34.598+0200] {logging_mixin.py:154} INFO - [2023-11-30T02:16:34.598+0200] {workday.py:36} WARNING - Could not import pandas. Holidays will not be considered.
[2023-11-30T02:16:34.599+0200] {processor.py:841} WARNING - No viable dags retrieved from /home/seva/UCU/AutomatedDataPipelines/Homework1/venv/lib/python3.10/site-packages/airflow/example_dags/plugins/workday.py
[2023-11-30T02:16:34.608+0200] {processor.py:179} INFO - Processing /home/seva/UCU/AutomatedDataPipelines/Homework1/venv/lib/python3.10/site-packages/airflow/example_dags/plugins/workday.py took 0.018 seconds
[2023-11-30T02:17:16.668+0200] {processor.py:157} INFO - Started process (PID=2014) to work on /home/seva/UCU/AutomatedDataPipelines/Homework1/venv/lib/python3.10/site-packages/airflow/example_dags/plugins/workday.py
[2023-11-30T02:17:16.670+0200] {processor.py:829} INFO - Processing file /home/seva/UCU/AutomatedDataPipelines/Homework1/venv/lib/python3.10/site-packages/airflow/example_dags/plugins/workday.py for tasks to queue
[2023-11-30T02:17:16.671+0200] {logging_mixin.py:154} INFO - [2023-11-30T02:17:16.671+0200] {dagbag.py:536} INFO - Filling up the DagBag from /home/seva/UCU/AutomatedDataPipelines/Homework1/venv/lib/python3.10/site-packages/airflow/example_dags/plugins/workday.py
[2023-11-30T02:17:16.674+0200] {logging_mixin.py:154} INFO - [2023-11-30T02:17:16.674+0200] {workday.py:36} WARNING - Could not import pandas. Holidays will not be considered.
[2023-11-30T02:17:16.674+0200] {processor.py:841} WARNING - No viable dags retrieved from /home/seva/UCU/AutomatedDataPipelines/Homework1/venv/lib/python3.10/site-packages/airflow/example_dags/plugins/workday.py
[2023-11-30T02:17:16.683+0200] {processor.py:179} INFO - Processing /home/seva/UCU/AutomatedDataPipelines/Homework1/venv/lib/python3.10/site-packages/airflow/example_dags/plugins/workday.py took 0.017 seconds
[2023-11-30T02:18:00.554+0200] {processor.py:157} INFO - Started process (PID=2191) to work on /home/seva/UCU/AutomatedDataPipelines/Homework1/venv/lib/python3.10/site-packages/airflow/example_dags/plugins/workday.py
[2023-11-30T02:18:00.566+0200] {processor.py:829} INFO - Processing file /home/seva/UCU/AutomatedDataPipelines/Homework1/venv/lib/python3.10/site-packages/airflow/example_dags/plugins/workday.py for tasks to queue
[2023-11-30T02:18:00.567+0200] {logging_mixin.py:154} INFO - [2023-11-30T02:18:00.566+0200] {dagbag.py:536} INFO - Filling up the DagBag from /home/seva/UCU/AutomatedDataPipelines/Homework1/venv/lib/python3.10/site-packages/airflow/example_dags/plugins/workday.py
[2023-11-30T02:18:00.570+0200] {logging_mixin.py:154} INFO - [2023-11-30T02:18:00.570+0200] {workday.py:36} WARNING - Could not import pandas. Holidays will not be considered.
[2023-11-30T02:18:00.570+0200] {processor.py:841} WARNING - No viable dags retrieved from /home/seva/UCU/AutomatedDataPipelines/Homework1/venv/lib/python3.10/site-packages/airflow/example_dags/plugins/workday.py
[2023-11-30T02:18:00.581+0200] {processor.py:179} INFO - Processing /home/seva/UCU/AutomatedDataPipelines/Homework1/venv/lib/python3.10/site-packages/airflow/example_dags/plugins/workday.py took 0.031 seconds
[2023-11-30T02:18:54.809+0200] {processor.py:157} INFO - Started process (PID=2410) to work on /home/seva/UCU/AutomatedDataPipelines/Homework1/venv/lib/python3.10/site-packages/airflow/example_dags/plugins/workday.py
[2023-11-30T02:18:54.821+0200] {processor.py:829} INFO - Processing file /home/seva/UCU/AutomatedDataPipelines/Homework1/venv/lib/python3.10/site-packages/airflow/example_dags/plugins/workday.py for tasks to queue
[2023-11-30T02:18:54.822+0200] {logging_mixin.py:154} INFO - [2023-11-30T02:18:54.822+0200] {dagbag.py:536} INFO - Filling up the DagBag from /home/seva/UCU/AutomatedDataPipelines/Homework1/venv/lib/python3.10/site-packages/airflow/example_dags/plugins/workday.py
[2023-11-30T02:18:54.825+0200] {logging_mixin.py:154} INFO - [2023-11-30T02:18:54.825+0200] {workday.py:36} WARNING - Could not import pandas. Holidays will not be considered.
[2023-11-30T02:18:54.825+0200] {processor.py:841} WARNING - No viable dags retrieved from /home/seva/UCU/AutomatedDataPipelines/Homework1/venv/lib/python3.10/site-packages/airflow/example_dags/plugins/workday.py
[2023-11-30T02:18:54.834+0200] {processor.py:179} INFO - Processing /home/seva/UCU/AutomatedDataPipelines/Homework1/venv/lib/python3.10/site-packages/airflow/example_dags/plugins/workday.py took 0.027 seconds
[2023-11-30T02:19:41.184+0200] {processor.py:157} INFO - Started process (PID=2593) to work on /home/seva/UCU/AutomatedDataPipelines/Homework1/venv/lib/python3.10/site-packages/airflow/example_dags/plugins/workday.py
[2023-11-30T02:19:41.186+0200] {processor.py:829} INFO - Processing file /home/seva/UCU/AutomatedDataPipelines/Homework1/venv/lib/python3.10/site-packages/airflow/example_dags/plugins/workday.py for tasks to queue
[2023-11-30T02:19:41.187+0200] {logging_mixin.py:154} INFO - [2023-11-30T02:19:41.186+0200] {dagbag.py:536} INFO - Filling up the DagBag from /home/seva/UCU/AutomatedDataPipelines/Homework1/venv/lib/python3.10/site-packages/airflow/example_dags/plugins/workday.py
[2023-11-30T02:19:41.189+0200] {logging_mixin.py:154} INFO - [2023-11-30T02:19:41.189+0200] {workday.py:36} WARNING - Could not import pandas. Holidays will not be considered.
[2023-11-30T02:19:41.189+0200] {processor.py:841} WARNING - No viable dags retrieved from /home/seva/UCU/AutomatedDataPipelines/Homework1/venv/lib/python3.10/site-packages/airflow/example_dags/plugins/workday.py
[2023-11-30T02:19:41.198+0200] {processor.py:179} INFO - Processing /home/seva/UCU/AutomatedDataPipelines/Homework1/venv/lib/python3.10/site-packages/airflow/example_dags/plugins/workday.py took 0.018 seconds
[2023-11-30T02:20:39.613+0200] {processor.py:157} INFO - Started process (PID=2820) to work on /home/seva/UCU/AutomatedDataPipelines/Homework1/venv/lib/python3.10/site-packages/airflow/example_dags/plugins/workday.py
[2023-11-30T02:20:39.625+0200] {processor.py:829} INFO - Processing file /home/seva/UCU/AutomatedDataPipelines/Homework1/venv/lib/python3.10/site-packages/airflow/example_dags/plugins/workday.py for tasks to queue
[2023-11-30T02:20:39.626+0200] {logging_mixin.py:154} INFO - [2023-11-30T02:20:39.626+0200] {dagbag.py:536} INFO - Filling up the DagBag from /home/seva/UCU/AutomatedDataPipelines/Homework1/venv/lib/python3.10/site-packages/airflow/example_dags/plugins/workday.py
[2023-11-30T02:20:39.629+0200] {logging_mixin.py:154} INFO - [2023-11-30T02:20:39.629+0200] {workday.py:36} WARNING - Could not import pandas. Holidays will not be considered.
[2023-11-30T02:20:39.629+0200] {processor.py:841} WARNING - No viable dags retrieved from /home/seva/UCU/AutomatedDataPipelines/Homework1/venv/lib/python3.10/site-packages/airflow/example_dags/plugins/workday.py
[2023-11-30T02:20:39.638+0200] {processor.py:179} INFO - Processing /home/seva/UCU/AutomatedDataPipelines/Homework1/venv/lib/python3.10/site-packages/airflow/example_dags/plugins/workday.py took 0.028 seconds
[2023-11-30T02:21:26.194+0200] {processor.py:157} INFO - Started process (PID=3007) to work on /home/seva/UCU/AutomatedDataPipelines/Homework1/venv/lib/python3.10/site-packages/airflow/example_dags/plugins/workday.py
[2023-11-30T02:21:26.207+0200] {processor.py:829} INFO - Processing file /home/seva/UCU/AutomatedDataPipelines/Homework1/venv/lib/python3.10/site-packages/airflow/example_dags/plugins/workday.py for tasks to queue
[2023-11-30T02:21:26.207+0200] {logging_mixin.py:154} INFO - [2023-11-30T02:21:26.207+0200] {dagbag.py:536} INFO - Filling up the DagBag from /home/seva/UCU/AutomatedDataPipelines/Homework1/venv/lib/python3.10/site-packages/airflow/example_dags/plugins/workday.py
[2023-11-30T02:21:26.210+0200] {logging_mixin.py:154} INFO - [2023-11-30T02:21:26.210+0200] {workday.py:36} WARNING - Could not import pandas. Holidays will not be considered.
[2023-11-30T02:21:26.210+0200] {processor.py:841} WARNING - No viable dags retrieved from /home/seva/UCU/AutomatedDataPipelines/Homework1/venv/lib/python3.10/site-packages/airflow/example_dags/plugins/workday.py
[2023-11-30T02:21:26.219+0200] {processor.py:179} INFO - Processing /home/seva/UCU/AutomatedDataPipelines/Homework1/venv/lib/python3.10/site-packages/airflow/example_dags/plugins/workday.py took 0.028 seconds
[2023-11-30T02:22:22.101+0200] {processor.py:157} INFO - Started process (PID=3231) to work on /home/seva/UCU/AutomatedDataPipelines/Homework1/venv/lib/python3.10/site-packages/airflow/example_dags/plugins/workday.py
[2023-11-30T02:22:22.113+0200] {processor.py:829} INFO - Processing file /home/seva/UCU/AutomatedDataPipelines/Homework1/venv/lib/python3.10/site-packages/airflow/example_dags/plugins/workday.py for tasks to queue
[2023-11-30T02:22:22.114+0200] {logging_mixin.py:154} INFO - [2023-11-30T02:22:22.114+0200] {dagbag.py:536} INFO - Filling up the DagBag from /home/seva/UCU/AutomatedDataPipelines/Homework1/venv/lib/python3.10/site-packages/airflow/example_dags/plugins/workday.py
[2023-11-30T02:22:22.116+0200] {logging_mixin.py:154} INFO - [2023-11-30T02:22:22.116+0200] {workday.py:36} WARNING - Could not import pandas. Holidays will not be considered.
[2023-11-30T02:22:22.117+0200] {processor.py:841} WARNING - No viable dags retrieved from /home/seva/UCU/AutomatedDataPipelines/Homework1/venv/lib/python3.10/site-packages/airflow/example_dags/plugins/workday.py
[2023-11-30T02:22:22.126+0200] {processor.py:179} INFO - Processing /home/seva/UCU/AutomatedDataPipelines/Homework1/venv/lib/python3.10/site-packages/airflow/example_dags/plugins/workday.py took 0.027 seconds
[2023-11-30T02:23:09.980+0200] {processor.py:157} INFO - Started process (PID=3417) to work on /home/seva/UCU/AutomatedDataPipelines/Homework1/venv/lib/python3.10/site-packages/airflow/example_dags/plugins/workday.py
[2023-11-30T02:23:09.992+0200] {processor.py:829} INFO - Processing file /home/seva/UCU/AutomatedDataPipelines/Homework1/venv/lib/python3.10/site-packages/airflow/example_dags/plugins/workday.py for tasks to queue
[2023-11-30T02:23:09.994+0200] {logging_mixin.py:154} INFO - [2023-11-30T02:23:09.993+0200] {dagbag.py:536} INFO - Filling up the DagBag from /home/seva/UCU/AutomatedDataPipelines/Homework1/venv/lib/python3.10/site-packages/airflow/example_dags/plugins/workday.py
[2023-11-30T02:23:09.997+0200] {logging_mixin.py:154} INFO - [2023-11-30T02:23:09.997+0200] {workday.py:36} WARNING - Could not import pandas. Holidays will not be considered.
[2023-11-30T02:23:09.997+0200] {processor.py:841} WARNING - No viable dags retrieved from /home/seva/UCU/AutomatedDataPipelines/Homework1/venv/lib/python3.10/site-packages/airflow/example_dags/plugins/workday.py
[2023-11-30T02:23:10.006+0200] {processor.py:179} INFO - Processing /home/seva/UCU/AutomatedDataPipelines/Homework1/venv/lib/python3.10/site-packages/airflow/example_dags/plugins/workday.py took 0.029 seconds
[2023-11-30T02:24:08.093+0200] {processor.py:157} INFO - Started process (PID=3646) to work on /home/seva/UCU/AutomatedDataPipelines/Homework1/venv/lib/python3.10/site-packages/airflow/example_dags/plugins/workday.py
[2023-11-30T02:24:08.105+0200] {processor.py:829} INFO - Processing file /home/seva/UCU/AutomatedDataPipelines/Homework1/venv/lib/python3.10/site-packages/airflow/example_dags/plugins/workday.py for tasks to queue
[2023-11-30T02:24:08.106+0200] {logging_mixin.py:154} INFO - [2023-11-30T02:24:08.106+0200] {dagbag.py:536} INFO - Filling up the DagBag from /home/seva/UCU/AutomatedDataPipelines/Homework1/venv/lib/python3.10/site-packages/airflow/example_dags/plugins/workday.py
[2023-11-30T02:24:08.108+0200] {logging_mixin.py:154} INFO - [2023-11-30T02:24:08.108+0200] {workday.py:36} WARNING - Could not import pandas. Holidays will not be considered.
[2023-11-30T02:24:08.109+0200] {processor.py:841} WARNING - No viable dags retrieved from /home/seva/UCU/AutomatedDataPipelines/Homework1/venv/lib/python3.10/site-packages/airflow/example_dags/plugins/workday.py
[2023-11-30T02:24:08.118+0200] {processor.py:179} INFO - Processing /home/seva/UCU/AutomatedDataPipelines/Homework1/venv/lib/python3.10/site-packages/airflow/example_dags/plugins/workday.py took 0.028 seconds
[2023-11-30T02:24:57.754+0200] {processor.py:157} INFO - Started process (PID=3840) to work on /home/seva/UCU/AutomatedDataPipelines/Homework1/venv/lib/python3.10/site-packages/airflow/example_dags/plugins/workday.py
[2023-11-30T02:24:57.765+0200] {processor.py:829} INFO - Processing file /home/seva/UCU/AutomatedDataPipelines/Homework1/venv/lib/python3.10/site-packages/airflow/example_dags/plugins/workday.py for tasks to queue
[2023-11-30T02:24:57.766+0200] {logging_mixin.py:154} INFO - [2023-11-30T02:24:57.765+0200] {dagbag.py:536} INFO - Filling up the DagBag from /home/seva/UCU/AutomatedDataPipelines/Homework1/venv/lib/python3.10/site-packages/airflow/example_dags/plugins/workday.py
[2023-11-30T02:24:57.768+0200] {logging_mixin.py:154} INFO - [2023-11-30T02:24:57.768+0200] {workday.py:36} WARNING - Could not import pandas. Holidays will not be considered.
[2023-11-30T02:24:57.769+0200] {processor.py:841} WARNING - No viable dags retrieved from /home/seva/UCU/AutomatedDataPipelines/Homework1/venv/lib/python3.10/site-packages/airflow/example_dags/plugins/workday.py
[2023-11-30T02:24:57.777+0200] {processor.py:179} INFO - Processing /home/seva/UCU/AutomatedDataPipelines/Homework1/venv/lib/python3.10/site-packages/airflow/example_dags/plugins/workday.py took 0.027 seconds
[2023-11-30T02:25:40.175+0200] {processor.py:157} INFO - Started process (PID=4012) to work on /home/seva/UCU/AutomatedDataPipelines/Homework1/venv/lib/python3.10/site-packages/airflow/example_dags/plugins/workday.py
[2023-11-30T02:25:40.187+0200] {processor.py:829} INFO - Processing file /home/seva/UCU/AutomatedDataPipelines/Homework1/venv/lib/python3.10/site-packages/airflow/example_dags/plugins/workday.py for tasks to queue
[2023-11-30T02:25:40.188+0200] {logging_mixin.py:154} INFO - [2023-11-30T02:25:40.188+0200] {dagbag.py:536} INFO - Filling up the DagBag from /home/seva/UCU/AutomatedDataPipelines/Homework1/venv/lib/python3.10/site-packages/airflow/example_dags/plugins/workday.py
[2023-11-30T02:25:40.190+0200] {logging_mixin.py:154} INFO - [2023-11-30T02:25:40.190+0200] {workday.py:36} WARNING - Could not import pandas. Holidays will not be considered.
[2023-11-30T02:25:40.191+0200] {processor.py:841} WARNING - No viable dags retrieved from /home/seva/UCU/AutomatedDataPipelines/Homework1/venv/lib/python3.10/site-packages/airflow/example_dags/plugins/workday.py
[2023-11-30T02:25:40.200+0200] {processor.py:179} INFO - Processing /home/seva/UCU/AutomatedDataPipelines/Homework1/venv/lib/python3.10/site-packages/airflow/example_dags/plugins/workday.py took 0.029 seconds
[2023-11-30T02:26:40.924+0200] {processor.py:157} INFO - Started process (PID=4247) to work on /home/seva/UCU/AutomatedDataPipelines/Homework1/venv/lib/python3.10/site-packages/airflow/example_dags/plugins/workday.py
[2023-11-30T02:26:40.936+0200] {processor.py:829} INFO - Processing file /home/seva/UCU/AutomatedDataPipelines/Homework1/venv/lib/python3.10/site-packages/airflow/example_dags/plugins/workday.py for tasks to queue
[2023-11-30T02:26:40.937+0200] {logging_mixin.py:154} INFO - [2023-11-30T02:26:40.937+0200] {dagbag.py:536} INFO - Filling up the DagBag from /home/seva/UCU/AutomatedDataPipelines/Homework1/venv/lib/python3.10/site-packages/airflow/example_dags/plugins/workday.py
[2023-11-30T02:26:40.940+0200] {logging_mixin.py:154} INFO - [2023-11-30T02:26:40.939+0200] {workday.py:36} WARNING - Could not import pandas. Holidays will not be considered.
[2023-11-30T02:26:40.940+0200] {processor.py:841} WARNING - No viable dags retrieved from /home/seva/UCU/AutomatedDataPipelines/Homework1/venv/lib/python3.10/site-packages/airflow/example_dags/plugins/workday.py
[2023-11-30T02:26:40.949+0200] {processor.py:179} INFO - Processing /home/seva/UCU/AutomatedDataPipelines/Homework1/venv/lib/python3.10/site-packages/airflow/example_dags/plugins/workday.py took 0.029 seconds
[2023-11-30T02:27:32.206+0200] {processor.py:157} INFO - Started process (PID=4451) to work on /home/seva/UCU/AutomatedDataPipelines/Homework1/venv/lib/python3.10/site-packages/airflow/example_dags/plugins/workday.py
[2023-11-30T02:27:32.218+0200] {processor.py:829} INFO - Processing file /home/seva/UCU/AutomatedDataPipelines/Homework1/venv/lib/python3.10/site-packages/airflow/example_dags/plugins/workday.py for tasks to queue
[2023-11-30T02:27:32.219+0200] {logging_mixin.py:154} INFO - [2023-11-30T02:27:32.219+0200] {dagbag.py:536} INFO - Filling up the DagBag from /home/seva/UCU/AutomatedDataPipelines/Homework1/venv/lib/python3.10/site-packages/airflow/example_dags/plugins/workday.py
[2023-11-30T02:27:32.221+0200] {logging_mixin.py:154} INFO - [2023-11-30T02:27:32.221+0200] {workday.py:36} WARNING - Could not import pandas. Holidays will not be considered.
[2023-11-30T02:27:32.222+0200] {processor.py:841} WARNING - No viable dags retrieved from /home/seva/UCU/AutomatedDataPipelines/Homework1/venv/lib/python3.10/site-packages/airflow/example_dags/plugins/workday.py
[2023-11-30T02:27:32.230+0200] {processor.py:179} INFO - Processing /home/seva/UCU/AutomatedDataPipelines/Homework1/venv/lib/python3.10/site-packages/airflow/example_dags/plugins/workday.py took 0.028 seconds
[2023-11-30T02:28:20.004+0200] {processor.py:157} INFO - Started process (PID=4637) to work on /home/seva/UCU/AutomatedDataPipelines/Homework1/venv/lib/python3.10/site-packages/airflow/example_dags/plugins/workday.py
[2023-11-30T02:28:20.007+0200] {processor.py:829} INFO - Processing file /home/seva/UCU/AutomatedDataPipelines/Homework1/venv/lib/python3.10/site-packages/airflow/example_dags/plugins/workday.py for tasks to queue
[2023-11-30T02:28:20.008+0200] {logging_mixin.py:154} INFO - [2023-11-30T02:28:20.007+0200] {dagbag.py:536} INFO - Filling up the DagBag from /home/seva/UCU/AutomatedDataPipelines/Homework1/venv/lib/python3.10/site-packages/airflow/example_dags/plugins/workday.py
[2023-11-30T02:28:20.010+0200] {logging_mixin.py:154} INFO - [2023-11-30T02:28:20.010+0200] {workday.py:36} WARNING - Could not import pandas. Holidays will not be considered.
[2023-11-30T02:28:20.011+0200] {processor.py:841} WARNING - No viable dags retrieved from /home/seva/UCU/AutomatedDataPipelines/Homework1/venv/lib/python3.10/site-packages/airflow/example_dags/plugins/workday.py
[2023-11-30T02:28:20.020+0200] {processor.py:179} INFO - Processing /home/seva/UCU/AutomatedDataPipelines/Homework1/venv/lib/python3.10/site-packages/airflow/example_dags/plugins/workday.py took 0.018 seconds
[2023-11-30T02:29:17.111+0200] {processor.py:157} INFO - Started process (PID=4867) to work on /home/seva/UCU/AutomatedDataPipelines/Homework1/venv/lib/python3.10/site-packages/airflow/example_dags/plugins/workday.py
[2023-11-30T02:29:17.113+0200] {processor.py:829} INFO - Processing file /home/seva/UCU/AutomatedDataPipelines/Homework1/venv/lib/python3.10/site-packages/airflow/example_dags/plugins/workday.py for tasks to queue
[2023-11-30T02:29:17.114+0200] {logging_mixin.py:154} INFO - [2023-11-30T02:29:17.113+0200] {dagbag.py:536} INFO - Filling up the DagBag from /home/seva/UCU/AutomatedDataPipelines/Homework1/venv/lib/python3.10/site-packages/airflow/example_dags/plugins/workday.py
[2023-11-30T02:29:17.117+0200] {logging_mixin.py:154} INFO - [2023-11-30T02:29:17.117+0200] {workday.py:36} WARNING - Could not import pandas. Holidays will not be considered.
[2023-11-30T02:29:17.117+0200] {processor.py:841} WARNING - No viable dags retrieved from /home/seva/UCU/AutomatedDataPipelines/Homework1/venv/lib/python3.10/site-packages/airflow/example_dags/plugins/workday.py
[2023-11-30T02:29:17.127+0200] {processor.py:179} INFO - Processing /home/seva/UCU/AutomatedDataPipelines/Homework1/venv/lib/python3.10/site-packages/airflow/example_dags/plugins/workday.py took 0.018 seconds
[2023-11-30T02:30:01.753+0200] {processor.py:157} INFO - Started process (PID=5041) to work on /home/seva/UCU/AutomatedDataPipelines/Homework1/venv/lib/python3.10/site-packages/airflow/example_dags/plugins/workday.py
[2023-11-30T02:30:01.756+0200] {processor.py:829} INFO - Processing file /home/seva/UCU/AutomatedDataPipelines/Homework1/venv/lib/python3.10/site-packages/airflow/example_dags/plugins/workday.py for tasks to queue
[2023-11-30T02:30:01.757+0200] {logging_mixin.py:154} INFO - [2023-11-30T02:30:01.756+0200] {dagbag.py:536} INFO - Filling up the DagBag from /home/seva/UCU/AutomatedDataPipelines/Homework1/venv/lib/python3.10/site-packages/airflow/example_dags/plugins/workday.py
[2023-11-30T02:30:01.759+0200] {logging_mixin.py:154} INFO - [2023-11-30T02:30:01.759+0200] {workday.py:36} WARNING - Could not import pandas. Holidays will not be considered.
[2023-11-30T02:30:01.759+0200] {processor.py:841} WARNING - No viable dags retrieved from /home/seva/UCU/AutomatedDataPipelines/Homework1/venv/lib/python3.10/site-packages/airflow/example_dags/plugins/workday.py
[2023-11-30T02:30:01.768+0200] {processor.py:179} INFO - Processing /home/seva/UCU/AutomatedDataPipelines/Homework1/venv/lib/python3.10/site-packages/airflow/example_dags/plugins/workday.py took 0.017 seconds
[2023-11-30T02:30:47.954+0200] {processor.py:157} INFO - Started process (PID=5227) to work on /home/seva/UCU/AutomatedDataPipelines/Homework1/venv/lib/python3.10/site-packages/airflow/example_dags/plugins/workday.py
[2023-11-30T02:30:47.966+0200] {processor.py:829} INFO - Processing file /home/seva/UCU/AutomatedDataPipelines/Homework1/venv/lib/python3.10/site-packages/airflow/example_dags/plugins/workday.py for tasks to queue
[2023-11-30T02:30:47.967+0200] {logging_mixin.py:154} INFO - [2023-11-30T02:30:47.967+0200] {dagbag.py:536} INFO - Filling up the DagBag from /home/seva/UCU/AutomatedDataPipelines/Homework1/venv/lib/python3.10/site-packages/airflow/example_dags/plugins/workday.py
[2023-11-30T02:30:47.971+0200] {logging_mixin.py:154} INFO - [2023-11-30T02:30:47.971+0200] {workday.py:36} WARNING - Could not import pandas. Holidays will not be considered.
[2023-11-30T02:30:47.972+0200] {processor.py:841} WARNING - No viable dags retrieved from /home/seva/UCU/AutomatedDataPipelines/Homework1/venv/lib/python3.10/site-packages/airflow/example_dags/plugins/workday.py
[2023-11-30T02:30:47.982+0200] {processor.py:179} INFO - Processing /home/seva/UCU/AutomatedDataPipelines/Homework1/venv/lib/python3.10/site-packages/airflow/example_dags/plugins/workday.py took 0.031 seconds
[2023-11-30T02:31:34.520+0200] {processor.py:157} INFO - Started process (PID=5407) to work on /home/seva/UCU/AutomatedDataPipelines/Homework1/venv/lib/python3.10/site-packages/airflow/example_dags/plugins/workday.py
[2023-11-30T02:31:34.532+0200] {processor.py:829} INFO - Processing file /home/seva/UCU/AutomatedDataPipelines/Homework1/venv/lib/python3.10/site-packages/airflow/example_dags/plugins/workday.py for tasks to queue
[2023-11-30T02:31:34.533+0200] {logging_mixin.py:154} INFO - [2023-11-30T02:31:34.533+0200] {dagbag.py:536} INFO - Filling up the DagBag from /home/seva/UCU/AutomatedDataPipelines/Homework1/venv/lib/python3.10/site-packages/airflow/example_dags/plugins/workday.py
[2023-11-30T02:31:34.536+0200] {logging_mixin.py:154} INFO - [2023-11-30T02:31:34.536+0200] {workday.py:36} WARNING - Could not import pandas. Holidays will not be considered.
[2023-11-30T02:31:34.537+0200] {processor.py:841} WARNING - No viable dags retrieved from /home/seva/UCU/AutomatedDataPipelines/Homework1/venv/lib/python3.10/site-packages/airflow/example_dags/plugins/workday.py
[2023-11-30T02:31:34.545+0200] {processor.py:179} INFO - Processing /home/seva/UCU/AutomatedDataPipelines/Homework1/venv/lib/python3.10/site-packages/airflow/example_dags/plugins/workday.py took 0.027 seconds
[2023-11-30T02:32:32.889+0200] {processor.py:157} INFO - Started process (PID=5662) to work on /home/seva/UCU/AutomatedDataPipelines/Homework1/venv/lib/python3.10/site-packages/airflow/example_dags/plugins/workday.py
[2023-11-30T02:32:32.891+0200] {processor.py:829} INFO - Processing file /home/seva/UCU/AutomatedDataPipelines/Homework1/venv/lib/python3.10/site-packages/airflow/example_dags/plugins/workday.py for tasks to queue
[2023-11-30T02:32:32.893+0200] {logging_mixin.py:154} INFO - [2023-11-30T02:32:32.892+0200] {dagbag.py:536} INFO - Filling up the DagBag from /home/seva/UCU/AutomatedDataPipelines/Homework1/venv/lib/python3.10/site-packages/airflow/example_dags/plugins/workday.py
[2023-11-30T02:32:32.895+0200] {logging_mixin.py:154} INFO - [2023-11-30T02:32:32.895+0200] {workday.py:36} WARNING - Could not import pandas. Holidays will not be considered.
[2023-11-30T02:32:32.896+0200] {processor.py:841} WARNING - No viable dags retrieved from /home/seva/UCU/AutomatedDataPipelines/Homework1/venv/lib/python3.10/site-packages/airflow/example_dags/plugins/workday.py
[2023-11-30T02:32:32.905+0200] {processor.py:179} INFO - Processing /home/seva/UCU/AutomatedDataPipelines/Homework1/venv/lib/python3.10/site-packages/airflow/example_dags/plugins/workday.py took 0.019 seconds
[2023-11-30T02:33:20.316+0200] {processor.py:157} INFO - Started process (PID=5851) to work on /home/seva/UCU/AutomatedDataPipelines/Homework1/venv/lib/python3.10/site-packages/airflow/example_dags/plugins/workday.py
[2023-11-30T02:33:20.328+0200] {processor.py:829} INFO - Processing file /home/seva/UCU/AutomatedDataPipelines/Homework1/venv/lib/python3.10/site-packages/airflow/example_dags/plugins/workday.py for tasks to queue
[2023-11-30T02:33:20.329+0200] {logging_mixin.py:154} INFO - [2023-11-30T02:33:20.329+0200] {dagbag.py:536} INFO - Filling up the DagBag from /home/seva/UCU/AutomatedDataPipelines/Homework1/venv/lib/python3.10/site-packages/airflow/example_dags/plugins/workday.py
[2023-11-30T02:33:20.332+0200] {logging_mixin.py:154} INFO - [2023-11-30T02:33:20.332+0200] {workday.py:36} WARNING - Could not import pandas. Holidays will not be considered.
[2023-11-30T02:33:20.332+0200] {processor.py:841} WARNING - No viable dags retrieved from /home/seva/UCU/AutomatedDataPipelines/Homework1/venv/lib/python3.10/site-packages/airflow/example_dags/plugins/workday.py
[2023-11-30T02:33:20.342+0200] {processor.py:179} INFO - Processing /home/seva/UCU/AutomatedDataPipelines/Homework1/venv/lib/python3.10/site-packages/airflow/example_dags/plugins/workday.py took 0.028 seconds
[2023-11-30T02:34:07.213+0200] {processor.py:157} INFO - Started process (PID=6037) to work on /home/seva/UCU/AutomatedDataPipelines/Homework1/venv/lib/python3.10/site-packages/airflow/example_dags/plugins/workday.py
[2023-11-30T02:34:07.225+0200] {processor.py:829} INFO - Processing file /home/seva/UCU/AutomatedDataPipelines/Homework1/venv/lib/python3.10/site-packages/airflow/example_dags/plugins/workday.py for tasks to queue
[2023-11-30T02:34:07.226+0200] {logging_mixin.py:154} INFO - [2023-11-30T02:34:07.226+0200] {dagbag.py:536} INFO - Filling up the DagBag from /home/seva/UCU/AutomatedDataPipelines/Homework1/venv/lib/python3.10/site-packages/airflow/example_dags/plugins/workday.py
[2023-11-30T02:34:07.229+0200] {logging_mixin.py:154} INFO - [2023-11-30T02:34:07.229+0200] {workday.py:36} WARNING - Could not import pandas. Holidays will not be considered.
[2023-11-30T02:34:07.230+0200] {processor.py:841} WARNING - No viable dags retrieved from /home/seva/UCU/AutomatedDataPipelines/Homework1/venv/lib/python3.10/site-packages/airflow/example_dags/plugins/workday.py
[2023-11-30T02:34:07.240+0200] {processor.py:179} INFO - Processing /home/seva/UCU/AutomatedDataPipelines/Homework1/venv/lib/python3.10/site-packages/airflow/example_dags/plugins/workday.py took 0.030 seconds
[2023-11-30T02:34:58.124+0200] {processor.py:157} INFO - Started process (PID=6241) to work on /home/seva/UCU/AutomatedDataPipelines/Homework1/venv/lib/python3.10/site-packages/airflow/example_dags/plugins/workday.py
[2023-11-30T02:34:58.136+0200] {processor.py:829} INFO - Processing file /home/seva/UCU/AutomatedDataPipelines/Homework1/venv/lib/python3.10/site-packages/airflow/example_dags/plugins/workday.py for tasks to queue
[2023-11-30T02:34:58.137+0200] {logging_mixin.py:154} INFO - [2023-11-30T02:34:58.137+0200] {dagbag.py:536} INFO - Filling up the DagBag from /home/seva/UCU/AutomatedDataPipelines/Homework1/venv/lib/python3.10/site-packages/airflow/example_dags/plugins/workday.py
[2023-11-30T02:34:58.141+0200] {logging_mixin.py:154} INFO - [2023-11-30T02:34:58.140+0200] {workday.py:36} WARNING - Could not import pandas. Holidays will not be considered.
[2023-11-30T02:34:58.141+0200] {processor.py:841} WARNING - No viable dags retrieved from /home/seva/UCU/AutomatedDataPipelines/Homework1/venv/lib/python3.10/site-packages/airflow/example_dags/plugins/workday.py
[2023-11-30T02:34:58.151+0200] {processor.py:179} INFO - Processing /home/seva/UCU/AutomatedDataPipelines/Homework1/venv/lib/python3.10/site-packages/airflow/example_dags/plugins/workday.py took 0.031 seconds
[2023-11-30T02:35:44.625+0200] {processor.py:157} INFO - Started process (PID=6428) to work on /home/seva/UCU/AutomatedDataPipelines/Homework1/venv/lib/python3.10/site-packages/airflow/example_dags/plugins/workday.py
[2023-11-30T02:35:44.637+0200] {processor.py:829} INFO - Processing file /home/seva/UCU/AutomatedDataPipelines/Homework1/venv/lib/python3.10/site-packages/airflow/example_dags/plugins/workday.py for tasks to queue
[2023-11-30T02:35:44.638+0200] {logging_mixin.py:154} INFO - [2023-11-30T02:35:44.638+0200] {dagbag.py:536} INFO - Filling up the DagBag from /home/seva/UCU/AutomatedDataPipelines/Homework1/venv/lib/python3.10/site-packages/airflow/example_dags/plugins/workday.py
[2023-11-30T02:35:44.641+0200] {logging_mixin.py:154} INFO - [2023-11-30T02:35:44.641+0200] {workday.py:36} WARNING - Could not import pandas. Holidays will not be considered.
[2023-11-30T02:35:44.641+0200] {processor.py:841} WARNING - No viable dags retrieved from /home/seva/UCU/AutomatedDataPipelines/Homework1/venv/lib/python3.10/site-packages/airflow/example_dags/plugins/workday.py
[2023-11-30T02:35:44.650+0200] {processor.py:179} INFO - Processing /home/seva/UCU/AutomatedDataPipelines/Homework1/venv/lib/python3.10/site-packages/airflow/example_dags/plugins/workday.py took 0.029 seconds
[2023-11-30T02:36:29.773+0200] {processor.py:157} INFO - Started process (PID=6605) to work on /home/seva/UCU/AutomatedDataPipelines/Homework1/venv/lib/python3.10/site-packages/airflow/example_dags/plugins/workday.py
[2023-11-30T02:36:29.786+0200] {processor.py:829} INFO - Processing file /home/seva/UCU/AutomatedDataPipelines/Homework1/venv/lib/python3.10/site-packages/airflow/example_dags/plugins/workday.py for tasks to queue
[2023-11-30T02:36:29.787+0200] {logging_mixin.py:154} INFO - [2023-11-30T02:36:29.786+0200] {dagbag.py:536} INFO - Filling up the DagBag from /home/seva/UCU/AutomatedDataPipelines/Homework1/venv/lib/python3.10/site-packages/airflow/example_dags/plugins/workday.py
[2023-11-30T02:36:29.790+0200] {logging_mixin.py:154} INFO - [2023-11-30T02:36:29.789+0200] {workday.py:36} WARNING - Could not import pandas. Holidays will not be considered.
[2023-11-30T02:36:29.790+0200] {processor.py:841} WARNING - No viable dags retrieved from /home/seva/UCU/AutomatedDataPipelines/Homework1/venv/lib/python3.10/site-packages/airflow/example_dags/plugins/workday.py
[2023-11-30T02:36:29.801+0200] {processor.py:179} INFO - Processing /home/seva/UCU/AutomatedDataPipelines/Homework1/venv/lib/python3.10/site-packages/airflow/example_dags/plugins/workday.py took 0.031 seconds
[2023-11-30T02:37:18.316+0200] {processor.py:157} INFO - Started process (PID=6800) to work on /home/seva/UCU/AutomatedDataPipelines/Homework1/venv/lib/python3.10/site-packages/airflow/example_dags/plugins/workday.py
[2023-11-30T02:37:18.319+0200] {processor.py:829} INFO - Processing file /home/seva/UCU/AutomatedDataPipelines/Homework1/venv/lib/python3.10/site-packages/airflow/example_dags/plugins/workday.py for tasks to queue
[2023-11-30T02:37:18.320+0200] {logging_mixin.py:154} INFO - [2023-11-30T02:37:18.319+0200] {dagbag.py:536} INFO - Filling up the DagBag from /home/seva/UCU/AutomatedDataPipelines/Homework1/venv/lib/python3.10/site-packages/airflow/example_dags/plugins/workday.py
[2023-11-30T02:37:18.323+0200] {logging_mixin.py:154} INFO - [2023-11-30T02:37:18.323+0200] {workday.py:36} WARNING - Could not import pandas. Holidays will not be considered.
[2023-11-30T02:37:18.323+0200] {processor.py:841} WARNING - No viable dags retrieved from /home/seva/UCU/AutomatedDataPipelines/Homework1/venv/lib/python3.10/site-packages/airflow/example_dags/plugins/workday.py
[2023-11-30T02:37:18.336+0200] {processor.py:179} INFO - Processing /home/seva/UCU/AutomatedDataPipelines/Homework1/venv/lib/python3.10/site-packages/airflow/example_dags/plugins/workday.py took 0.023 seconds
[2023-11-30T02:38:07.975+0200] {processor.py:157} INFO - Started process (PID=6996) to work on /home/seva/UCU/AutomatedDataPipelines/Homework1/venv/lib/python3.10/site-packages/airflow/example_dags/plugins/workday.py
[2023-11-30T02:38:07.987+0200] {processor.py:829} INFO - Processing file /home/seva/UCU/AutomatedDataPipelines/Homework1/venv/lib/python3.10/site-packages/airflow/example_dags/plugins/workday.py for tasks to queue
[2023-11-30T02:38:07.988+0200] {logging_mixin.py:154} INFO - [2023-11-30T02:38:07.987+0200] {dagbag.py:536} INFO - Filling up the DagBag from /home/seva/UCU/AutomatedDataPipelines/Homework1/venv/lib/python3.10/site-packages/airflow/example_dags/plugins/workday.py
[2023-11-30T02:38:07.990+0200] {logging_mixin.py:154} INFO - [2023-11-30T02:38:07.990+0200] {workday.py:36} WARNING - Could not import pandas. Holidays will not be considered.
[2023-11-30T02:38:07.991+0200] {processor.py:841} WARNING - No viable dags retrieved from /home/seva/UCU/AutomatedDataPipelines/Homework1/venv/lib/python3.10/site-packages/airflow/example_dags/plugins/workday.py
[2023-11-30T02:38:08.000+0200] {processor.py:179} INFO - Processing /home/seva/UCU/AutomatedDataPipelines/Homework1/venv/lib/python3.10/site-packages/airflow/example_dags/plugins/workday.py took 0.028 seconds
[2023-11-30T02:39:03.251+0200] {processor.py:157} INFO - Started process (PID=7432) to work on /home/seva/UCU/AutomatedDataPipelines/Homework1/venv/lib/python3.10/site-packages/airflow/example_dags/plugins/workday.py
[2023-11-30T02:39:03.253+0200] {processor.py:829} INFO - Processing file /home/seva/UCU/AutomatedDataPipelines/Homework1/venv/lib/python3.10/site-packages/airflow/example_dags/plugins/workday.py for tasks to queue
[2023-11-30T02:39:03.255+0200] {logging_mixin.py:154} INFO - [2023-11-30T02:39:03.254+0200] {dagbag.py:536} INFO - Filling up the DagBag from /home/seva/UCU/AutomatedDataPipelines/Homework1/venv/lib/python3.10/site-packages/airflow/example_dags/plugins/workday.py
[2023-11-30T02:39:03.258+0200] {logging_mixin.py:154} INFO - [2023-11-30T02:39:03.258+0200] {workday.py:36} WARNING - Could not import pandas. Holidays will not be considered.
[2023-11-30T02:39:03.258+0200] {processor.py:841} WARNING - No viable dags retrieved from /home/seva/UCU/AutomatedDataPipelines/Homework1/venv/lib/python3.10/site-packages/airflow/example_dags/plugins/workday.py
[2023-11-30T02:39:03.272+0200] {processor.py:179} INFO - Processing /home/seva/UCU/AutomatedDataPipelines/Homework1/venv/lib/python3.10/site-packages/airflow/example_dags/plugins/workday.py took 0.024 seconds
