[2023-11-30T13:00:03.160+0200] {taskinstance.py:1159} INFO - Dependencies all met for dep_context=non-requeueable deps ti=<TaskInstance: weather_data_pipeline.create_table scheduled__2023-11-30T10:00:00+00:00 [queued]>
[2023-11-30T13:00:03.166+0200] {taskinstance.py:1159} INFO - Dependencies all met for dep_context=requeueable deps ti=<TaskInstance: weather_data_pipeline.create_table scheduled__2023-11-30T10:00:00+00:00 [queued]>
[2023-11-30T13:00:03.166+0200] {taskinstance.py:1361} INFO - Starting attempt 1 of 1
[2023-11-30T13:00:03.186+0200] {taskinstance.py:1382} INFO - Executing <Task(PythonOperator): create_table> on 2023-11-30 10:00:00+00:00
[2023-11-30T13:00:03.190+0200] {standard_task_runner.py:57} INFO - Started process 20895 to run task
[2023-11-30T13:00:03.195+0200] {standard_task_runner.py:84} INFO - Running: ['airflow', 'tasks', 'run', 'weather_data_pipeline', 'create_table', 'scheduled__2023-11-30T10:00:00+00:00', '--job-id', '138', '--raw', '--subdir', 'DAGS_FOLDER/weather_pipeline.py', '--cfg-path', '/tmp/tmp_ky7vdwz']
[2023-11-30T13:00:03.196+0200] {standard_task_runner.py:85} INFO - Job 138: Subtask create_table
[2023-11-30T13:00:03.241+0200] {task_command.py:416} INFO - Running <TaskInstance: weather_data_pipeline.create_table scheduled__2023-11-30T10:00:00+00:00 [running]> on host DESKTOP-VD1PANR.
[2023-11-30T13:00:03.365+0200] {taskinstance.py:1662} INFO - Exporting env vars: AIRFLOW_CTX_DAG_OWNER='airflow' AIRFLOW_CTX_DAG_ID='weather_data_pipeline' AIRFLOW_CTX_TASK_ID='create_table' AIRFLOW_CTX_EXECUTION_DATE='2023-11-30T10:00:00+00:00' AIRFLOW_CTX_TRY_NUMBER='1' AIRFLOW_CTX_DAG_RUN_ID='scheduled__2023-11-30T10:00:00+00:00'
[2023-11-30T13:00:03.365+0200] {python.py:194} INFO - Done. Returned value was: None
[2023-11-30T13:00:03.369+0200] {taskinstance.py:1400} INFO - Marking task as SUCCESS. dag_id=weather_data_pipeline, task_id=create_table, execution_date=20231130T100000, start_date=20231130T110003, end_date=20231130T110003
[2023-11-30T13:00:03.420+0200] {local_task_job_runner.py:228} INFO - Task exited with return code 0
[2023-11-30T13:00:03.492+0200] {taskinstance.py:2778} INFO - 5 downstream tasks scheduled from follow-on schedule check
[2023-11-30T13:16:17.965+0200] {taskinstance.py:1159} INFO - Dependencies all met for dep_context=non-requeueable deps ti=<TaskInstance: weather_data_pipeline.create_table scheduled__2023-11-30T10:00:00+00:00 [queued]>
[2023-11-30T13:16:17.972+0200] {taskinstance.py:1159} INFO - Dependencies all met for dep_context=requeueable deps ti=<TaskInstance: weather_data_pipeline.create_table scheduled__2023-11-30T10:00:00+00:00 [queued]>
[2023-11-30T13:16:17.972+0200] {taskinstance.py:1361} INFO - Starting attempt 1 of 1
[2023-11-30T13:16:17.994+0200] {taskinstance.py:1382} INFO - Executing <Task(PythonOperator): create_table> on 2023-11-30 10:00:00+00:00
[2023-11-30T13:16:17.997+0200] {standard_task_runner.py:57} INFO - Started process 22818 to run task
[2023-11-30T13:16:18.002+0200] {standard_task_runner.py:84} INFO - Running: ['airflow', 'tasks', 'run', 'weather_data_pipeline', 'create_table', 'scheduled__2023-11-30T10:00:00+00:00', '--job-id', '224', '--raw', '--subdir', 'DAGS_FOLDER/weather_pipeline.py', '--cfg-path', '/tmp/tmpuff3xsjd']
[2023-11-30T13:16:18.004+0200] {standard_task_runner.py:85} INFO - Job 224: Subtask create_table
[2023-11-30T13:16:18.047+0200] {task_command.py:416} INFO - Running <TaskInstance: weather_data_pipeline.create_table scheduled__2023-11-30T10:00:00+00:00 [running]> on host DESKTOP-VD1PANR.
[2023-11-30T13:16:18.172+0200] {taskinstance.py:1662} INFO - Exporting env vars: AIRFLOW_CTX_DAG_OWNER='airflow' AIRFLOW_CTX_DAG_ID='weather_data_pipeline' AIRFLOW_CTX_TASK_ID='create_table' AIRFLOW_CTX_EXECUTION_DATE='2023-11-30T10:00:00+00:00' AIRFLOW_CTX_TRY_NUMBER='1' AIRFLOW_CTX_DAG_RUN_ID='scheduled__2023-11-30T10:00:00+00:00'
[2023-11-30T13:16:18.173+0200] {python.py:194} INFO - Done. Returned value was: None
[2023-11-30T13:16:18.176+0200] {taskinstance.py:1400} INFO - Marking task as SUCCESS. dag_id=weather_data_pipeline, task_id=create_table, execution_date=20231130T100000, start_date=20231130T111617, end_date=20231130T111618
[2023-11-30T13:16:18.218+0200] {local_task_job_runner.py:228} INFO - Task exited with return code 0
[2023-11-30T13:16:18.292+0200] {taskinstance.py:2778} INFO - 5 downstream tasks scheduled from follow-on schedule check
[2023-11-30T13:26:26.385+0200] {taskinstance.py:1159} INFO - Dependencies all met for dep_context=non-requeueable deps ti=<TaskInstance: weather_data_pipeline.create_table scheduled__2023-11-30T10:00:00+00:00 [queued]>
[2023-11-30T13:26:26.392+0200] {taskinstance.py:1159} INFO - Dependencies all met for dep_context=requeueable deps ti=<TaskInstance: weather_data_pipeline.create_table scheduled__2023-11-30T10:00:00+00:00 [queued]>
[2023-11-30T13:26:26.392+0200] {taskinstance.py:1361} INFO - Starting attempt 1 of 1
[2023-11-30T13:26:26.415+0200] {taskinstance.py:1382} INFO - Executing <Task(PythonOperator): create_table> on 2023-11-30 10:00:00+00:00
[2023-11-30T13:26:26.417+0200] {standard_task_runner.py:57} INFO - Started process 24072 to run task
[2023-11-30T13:26:26.422+0200] {standard_task_runner.py:84} INFO - Running: ['airflow', 'tasks', 'run', 'weather_data_pipeline', 'create_table', 'scheduled__2023-11-30T10:00:00+00:00', '--job-id', '301', '--raw', '--subdir', 'DAGS_FOLDER/weather_pipeline.py', '--cfg-path', '/tmp/tmpu_8zbrtc']
[2023-11-30T13:26:26.424+0200] {standard_task_runner.py:85} INFO - Job 301: Subtask create_table
[2023-11-30T13:26:26.463+0200] {task_command.py:416} INFO - Running <TaskInstance: weather_data_pipeline.create_table scheduled__2023-11-30T10:00:00+00:00 [running]> on host DESKTOP-VD1PANR.
[2023-11-30T13:26:26.587+0200] {taskinstance.py:1662} INFO - Exporting env vars: AIRFLOW_CTX_DAG_OWNER='airflow' AIRFLOW_CTX_DAG_ID='weather_data_pipeline' AIRFLOW_CTX_TASK_ID='create_table' AIRFLOW_CTX_EXECUTION_DATE='2023-11-30T10:00:00+00:00' AIRFLOW_CTX_TRY_NUMBER='1' AIRFLOW_CTX_DAG_RUN_ID='scheduled__2023-11-30T10:00:00+00:00'
[2023-11-30T13:26:26.588+0200] {python.py:194} INFO - Done. Returned value was: None
[2023-11-30T13:26:26.591+0200] {taskinstance.py:1400} INFO - Marking task as SUCCESS. dag_id=weather_data_pipeline, task_id=create_table, execution_date=20231130T100000, start_date=20231130T112626, end_date=20231130T112626
[2023-11-30T13:26:26.645+0200] {local_task_job_runner.py:228} INFO - Task exited with return code 0
[2023-11-30T13:26:26.731+0200] {taskinstance.py:2778} INFO - 5 downstream tasks scheduled from follow-on schedule check
