[2023-11-30T12:41:53.208+0200] {taskinstance.py:1159} INFO - Dependencies all met for dep_context=non-requeueable deps ti=<TaskInstance: weather_data_pipeline.create_table scheduled__2023-11-30T05:00:00+00:00 [queued]>
[2023-11-30T12:41:53.215+0200] {taskinstance.py:1159} INFO - Dependencies all met for dep_context=requeueable deps ti=<TaskInstance: weather_data_pipeline.create_table scheduled__2023-11-30T05:00:00+00:00 [queued]>
[2023-11-30T12:41:53.215+0200] {taskinstance.py:1361} INFO - Starting attempt 1 of 1
[2023-11-30T12:41:53.235+0200] {taskinstance.py:1382} INFO - Executing <Task(PythonOperator): create_table> on 2023-11-30 05:00:00+00:00
[2023-11-30T12:41:53.237+0200] {standard_task_runner.py:57} INFO - Started process 18657 to run task
[2023-11-30T12:41:53.241+0200] {standard_task_runner.py:84} INFO - Running: ['airflow', 'tasks', 'run', 'weather_data_pipeline', 'create_table', 'scheduled__2023-11-30T05:00:00+00:00', '--job-id', '36', '--raw', '--subdir', 'DAGS_FOLDER/weather_pipeline.py', '--cfg-path', '/tmp/tmpz3bka5m9']
[2023-11-30T12:41:53.244+0200] {standard_task_runner.py:85} INFO - Job 36: Subtask create_table
[2023-11-30T12:41:53.293+0200] {task_command.py:416} INFO - Running <TaskInstance: weather_data_pipeline.create_table scheduled__2023-11-30T05:00:00+00:00 [running]> on host DESKTOP-VD1PANR.
[2023-11-30T12:41:53.435+0200] {taskinstance.py:1662} INFO - Exporting env vars: AIRFLOW_CTX_DAG_OWNER='airflow' AIRFLOW_CTX_DAG_ID='weather_data_pipeline' AIRFLOW_CTX_TASK_ID='create_table' AIRFLOW_CTX_EXECUTION_DATE='2023-11-30T05:00:00+00:00' AIRFLOW_CTX_TRY_NUMBER='1' AIRFLOW_CTX_DAG_RUN_ID='scheduled__2023-11-30T05:00:00+00:00'
[2023-11-30T12:41:53.435+0200] {python.py:194} INFO - Done. Returned value was: None
[2023-11-30T12:41:53.439+0200] {taskinstance.py:1400} INFO - Marking task as SUCCESS. dag_id=weather_data_pipeline, task_id=create_table, execution_date=20231130T050000, start_date=20231130T104153, end_date=20231130T104153
[2023-11-30T12:41:53.472+0200] {local_task_job_runner.py:228} INFO - Task exited with return code 0
[2023-11-30T12:41:53.552+0200] {taskinstance.py:2778} INFO - 5 downstream tasks scheduled from follow-on schedule check
[2023-11-30T12:56:53.562+0200] {taskinstance.py:1159} INFO - Dependencies all met for dep_context=non-requeueable deps ti=<TaskInstance: weather_data_pipeline.create_table scheduled__2023-11-30T05:00:00+00:00 [queued]>
[2023-11-30T12:56:53.569+0200] {taskinstance.py:1159} INFO - Dependencies all met for dep_context=requeueable deps ti=<TaskInstance: weather_data_pipeline.create_table scheduled__2023-11-30T05:00:00+00:00 [queued]>
[2023-11-30T12:56:53.569+0200] {taskinstance.py:1361} INFO - Starting attempt 1 of 1
[2023-11-30T12:56:53.588+0200] {taskinstance.py:1382} INFO - Executing <Task(PythonOperator): create_table> on 2023-11-30 05:00:00+00:00
[2023-11-30T12:56:53.590+0200] {standard_task_runner.py:57} INFO - Started process 20486 to run task
[2023-11-30T12:56:53.595+0200] {standard_task_runner.py:84} INFO - Running: ['airflow', 'tasks', 'run', 'weather_data_pipeline', 'create_table', 'scheduled__2023-11-30T05:00:00+00:00', '--job-id', '103', '--raw', '--subdir', 'DAGS_FOLDER/weather_pipeline.py', '--cfg-path', '/tmp/tmp6gg6ca_k']
[2023-11-30T12:56:53.596+0200] {standard_task_runner.py:85} INFO - Job 103: Subtask create_table
[2023-11-30T12:56:53.636+0200] {task_command.py:416} INFO - Running <TaskInstance: weather_data_pipeline.create_table scheduled__2023-11-30T05:00:00+00:00 [running]> on host DESKTOP-VD1PANR.
[2023-11-30T12:56:53.747+0200] {taskinstance.py:1662} INFO - Exporting env vars: AIRFLOW_CTX_DAG_OWNER='airflow' AIRFLOW_CTX_DAG_ID='weather_data_pipeline' AIRFLOW_CTX_TASK_ID='create_table' AIRFLOW_CTX_EXECUTION_DATE='2023-11-30T05:00:00+00:00' AIRFLOW_CTX_TRY_NUMBER='1' AIRFLOW_CTX_DAG_RUN_ID='scheduled__2023-11-30T05:00:00+00:00'
[2023-11-30T12:56:53.749+0200] {python.py:194} INFO - Done. Returned value was: None
[2023-11-30T12:56:53.754+0200] {taskinstance.py:1400} INFO - Marking task as SUCCESS. dag_id=weather_data_pipeline, task_id=create_table, execution_date=20231130T050000, start_date=20231130T105653, end_date=20231130T105653
[2023-11-30T12:56:53.816+0200] {local_task_job_runner.py:228} INFO - Task exited with return code 0
[2023-11-30T12:56:53.892+0200] {taskinstance.py:2778} INFO - 5 downstream tasks scheduled from follow-on schedule check
[2023-11-30T13:15:20.284+0200] {taskinstance.py:1159} INFO - Dependencies all met for dep_context=non-requeueable deps ti=<TaskInstance: weather_data_pipeline.create_table scheduled__2023-11-30T05:00:00+00:00 [queued]>
[2023-11-30T13:15:20.292+0200] {taskinstance.py:1159} INFO - Dependencies all met for dep_context=requeueable deps ti=<TaskInstance: weather_data_pipeline.create_table scheduled__2023-11-30T05:00:00+00:00 [queued]>
[2023-11-30T13:15:20.293+0200] {taskinstance.py:1361} INFO - Starting attempt 1 of 1
[2023-11-30T13:15:20.312+0200] {taskinstance.py:1382} INFO - Executing <Task(PythonOperator): create_table> on 2023-11-30 05:00:00+00:00
[2023-11-30T13:15:20.315+0200] {standard_task_runner.py:57} INFO - Started process 22651 to run task
[2023-11-30T13:15:20.318+0200] {standard_task_runner.py:84} INFO - Running: ['airflow', 'tasks', 'run', 'weather_data_pipeline', 'create_table', 'scheduled__2023-11-30T05:00:00+00:00', '--job-id', '194', '--raw', '--subdir', 'DAGS_FOLDER/weather_pipeline.py', '--cfg-path', '/tmp/tmp5qp71itv']
[2023-11-30T13:15:20.320+0200] {standard_task_runner.py:85} INFO - Job 194: Subtask create_table
[2023-11-30T13:15:20.358+0200] {task_command.py:416} INFO - Running <TaskInstance: weather_data_pipeline.create_table scheduled__2023-11-30T05:00:00+00:00 [running]> on host DESKTOP-VD1PANR.
[2023-11-30T13:15:20.489+0200] {taskinstance.py:1662} INFO - Exporting env vars: AIRFLOW_CTX_DAG_OWNER='airflow' AIRFLOW_CTX_DAG_ID='weather_data_pipeline' AIRFLOW_CTX_TASK_ID='create_table' AIRFLOW_CTX_EXECUTION_DATE='2023-11-30T05:00:00+00:00' AIRFLOW_CTX_TRY_NUMBER='1' AIRFLOW_CTX_DAG_RUN_ID='scheduled__2023-11-30T05:00:00+00:00'
[2023-11-30T13:15:20.490+0200] {python.py:194} INFO - Done. Returned value was: None
[2023-11-30T13:15:20.495+0200] {taskinstance.py:1400} INFO - Marking task as SUCCESS. dag_id=weather_data_pipeline, task_id=create_table, execution_date=20231130T050000, start_date=20231130T111520, end_date=20231130T111520
[2023-11-30T13:15:20.534+0200] {local_task_job_runner.py:228} INFO - Task exited with return code 0
[2023-11-30T13:15:20.617+0200] {taskinstance.py:2778} INFO - 5 downstream tasks scheduled from follow-on schedule check
[2023-11-30T13:25:22.655+0200] {taskinstance.py:1159} INFO - Dependencies all met for dep_context=non-requeueable deps ti=<TaskInstance: weather_data_pipeline.create_table scheduled__2023-11-30T05:00:00+00:00 [queued]>
[2023-11-30T13:25:22.668+0200] {taskinstance.py:1159} INFO - Dependencies all met for dep_context=requeueable deps ti=<TaskInstance: weather_data_pipeline.create_table scheduled__2023-11-30T05:00:00+00:00 [queued]>
[2023-11-30T13:25:22.669+0200] {taskinstance.py:1361} INFO - Starting attempt 1 of 1
[2023-11-30T13:25:22.718+0200] {taskinstance.py:1382} INFO - Executing <Task(PythonOperator): create_table> on 2023-11-30 05:00:00+00:00
[2023-11-30T13:25:22.723+0200] {standard_task_runner.py:57} INFO - Started process 23902 to run task
[2023-11-30T13:25:22.731+0200] {standard_task_runner.py:84} INFO - Running: ['airflow', 'tasks', 'run', 'weather_data_pipeline', 'create_table', 'scheduled__2023-11-30T05:00:00+00:00', '--job-id', '271', '--raw', '--subdir', 'DAGS_FOLDER/weather_pipeline.py', '--cfg-path', '/tmp/tmpv23ih_rv']
[2023-11-30T13:25:22.733+0200] {standard_task_runner.py:85} INFO - Job 271: Subtask create_table
[2023-11-30T13:25:22.868+0200] {task_command.py:416} INFO - Running <TaskInstance: weather_data_pipeline.create_table scheduled__2023-11-30T05:00:00+00:00 [running]> on host DESKTOP-VD1PANR.
[2023-11-30T13:25:23.071+0200] {taskinstance.py:1662} INFO - Exporting env vars: AIRFLOW_CTX_DAG_OWNER='airflow' AIRFLOW_CTX_DAG_ID='weather_data_pipeline' AIRFLOW_CTX_TASK_ID='create_table' AIRFLOW_CTX_EXECUTION_DATE='2023-11-30T05:00:00+00:00' AIRFLOW_CTX_TRY_NUMBER='1' AIRFLOW_CTX_DAG_RUN_ID='scheduled__2023-11-30T05:00:00+00:00'
[2023-11-30T13:25:23.072+0200] {python.py:194} INFO - Done. Returned value was: None
[2023-11-30T13:25:23.076+0200] {taskinstance.py:1400} INFO - Marking task as SUCCESS. dag_id=weather_data_pipeline, task_id=create_table, execution_date=20231130T050000, start_date=20231130T112522, end_date=20231130T112523
[2023-11-30T13:25:23.150+0200] {local_task_job_runner.py:228} INFO - Task exited with return code 0
[2023-11-30T13:25:23.336+0200] {taskinstance.py:2778} INFO - 5 downstream tasks scheduled from follow-on schedule check
