[2023-11-30T12:57:16.670+0200] {taskinstance.py:1159} INFO - Dependencies all met for dep_context=non-requeueable deps ti=<TaskInstance: weather_data_pipeline.create_table scheduled__2023-11-30T06:00:00+00:00 [queued]>
[2023-11-30T12:57:16.677+0200] {taskinstance.py:1159} INFO - Dependencies all met for dep_context=requeueable deps ti=<TaskInstance: weather_data_pipeline.create_table scheduled__2023-11-30T06:00:00+00:00 [queued]>
[2023-11-30T12:57:16.677+0200] {taskinstance.py:1361} INFO - Starting attempt 1 of 1
[2023-11-30T12:57:16.699+0200] {taskinstance.py:1382} INFO - Executing <Task(PythonOperator): create_table> on 2023-11-30 06:00:00+00:00
[2023-11-30T12:57:16.701+0200] {standard_task_runner.py:57} INFO - Started process 20550 to run task
[2023-11-30T12:57:16.706+0200] {standard_task_runner.py:84} INFO - Running: ['airflow', 'tasks', 'run', 'weather_data_pipeline', 'create_table', 'scheduled__2023-11-30T06:00:00+00:00', '--job-id', '114', '--raw', '--subdir', 'DAGS_FOLDER/weather_pipeline.py', '--cfg-path', '/tmp/tmp7pfaxhjp']
[2023-11-30T12:57:16.708+0200] {standard_task_runner.py:85} INFO - Job 114: Subtask create_table
[2023-11-30T12:57:16.757+0200] {task_command.py:416} INFO - Running <TaskInstance: weather_data_pipeline.create_table scheduled__2023-11-30T06:00:00+00:00 [running]> on host DESKTOP-VD1PANR.
[2023-11-30T12:57:16.895+0200] {taskinstance.py:1662} INFO - Exporting env vars: AIRFLOW_CTX_DAG_OWNER='airflow' AIRFLOW_CTX_DAG_ID='weather_data_pipeline' AIRFLOW_CTX_TASK_ID='create_table' AIRFLOW_CTX_EXECUTION_DATE='2023-11-30T06:00:00+00:00' AIRFLOW_CTX_TRY_NUMBER='1' AIRFLOW_CTX_DAG_RUN_ID='scheduled__2023-11-30T06:00:00+00:00'
[2023-11-30T12:57:16.896+0200] {python.py:194} INFO - Done. Returned value was: None
[2023-11-30T12:57:16.901+0200] {taskinstance.py:1400} INFO - Marking task as SUCCESS. dag_id=weather_data_pipeline, task_id=create_table, execution_date=20231130T060000, start_date=20231130T105716, end_date=20231130T105716
[2023-11-30T12:57:16.926+0200] {local_task_job_runner.py:228} INFO - Task exited with return code 0
[2023-11-30T12:57:17.033+0200] {taskinstance.py:2778} INFO - 5 downstream tasks scheduled from follow-on schedule check
[2023-11-30T13:15:43.884+0200] {taskinstance.py:1159} INFO - Dependencies all met for dep_context=non-requeueable deps ti=<TaskInstance: weather_data_pipeline.create_table scheduled__2023-11-30T06:00:00+00:00 [queued]>
[2023-11-30T13:15:43.891+0200] {taskinstance.py:1159} INFO - Dependencies all met for dep_context=requeueable deps ti=<TaskInstance: weather_data_pipeline.create_table scheduled__2023-11-30T06:00:00+00:00 [queued]>
[2023-11-30T13:15:43.891+0200] {taskinstance.py:1361} INFO - Starting attempt 1 of 1
[2023-11-30T13:15:43.916+0200] {taskinstance.py:1382} INFO - Executing <Task(PythonOperator): create_table> on 2023-11-30 06:00:00+00:00
[2023-11-30T13:15:43.918+0200] {standard_task_runner.py:57} INFO - Started process 22715 to run task
[2023-11-30T13:15:43.922+0200] {standard_task_runner.py:84} INFO - Running: ['airflow', 'tasks', 'run', 'weather_data_pipeline', 'create_table', 'scheduled__2023-11-30T06:00:00+00:00', '--job-id', '205', '--raw', '--subdir', 'DAGS_FOLDER/weather_pipeline.py', '--cfg-path', '/tmp/tmpjjt91t3n']
[2023-11-30T13:15:43.925+0200] {standard_task_runner.py:85} INFO - Job 205: Subtask create_table
[2023-11-30T13:15:43.972+0200] {task_command.py:416} INFO - Running <TaskInstance: weather_data_pipeline.create_table scheduled__2023-11-30T06:00:00+00:00 [running]> on host DESKTOP-VD1PANR.
[2023-11-30T13:15:44.108+0200] {taskinstance.py:1662} INFO - Exporting env vars: AIRFLOW_CTX_DAG_OWNER='airflow' AIRFLOW_CTX_DAG_ID='weather_data_pipeline' AIRFLOW_CTX_TASK_ID='create_table' AIRFLOW_CTX_EXECUTION_DATE='2023-11-30T06:00:00+00:00' AIRFLOW_CTX_TRY_NUMBER='1' AIRFLOW_CTX_DAG_RUN_ID='scheduled__2023-11-30T06:00:00+00:00'
[2023-11-30T13:15:44.109+0200] {python.py:194} INFO - Done. Returned value was: None
[2023-11-30T13:15:44.113+0200] {taskinstance.py:1400} INFO - Marking task as SUCCESS. dag_id=weather_data_pipeline, task_id=create_table, execution_date=20231130T060000, start_date=20231130T111543, end_date=20231130T111544
[2023-11-30T13:15:44.144+0200] {local_task_job_runner.py:228} INFO - Task exited with return code 0
[2023-11-30T13:15:44.223+0200] {taskinstance.py:2778} INFO - 5 downstream tasks scheduled from follow-on schedule check
[2023-11-30T13:25:40.041+0200] {taskinstance.py:1159} INFO - Dependencies all met for dep_context=non-requeueable deps ti=<TaskInstance: weather_data_pipeline.create_table scheduled__2023-11-30T06:00:00+00:00 [queued]>
[2023-11-30T13:25:40.049+0200] {taskinstance.py:1159} INFO - Dependencies all met for dep_context=requeueable deps ti=<TaskInstance: weather_data_pipeline.create_table scheduled__2023-11-30T06:00:00+00:00 [queued]>
[2023-11-30T13:25:40.050+0200] {taskinstance.py:1361} INFO - Starting attempt 1 of 1
[2023-11-30T13:25:40.071+0200] {taskinstance.py:1382} INFO - Executing <Task(PythonOperator): create_table> on 2023-11-30 06:00:00+00:00
[2023-11-30T13:25:40.074+0200] {standard_task_runner.py:57} INFO - Started process 23944 to run task
[2023-11-30T13:25:40.079+0200] {standard_task_runner.py:84} INFO - Running: ['airflow', 'tasks', 'run', 'weather_data_pipeline', 'create_table', 'scheduled__2023-11-30T06:00:00+00:00', '--job-id', '277', '--raw', '--subdir', 'DAGS_FOLDER/weather_pipeline.py', '--cfg-path', '/tmp/tmp9bsswmgb']
[2023-11-30T13:25:40.080+0200] {standard_task_runner.py:85} INFO - Job 277: Subtask create_table
[2023-11-30T13:25:40.124+0200] {task_command.py:416} INFO - Running <TaskInstance: weather_data_pipeline.create_table scheduled__2023-11-30T06:00:00+00:00 [running]> on host DESKTOP-VD1PANR.
[2023-11-30T13:25:40.247+0200] {taskinstance.py:1662} INFO - Exporting env vars: AIRFLOW_CTX_DAG_OWNER='airflow' AIRFLOW_CTX_DAG_ID='weather_data_pipeline' AIRFLOW_CTX_TASK_ID='create_table' AIRFLOW_CTX_EXECUTION_DATE='2023-11-30T06:00:00+00:00' AIRFLOW_CTX_TRY_NUMBER='1' AIRFLOW_CTX_DAG_RUN_ID='scheduled__2023-11-30T06:00:00+00:00'
[2023-11-30T13:25:40.248+0200] {python.py:194} INFO - Done. Returned value was: None
[2023-11-30T13:25:40.252+0200] {taskinstance.py:1400} INFO - Marking task as SUCCESS. dag_id=weather_data_pipeline, task_id=create_table, execution_date=20231130T060000, start_date=20231130T112540, end_date=20231130T112540
[2023-11-30T13:25:40.305+0200] {local_task_job_runner.py:228} INFO - Task exited with return code 0
[2023-11-30T13:25:40.382+0200] {taskinstance.py:2778} INFO - 5 downstream tasks scheduled from follow-on schedule check
