[2023-11-30T02:13:27.011+0200] {processor.py:157} INFO - Started process (PID=1180) to work on /home/seva/UCU/AutomatedDataPipelines/Homework1/venv/lib/python3.10/site-packages/airflow/example_dags/example_sensors.py
[2023-11-30T02:13:27.012+0200] {processor.py:829} INFO - Processing file /home/seva/UCU/AutomatedDataPipelines/Homework1/venv/lib/python3.10/site-packages/airflow/example_dags/example_sensors.py for tasks to queue
[2023-11-30T02:13:27.012+0200] {logging_mixin.py:154} INFO - [2023-11-30T02:13:27.012+0200] {dagbag.py:536} INFO - Filling up the DagBag from /home/seva/UCU/AutomatedDataPipelines/Homework1/venv/lib/python3.10/site-packages/airflow/example_dags/example_sensors.py
[2023-11-30T02:13:27.023+0200] {processor.py:839} INFO - DAG(s) dict_keys(['example_sensors']) retrieved from /home/seva/UCU/AutomatedDataPipelines/Homework1/venv/lib/python3.10/site-packages/airflow/example_dags/example_sensors.py
[2023-11-30T02:13:27.119+0200] {logging_mixin.py:154} INFO - [2023-11-30T02:13:27.119+0200] {manager.py:499} INFO - Created Permission View: %s
[2023-11-30T02:13:27.137+0200] {logging_mixin.py:154} INFO - [2023-11-30T02:13:27.136+0200] {manager.py:499} INFO - Created Permission View: %s
[2023-11-30T02:13:27.153+0200] {logging_mixin.py:154} INFO - [2023-11-30T02:13:27.152+0200] {manager.py:499} INFO - Created Permission View: %s
[2023-11-30T02:13:27.153+0200] {logging_mixin.py:154} INFO - [2023-11-30T02:13:27.153+0200] {dag.py:2941} INFO - Sync 1 DAGs
[2023-11-30T02:13:27.168+0200] {logging_mixin.py:154} INFO - [2023-11-30T02:13:27.168+0200] {dag.py:2963} INFO - Creating ORM DAG for example_sensors
[2023-11-30T02:13:27.169+0200] {logging_mixin.py:154} INFO - [2023-11-30T02:13:27.169+0200] {dag.py:3722} INFO - Setting next_dagrun for example_sensors to None, run_after=None
[2023-11-30T02:13:27.208+0200] {processor.py:179} INFO - Processing /home/seva/UCU/AutomatedDataPipelines/Homework1/venv/lib/python3.10/site-packages/airflow/example_dags/example_sensors.py took 0.200 seconds
[2023-11-30T02:14:16.653+0200] {processor.py:157} INFO - Started process (PID=1324) to work on /home/seva/UCU/AutomatedDataPipelines/Homework1/venv/lib/python3.10/site-packages/airflow/example_dags/example_sensors.py
[2023-11-30T02:14:16.665+0200] {processor.py:829} INFO - Processing file /home/seva/UCU/AutomatedDataPipelines/Homework1/venv/lib/python3.10/site-packages/airflow/example_dags/example_sensors.py for tasks to queue
[2023-11-30T02:14:16.666+0200] {logging_mixin.py:154} INFO - [2023-11-30T02:14:16.666+0200] {dagbag.py:536} INFO - Filling up the DagBag from /home/seva/UCU/AutomatedDataPipelines/Homework1/venv/lib/python3.10/site-packages/airflow/example_dags/example_sensors.py
[2023-11-30T02:14:16.676+0200] {processor.py:839} INFO - DAG(s) dict_keys(['example_sensors']) retrieved from /home/seva/UCU/AutomatedDataPipelines/Homework1/venv/lib/python3.10/site-packages/airflow/example_dags/example_sensors.py
[2023-11-30T02:14:16.692+0200] {logging_mixin.py:154} INFO - [2023-11-30T02:14:16.692+0200] {dag.py:2941} INFO - Sync 1 DAGs
[2023-11-30T02:14:16.701+0200] {logging_mixin.py:154} INFO - [2023-11-30T02:14:16.701+0200] {dag.py:3722} INFO - Setting next_dagrun for example_sensors to None, run_after=None
[2023-11-30T02:14:16.726+0200] {processor.py:179} INFO - Processing /home/seva/UCU/AutomatedDataPipelines/Homework1/venv/lib/python3.10/site-packages/airflow/example_dags/example_sensors.py took 0.075 seconds
[2023-11-30T02:15:03.003+0200] {processor.py:157} INFO - Started process (PID=1486) to work on /home/seva/UCU/AutomatedDataPipelines/Homework1/venv/lib/python3.10/site-packages/airflow/example_dags/example_sensors.py
[2023-11-30T02:15:03.014+0200] {processor.py:829} INFO - Processing file /home/seva/UCU/AutomatedDataPipelines/Homework1/venv/lib/python3.10/site-packages/airflow/example_dags/example_sensors.py for tasks to queue
[2023-11-30T02:15:03.015+0200] {logging_mixin.py:154} INFO - [2023-11-30T02:15:03.015+0200] {dagbag.py:536} INFO - Filling up the DagBag from /home/seva/UCU/AutomatedDataPipelines/Homework1/venv/lib/python3.10/site-packages/airflow/example_dags/example_sensors.py
[2023-11-30T02:15:03.024+0200] {processor.py:839} INFO - DAG(s) dict_keys(['example_sensors']) retrieved from /home/seva/UCU/AutomatedDataPipelines/Homework1/venv/lib/python3.10/site-packages/airflow/example_dags/example_sensors.py
[2023-11-30T02:15:03.042+0200] {logging_mixin.py:154} INFO - [2023-11-30T02:15:03.042+0200] {dag.py:2941} INFO - Sync 1 DAGs
[2023-11-30T02:15:03.053+0200] {logging_mixin.py:154} INFO - [2023-11-30T02:15:03.053+0200] {dag.py:3722} INFO - Setting next_dagrun for example_sensors to None, run_after=None
[2023-11-30T02:15:03.078+0200] {processor.py:179} INFO - Processing /home/seva/UCU/AutomatedDataPipelines/Homework1/venv/lib/python3.10/site-packages/airflow/example_dags/example_sensors.py took 0.079 seconds
[2023-11-30T02:15:35.332+0200] {processor.py:157} INFO - Started process (PID=1610) to work on /home/seva/UCU/AutomatedDataPipelines/Homework1/venv/lib/python3.10/site-packages/airflow/example_dags/example_sensors.py
[2023-11-30T02:15:35.344+0200] {processor.py:829} INFO - Processing file /home/seva/UCU/AutomatedDataPipelines/Homework1/venv/lib/python3.10/site-packages/airflow/example_dags/example_sensors.py for tasks to queue
[2023-11-30T02:15:35.345+0200] {logging_mixin.py:154} INFO - [2023-11-30T02:15:35.345+0200] {dagbag.py:536} INFO - Filling up the DagBag from /home/seva/UCU/AutomatedDataPipelines/Homework1/venv/lib/python3.10/site-packages/airflow/example_dags/example_sensors.py
[2023-11-30T02:15:35.354+0200] {processor.py:839} INFO - DAG(s) dict_keys(['example_sensors']) retrieved from /home/seva/UCU/AutomatedDataPipelines/Homework1/venv/lib/python3.10/site-packages/airflow/example_dags/example_sensors.py
[2023-11-30T02:15:35.371+0200] {logging_mixin.py:154} INFO - [2023-11-30T02:15:35.371+0200] {dag.py:2941} INFO - Sync 1 DAGs
[2023-11-30T02:15:35.380+0200] {logging_mixin.py:154} INFO - [2023-11-30T02:15:35.380+0200] {dag.py:3722} INFO - Setting next_dagrun for example_sensors to None, run_after=None
[2023-11-30T02:15:35.405+0200] {processor.py:179} INFO - Processing /home/seva/UCU/AutomatedDataPipelines/Homework1/venv/lib/python3.10/site-packages/airflow/example_dags/example_sensors.py took 0.076 seconds
[2023-11-30T02:16:19.254+0200] {processor.py:157} INFO - Started process (PID=1780) to work on /home/seva/UCU/AutomatedDataPipelines/Homework1/venv/lib/python3.10/site-packages/airflow/example_dags/example_sensors.py
[2023-11-30T02:16:19.257+0200] {processor.py:829} INFO - Processing file /home/seva/UCU/AutomatedDataPipelines/Homework1/venv/lib/python3.10/site-packages/airflow/example_dags/example_sensors.py for tasks to queue
[2023-11-30T02:16:19.257+0200] {logging_mixin.py:154} INFO - [2023-11-30T02:16:19.257+0200] {dagbag.py:536} INFO - Filling up the DagBag from /home/seva/UCU/AutomatedDataPipelines/Homework1/venv/lib/python3.10/site-packages/airflow/example_dags/example_sensors.py
[2023-11-30T02:16:19.266+0200] {processor.py:839} INFO - DAG(s) dict_keys(['example_sensors']) retrieved from /home/seva/UCU/AutomatedDataPipelines/Homework1/venv/lib/python3.10/site-packages/airflow/example_dags/example_sensors.py
[2023-11-30T02:16:19.283+0200] {logging_mixin.py:154} INFO - [2023-11-30T02:16:19.283+0200] {dag.py:2941} INFO - Sync 1 DAGs
[2023-11-30T02:16:19.292+0200] {logging_mixin.py:154} INFO - [2023-11-30T02:16:19.292+0200] {dag.py:3722} INFO - Setting next_dagrun for example_sensors to None, run_after=None
[2023-11-30T02:16:19.318+0200] {processor.py:179} INFO - Processing /home/seva/UCU/AutomatedDataPipelines/Homework1/venv/lib/python3.10/site-packages/airflow/example_dags/example_sensors.py took 0.067 seconds
[2023-11-30T02:16:51.196+0200] {processor.py:157} INFO - Started process (PID=1912) to work on /home/seva/UCU/AutomatedDataPipelines/Homework1/venv/lib/python3.10/site-packages/airflow/example_dags/example_sensors.py
[2023-11-30T02:16:51.208+0200] {processor.py:829} INFO - Processing file /home/seva/UCU/AutomatedDataPipelines/Homework1/venv/lib/python3.10/site-packages/airflow/example_dags/example_sensors.py for tasks to queue
[2023-11-30T02:16:51.209+0200] {logging_mixin.py:154} INFO - [2023-11-30T02:16:51.209+0200] {dagbag.py:536} INFO - Filling up the DagBag from /home/seva/UCU/AutomatedDataPipelines/Homework1/venv/lib/python3.10/site-packages/airflow/example_dags/example_sensors.py
[2023-11-30T02:16:51.218+0200] {processor.py:839} INFO - DAG(s) dict_keys(['example_sensors']) retrieved from /home/seva/UCU/AutomatedDataPipelines/Homework1/venv/lib/python3.10/site-packages/airflow/example_dags/example_sensors.py
[2023-11-30T02:16:51.235+0200] {logging_mixin.py:154} INFO - [2023-11-30T02:16:51.235+0200] {dag.py:2941} INFO - Sync 1 DAGs
[2023-11-30T02:16:51.244+0200] {logging_mixin.py:154} INFO - [2023-11-30T02:16:51.243+0200] {dag.py:3722} INFO - Setting next_dagrun for example_sensors to None, run_after=None
[2023-11-30T02:16:51.267+0200] {processor.py:179} INFO - Processing /home/seva/UCU/AutomatedDataPipelines/Homework1/venv/lib/python3.10/site-packages/airflow/example_dags/example_sensors.py took 0.075 seconds
[2023-11-30T02:17:32.501+0200] {processor.py:157} INFO - Started process (PID=2083) to work on /home/seva/UCU/AutomatedDataPipelines/Homework1/venv/lib/python3.10/site-packages/airflow/example_dags/example_sensors.py
[2023-11-30T02:17:32.503+0200] {processor.py:829} INFO - Processing file /home/seva/UCU/AutomatedDataPipelines/Homework1/venv/lib/python3.10/site-packages/airflow/example_dags/example_sensors.py for tasks to queue
[2023-11-30T02:17:32.504+0200] {logging_mixin.py:154} INFO - [2023-11-30T02:17:32.504+0200] {dagbag.py:536} INFO - Filling up the DagBag from /home/seva/UCU/AutomatedDataPipelines/Homework1/venv/lib/python3.10/site-packages/airflow/example_dags/example_sensors.py
[2023-11-30T02:17:32.513+0200] {processor.py:839} INFO - DAG(s) dict_keys(['example_sensors']) retrieved from /home/seva/UCU/AutomatedDataPipelines/Homework1/venv/lib/python3.10/site-packages/airflow/example_dags/example_sensors.py
[2023-11-30T02:17:32.529+0200] {logging_mixin.py:154} INFO - [2023-11-30T02:17:32.529+0200] {dag.py:2941} INFO - Sync 1 DAGs
[2023-11-30T02:17:32.538+0200] {logging_mixin.py:154} INFO - [2023-11-30T02:17:32.538+0200] {dag.py:3722} INFO - Setting next_dagrun for example_sensors to None, run_after=None
[2023-11-30T02:17:32.564+0200] {processor.py:179} INFO - Processing /home/seva/UCU/AutomatedDataPipelines/Homework1/venv/lib/python3.10/site-packages/airflow/example_dags/example_sensors.py took 0.065 seconds
[2023-11-30T02:18:17.009+0200] {processor.py:157} INFO - Started process (PID=2255) to work on /home/seva/UCU/AutomatedDataPipelines/Homework1/venv/lib/python3.10/site-packages/airflow/example_dags/example_sensors.py
[2023-11-30T02:18:17.011+0200] {processor.py:829} INFO - Processing file /home/seva/UCU/AutomatedDataPipelines/Homework1/venv/lib/python3.10/site-packages/airflow/example_dags/example_sensors.py for tasks to queue
[2023-11-30T02:18:17.012+0200] {logging_mixin.py:154} INFO - [2023-11-30T02:18:17.012+0200] {dagbag.py:536} INFO - Filling up the DagBag from /home/seva/UCU/AutomatedDataPipelines/Homework1/venv/lib/python3.10/site-packages/airflow/example_dags/example_sensors.py
[2023-11-30T02:18:17.021+0200] {processor.py:839} INFO - DAG(s) dict_keys(['example_sensors']) retrieved from /home/seva/UCU/AutomatedDataPipelines/Homework1/venv/lib/python3.10/site-packages/airflow/example_dags/example_sensors.py
[2023-11-30T02:18:17.040+0200] {logging_mixin.py:154} INFO - [2023-11-30T02:18:17.040+0200] {dag.py:2941} INFO - Sync 1 DAGs
[2023-11-30T02:18:17.050+0200] {logging_mixin.py:154} INFO - [2023-11-30T02:18:17.050+0200] {dag.py:3722} INFO - Setting next_dagrun for example_sensors to None, run_after=None
[2023-11-30T02:18:17.074+0200] {processor.py:179} INFO - Processing /home/seva/UCU/AutomatedDataPipelines/Homework1/venv/lib/python3.10/site-packages/airflow/example_dags/example_sensors.py took 0.068 seconds
[2023-11-30T02:18:55.949+0200] {processor.py:157} INFO - Started process (PID=2411) to work on /home/seva/UCU/AutomatedDataPipelines/Homework1/venv/lib/python3.10/site-packages/airflow/example_dags/example_sensors.py
[2023-11-30T02:18:55.961+0200] {processor.py:829} INFO - Processing file /home/seva/UCU/AutomatedDataPipelines/Homework1/venv/lib/python3.10/site-packages/airflow/example_dags/example_sensors.py for tasks to queue
[2023-11-30T02:18:55.962+0200] {logging_mixin.py:154} INFO - [2023-11-30T02:18:55.961+0200] {dagbag.py:536} INFO - Filling up the DagBag from /home/seva/UCU/AutomatedDataPipelines/Homework1/venv/lib/python3.10/site-packages/airflow/example_dags/example_sensors.py
[2023-11-30T02:18:55.970+0200] {processor.py:839} INFO - DAG(s) dict_keys(['example_sensors']) retrieved from /home/seva/UCU/AutomatedDataPipelines/Homework1/venv/lib/python3.10/site-packages/airflow/example_dags/example_sensors.py
[2023-11-30T02:18:55.988+0200] {logging_mixin.py:154} INFO - [2023-11-30T02:18:55.988+0200] {dag.py:2941} INFO - Sync 1 DAGs
[2023-11-30T02:18:55.998+0200] {logging_mixin.py:154} INFO - [2023-11-30T02:18:55.998+0200] {dag.py:3722} INFO - Setting next_dagrun for example_sensors to None, run_after=None
[2023-11-30T02:18:56.023+0200] {processor.py:179} INFO - Processing /home/seva/UCU/AutomatedDataPipelines/Homework1/venv/lib/python3.10/site-packages/airflow/example_dags/example_sensors.py took 0.077 seconds
[2023-11-30T02:19:29.721+0200] {processor.py:157} INFO - Started process (PID=2551) to work on /home/seva/UCU/AutomatedDataPipelines/Homework1/venv/lib/python3.10/site-packages/airflow/example_dags/example_sensors.py
[2023-11-30T02:19:29.723+0200] {processor.py:829} INFO - Processing file /home/seva/UCU/AutomatedDataPipelines/Homework1/venv/lib/python3.10/site-packages/airflow/example_dags/example_sensors.py for tasks to queue
[2023-11-30T02:19:29.724+0200] {logging_mixin.py:154} INFO - [2023-11-30T02:19:29.723+0200] {dagbag.py:536} INFO - Filling up the DagBag from /home/seva/UCU/AutomatedDataPipelines/Homework1/venv/lib/python3.10/site-packages/airflow/example_dags/example_sensors.py
[2023-11-30T02:19:29.732+0200] {processor.py:839} INFO - DAG(s) dict_keys(['example_sensors']) retrieved from /home/seva/UCU/AutomatedDataPipelines/Homework1/venv/lib/python3.10/site-packages/airflow/example_dags/example_sensors.py
[2023-11-30T02:19:29.749+0200] {logging_mixin.py:154} INFO - [2023-11-30T02:19:29.749+0200] {dag.py:2941} INFO - Sync 1 DAGs
[2023-11-30T02:19:29.759+0200] {logging_mixin.py:154} INFO - [2023-11-30T02:19:29.758+0200] {dag.py:3722} INFO - Setting next_dagrun for example_sensors to None, run_after=None
[2023-11-30T02:19:29.783+0200] {processor.py:179} INFO - Processing /home/seva/UCU/AutomatedDataPipelines/Homework1/venv/lib/python3.10/site-packages/airflow/example_dags/example_sensors.py took 0.065 seconds
[2023-11-30T02:20:11.964+0200] {processor.py:157} INFO - Started process (PID=2715) to work on /home/seva/UCU/AutomatedDataPipelines/Homework1/venv/lib/python3.10/site-packages/airflow/example_dags/example_sensors.py
[2023-11-30T02:20:11.966+0200] {processor.py:829} INFO - Processing file /home/seva/UCU/AutomatedDataPipelines/Homework1/venv/lib/python3.10/site-packages/airflow/example_dags/example_sensors.py for tasks to queue
[2023-11-30T02:20:11.967+0200] {logging_mixin.py:154} INFO - [2023-11-30T02:20:11.966+0200] {dagbag.py:536} INFO - Filling up the DagBag from /home/seva/UCU/AutomatedDataPipelines/Homework1/venv/lib/python3.10/site-packages/airflow/example_dags/example_sensors.py
[2023-11-30T02:20:11.975+0200] {processor.py:839} INFO - DAG(s) dict_keys(['example_sensors']) retrieved from /home/seva/UCU/AutomatedDataPipelines/Homework1/venv/lib/python3.10/site-packages/airflow/example_dags/example_sensors.py
[2023-11-30T02:20:11.991+0200] {logging_mixin.py:154} INFO - [2023-11-30T02:20:11.991+0200] {dag.py:2941} INFO - Sync 1 DAGs
[2023-11-30T02:20:12.000+0200] {logging_mixin.py:154} INFO - [2023-11-30T02:20:12.000+0200] {dag.py:3722} INFO - Setting next_dagrun for example_sensors to None, run_after=None
[2023-11-30T02:20:12.026+0200] {processor.py:179} INFO - Processing /home/seva/UCU/AutomatedDataPipelines/Homework1/venv/lib/python3.10/site-packages/airflow/example_dags/example_sensors.py took 0.065 seconds
[2023-11-30T02:20:57.457+0200] {processor.py:157} INFO - Started process (PID=2893) to work on /home/seva/UCU/AutomatedDataPipelines/Homework1/venv/lib/python3.10/site-packages/airflow/example_dags/example_sensors.py
[2023-11-30T02:20:57.469+0200] {processor.py:829} INFO - Processing file /home/seva/UCU/AutomatedDataPipelines/Homework1/venv/lib/python3.10/site-packages/airflow/example_dags/example_sensors.py for tasks to queue
[2023-11-30T02:20:57.470+0200] {logging_mixin.py:154} INFO - [2023-11-30T02:20:57.469+0200] {dagbag.py:536} INFO - Filling up the DagBag from /home/seva/UCU/AutomatedDataPipelines/Homework1/venv/lib/python3.10/site-packages/airflow/example_dags/example_sensors.py
[2023-11-30T02:20:57.478+0200] {processor.py:839} INFO - DAG(s) dict_keys(['example_sensors']) retrieved from /home/seva/UCU/AutomatedDataPipelines/Homework1/venv/lib/python3.10/site-packages/airflow/example_dags/example_sensors.py
[2023-11-30T02:20:57.495+0200] {logging_mixin.py:154} INFO - [2023-11-30T02:20:57.495+0200] {dag.py:2941} INFO - Sync 1 DAGs
[2023-11-30T02:20:57.504+0200] {logging_mixin.py:154} INFO - [2023-11-30T02:20:57.504+0200] {dag.py:3722} INFO - Setting next_dagrun for example_sensors to None, run_after=None
[2023-11-30T02:20:57.529+0200] {processor.py:179} INFO - Processing /home/seva/UCU/AutomatedDataPipelines/Homework1/venv/lib/python3.10/site-packages/airflow/example_dags/example_sensors.py took 0.074 seconds
[2023-11-30T02:21:41.553+0200] {processor.py:157} INFO - Started process (PID=3065) to work on /home/seva/UCU/AutomatedDataPipelines/Homework1/venv/lib/python3.10/site-packages/airflow/example_dags/example_sensors.py
[2023-11-30T02:21:41.565+0200] {processor.py:829} INFO - Processing file /home/seva/UCU/AutomatedDataPipelines/Homework1/venv/lib/python3.10/site-packages/airflow/example_dags/example_sensors.py for tasks to queue
[2023-11-30T02:21:41.566+0200] {logging_mixin.py:154} INFO - [2023-11-30T02:21:41.566+0200] {dagbag.py:536} INFO - Filling up the DagBag from /home/seva/UCU/AutomatedDataPipelines/Homework1/venv/lib/python3.10/site-packages/airflow/example_dags/example_sensors.py
[2023-11-30T02:21:41.575+0200] {processor.py:839} INFO - DAG(s) dict_keys(['example_sensors']) retrieved from /home/seva/UCU/AutomatedDataPipelines/Homework1/venv/lib/python3.10/site-packages/airflow/example_dags/example_sensors.py
[2023-11-30T02:21:41.591+0200] {logging_mixin.py:154} INFO - [2023-11-30T02:21:41.591+0200] {dag.py:2941} INFO - Sync 1 DAGs
[2023-11-30T02:21:41.600+0200] {logging_mixin.py:154} INFO - [2023-11-30T02:21:41.600+0200] {dag.py:3722} INFO - Setting next_dagrun for example_sensors to None, run_after=None
[2023-11-30T02:21:41.627+0200] {processor.py:179} INFO - Processing /home/seva/UCU/AutomatedDataPipelines/Homework1/venv/lib/python3.10/site-packages/airflow/example_dags/example_sensors.py took 0.077 seconds
[2023-11-30T02:22:23.243+0200] {processor.py:157} INFO - Started process (PID=3232) to work on /home/seva/UCU/AutomatedDataPipelines/Homework1/venv/lib/python3.10/site-packages/airflow/example_dags/example_sensors.py
[2023-11-30T02:22:23.245+0200] {processor.py:829} INFO - Processing file /home/seva/UCU/AutomatedDataPipelines/Homework1/venv/lib/python3.10/site-packages/airflow/example_dags/example_sensors.py for tasks to queue
[2023-11-30T02:22:23.246+0200] {logging_mixin.py:154} INFO - [2023-11-30T02:22:23.245+0200] {dagbag.py:536} INFO - Filling up the DagBag from /home/seva/UCU/AutomatedDataPipelines/Homework1/venv/lib/python3.10/site-packages/airflow/example_dags/example_sensors.py
[2023-11-30T02:22:23.253+0200] {processor.py:839} INFO - DAG(s) dict_keys(['example_sensors']) retrieved from /home/seva/UCU/AutomatedDataPipelines/Homework1/venv/lib/python3.10/site-packages/airflow/example_dags/example_sensors.py
[2023-11-30T02:22:23.270+0200] {logging_mixin.py:154} INFO - [2023-11-30T02:22:23.270+0200] {dag.py:2941} INFO - Sync 1 DAGs
[2023-11-30T02:22:23.280+0200] {logging_mixin.py:154} INFO - [2023-11-30T02:22:23.280+0200] {dag.py:3722} INFO - Setting next_dagrun for example_sensors to None, run_after=None
[2023-11-30T02:22:23.305+0200] {processor.py:179} INFO - Processing /home/seva/UCU/AutomatedDataPipelines/Homework1/venv/lib/python3.10/site-packages/airflow/example_dags/example_sensors.py took 0.065 seconds
[2023-11-30T02:22:56.025+0200] {processor.py:157} INFO - Started process (PID=3360) to work on /home/seva/UCU/AutomatedDataPipelines/Homework1/venv/lib/python3.10/site-packages/airflow/example_dags/example_sensors.py
[2023-11-30T02:22:56.037+0200] {processor.py:829} INFO - Processing file /home/seva/UCU/AutomatedDataPipelines/Homework1/venv/lib/python3.10/site-packages/airflow/example_dags/example_sensors.py for tasks to queue
[2023-11-30T02:22:56.038+0200] {logging_mixin.py:154} INFO - [2023-11-30T02:22:56.037+0200] {dagbag.py:536} INFO - Filling up the DagBag from /home/seva/UCU/AutomatedDataPipelines/Homework1/venv/lib/python3.10/site-packages/airflow/example_dags/example_sensors.py
[2023-11-30T02:22:56.046+0200] {processor.py:839} INFO - DAG(s) dict_keys(['example_sensors']) retrieved from /home/seva/UCU/AutomatedDataPipelines/Homework1/venv/lib/python3.10/site-packages/airflow/example_dags/example_sensors.py
[2023-11-30T02:22:56.062+0200] {logging_mixin.py:154} INFO - [2023-11-30T02:22:56.062+0200] {dag.py:2941} INFO - Sync 1 DAGs
[2023-11-30T02:22:56.072+0200] {logging_mixin.py:154} INFO - [2023-11-30T02:22:56.071+0200] {dag.py:3722} INFO - Setting next_dagrun for example_sensors to None, run_after=None
[2023-11-30T02:22:56.101+0200] {processor.py:179} INFO - Processing /home/seva/UCU/AutomatedDataPipelines/Homework1/venv/lib/python3.10/site-packages/airflow/example_dags/example_sensors.py took 0.080 seconds
[2023-11-30T02:23:39.497+0200] {processor.py:157} INFO - Started process (PID=3532) to work on /home/seva/UCU/AutomatedDataPipelines/Homework1/venv/lib/python3.10/site-packages/airflow/example_dags/example_sensors.py
[2023-11-30T02:23:39.501+0200] {processor.py:829} INFO - Processing file /home/seva/UCU/AutomatedDataPipelines/Homework1/venv/lib/python3.10/site-packages/airflow/example_dags/example_sensors.py for tasks to queue
[2023-11-30T02:23:39.503+0200] {logging_mixin.py:154} INFO - [2023-11-30T02:23:39.502+0200] {dagbag.py:536} INFO - Filling up the DagBag from /home/seva/UCU/AutomatedDataPipelines/Homework1/venv/lib/python3.10/site-packages/airflow/example_dags/example_sensors.py
[2023-11-30T02:23:39.512+0200] {processor.py:839} INFO - DAG(s) dict_keys(['example_sensors']) retrieved from /home/seva/UCU/AutomatedDataPipelines/Homework1/venv/lib/python3.10/site-packages/airflow/example_dags/example_sensors.py
[2023-11-30T02:23:39.529+0200] {logging_mixin.py:154} INFO - [2023-11-30T02:23:39.529+0200] {dag.py:2941} INFO - Sync 1 DAGs
[2023-11-30T02:23:39.538+0200] {logging_mixin.py:154} INFO - [2023-11-30T02:23:39.538+0200] {dag.py:3722} INFO - Setting next_dagrun for example_sensors to None, run_after=None
[2023-11-30T02:23:39.563+0200] {processor.py:179} INFO - Processing /home/seva/UCU/AutomatedDataPipelines/Homework1/venv/lib/python3.10/site-packages/airflow/example_dags/example_sensors.py took 0.069 seconds
[2023-11-30T02:24:25.573+0200] {processor.py:157} INFO - Started process (PID=3719) to work on /home/seva/UCU/AutomatedDataPipelines/Homework1/venv/lib/python3.10/site-packages/airflow/example_dags/example_sensors.py
[2023-11-30T02:24:25.585+0200] {processor.py:829} INFO - Processing file /home/seva/UCU/AutomatedDataPipelines/Homework1/venv/lib/python3.10/site-packages/airflow/example_dags/example_sensors.py for tasks to queue
[2023-11-30T02:24:25.586+0200] {logging_mixin.py:154} INFO - [2023-11-30T02:24:25.586+0200] {dagbag.py:536} INFO - Filling up the DagBag from /home/seva/UCU/AutomatedDataPipelines/Homework1/venv/lib/python3.10/site-packages/airflow/example_dags/example_sensors.py
[2023-11-30T02:24:25.595+0200] {processor.py:839} INFO - DAG(s) dict_keys(['example_sensors']) retrieved from /home/seva/UCU/AutomatedDataPipelines/Homework1/venv/lib/python3.10/site-packages/airflow/example_dags/example_sensors.py
[2023-11-30T02:24:25.611+0200] {logging_mixin.py:154} INFO - [2023-11-30T02:24:25.611+0200] {dag.py:2941} INFO - Sync 1 DAGs
[2023-11-30T02:24:25.621+0200] {logging_mixin.py:154} INFO - [2023-11-30T02:24:25.621+0200] {dag.py:3722} INFO - Setting next_dagrun for example_sensors to None, run_after=None
[2023-11-30T02:24:25.647+0200] {processor.py:179} INFO - Processing /home/seva/UCU/AutomatedDataPipelines/Homework1/venv/lib/python3.10/site-packages/airflow/example_dags/example_sensors.py took 0.076 seconds
[2023-11-30T02:24:59.485+0200] {processor.py:157} INFO - Started process (PID=3848) to work on /home/seva/UCU/AutomatedDataPipelines/Homework1/venv/lib/python3.10/site-packages/airflow/example_dags/example_sensors.py
[2023-11-30T02:24:59.487+0200] {processor.py:829} INFO - Processing file /home/seva/UCU/AutomatedDataPipelines/Homework1/venv/lib/python3.10/site-packages/airflow/example_dags/example_sensors.py for tasks to queue
[2023-11-30T02:24:59.488+0200] {logging_mixin.py:154} INFO - [2023-11-30T02:24:59.487+0200] {dagbag.py:536} INFO - Filling up the DagBag from /home/seva/UCU/AutomatedDataPipelines/Homework1/venv/lib/python3.10/site-packages/airflow/example_dags/example_sensors.py
[2023-11-30T02:24:59.496+0200] {processor.py:839} INFO - DAG(s) dict_keys(['example_sensors']) retrieved from /home/seva/UCU/AutomatedDataPipelines/Homework1/venv/lib/python3.10/site-packages/airflow/example_dags/example_sensors.py
[2023-11-30T02:24:59.513+0200] {logging_mixin.py:154} INFO - [2023-11-30T02:24:59.513+0200] {dag.py:2941} INFO - Sync 1 DAGs
[2023-11-30T02:24:59.522+0200] {logging_mixin.py:154} INFO - [2023-11-30T02:24:59.522+0200] {dag.py:3722} INFO - Setting next_dagrun for example_sensors to None, run_after=None
[2023-11-30T02:24:59.548+0200] {processor.py:179} INFO - Processing /home/seva/UCU/AutomatedDataPipelines/Homework1/venv/lib/python3.10/site-packages/airflow/example_dags/example_sensors.py took 0.067 seconds
[2023-11-30T02:25:42.023+0200] {processor.py:157} INFO - Started process (PID=4020) to work on /home/seva/UCU/AutomatedDataPipelines/Homework1/venv/lib/python3.10/site-packages/airflow/example_dags/example_sensors.py
[2023-11-30T02:25:42.035+0200] {processor.py:829} INFO - Processing file /home/seva/UCU/AutomatedDataPipelines/Homework1/venv/lib/python3.10/site-packages/airflow/example_dags/example_sensors.py for tasks to queue
[2023-11-30T02:25:42.036+0200] {logging_mixin.py:154} INFO - [2023-11-30T02:25:42.036+0200] {dagbag.py:536} INFO - Filling up the DagBag from /home/seva/UCU/AutomatedDataPipelines/Homework1/venv/lib/python3.10/site-packages/airflow/example_dags/example_sensors.py
[2023-11-30T02:25:42.045+0200] {processor.py:839} INFO - DAG(s) dict_keys(['example_sensors']) retrieved from /home/seva/UCU/AutomatedDataPipelines/Homework1/venv/lib/python3.10/site-packages/airflow/example_dags/example_sensors.py
[2023-11-30T02:25:42.061+0200] {logging_mixin.py:154} INFO - [2023-11-30T02:25:42.061+0200] {dag.py:2941} INFO - Sync 1 DAGs
[2023-11-30T02:25:42.071+0200] {logging_mixin.py:154} INFO - [2023-11-30T02:25:42.070+0200] {dag.py:3722} INFO - Setting next_dagrun for example_sensors to None, run_after=None
[2023-11-30T02:25:42.101+0200] {processor.py:179} INFO - Processing /home/seva/UCU/AutomatedDataPipelines/Homework1/venv/lib/python3.10/site-packages/airflow/example_dags/example_sensors.py took 0.081 seconds
[2023-11-30T02:26:25.855+0200] {processor.py:157} INFO - Started process (PID=4191) to work on /home/seva/UCU/AutomatedDataPipelines/Homework1/venv/lib/python3.10/site-packages/airflow/example_dags/example_sensors.py
[2023-11-30T02:26:25.867+0200] {processor.py:829} INFO - Processing file /home/seva/UCU/AutomatedDataPipelines/Homework1/venv/lib/python3.10/site-packages/airflow/example_dags/example_sensors.py for tasks to queue
[2023-11-30T02:26:25.868+0200] {logging_mixin.py:154} INFO - [2023-11-30T02:26:25.868+0200] {dagbag.py:536} INFO - Filling up the DagBag from /home/seva/UCU/AutomatedDataPipelines/Homework1/venv/lib/python3.10/site-packages/airflow/example_dags/example_sensors.py
[2023-11-30T02:26:25.877+0200] {processor.py:839} INFO - DAG(s) dict_keys(['example_sensors']) retrieved from /home/seva/UCU/AutomatedDataPipelines/Homework1/venv/lib/python3.10/site-packages/airflow/example_dags/example_sensors.py
[2023-11-30T02:26:25.894+0200] {logging_mixin.py:154} INFO - [2023-11-30T02:26:25.893+0200] {dag.py:2941} INFO - Sync 1 DAGs
[2023-11-30T02:26:25.903+0200] {logging_mixin.py:154} INFO - [2023-11-30T02:26:25.903+0200] {dag.py:3722} INFO - Setting next_dagrun for example_sensors to None, run_after=None
[2023-11-30T02:26:25.928+0200] {processor.py:179} INFO - Processing /home/seva/UCU/AutomatedDataPipelines/Homework1/venv/lib/python3.10/site-packages/airflow/example_dags/example_sensors.py took 0.076 seconds
[2023-11-30T02:27:01.922+0200] {processor.py:157} INFO - Started process (PID=4330) to work on /home/seva/UCU/AutomatedDataPipelines/Homework1/venv/lib/python3.10/site-packages/airflow/example_dags/example_sensors.py
[2023-11-30T02:27:01.923+0200] {processor.py:829} INFO - Processing file /home/seva/UCU/AutomatedDataPipelines/Homework1/venv/lib/python3.10/site-packages/airflow/example_dags/example_sensors.py for tasks to queue
[2023-11-30T02:27:01.925+0200] {logging_mixin.py:154} INFO - [2023-11-30T02:27:01.924+0200] {dagbag.py:536} INFO - Filling up the DagBag from /home/seva/UCU/AutomatedDataPipelines/Homework1/venv/lib/python3.10/site-packages/airflow/example_dags/example_sensors.py
[2023-11-30T02:27:01.933+0200] {processor.py:839} INFO - DAG(s) dict_keys(['example_sensors']) retrieved from /home/seva/UCU/AutomatedDataPipelines/Homework1/venv/lib/python3.10/site-packages/airflow/example_dags/example_sensors.py
[2023-11-30T02:27:01.949+0200] {logging_mixin.py:154} INFO - [2023-11-30T02:27:01.949+0200] {dag.py:2941} INFO - Sync 1 DAGs
[2023-11-30T02:27:01.959+0200] {logging_mixin.py:154} INFO - [2023-11-30T02:27:01.959+0200] {dag.py:3722} INFO - Setting next_dagrun for example_sensors to None, run_after=None
[2023-11-30T02:27:01.986+0200] {processor.py:179} INFO - Processing /home/seva/UCU/AutomatedDataPipelines/Homework1/venv/lib/python3.10/site-packages/airflow/example_dags/example_sensors.py took 0.067 seconds
[2023-11-30T02:27:35.294+0200] {processor.py:157} INFO - Started process (PID=4466) to work on /home/seva/UCU/AutomatedDataPipelines/Homework1/venv/lib/python3.10/site-packages/airflow/example_dags/example_sensors.py
[2023-11-30T02:27:35.307+0200] {processor.py:829} INFO - Processing file /home/seva/UCU/AutomatedDataPipelines/Homework1/venv/lib/python3.10/site-packages/airflow/example_dags/example_sensors.py for tasks to queue
[2023-11-30T02:27:35.308+0200] {logging_mixin.py:154} INFO - [2023-11-30T02:27:35.307+0200] {dagbag.py:536} INFO - Filling up the DagBag from /home/seva/UCU/AutomatedDataPipelines/Homework1/venv/lib/python3.10/site-packages/airflow/example_dags/example_sensors.py
[2023-11-30T02:27:35.316+0200] {processor.py:839} INFO - DAG(s) dict_keys(['example_sensors']) retrieved from /home/seva/UCU/AutomatedDataPipelines/Homework1/venv/lib/python3.10/site-packages/airflow/example_dags/example_sensors.py
[2023-11-30T02:27:35.332+0200] {logging_mixin.py:154} INFO - [2023-11-30T02:27:35.332+0200] {dag.py:2941} INFO - Sync 1 DAGs
[2023-11-30T02:27:35.342+0200] {logging_mixin.py:154} INFO - [2023-11-30T02:27:35.341+0200] {dag.py:3722} INFO - Setting next_dagrun for example_sensors to None, run_after=None
[2023-11-30T02:27:35.382+0200] {processor.py:179} INFO - Processing /home/seva/UCU/AutomatedDataPipelines/Homework1/venv/lib/python3.10/site-packages/airflow/example_dags/example_sensors.py took 0.091 seconds
[2023-11-30T02:28:21.679+0200] {processor.py:157} INFO - Started process (PID=4645) to work on /home/seva/UCU/AutomatedDataPipelines/Homework1/venv/lib/python3.10/site-packages/airflow/example_dags/example_sensors.py
[2023-11-30T02:28:21.681+0200] {processor.py:829} INFO - Processing file /home/seva/UCU/AutomatedDataPipelines/Homework1/venv/lib/python3.10/site-packages/airflow/example_dags/example_sensors.py for tasks to queue
[2023-11-30T02:28:21.682+0200] {logging_mixin.py:154} INFO - [2023-11-30T02:28:21.681+0200] {dagbag.py:536} INFO - Filling up the DagBag from /home/seva/UCU/AutomatedDataPipelines/Homework1/venv/lib/python3.10/site-packages/airflow/example_dags/example_sensors.py
[2023-11-30T02:28:21.690+0200] {processor.py:839} INFO - DAG(s) dict_keys(['example_sensors']) retrieved from /home/seva/UCU/AutomatedDataPipelines/Homework1/venv/lib/python3.10/site-packages/airflow/example_dags/example_sensors.py
[2023-11-30T02:28:21.707+0200] {logging_mixin.py:154} INFO - [2023-11-30T02:28:21.707+0200] {dag.py:2941} INFO - Sync 1 DAGs
[2023-11-30T02:28:21.717+0200] {logging_mixin.py:154} INFO - [2023-11-30T02:28:21.716+0200] {dag.py:3722} INFO - Setting next_dagrun for example_sensors to None, run_after=None
[2023-11-30T02:28:21.740+0200] {processor.py:179} INFO - Processing /home/seva/UCU/AutomatedDataPipelines/Homework1/venv/lib/python3.10/site-packages/airflow/example_dags/example_sensors.py took 0.064 seconds
[2023-11-30T02:29:04.299+0200] {processor.py:157} INFO - Started process (PID=4809) to work on /home/seva/UCU/AutomatedDataPipelines/Homework1/venv/lib/python3.10/site-packages/airflow/example_dags/example_sensors.py
[2023-11-30T02:29:04.310+0200] {processor.py:829} INFO - Processing file /home/seva/UCU/AutomatedDataPipelines/Homework1/venv/lib/python3.10/site-packages/airflow/example_dags/example_sensors.py for tasks to queue
[2023-11-30T02:29:04.311+0200] {logging_mixin.py:154} INFO - [2023-11-30T02:29:04.311+0200] {dagbag.py:536} INFO - Filling up the DagBag from /home/seva/UCU/AutomatedDataPipelines/Homework1/venv/lib/python3.10/site-packages/airflow/example_dags/example_sensors.py
[2023-11-30T02:29:04.320+0200] {processor.py:839} INFO - DAG(s) dict_keys(['example_sensors']) retrieved from /home/seva/UCU/AutomatedDataPipelines/Homework1/venv/lib/python3.10/site-packages/airflow/example_dags/example_sensors.py
[2023-11-30T02:29:04.337+0200] {logging_mixin.py:154} INFO - [2023-11-30T02:29:04.336+0200] {dag.py:2941} INFO - Sync 1 DAGs
[2023-11-30T02:29:04.346+0200] {logging_mixin.py:154} INFO - [2023-11-30T02:29:04.345+0200] {dag.py:3722} INFO - Setting next_dagrun for example_sensors to None, run_after=None
[2023-11-30T02:29:04.369+0200] {processor.py:179} INFO - Processing /home/seva/UCU/AutomatedDataPipelines/Homework1/venv/lib/python3.10/site-packages/airflow/example_dags/example_sensors.py took 0.073 seconds
[2023-11-30T02:29:47.513+0200] {processor.py:157} INFO - Started process (PID=4985) to work on /home/seva/UCU/AutomatedDataPipelines/Homework1/venv/lib/python3.10/site-packages/airflow/example_dags/example_sensors.py
[2023-11-30T02:29:47.524+0200] {processor.py:829} INFO - Processing file /home/seva/UCU/AutomatedDataPipelines/Homework1/venv/lib/python3.10/site-packages/airflow/example_dags/example_sensors.py for tasks to queue
[2023-11-30T02:29:47.526+0200] {logging_mixin.py:154} INFO - [2023-11-30T02:29:47.525+0200] {dagbag.py:536} INFO - Filling up the DagBag from /home/seva/UCU/AutomatedDataPipelines/Homework1/venv/lib/python3.10/site-packages/airflow/example_dags/example_sensors.py
[2023-11-30T02:29:47.534+0200] {processor.py:839} INFO - DAG(s) dict_keys(['example_sensors']) retrieved from /home/seva/UCU/AutomatedDataPipelines/Homework1/venv/lib/python3.10/site-packages/airflow/example_dags/example_sensors.py
[2023-11-30T02:29:47.550+0200] {logging_mixin.py:154} INFO - [2023-11-30T02:29:47.550+0200] {dag.py:2941} INFO - Sync 1 DAGs
[2023-11-30T02:29:47.560+0200] {logging_mixin.py:154} INFO - [2023-11-30T02:29:47.560+0200] {dag.py:3722} INFO - Setting next_dagrun for example_sensors to None, run_after=None
[2023-11-30T02:29:47.584+0200] {processor.py:179} INFO - Processing /home/seva/UCU/AutomatedDataPipelines/Homework1/venv/lib/python3.10/site-packages/airflow/example_dags/example_sensors.py took 0.074 seconds
[2023-11-30T02:30:19.972+0200] {processor.py:157} INFO - Started process (PID=5113) to work on /home/seva/UCU/AutomatedDataPipelines/Homework1/venv/lib/python3.10/site-packages/airflow/example_dags/example_sensors.py
[2023-11-30T02:30:19.984+0200] {processor.py:829} INFO - Processing file /home/seva/UCU/AutomatedDataPipelines/Homework1/venv/lib/python3.10/site-packages/airflow/example_dags/example_sensors.py for tasks to queue
[2023-11-30T02:30:19.985+0200] {logging_mixin.py:154} INFO - [2023-11-30T02:30:19.984+0200] {dagbag.py:536} INFO - Filling up the DagBag from /home/seva/UCU/AutomatedDataPipelines/Homework1/venv/lib/python3.10/site-packages/airflow/example_dags/example_sensors.py
[2023-11-30T02:30:19.994+0200] {processor.py:839} INFO - DAG(s) dict_keys(['example_sensors']) retrieved from /home/seva/UCU/AutomatedDataPipelines/Homework1/venv/lib/python3.10/site-packages/airflow/example_dags/example_sensors.py
[2023-11-30T02:30:20.010+0200] {logging_mixin.py:154} INFO - [2023-11-30T02:30:20.010+0200] {dag.py:2941} INFO - Sync 1 DAGs
[2023-11-30T02:30:20.020+0200] {logging_mixin.py:154} INFO - [2023-11-30T02:30:20.020+0200] {dag.py:3722} INFO - Setting next_dagrun for example_sensors to None, run_after=None
[2023-11-30T02:30:20.045+0200] {processor.py:179} INFO - Processing /home/seva/UCU/AutomatedDataPipelines/Homework1/venv/lib/python3.10/site-packages/airflow/example_dags/example_sensors.py took 0.075 seconds
[2023-11-30T02:31:05.185+0200] {processor.py:157} INFO - Started process (PID=5292) to work on /home/seva/UCU/AutomatedDataPipelines/Homework1/venv/lib/python3.10/site-packages/airflow/example_dags/example_sensors.py
[2023-11-30T02:31:05.187+0200] {processor.py:829} INFO - Processing file /home/seva/UCU/AutomatedDataPipelines/Homework1/venv/lib/python3.10/site-packages/airflow/example_dags/example_sensors.py for tasks to queue
[2023-11-30T02:31:05.188+0200] {logging_mixin.py:154} INFO - [2023-11-30T02:31:05.187+0200] {dagbag.py:536} INFO - Filling up the DagBag from /home/seva/UCU/AutomatedDataPipelines/Homework1/venv/lib/python3.10/site-packages/airflow/example_dags/example_sensors.py
[2023-11-30T02:31:05.196+0200] {processor.py:839} INFO - DAG(s) dict_keys(['example_sensors']) retrieved from /home/seva/UCU/AutomatedDataPipelines/Homework1/venv/lib/python3.10/site-packages/airflow/example_dags/example_sensors.py
[2023-11-30T02:31:05.215+0200] {logging_mixin.py:154} INFO - [2023-11-30T02:31:05.214+0200] {dag.py:2941} INFO - Sync 1 DAGs
[2023-11-30T02:31:05.226+0200] {logging_mixin.py:154} INFO - [2023-11-30T02:31:05.225+0200] {dag.py:3722} INFO - Setting next_dagrun for example_sensors to None, run_after=None
[2023-11-30T02:31:05.250+0200] {processor.py:179} INFO - Processing /home/seva/UCU/AutomatedDataPipelines/Homework1/venv/lib/python3.10/site-packages/airflow/example_dags/example_sensors.py took 0.068 seconds
[2023-11-30T02:31:35.951+0200] {processor.py:157} INFO - Started process (PID=5415) to work on /home/seva/UCU/AutomatedDataPipelines/Homework1/venv/lib/python3.10/site-packages/airflow/example_dags/example_sensors.py
[2023-11-30T02:31:35.953+0200] {processor.py:829} INFO - Processing file /home/seva/UCU/AutomatedDataPipelines/Homework1/venv/lib/python3.10/site-packages/airflow/example_dags/example_sensors.py for tasks to queue
[2023-11-30T02:31:35.954+0200] {logging_mixin.py:154} INFO - [2023-11-30T02:31:35.953+0200] {dagbag.py:536} INFO - Filling up the DagBag from /home/seva/UCU/AutomatedDataPipelines/Homework1/venv/lib/python3.10/site-packages/airflow/example_dags/example_sensors.py
[2023-11-30T02:31:35.962+0200] {processor.py:839} INFO - DAG(s) dict_keys(['example_sensors']) retrieved from /home/seva/UCU/AutomatedDataPipelines/Homework1/venv/lib/python3.10/site-packages/airflow/example_dags/example_sensors.py
[2023-11-30T02:31:35.980+0200] {logging_mixin.py:154} INFO - [2023-11-30T02:31:35.980+0200] {dag.py:2941} INFO - Sync 1 DAGs
[2023-11-30T02:31:35.990+0200] {logging_mixin.py:154} INFO - [2023-11-30T02:31:35.990+0200] {dag.py:3722} INFO - Setting next_dagrun for example_sensors to None, run_after=None
[2023-11-30T02:31:36.014+0200] {processor.py:179} INFO - Processing /home/seva/UCU/AutomatedDataPipelines/Homework1/venv/lib/python3.10/site-packages/airflow/example_dags/example_sensors.py took 0.066 seconds
[2023-11-30T02:32:19.342+0200] {processor.py:157} INFO - Started process (PID=5588) to work on /home/seva/UCU/AutomatedDataPipelines/Homework1/venv/lib/python3.10/site-packages/airflow/example_dags/example_sensors.py
[2023-11-30T02:32:19.354+0200] {processor.py:829} INFO - Processing file /home/seva/UCU/AutomatedDataPipelines/Homework1/venv/lib/python3.10/site-packages/airflow/example_dags/example_sensors.py for tasks to queue
[2023-11-30T02:32:19.355+0200] {logging_mixin.py:154} INFO - [2023-11-30T02:32:19.354+0200] {dagbag.py:536} INFO - Filling up the DagBag from /home/seva/UCU/AutomatedDataPipelines/Homework1/venv/lib/python3.10/site-packages/airflow/example_dags/example_sensors.py
[2023-11-30T02:32:19.363+0200] {processor.py:839} INFO - DAG(s) dict_keys(['example_sensors']) retrieved from /home/seva/UCU/AutomatedDataPipelines/Homework1/venv/lib/python3.10/site-packages/airflow/example_dags/example_sensors.py
[2023-11-30T02:32:19.380+0200] {logging_mixin.py:154} INFO - [2023-11-30T02:32:19.380+0200] {dag.py:2941} INFO - Sync 1 DAGs
[2023-11-30T02:32:19.389+0200] {logging_mixin.py:154} INFO - [2023-11-30T02:32:19.389+0200] {dag.py:3722} INFO - Setting next_dagrun for example_sensors to None, run_after=None
[2023-11-30T02:32:19.422+0200] {processor.py:179} INFO - Processing /home/seva/UCU/AutomatedDataPipelines/Homework1/venv/lib/python3.10/site-packages/airflow/example_dags/example_sensors.py took 0.082 seconds
[2023-11-30T02:32:52.155+0200] {processor.py:157} INFO - Started process (PID=5745) to work on /home/seva/UCU/AutomatedDataPipelines/Homework1/venv/lib/python3.10/site-packages/airflow/example_dags/example_sensors.py
[2023-11-30T02:32:52.157+0200] {processor.py:829} INFO - Processing file /home/seva/UCU/AutomatedDataPipelines/Homework1/venv/lib/python3.10/site-packages/airflow/example_dags/example_sensors.py for tasks to queue
[2023-11-30T02:32:52.158+0200] {logging_mixin.py:154} INFO - [2023-11-30T02:32:52.158+0200] {dagbag.py:536} INFO - Filling up the DagBag from /home/seva/UCU/AutomatedDataPipelines/Homework1/venv/lib/python3.10/site-packages/airflow/example_dags/example_sensors.py
[2023-11-30T02:32:52.167+0200] {processor.py:839} INFO - DAG(s) dict_keys(['example_sensors']) retrieved from /home/seva/UCU/AutomatedDataPipelines/Homework1/venv/lib/python3.10/site-packages/airflow/example_dags/example_sensors.py
[2023-11-30T02:32:52.184+0200] {logging_mixin.py:154} INFO - [2023-11-30T02:32:52.184+0200] {dag.py:2941} INFO - Sync 1 DAGs
[2023-11-30T02:32:52.194+0200] {logging_mixin.py:154} INFO - [2023-11-30T02:32:52.194+0200] {dag.py:3722} INFO - Setting next_dagrun for example_sensors to None, run_after=None
[2023-11-30T02:32:52.222+0200] {processor.py:179} INFO - Processing /home/seva/UCU/AutomatedDataPipelines/Homework1/venv/lib/python3.10/site-packages/airflow/example_dags/example_sensors.py took 0.070 seconds
[2023-11-30T02:33:38.284+0200] {processor.py:157} INFO - Started process (PID=5924) to work on /home/seva/UCU/AutomatedDataPipelines/Homework1/venv/lib/python3.10/site-packages/airflow/example_dags/example_sensors.py
[2023-11-30T02:33:38.296+0200] {processor.py:829} INFO - Processing file /home/seva/UCU/AutomatedDataPipelines/Homework1/venv/lib/python3.10/site-packages/airflow/example_dags/example_sensors.py for tasks to queue
[2023-11-30T02:33:38.297+0200] {logging_mixin.py:154} INFO - [2023-11-30T02:33:38.297+0200] {dagbag.py:536} INFO - Filling up the DagBag from /home/seva/UCU/AutomatedDataPipelines/Homework1/venv/lib/python3.10/site-packages/airflow/example_dags/example_sensors.py
[2023-11-30T02:33:38.306+0200] {processor.py:839} INFO - DAG(s) dict_keys(['example_sensors']) retrieved from /home/seva/UCU/AutomatedDataPipelines/Homework1/venv/lib/python3.10/site-packages/airflow/example_dags/example_sensors.py
[2023-11-30T02:33:38.325+0200] {logging_mixin.py:154} INFO - [2023-11-30T02:33:38.324+0200] {dag.py:2941} INFO - Sync 1 DAGs
[2023-11-30T02:33:38.334+0200] {logging_mixin.py:154} INFO - [2023-11-30T02:33:38.334+0200] {dag.py:3722} INFO - Setting next_dagrun for example_sensors to None, run_after=None
[2023-11-30T02:33:38.360+0200] {processor.py:179} INFO - Processing /home/seva/UCU/AutomatedDataPipelines/Homework1/venv/lib/python3.10/site-packages/airflow/example_dags/example_sensors.py took 0.079 seconds
[2023-11-30T02:34:26.893+0200] {processor.py:157} INFO - Started process (PID=6116) to work on /home/seva/UCU/AutomatedDataPipelines/Homework1/venv/lib/python3.10/site-packages/airflow/example_dags/example_sensors.py
[2023-11-30T02:34:26.906+0200] {processor.py:829} INFO - Processing file /home/seva/UCU/AutomatedDataPipelines/Homework1/venv/lib/python3.10/site-packages/airflow/example_dags/example_sensors.py for tasks to queue
[2023-11-30T02:34:26.907+0200] {logging_mixin.py:154} INFO - [2023-11-30T02:34:26.907+0200] {dagbag.py:536} INFO - Filling up the DagBag from /home/seva/UCU/AutomatedDataPipelines/Homework1/venv/lib/python3.10/site-packages/airflow/example_dags/example_sensors.py
[2023-11-30T02:34:26.922+0200] {processor.py:839} INFO - DAG(s) dict_keys(['example_sensors']) retrieved from /home/seva/UCU/AutomatedDataPipelines/Homework1/venv/lib/python3.10/site-packages/airflow/example_dags/example_sensors.py
[2023-11-30T02:34:26.948+0200] {logging_mixin.py:154} INFO - [2023-11-30T02:34:26.948+0200] {dag.py:2941} INFO - Sync 1 DAGs
[2023-11-30T02:34:26.967+0200] {logging_mixin.py:154} INFO - [2023-11-30T02:34:26.967+0200] {dag.py:3722} INFO - Setting next_dagrun for example_sensors to None, run_after=None
[2023-11-30T02:34:27.003+0200] {processor.py:179} INFO - Processing /home/seva/UCU/AutomatedDataPipelines/Homework1/venv/lib/python3.10/site-packages/airflow/example_dags/example_sensors.py took 0.114 seconds
[2023-11-30T02:35:01.682+0200] {processor.py:157} INFO - Started process (PID=6256) to work on /home/seva/UCU/AutomatedDataPipelines/Homework1/venv/lib/python3.10/site-packages/airflow/example_dags/example_sensors.py
[2023-11-30T02:35:01.694+0200] {processor.py:829} INFO - Processing file /home/seva/UCU/AutomatedDataPipelines/Homework1/venv/lib/python3.10/site-packages/airflow/example_dags/example_sensors.py for tasks to queue
[2023-11-30T02:35:01.695+0200] {logging_mixin.py:154} INFO - [2023-11-30T02:35:01.695+0200] {dagbag.py:536} INFO - Filling up the DagBag from /home/seva/UCU/AutomatedDataPipelines/Homework1/venv/lib/python3.10/site-packages/airflow/example_dags/example_sensors.py
[2023-11-30T02:35:01.705+0200] {processor.py:839} INFO - DAG(s) dict_keys(['example_sensors']) retrieved from /home/seva/UCU/AutomatedDataPipelines/Homework1/venv/lib/python3.10/site-packages/airflow/example_dags/example_sensors.py
[2023-11-30T02:35:01.725+0200] {logging_mixin.py:154} INFO - [2023-11-30T02:35:01.725+0200] {dag.py:2941} INFO - Sync 1 DAGs
[2023-11-30T02:35:01.735+0200] {logging_mixin.py:154} INFO - [2023-11-30T02:35:01.735+0200] {dag.py:3722} INFO - Setting next_dagrun for example_sensors to None, run_after=None
[2023-11-30T02:35:01.770+0200] {processor.py:179} INFO - Processing /home/seva/UCU/AutomatedDataPipelines/Homework1/venv/lib/python3.10/site-packages/airflow/example_dags/example_sensors.py took 0.091 seconds
[2023-11-30T02:35:46.916+0200] {processor.py:157} INFO - Started process (PID=6436) to work on /home/seva/UCU/AutomatedDataPipelines/Homework1/venv/lib/python3.10/site-packages/airflow/example_dags/example_sensors.py
[2023-11-30T02:35:46.928+0200] {processor.py:829} INFO - Processing file /home/seva/UCU/AutomatedDataPipelines/Homework1/venv/lib/python3.10/site-packages/airflow/example_dags/example_sensors.py for tasks to queue
[2023-11-30T02:35:46.929+0200] {logging_mixin.py:154} INFO - [2023-11-30T02:35:46.929+0200] {dagbag.py:536} INFO - Filling up the DagBag from /home/seva/UCU/AutomatedDataPipelines/Homework1/venv/lib/python3.10/site-packages/airflow/example_dags/example_sensors.py
[2023-11-30T02:35:46.937+0200] {processor.py:839} INFO - DAG(s) dict_keys(['example_sensors']) retrieved from /home/seva/UCU/AutomatedDataPipelines/Homework1/venv/lib/python3.10/site-packages/airflow/example_dags/example_sensors.py
[2023-11-30T02:35:46.954+0200] {logging_mixin.py:154} INFO - [2023-11-30T02:35:46.954+0200] {dag.py:2941} INFO - Sync 1 DAGs
[2023-11-30T02:35:46.963+0200] {logging_mixin.py:154} INFO - [2023-11-30T02:35:46.963+0200] {dag.py:3722} INFO - Setting next_dagrun for example_sensors to None, run_after=None
[2023-11-30T02:35:46.986+0200] {processor.py:179} INFO - Processing /home/seva/UCU/AutomatedDataPipelines/Homework1/venv/lib/python3.10/site-packages/airflow/example_dags/example_sensors.py took 0.073 seconds
[2023-11-30T02:36:32.648+0200] {processor.py:157} INFO - Started process (PID=6620) to work on /home/seva/UCU/AutomatedDataPipelines/Homework1/venv/lib/python3.10/site-packages/airflow/example_dags/example_sensors.py
[2023-11-30T02:36:32.660+0200] {processor.py:829} INFO - Processing file /home/seva/UCU/AutomatedDataPipelines/Homework1/venv/lib/python3.10/site-packages/airflow/example_dags/example_sensors.py for tasks to queue
[2023-11-30T02:36:32.661+0200] {logging_mixin.py:154} INFO - [2023-11-30T02:36:32.661+0200] {dagbag.py:536} INFO - Filling up the DagBag from /home/seva/UCU/AutomatedDataPipelines/Homework1/venv/lib/python3.10/site-packages/airflow/example_dags/example_sensors.py
[2023-11-30T02:36:32.670+0200] {processor.py:839} INFO - DAG(s) dict_keys(['example_sensors']) retrieved from /home/seva/UCU/AutomatedDataPipelines/Homework1/venv/lib/python3.10/site-packages/airflow/example_dags/example_sensors.py
[2023-11-30T02:36:32.686+0200] {logging_mixin.py:154} INFO - [2023-11-30T02:36:32.686+0200] {dag.py:2941} INFO - Sync 1 DAGs
[2023-11-30T02:36:32.695+0200] {logging_mixin.py:154} INFO - [2023-11-30T02:36:32.695+0200] {dag.py:3722} INFO - Setting next_dagrun for example_sensors to None, run_after=None
[2023-11-30T02:36:32.721+0200] {processor.py:179} INFO - Processing /home/seva/UCU/AutomatedDataPipelines/Homework1/venv/lib/python3.10/site-packages/airflow/example_dags/example_sensors.py took 0.076 seconds
[2023-11-30T02:37:20.711+0200] {processor.py:157} INFO - Started process (PID=6810) to work on /home/seva/UCU/AutomatedDataPipelines/Homework1/venv/lib/python3.10/site-packages/airflow/example_dags/example_sensors.py
[2023-11-30T02:37:20.723+0200] {processor.py:829} INFO - Processing file /home/seva/UCU/AutomatedDataPipelines/Homework1/venv/lib/python3.10/site-packages/airflow/example_dags/example_sensors.py for tasks to queue
[2023-11-30T02:37:20.725+0200] {logging_mixin.py:154} INFO - [2023-11-30T02:37:20.724+0200] {dagbag.py:536} INFO - Filling up the DagBag from /home/seva/UCU/AutomatedDataPipelines/Homework1/venv/lib/python3.10/site-packages/airflow/example_dags/example_sensors.py
[2023-11-30T02:37:20.733+0200] {processor.py:839} INFO - DAG(s) dict_keys(['example_sensors']) retrieved from /home/seva/UCU/AutomatedDataPipelines/Homework1/venv/lib/python3.10/site-packages/airflow/example_dags/example_sensors.py
[2023-11-30T02:37:20.751+0200] {logging_mixin.py:154} INFO - [2023-11-30T02:37:20.751+0200] {dag.py:2941} INFO - Sync 1 DAGs
[2023-11-30T02:37:20.761+0200] {logging_mixin.py:154} INFO - [2023-11-30T02:37:20.761+0200] {dag.py:3722} INFO - Setting next_dagrun for example_sensors to None, run_after=None
[2023-11-30T02:37:20.786+0200] {processor.py:179} INFO - Processing /home/seva/UCU/AutomatedDataPipelines/Homework1/venv/lib/python3.10/site-packages/airflow/example_dags/example_sensors.py took 0.079 seconds
[2023-11-30T02:37:53.986+0200] {processor.py:157} INFO - Started process (PID=6939) to work on /home/seva/UCU/AutomatedDataPipelines/Homework1/venv/lib/python3.10/site-packages/airflow/example_dags/example_sensors.py
[2023-11-30T02:37:53.999+0200] {processor.py:829} INFO - Processing file /home/seva/UCU/AutomatedDataPipelines/Homework1/venv/lib/python3.10/site-packages/airflow/example_dags/example_sensors.py for tasks to queue
[2023-11-30T02:37:54.001+0200] {logging_mixin.py:154} INFO - [2023-11-30T02:37:54.000+0200] {dagbag.py:536} INFO - Filling up the DagBag from /home/seva/UCU/AutomatedDataPipelines/Homework1/venv/lib/python3.10/site-packages/airflow/example_dags/example_sensors.py
[2023-11-30T02:37:54.017+0200] {processor.py:839} INFO - DAG(s) dict_keys(['example_sensors']) retrieved from /home/seva/UCU/AutomatedDataPipelines/Homework1/venv/lib/python3.10/site-packages/airflow/example_dags/example_sensors.py
[2023-11-30T02:37:54.055+0200] {logging_mixin.py:154} INFO - [2023-11-30T02:37:54.053+0200] {dag.py:2941} INFO - Sync 1 DAGs
[2023-11-30T02:37:54.075+0200] {logging_mixin.py:154} INFO - [2023-11-30T02:37:54.074+0200] {dag.py:3722} INFO - Setting next_dagrun for example_sensors to None, run_after=None
[2023-11-30T02:37:54.117+0200] {processor.py:179} INFO - Processing /home/seva/UCU/AutomatedDataPipelines/Homework1/venv/lib/python3.10/site-packages/airflow/example_dags/example_sensors.py took 0.134 seconds
[2023-11-30T02:38:29.029+0200] {processor.py:157} INFO - Started process (PID=7202) to work on /home/seva/UCU/AutomatedDataPipelines/Homework1/venv/lib/python3.10/site-packages/airflow/example_dags/example_sensors.py
[2023-11-30T02:38:29.031+0200] {processor.py:829} INFO - Processing file /home/seva/UCU/AutomatedDataPipelines/Homework1/venv/lib/python3.10/site-packages/airflow/example_dags/example_sensors.py for tasks to queue
[2023-11-30T02:38:29.032+0200] {logging_mixin.py:154} INFO - [2023-11-30T02:38:29.032+0200] {dagbag.py:536} INFO - Filling up the DagBag from /home/seva/UCU/AutomatedDataPipelines/Homework1/venv/lib/python3.10/site-packages/airflow/example_dags/example_sensors.py
[2023-11-30T02:38:29.040+0200] {processor.py:839} INFO - DAG(s) dict_keys(['example_sensors']) retrieved from /home/seva/UCU/AutomatedDataPipelines/Homework1/venv/lib/python3.10/site-packages/airflow/example_dags/example_sensors.py
[2023-11-30T02:38:29.063+0200] {logging_mixin.py:154} INFO - [2023-11-30T02:38:29.062+0200] {dag.py:2941} INFO - Sync 1 DAGs
[2023-11-30T02:38:29.072+0200] {logging_mixin.py:154} INFO - [2023-11-30T02:38:29.072+0200] {dag.py:3722} INFO - Setting next_dagrun for example_sensors to None, run_after=None
[2023-11-30T02:38:29.096+0200] {processor.py:179} INFO - Processing /home/seva/UCU/AutomatedDataPipelines/Homework1/venv/lib/python3.10/site-packages/airflow/example_dags/example_sensors.py took 0.070 seconds
[2023-11-30T02:39:05.629+0200] {processor.py:157} INFO - Started process (PID=7446) to work on /home/seva/UCU/AutomatedDataPipelines/Homework1/venv/lib/python3.10/site-packages/airflow/example_dags/example_sensors.py
[2023-11-30T02:39:05.642+0200] {processor.py:829} INFO - Processing file /home/seva/UCU/AutomatedDataPipelines/Homework1/venv/lib/python3.10/site-packages/airflow/example_dags/example_sensors.py for tasks to queue
[2023-11-30T02:39:05.644+0200] {logging_mixin.py:154} INFO - [2023-11-30T02:39:05.643+0200] {dagbag.py:536} INFO - Filling up the DagBag from /home/seva/UCU/AutomatedDataPipelines/Homework1/venv/lib/python3.10/site-packages/airflow/example_dags/example_sensors.py
[2023-11-30T02:39:05.655+0200] {processor.py:839} INFO - DAG(s) dict_keys(['example_sensors']) retrieved from /home/seva/UCU/AutomatedDataPipelines/Homework1/venv/lib/python3.10/site-packages/airflow/example_dags/example_sensors.py
[2023-11-30T02:39:05.678+0200] {logging_mixin.py:154} INFO - [2023-11-30T02:39:05.678+0200] {dag.py:2941} INFO - Sync 1 DAGs
[2023-11-30T02:39:05.689+0200] {logging_mixin.py:154} INFO - [2023-11-30T02:39:05.689+0200] {dag.py:3722} INFO - Setting next_dagrun for example_sensors to None, run_after=None
[2023-11-30T02:39:05.722+0200] {processor.py:179} INFO - Processing /home/seva/UCU/AutomatedDataPipelines/Homework1/venv/lib/python3.10/site-packages/airflow/example_dags/example_sensors.py took 0.097 seconds
