[2023-11-30T02:14:07.594+0200] {processor.py:157} INFO - Started process (PID=1294) to work on /home/seva/UCU/AutomatedDataPipelines/Homework1/venv/lib/python3.10/site-packages/airflow/example_dags/example_bash_operator.py
[2023-11-30T02:14:07.595+0200] {processor.py:829} INFO - Processing file /home/seva/UCU/AutomatedDataPipelines/Homework1/venv/lib/python3.10/site-packages/airflow/example_dags/example_bash_operator.py for tasks to queue
[2023-11-30T02:14:07.595+0200] {logging_mixin.py:154} INFO - [2023-11-30T02:14:07.595+0200] {dagbag.py:536} INFO - Filling up the DagBag from /home/seva/UCU/AutomatedDataPipelines/Homework1/venv/lib/python3.10/site-packages/airflow/example_dags/example_bash_operator.py
[2023-11-30T02:14:07.606+0200] {processor.py:839} INFO - DAG(s) dict_keys(['example_bash_operator']) retrieved from /home/seva/UCU/AutomatedDataPipelines/Homework1/venv/lib/python3.10/site-packages/airflow/example_dags/example_bash_operator.py
[2023-11-30T02:14:07.716+0200] {logging_mixin.py:154} INFO - [2023-11-30T02:14:07.716+0200] {manager.py:499} INFO - Created Permission View: %s
[2023-11-30T02:14:07.733+0200] {logging_mixin.py:154} INFO - [2023-11-30T02:14:07.733+0200] {manager.py:499} INFO - Created Permission View: %s
[2023-11-30T02:14:07.748+0200] {logging_mixin.py:154} INFO - [2023-11-30T02:14:07.748+0200] {manager.py:499} INFO - Created Permission View: %s
[2023-11-30T02:14:07.749+0200] {logging_mixin.py:154} INFO - [2023-11-30T02:14:07.748+0200] {dag.py:2941} INFO - Sync 1 DAGs
[2023-11-30T02:14:07.756+0200] {logging_mixin.py:154} INFO - [2023-11-30T02:14:07.756+0200] {dag.py:2963} INFO - Creating ORM DAG for example_bash_operator
[2023-11-30T02:14:07.764+0200] {logging_mixin.py:154} INFO - [2023-11-30T02:14:07.764+0200] {dag.py:3722} INFO - Setting next_dagrun for example_bash_operator to 2023-11-29T00:00:00+00:00, run_after=2023-11-30T00:00:00+00:00
[2023-11-30T02:14:07.792+0200] {processor.py:179} INFO - Processing /home/seva/UCU/AutomatedDataPipelines/Homework1/venv/lib/python3.10/site-packages/airflow/example_dags/example_bash_operator.py took 0.201 seconds
[2023-11-30T02:14:55.914+0200] {processor.py:157} INFO - Started process (PID=1461) to work on /home/seva/UCU/AutomatedDataPipelines/Homework1/venv/lib/python3.10/site-packages/airflow/example_dags/example_bash_operator.py
[2023-11-30T02:14:55.926+0200] {processor.py:829} INFO - Processing file /home/seva/UCU/AutomatedDataPipelines/Homework1/venv/lib/python3.10/site-packages/airflow/example_dags/example_bash_operator.py for tasks to queue
[2023-11-30T02:14:55.928+0200] {logging_mixin.py:154} INFO - [2023-11-30T02:14:55.927+0200] {dagbag.py:536} INFO - Filling up the DagBag from /home/seva/UCU/AutomatedDataPipelines/Homework1/venv/lib/python3.10/site-packages/airflow/example_dags/example_bash_operator.py
[2023-11-30T02:14:55.940+0200] {processor.py:839} INFO - DAG(s) dict_keys(['example_bash_operator']) retrieved from /home/seva/UCU/AutomatedDataPipelines/Homework1/venv/lib/python3.10/site-packages/airflow/example_dags/example_bash_operator.py
[2023-11-30T02:14:55.960+0200] {logging_mixin.py:154} INFO - [2023-11-30T02:14:55.960+0200] {dag.py:2941} INFO - Sync 1 DAGs
[2023-11-30T02:14:55.979+0200] {logging_mixin.py:154} INFO - [2023-11-30T02:14:55.979+0200] {dag.py:3722} INFO - Setting next_dagrun for example_bash_operator to 2023-11-29T00:00:00+00:00, run_after=2023-11-30T00:00:00+00:00
[2023-11-30T02:14:56.002+0200] {processor.py:179} INFO - Processing /home/seva/UCU/AutomatedDataPipelines/Homework1/venv/lib/python3.10/site-packages/airflow/example_dags/example_bash_operator.py took 0.091 seconds
[2023-11-30T02:15:42.773+0200] {processor.py:157} INFO - Started process (PID=1642) to work on /home/seva/UCU/AutomatedDataPipelines/Homework1/venv/lib/python3.10/site-packages/airflow/example_dags/example_bash_operator.py
[2023-11-30T02:15:42.785+0200] {processor.py:829} INFO - Processing file /home/seva/UCU/AutomatedDataPipelines/Homework1/venv/lib/python3.10/site-packages/airflow/example_dags/example_bash_operator.py for tasks to queue
[2023-11-30T02:15:42.786+0200] {logging_mixin.py:154} INFO - [2023-11-30T02:15:42.786+0200] {dagbag.py:536} INFO - Filling up the DagBag from /home/seva/UCU/AutomatedDataPipelines/Homework1/venv/lib/python3.10/site-packages/airflow/example_dags/example_bash_operator.py
[2023-11-30T02:15:42.797+0200] {processor.py:839} INFO - DAG(s) dict_keys(['example_bash_operator']) retrieved from /home/seva/UCU/AutomatedDataPipelines/Homework1/venv/lib/python3.10/site-packages/airflow/example_dags/example_bash_operator.py
[2023-11-30T02:15:42.816+0200] {logging_mixin.py:154} INFO - [2023-11-30T02:15:42.816+0200] {dag.py:2941} INFO - Sync 1 DAGs
[2023-11-30T02:15:42.834+0200] {logging_mixin.py:154} INFO - [2023-11-30T02:15:42.833+0200] {dag.py:3722} INFO - Setting next_dagrun for example_bash_operator to 2023-11-29T00:00:00+00:00, run_after=2023-11-30T00:00:00+00:00
[2023-11-30T02:15:42.880+0200] {processor.py:179} INFO - Processing /home/seva/UCU/AutomatedDataPipelines/Homework1/venv/lib/python3.10/site-packages/airflow/example_dags/example_bash_operator.py took 0.111 seconds
[2023-11-30T02:16:29.446+0200] {processor.py:157} INFO - Started process (PID=1822) to work on /home/seva/UCU/AutomatedDataPipelines/Homework1/venv/lib/python3.10/site-packages/airflow/example_dags/example_bash_operator.py
[2023-11-30T02:16:29.448+0200] {processor.py:829} INFO - Processing file /home/seva/UCU/AutomatedDataPipelines/Homework1/venv/lib/python3.10/site-packages/airflow/example_dags/example_bash_operator.py for tasks to queue
[2023-11-30T02:16:29.449+0200] {logging_mixin.py:154} INFO - [2023-11-30T02:16:29.449+0200] {dagbag.py:536} INFO - Filling up the DagBag from /home/seva/UCU/AutomatedDataPipelines/Homework1/venv/lib/python3.10/site-packages/airflow/example_dags/example_bash_operator.py
[2023-11-30T02:16:29.460+0200] {processor.py:839} INFO - DAG(s) dict_keys(['example_bash_operator']) retrieved from /home/seva/UCU/AutomatedDataPipelines/Homework1/venv/lib/python3.10/site-packages/airflow/example_dags/example_bash_operator.py
[2023-11-30T02:16:29.481+0200] {logging_mixin.py:154} INFO - [2023-11-30T02:16:29.481+0200] {dag.py:2941} INFO - Sync 1 DAGs
[2023-11-30T02:16:29.501+0200] {logging_mixin.py:154} INFO - [2023-11-30T02:16:29.501+0200] {dag.py:3722} INFO - Setting next_dagrun for example_bash_operator to 2023-11-29T00:00:00+00:00, run_after=2023-11-30T00:00:00+00:00
[2023-11-30T02:16:29.524+0200] {processor.py:179} INFO - Processing /home/seva/UCU/AutomatedDataPipelines/Homework1/venv/lib/python3.10/site-packages/airflow/example_dags/example_bash_operator.py took 0.082 seconds
[2023-11-30T02:17:11.774+0200] {processor.py:157} INFO - Started process (PID=1997) to work on /home/seva/UCU/AutomatedDataPipelines/Homework1/venv/lib/python3.10/site-packages/airflow/example_dags/example_bash_operator.py
[2023-11-30T02:17:11.776+0200] {processor.py:829} INFO - Processing file /home/seva/UCU/AutomatedDataPipelines/Homework1/venv/lib/python3.10/site-packages/airflow/example_dags/example_bash_operator.py for tasks to queue
[2023-11-30T02:17:11.776+0200] {logging_mixin.py:154} INFO - [2023-11-30T02:17:11.776+0200] {dagbag.py:536} INFO - Filling up the DagBag from /home/seva/UCU/AutomatedDataPipelines/Homework1/venv/lib/python3.10/site-packages/airflow/example_dags/example_bash_operator.py
[2023-11-30T02:17:11.788+0200] {processor.py:839} INFO - DAG(s) dict_keys(['example_bash_operator']) retrieved from /home/seva/UCU/AutomatedDataPipelines/Homework1/venv/lib/python3.10/site-packages/airflow/example_dags/example_bash_operator.py
[2023-11-30T02:17:11.811+0200] {logging_mixin.py:154} INFO - [2023-11-30T02:17:11.811+0200] {dag.py:2941} INFO - Sync 1 DAGs
[2023-11-30T02:17:11.830+0200] {logging_mixin.py:154} INFO - [2023-11-30T02:17:11.830+0200] {dag.py:3722} INFO - Setting next_dagrun for example_bash_operator to 2023-11-29T00:00:00+00:00, run_after=2023-11-30T00:00:00+00:00
[2023-11-30T02:17:11.855+0200] {processor.py:179} INFO - Processing /home/seva/UCU/AutomatedDataPipelines/Homework1/venv/lib/python3.10/site-packages/airflow/example_dags/example_bash_operator.py took 0.085 seconds
[2023-11-30T02:17:55.733+0200] {processor.py:157} INFO - Started process (PID=2174) to work on /home/seva/UCU/AutomatedDataPipelines/Homework1/venv/lib/python3.10/site-packages/airflow/example_dags/example_bash_operator.py
[2023-11-30T02:17:55.735+0200] {processor.py:829} INFO - Processing file /home/seva/UCU/AutomatedDataPipelines/Homework1/venv/lib/python3.10/site-packages/airflow/example_dags/example_bash_operator.py for tasks to queue
[2023-11-30T02:17:55.736+0200] {logging_mixin.py:154} INFO - [2023-11-30T02:17:55.735+0200] {dagbag.py:536} INFO - Filling up the DagBag from /home/seva/UCU/AutomatedDataPipelines/Homework1/venv/lib/python3.10/site-packages/airflow/example_dags/example_bash_operator.py
[2023-11-30T02:17:55.750+0200] {processor.py:839} INFO - DAG(s) dict_keys(['example_bash_operator']) retrieved from /home/seva/UCU/AutomatedDataPipelines/Homework1/venv/lib/python3.10/site-packages/airflow/example_dags/example_bash_operator.py
[2023-11-30T02:17:55.776+0200] {logging_mixin.py:154} INFO - [2023-11-30T02:17:55.776+0200] {dag.py:2941} INFO - Sync 1 DAGs
[2023-11-30T02:17:55.796+0200] {logging_mixin.py:154} INFO - [2023-11-30T02:17:55.796+0200] {dag.py:3722} INFO - Setting next_dagrun for example_bash_operator to 2023-11-29T00:00:00+00:00, run_after=2023-11-30T00:00:00+00:00
[2023-11-30T02:17:55.822+0200] {processor.py:179} INFO - Processing /home/seva/UCU/AutomatedDataPipelines/Homework1/venv/lib/python3.10/site-packages/airflow/example_dags/example_bash_operator.py took 0.093 seconds
[2023-11-30T02:18:38.193+0200] {processor.py:157} INFO - Started process (PID=2346) to work on /home/seva/UCU/AutomatedDataPipelines/Homework1/venv/lib/python3.10/site-packages/airflow/example_dags/example_bash_operator.py
[2023-11-30T02:18:38.195+0200] {processor.py:829} INFO - Processing file /home/seva/UCU/AutomatedDataPipelines/Homework1/venv/lib/python3.10/site-packages/airflow/example_dags/example_bash_operator.py for tasks to queue
[2023-11-30T02:18:38.196+0200] {logging_mixin.py:154} INFO - [2023-11-30T02:18:38.196+0200] {dagbag.py:536} INFO - Filling up the DagBag from /home/seva/UCU/AutomatedDataPipelines/Homework1/venv/lib/python3.10/site-packages/airflow/example_dags/example_bash_operator.py
[2023-11-30T02:18:38.206+0200] {processor.py:839} INFO - DAG(s) dict_keys(['example_bash_operator']) retrieved from /home/seva/UCU/AutomatedDataPipelines/Homework1/venv/lib/python3.10/site-packages/airflow/example_dags/example_bash_operator.py
[2023-11-30T02:18:38.226+0200] {logging_mixin.py:154} INFO - [2023-11-30T02:18:38.226+0200] {dag.py:2941} INFO - Sync 1 DAGs
[2023-11-30T02:18:38.242+0200] {logging_mixin.py:154} INFO - [2023-11-30T02:18:38.242+0200] {dag.py:3722} INFO - Setting next_dagrun for example_bash_operator to 2023-11-29T00:00:00+00:00, run_after=2023-11-30T00:00:00+00:00
[2023-11-30T02:18:38.267+0200] {processor.py:179} INFO - Processing /home/seva/UCU/AutomatedDataPipelines/Homework1/venv/lib/python3.10/site-packages/airflow/example_dags/example_bash_operator.py took 0.077 seconds
[2023-11-30T02:19:23.615+0200] {processor.py:157} INFO - Started process (PID=2526) to work on /home/seva/UCU/AutomatedDataPipelines/Homework1/venv/lib/python3.10/site-packages/airflow/example_dags/example_bash_operator.py
[2023-11-30T02:19:23.617+0200] {processor.py:829} INFO - Processing file /home/seva/UCU/AutomatedDataPipelines/Homework1/venv/lib/python3.10/site-packages/airflow/example_dags/example_bash_operator.py for tasks to queue
[2023-11-30T02:19:23.618+0200] {logging_mixin.py:154} INFO - [2023-11-30T02:19:23.618+0200] {dagbag.py:536} INFO - Filling up the DagBag from /home/seva/UCU/AutomatedDataPipelines/Homework1/venv/lib/python3.10/site-packages/airflow/example_dags/example_bash_operator.py
[2023-11-30T02:19:23.628+0200] {processor.py:839} INFO - DAG(s) dict_keys(['example_bash_operator']) retrieved from /home/seva/UCU/AutomatedDataPipelines/Homework1/venv/lib/python3.10/site-packages/airflow/example_dags/example_bash_operator.py
[2023-11-30T02:19:23.647+0200] {logging_mixin.py:154} INFO - [2023-11-30T02:19:23.647+0200] {dag.py:2941} INFO - Sync 1 DAGs
[2023-11-30T02:19:23.664+0200] {logging_mixin.py:154} INFO - [2023-11-30T02:19:23.664+0200] {dag.py:3722} INFO - Setting next_dagrun for example_bash_operator to 2023-11-29T00:00:00+00:00, run_after=2023-11-30T00:00:00+00:00
[2023-11-30T02:19:23.688+0200] {processor.py:179} INFO - Processing /home/seva/UCU/AutomatedDataPipelines/Homework1/venv/lib/python3.10/site-packages/airflow/example_dags/example_bash_operator.py took 0.075 seconds
[2023-11-30T02:20:06.967+0200] {processor.py:157} INFO - Started process (PID=2692) to work on /home/seva/UCU/AutomatedDataPipelines/Homework1/venv/lib/python3.10/site-packages/airflow/example_dags/example_bash_operator.py
[2023-11-30T02:20:06.979+0200] {processor.py:829} INFO - Processing file /home/seva/UCU/AutomatedDataPipelines/Homework1/venv/lib/python3.10/site-packages/airflow/example_dags/example_bash_operator.py for tasks to queue
[2023-11-30T02:20:06.980+0200] {logging_mixin.py:154} INFO - [2023-11-30T02:20:06.980+0200] {dagbag.py:536} INFO - Filling up the DagBag from /home/seva/UCU/AutomatedDataPipelines/Homework1/venv/lib/python3.10/site-packages/airflow/example_dags/example_bash_operator.py
[2023-11-30T02:20:06.995+0200] {processor.py:839} INFO - DAG(s) dict_keys(['example_bash_operator']) retrieved from /home/seva/UCU/AutomatedDataPipelines/Homework1/venv/lib/python3.10/site-packages/airflow/example_dags/example_bash_operator.py
[2023-11-30T02:20:07.022+0200] {logging_mixin.py:154} INFO - [2023-11-30T02:20:07.022+0200] {dag.py:2941} INFO - Sync 1 DAGs
[2023-11-30T02:20:07.041+0200] {logging_mixin.py:154} INFO - [2023-11-30T02:20:07.040+0200] {dag.py:3722} INFO - Setting next_dagrun for example_bash_operator to 2023-11-29T00:00:00+00:00, run_after=2023-11-30T00:00:00+00:00
[2023-11-30T02:20:07.067+0200] {processor.py:179} INFO - Processing /home/seva/UCU/AutomatedDataPipelines/Homework1/venv/lib/python3.10/site-packages/airflow/example_dags/example_bash_operator.py took 0.103 seconds
[2023-11-30T02:20:53.458+0200] {processor.py:157} INFO - Started process (PID=2877) to work on /home/seva/UCU/AutomatedDataPipelines/Homework1/venv/lib/python3.10/site-packages/airflow/example_dags/example_bash_operator.py
[2023-11-30T02:20:53.469+0200] {processor.py:829} INFO - Processing file /home/seva/UCU/AutomatedDataPipelines/Homework1/venv/lib/python3.10/site-packages/airflow/example_dags/example_bash_operator.py for tasks to queue
[2023-11-30T02:20:53.470+0200] {logging_mixin.py:154} INFO - [2023-11-30T02:20:53.470+0200] {dagbag.py:536} INFO - Filling up the DagBag from /home/seva/UCU/AutomatedDataPipelines/Homework1/venv/lib/python3.10/site-packages/airflow/example_dags/example_bash_operator.py
[2023-11-30T02:20:53.480+0200] {processor.py:839} INFO - DAG(s) dict_keys(['example_bash_operator']) retrieved from /home/seva/UCU/AutomatedDataPipelines/Homework1/venv/lib/python3.10/site-packages/airflow/example_dags/example_bash_operator.py
[2023-11-30T02:20:53.499+0200] {logging_mixin.py:154} INFO - [2023-11-30T02:20:53.499+0200] {dag.py:2941} INFO - Sync 1 DAGs
[2023-11-30T02:20:53.516+0200] {logging_mixin.py:154} INFO - [2023-11-30T02:20:53.516+0200] {dag.py:3722} INFO - Setting next_dagrun for example_bash_operator to 2023-11-29T00:00:00+00:00, run_after=2023-11-30T00:00:00+00:00
[2023-11-30T02:20:53.541+0200] {processor.py:179} INFO - Processing /home/seva/UCU/AutomatedDataPipelines/Homework1/venv/lib/python3.10/site-packages/airflow/example_dags/example_bash_operator.py took 0.086 seconds
[2023-11-30T02:21:38.666+0200] {processor.py:157} INFO - Started process (PID=3056) to work on /home/seva/UCU/AutomatedDataPipelines/Homework1/venv/lib/python3.10/site-packages/airflow/example_dags/example_bash_operator.py
[2023-11-30T02:21:38.678+0200] {processor.py:829} INFO - Processing file /home/seva/UCU/AutomatedDataPipelines/Homework1/venv/lib/python3.10/site-packages/airflow/example_dags/example_bash_operator.py for tasks to queue
[2023-11-30T02:21:38.679+0200] {logging_mixin.py:154} INFO - [2023-11-30T02:21:38.679+0200] {dagbag.py:536} INFO - Filling up the DagBag from /home/seva/UCU/AutomatedDataPipelines/Homework1/venv/lib/python3.10/site-packages/airflow/example_dags/example_bash_operator.py
[2023-11-30T02:21:38.691+0200] {processor.py:839} INFO - DAG(s) dict_keys(['example_bash_operator']) retrieved from /home/seva/UCU/AutomatedDataPipelines/Homework1/venv/lib/python3.10/site-packages/airflow/example_dags/example_bash_operator.py
[2023-11-30T02:21:38.711+0200] {logging_mixin.py:154} INFO - [2023-11-30T02:21:38.710+0200] {dag.py:2941} INFO - Sync 1 DAGs
[2023-11-30T02:21:38.727+0200] {logging_mixin.py:154} INFO - [2023-11-30T02:21:38.727+0200] {dag.py:3722} INFO - Setting next_dagrun for example_bash_operator to 2023-11-29T00:00:00+00:00, run_after=2023-11-30T00:00:00+00:00
[2023-11-30T02:21:38.751+0200] {processor.py:179} INFO - Processing /home/seva/UCU/AutomatedDataPipelines/Homework1/venv/lib/python3.10/site-packages/airflow/example_dags/example_bash_operator.py took 0.087 seconds
[2023-11-30T02:22:19.974+0200] {processor.py:157} INFO - Started process (PID=3223) to work on /home/seva/UCU/AutomatedDataPipelines/Homework1/venv/lib/python3.10/site-packages/airflow/example_dags/example_bash_operator.py
[2023-11-30T02:22:19.986+0200] {processor.py:829} INFO - Processing file /home/seva/UCU/AutomatedDataPipelines/Homework1/venv/lib/python3.10/site-packages/airflow/example_dags/example_bash_operator.py for tasks to queue
[2023-11-30T02:22:19.986+0200] {logging_mixin.py:154} INFO - [2023-11-30T02:22:19.986+0200] {dagbag.py:536} INFO - Filling up the DagBag from /home/seva/UCU/AutomatedDataPipelines/Homework1/venv/lib/python3.10/site-packages/airflow/example_dags/example_bash_operator.py
[2023-11-30T02:22:19.996+0200] {processor.py:839} INFO - DAG(s) dict_keys(['example_bash_operator']) retrieved from /home/seva/UCU/AutomatedDataPipelines/Homework1/venv/lib/python3.10/site-packages/airflow/example_dags/example_bash_operator.py
[2023-11-30T02:22:20.015+0200] {logging_mixin.py:154} INFO - [2023-11-30T02:22:20.014+0200] {dag.py:2941} INFO - Sync 1 DAGs
[2023-11-30T02:22:20.031+0200] {logging_mixin.py:154} INFO - [2023-11-30T02:22:20.031+0200] {dag.py:3722} INFO - Setting next_dagrun for example_bash_operator to 2023-11-29T00:00:00+00:00, run_after=2023-11-30T00:00:00+00:00
[2023-11-30T02:22:20.054+0200] {processor.py:179} INFO - Processing /home/seva/UCU/AutomatedDataPipelines/Homework1/venv/lib/python3.10/site-packages/airflow/example_dags/example_bash_operator.py took 0.083 seconds
[2023-11-30T02:23:07.597+0200] {processor.py:157} INFO - Started process (PID=3409) to work on /home/seva/UCU/AutomatedDataPipelines/Homework1/venv/lib/python3.10/site-packages/airflow/example_dags/example_bash_operator.py
[2023-11-30T02:23:07.609+0200] {processor.py:829} INFO - Processing file /home/seva/UCU/AutomatedDataPipelines/Homework1/venv/lib/python3.10/site-packages/airflow/example_dags/example_bash_operator.py for tasks to queue
[2023-11-30T02:23:07.610+0200] {logging_mixin.py:154} INFO - [2023-11-30T02:23:07.610+0200] {dagbag.py:536} INFO - Filling up the DagBag from /home/seva/UCU/AutomatedDataPipelines/Homework1/venv/lib/python3.10/site-packages/airflow/example_dags/example_bash_operator.py
[2023-11-30T02:23:07.621+0200] {processor.py:839} INFO - DAG(s) dict_keys(['example_bash_operator']) retrieved from /home/seva/UCU/AutomatedDataPipelines/Homework1/venv/lib/python3.10/site-packages/airflow/example_dags/example_bash_operator.py
[2023-11-30T02:23:07.641+0200] {logging_mixin.py:154} INFO - [2023-11-30T02:23:07.640+0200] {dag.py:2941} INFO - Sync 1 DAGs
[2023-11-30T02:23:07.658+0200] {logging_mixin.py:154} INFO - [2023-11-30T02:23:07.657+0200] {dag.py:3722} INFO - Setting next_dagrun for example_bash_operator to 2023-11-29T00:00:00+00:00, run_after=2023-11-30T00:00:00+00:00
[2023-11-30T02:23:07.700+0200] {processor.py:179} INFO - Processing /home/seva/UCU/AutomatedDataPipelines/Homework1/venv/lib/python3.10/site-packages/airflow/example_dags/example_bash_operator.py took 0.105 seconds
[2023-11-30T02:23:52.157+0200] {processor.py:157} INFO - Started process (PID=3581) to work on /home/seva/UCU/AutomatedDataPipelines/Homework1/venv/lib/python3.10/site-packages/airflow/example_dags/example_bash_operator.py
[2023-11-30T02:23:52.169+0200] {processor.py:829} INFO - Processing file /home/seva/UCU/AutomatedDataPipelines/Homework1/venv/lib/python3.10/site-packages/airflow/example_dags/example_bash_operator.py for tasks to queue
[2023-11-30T02:23:52.170+0200] {logging_mixin.py:154} INFO - [2023-11-30T02:23:52.170+0200] {dagbag.py:536} INFO - Filling up the DagBag from /home/seva/UCU/AutomatedDataPipelines/Homework1/venv/lib/python3.10/site-packages/airflow/example_dags/example_bash_operator.py
[2023-11-30T02:23:52.180+0200] {processor.py:839} INFO - DAG(s) dict_keys(['example_bash_operator']) retrieved from /home/seva/UCU/AutomatedDataPipelines/Homework1/venv/lib/python3.10/site-packages/airflow/example_dags/example_bash_operator.py
[2023-11-30T02:23:52.207+0200] {logging_mixin.py:154} INFO - [2023-11-30T02:23:52.207+0200] {dag.py:2941} INFO - Sync 1 DAGs
[2023-11-30T02:23:52.231+0200] {logging_mixin.py:154} INFO - [2023-11-30T02:23:52.231+0200] {dag.py:3722} INFO - Setting next_dagrun for example_bash_operator to 2023-11-29T00:00:00+00:00, run_after=2023-11-30T00:00:00+00:00
[2023-11-30T02:23:52.256+0200] {processor.py:179} INFO - Processing /home/seva/UCU/AutomatedDataPipelines/Homework1/venv/lib/python3.10/site-packages/airflow/example_dags/example_bash_operator.py took 0.102 seconds
[2023-11-30T02:24:39.018+0200] {processor.py:157} INFO - Started process (PID=3768) to work on /home/seva/UCU/AutomatedDataPipelines/Homework1/venv/lib/python3.10/site-packages/airflow/example_dags/example_bash_operator.py
[2023-11-30T02:24:39.020+0200] {processor.py:829} INFO - Processing file /home/seva/UCU/AutomatedDataPipelines/Homework1/venv/lib/python3.10/site-packages/airflow/example_dags/example_bash_operator.py for tasks to queue
[2023-11-30T02:24:39.021+0200] {logging_mixin.py:154} INFO - [2023-11-30T02:24:39.021+0200] {dagbag.py:536} INFO - Filling up the DagBag from /home/seva/UCU/AutomatedDataPipelines/Homework1/venv/lib/python3.10/site-packages/airflow/example_dags/example_bash_operator.py
[2023-11-30T02:24:39.031+0200] {processor.py:839} INFO - DAG(s) dict_keys(['example_bash_operator']) retrieved from /home/seva/UCU/AutomatedDataPipelines/Homework1/venv/lib/python3.10/site-packages/airflow/example_dags/example_bash_operator.py
[2023-11-30T02:24:39.050+0200] {logging_mixin.py:154} INFO - [2023-11-30T02:24:39.050+0200] {dag.py:2941} INFO - Sync 1 DAGs
[2023-11-30T02:24:39.067+0200] {logging_mixin.py:154} INFO - [2023-11-30T02:24:39.066+0200] {dag.py:3722} INFO - Setting next_dagrun for example_bash_operator to 2023-11-29T00:00:00+00:00, run_after=2023-11-30T00:00:00+00:00
[2023-11-30T02:24:39.090+0200] {processor.py:179} INFO - Processing /home/seva/UCU/AutomatedDataPipelines/Homework1/venv/lib/python3.10/site-packages/airflow/example_dags/example_bash_operator.py took 0.075 seconds
[2023-11-30T02:25:26.468+0200] {processor.py:157} INFO - Started process (PID=3956) to work on /home/seva/UCU/AutomatedDataPipelines/Homework1/venv/lib/python3.10/site-packages/airflow/example_dags/example_bash_operator.py
[2023-11-30T02:25:26.481+0200] {processor.py:829} INFO - Processing file /home/seva/UCU/AutomatedDataPipelines/Homework1/venv/lib/python3.10/site-packages/airflow/example_dags/example_bash_operator.py for tasks to queue
[2023-11-30T02:25:26.482+0200] {logging_mixin.py:154} INFO - [2023-11-30T02:25:26.482+0200] {dagbag.py:536} INFO - Filling up the DagBag from /home/seva/UCU/AutomatedDataPipelines/Homework1/venv/lib/python3.10/site-packages/airflow/example_dags/example_bash_operator.py
[2023-11-30T02:25:26.492+0200] {processor.py:839} INFO - DAG(s) dict_keys(['example_bash_operator']) retrieved from /home/seva/UCU/AutomatedDataPipelines/Homework1/venv/lib/python3.10/site-packages/airflow/example_dags/example_bash_operator.py
[2023-11-30T02:25:26.511+0200] {logging_mixin.py:154} INFO - [2023-11-30T02:25:26.511+0200] {dag.py:2941} INFO - Sync 1 DAGs
[2023-11-30T02:25:26.527+0200] {logging_mixin.py:154} INFO - [2023-11-30T02:25:26.527+0200] {dag.py:3722} INFO - Setting next_dagrun for example_bash_operator to 2023-11-29T00:00:00+00:00, run_after=2023-11-30T00:00:00+00:00
[2023-11-30T02:25:26.551+0200] {processor.py:179} INFO - Processing /home/seva/UCU/AutomatedDataPipelines/Homework1/venv/lib/python3.10/site-packages/airflow/example_dags/example_bash_operator.py took 0.086 seconds
[2023-11-30T02:26:21.931+0200] {processor.py:157} INFO - Started process (PID=4175) to work on /home/seva/UCU/AutomatedDataPipelines/Homework1/venv/lib/python3.10/site-packages/airflow/example_dags/example_bash_operator.py
[2023-11-30T02:26:21.943+0200] {processor.py:829} INFO - Processing file /home/seva/UCU/AutomatedDataPipelines/Homework1/venv/lib/python3.10/site-packages/airflow/example_dags/example_bash_operator.py for tasks to queue
[2023-11-30T02:26:21.944+0200] {logging_mixin.py:154} INFO - [2023-11-30T02:26:21.944+0200] {dagbag.py:536} INFO - Filling up the DagBag from /home/seva/UCU/AutomatedDataPipelines/Homework1/venv/lib/python3.10/site-packages/airflow/example_dags/example_bash_operator.py
[2023-11-30T02:26:21.954+0200] {processor.py:839} INFO - DAG(s) dict_keys(['example_bash_operator']) retrieved from /home/seva/UCU/AutomatedDataPipelines/Homework1/venv/lib/python3.10/site-packages/airflow/example_dags/example_bash_operator.py
[2023-11-30T02:26:21.975+0200] {logging_mixin.py:154} INFO - [2023-11-30T02:26:21.975+0200] {dag.py:2941} INFO - Sync 1 DAGs
[2023-11-30T02:26:21.991+0200] {logging_mixin.py:154} INFO - [2023-11-30T02:26:21.991+0200] {dag.py:3722} INFO - Setting next_dagrun for example_bash_operator to 2023-11-29T00:00:00+00:00, run_after=2023-11-30T00:00:00+00:00
[2023-11-30T02:26:22.016+0200] {processor.py:179} INFO - Processing /home/seva/UCU/AutomatedDataPipelines/Homework1/venv/lib/python3.10/site-packages/airflow/example_dags/example_bash_operator.py took 0.087 seconds
[2023-11-30T02:27:15.019+0200] {processor.py:157} INFO - Started process (PID=4385) to work on /home/seva/UCU/AutomatedDataPipelines/Homework1/venv/lib/python3.10/site-packages/airflow/example_dags/example_bash_operator.py
[2023-11-30T02:27:15.031+0200] {processor.py:829} INFO - Processing file /home/seva/UCU/AutomatedDataPipelines/Homework1/venv/lib/python3.10/site-packages/airflow/example_dags/example_bash_operator.py for tasks to queue
[2023-11-30T02:27:15.032+0200] {logging_mixin.py:154} INFO - [2023-11-30T02:27:15.032+0200] {dagbag.py:536} INFO - Filling up the DagBag from /home/seva/UCU/AutomatedDataPipelines/Homework1/venv/lib/python3.10/site-packages/airflow/example_dags/example_bash_operator.py
[2023-11-30T02:27:15.042+0200] {processor.py:839} INFO - DAG(s) dict_keys(['example_bash_operator']) retrieved from /home/seva/UCU/AutomatedDataPipelines/Homework1/venv/lib/python3.10/site-packages/airflow/example_dags/example_bash_operator.py
[2023-11-30T02:27:15.061+0200] {logging_mixin.py:154} INFO - [2023-11-30T02:27:15.061+0200] {dag.py:2941} INFO - Sync 1 DAGs
[2023-11-30T02:27:15.078+0200] {logging_mixin.py:154} INFO - [2023-11-30T02:27:15.078+0200] {dag.py:3722} INFO - Setting next_dagrun for example_bash_operator to 2023-11-29T00:00:00+00:00, run_after=2023-11-30T00:00:00+00:00
[2023-11-30T02:27:15.103+0200] {processor.py:179} INFO - Processing /home/seva/UCU/AutomatedDataPipelines/Homework1/venv/lib/python3.10/site-packages/airflow/example_dags/example_bash_operator.py took 0.086 seconds
[2023-11-30T02:28:03.724+0200] {processor.py:157} INFO - Started process (PID=4572) to work on /home/seva/UCU/AutomatedDataPipelines/Homework1/venv/lib/python3.10/site-packages/airflow/example_dags/example_bash_operator.py
[2023-11-30T02:28:03.737+0200] {processor.py:829} INFO - Processing file /home/seva/UCU/AutomatedDataPipelines/Homework1/venv/lib/python3.10/site-packages/airflow/example_dags/example_bash_operator.py for tasks to queue
[2023-11-30T02:28:03.738+0200] {logging_mixin.py:154} INFO - [2023-11-30T02:28:03.738+0200] {dagbag.py:536} INFO - Filling up the DagBag from /home/seva/UCU/AutomatedDataPipelines/Homework1/venv/lib/python3.10/site-packages/airflow/example_dags/example_bash_operator.py
[2023-11-30T02:28:03.749+0200] {processor.py:839} INFO - DAG(s) dict_keys(['example_bash_operator']) retrieved from /home/seva/UCU/AutomatedDataPipelines/Homework1/venv/lib/python3.10/site-packages/airflow/example_dags/example_bash_operator.py
[2023-11-30T02:28:03.768+0200] {logging_mixin.py:154} INFO - [2023-11-30T02:28:03.768+0200] {dag.py:2941} INFO - Sync 1 DAGs
[2023-11-30T02:28:03.784+0200] {logging_mixin.py:154} INFO - [2023-11-30T02:28:03.784+0200] {dag.py:3722} INFO - Setting next_dagrun for example_bash_operator to 2023-11-29T00:00:00+00:00, run_after=2023-11-30T00:00:00+00:00
[2023-11-30T02:28:03.809+0200] {processor.py:179} INFO - Processing /home/seva/UCU/AutomatedDataPipelines/Homework1/venv/lib/python3.10/site-packages/airflow/example_dags/example_bash_operator.py took 0.088 seconds
[2023-11-30T02:28:46.879+0200] {processor.py:157} INFO - Started process (PID=4744) to work on /home/seva/UCU/AutomatedDataPipelines/Homework1/venv/lib/python3.10/site-packages/airflow/example_dags/example_bash_operator.py
[2023-11-30T02:28:46.881+0200] {processor.py:829} INFO - Processing file /home/seva/UCU/AutomatedDataPipelines/Homework1/venv/lib/python3.10/site-packages/airflow/example_dags/example_bash_operator.py for tasks to queue
[2023-11-30T02:28:46.882+0200] {logging_mixin.py:154} INFO - [2023-11-30T02:28:46.881+0200] {dagbag.py:536} INFO - Filling up the DagBag from /home/seva/UCU/AutomatedDataPipelines/Homework1/venv/lib/python3.10/site-packages/airflow/example_dags/example_bash_operator.py
[2023-11-30T02:28:46.892+0200] {processor.py:839} INFO - DAG(s) dict_keys(['example_bash_operator']) retrieved from /home/seva/UCU/AutomatedDataPipelines/Homework1/venv/lib/python3.10/site-packages/airflow/example_dags/example_bash_operator.py
[2023-11-30T02:28:46.911+0200] {logging_mixin.py:154} INFO - [2023-11-30T02:28:46.911+0200] {dag.py:2941} INFO - Sync 1 DAGs
[2023-11-30T02:28:46.929+0200] {logging_mixin.py:154} INFO - [2023-11-30T02:28:46.929+0200] {dag.py:3722} INFO - Setting next_dagrun for example_bash_operator to 2023-11-29T00:00:00+00:00, run_after=2023-11-30T00:00:00+00:00
[2023-11-30T02:28:46.951+0200] {processor.py:179} INFO - Processing /home/seva/UCU/AutomatedDataPipelines/Homework1/venv/lib/python3.10/site-packages/airflow/example_dags/example_bash_operator.py took 0.075 seconds
[2023-11-30T02:29:32.568+0200] {processor.py:157} INFO - Started process (PID=4928) to work on /home/seva/UCU/AutomatedDataPipelines/Homework1/venv/lib/python3.10/site-packages/airflow/example_dags/example_bash_operator.py
[2023-11-30T02:29:32.570+0200] {processor.py:829} INFO - Processing file /home/seva/UCU/AutomatedDataPipelines/Homework1/venv/lib/python3.10/site-packages/airflow/example_dags/example_bash_operator.py for tasks to queue
[2023-11-30T02:29:32.571+0200] {logging_mixin.py:154} INFO - [2023-11-30T02:29:32.571+0200] {dagbag.py:536} INFO - Filling up the DagBag from /home/seva/UCU/AutomatedDataPipelines/Homework1/venv/lib/python3.10/site-packages/airflow/example_dags/example_bash_operator.py
[2023-11-30T02:29:32.581+0200] {processor.py:839} INFO - DAG(s) dict_keys(['example_bash_operator']) retrieved from /home/seva/UCU/AutomatedDataPipelines/Homework1/venv/lib/python3.10/site-packages/airflow/example_dags/example_bash_operator.py
[2023-11-30T02:29:32.601+0200] {logging_mixin.py:154} INFO - [2023-11-30T02:29:32.601+0200] {dag.py:2941} INFO - Sync 1 DAGs
[2023-11-30T02:29:32.619+0200] {logging_mixin.py:154} INFO - [2023-11-30T02:29:32.619+0200] {dag.py:3722} INFO - Setting next_dagrun for example_bash_operator to 2023-11-29T00:00:00+00:00, run_after=2023-11-30T00:00:00+00:00
[2023-11-30T02:29:32.643+0200] {processor.py:179} INFO - Processing /home/seva/UCU/AutomatedDataPipelines/Homework1/venv/lib/python3.10/site-packages/airflow/example_dags/example_bash_operator.py took 0.078 seconds
[2023-11-30T02:30:32.655+0200] {processor.py:157} INFO - Started process (PID=5163) to work on /home/seva/UCU/AutomatedDataPipelines/Homework1/venv/lib/python3.10/site-packages/airflow/example_dags/example_bash_operator.py
[2023-11-30T02:30:32.667+0200] {processor.py:829} INFO - Processing file /home/seva/UCU/AutomatedDataPipelines/Homework1/venv/lib/python3.10/site-packages/airflow/example_dags/example_bash_operator.py for tasks to queue
[2023-11-30T02:30:32.668+0200] {logging_mixin.py:154} INFO - [2023-11-30T02:30:32.668+0200] {dagbag.py:536} INFO - Filling up the DagBag from /home/seva/UCU/AutomatedDataPipelines/Homework1/venv/lib/python3.10/site-packages/airflow/example_dags/example_bash_operator.py
[2023-11-30T02:30:32.680+0200] {processor.py:839} INFO - DAG(s) dict_keys(['example_bash_operator']) retrieved from /home/seva/UCU/AutomatedDataPipelines/Homework1/venv/lib/python3.10/site-packages/airflow/example_dags/example_bash_operator.py
[2023-11-30T02:30:32.700+0200] {logging_mixin.py:154} INFO - [2023-11-30T02:30:32.699+0200] {dag.py:2941} INFO - Sync 1 DAGs
[2023-11-30T02:30:32.717+0200] {logging_mixin.py:154} INFO - [2023-11-30T02:30:32.717+0200] {dag.py:3722} INFO - Setting next_dagrun for example_bash_operator to 2023-11-29T00:00:00+00:00, run_after=2023-11-30T00:00:00+00:00
[2023-11-30T02:30:32.747+0200] {processor.py:179} INFO - Processing /home/seva/UCU/AutomatedDataPipelines/Homework1/venv/lib/python3.10/site-packages/airflow/example_dags/example_bash_operator.py took 0.095 seconds
[2023-11-30T02:31:18.381+0200] {processor.py:157} INFO - Started process (PID=5342) to work on /home/seva/UCU/AutomatedDataPipelines/Homework1/venv/lib/python3.10/site-packages/airflow/example_dags/example_bash_operator.py
[2023-11-30T02:31:18.383+0200] {processor.py:829} INFO - Processing file /home/seva/UCU/AutomatedDataPipelines/Homework1/venv/lib/python3.10/site-packages/airflow/example_dags/example_bash_operator.py for tasks to queue
[2023-11-30T02:31:18.384+0200] {logging_mixin.py:154} INFO - [2023-11-30T02:31:18.384+0200] {dagbag.py:536} INFO - Filling up the DagBag from /home/seva/UCU/AutomatedDataPipelines/Homework1/venv/lib/python3.10/site-packages/airflow/example_dags/example_bash_operator.py
[2023-11-30T02:31:18.394+0200] {processor.py:839} INFO - DAG(s) dict_keys(['example_bash_operator']) retrieved from /home/seva/UCU/AutomatedDataPipelines/Homework1/venv/lib/python3.10/site-packages/airflow/example_dags/example_bash_operator.py
[2023-11-30T02:31:18.414+0200] {logging_mixin.py:154} INFO - [2023-11-30T02:31:18.414+0200] {dag.py:2941} INFO - Sync 1 DAGs
[2023-11-30T02:31:18.431+0200] {logging_mixin.py:154} INFO - [2023-11-30T02:31:18.431+0200] {dag.py:3722} INFO - Setting next_dagrun for example_bash_operator to 2023-11-29T00:00:00+00:00, run_after=2023-11-30T00:00:00+00:00
[2023-11-30T02:31:18.456+0200] {processor.py:179} INFO - Processing /home/seva/UCU/AutomatedDataPipelines/Homework1/venv/lib/python3.10/site-packages/airflow/example_dags/example_bash_operator.py took 0.078 seconds
[2023-11-30T02:32:01.762+0200] {processor.py:157} INFO - Started process (PID=5516) to work on /home/seva/UCU/AutomatedDataPipelines/Homework1/venv/lib/python3.10/site-packages/airflow/example_dags/example_bash_operator.py
[2023-11-30T02:32:01.764+0200] {processor.py:829} INFO - Processing file /home/seva/UCU/AutomatedDataPipelines/Homework1/venv/lib/python3.10/site-packages/airflow/example_dags/example_bash_operator.py for tasks to queue
[2023-11-30T02:32:01.765+0200] {logging_mixin.py:154} INFO - [2023-11-30T02:32:01.765+0200] {dagbag.py:536} INFO - Filling up the DagBag from /home/seva/UCU/AutomatedDataPipelines/Homework1/venv/lib/python3.10/site-packages/airflow/example_dags/example_bash_operator.py
[2023-11-30T02:32:01.779+0200] {processor.py:839} INFO - DAG(s) dict_keys(['example_bash_operator']) retrieved from /home/seva/UCU/AutomatedDataPipelines/Homework1/venv/lib/python3.10/site-packages/airflow/example_dags/example_bash_operator.py
[2023-11-30T02:32:01.804+0200] {logging_mixin.py:154} INFO - [2023-11-30T02:32:01.804+0200] {dag.py:2941} INFO - Sync 1 DAGs
[2023-11-30T02:32:01.823+0200] {logging_mixin.py:154} INFO - [2023-11-30T02:32:01.823+0200] {dag.py:3722} INFO - Setting next_dagrun for example_bash_operator to 2023-11-29T00:00:00+00:00, run_after=2023-11-30T00:00:00+00:00
[2023-11-30T02:32:01.852+0200] {processor.py:179} INFO - Processing /home/seva/UCU/AutomatedDataPipelines/Homework1/venv/lib/python3.10/site-packages/airflow/example_dags/example_bash_operator.py took 0.093 seconds
[2023-11-30T02:32:47.758+0200] {processor.py:157} INFO - Started process (PID=5722) to work on /home/seva/UCU/AutomatedDataPipelines/Homework1/venv/lib/python3.10/site-packages/airflow/example_dags/example_bash_operator.py
[2023-11-30T02:32:47.770+0200] {processor.py:829} INFO - Processing file /home/seva/UCU/AutomatedDataPipelines/Homework1/venv/lib/python3.10/site-packages/airflow/example_dags/example_bash_operator.py for tasks to queue
[2023-11-30T02:32:47.771+0200] {logging_mixin.py:154} INFO - [2023-11-30T02:32:47.771+0200] {dagbag.py:536} INFO - Filling up the DagBag from /home/seva/UCU/AutomatedDataPipelines/Homework1/venv/lib/python3.10/site-packages/airflow/example_dags/example_bash_operator.py
[2023-11-30T02:32:47.781+0200] {processor.py:839} INFO - DAG(s) dict_keys(['example_bash_operator']) retrieved from /home/seva/UCU/AutomatedDataPipelines/Homework1/venv/lib/python3.10/site-packages/airflow/example_dags/example_bash_operator.py
[2023-11-30T02:32:47.799+0200] {logging_mixin.py:154} INFO - [2023-11-30T02:32:47.799+0200] {dag.py:2941} INFO - Sync 1 DAGs
[2023-11-30T02:32:47.816+0200] {logging_mixin.py:154} INFO - [2023-11-30T02:32:47.816+0200] {dag.py:3722} INFO - Setting next_dagrun for example_bash_operator to 2023-11-29T00:00:00+00:00, run_after=2023-11-30T00:00:00+00:00
[2023-11-30T02:32:47.854+0200] {processor.py:179} INFO - Processing /home/seva/UCU/AutomatedDataPipelines/Homework1/venv/lib/python3.10/site-packages/airflow/example_dags/example_bash_operator.py took 0.099 seconds
[2023-11-30T02:33:34.546+0200] {processor.py:157} INFO - Started process (PID=5908) to work on /home/seva/UCU/AutomatedDataPipelines/Homework1/venv/lib/python3.10/site-packages/airflow/example_dags/example_bash_operator.py
[2023-11-30T02:33:34.558+0200] {processor.py:829} INFO - Processing file /home/seva/UCU/AutomatedDataPipelines/Homework1/venv/lib/python3.10/site-packages/airflow/example_dags/example_bash_operator.py for tasks to queue
[2023-11-30T02:33:34.559+0200] {logging_mixin.py:154} INFO - [2023-11-30T02:33:34.559+0200] {dagbag.py:536} INFO - Filling up the DagBag from /home/seva/UCU/AutomatedDataPipelines/Homework1/venv/lib/python3.10/site-packages/airflow/example_dags/example_bash_operator.py
[2023-11-30T02:33:34.570+0200] {processor.py:839} INFO - DAG(s) dict_keys(['example_bash_operator']) retrieved from /home/seva/UCU/AutomatedDataPipelines/Homework1/venv/lib/python3.10/site-packages/airflow/example_dags/example_bash_operator.py
[2023-11-30T02:33:34.590+0200] {logging_mixin.py:154} INFO - [2023-11-30T02:33:34.590+0200] {dag.py:2941} INFO - Sync 1 DAGs
[2023-11-30T02:33:34.607+0200] {logging_mixin.py:154} INFO - [2023-11-30T02:33:34.607+0200] {dag.py:3722} INFO - Setting next_dagrun for example_bash_operator to 2023-11-29T00:00:00+00:00, run_after=2023-11-30T00:00:00+00:00
[2023-11-30T02:33:34.638+0200] {processor.py:179} INFO - Processing /home/seva/UCU/AutomatedDataPipelines/Homework1/venv/lib/python3.10/site-packages/airflow/example_dags/example_bash_operator.py took 0.097 seconds
[2023-11-30T02:34:21.637+0200] {processor.py:157} INFO - Started process (PID=6099) to work on /home/seva/UCU/AutomatedDataPipelines/Homework1/venv/lib/python3.10/site-packages/airflow/example_dags/example_bash_operator.py
[2023-11-30T02:34:21.640+0200] {processor.py:829} INFO - Processing file /home/seva/UCU/AutomatedDataPipelines/Homework1/venv/lib/python3.10/site-packages/airflow/example_dags/example_bash_operator.py for tasks to queue
[2023-11-30T02:34:21.640+0200] {logging_mixin.py:154} INFO - [2023-11-30T02:34:21.640+0200] {dagbag.py:536} INFO - Filling up the DagBag from /home/seva/UCU/AutomatedDataPipelines/Homework1/venv/lib/python3.10/site-packages/airflow/example_dags/example_bash_operator.py
[2023-11-30T02:34:21.652+0200] {processor.py:839} INFO - DAG(s) dict_keys(['example_bash_operator']) retrieved from /home/seva/UCU/AutomatedDataPipelines/Homework1/venv/lib/python3.10/site-packages/airflow/example_dags/example_bash_operator.py
[2023-11-30T02:34:21.676+0200] {logging_mixin.py:154} INFO - [2023-11-30T02:34:21.676+0200] {dag.py:2941} INFO - Sync 1 DAGs
[2023-11-30T02:34:21.707+0200] {logging_mixin.py:154} INFO - [2023-11-30T02:34:21.707+0200] {dag.py:3722} INFO - Setting next_dagrun for example_bash_operator to 2023-11-29T00:00:00+00:00, run_after=2023-11-30T00:00:00+00:00
[2023-11-30T02:34:21.736+0200] {processor.py:179} INFO - Processing /home/seva/UCU/AutomatedDataPipelines/Homework1/venv/lib/python3.10/site-packages/airflow/example_dags/example_bash_operator.py took 0.103 seconds
[2023-11-30T02:35:13.363+0200] {processor.py:157} INFO - Started process (PID=6303) to work on /home/seva/UCU/AutomatedDataPipelines/Homework1/venv/lib/python3.10/site-packages/airflow/example_dags/example_bash_operator.py
[2023-11-30T02:35:13.375+0200] {processor.py:829} INFO - Processing file /home/seva/UCU/AutomatedDataPipelines/Homework1/venv/lib/python3.10/site-packages/airflow/example_dags/example_bash_operator.py for tasks to queue
[2023-11-30T02:35:13.376+0200] {logging_mixin.py:154} INFO - [2023-11-30T02:35:13.376+0200] {dagbag.py:536} INFO - Filling up the DagBag from /home/seva/UCU/AutomatedDataPipelines/Homework1/venv/lib/python3.10/site-packages/airflow/example_dags/example_bash_operator.py
[2023-11-30T02:35:13.388+0200] {processor.py:839} INFO - DAG(s) dict_keys(['example_bash_operator']) retrieved from /home/seva/UCU/AutomatedDataPipelines/Homework1/venv/lib/python3.10/site-packages/airflow/example_dags/example_bash_operator.py
[2023-11-30T02:35:13.412+0200] {logging_mixin.py:154} INFO - [2023-11-30T02:35:13.411+0200] {dag.py:2941} INFO - Sync 1 DAGs
[2023-11-30T02:35:13.436+0200] {logging_mixin.py:154} INFO - [2023-11-30T02:35:13.436+0200] {dag.py:3722} INFO - Setting next_dagrun for example_bash_operator to 2023-11-29T00:00:00+00:00, run_after=2023-11-30T00:00:00+00:00
[2023-11-30T02:35:13.470+0200] {processor.py:179} INFO - Processing /home/seva/UCU/AutomatedDataPipelines/Homework1/venv/lib/python3.10/site-packages/airflow/example_dags/example_bash_operator.py took 0.110 seconds
[2023-11-30T02:35:57.337+0200] {processor.py:157} INFO - Started process (PID=6482) to work on /home/seva/UCU/AutomatedDataPipelines/Homework1/venv/lib/python3.10/site-packages/airflow/example_dags/example_bash_operator.py
[2023-11-30T02:35:57.340+0200] {processor.py:829} INFO - Processing file /home/seva/UCU/AutomatedDataPipelines/Homework1/venv/lib/python3.10/site-packages/airflow/example_dags/example_bash_operator.py for tasks to queue
[2023-11-30T02:35:57.342+0200] {logging_mixin.py:154} INFO - [2023-11-30T02:35:57.341+0200] {dagbag.py:536} INFO - Filling up the DagBag from /home/seva/UCU/AutomatedDataPipelines/Homework1/venv/lib/python3.10/site-packages/airflow/example_dags/example_bash_operator.py
[2023-11-30T02:35:57.359+0200] {processor.py:839} INFO - DAG(s) dict_keys(['example_bash_operator']) retrieved from /home/seva/UCU/AutomatedDataPipelines/Homework1/venv/lib/python3.10/site-packages/airflow/example_dags/example_bash_operator.py
[2023-11-30T02:35:57.392+0200] {logging_mixin.py:154} INFO - [2023-11-30T02:35:57.392+0200] {dag.py:2941} INFO - Sync 1 DAGs
[2023-11-30T02:35:57.416+0200] {logging_mixin.py:154} INFO - [2023-11-30T02:35:57.416+0200] {dag.py:3722} INFO - Setting next_dagrun for example_bash_operator to 2023-11-29T00:00:00+00:00, run_after=2023-11-30T00:00:00+00:00
[2023-11-30T02:35:57.450+0200] {processor.py:179} INFO - Processing /home/seva/UCU/AutomatedDataPipelines/Homework1/venv/lib/python3.10/site-packages/airflow/example_dags/example_bash_operator.py took 0.119 seconds
[2023-11-30T02:36:43.485+0200] {processor.py:157} INFO - Started process (PID=6661) to work on /home/seva/UCU/AutomatedDataPipelines/Homework1/venv/lib/python3.10/site-packages/airflow/example_dags/example_bash_operator.py
[2023-11-30T02:36:43.498+0200] {processor.py:829} INFO - Processing file /home/seva/UCU/AutomatedDataPipelines/Homework1/venv/lib/python3.10/site-packages/airflow/example_dags/example_bash_operator.py for tasks to queue
[2023-11-30T02:36:43.499+0200] {logging_mixin.py:154} INFO - [2023-11-30T02:36:43.498+0200] {dagbag.py:536} INFO - Filling up the DagBag from /home/seva/UCU/AutomatedDataPipelines/Homework1/venv/lib/python3.10/site-packages/airflow/example_dags/example_bash_operator.py
[2023-11-30T02:36:43.510+0200] {processor.py:839} INFO - DAG(s) dict_keys(['example_bash_operator']) retrieved from /home/seva/UCU/AutomatedDataPipelines/Homework1/venv/lib/python3.10/site-packages/airflow/example_dags/example_bash_operator.py
[2023-11-30T02:36:43.532+0200] {logging_mixin.py:154} INFO - [2023-11-30T02:36:43.532+0200] {dag.py:2941} INFO - Sync 1 DAGs
[2023-11-30T02:36:43.552+0200] {logging_mixin.py:154} INFO - [2023-11-30T02:36:43.551+0200] {dag.py:3722} INFO - Setting next_dagrun for example_bash_operator to 2023-11-29T00:00:00+00:00, run_after=2023-11-30T00:00:00+00:00
[2023-11-30T02:36:43.577+0200] {processor.py:179} INFO - Processing /home/seva/UCU/AutomatedDataPipelines/Homework1/venv/lib/python3.10/site-packages/airflow/example_dags/example_bash_operator.py took 0.095 seconds
[2023-11-30T02:37:33.148+0200] {processor.py:157} INFO - Started process (PID=6859) to work on /home/seva/UCU/AutomatedDataPipelines/Homework1/venv/lib/python3.10/site-packages/airflow/example_dags/example_bash_operator.py
[2023-11-30T02:37:33.161+0200] {processor.py:829} INFO - Processing file /home/seva/UCU/AutomatedDataPipelines/Homework1/venv/lib/python3.10/site-packages/airflow/example_dags/example_bash_operator.py for tasks to queue
[2023-11-30T02:37:33.163+0200] {logging_mixin.py:154} INFO - [2023-11-30T02:37:33.163+0200] {dagbag.py:536} INFO - Filling up the DagBag from /home/seva/UCU/AutomatedDataPipelines/Homework1/venv/lib/python3.10/site-packages/airflow/example_dags/example_bash_operator.py
[2023-11-30T02:37:33.177+0200] {processor.py:839} INFO - DAG(s) dict_keys(['example_bash_operator']) retrieved from /home/seva/UCU/AutomatedDataPipelines/Homework1/venv/lib/python3.10/site-packages/airflow/example_dags/example_bash_operator.py
[2023-11-30T02:37:33.225+0200] {logging_mixin.py:154} INFO - [2023-11-30T02:37:33.224+0200] {dag.py:2941} INFO - Sync 1 DAGs
[2023-11-30T02:37:33.261+0200] {logging_mixin.py:154} INFO - [2023-11-30T02:37:33.260+0200] {dag.py:3722} INFO - Setting next_dagrun for example_bash_operator to 2023-11-29T00:00:00+00:00, run_after=2023-11-30T00:00:00+00:00
[2023-11-30T02:37:33.305+0200] {processor.py:179} INFO - Processing /home/seva/UCU/AutomatedDataPipelines/Homework1/venv/lib/python3.10/site-packages/airflow/example_dags/example_bash_operator.py took 0.161 seconds
[2023-11-30T02:38:24.913+0200] {processor.py:157} INFO - Started process (PID=7174) to work on /home/seva/UCU/AutomatedDataPipelines/Homework1/venv/lib/python3.10/site-packages/airflow/example_dags/example_bash_operator.py
[2023-11-30T02:38:24.915+0200] {processor.py:829} INFO - Processing file /home/seva/UCU/AutomatedDataPipelines/Homework1/venv/lib/python3.10/site-packages/airflow/example_dags/example_bash_operator.py for tasks to queue
[2023-11-30T02:38:24.916+0200] {logging_mixin.py:154} INFO - [2023-11-30T02:38:24.915+0200] {dagbag.py:536} INFO - Filling up the DagBag from /home/seva/UCU/AutomatedDataPipelines/Homework1/venv/lib/python3.10/site-packages/airflow/example_dags/example_bash_operator.py
[2023-11-30T02:38:24.932+0200] {processor.py:839} INFO - DAG(s) dict_keys(['example_bash_operator']) retrieved from /home/seva/UCU/AutomatedDataPipelines/Homework1/venv/lib/python3.10/site-packages/airflow/example_dags/example_bash_operator.py
[2023-11-30T02:38:24.962+0200] {logging_mixin.py:154} INFO - [2023-11-30T02:38:24.961+0200] {dag.py:2941} INFO - Sync 1 DAGs
[2023-11-30T02:38:24.992+0200] {logging_mixin.py:154} INFO - [2023-11-30T02:38:24.991+0200] {dag.py:3722} INFO - Setting next_dagrun for example_bash_operator to 2023-11-29T00:00:00+00:00, run_after=2023-11-30T00:00:00+00:00
[2023-11-30T02:38:25.029+0200] {processor.py:179} INFO - Processing /home/seva/UCU/AutomatedDataPipelines/Homework1/venv/lib/python3.10/site-packages/airflow/example_dags/example_bash_operator.py took 0.121 seconds
