[2023-11-30T02:13:45.387+0200] {processor.py:157} INFO - Started process (PID=1232) to work on /home/seva/UCU/AutomatedDataPipelines/Homework1/venv/lib/python3.10/site-packages/airflow/example_dags/example_branch_day_of_week_operator.py
[2023-11-30T02:13:45.388+0200] {processor.py:829} INFO - Processing file /home/seva/UCU/AutomatedDataPipelines/Homework1/venv/lib/python3.10/site-packages/airflow/example_dags/example_branch_day_of_week_operator.py for tasks to queue
[2023-11-30T02:13:45.389+0200] {logging_mixin.py:154} INFO - [2023-11-30T02:13:45.389+0200] {dagbag.py:536} INFO - Filling up the DagBag from /home/seva/UCU/AutomatedDataPipelines/Homework1/venv/lib/python3.10/site-packages/airflow/example_dags/example_branch_day_of_week_operator.py
[2023-11-30T02:13:45.395+0200] {processor.py:839} INFO - DAG(s) dict_keys(['example_weekday_branch_operator']) retrieved from /home/seva/UCU/AutomatedDataPipelines/Homework1/venv/lib/python3.10/site-packages/airflow/example_dags/example_branch_day_of_week_operator.py
[2023-11-30T02:13:45.495+0200] {logging_mixin.py:154} INFO - [2023-11-30T02:13:45.494+0200] {manager.py:499} INFO - Created Permission View: %s
[2023-11-30T02:13:45.511+0200] {logging_mixin.py:154} INFO - [2023-11-30T02:13:45.510+0200] {manager.py:499} INFO - Created Permission View: %s
[2023-11-30T02:13:45.525+0200] {logging_mixin.py:154} INFO - [2023-11-30T02:13:45.524+0200] {manager.py:499} INFO - Created Permission View: %s
[2023-11-30T02:13:45.525+0200] {logging_mixin.py:154} INFO - [2023-11-30T02:13:45.525+0200] {dag.py:2941} INFO - Sync 1 DAGs
[2023-11-30T02:13:45.533+0200] {logging_mixin.py:154} INFO - [2023-11-30T02:13:45.533+0200] {dag.py:2963} INFO - Creating ORM DAG for example_weekday_branch_operator
[2023-11-30T02:13:45.540+0200] {logging_mixin.py:154} INFO - [2023-11-30T02:13:45.540+0200] {dag.py:3722} INFO - Setting next_dagrun for example_weekday_branch_operator to 2023-11-29T00:00:00+00:00, run_after=2023-11-30T00:00:00+00:00
[2023-11-30T02:13:45.565+0200] {processor.py:179} INFO - Processing /home/seva/UCU/AutomatedDataPipelines/Homework1/venv/lib/python3.10/site-packages/airflow/example_dags/example_branch_day_of_week_operator.py took 0.181 seconds
[2023-11-30T02:14:32.105+0200] {processor.py:157} INFO - Started process (PID=1376) to work on /home/seva/UCU/AutomatedDataPipelines/Homework1/venv/lib/python3.10/site-packages/airflow/example_dags/example_branch_day_of_week_operator.py
[2023-11-30T02:14:32.116+0200] {processor.py:829} INFO - Processing file /home/seva/UCU/AutomatedDataPipelines/Homework1/venv/lib/python3.10/site-packages/airflow/example_dags/example_branch_day_of_week_operator.py for tasks to queue
[2023-11-30T02:14:32.117+0200] {logging_mixin.py:154} INFO - [2023-11-30T02:14:32.116+0200] {dagbag.py:536} INFO - Filling up the DagBag from /home/seva/UCU/AutomatedDataPipelines/Homework1/venv/lib/python3.10/site-packages/airflow/example_dags/example_branch_day_of_week_operator.py
[2023-11-30T02:14:32.125+0200] {processor.py:839} INFO - DAG(s) dict_keys(['example_weekday_branch_operator']) retrieved from /home/seva/UCU/AutomatedDataPipelines/Homework1/venv/lib/python3.10/site-packages/airflow/example_dags/example_branch_day_of_week_operator.py
[2023-11-30T02:14:32.139+0200] {logging_mixin.py:154} INFO - [2023-11-30T02:14:32.139+0200] {dag.py:2941} INFO - Sync 1 DAGs
[2023-11-30T02:14:32.155+0200] {logging_mixin.py:154} INFO - [2023-11-30T02:14:32.155+0200] {dag.py:3722} INFO - Setting next_dagrun for example_weekday_branch_operator to 2023-11-29T00:00:00+00:00, run_after=2023-11-30T00:00:00+00:00
[2023-11-30T02:14:32.180+0200] {processor.py:179} INFO - Processing /home/seva/UCU/AutomatedDataPipelines/Homework1/venv/lib/python3.10/site-packages/airflow/example_dags/example_branch_day_of_week_operator.py took 0.079 seconds
[2023-11-30T02:15:19.621+0200] {processor.py:157} INFO - Started process (PID=1550) to work on /home/seva/UCU/AutomatedDataPipelines/Homework1/venv/lib/python3.10/site-packages/airflow/example_dags/example_branch_day_of_week_operator.py
[2023-11-30T02:15:19.623+0200] {processor.py:829} INFO - Processing file /home/seva/UCU/AutomatedDataPipelines/Homework1/venv/lib/python3.10/site-packages/airflow/example_dags/example_branch_day_of_week_operator.py for tasks to queue
[2023-11-30T02:15:19.624+0200] {logging_mixin.py:154} INFO - [2023-11-30T02:15:19.623+0200] {dagbag.py:536} INFO - Filling up the DagBag from /home/seva/UCU/AutomatedDataPipelines/Homework1/venv/lib/python3.10/site-packages/airflow/example_dags/example_branch_day_of_week_operator.py
[2023-11-30T02:15:19.631+0200] {processor.py:839} INFO - DAG(s) dict_keys(['example_weekday_branch_operator']) retrieved from /home/seva/UCU/AutomatedDataPipelines/Homework1/venv/lib/python3.10/site-packages/airflow/example_dags/example_branch_day_of_week_operator.py
[2023-11-30T02:15:19.645+0200] {logging_mixin.py:154} INFO - [2023-11-30T02:15:19.645+0200] {dag.py:2941} INFO - Sync 1 DAGs
[2023-11-30T02:15:19.662+0200] {logging_mixin.py:154} INFO - [2023-11-30T02:15:19.662+0200] {dag.py:3722} INFO - Setting next_dagrun for example_weekday_branch_operator to 2023-11-29T00:00:00+00:00, run_after=2023-11-30T00:00:00+00:00
[2023-11-30T02:15:19.686+0200] {processor.py:179} INFO - Processing /home/seva/UCU/AutomatedDataPipelines/Homework1/venv/lib/python3.10/site-packages/airflow/example_dags/example_branch_day_of_week_operator.py took 0.068 seconds
[2023-11-30T02:16:05.764+0200] {processor.py:157} INFO - Started process (PID=1731) to work on /home/seva/UCU/AutomatedDataPipelines/Homework1/venv/lib/python3.10/site-packages/airflow/example_dags/example_branch_day_of_week_operator.py
[2023-11-30T02:16:05.775+0200] {processor.py:829} INFO - Processing file /home/seva/UCU/AutomatedDataPipelines/Homework1/venv/lib/python3.10/site-packages/airflow/example_dags/example_branch_day_of_week_operator.py for tasks to queue
[2023-11-30T02:16:05.777+0200] {logging_mixin.py:154} INFO - [2023-11-30T02:16:05.776+0200] {dagbag.py:536} INFO - Filling up the DagBag from /home/seva/UCU/AutomatedDataPipelines/Homework1/venv/lib/python3.10/site-packages/airflow/example_dags/example_branch_day_of_week_operator.py
[2023-11-30T02:16:05.784+0200] {processor.py:839} INFO - DAG(s) dict_keys(['example_weekday_branch_operator']) retrieved from /home/seva/UCU/AutomatedDataPipelines/Homework1/venv/lib/python3.10/site-packages/airflow/example_dags/example_branch_day_of_week_operator.py
[2023-11-30T02:16:05.798+0200] {logging_mixin.py:154} INFO - [2023-11-30T02:16:05.797+0200] {dag.py:2941} INFO - Sync 1 DAGs
[2023-11-30T02:16:05.815+0200] {logging_mixin.py:154} INFO - [2023-11-30T02:16:05.815+0200] {dag.py:3722} INFO - Setting next_dagrun for example_weekday_branch_operator to 2023-11-29T00:00:00+00:00, run_after=2023-11-30T00:00:00+00:00
[2023-11-30T02:16:05.838+0200] {processor.py:179} INFO - Processing /home/seva/UCU/AutomatedDataPipelines/Homework1/venv/lib/python3.10/site-packages/airflow/example_dags/example_branch_day_of_week_operator.py took 0.076 seconds
[2023-11-30T02:16:50.046+0200] {processor.py:157} INFO - Started process (PID=1905) to work on /home/seva/UCU/AutomatedDataPipelines/Homework1/venv/lib/python3.10/site-packages/airflow/example_dags/example_branch_day_of_week_operator.py
[2023-11-30T02:16:50.057+0200] {processor.py:829} INFO - Processing file /home/seva/UCU/AutomatedDataPipelines/Homework1/venv/lib/python3.10/site-packages/airflow/example_dags/example_branch_day_of_week_operator.py for tasks to queue
[2023-11-30T02:16:50.058+0200] {logging_mixin.py:154} INFO - [2023-11-30T02:16:50.058+0200] {dagbag.py:536} INFO - Filling up the DagBag from /home/seva/UCU/AutomatedDataPipelines/Homework1/venv/lib/python3.10/site-packages/airflow/example_dags/example_branch_day_of_week_operator.py
[2023-11-30T02:16:50.066+0200] {processor.py:839} INFO - DAG(s) dict_keys(['example_weekday_branch_operator']) retrieved from /home/seva/UCU/AutomatedDataPipelines/Homework1/venv/lib/python3.10/site-packages/airflow/example_dags/example_branch_day_of_week_operator.py
[2023-11-30T02:16:50.081+0200] {logging_mixin.py:154} INFO - [2023-11-30T02:16:50.081+0200] {dag.py:2941} INFO - Sync 1 DAGs
[2023-11-30T02:16:50.097+0200] {logging_mixin.py:154} INFO - [2023-11-30T02:16:50.097+0200] {dag.py:3722} INFO - Setting next_dagrun for example_weekday_branch_operator to 2023-11-29T00:00:00+00:00, run_after=2023-11-30T00:00:00+00:00
[2023-11-30T02:16:50.120+0200] {processor.py:179} INFO - Processing /home/seva/UCU/AutomatedDataPipelines/Homework1/venv/lib/python3.10/site-packages/airflow/example_dags/example_branch_day_of_week_operator.py took 0.077 seconds
[2023-11-30T02:17:36.502+0200] {processor.py:157} INFO - Started process (PID=2099) to work on /home/seva/UCU/AutomatedDataPipelines/Homework1/venv/lib/python3.10/site-packages/airflow/example_dags/example_branch_day_of_week_operator.py
[2023-11-30T02:17:36.514+0200] {processor.py:829} INFO - Processing file /home/seva/UCU/AutomatedDataPipelines/Homework1/venv/lib/python3.10/site-packages/airflow/example_dags/example_branch_day_of_week_operator.py for tasks to queue
[2023-11-30T02:17:36.515+0200] {logging_mixin.py:154} INFO - [2023-11-30T02:17:36.514+0200] {dagbag.py:536} INFO - Filling up the DagBag from /home/seva/UCU/AutomatedDataPipelines/Homework1/venv/lib/python3.10/site-packages/airflow/example_dags/example_branch_day_of_week_operator.py
[2023-11-30T02:17:36.522+0200] {processor.py:839} INFO - DAG(s) dict_keys(['example_weekday_branch_operator']) retrieved from /home/seva/UCU/AutomatedDataPipelines/Homework1/venv/lib/python3.10/site-packages/airflow/example_dags/example_branch_day_of_week_operator.py
[2023-11-30T02:17:36.537+0200] {logging_mixin.py:154} INFO - [2023-11-30T02:17:36.536+0200] {dag.py:2941} INFO - Sync 1 DAGs
[2023-11-30T02:17:36.553+0200] {logging_mixin.py:154} INFO - [2023-11-30T02:17:36.553+0200] {dag.py:3722} INFO - Setting next_dagrun for example_weekday_branch_operator to 2023-11-29T00:00:00+00:00, run_after=2023-11-30T00:00:00+00:00
[2023-11-30T02:17:36.577+0200] {processor.py:179} INFO - Processing /home/seva/UCU/AutomatedDataPipelines/Homework1/venv/lib/python3.10/site-packages/airflow/example_dags/example_branch_day_of_week_operator.py took 0.078 seconds
[2023-11-30T02:18:21.029+0200] {processor.py:157} INFO - Started process (PID=2272) to work on /home/seva/UCU/AutomatedDataPipelines/Homework1/venv/lib/python3.10/site-packages/airflow/example_dags/example_branch_day_of_week_operator.py
[2023-11-30T02:18:21.031+0200] {processor.py:829} INFO - Processing file /home/seva/UCU/AutomatedDataPipelines/Homework1/venv/lib/python3.10/site-packages/airflow/example_dags/example_branch_day_of_week_operator.py for tasks to queue
[2023-11-30T02:18:21.032+0200] {logging_mixin.py:154} INFO - [2023-11-30T02:18:21.031+0200] {dagbag.py:536} INFO - Filling up the DagBag from /home/seva/UCU/AutomatedDataPipelines/Homework1/venv/lib/python3.10/site-packages/airflow/example_dags/example_branch_day_of_week_operator.py
[2023-11-30T02:18:21.039+0200] {processor.py:839} INFO - DAG(s) dict_keys(['example_weekday_branch_operator']) retrieved from /home/seva/UCU/AutomatedDataPipelines/Homework1/venv/lib/python3.10/site-packages/airflow/example_dags/example_branch_day_of_week_operator.py
[2023-11-30T02:18:21.056+0200] {logging_mixin.py:154} INFO - [2023-11-30T02:18:21.056+0200] {dag.py:2941} INFO - Sync 1 DAGs
[2023-11-30T02:18:21.073+0200] {logging_mixin.py:154} INFO - [2023-11-30T02:18:21.073+0200] {dag.py:3722} INFO - Setting next_dagrun for example_weekday_branch_operator to 2023-11-29T00:00:00+00:00, run_after=2023-11-30T00:00:00+00:00
[2023-11-30T02:18:21.097+0200] {processor.py:179} INFO - Processing /home/seva/UCU/AutomatedDataPipelines/Homework1/venv/lib/python3.10/site-packages/airflow/example_dags/example_branch_day_of_week_operator.py took 0.072 seconds
[2023-11-30T02:19:03.369+0200] {processor.py:157} INFO - Started process (PID=2443) to work on /home/seva/UCU/AutomatedDataPipelines/Homework1/venv/lib/python3.10/site-packages/airflow/example_dags/example_branch_day_of_week_operator.py
[2023-11-30T02:19:03.371+0200] {processor.py:829} INFO - Processing file /home/seva/UCU/AutomatedDataPipelines/Homework1/venv/lib/python3.10/site-packages/airflow/example_dags/example_branch_day_of_week_operator.py for tasks to queue
[2023-11-30T02:19:03.372+0200] {logging_mixin.py:154} INFO - [2023-11-30T02:19:03.371+0200] {dagbag.py:536} INFO - Filling up the DagBag from /home/seva/UCU/AutomatedDataPipelines/Homework1/venv/lib/python3.10/site-packages/airflow/example_dags/example_branch_day_of_week_operator.py
[2023-11-30T02:19:03.379+0200] {processor.py:839} INFO - DAG(s) dict_keys(['example_weekday_branch_operator']) retrieved from /home/seva/UCU/AutomatedDataPipelines/Homework1/venv/lib/python3.10/site-packages/airflow/example_dags/example_branch_day_of_week_operator.py
[2023-11-30T02:19:03.393+0200] {logging_mixin.py:154} INFO - [2023-11-30T02:19:03.393+0200] {dag.py:2941} INFO - Sync 1 DAGs
[2023-11-30T02:19:03.410+0200] {logging_mixin.py:154} INFO - [2023-11-30T02:19:03.409+0200] {dag.py:3722} INFO - Setting next_dagrun for example_weekday_branch_operator to 2023-11-29T00:00:00+00:00, run_after=2023-11-30T00:00:00+00:00
[2023-11-30T02:19:03.433+0200] {processor.py:179} INFO - Processing /home/seva/UCU/AutomatedDataPipelines/Homework1/venv/lib/python3.10/site-packages/airflow/example_dags/example_branch_day_of_week_operator.py took 0.067 seconds
[2023-11-30T02:19:47.385+0200] {processor.py:157} INFO - Started process (PID=2617) to work on /home/seva/UCU/AutomatedDataPipelines/Homework1/venv/lib/python3.10/site-packages/airflow/example_dags/example_branch_day_of_week_operator.py
[2023-11-30T02:19:47.387+0200] {processor.py:829} INFO - Processing file /home/seva/UCU/AutomatedDataPipelines/Homework1/venv/lib/python3.10/site-packages/airflow/example_dags/example_branch_day_of_week_operator.py for tasks to queue
[2023-11-30T02:19:47.388+0200] {logging_mixin.py:154} INFO - [2023-11-30T02:19:47.388+0200] {dagbag.py:536} INFO - Filling up the DagBag from /home/seva/UCU/AutomatedDataPipelines/Homework1/venv/lib/python3.10/site-packages/airflow/example_dags/example_branch_day_of_week_operator.py
[2023-11-30T02:19:47.395+0200] {processor.py:839} INFO - DAG(s) dict_keys(['example_weekday_branch_operator']) retrieved from /home/seva/UCU/AutomatedDataPipelines/Homework1/venv/lib/python3.10/site-packages/airflow/example_dags/example_branch_day_of_week_operator.py
[2023-11-30T02:19:47.410+0200] {logging_mixin.py:154} INFO - [2023-11-30T02:19:47.410+0200] {dag.py:2941} INFO - Sync 1 DAGs
[2023-11-30T02:19:47.427+0200] {logging_mixin.py:154} INFO - [2023-11-30T02:19:47.427+0200] {dag.py:3722} INFO - Setting next_dagrun for example_weekday_branch_operator to 2023-11-29T00:00:00+00:00, run_after=2023-11-30T00:00:00+00:00
[2023-11-30T02:19:47.450+0200] {processor.py:179} INFO - Processing /home/seva/UCU/AutomatedDataPipelines/Homework1/venv/lib/python3.10/site-packages/airflow/example_dags/example_branch_day_of_week_operator.py took 0.068 seconds
[2023-11-30T02:20:30.613+0200] {processor.py:157} INFO - Started process (PID=2787) to work on /home/seva/UCU/AutomatedDataPipelines/Homework1/venv/lib/python3.10/site-packages/airflow/example_dags/example_branch_day_of_week_operator.py
[2023-11-30T02:20:30.626+0200] {processor.py:829} INFO - Processing file /home/seva/UCU/AutomatedDataPipelines/Homework1/venv/lib/python3.10/site-packages/airflow/example_dags/example_branch_day_of_week_operator.py for tasks to queue
[2023-11-30T02:20:30.626+0200] {logging_mixin.py:154} INFO - [2023-11-30T02:20:30.626+0200] {dagbag.py:536} INFO - Filling up the DagBag from /home/seva/UCU/AutomatedDataPipelines/Homework1/venv/lib/python3.10/site-packages/airflow/example_dags/example_branch_day_of_week_operator.py
[2023-11-30T02:20:30.634+0200] {processor.py:839} INFO - DAG(s) dict_keys(['example_weekday_branch_operator']) retrieved from /home/seva/UCU/AutomatedDataPipelines/Homework1/venv/lib/python3.10/site-packages/airflow/example_dags/example_branch_day_of_week_operator.py
[2023-11-30T02:20:30.648+0200] {logging_mixin.py:154} INFO - [2023-11-30T02:20:30.648+0200] {dag.py:2941} INFO - Sync 1 DAGs
[2023-11-30T02:20:30.666+0200] {logging_mixin.py:154} INFO - [2023-11-30T02:20:30.666+0200] {dag.py:3722} INFO - Setting next_dagrun for example_weekday_branch_operator to 2023-11-29T00:00:00+00:00, run_after=2023-11-30T00:00:00+00:00
[2023-11-30T02:20:30.691+0200] {processor.py:179} INFO - Processing /home/seva/UCU/AutomatedDataPipelines/Homework1/venv/lib/python3.10/site-packages/airflow/example_dags/example_branch_day_of_week_operator.py took 0.081 seconds
[2023-11-30T02:21:17.478+0200] {processor.py:157} INFO - Started process (PID=2973) to work on /home/seva/UCU/AutomatedDataPipelines/Homework1/venv/lib/python3.10/site-packages/airflow/example_dags/example_branch_day_of_week_operator.py
[2023-11-30T02:21:17.490+0200] {processor.py:829} INFO - Processing file /home/seva/UCU/AutomatedDataPipelines/Homework1/venv/lib/python3.10/site-packages/airflow/example_dags/example_branch_day_of_week_operator.py for tasks to queue
[2023-11-30T02:21:17.491+0200] {logging_mixin.py:154} INFO - [2023-11-30T02:21:17.490+0200] {dagbag.py:536} INFO - Filling up the DagBag from /home/seva/UCU/AutomatedDataPipelines/Homework1/venv/lib/python3.10/site-packages/airflow/example_dags/example_branch_day_of_week_operator.py
[2023-11-30T02:21:17.498+0200] {processor.py:839} INFO - DAG(s) dict_keys(['example_weekday_branch_operator']) retrieved from /home/seva/UCU/AutomatedDataPipelines/Homework1/venv/lib/python3.10/site-packages/airflow/example_dags/example_branch_day_of_week_operator.py
[2023-11-30T02:21:17.513+0200] {logging_mixin.py:154} INFO - [2023-11-30T02:21:17.513+0200] {dag.py:2941} INFO - Sync 1 DAGs
[2023-11-30T02:21:17.529+0200] {logging_mixin.py:154} INFO - [2023-11-30T02:21:17.529+0200] {dag.py:3722} INFO - Setting next_dagrun for example_weekday_branch_operator to 2023-11-29T00:00:00+00:00, run_after=2023-11-30T00:00:00+00:00
[2023-11-30T02:21:17.554+0200] {processor.py:179} INFO - Processing /home/seva/UCU/AutomatedDataPipelines/Homework1/venv/lib/python3.10/site-packages/airflow/example_dags/example_branch_day_of_week_operator.py took 0.079 seconds
[2023-11-30T02:21:59.267+0200] {processor.py:157} INFO - Started process (PID=3140) to work on /home/seva/UCU/AutomatedDataPipelines/Homework1/venv/lib/python3.10/site-packages/airflow/example_dags/example_branch_day_of_week_operator.py
[2023-11-30T02:21:59.280+0200] {processor.py:829} INFO - Processing file /home/seva/UCU/AutomatedDataPipelines/Homework1/venv/lib/python3.10/site-packages/airflow/example_dags/example_branch_day_of_week_operator.py for tasks to queue
[2023-11-30T02:21:59.281+0200] {logging_mixin.py:154} INFO - [2023-11-30T02:21:59.280+0200] {dagbag.py:536} INFO - Filling up the DagBag from /home/seva/UCU/AutomatedDataPipelines/Homework1/venv/lib/python3.10/site-packages/airflow/example_dags/example_branch_day_of_week_operator.py
[2023-11-30T02:21:59.287+0200] {processor.py:839} INFO - DAG(s) dict_keys(['example_weekday_branch_operator']) retrieved from /home/seva/UCU/AutomatedDataPipelines/Homework1/venv/lib/python3.10/site-packages/airflow/example_dags/example_branch_day_of_week_operator.py
[2023-11-30T02:21:59.301+0200] {logging_mixin.py:154} INFO - [2023-11-30T02:21:59.301+0200] {dag.py:2941} INFO - Sync 1 DAGs
[2023-11-30T02:21:59.319+0200] {logging_mixin.py:154} INFO - [2023-11-30T02:21:59.318+0200] {dag.py:3722} INFO - Setting next_dagrun for example_weekday_branch_operator to 2023-11-29T00:00:00+00:00, run_after=2023-11-30T00:00:00+00:00
[2023-11-30T02:21:59.359+0200] {processor.py:179} INFO - Processing /home/seva/UCU/AutomatedDataPipelines/Homework1/venv/lib/python3.10/site-packages/airflow/example_dags/example_branch_day_of_week_operator.py took 0.095 seconds
[2023-11-30T02:22:43.519+0200] {processor.py:157} INFO - Started process (PID=3312) to work on /home/seva/UCU/AutomatedDataPipelines/Homework1/venv/lib/python3.10/site-packages/airflow/example_dags/example_branch_day_of_week_operator.py
[2023-11-30T02:22:43.531+0200] {processor.py:829} INFO - Processing file /home/seva/UCU/AutomatedDataPipelines/Homework1/venv/lib/python3.10/site-packages/airflow/example_dags/example_branch_day_of_week_operator.py for tasks to queue
[2023-11-30T02:22:43.532+0200] {logging_mixin.py:154} INFO - [2023-11-30T02:22:43.532+0200] {dagbag.py:536} INFO - Filling up the DagBag from /home/seva/UCU/AutomatedDataPipelines/Homework1/venv/lib/python3.10/site-packages/airflow/example_dags/example_branch_day_of_week_operator.py
[2023-11-30T02:22:43.540+0200] {processor.py:839} INFO - DAG(s) dict_keys(['example_weekday_branch_operator']) retrieved from /home/seva/UCU/AutomatedDataPipelines/Homework1/venv/lib/python3.10/site-packages/airflow/example_dags/example_branch_day_of_week_operator.py
[2023-11-30T02:22:43.555+0200] {logging_mixin.py:154} INFO - [2023-11-30T02:22:43.555+0200] {dag.py:2941} INFO - Sync 1 DAGs
[2023-11-30T02:22:43.572+0200] {logging_mixin.py:154} INFO - [2023-11-30T02:22:43.572+0200] {dag.py:3722} INFO - Setting next_dagrun for example_weekday_branch_operator to 2023-11-29T00:00:00+00:00, run_after=2023-11-30T00:00:00+00:00
[2023-11-30T02:22:43.605+0200] {processor.py:179} INFO - Processing /home/seva/UCU/AutomatedDataPipelines/Homework1/venv/lib/python3.10/site-packages/airflow/example_dags/example_branch_day_of_week_operator.py took 0.089 seconds
[2023-11-30T02:23:28.192+0200] {processor.py:157} INFO - Started process (PID=3491) to work on /home/seva/UCU/AutomatedDataPipelines/Homework1/venv/lib/python3.10/site-packages/airflow/example_dags/example_branch_day_of_week_operator.py
[2023-11-30T02:23:28.204+0200] {processor.py:829} INFO - Processing file /home/seva/UCU/AutomatedDataPipelines/Homework1/venv/lib/python3.10/site-packages/airflow/example_dags/example_branch_day_of_week_operator.py for tasks to queue
[2023-11-30T02:23:28.205+0200] {logging_mixin.py:154} INFO - [2023-11-30T02:23:28.205+0200] {dagbag.py:536} INFO - Filling up the DagBag from /home/seva/UCU/AutomatedDataPipelines/Homework1/venv/lib/python3.10/site-packages/airflow/example_dags/example_branch_day_of_week_operator.py
[2023-11-30T02:23:28.213+0200] {processor.py:839} INFO - DAG(s) dict_keys(['example_weekday_branch_operator']) retrieved from /home/seva/UCU/AutomatedDataPipelines/Homework1/venv/lib/python3.10/site-packages/airflow/example_dags/example_branch_day_of_week_operator.py
[2023-11-30T02:23:28.228+0200] {logging_mixin.py:154} INFO - [2023-11-30T02:23:28.228+0200] {dag.py:2941} INFO - Sync 1 DAGs
[2023-11-30T02:23:28.244+0200] {logging_mixin.py:154} INFO - [2023-11-30T02:23:28.244+0200] {dag.py:3722} INFO - Setting next_dagrun for example_weekday_branch_operator to 2023-11-29T00:00:00+00:00, run_after=2023-11-30T00:00:00+00:00
[2023-11-30T02:23:28.268+0200] {processor.py:179} INFO - Processing /home/seva/UCU/AutomatedDataPipelines/Homework1/venv/lib/python3.10/site-packages/airflow/example_dags/example_branch_day_of_week_operator.py took 0.079 seconds
[2023-11-30T02:24:12.643+0200] {processor.py:157} INFO - Started process (PID=3662) to work on /home/seva/UCU/AutomatedDataPipelines/Homework1/venv/lib/python3.10/site-packages/airflow/example_dags/example_branch_day_of_week_operator.py
[2023-11-30T02:24:12.656+0200] {processor.py:829} INFO - Processing file /home/seva/UCU/AutomatedDataPipelines/Homework1/venv/lib/python3.10/site-packages/airflow/example_dags/example_branch_day_of_week_operator.py for tasks to queue
[2023-11-30T02:24:12.657+0200] {logging_mixin.py:154} INFO - [2023-11-30T02:24:12.656+0200] {dagbag.py:536} INFO - Filling up the DagBag from /home/seva/UCU/AutomatedDataPipelines/Homework1/venv/lib/python3.10/site-packages/airflow/example_dags/example_branch_day_of_week_operator.py
[2023-11-30T02:24:12.664+0200] {processor.py:839} INFO - DAG(s) dict_keys(['example_weekday_branch_operator']) retrieved from /home/seva/UCU/AutomatedDataPipelines/Homework1/venv/lib/python3.10/site-packages/airflow/example_dags/example_branch_day_of_week_operator.py
[2023-11-30T02:24:12.678+0200] {logging_mixin.py:154} INFO - [2023-11-30T02:24:12.678+0200] {dag.py:2941} INFO - Sync 1 DAGs
[2023-11-30T02:24:12.694+0200] {logging_mixin.py:154} INFO - [2023-11-30T02:24:12.694+0200] {dag.py:3722} INFO - Setting next_dagrun for example_weekday_branch_operator to 2023-11-29T00:00:00+00:00, run_after=2023-11-30T00:00:00+00:00
[2023-11-30T02:24:12.722+0200] {processor.py:179} INFO - Processing /home/seva/UCU/AutomatedDataPipelines/Homework1/venv/lib/python3.10/site-packages/airflow/example_dags/example_branch_day_of_week_operator.py took 0.082 seconds
[2023-11-30T02:25:02.049+0200] {processor.py:157} INFO - Started process (PID=3857) to work on /home/seva/UCU/AutomatedDataPipelines/Homework1/venv/lib/python3.10/site-packages/airflow/example_dags/example_branch_day_of_week_operator.py
[2023-11-30T02:25:02.061+0200] {processor.py:829} INFO - Processing file /home/seva/UCU/AutomatedDataPipelines/Homework1/venv/lib/python3.10/site-packages/airflow/example_dags/example_branch_day_of_week_operator.py for tasks to queue
[2023-11-30T02:25:02.062+0200] {logging_mixin.py:154} INFO - [2023-11-30T02:25:02.062+0200] {dagbag.py:536} INFO - Filling up the DagBag from /home/seva/UCU/AutomatedDataPipelines/Homework1/venv/lib/python3.10/site-packages/airflow/example_dags/example_branch_day_of_week_operator.py
[2023-11-30T02:25:02.069+0200] {processor.py:839} INFO - DAG(s) dict_keys(['example_weekday_branch_operator']) retrieved from /home/seva/UCU/AutomatedDataPipelines/Homework1/venv/lib/python3.10/site-packages/airflow/example_dags/example_branch_day_of_week_operator.py
[2023-11-30T02:25:02.083+0200] {logging_mixin.py:154} INFO - [2023-11-30T02:25:02.083+0200] {dag.py:2941} INFO - Sync 1 DAGs
[2023-11-30T02:25:02.099+0200] {logging_mixin.py:154} INFO - [2023-11-30T02:25:02.099+0200] {dag.py:3722} INFO - Setting next_dagrun for example_weekday_branch_operator to 2023-11-29T00:00:00+00:00, run_after=2023-11-30T00:00:00+00:00
[2023-11-30T02:25:02.123+0200] {processor.py:179} INFO - Processing /home/seva/UCU/AutomatedDataPipelines/Homework1/venv/lib/python3.10/site-packages/airflow/example_dags/example_branch_day_of_week_operator.py took 0.077 seconds
[2023-11-30T02:25:44.917+0200] {processor.py:157} INFO - Started process (PID=4029) to work on /home/seva/UCU/AutomatedDataPipelines/Homework1/venv/lib/python3.10/site-packages/airflow/example_dags/example_branch_day_of_week_operator.py
[2023-11-30T02:25:44.920+0200] {processor.py:829} INFO - Processing file /home/seva/UCU/AutomatedDataPipelines/Homework1/venv/lib/python3.10/site-packages/airflow/example_dags/example_branch_day_of_week_operator.py for tasks to queue
[2023-11-30T02:25:44.920+0200] {logging_mixin.py:154} INFO - [2023-11-30T02:25:44.920+0200] {dagbag.py:536} INFO - Filling up the DagBag from /home/seva/UCU/AutomatedDataPipelines/Homework1/venv/lib/python3.10/site-packages/airflow/example_dags/example_branch_day_of_week_operator.py
[2023-11-30T02:25:44.927+0200] {processor.py:839} INFO - DAG(s) dict_keys(['example_weekday_branch_operator']) retrieved from /home/seva/UCU/AutomatedDataPipelines/Homework1/venv/lib/python3.10/site-packages/airflow/example_dags/example_branch_day_of_week_operator.py
[2023-11-30T02:25:44.941+0200] {logging_mixin.py:154} INFO - [2023-11-30T02:25:44.941+0200] {dag.py:2941} INFO - Sync 1 DAGs
[2023-11-30T02:25:44.959+0200] {logging_mixin.py:154} INFO - [2023-11-30T02:25:44.958+0200] {dag.py:3722} INFO - Setting next_dagrun for example_weekday_branch_operator to 2023-11-29T00:00:00+00:00, run_after=2023-11-30T00:00:00+00:00
[2023-11-30T02:25:44.984+0200] {processor.py:179} INFO - Processing /home/seva/UCU/AutomatedDataPipelines/Homework1/venv/lib/python3.10/site-packages/airflow/example_dags/example_branch_day_of_week_operator.py took 0.073 seconds
[2023-11-30T02:26:29.392+0200] {processor.py:157} INFO - Started process (PID=4206) to work on /home/seva/UCU/AutomatedDataPipelines/Homework1/venv/lib/python3.10/site-packages/airflow/example_dags/example_branch_day_of_week_operator.py
[2023-11-30T02:26:29.401+0200] {processor.py:829} INFO - Processing file /home/seva/UCU/AutomatedDataPipelines/Homework1/venv/lib/python3.10/site-packages/airflow/example_dags/example_branch_day_of_week_operator.py for tasks to queue
[2023-11-30T02:26:29.402+0200] {logging_mixin.py:154} INFO - [2023-11-30T02:26:29.402+0200] {dagbag.py:536} INFO - Filling up the DagBag from /home/seva/UCU/AutomatedDataPipelines/Homework1/venv/lib/python3.10/site-packages/airflow/example_dags/example_branch_day_of_week_operator.py
[2023-11-30T02:26:29.409+0200] {processor.py:839} INFO - DAG(s) dict_keys(['example_weekday_branch_operator']) retrieved from /home/seva/UCU/AutomatedDataPipelines/Homework1/venv/lib/python3.10/site-packages/airflow/example_dags/example_branch_day_of_week_operator.py
[2023-11-30T02:26:29.424+0200] {logging_mixin.py:154} INFO - [2023-11-30T02:26:29.424+0200] {dag.py:2941} INFO - Sync 1 DAGs
[2023-11-30T02:26:29.440+0200] {logging_mixin.py:154} INFO - [2023-11-30T02:26:29.440+0200] {dag.py:3722} INFO - Setting next_dagrun for example_weekday_branch_operator to 2023-11-29T00:00:00+00:00, run_after=2023-11-30T00:00:00+00:00
[2023-11-30T02:26:29.481+0200] {processor.py:179} INFO - Processing /home/seva/UCU/AutomatedDataPipelines/Homework1/venv/lib/python3.10/site-packages/airflow/example_dags/example_branch_day_of_week_operator.py took 0.093 seconds
[2023-11-30T02:27:12.853+0200] {processor.py:157} INFO - Started process (PID=4376) to work on /home/seva/UCU/AutomatedDataPipelines/Homework1/venv/lib/python3.10/site-packages/airflow/example_dags/example_branch_day_of_week_operator.py
[2023-11-30T02:27:12.865+0200] {processor.py:829} INFO - Processing file /home/seva/UCU/AutomatedDataPipelines/Homework1/venv/lib/python3.10/site-packages/airflow/example_dags/example_branch_day_of_week_operator.py for tasks to queue
[2023-11-30T02:27:12.866+0200] {logging_mixin.py:154} INFO - [2023-11-30T02:27:12.866+0200] {dagbag.py:536} INFO - Filling up the DagBag from /home/seva/UCU/AutomatedDataPipelines/Homework1/venv/lib/python3.10/site-packages/airflow/example_dags/example_branch_day_of_week_operator.py
[2023-11-30T02:27:12.873+0200] {processor.py:839} INFO - DAG(s) dict_keys(['example_weekday_branch_operator']) retrieved from /home/seva/UCU/AutomatedDataPipelines/Homework1/venv/lib/python3.10/site-packages/airflow/example_dags/example_branch_day_of_week_operator.py
[2023-11-30T02:27:12.888+0200] {logging_mixin.py:154} INFO - [2023-11-30T02:27:12.888+0200] {dag.py:2941} INFO - Sync 1 DAGs
[2023-11-30T02:27:12.904+0200] {logging_mixin.py:154} INFO - [2023-11-30T02:27:12.904+0200] {dag.py:3722} INFO - Setting next_dagrun for example_weekday_branch_operator to 2023-11-29T00:00:00+00:00, run_after=2023-11-30T00:00:00+00:00
[2023-11-30T02:27:12.944+0200] {processor.py:179} INFO - Processing /home/seva/UCU/AutomatedDataPipelines/Homework1/venv/lib/python3.10/site-packages/airflow/example_dags/example_branch_day_of_week_operator.py took 0.093 seconds
[2023-11-30T02:28:01.078+0200] {processor.py:157} INFO - Started process (PID=4563) to work on /home/seva/UCU/AutomatedDataPipelines/Homework1/venv/lib/python3.10/site-packages/airflow/example_dags/example_branch_day_of_week_operator.py
[2023-11-30T02:28:01.090+0200] {processor.py:829} INFO - Processing file /home/seva/UCU/AutomatedDataPipelines/Homework1/venv/lib/python3.10/site-packages/airflow/example_dags/example_branch_day_of_week_operator.py for tasks to queue
[2023-11-30T02:28:01.091+0200] {logging_mixin.py:154} INFO - [2023-11-30T02:28:01.091+0200] {dagbag.py:536} INFO - Filling up the DagBag from /home/seva/UCU/AutomatedDataPipelines/Homework1/venv/lib/python3.10/site-packages/airflow/example_dags/example_branch_day_of_week_operator.py
[2023-11-30T02:28:01.098+0200] {processor.py:839} INFO - DAG(s) dict_keys(['example_weekday_branch_operator']) retrieved from /home/seva/UCU/AutomatedDataPipelines/Homework1/venv/lib/python3.10/site-packages/airflow/example_dags/example_branch_day_of_week_operator.py
[2023-11-30T02:28:01.112+0200] {logging_mixin.py:154} INFO - [2023-11-30T02:28:01.112+0200] {dag.py:2941} INFO - Sync 1 DAGs
[2023-11-30T02:28:01.130+0200] {logging_mixin.py:154} INFO - [2023-11-30T02:28:01.130+0200] {dag.py:3722} INFO - Setting next_dagrun for example_weekday_branch_operator to 2023-11-29T00:00:00+00:00, run_after=2023-11-30T00:00:00+00:00
[2023-11-30T02:28:01.154+0200] {processor.py:179} INFO - Processing /home/seva/UCU/AutomatedDataPipelines/Homework1/venv/lib/python3.10/site-packages/airflow/example_dags/example_branch_day_of_week_operator.py took 0.078 seconds
[2023-11-30T02:28:44.763+0200] {processor.py:157} INFO - Started process (PID=4735) to work on /home/seva/UCU/AutomatedDataPipelines/Homework1/venv/lib/python3.10/site-packages/airflow/example_dags/example_branch_day_of_week_operator.py
[2023-11-30T02:28:44.775+0200] {processor.py:829} INFO - Processing file /home/seva/UCU/AutomatedDataPipelines/Homework1/venv/lib/python3.10/site-packages/airflow/example_dags/example_branch_day_of_week_operator.py for tasks to queue
[2023-11-30T02:28:44.776+0200] {logging_mixin.py:154} INFO - [2023-11-30T02:28:44.775+0200] {dagbag.py:536} INFO - Filling up the DagBag from /home/seva/UCU/AutomatedDataPipelines/Homework1/venv/lib/python3.10/site-packages/airflow/example_dags/example_branch_day_of_week_operator.py
[2023-11-30T02:28:44.783+0200] {processor.py:839} INFO - DAG(s) dict_keys(['example_weekday_branch_operator']) retrieved from /home/seva/UCU/AutomatedDataPipelines/Homework1/venv/lib/python3.10/site-packages/airflow/example_dags/example_branch_day_of_week_operator.py
[2023-11-30T02:28:44.798+0200] {logging_mixin.py:154} INFO - [2023-11-30T02:28:44.798+0200] {dag.py:2941} INFO - Sync 1 DAGs
[2023-11-30T02:28:44.814+0200] {logging_mixin.py:154} INFO - [2023-11-30T02:28:44.814+0200] {dag.py:3722} INFO - Setting next_dagrun for example_weekday_branch_operator to 2023-11-29T00:00:00+00:00, run_after=2023-11-30T00:00:00+00:00
[2023-11-30T02:28:44.841+0200] {processor.py:179} INFO - Processing /home/seva/UCU/AutomatedDataPipelines/Homework1/venv/lib/python3.10/site-packages/airflow/example_dags/example_branch_day_of_week_operator.py took 0.081 seconds
[2023-11-30T02:29:30.850+0200] {processor.py:157} INFO - Started process (PID=4919) to work on /home/seva/UCU/AutomatedDataPipelines/Homework1/venv/lib/python3.10/site-packages/airflow/example_dags/example_branch_day_of_week_operator.py
[2023-11-30T02:29:30.852+0200] {processor.py:829} INFO - Processing file /home/seva/UCU/AutomatedDataPipelines/Homework1/venv/lib/python3.10/site-packages/airflow/example_dags/example_branch_day_of_week_operator.py for tasks to queue
[2023-11-30T02:29:30.853+0200] {logging_mixin.py:154} INFO - [2023-11-30T02:29:30.853+0200] {dagbag.py:536} INFO - Filling up the DagBag from /home/seva/UCU/AutomatedDataPipelines/Homework1/venv/lib/python3.10/site-packages/airflow/example_dags/example_branch_day_of_week_operator.py
[2023-11-30T02:29:30.860+0200] {processor.py:839} INFO - DAG(s) dict_keys(['example_weekday_branch_operator']) retrieved from /home/seva/UCU/AutomatedDataPipelines/Homework1/venv/lib/python3.10/site-packages/airflow/example_dags/example_branch_day_of_week_operator.py
[2023-11-30T02:29:30.874+0200] {logging_mixin.py:154} INFO - [2023-11-30T02:29:30.874+0200] {dag.py:2941} INFO - Sync 1 DAGs
[2023-11-30T02:29:30.890+0200] {logging_mixin.py:154} INFO - [2023-11-30T02:29:30.890+0200] {dag.py:3722} INFO - Setting next_dagrun for example_weekday_branch_operator to 2023-11-29T00:00:00+00:00, run_after=2023-11-30T00:00:00+00:00
[2023-11-30T02:29:30.915+0200] {processor.py:179} INFO - Processing /home/seva/UCU/AutomatedDataPipelines/Homework1/venv/lib/python3.10/site-packages/airflow/example_dags/example_branch_day_of_week_operator.py took 0.068 seconds
[2023-11-30T02:30:14.920+0200] {processor.py:157} INFO - Started process (PID=5096) to work on /home/seva/UCU/AutomatedDataPipelines/Homework1/venv/lib/python3.10/site-packages/airflow/example_dags/example_branch_day_of_week_operator.py
[2023-11-30T02:30:14.932+0200] {processor.py:829} INFO - Processing file /home/seva/UCU/AutomatedDataPipelines/Homework1/venv/lib/python3.10/site-packages/airflow/example_dags/example_branch_day_of_week_operator.py for tasks to queue
[2023-11-30T02:30:14.933+0200] {logging_mixin.py:154} INFO - [2023-11-30T02:30:14.933+0200] {dagbag.py:536} INFO - Filling up the DagBag from /home/seva/UCU/AutomatedDataPipelines/Homework1/venv/lib/python3.10/site-packages/airflow/example_dags/example_branch_day_of_week_operator.py
[2023-11-30T02:30:14.939+0200] {processor.py:839} INFO - DAG(s) dict_keys(['example_weekday_branch_operator']) retrieved from /home/seva/UCU/AutomatedDataPipelines/Homework1/venv/lib/python3.10/site-packages/airflow/example_dags/example_branch_day_of_week_operator.py
[2023-11-30T02:30:14.956+0200] {logging_mixin.py:154} INFO - [2023-11-30T02:30:14.955+0200] {dag.py:2941} INFO - Sync 1 DAGs
[2023-11-30T02:30:14.973+0200] {logging_mixin.py:154} INFO - [2023-11-30T02:30:14.973+0200] {dag.py:3722} INFO - Setting next_dagrun for example_weekday_branch_operator to 2023-11-29T00:00:00+00:00, run_after=2023-11-30T00:00:00+00:00
[2023-11-30T02:30:15.000+0200] {processor.py:179} INFO - Processing /home/seva/UCU/AutomatedDataPipelines/Homework1/venv/lib/python3.10/site-packages/airflow/example_dags/example_branch_day_of_week_operator.py took 0.082 seconds
[2023-11-30T02:31:00.031+0200] {processor.py:157} INFO - Started process (PID=5269) to work on /home/seva/UCU/AutomatedDataPipelines/Homework1/venv/lib/python3.10/site-packages/airflow/example_dags/example_branch_day_of_week_operator.py
[2023-11-30T02:31:00.033+0200] {processor.py:829} INFO - Processing file /home/seva/UCU/AutomatedDataPipelines/Homework1/venv/lib/python3.10/site-packages/airflow/example_dags/example_branch_day_of_week_operator.py for tasks to queue
[2023-11-30T02:31:00.034+0200] {logging_mixin.py:154} INFO - [2023-11-30T02:31:00.033+0200] {dagbag.py:536} INFO - Filling up the DagBag from /home/seva/UCU/AutomatedDataPipelines/Homework1/venv/lib/python3.10/site-packages/airflow/example_dags/example_branch_day_of_week_operator.py
[2023-11-30T02:31:00.041+0200] {processor.py:839} INFO - DAG(s) dict_keys(['example_weekday_branch_operator']) retrieved from /home/seva/UCU/AutomatedDataPipelines/Homework1/venv/lib/python3.10/site-packages/airflow/example_dags/example_branch_day_of_week_operator.py
[2023-11-30T02:31:00.056+0200] {logging_mixin.py:154} INFO - [2023-11-30T02:31:00.056+0200] {dag.py:2941} INFO - Sync 1 DAGs
[2023-11-30T02:31:00.072+0200] {logging_mixin.py:154} INFO - [2023-11-30T02:31:00.072+0200] {dag.py:3722} INFO - Setting next_dagrun for example_weekday_branch_operator to 2023-11-29T00:00:00+00:00, run_after=2023-11-30T00:00:00+00:00
[2023-11-30T02:31:00.096+0200] {processor.py:179} INFO - Processing /home/seva/UCU/AutomatedDataPipelines/Homework1/venv/lib/python3.10/site-packages/airflow/example_dags/example_branch_day_of_week_operator.py took 0.068 seconds
[2023-11-30T02:31:46.199+0200] {processor.py:157} INFO - Started process (PID=5455) to work on /home/seva/UCU/AutomatedDataPipelines/Homework1/venv/lib/python3.10/site-packages/airflow/example_dags/example_branch_day_of_week_operator.py
[2023-11-30T02:31:46.202+0200] {processor.py:829} INFO - Processing file /home/seva/UCU/AutomatedDataPipelines/Homework1/venv/lib/python3.10/site-packages/airflow/example_dags/example_branch_day_of_week_operator.py for tasks to queue
[2023-11-30T02:31:46.203+0200] {logging_mixin.py:154} INFO - [2023-11-30T02:31:46.203+0200] {dagbag.py:536} INFO - Filling up the DagBag from /home/seva/UCU/AutomatedDataPipelines/Homework1/venv/lib/python3.10/site-packages/airflow/example_dags/example_branch_day_of_week_operator.py
[2023-11-30T02:31:46.217+0200] {processor.py:839} INFO - DAG(s) dict_keys(['example_weekday_branch_operator']) retrieved from /home/seva/UCU/AutomatedDataPipelines/Homework1/venv/lib/python3.10/site-packages/airflow/example_dags/example_branch_day_of_week_operator.py
[2023-11-30T02:31:46.241+0200] {logging_mixin.py:154} INFO - [2023-11-30T02:31:46.241+0200] {dag.py:2941} INFO - Sync 1 DAGs
[2023-11-30T02:31:46.271+0200] {logging_mixin.py:154} INFO - [2023-11-30T02:31:46.271+0200] {dag.py:3722} INFO - Setting next_dagrun for example_weekday_branch_operator to 2023-11-29T00:00:00+00:00, run_after=2023-11-30T00:00:00+00:00
[2023-11-30T02:31:46.305+0200] {processor.py:179} INFO - Processing /home/seva/UCU/AutomatedDataPipelines/Homework1/venv/lib/python3.10/site-packages/airflow/example_dags/example_branch_day_of_week_operator.py took 0.113 seconds
[2023-11-30T02:32:29.485+0200] {processor.py:157} INFO - Started process (PID=5650) to work on /home/seva/UCU/AutomatedDataPipelines/Homework1/venv/lib/python3.10/site-packages/airflow/example_dags/example_branch_day_of_week_operator.py
[2023-11-30T02:32:29.487+0200] {processor.py:829} INFO - Processing file /home/seva/UCU/AutomatedDataPipelines/Homework1/venv/lib/python3.10/site-packages/airflow/example_dags/example_branch_day_of_week_operator.py for tasks to queue
[2023-11-30T02:32:29.488+0200] {logging_mixin.py:154} INFO - [2023-11-30T02:32:29.488+0200] {dagbag.py:536} INFO - Filling up the DagBag from /home/seva/UCU/AutomatedDataPipelines/Homework1/venv/lib/python3.10/site-packages/airflow/example_dags/example_branch_day_of_week_operator.py
[2023-11-30T02:32:29.499+0200] {processor.py:839} INFO - DAG(s) dict_keys(['example_weekday_branch_operator']) retrieved from /home/seva/UCU/AutomatedDataPipelines/Homework1/venv/lib/python3.10/site-packages/airflow/example_dags/example_branch_day_of_week_operator.py
[2023-11-30T02:32:29.514+0200] {logging_mixin.py:154} INFO - [2023-11-30T02:32:29.514+0200] {dag.py:2941} INFO - Sync 1 DAGs
[2023-11-30T02:32:29.531+0200] {logging_mixin.py:154} INFO - [2023-11-30T02:32:29.531+0200] {dag.py:3722} INFO - Setting next_dagrun for example_weekday_branch_operator to 2023-11-29T00:00:00+00:00, run_after=2023-11-30T00:00:00+00:00
[2023-11-30T02:32:29.558+0200] {processor.py:179} INFO - Processing /home/seva/UCU/AutomatedDataPipelines/Homework1/venv/lib/python3.10/site-packages/airflow/example_dags/example_branch_day_of_week_operator.py took 0.076 seconds
[2023-11-30T02:33:17.569+0200] {processor.py:157} INFO - Started process (PID=5842) to work on /home/seva/UCU/AutomatedDataPipelines/Homework1/venv/lib/python3.10/site-packages/airflow/example_dags/example_branch_day_of_week_operator.py
[2023-11-30T02:33:17.581+0200] {processor.py:829} INFO - Processing file /home/seva/UCU/AutomatedDataPipelines/Homework1/venv/lib/python3.10/site-packages/airflow/example_dags/example_branch_day_of_week_operator.py for tasks to queue
[2023-11-30T02:33:17.583+0200] {logging_mixin.py:154} INFO - [2023-11-30T02:33:17.582+0200] {dagbag.py:536} INFO - Filling up the DagBag from /home/seva/UCU/AutomatedDataPipelines/Homework1/venv/lib/python3.10/site-packages/airflow/example_dags/example_branch_day_of_week_operator.py
[2023-11-30T02:33:17.591+0200] {processor.py:839} INFO - DAG(s) dict_keys(['example_weekday_branch_operator']) retrieved from /home/seva/UCU/AutomatedDataPipelines/Homework1/venv/lib/python3.10/site-packages/airflow/example_dags/example_branch_day_of_week_operator.py
[2023-11-30T02:33:17.605+0200] {logging_mixin.py:154} INFO - [2023-11-30T02:33:17.605+0200] {dag.py:2941} INFO - Sync 1 DAGs
[2023-11-30T02:33:17.622+0200] {logging_mixin.py:154} INFO - [2023-11-30T02:33:17.622+0200] {dag.py:3722} INFO - Setting next_dagrun for example_weekday_branch_operator to 2023-11-29T00:00:00+00:00, run_after=2023-11-30T00:00:00+00:00
[2023-11-30T02:33:17.649+0200] {processor.py:179} INFO - Processing /home/seva/UCU/AutomatedDataPipelines/Homework1/venv/lib/python3.10/site-packages/airflow/example_dags/example_branch_day_of_week_operator.py took 0.083 seconds
[2023-11-30T02:34:04.630+0200] {processor.py:157} INFO - Started process (PID=6028) to work on /home/seva/UCU/AutomatedDataPipelines/Homework1/venv/lib/python3.10/site-packages/airflow/example_dags/example_branch_day_of_week_operator.py
[2023-11-30T02:34:04.643+0200] {processor.py:829} INFO - Processing file /home/seva/UCU/AutomatedDataPipelines/Homework1/venv/lib/python3.10/site-packages/airflow/example_dags/example_branch_day_of_week_operator.py for tasks to queue
[2023-11-30T02:34:04.644+0200] {logging_mixin.py:154} INFO - [2023-11-30T02:34:04.644+0200] {dagbag.py:536} INFO - Filling up the DagBag from /home/seva/UCU/AutomatedDataPipelines/Homework1/venv/lib/python3.10/site-packages/airflow/example_dags/example_branch_day_of_week_operator.py
[2023-11-30T02:34:04.653+0200] {processor.py:839} INFO - DAG(s) dict_keys(['example_weekday_branch_operator']) retrieved from /home/seva/UCU/AutomatedDataPipelines/Homework1/venv/lib/python3.10/site-packages/airflow/example_dags/example_branch_day_of_week_operator.py
[2023-11-30T02:34:04.669+0200] {logging_mixin.py:154} INFO - [2023-11-30T02:34:04.669+0200] {dag.py:2941} INFO - Sync 1 DAGs
[2023-11-30T02:34:04.692+0200] {logging_mixin.py:154} INFO - [2023-11-30T02:34:04.691+0200] {dag.py:3722} INFO - Setting next_dagrun for example_weekday_branch_operator to 2023-11-29T00:00:00+00:00, run_after=2023-11-30T00:00:00+00:00
[2023-11-30T02:34:04.722+0200] {processor.py:179} INFO - Processing /home/seva/UCU/AutomatedDataPipelines/Homework1/venv/lib/python3.10/site-packages/airflow/example_dags/example_branch_day_of_week_operator.py took 0.097 seconds
[2023-11-30T02:34:55.261+0200] {processor.py:157} INFO - Started process (PID=6232) to work on /home/seva/UCU/AutomatedDataPipelines/Homework1/venv/lib/python3.10/site-packages/airflow/example_dags/example_branch_day_of_week_operator.py
[2023-11-30T02:34:55.263+0200] {processor.py:829} INFO - Processing file /home/seva/UCU/AutomatedDataPipelines/Homework1/venv/lib/python3.10/site-packages/airflow/example_dags/example_branch_day_of_week_operator.py for tasks to queue
[2023-11-30T02:34:55.264+0200] {logging_mixin.py:154} INFO - [2023-11-30T02:34:55.264+0200] {dagbag.py:536} INFO - Filling up the DagBag from /home/seva/UCU/AutomatedDataPipelines/Homework1/venv/lib/python3.10/site-packages/airflow/example_dags/example_branch_day_of_week_operator.py
[2023-11-30T02:34:55.271+0200] {processor.py:839} INFO - DAG(s) dict_keys(['example_weekday_branch_operator']) retrieved from /home/seva/UCU/AutomatedDataPipelines/Homework1/venv/lib/python3.10/site-packages/airflow/example_dags/example_branch_day_of_week_operator.py
[2023-11-30T02:34:55.285+0200] {logging_mixin.py:154} INFO - [2023-11-30T02:34:55.285+0200] {dag.py:2941} INFO - Sync 1 DAGs
[2023-11-30T02:34:55.302+0200] {logging_mixin.py:154} INFO - [2023-11-30T02:34:55.302+0200] {dag.py:3722} INFO - Setting next_dagrun for example_weekday_branch_operator to 2023-11-29T00:00:00+00:00, run_after=2023-11-30T00:00:00+00:00
[2023-11-30T02:34:55.326+0200] {processor.py:179} INFO - Processing /home/seva/UCU/AutomatedDataPipelines/Homework1/venv/lib/python3.10/site-packages/airflow/example_dags/example_branch_day_of_week_operator.py took 0.067 seconds
[2023-11-30T02:35:41.762+0200] {processor.py:157} INFO - Started process (PID=6413) to work on /home/seva/UCU/AutomatedDataPipelines/Homework1/venv/lib/python3.10/site-packages/airflow/example_dags/example_branch_day_of_week_operator.py
[2023-11-30T02:35:41.774+0200] {processor.py:829} INFO - Processing file /home/seva/UCU/AutomatedDataPipelines/Homework1/venv/lib/python3.10/site-packages/airflow/example_dags/example_branch_day_of_week_operator.py for tasks to queue
[2023-11-30T02:35:41.775+0200] {logging_mixin.py:154} INFO - [2023-11-30T02:35:41.775+0200] {dagbag.py:536} INFO - Filling up the DagBag from /home/seva/UCU/AutomatedDataPipelines/Homework1/venv/lib/python3.10/site-packages/airflow/example_dags/example_branch_day_of_week_operator.py
[2023-11-30T02:35:41.784+0200] {processor.py:839} INFO - DAG(s) dict_keys(['example_weekday_branch_operator']) retrieved from /home/seva/UCU/AutomatedDataPipelines/Homework1/venv/lib/python3.10/site-packages/airflow/example_dags/example_branch_day_of_week_operator.py
[2023-11-30T02:35:41.802+0200] {logging_mixin.py:154} INFO - [2023-11-30T02:35:41.802+0200] {dag.py:2941} INFO - Sync 1 DAGs
[2023-11-30T02:35:41.823+0200] {logging_mixin.py:154} INFO - [2023-11-30T02:35:41.823+0200] {dag.py:3722} INFO - Setting next_dagrun for example_weekday_branch_operator to 2023-11-29T00:00:00+00:00, run_after=2023-11-30T00:00:00+00:00
[2023-11-30T02:35:41.846+0200] {processor.py:179} INFO - Processing /home/seva/UCU/AutomatedDataPipelines/Homework1/venv/lib/python3.10/site-packages/airflow/example_dags/example_branch_day_of_week_operator.py took 0.087 seconds
[2023-11-30T02:36:26.131+0200] {processor.py:157} INFO - Started process (PID=6596) to work on /home/seva/UCU/AutomatedDataPipelines/Homework1/venv/lib/python3.10/site-packages/airflow/example_dags/example_branch_day_of_week_operator.py
[2023-11-30T02:36:26.133+0200] {processor.py:829} INFO - Processing file /home/seva/UCU/AutomatedDataPipelines/Homework1/venv/lib/python3.10/site-packages/airflow/example_dags/example_branch_day_of_week_operator.py for tasks to queue
[2023-11-30T02:36:26.134+0200] {logging_mixin.py:154} INFO - [2023-11-30T02:36:26.134+0200] {dagbag.py:536} INFO - Filling up the DagBag from /home/seva/UCU/AutomatedDataPipelines/Homework1/venv/lib/python3.10/site-packages/airflow/example_dags/example_branch_day_of_week_operator.py
[2023-11-30T02:36:26.142+0200] {processor.py:839} INFO - DAG(s) dict_keys(['example_weekday_branch_operator']) retrieved from /home/seva/UCU/AutomatedDataPipelines/Homework1/venv/lib/python3.10/site-packages/airflow/example_dags/example_branch_day_of_week_operator.py
[2023-11-30T02:36:26.168+0200] {logging_mixin.py:154} INFO - [2023-11-30T02:36:26.168+0200] {dag.py:2941} INFO - Sync 1 DAGs
[2023-11-30T02:36:26.198+0200] {logging_mixin.py:154} INFO - [2023-11-30T02:36:26.198+0200] {dag.py:3722} INFO - Setting next_dagrun for example_weekday_branch_operator to 2023-11-29T00:00:00+00:00, run_after=2023-11-30T00:00:00+00:00
[2023-11-30T02:36:26.233+0200] {processor.py:179} INFO - Processing /home/seva/UCU/AutomatedDataPipelines/Homework1/venv/lib/python3.10/site-packages/airflow/example_dags/example_branch_day_of_week_operator.py took 0.106 seconds
[2023-11-30T02:37:15.054+0200] {processor.py:157} INFO - Started process (PID=6785) to work on /home/seva/UCU/AutomatedDataPipelines/Homework1/venv/lib/python3.10/site-packages/airflow/example_dags/example_branch_day_of_week_operator.py
[2023-11-30T02:37:15.069+0200] {processor.py:829} INFO - Processing file /home/seva/UCU/AutomatedDataPipelines/Homework1/venv/lib/python3.10/site-packages/airflow/example_dags/example_branch_day_of_week_operator.py for tasks to queue
[2023-11-30T02:37:15.071+0200] {logging_mixin.py:154} INFO - [2023-11-30T02:37:15.070+0200] {dagbag.py:536} INFO - Filling up the DagBag from /home/seva/UCU/AutomatedDataPipelines/Homework1/venv/lib/python3.10/site-packages/airflow/example_dags/example_branch_day_of_week_operator.py
[2023-11-30T02:37:15.086+0200] {processor.py:839} INFO - DAG(s) dict_keys(['example_weekday_branch_operator']) retrieved from /home/seva/UCU/AutomatedDataPipelines/Homework1/venv/lib/python3.10/site-packages/airflow/example_dags/example_branch_day_of_week_operator.py
[2023-11-30T02:37:15.115+0200] {logging_mixin.py:154} INFO - [2023-11-30T02:37:15.114+0200] {dag.py:2941} INFO - Sync 1 DAGs
[2023-11-30T02:37:15.141+0200] {logging_mixin.py:154} INFO - [2023-11-30T02:37:15.140+0200] {dag.py:3722} INFO - Setting next_dagrun for example_weekday_branch_operator to 2023-11-29T00:00:00+00:00, run_after=2023-11-30T00:00:00+00:00
[2023-11-30T02:37:15.168+0200] {processor.py:179} INFO - Processing /home/seva/UCU/AutomatedDataPipelines/Homework1/venv/lib/python3.10/site-packages/airflow/example_dags/example_branch_day_of_week_operator.py took 0.123 seconds
[2023-11-30T02:38:04.928+0200] {processor.py:157} INFO - Started process (PID=6981) to work on /home/seva/UCU/AutomatedDataPipelines/Homework1/venv/lib/python3.10/site-packages/airflow/example_dags/example_branch_day_of_week_operator.py
[2023-11-30T02:38:04.931+0200] {processor.py:829} INFO - Processing file /home/seva/UCU/AutomatedDataPipelines/Homework1/venv/lib/python3.10/site-packages/airflow/example_dags/example_branch_day_of_week_operator.py for tasks to queue
[2023-11-30T02:38:04.931+0200] {logging_mixin.py:154} INFO - [2023-11-30T02:38:04.931+0200] {dagbag.py:536} INFO - Filling up the DagBag from /home/seva/UCU/AutomatedDataPipelines/Homework1/venv/lib/python3.10/site-packages/airflow/example_dags/example_branch_day_of_week_operator.py
[2023-11-30T02:38:04.938+0200] {processor.py:839} INFO - DAG(s) dict_keys(['example_weekday_branch_operator']) retrieved from /home/seva/UCU/AutomatedDataPipelines/Homework1/venv/lib/python3.10/site-packages/airflow/example_dags/example_branch_day_of_week_operator.py
[2023-11-30T02:38:04.953+0200] {logging_mixin.py:154} INFO - [2023-11-30T02:38:04.953+0200] {dag.py:2941} INFO - Sync 1 DAGs
[2023-11-30T02:38:04.969+0200] {logging_mixin.py:154} INFO - [2023-11-30T02:38:04.969+0200] {dag.py:3722} INFO - Setting next_dagrun for example_weekday_branch_operator to 2023-11-29T00:00:00+00:00, run_after=2023-11-30T00:00:00+00:00
[2023-11-30T02:38:04.992+0200] {processor.py:179} INFO - Processing /home/seva/UCU/AutomatedDataPipelines/Homework1/venv/lib/python3.10/site-packages/airflow/example_dags/example_branch_day_of_week_operator.py took 0.068 seconds
[2023-11-30T02:38:59.142+0200] {processor.py:157} INFO - Started process (PID=7404) to work on /home/seva/UCU/AutomatedDataPipelines/Homework1/venv/lib/python3.10/site-packages/airflow/example_dags/example_branch_day_of_week_operator.py
[2023-11-30T02:38:59.144+0200] {processor.py:829} INFO - Processing file /home/seva/UCU/AutomatedDataPipelines/Homework1/venv/lib/python3.10/site-packages/airflow/example_dags/example_branch_day_of_week_operator.py for tasks to queue
[2023-11-30T02:38:59.145+0200] {logging_mixin.py:154} INFO - [2023-11-30T02:38:59.145+0200] {dagbag.py:536} INFO - Filling up the DagBag from /home/seva/UCU/AutomatedDataPipelines/Homework1/venv/lib/python3.10/site-packages/airflow/example_dags/example_branch_day_of_week_operator.py
[2023-11-30T02:38:59.152+0200] {processor.py:839} INFO - DAG(s) dict_keys(['example_weekday_branch_operator']) retrieved from /home/seva/UCU/AutomatedDataPipelines/Homework1/venv/lib/python3.10/site-packages/airflow/example_dags/example_branch_day_of_week_operator.py
[2023-11-30T02:38:59.167+0200] {logging_mixin.py:154} INFO - [2023-11-30T02:38:59.167+0200] {dag.py:2941} INFO - Sync 1 DAGs
[2023-11-30T02:38:59.184+0200] {logging_mixin.py:154} INFO - [2023-11-30T02:38:59.184+0200] {dag.py:3722} INFO - Setting next_dagrun for example_weekday_branch_operator to 2023-11-29T00:00:00+00:00, run_after=2023-11-30T00:00:00+00:00
[2023-11-30T02:38:59.208+0200] {processor.py:179} INFO - Processing /home/seva/UCU/AutomatedDataPipelines/Homework1/venv/lib/python3.10/site-packages/airflow/example_dags/example_branch_day_of_week_operator.py took 0.069 seconds
