[2023-11-30T02:13:57.042+0200] {processor.py:157} INFO - Started process (PID=1266) to work on /home/seva/UCU/AutomatedDataPipelines/Homework1/venv/lib/python3.10/site-packages/airflow/example_dags/example_task_group.py
[2023-11-30T02:13:57.043+0200] {processor.py:829} INFO - Processing file /home/seva/UCU/AutomatedDataPipelines/Homework1/venv/lib/python3.10/site-packages/airflow/example_dags/example_task_group.py for tasks to queue
[2023-11-30T02:13:57.044+0200] {logging_mixin.py:154} INFO - [2023-11-30T02:13:57.043+0200] {dagbag.py:536} INFO - Filling up the DagBag from /home/seva/UCU/AutomatedDataPipelines/Homework1/venv/lib/python3.10/site-packages/airflow/example_dags/example_task_group.py
[2023-11-30T02:13:57.050+0200] {processor.py:839} INFO - DAG(s) dict_keys(['example_task_group']) retrieved from /home/seva/UCU/AutomatedDataPipelines/Homework1/venv/lib/python3.10/site-packages/airflow/example_dags/example_task_group.py
[2023-11-30T02:13:57.155+0200] {logging_mixin.py:154} INFO - [2023-11-30T02:13:57.154+0200] {manager.py:499} INFO - Created Permission View: %s
[2023-11-30T02:13:57.171+0200] {logging_mixin.py:154} INFO - [2023-11-30T02:13:57.171+0200] {manager.py:499} INFO - Created Permission View: %s
[2023-11-30T02:13:57.187+0200] {logging_mixin.py:154} INFO - [2023-11-30T02:13:57.187+0200] {manager.py:499} INFO - Created Permission View: %s
[2023-11-30T02:13:57.187+0200] {logging_mixin.py:154} INFO - [2023-11-30T02:13:57.187+0200] {dag.py:2941} INFO - Sync 1 DAGs
[2023-11-30T02:13:57.196+0200] {logging_mixin.py:154} INFO - [2023-11-30T02:13:57.196+0200] {dag.py:2963} INFO - Creating ORM DAG for example_task_group
[2023-11-30T02:13:57.203+0200] {logging_mixin.py:154} INFO - [2023-11-30T02:13:57.203+0200] {dag.py:3722} INFO - Setting next_dagrun for example_task_group to 2023-11-29T00:13:57.203124+00:00, run_after=2023-11-30T00:13:57.203124+00:00
[2023-11-30T02:13:57.230+0200] {processor.py:179} INFO - Processing /home/seva/UCU/AutomatedDataPipelines/Homework1/venv/lib/python3.10/site-packages/airflow/example_dags/example_task_group.py took 0.191 seconds
[2023-11-30T02:14:42.288+0200] {processor.py:157} INFO - Started process (PID=1412) to work on /home/seva/UCU/AutomatedDataPipelines/Homework1/venv/lib/python3.10/site-packages/airflow/example_dags/example_task_group.py
[2023-11-30T02:14:42.300+0200] {processor.py:829} INFO - Processing file /home/seva/UCU/AutomatedDataPipelines/Homework1/venv/lib/python3.10/site-packages/airflow/example_dags/example_task_group.py for tasks to queue
[2023-11-30T02:14:42.301+0200] {logging_mixin.py:154} INFO - [2023-11-30T02:14:42.300+0200] {dagbag.py:536} INFO - Filling up the DagBag from /home/seva/UCU/AutomatedDataPipelines/Homework1/venv/lib/python3.10/site-packages/airflow/example_dags/example_task_group.py
[2023-11-30T02:14:42.308+0200] {processor.py:839} INFO - DAG(s) dict_keys(['example_task_group']) retrieved from /home/seva/UCU/AutomatedDataPipelines/Homework1/venv/lib/python3.10/site-packages/airflow/example_dags/example_task_group.py
[2023-11-30T02:14:42.323+0200] {logging_mixin.py:154} INFO - [2023-11-30T02:14:42.322+0200] {dag.py:2941} INFO - Sync 1 DAGs
[2023-11-30T02:14:42.337+0200] {logging_mixin.py:154} INFO - [2023-11-30T02:14:42.337+0200] {dag.py:3722} INFO - Setting next_dagrun for example_task_group to 2023-11-29T00:14:42.337518+00:00, run_after=2023-11-30T00:14:42.337518+00:00
[2023-11-30T02:14:42.378+0200] {processor.py:179} INFO - Processing /home/seva/UCU/AutomatedDataPipelines/Homework1/venv/lib/python3.10/site-packages/airflow/example_dags/example_task_group.py took 0.093 seconds
[2023-11-30T02:15:31.273+0200] {processor.py:157} INFO - Started process (PID=1593) to work on /home/seva/UCU/AutomatedDataPipelines/Homework1/venv/lib/python3.10/site-packages/airflow/example_dags/example_task_group.py
[2023-11-30T02:15:31.285+0200] {processor.py:829} INFO - Processing file /home/seva/UCU/AutomatedDataPipelines/Homework1/venv/lib/python3.10/site-packages/airflow/example_dags/example_task_group.py for tasks to queue
[2023-11-30T02:15:31.287+0200] {logging_mixin.py:154} INFO - [2023-11-30T02:15:31.286+0200] {dagbag.py:536} INFO - Filling up the DagBag from /home/seva/UCU/AutomatedDataPipelines/Homework1/venv/lib/python3.10/site-packages/airflow/example_dags/example_task_group.py
[2023-11-30T02:15:31.294+0200] {processor.py:839} INFO - DAG(s) dict_keys(['example_task_group']) retrieved from /home/seva/UCU/AutomatedDataPipelines/Homework1/venv/lib/python3.10/site-packages/airflow/example_dags/example_task_group.py
[2023-11-30T02:15:31.311+0200] {logging_mixin.py:154} INFO - [2023-11-30T02:15:31.311+0200] {dag.py:2941} INFO - Sync 1 DAGs
[2023-11-30T02:15:31.327+0200] {logging_mixin.py:154} INFO - [2023-11-30T02:15:31.327+0200] {dag.py:3722} INFO - Setting next_dagrun for example_task_group to 2023-11-29T00:15:31.327035+00:00, run_after=2023-11-30T00:15:31.327035+00:00
[2023-11-30T02:15:31.351+0200] {processor.py:179} INFO - Processing /home/seva/UCU/AutomatedDataPipelines/Homework1/venv/lib/python3.10/site-packages/airflow/example_dags/example_task_group.py took 0.081 seconds
[2023-11-30T02:16:15.906+0200] {processor.py:157} INFO - Started process (PID=1771) to work on /home/seva/UCU/AutomatedDataPipelines/Homework1/venv/lib/python3.10/site-packages/airflow/example_dags/example_task_group.py
[2023-11-30T02:16:15.917+0200] {processor.py:829} INFO - Processing file /home/seva/UCU/AutomatedDataPipelines/Homework1/venv/lib/python3.10/site-packages/airflow/example_dags/example_task_group.py for tasks to queue
[2023-11-30T02:16:15.918+0200] {logging_mixin.py:154} INFO - [2023-11-30T02:16:15.918+0200] {dagbag.py:536} INFO - Filling up the DagBag from /home/seva/UCU/AutomatedDataPipelines/Homework1/venv/lib/python3.10/site-packages/airflow/example_dags/example_task_group.py
[2023-11-30T02:16:15.926+0200] {processor.py:839} INFO - DAG(s) dict_keys(['example_task_group']) retrieved from /home/seva/UCU/AutomatedDataPipelines/Homework1/venv/lib/python3.10/site-packages/airflow/example_dags/example_task_group.py
[2023-11-30T02:16:15.942+0200] {logging_mixin.py:154} INFO - [2023-11-30T02:16:15.942+0200] {dag.py:2941} INFO - Sync 1 DAGs
[2023-11-30T02:16:15.958+0200] {logging_mixin.py:154} INFO - [2023-11-30T02:16:15.958+0200] {dag.py:3722} INFO - Setting next_dagrun for example_task_group to 2023-11-29T00:16:15.958418+00:00, run_after=2023-11-30T00:16:15.958418+00:00
[2023-11-30T02:16:15.984+0200] {processor.py:179} INFO - Processing /home/seva/UCU/AutomatedDataPipelines/Homework1/venv/lib/python3.10/site-packages/airflow/example_dags/example_task_group.py took 0.081 seconds
[2023-11-30T02:17:01.373+0200] {processor.py:157} INFO - Started process (PID=1953) to work on /home/seva/UCU/AutomatedDataPipelines/Homework1/venv/lib/python3.10/site-packages/airflow/example_dags/example_task_group.py
[2023-11-30T02:17:01.384+0200] {processor.py:829} INFO - Processing file /home/seva/UCU/AutomatedDataPipelines/Homework1/venv/lib/python3.10/site-packages/airflow/example_dags/example_task_group.py for tasks to queue
[2023-11-30T02:17:01.385+0200] {logging_mixin.py:154} INFO - [2023-11-30T02:17:01.385+0200] {dagbag.py:536} INFO - Filling up the DagBag from /home/seva/UCU/AutomatedDataPipelines/Homework1/venv/lib/python3.10/site-packages/airflow/example_dags/example_task_group.py
[2023-11-30T02:17:01.392+0200] {processor.py:839} INFO - DAG(s) dict_keys(['example_task_group']) retrieved from /home/seva/UCU/AutomatedDataPipelines/Homework1/venv/lib/python3.10/site-packages/airflow/example_dags/example_task_group.py
[2023-11-30T02:17:01.408+0200] {logging_mixin.py:154} INFO - [2023-11-30T02:17:01.407+0200] {dag.py:2941} INFO - Sync 1 DAGs
[2023-11-30T02:17:01.424+0200] {logging_mixin.py:154} INFO - [2023-11-30T02:17:01.423+0200] {dag.py:3722} INFO - Setting next_dagrun for example_task_group to 2023-11-29T00:17:01.423752+00:00, run_after=2023-11-30T00:17:01.423752+00:00
[2023-11-30T02:17:01.447+0200] {processor.py:179} INFO - Processing /home/seva/UCU/AutomatedDataPipelines/Homework1/venv/lib/python3.10/site-packages/airflow/example_dags/example_task_group.py took 0.078 seconds
[2023-11-30T02:17:46.457+0200] {processor.py:157} INFO - Started process (PID=2139) to work on /home/seva/UCU/AutomatedDataPipelines/Homework1/venv/lib/python3.10/site-packages/airflow/example_dags/example_task_group.py
[2023-11-30T02:17:46.459+0200] {processor.py:829} INFO - Processing file /home/seva/UCU/AutomatedDataPipelines/Homework1/venv/lib/python3.10/site-packages/airflow/example_dags/example_task_group.py for tasks to queue
[2023-11-30T02:17:46.461+0200] {logging_mixin.py:154} INFO - [2023-11-30T02:17:46.460+0200] {dagbag.py:536} INFO - Filling up the DagBag from /home/seva/UCU/AutomatedDataPipelines/Homework1/venv/lib/python3.10/site-packages/airflow/example_dags/example_task_group.py
[2023-11-30T02:17:46.477+0200] {processor.py:839} INFO - DAG(s) dict_keys(['example_task_group']) retrieved from /home/seva/UCU/AutomatedDataPipelines/Homework1/venv/lib/python3.10/site-packages/airflow/example_dags/example_task_group.py
[2023-11-30T02:17:46.501+0200] {logging_mixin.py:154} INFO - [2023-11-30T02:17:46.500+0200] {dag.py:2941} INFO - Sync 1 DAGs
[2023-11-30T02:17:46.534+0200] {logging_mixin.py:154} INFO - [2023-11-30T02:17:46.534+0200] {dag.py:3722} INFO - Setting next_dagrun for example_task_group to 2023-11-29T00:17:46.533909+00:00, run_after=2023-11-30T00:17:46.533909+00:00
[2023-11-30T02:17:46.565+0200] {processor.py:179} INFO - Processing /home/seva/UCU/AutomatedDataPipelines/Homework1/venv/lib/python3.10/site-packages/airflow/example_dags/example_task_group.py took 0.119 seconds
[2023-11-30T02:18:27.894+0200] {processor.py:157} INFO - Started process (PID=2306) to work on /home/seva/UCU/AutomatedDataPipelines/Homework1/venv/lib/python3.10/site-packages/airflow/example_dags/example_task_group.py
[2023-11-30T02:18:27.896+0200] {processor.py:829} INFO - Processing file /home/seva/UCU/AutomatedDataPipelines/Homework1/venv/lib/python3.10/site-packages/airflow/example_dags/example_task_group.py for tasks to queue
[2023-11-30T02:18:27.897+0200] {logging_mixin.py:154} INFO - [2023-11-30T02:18:27.897+0200] {dagbag.py:536} INFO - Filling up the DagBag from /home/seva/UCU/AutomatedDataPipelines/Homework1/venv/lib/python3.10/site-packages/airflow/example_dags/example_task_group.py
[2023-11-30T02:18:27.904+0200] {processor.py:839} INFO - DAG(s) dict_keys(['example_task_group']) retrieved from /home/seva/UCU/AutomatedDataPipelines/Homework1/venv/lib/python3.10/site-packages/airflow/example_dags/example_task_group.py
[2023-11-30T02:18:27.920+0200] {logging_mixin.py:154} INFO - [2023-11-30T02:18:27.920+0200] {dag.py:2941} INFO - Sync 1 DAGs
[2023-11-30T02:18:27.937+0200] {logging_mixin.py:154} INFO - [2023-11-30T02:18:27.937+0200] {dag.py:3722} INFO - Setting next_dagrun for example_task_group to 2023-11-29T00:18:27.937028+00:00, run_after=2023-11-30T00:18:27.937028+00:00
[2023-11-30T02:18:27.960+0200] {processor.py:179} INFO - Processing /home/seva/UCU/AutomatedDataPipelines/Homework1/venv/lib/python3.10/site-packages/airflow/example_dags/example_task_group.py took 0.070 seconds
[2023-11-30T02:19:14.262+0200] {processor.py:157} INFO - Started process (PID=2484) to work on /home/seva/UCU/AutomatedDataPipelines/Homework1/venv/lib/python3.10/site-packages/airflow/example_dags/example_task_group.py
[2023-11-30T02:19:14.264+0200] {processor.py:829} INFO - Processing file /home/seva/UCU/AutomatedDataPipelines/Homework1/venv/lib/python3.10/site-packages/airflow/example_dags/example_task_group.py for tasks to queue
[2023-11-30T02:19:14.265+0200] {logging_mixin.py:154} INFO - [2023-11-30T02:19:14.265+0200] {dagbag.py:536} INFO - Filling up the DagBag from /home/seva/UCU/AutomatedDataPipelines/Homework1/venv/lib/python3.10/site-packages/airflow/example_dags/example_task_group.py
[2023-11-30T02:19:14.272+0200] {processor.py:839} INFO - DAG(s) dict_keys(['example_task_group']) retrieved from /home/seva/UCU/AutomatedDataPipelines/Homework1/venv/lib/python3.10/site-packages/airflow/example_dags/example_task_group.py
[2023-11-30T02:19:14.287+0200] {logging_mixin.py:154} INFO - [2023-11-30T02:19:14.286+0200] {dag.py:2941} INFO - Sync 1 DAGs
[2023-11-30T02:19:14.304+0200] {logging_mixin.py:154} INFO - [2023-11-30T02:19:14.304+0200] {dag.py:3722} INFO - Setting next_dagrun for example_task_group to 2023-11-29T00:19:14.303877+00:00, run_after=2023-11-30T00:19:14.303877+00:00
[2023-11-30T02:19:14.329+0200] {processor.py:179} INFO - Processing /home/seva/UCU/AutomatedDataPipelines/Homework1/venv/lib/python3.10/site-packages/airflow/example_dags/example_task_group.py took 0.070 seconds
[2023-11-30T02:19:56.820+0200] {processor.py:157} INFO - Started process (PID=2658) to work on /home/seva/UCU/AutomatedDataPipelines/Homework1/venv/lib/python3.10/site-packages/airflow/example_dags/example_task_group.py
[2023-11-30T02:19:56.822+0200] {processor.py:829} INFO - Processing file /home/seva/UCU/AutomatedDataPipelines/Homework1/venv/lib/python3.10/site-packages/airflow/example_dags/example_task_group.py for tasks to queue
[2023-11-30T02:19:56.823+0200] {logging_mixin.py:154} INFO - [2023-11-30T02:19:56.822+0200] {dagbag.py:536} INFO - Filling up the DagBag from /home/seva/UCU/AutomatedDataPipelines/Homework1/venv/lib/python3.10/site-packages/airflow/example_dags/example_task_group.py
[2023-11-30T02:19:56.829+0200] {processor.py:839} INFO - DAG(s) dict_keys(['example_task_group']) retrieved from /home/seva/UCU/AutomatedDataPipelines/Homework1/venv/lib/python3.10/site-packages/airflow/example_dags/example_task_group.py
[2023-11-30T02:19:56.844+0200] {logging_mixin.py:154} INFO - [2023-11-30T02:19:56.844+0200] {dag.py:2941} INFO - Sync 1 DAGs
[2023-11-30T02:19:56.859+0200] {logging_mixin.py:154} INFO - [2023-11-30T02:19:56.859+0200] {dag.py:3722} INFO - Setting next_dagrun for example_task_group to 2023-11-29T00:19:56.859211+00:00, run_after=2023-11-30T00:19:56.859211+00:00
[2023-11-30T02:19:56.883+0200] {processor.py:179} INFO - Processing /home/seva/UCU/AutomatedDataPipelines/Homework1/venv/lib/python3.10/site-packages/airflow/example_dags/example_task_group.py took 0.066 seconds
[2023-11-30T02:20:44.621+0200] {processor.py:157} INFO - Started process (PID=2843) to work on /home/seva/UCU/AutomatedDataPipelines/Homework1/venv/lib/python3.10/site-packages/airflow/example_dags/example_task_group.py
[2023-11-30T02:20:44.623+0200] {processor.py:829} INFO - Processing file /home/seva/UCU/AutomatedDataPipelines/Homework1/venv/lib/python3.10/site-packages/airflow/example_dags/example_task_group.py for tasks to queue
[2023-11-30T02:20:44.624+0200] {logging_mixin.py:154} INFO - [2023-11-30T02:20:44.624+0200] {dagbag.py:536} INFO - Filling up the DagBag from /home/seva/UCU/AutomatedDataPipelines/Homework1/venv/lib/python3.10/site-packages/airflow/example_dags/example_task_group.py
[2023-11-30T02:20:44.631+0200] {processor.py:839} INFO - DAG(s) dict_keys(['example_task_group']) retrieved from /home/seva/UCU/AutomatedDataPipelines/Homework1/venv/lib/python3.10/site-packages/airflow/example_dags/example_task_group.py
[2023-11-30T02:20:44.646+0200] {logging_mixin.py:154} INFO - [2023-11-30T02:20:44.646+0200] {dag.py:2941} INFO - Sync 1 DAGs
[2023-11-30T02:20:44.662+0200] {logging_mixin.py:154} INFO - [2023-11-30T02:20:44.662+0200] {dag.py:3722} INFO - Setting next_dagrun for example_task_group to 2023-11-29T00:20:44.661845+00:00, run_after=2023-11-30T00:20:44.661845+00:00
[2023-11-30T02:20:44.687+0200] {processor.py:179} INFO - Processing /home/seva/UCU/AutomatedDataPipelines/Homework1/venv/lib/python3.10/site-packages/airflow/example_dags/example_task_group.py took 0.069 seconds
[2023-11-30T02:21:28.366+0200] {processor.py:157} INFO - Started process (PID=3016) to work on /home/seva/UCU/AutomatedDataPipelines/Homework1/venv/lib/python3.10/site-packages/airflow/example_dags/example_task_group.py
[2023-11-30T02:21:28.387+0200] {processor.py:829} INFO - Processing file /home/seva/UCU/AutomatedDataPipelines/Homework1/venv/lib/python3.10/site-packages/airflow/example_dags/example_task_group.py for tasks to queue
[2023-11-30T02:21:28.389+0200] {logging_mixin.py:154} INFO - [2023-11-30T02:21:28.388+0200] {dagbag.py:536} INFO - Filling up the DagBag from /home/seva/UCU/AutomatedDataPipelines/Homework1/venv/lib/python3.10/site-packages/airflow/example_dags/example_task_group.py
[2023-11-30T02:21:28.397+0200] {processor.py:839} INFO - DAG(s) dict_keys(['example_task_group']) retrieved from /home/seva/UCU/AutomatedDataPipelines/Homework1/venv/lib/python3.10/site-packages/airflow/example_dags/example_task_group.py
[2023-11-30T02:21:28.411+0200] {logging_mixin.py:154} INFO - [2023-11-30T02:21:28.411+0200] {dag.py:2941} INFO - Sync 1 DAGs
[2023-11-30T02:21:28.427+0200] {logging_mixin.py:154} INFO - [2023-11-30T02:21:28.427+0200] {dag.py:3722} INFO - Setting next_dagrun for example_task_group to 2023-11-29T00:21:28.427265+00:00, run_after=2023-11-30T00:21:28.427265+00:00
[2023-11-30T02:21:28.451+0200] {processor.py:179} INFO - Processing /home/seva/UCU/AutomatedDataPipelines/Homework1/venv/lib/python3.10/site-packages/airflow/example_dags/example_task_group.py took 0.087 seconds
[2023-11-30T02:22:10.824+0200] {processor.py:157} INFO - Started process (PID=3183) to work on /home/seva/UCU/AutomatedDataPipelines/Homework1/venv/lib/python3.10/site-packages/airflow/example_dags/example_task_group.py
[2023-11-30T02:22:10.836+0200] {processor.py:829} INFO - Processing file /home/seva/UCU/AutomatedDataPipelines/Homework1/venv/lib/python3.10/site-packages/airflow/example_dags/example_task_group.py for tasks to queue
[2023-11-30T02:22:10.837+0200] {logging_mixin.py:154} INFO - [2023-11-30T02:22:10.836+0200] {dagbag.py:536} INFO - Filling up the DagBag from /home/seva/UCU/AutomatedDataPipelines/Homework1/venv/lib/python3.10/site-packages/airflow/example_dags/example_task_group.py
[2023-11-30T02:22:10.843+0200] {processor.py:839} INFO - DAG(s) dict_keys(['example_task_group']) retrieved from /home/seva/UCU/AutomatedDataPipelines/Homework1/venv/lib/python3.10/site-packages/airflow/example_dags/example_task_group.py
[2023-11-30T02:22:10.858+0200] {logging_mixin.py:154} INFO - [2023-11-30T02:22:10.857+0200] {dag.py:2941} INFO - Sync 1 DAGs
[2023-11-30T02:22:10.872+0200] {logging_mixin.py:154} INFO - [2023-11-30T02:22:10.872+0200] {dag.py:3722} INFO - Setting next_dagrun for example_task_group to 2023-11-29T00:22:10.872275+00:00, run_after=2023-11-30T00:22:10.872275+00:00
[2023-11-30T02:22:10.896+0200] {processor.py:179} INFO - Processing /home/seva/UCU/AutomatedDataPipelines/Homework1/venv/lib/python3.10/site-packages/airflow/example_dags/example_task_group.py took 0.076 seconds
[2023-11-30T02:22:58.657+0200] {processor.py:157} INFO - Started process (PID=3375) to work on /home/seva/UCU/AutomatedDataPipelines/Homework1/venv/lib/python3.10/site-packages/airflow/example_dags/example_task_group.py
[2023-11-30T02:22:58.668+0200] {processor.py:829} INFO - Processing file /home/seva/UCU/AutomatedDataPipelines/Homework1/venv/lib/python3.10/site-packages/airflow/example_dags/example_task_group.py for tasks to queue
[2023-11-30T02:22:58.669+0200] {logging_mixin.py:154} INFO - [2023-11-30T02:22:58.669+0200] {dagbag.py:536} INFO - Filling up the DagBag from /home/seva/UCU/AutomatedDataPipelines/Homework1/venv/lib/python3.10/site-packages/airflow/example_dags/example_task_group.py
[2023-11-30T02:22:58.676+0200] {processor.py:839} INFO - DAG(s) dict_keys(['example_task_group']) retrieved from /home/seva/UCU/AutomatedDataPipelines/Homework1/venv/lib/python3.10/site-packages/airflow/example_dags/example_task_group.py
[2023-11-30T02:22:58.690+0200] {logging_mixin.py:154} INFO - [2023-11-30T02:22:58.690+0200] {dag.py:2941} INFO - Sync 1 DAGs
[2023-11-30T02:22:58.706+0200] {logging_mixin.py:154} INFO - [2023-11-30T02:22:58.706+0200] {dag.py:3722} INFO - Setting next_dagrun for example_task_group to 2023-11-29T00:22:58.706381+00:00, run_after=2023-11-30T00:22:58.706381+00:00
[2023-11-30T02:22:58.730+0200] {processor.py:179} INFO - Processing /home/seva/UCU/AutomatedDataPipelines/Homework1/venv/lib/python3.10/site-packages/airflow/example_dags/example_task_group.py took 0.076 seconds
[2023-11-30T02:23:42.197+0200] {processor.py:157} INFO - Started process (PID=3547) to work on /home/seva/UCU/AutomatedDataPipelines/Homework1/venv/lib/python3.10/site-packages/airflow/example_dags/example_task_group.py
[2023-11-30T02:23:42.209+0200] {processor.py:829} INFO - Processing file /home/seva/UCU/AutomatedDataPipelines/Homework1/venv/lib/python3.10/site-packages/airflow/example_dags/example_task_group.py for tasks to queue
[2023-11-30T02:23:42.210+0200] {logging_mixin.py:154} INFO - [2023-11-30T02:23:42.210+0200] {dagbag.py:536} INFO - Filling up the DagBag from /home/seva/UCU/AutomatedDataPipelines/Homework1/venv/lib/python3.10/site-packages/airflow/example_dags/example_task_group.py
[2023-11-30T02:23:42.217+0200] {processor.py:839} INFO - DAG(s) dict_keys(['example_task_group']) retrieved from /home/seva/UCU/AutomatedDataPipelines/Homework1/venv/lib/python3.10/site-packages/airflow/example_dags/example_task_group.py
[2023-11-30T02:23:42.231+0200] {logging_mixin.py:154} INFO - [2023-11-30T02:23:42.231+0200] {dag.py:2941} INFO - Sync 1 DAGs
[2023-11-30T02:23:42.247+0200] {logging_mixin.py:154} INFO - [2023-11-30T02:23:42.246+0200] {dag.py:3722} INFO - Setting next_dagrun for example_task_group to 2023-11-29T00:23:42.246759+00:00, run_after=2023-11-30T00:23:42.246759+00:00
[2023-11-30T02:23:42.271+0200] {processor.py:179} INFO - Processing /home/seva/UCU/AutomatedDataPipelines/Homework1/venv/lib/python3.10/site-packages/airflow/example_dags/example_task_group.py took 0.077 seconds
[2023-11-30T02:24:28.711+0200] {processor.py:157} INFO - Started process (PID=3728) to work on /home/seva/UCU/AutomatedDataPipelines/Homework1/venv/lib/python3.10/site-packages/airflow/example_dags/example_task_group.py
[2023-11-30T02:24:28.723+0200] {processor.py:829} INFO - Processing file /home/seva/UCU/AutomatedDataPipelines/Homework1/venv/lib/python3.10/site-packages/airflow/example_dags/example_task_group.py for tasks to queue
[2023-11-30T02:24:28.724+0200] {logging_mixin.py:154} INFO - [2023-11-30T02:24:28.723+0200] {dagbag.py:536} INFO - Filling up the DagBag from /home/seva/UCU/AutomatedDataPipelines/Homework1/venv/lib/python3.10/site-packages/airflow/example_dags/example_task_group.py
[2023-11-30T02:24:28.731+0200] {processor.py:839} INFO - DAG(s) dict_keys(['example_task_group']) retrieved from /home/seva/UCU/AutomatedDataPipelines/Homework1/venv/lib/python3.10/site-packages/airflow/example_dags/example_task_group.py
[2023-11-30T02:24:28.745+0200] {logging_mixin.py:154} INFO - [2023-11-30T02:24:28.745+0200] {dag.py:2941} INFO - Sync 1 DAGs
[2023-11-30T02:24:28.760+0200] {logging_mixin.py:154} INFO - [2023-11-30T02:24:28.760+0200] {dag.py:3722} INFO - Setting next_dagrun for example_task_group to 2023-11-29T00:24:28.759987+00:00, run_after=2023-11-30T00:24:28.759987+00:00
[2023-11-30T02:24:28.786+0200] {processor.py:179} INFO - Processing /home/seva/UCU/AutomatedDataPipelines/Homework1/venv/lib/python3.10/site-packages/airflow/example_dags/example_task_group.py took 0.078 seconds
[2023-11-30T02:25:10.941+0200] {processor.py:157} INFO - Started process (PID=3897) to work on /home/seva/UCU/AutomatedDataPipelines/Homework1/venv/lib/python3.10/site-packages/airflow/example_dags/example_task_group.py
[2023-11-30T02:25:10.954+0200] {processor.py:829} INFO - Processing file /home/seva/UCU/AutomatedDataPipelines/Homework1/venv/lib/python3.10/site-packages/airflow/example_dags/example_task_group.py for tasks to queue
[2023-11-30T02:25:10.955+0200] {logging_mixin.py:154} INFO - [2023-11-30T02:25:10.954+0200] {dagbag.py:536} INFO - Filling up the DagBag from /home/seva/UCU/AutomatedDataPipelines/Homework1/venv/lib/python3.10/site-packages/airflow/example_dags/example_task_group.py
[2023-11-30T02:25:10.961+0200] {processor.py:839} INFO - DAG(s) dict_keys(['example_task_group']) retrieved from /home/seva/UCU/AutomatedDataPipelines/Homework1/venv/lib/python3.10/site-packages/airflow/example_dags/example_task_group.py
[2023-11-30T02:25:10.977+0200] {logging_mixin.py:154} INFO - [2023-11-30T02:25:10.977+0200] {dag.py:2941} INFO - Sync 1 DAGs
[2023-11-30T02:25:10.993+0200] {logging_mixin.py:154} INFO - [2023-11-30T02:25:10.993+0200] {dag.py:3722} INFO - Setting next_dagrun for example_task_group to 2023-11-29T00:25:10.992923+00:00, run_after=2023-11-30T00:25:10.992923+00:00
[2023-11-30T02:25:11.019+0200] {processor.py:179} INFO - Processing /home/seva/UCU/AutomatedDataPipelines/Homework1/venv/lib/python3.10/site-packages/airflow/example_dags/example_task_group.py took 0.081 seconds
[2023-11-30T02:25:58.471+0200] {processor.py:157} INFO - Started process (PID=4085) to work on /home/seva/UCU/AutomatedDataPipelines/Homework1/venv/lib/python3.10/site-packages/airflow/example_dags/example_task_group.py
[2023-11-30T02:25:58.482+0200] {processor.py:829} INFO - Processing file /home/seva/UCU/AutomatedDataPipelines/Homework1/venv/lib/python3.10/site-packages/airflow/example_dags/example_task_group.py for tasks to queue
[2023-11-30T02:25:58.483+0200] {logging_mixin.py:154} INFO - [2023-11-30T02:25:58.483+0200] {dagbag.py:536} INFO - Filling up the DagBag from /home/seva/UCU/AutomatedDataPipelines/Homework1/venv/lib/python3.10/site-packages/airflow/example_dags/example_task_group.py
[2023-11-30T02:25:58.490+0200] {processor.py:839} INFO - DAG(s) dict_keys(['example_task_group']) retrieved from /home/seva/UCU/AutomatedDataPipelines/Homework1/venv/lib/python3.10/site-packages/airflow/example_dags/example_task_group.py
[2023-11-30T02:25:58.505+0200] {logging_mixin.py:154} INFO - [2023-11-30T02:25:58.504+0200] {dag.py:2941} INFO - Sync 1 DAGs
[2023-11-30T02:25:58.521+0200] {logging_mixin.py:154} INFO - [2023-11-30T02:25:58.521+0200] {dag.py:3722} INFO - Setting next_dagrun for example_task_group to 2023-11-29T00:25:58.521037+00:00, run_after=2023-11-30T00:25:58.521037+00:00
[2023-11-30T02:25:58.552+0200] {processor.py:179} INFO - Processing /home/seva/UCU/AutomatedDataPipelines/Homework1/venv/lib/python3.10/site-packages/airflow/example_dags/example_task_group.py took 0.084 seconds
[2023-11-30T02:26:48.956+0200] {processor.py:157} INFO - Started process (PID=4279) to work on /home/seva/UCU/AutomatedDataPipelines/Homework1/venv/lib/python3.10/site-packages/airflow/example_dags/example_task_group.py
[2023-11-30T02:26:48.968+0200] {processor.py:829} INFO - Processing file /home/seva/UCU/AutomatedDataPipelines/Homework1/venv/lib/python3.10/site-packages/airflow/example_dags/example_task_group.py for tasks to queue
[2023-11-30T02:26:48.969+0200] {logging_mixin.py:154} INFO - [2023-11-30T02:26:48.969+0200] {dagbag.py:536} INFO - Filling up the DagBag from /home/seva/UCU/AutomatedDataPipelines/Homework1/venv/lib/python3.10/site-packages/airflow/example_dags/example_task_group.py
[2023-11-30T02:26:48.977+0200] {processor.py:839} INFO - DAG(s) dict_keys(['example_task_group']) retrieved from /home/seva/UCU/AutomatedDataPipelines/Homework1/venv/lib/python3.10/site-packages/airflow/example_dags/example_task_group.py
[2023-11-30T02:26:48.990+0200] {logging_mixin.py:154} INFO - [2023-11-30T02:26:48.990+0200] {dag.py:2941} INFO - Sync 1 DAGs
[2023-11-30T02:26:49.006+0200] {logging_mixin.py:154} INFO - [2023-11-30T02:26:49.006+0200] {dag.py:3722} INFO - Setting next_dagrun for example_task_group to 2023-11-29T00:26:49.006514+00:00, run_after=2023-11-30T00:26:49.006514+00:00
[2023-11-30T02:26:49.031+0200] {processor.py:179} INFO - Processing /home/seva/UCU/AutomatedDataPipelines/Homework1/venv/lib/python3.10/site-packages/airflow/example_dags/example_task_group.py took 0.078 seconds
[2023-11-30T02:27:38.709+0200] {processor.py:157} INFO - Started process (PID=4475) to work on /home/seva/UCU/AutomatedDataPipelines/Homework1/venv/lib/python3.10/site-packages/airflow/example_dags/example_task_group.py
[2023-11-30T02:27:38.721+0200] {processor.py:829} INFO - Processing file /home/seva/UCU/AutomatedDataPipelines/Homework1/venv/lib/python3.10/site-packages/airflow/example_dags/example_task_group.py for tasks to queue
[2023-11-30T02:27:38.722+0200] {logging_mixin.py:154} INFO - [2023-11-30T02:27:38.721+0200] {dagbag.py:536} INFO - Filling up the DagBag from /home/seva/UCU/AutomatedDataPipelines/Homework1/venv/lib/python3.10/site-packages/airflow/example_dags/example_task_group.py
[2023-11-30T02:27:38.729+0200] {processor.py:839} INFO - DAG(s) dict_keys(['example_task_group']) retrieved from /home/seva/UCU/AutomatedDataPipelines/Homework1/venv/lib/python3.10/site-packages/airflow/example_dags/example_task_group.py
[2023-11-30T02:27:38.743+0200] {logging_mixin.py:154} INFO - [2023-11-30T02:27:38.743+0200] {dag.py:2941} INFO - Sync 1 DAGs
[2023-11-30T02:27:38.759+0200] {logging_mixin.py:154} INFO - [2023-11-30T02:27:38.758+0200] {dag.py:3722} INFO - Setting next_dagrun for example_task_group to 2023-11-29T00:27:38.758681+00:00, run_after=2023-11-30T00:27:38.758681+00:00
[2023-11-30T02:27:38.782+0200] {processor.py:179} INFO - Processing /home/seva/UCU/AutomatedDataPipelines/Homework1/venv/lib/python3.10/site-packages/airflow/example_dags/example_task_group.py took 0.076 seconds
[2023-11-30T02:28:24.465+0200] {processor.py:157} INFO - Started process (PID=4654) to work on /home/seva/UCU/AutomatedDataPipelines/Homework1/venv/lib/python3.10/site-packages/airflow/example_dags/example_task_group.py
[2023-11-30T02:28:24.477+0200] {processor.py:829} INFO - Processing file /home/seva/UCU/AutomatedDataPipelines/Homework1/venv/lib/python3.10/site-packages/airflow/example_dags/example_task_group.py for tasks to queue
[2023-11-30T02:28:24.477+0200] {logging_mixin.py:154} INFO - [2023-11-30T02:28:24.477+0200] {dagbag.py:536} INFO - Filling up the DagBag from /home/seva/UCU/AutomatedDataPipelines/Homework1/venv/lib/python3.10/site-packages/airflow/example_dags/example_task_group.py
[2023-11-30T02:28:24.484+0200] {processor.py:839} INFO - DAG(s) dict_keys(['example_task_group']) retrieved from /home/seva/UCU/AutomatedDataPipelines/Homework1/venv/lib/python3.10/site-packages/airflow/example_dags/example_task_group.py
[2023-11-30T02:28:24.498+0200] {logging_mixin.py:154} INFO - [2023-11-30T02:28:24.498+0200] {dag.py:2941} INFO - Sync 1 DAGs
[2023-11-30T02:28:24.513+0200] {logging_mixin.py:154} INFO - [2023-11-30T02:28:24.513+0200] {dag.py:3722} INFO - Setting next_dagrun for example_task_group to 2023-11-29T00:28:24.513169+00:00, run_after=2023-11-30T00:28:24.513169+00:00
[2023-11-30T02:28:24.540+0200] {processor.py:179} INFO - Processing /home/seva/UCU/AutomatedDataPipelines/Homework1/venv/lib/python3.10/site-packages/airflow/example_dags/example_task_group.py took 0.078 seconds
[2023-11-30T02:29:06.806+0200] {processor.py:157} INFO - Started process (PID=4824) to work on /home/seva/UCU/AutomatedDataPipelines/Homework1/venv/lib/python3.10/site-packages/airflow/example_dags/example_task_group.py
[2023-11-30T02:29:06.809+0200] {processor.py:829} INFO - Processing file /home/seva/UCU/AutomatedDataPipelines/Homework1/venv/lib/python3.10/site-packages/airflow/example_dags/example_task_group.py for tasks to queue
[2023-11-30T02:29:06.810+0200] {logging_mixin.py:154} INFO - [2023-11-30T02:29:06.809+0200] {dagbag.py:536} INFO - Filling up the DagBag from /home/seva/UCU/AutomatedDataPipelines/Homework1/venv/lib/python3.10/site-packages/airflow/example_dags/example_task_group.py
[2023-11-30T02:29:06.817+0200] {processor.py:839} INFO - DAG(s) dict_keys(['example_task_group']) retrieved from /home/seva/UCU/AutomatedDataPipelines/Homework1/venv/lib/python3.10/site-packages/airflow/example_dags/example_task_group.py
[2023-11-30T02:29:06.832+0200] {logging_mixin.py:154} INFO - [2023-11-30T02:29:06.832+0200] {dag.py:2941} INFO - Sync 1 DAGs
[2023-11-30T02:29:06.849+0200] {logging_mixin.py:154} INFO - [2023-11-30T02:29:06.848+0200] {dag.py:3722} INFO - Setting next_dagrun for example_task_group to 2023-11-29T00:29:06.848783+00:00, run_after=2023-11-30T00:29:06.848783+00:00
[2023-11-30T02:29:06.873+0200] {processor.py:179} INFO - Processing /home/seva/UCU/AutomatedDataPipelines/Homework1/venv/lib/python3.10/site-packages/airflow/example_dags/example_task_group.py took 0.070 seconds
[2023-11-30T02:29:50.305+0200] {processor.py:157} INFO - Started process (PID=5000) to work on /home/seva/UCU/AutomatedDataPipelines/Homework1/venv/lib/python3.10/site-packages/airflow/example_dags/example_task_group.py
[2023-11-30T02:29:50.317+0200] {processor.py:829} INFO - Processing file /home/seva/UCU/AutomatedDataPipelines/Homework1/venv/lib/python3.10/site-packages/airflow/example_dags/example_task_group.py for tasks to queue
[2023-11-30T02:29:50.318+0200] {logging_mixin.py:154} INFO - [2023-11-30T02:29:50.318+0200] {dagbag.py:536} INFO - Filling up the DagBag from /home/seva/UCU/AutomatedDataPipelines/Homework1/venv/lib/python3.10/site-packages/airflow/example_dags/example_task_group.py
[2023-11-30T02:29:50.325+0200] {processor.py:839} INFO - DAG(s) dict_keys(['example_task_group']) retrieved from /home/seva/UCU/AutomatedDataPipelines/Homework1/venv/lib/python3.10/site-packages/airflow/example_dags/example_task_group.py
[2023-11-30T02:29:50.340+0200] {logging_mixin.py:154} INFO - [2023-11-30T02:29:50.340+0200] {dag.py:2941} INFO - Sync 1 DAGs
[2023-11-30T02:29:50.355+0200] {logging_mixin.py:154} INFO - [2023-11-30T02:29:50.355+0200] {dag.py:3722} INFO - Setting next_dagrun for example_task_group to 2023-11-29T00:29:50.355537+00:00, run_after=2023-11-30T00:29:50.355537+00:00
[2023-11-30T02:29:50.380+0200] {processor.py:179} INFO - Processing /home/seva/UCU/AutomatedDataPipelines/Homework1/venv/lib/python3.10/site-packages/airflow/example_dags/example_task_group.py took 0.078 seconds
[2023-11-30T02:30:36.675+0200] {processor.py:157} INFO - Started process (PID=5180) to work on /home/seva/UCU/AutomatedDataPipelines/Homework1/venv/lib/python3.10/site-packages/airflow/example_dags/example_task_group.py
[2023-11-30T02:30:36.687+0200] {processor.py:829} INFO - Processing file /home/seva/UCU/AutomatedDataPipelines/Homework1/venv/lib/python3.10/site-packages/airflow/example_dags/example_task_group.py for tasks to queue
[2023-11-30T02:30:36.688+0200] {logging_mixin.py:154} INFO - [2023-11-30T02:30:36.688+0200] {dagbag.py:536} INFO - Filling up the DagBag from /home/seva/UCU/AutomatedDataPipelines/Homework1/venv/lib/python3.10/site-packages/airflow/example_dags/example_task_group.py
[2023-11-30T02:30:36.696+0200] {processor.py:839} INFO - DAG(s) dict_keys(['example_task_group']) retrieved from /home/seva/UCU/AutomatedDataPipelines/Homework1/venv/lib/python3.10/site-packages/airflow/example_dags/example_task_group.py
[2023-11-30T02:30:36.710+0200] {logging_mixin.py:154} INFO - [2023-11-30T02:30:36.710+0200] {dag.py:2941} INFO - Sync 1 DAGs
[2023-11-30T02:30:36.726+0200] {logging_mixin.py:154} INFO - [2023-11-30T02:30:36.725+0200] {dag.py:3722} INFO - Setting next_dagrun for example_task_group to 2023-11-29T00:30:36.725579+00:00, run_after=2023-11-30T00:30:36.725579+00:00
[2023-11-30T02:30:36.750+0200] {processor.py:179} INFO - Processing /home/seva/UCU/AutomatedDataPipelines/Homework1/venv/lib/python3.10/site-packages/airflow/example_dags/example_task_group.py took 0.078 seconds
[2023-11-30T02:31:25.206+0200] {processor.py:157} INFO - Started process (PID=5372) to work on /home/seva/UCU/AutomatedDataPipelines/Homework1/venv/lib/python3.10/site-packages/airflow/example_dags/example_task_group.py
[2023-11-30T02:31:25.218+0200] {processor.py:829} INFO - Processing file /home/seva/UCU/AutomatedDataPipelines/Homework1/venv/lib/python3.10/site-packages/airflow/example_dags/example_task_group.py for tasks to queue
[2023-11-30T02:31:25.219+0200] {logging_mixin.py:154} INFO - [2023-11-30T02:31:25.219+0200] {dagbag.py:536} INFO - Filling up the DagBag from /home/seva/UCU/AutomatedDataPipelines/Homework1/venv/lib/python3.10/site-packages/airflow/example_dags/example_task_group.py
[2023-11-30T02:31:25.227+0200] {processor.py:839} INFO - DAG(s) dict_keys(['example_task_group']) retrieved from /home/seva/UCU/AutomatedDataPipelines/Homework1/venv/lib/python3.10/site-packages/airflow/example_dags/example_task_group.py
[2023-11-30T02:31:25.241+0200] {logging_mixin.py:154} INFO - [2023-11-30T02:31:25.241+0200] {dag.py:2941} INFO - Sync 1 DAGs
[2023-11-30T02:31:25.258+0200] {logging_mixin.py:154} INFO - [2023-11-30T02:31:25.258+0200] {dag.py:3722} INFO - Setting next_dagrun for example_task_group to 2023-11-29T00:31:25.257801+00:00, run_after=2023-11-30T00:31:25.257801+00:00
[2023-11-30T02:31:25.283+0200] {processor.py:179} INFO - Processing /home/seva/UCU/AutomatedDataPipelines/Homework1/venv/lib/python3.10/site-packages/airflow/example_dags/example_task_group.py took 0.079 seconds
[2023-11-30T02:32:08.068+0200] {processor.py:157} INFO - Started process (PID=5540) to work on /home/seva/UCU/AutomatedDataPipelines/Homework1/venv/lib/python3.10/site-packages/airflow/example_dags/example_task_group.py
[2023-11-30T02:32:08.080+0200] {processor.py:829} INFO - Processing file /home/seva/UCU/AutomatedDataPipelines/Homework1/venv/lib/python3.10/site-packages/airflow/example_dags/example_task_group.py for tasks to queue
[2023-11-30T02:32:08.082+0200] {logging_mixin.py:154} INFO - [2023-11-30T02:32:08.081+0200] {dagbag.py:536} INFO - Filling up the DagBag from /home/seva/UCU/AutomatedDataPipelines/Homework1/venv/lib/python3.10/site-packages/airflow/example_dags/example_task_group.py
[2023-11-30T02:32:08.094+0200] {processor.py:839} INFO - DAG(s) dict_keys(['example_task_group']) retrieved from /home/seva/UCU/AutomatedDataPipelines/Homework1/venv/lib/python3.10/site-packages/airflow/example_dags/example_task_group.py
[2023-11-30T02:32:08.120+0200] {logging_mixin.py:154} INFO - [2023-11-30T02:32:08.120+0200] {dag.py:2941} INFO - Sync 1 DAGs
[2023-11-30T02:32:08.149+0200] {logging_mixin.py:154} INFO - [2023-11-30T02:32:08.148+0200] {dag.py:3722} INFO - Setting next_dagrun for example_task_group to 2023-11-29T00:32:08.148253+00:00, run_after=2023-11-30T00:32:08.148253+00:00
[2023-11-30T02:32:08.186+0200] {processor.py:179} INFO - Processing /home/seva/UCU/AutomatedDataPipelines/Homework1/venv/lib/python3.10/site-packages/airflow/example_dags/example_task_group.py took 0.121 seconds
[2023-11-30T02:32:54.771+0200] {processor.py:157} INFO - Started process (PID=5754) to work on /home/seva/UCU/AutomatedDataPipelines/Homework1/venv/lib/python3.10/site-packages/airflow/example_dags/example_task_group.py
[2023-11-30T02:32:54.783+0200] {processor.py:829} INFO - Processing file /home/seva/UCU/AutomatedDataPipelines/Homework1/venv/lib/python3.10/site-packages/airflow/example_dags/example_task_group.py for tasks to queue
[2023-11-30T02:32:54.785+0200] {logging_mixin.py:154} INFO - [2023-11-30T02:32:54.784+0200] {dagbag.py:536} INFO - Filling up the DagBag from /home/seva/UCU/AutomatedDataPipelines/Homework1/venv/lib/python3.10/site-packages/airflow/example_dags/example_task_group.py
[2023-11-30T02:32:54.795+0200] {processor.py:839} INFO - DAG(s) dict_keys(['example_task_group']) retrieved from /home/seva/UCU/AutomatedDataPipelines/Homework1/venv/lib/python3.10/site-packages/airflow/example_dags/example_task_group.py
[2023-11-30T02:32:54.815+0200] {logging_mixin.py:154} INFO - [2023-11-30T02:32:54.814+0200] {dag.py:2941} INFO - Sync 1 DAGs
[2023-11-30T02:32:54.835+0200] {logging_mixin.py:154} INFO - [2023-11-30T02:32:54.835+0200] {dag.py:3722} INFO - Setting next_dagrun for example_task_group to 2023-11-29T00:32:54.835126+00:00, run_after=2023-11-30T00:32:54.835126+00:00
[2023-11-30T02:32:54.867+0200] {processor.py:179} INFO - Processing /home/seva/UCU/AutomatedDataPipelines/Homework1/venv/lib/python3.10/site-packages/airflow/example_dags/example_task_group.py took 0.101 seconds
[2023-11-30T02:33:41.851+0200] {processor.py:157} INFO - Started process (PID=5940) to work on /home/seva/UCU/AutomatedDataPipelines/Homework1/venv/lib/python3.10/site-packages/airflow/example_dags/example_task_group.py
[2023-11-30T02:33:41.863+0200] {processor.py:829} INFO - Processing file /home/seva/UCU/AutomatedDataPipelines/Homework1/venv/lib/python3.10/site-packages/airflow/example_dags/example_task_group.py for tasks to queue
[2023-11-30T02:33:41.865+0200] {logging_mixin.py:154} INFO - [2023-11-30T02:33:41.864+0200] {dagbag.py:536} INFO - Filling up the DagBag from /home/seva/UCU/AutomatedDataPipelines/Homework1/venv/lib/python3.10/site-packages/airflow/example_dags/example_task_group.py
[2023-11-30T02:33:41.872+0200] {processor.py:839} INFO - DAG(s) dict_keys(['example_task_group']) retrieved from /home/seva/UCU/AutomatedDataPipelines/Homework1/venv/lib/python3.10/site-packages/airflow/example_dags/example_task_group.py
[2023-11-30T02:33:41.887+0200] {logging_mixin.py:154} INFO - [2023-11-30T02:33:41.887+0200] {dag.py:2941} INFO - Sync 1 DAGs
[2023-11-30T02:33:41.905+0200] {logging_mixin.py:154} INFO - [2023-11-30T02:33:41.905+0200] {dag.py:3722} INFO - Setting next_dagrun for example_task_group to 2023-11-29T00:33:41.905047+00:00, run_after=2023-11-30T00:33:41.905047+00:00
[2023-11-30T02:33:41.942+0200] {processor.py:179} INFO - Processing /home/seva/UCU/AutomatedDataPipelines/Homework1/venv/lib/python3.10/site-packages/airflow/example_dags/example_task_group.py took 0.095 seconds
[2023-11-30T02:34:31.607+0200] {processor.py:157} INFO - Started process (PID=6139) to work on /home/seva/UCU/AutomatedDataPipelines/Homework1/venv/lib/python3.10/site-packages/airflow/example_dags/example_task_group.py
[2023-11-30T02:34:31.609+0200] {processor.py:829} INFO - Processing file /home/seva/UCU/AutomatedDataPipelines/Homework1/venv/lib/python3.10/site-packages/airflow/example_dags/example_task_group.py for tasks to queue
[2023-11-30T02:34:31.611+0200] {logging_mixin.py:154} INFO - [2023-11-30T02:34:31.610+0200] {dagbag.py:536} INFO - Filling up the DagBag from /home/seva/UCU/AutomatedDataPipelines/Homework1/venv/lib/python3.10/site-packages/airflow/example_dags/example_task_group.py
[2023-11-30T02:34:31.625+0200] {processor.py:839} INFO - DAG(s) dict_keys(['example_task_group']) retrieved from /home/seva/UCU/AutomatedDataPipelines/Homework1/venv/lib/python3.10/site-packages/airflow/example_dags/example_task_group.py
[2023-11-30T02:34:31.650+0200] {logging_mixin.py:154} INFO - [2023-11-30T02:34:31.650+0200] {dag.py:2941} INFO - Sync 1 DAGs
[2023-11-30T02:34:31.676+0200] {logging_mixin.py:154} INFO - [2023-11-30T02:34:31.675+0200] {dag.py:3722} INFO - Setting next_dagrun for example_task_group to 2023-11-29T00:34:31.675250+00:00, run_after=2023-11-30T00:34:31.675250+00:00
[2023-11-30T02:34:31.704+0200] {processor.py:179} INFO - Processing /home/seva/UCU/AutomatedDataPipelines/Homework1/venv/lib/python3.10/site-packages/airflow/example_dags/example_task_group.py took 0.101 seconds
[2023-11-30T02:35:20.808+0200] {processor.py:157} INFO - Started process (PID=6331) to work on /home/seva/UCU/AutomatedDataPipelines/Homework1/venv/lib/python3.10/site-packages/airflow/example_dags/example_task_group.py
[2023-11-30T02:35:20.811+0200] {processor.py:829} INFO - Processing file /home/seva/UCU/AutomatedDataPipelines/Homework1/venv/lib/python3.10/site-packages/airflow/example_dags/example_task_group.py for tasks to queue
[2023-11-30T02:35:20.815+0200] {logging_mixin.py:154} INFO - [2023-11-30T02:35:20.813+0200] {dagbag.py:536} INFO - Filling up the DagBag from /home/seva/UCU/AutomatedDataPipelines/Homework1/venv/lib/python3.10/site-packages/airflow/example_dags/example_task_group.py
[2023-11-30T02:35:20.833+0200] {processor.py:839} INFO - DAG(s) dict_keys(['example_task_group']) retrieved from /home/seva/UCU/AutomatedDataPipelines/Homework1/venv/lib/python3.10/site-packages/airflow/example_dags/example_task_group.py
[2023-11-30T02:35:20.868+0200] {logging_mixin.py:154} INFO - [2023-11-30T02:35:20.867+0200] {dag.py:2941} INFO - Sync 1 DAGs
[2023-11-30T02:35:20.892+0200] {logging_mixin.py:154} INFO - [2023-11-30T02:35:20.892+0200] {dag.py:3722} INFO - Setting next_dagrun for example_task_group to 2023-11-29T00:35:20.891871+00:00, run_after=2023-11-30T00:35:20.891871+00:00
[2023-11-30T02:35:20.945+0200] {processor.py:179} INFO - Processing /home/seva/UCU/AutomatedDataPipelines/Homework1/venv/lib/python3.10/site-packages/airflow/example_dags/example_task_group.py took 0.140 seconds
[2023-11-30T02:36:05.203+0200] {processor.py:157} INFO - Started process (PID=6514) to work on /home/seva/UCU/AutomatedDataPipelines/Homework1/venv/lib/python3.10/site-packages/airflow/example_dags/example_task_group.py
[2023-11-30T02:36:05.215+0200] {processor.py:829} INFO - Processing file /home/seva/UCU/AutomatedDataPipelines/Homework1/venv/lib/python3.10/site-packages/airflow/example_dags/example_task_group.py for tasks to queue
[2023-11-30T02:36:05.217+0200] {logging_mixin.py:154} INFO - [2023-11-30T02:36:05.216+0200] {dagbag.py:536} INFO - Filling up the DagBag from /home/seva/UCU/AutomatedDataPipelines/Homework1/venv/lib/python3.10/site-packages/airflow/example_dags/example_task_group.py
[2023-11-30T02:36:05.229+0200] {processor.py:839} INFO - DAG(s) dict_keys(['example_task_group']) retrieved from /home/seva/UCU/AutomatedDataPipelines/Homework1/venv/lib/python3.10/site-packages/airflow/example_dags/example_task_group.py
[2023-11-30T02:36:05.254+0200] {logging_mixin.py:154} INFO - [2023-11-30T02:36:05.254+0200] {dag.py:2941} INFO - Sync 1 DAGs
[2023-11-30T02:36:05.282+0200] {logging_mixin.py:154} INFO - [2023-11-30T02:36:05.282+0200] {dag.py:3722} INFO - Setting next_dagrun for example_task_group to 2023-11-29T00:36:05.281610+00:00, run_after=2023-11-30T00:36:05.281610+00:00
[2023-11-30T02:36:05.315+0200] {processor.py:179} INFO - Processing /home/seva/UCU/AutomatedDataPipelines/Homework1/venv/lib/python3.10/site-packages/airflow/example_dags/example_task_group.py took 0.115 seconds
[2023-11-30T02:36:51.901+0200] {processor.py:157} INFO - Started process (PID=6693) to work on /home/seva/UCU/AutomatedDataPipelines/Homework1/venv/lib/python3.10/site-packages/airflow/example_dags/example_task_group.py
[2023-11-30T02:36:51.913+0200] {processor.py:829} INFO - Processing file /home/seva/UCU/AutomatedDataPipelines/Homework1/venv/lib/python3.10/site-packages/airflow/example_dags/example_task_group.py for tasks to queue
[2023-11-30T02:36:51.914+0200] {logging_mixin.py:154} INFO - [2023-11-30T02:36:51.914+0200] {dagbag.py:536} INFO - Filling up the DagBag from /home/seva/UCU/AutomatedDataPipelines/Homework1/venv/lib/python3.10/site-packages/airflow/example_dags/example_task_group.py
[2023-11-30T02:36:51.922+0200] {processor.py:839} INFO - DAG(s) dict_keys(['example_task_group']) retrieved from /home/seva/UCU/AutomatedDataPipelines/Homework1/venv/lib/python3.10/site-packages/airflow/example_dags/example_task_group.py
[2023-11-30T02:36:51.939+0200] {logging_mixin.py:154} INFO - [2023-11-30T02:36:51.939+0200] {dag.py:2941} INFO - Sync 1 DAGs
[2023-11-30T02:36:51.956+0200] {logging_mixin.py:154} INFO - [2023-11-30T02:36:51.956+0200] {dag.py:3722} INFO - Setting next_dagrun for example_task_group to 2023-11-29T00:36:51.955921+00:00, run_after=2023-11-30T00:36:51.955921+00:00
[2023-11-30T02:36:51.981+0200] {processor.py:179} INFO - Processing /home/seva/UCU/AutomatedDataPipelines/Homework1/venv/lib/python3.10/site-packages/airflow/example_dags/example_task_group.py took 0.083 seconds
[2023-11-30T02:37:41.267+0200] {processor.py:157} INFO - Started process (PID=6891) to work on /home/seva/UCU/AutomatedDataPipelines/Homework1/venv/lib/python3.10/site-packages/airflow/example_dags/example_task_group.py
[2023-11-30T02:37:41.283+0200] {processor.py:829} INFO - Processing file /home/seva/UCU/AutomatedDataPipelines/Homework1/venv/lib/python3.10/site-packages/airflow/example_dags/example_task_group.py for tasks to queue
[2023-11-30T02:37:41.284+0200] {logging_mixin.py:154} INFO - [2023-11-30T02:37:41.284+0200] {dagbag.py:536} INFO - Filling up the DagBag from /home/seva/UCU/AutomatedDataPipelines/Homework1/venv/lib/python3.10/site-packages/airflow/example_dags/example_task_group.py
[2023-11-30T02:37:41.299+0200] {processor.py:839} INFO - DAG(s) dict_keys(['example_task_group']) retrieved from /home/seva/UCU/AutomatedDataPipelines/Homework1/venv/lib/python3.10/site-packages/airflow/example_dags/example_task_group.py
[2023-11-30T02:37:41.331+0200] {logging_mixin.py:154} INFO - [2023-11-30T02:37:41.331+0200] {dag.py:2941} INFO - Sync 1 DAGs
[2023-11-30T02:37:41.366+0200] {logging_mixin.py:154} INFO - [2023-11-30T02:37:41.365+0200] {dag.py:3722} INFO - Setting next_dagrun for example_task_group to 2023-11-29T00:37:41.365659+00:00, run_after=2023-11-30T00:37:41.365659+00:00
[2023-11-30T02:37:41.420+0200] {processor.py:179} INFO - Processing /home/seva/UCU/AutomatedDataPipelines/Homework1/venv/lib/python3.10/site-packages/airflow/example_dags/example_task_group.py took 0.160 seconds
[2023-11-30T02:38:34.701+0200] {processor.py:157} INFO - Started process (PID=7232) to work on /home/seva/UCU/AutomatedDataPipelines/Homework1/venv/lib/python3.10/site-packages/airflow/example_dags/example_task_group.py
[2023-11-30T02:38:34.703+0200] {processor.py:829} INFO - Processing file /home/seva/UCU/AutomatedDataPipelines/Homework1/venv/lib/python3.10/site-packages/airflow/example_dags/example_task_group.py for tasks to queue
[2023-11-30T02:38:34.705+0200] {logging_mixin.py:154} INFO - [2023-11-30T02:38:34.704+0200] {dagbag.py:536} INFO - Filling up the DagBag from /home/seva/UCU/AutomatedDataPipelines/Homework1/venv/lib/python3.10/site-packages/airflow/example_dags/example_task_group.py
[2023-11-30T02:38:34.712+0200] {processor.py:839} INFO - DAG(s) dict_keys(['example_task_group']) retrieved from /home/seva/UCU/AutomatedDataPipelines/Homework1/venv/lib/python3.10/site-packages/airflow/example_dags/example_task_group.py
[2023-11-30T02:38:34.728+0200] {logging_mixin.py:154} INFO - [2023-11-30T02:38:34.728+0200] {dag.py:2941} INFO - Sync 1 DAGs
[2023-11-30T02:38:34.744+0200] {logging_mixin.py:154} INFO - [2023-11-30T02:38:34.744+0200] {dag.py:3722} INFO - Setting next_dagrun for example_task_group to 2023-11-29T00:38:34.744434+00:00, run_after=2023-11-30T00:38:34.744434+00:00
[2023-11-30T02:38:34.771+0200] {processor.py:179} INFO - Processing /home/seva/UCU/AutomatedDataPipelines/Homework1/venv/lib/python3.10/site-packages/airflow/example_dags/example_task_group.py took 0.073 seconds
