[2023-11-30T02:13:44.118+0200] {processor.py:157} INFO - Started process (PID=1231) to work on /home/seva/UCU/AutomatedDataPipelines/Homework1/venv/lib/python3.10/site-packages/airflow/example_dags/example_setup_teardown.py
[2023-11-30T02:13:44.119+0200] {processor.py:829} INFO - Processing file /home/seva/UCU/AutomatedDataPipelines/Homework1/venv/lib/python3.10/site-packages/airflow/example_dags/example_setup_teardown.py for tasks to queue
[2023-11-30T02:13:44.119+0200] {logging_mixin.py:154} INFO - [2023-11-30T02:13:44.119+0200] {dagbag.py:536} INFO - Filling up the DagBag from /home/seva/UCU/AutomatedDataPipelines/Homework1/venv/lib/python3.10/site-packages/airflow/example_dags/example_setup_teardown.py
[2023-11-30T02:13:44.126+0200] {processor.py:839} INFO - DAG(s) dict_keys(['example_setup_teardown']) retrieved from /home/seva/UCU/AutomatedDataPipelines/Homework1/venv/lib/python3.10/site-packages/airflow/example_dags/example_setup_teardown.py
[2023-11-30T02:13:44.229+0200] {logging_mixin.py:154} INFO - [2023-11-30T02:13:44.229+0200] {manager.py:499} INFO - Created Permission View: %s
[2023-11-30T02:13:44.250+0200] {logging_mixin.py:154} INFO - [2023-11-30T02:13:44.250+0200] {manager.py:499} INFO - Created Permission View: %s
[2023-11-30T02:13:44.267+0200] {logging_mixin.py:154} INFO - [2023-11-30T02:13:44.267+0200] {manager.py:499} INFO - Created Permission View: %s
[2023-11-30T02:13:44.268+0200] {logging_mixin.py:154} INFO - [2023-11-30T02:13:44.267+0200] {dag.py:2941} INFO - Sync 1 DAGs
[2023-11-30T02:13:44.277+0200] {logging_mixin.py:154} INFO - [2023-11-30T02:13:44.277+0200] {dag.py:2963} INFO - Creating ORM DAG for example_setup_teardown
[2023-11-30T02:13:44.284+0200] {logging_mixin.py:154} INFO - [2023-11-30T02:13:44.284+0200] {dag.py:3722} INFO - Setting next_dagrun for example_setup_teardown to 2023-11-29T00:13:44.284344+00:00, run_after=2023-11-30T00:13:44.284344+00:00
[2023-11-30T02:13:44.313+0200] {processor.py:179} INFO - Processing /home/seva/UCU/AutomatedDataPipelines/Homework1/venv/lib/python3.10/site-packages/airflow/example_dags/example_setup_teardown.py took 0.197 seconds
[2023-11-30T02:14:30.952+0200] {processor.py:157} INFO - Started process (PID=1369) to work on /home/seva/UCU/AutomatedDataPipelines/Homework1/venv/lib/python3.10/site-packages/airflow/example_dags/example_setup_teardown.py
[2023-11-30T02:14:30.964+0200] {processor.py:829} INFO - Processing file /home/seva/UCU/AutomatedDataPipelines/Homework1/venv/lib/python3.10/site-packages/airflow/example_dags/example_setup_teardown.py for tasks to queue
[2023-11-30T02:14:30.965+0200] {logging_mixin.py:154} INFO - [2023-11-30T02:14:30.965+0200] {dagbag.py:536} INFO - Filling up the DagBag from /home/seva/UCU/AutomatedDataPipelines/Homework1/venv/lib/python3.10/site-packages/airflow/example_dags/example_setup_teardown.py
[2023-11-30T02:14:30.972+0200] {processor.py:839} INFO - DAG(s) dict_keys(['example_setup_teardown']) retrieved from /home/seva/UCU/AutomatedDataPipelines/Homework1/venv/lib/python3.10/site-packages/airflow/example_dags/example_setup_teardown.py
[2023-11-30T02:14:30.985+0200] {logging_mixin.py:154} INFO - [2023-11-30T02:14:30.985+0200] {dag.py:2941} INFO - Sync 1 DAGs
[2023-11-30T02:14:31.000+0200] {logging_mixin.py:154} INFO - [2023-11-30T02:14:30.999+0200] {dag.py:3722} INFO - Setting next_dagrun for example_setup_teardown to 2023-11-29T00:14:30.999718+00:00, run_after=2023-11-30T00:14:30.999718+00:00
[2023-11-30T02:14:31.024+0200] {processor.py:179} INFO - Processing /home/seva/UCU/AutomatedDataPipelines/Homework1/venv/lib/python3.10/site-packages/airflow/example_dags/example_setup_teardown.py took 0.076 seconds
[2023-11-30T02:15:18.484+0200] {processor.py:157} INFO - Started process (PID=1543) to work on /home/seva/UCU/AutomatedDataPipelines/Homework1/venv/lib/python3.10/site-packages/airflow/example_dags/example_setup_teardown.py
[2023-11-30T02:15:18.496+0200] {processor.py:829} INFO - Processing file /home/seva/UCU/AutomatedDataPipelines/Homework1/venv/lib/python3.10/site-packages/airflow/example_dags/example_setup_teardown.py for tasks to queue
[2023-11-30T02:15:18.496+0200] {logging_mixin.py:154} INFO - [2023-11-30T02:15:18.496+0200] {dagbag.py:536} INFO - Filling up the DagBag from /home/seva/UCU/AutomatedDataPipelines/Homework1/venv/lib/python3.10/site-packages/airflow/example_dags/example_setup_teardown.py
[2023-11-30T02:15:18.503+0200] {processor.py:839} INFO - DAG(s) dict_keys(['example_setup_teardown']) retrieved from /home/seva/UCU/AutomatedDataPipelines/Homework1/venv/lib/python3.10/site-packages/airflow/example_dags/example_setup_teardown.py
[2023-11-30T02:15:18.517+0200] {logging_mixin.py:154} INFO - [2023-11-30T02:15:18.517+0200] {dag.py:2941} INFO - Sync 1 DAGs
[2023-11-30T02:15:18.533+0200] {logging_mixin.py:154} INFO - [2023-11-30T02:15:18.533+0200] {dag.py:3722} INFO - Setting next_dagrun for example_setup_teardown to 2023-11-29T00:15:18.533164+00:00, run_after=2023-11-30T00:15:18.533164+00:00
[2023-11-30T02:15:18.557+0200] {processor.py:179} INFO - Processing /home/seva/UCU/AutomatedDataPipelines/Homework1/venv/lib/python3.10/site-packages/airflow/example_dags/example_setup_teardown.py took 0.076 seconds
[2023-11-30T02:16:01.969+0200] {processor.py:157} INFO - Started process (PID=1715) to work on /home/seva/UCU/AutomatedDataPipelines/Homework1/venv/lib/python3.10/site-packages/airflow/example_dags/example_setup_teardown.py
[2023-11-30T02:16:01.980+0200] {processor.py:829} INFO - Processing file /home/seva/UCU/AutomatedDataPipelines/Homework1/venv/lib/python3.10/site-packages/airflow/example_dags/example_setup_teardown.py for tasks to queue
[2023-11-30T02:16:01.981+0200] {logging_mixin.py:154} INFO - [2023-11-30T02:16:01.981+0200] {dagbag.py:536} INFO - Filling up the DagBag from /home/seva/UCU/AutomatedDataPipelines/Homework1/venv/lib/python3.10/site-packages/airflow/example_dags/example_setup_teardown.py
[2023-11-30T02:16:01.987+0200] {processor.py:839} INFO - DAG(s) dict_keys(['example_setup_teardown']) retrieved from /home/seva/UCU/AutomatedDataPipelines/Homework1/venv/lib/python3.10/site-packages/airflow/example_dags/example_setup_teardown.py
[2023-11-30T02:16:02.001+0200] {logging_mixin.py:154} INFO - [2023-11-30T02:16:02.000+0200] {dag.py:2941} INFO - Sync 1 DAGs
[2023-11-30T02:16:02.016+0200] {logging_mixin.py:154} INFO - [2023-11-30T02:16:02.016+0200] {dag.py:3722} INFO - Setting next_dagrun for example_setup_teardown to 2023-11-29T00:16:02.016390+00:00, run_after=2023-11-30T00:16:02.016390+00:00
[2023-11-30T02:16:02.061+0200] {processor.py:179} INFO - Processing /home/seva/UCU/AutomatedDataPipelines/Homework1/venv/lib/python3.10/site-packages/airflow/example_dags/example_setup_teardown.py took 0.095 seconds
[2023-11-30T02:16:49.716+0200] {processor.py:157} INFO - Started process (PID=1904) to work on /home/seva/UCU/AutomatedDataPipelines/Homework1/venv/lib/python3.10/site-packages/airflow/example_dags/example_setup_teardown.py
[2023-11-30T02:16:49.719+0200] {processor.py:829} INFO - Processing file /home/seva/UCU/AutomatedDataPipelines/Homework1/venv/lib/python3.10/site-packages/airflow/example_dags/example_setup_teardown.py for tasks to queue
[2023-11-30T02:16:49.720+0200] {logging_mixin.py:154} INFO - [2023-11-30T02:16:49.719+0200] {dagbag.py:536} INFO - Filling up the DagBag from /home/seva/UCU/AutomatedDataPipelines/Homework1/venv/lib/python3.10/site-packages/airflow/example_dags/example_setup_teardown.py
[2023-11-30T02:16:49.726+0200] {processor.py:839} INFO - DAG(s) dict_keys(['example_setup_teardown']) retrieved from /home/seva/UCU/AutomatedDataPipelines/Homework1/venv/lib/python3.10/site-packages/airflow/example_dags/example_setup_teardown.py
[2023-11-30T02:16:49.740+0200] {logging_mixin.py:154} INFO - [2023-11-30T02:16:49.740+0200] {dag.py:2941} INFO - Sync 1 DAGs
[2023-11-30T02:16:49.756+0200] {logging_mixin.py:154} INFO - [2023-11-30T02:16:49.755+0200] {dag.py:3722} INFO - Setting next_dagrun for example_setup_teardown to 2023-11-29T00:16:49.755742+00:00, run_after=2023-11-30T00:16:49.755742+00:00
[2023-11-30T02:16:49.778+0200] {processor.py:179} INFO - Processing /home/seva/UCU/AutomatedDataPipelines/Homework1/venv/lib/python3.10/site-packages/airflow/example_dags/example_setup_teardown.py took 0.065 seconds
[2023-11-30T02:17:35.913+0200] {processor.py:157} INFO - Started process (PID=2098) to work on /home/seva/UCU/AutomatedDataPipelines/Homework1/venv/lib/python3.10/site-packages/airflow/example_dags/example_setup_teardown.py
[2023-11-30T02:17:35.926+0200] {processor.py:829} INFO - Processing file /home/seva/UCU/AutomatedDataPipelines/Homework1/venv/lib/python3.10/site-packages/airflow/example_dags/example_setup_teardown.py for tasks to queue
[2023-11-30T02:17:35.927+0200] {logging_mixin.py:154} INFO - [2023-11-30T02:17:35.926+0200] {dagbag.py:536} INFO - Filling up the DagBag from /home/seva/UCU/AutomatedDataPipelines/Homework1/venv/lib/python3.10/site-packages/airflow/example_dags/example_setup_teardown.py
[2023-11-30T02:17:35.934+0200] {processor.py:839} INFO - DAG(s) dict_keys(['example_setup_teardown']) retrieved from /home/seva/UCU/AutomatedDataPipelines/Homework1/venv/lib/python3.10/site-packages/airflow/example_dags/example_setup_teardown.py
[2023-11-30T02:17:35.948+0200] {logging_mixin.py:154} INFO - [2023-11-30T02:17:35.947+0200] {dag.py:2941} INFO - Sync 1 DAGs
[2023-11-30T02:17:35.966+0200] {logging_mixin.py:154} INFO - [2023-11-30T02:17:35.966+0200] {dag.py:3722} INFO - Setting next_dagrun for example_setup_teardown to 2023-11-29T00:17:35.965850+00:00, run_after=2023-11-30T00:17:35.965850+00:00
[2023-11-30T02:17:35.990+0200] {processor.py:179} INFO - Processing /home/seva/UCU/AutomatedDataPipelines/Homework1/venv/lib/python3.10/site-packages/airflow/example_dags/example_setup_teardown.py took 0.080 seconds
[2023-11-30T02:18:19.892+0200] {processor.py:157} INFO - Started process (PID=2271) to work on /home/seva/UCU/AutomatedDataPipelines/Homework1/venv/lib/python3.10/site-packages/airflow/example_dags/example_setup_teardown.py
[2023-11-30T02:18:19.894+0200] {processor.py:829} INFO - Processing file /home/seva/UCU/AutomatedDataPipelines/Homework1/venv/lib/python3.10/site-packages/airflow/example_dags/example_setup_teardown.py for tasks to queue
[2023-11-30T02:18:19.895+0200] {logging_mixin.py:154} INFO - [2023-11-30T02:18:19.895+0200] {dagbag.py:536} INFO - Filling up the DagBag from /home/seva/UCU/AutomatedDataPipelines/Homework1/venv/lib/python3.10/site-packages/airflow/example_dags/example_setup_teardown.py
[2023-11-30T02:18:19.902+0200] {processor.py:839} INFO - DAG(s) dict_keys(['example_setup_teardown']) retrieved from /home/seva/UCU/AutomatedDataPipelines/Homework1/venv/lib/python3.10/site-packages/airflow/example_dags/example_setup_teardown.py
[2023-11-30T02:18:19.917+0200] {logging_mixin.py:154} INFO - [2023-11-30T02:18:19.917+0200] {dag.py:2941} INFO - Sync 1 DAGs
[2023-11-30T02:18:19.934+0200] {logging_mixin.py:154} INFO - [2023-11-30T02:18:19.934+0200] {dag.py:3722} INFO - Setting next_dagrun for example_setup_teardown to 2023-11-29T00:18:19.934371+00:00, run_after=2023-11-30T00:18:19.934371+00:00
[2023-11-30T02:18:19.956+0200] {processor.py:179} INFO - Processing /home/seva/UCU/AutomatedDataPipelines/Homework1/venv/lib/python3.10/site-packages/airflow/example_dags/example_setup_teardown.py took 0.068 seconds
[2023-11-30T02:19:02.235+0200] {processor.py:157} INFO - Started process (PID=2436) to work on /home/seva/UCU/AutomatedDataPipelines/Homework1/venv/lib/python3.10/site-packages/airflow/example_dags/example_setup_teardown.py
[2023-11-30T02:19:02.247+0200] {processor.py:829} INFO - Processing file /home/seva/UCU/AutomatedDataPipelines/Homework1/venv/lib/python3.10/site-packages/airflow/example_dags/example_setup_teardown.py for tasks to queue
[2023-11-30T02:19:02.248+0200] {logging_mixin.py:154} INFO - [2023-11-30T02:19:02.248+0200] {dagbag.py:536} INFO - Filling up the DagBag from /home/seva/UCU/AutomatedDataPipelines/Homework1/venv/lib/python3.10/site-packages/airflow/example_dags/example_setup_teardown.py
[2023-11-30T02:19:02.256+0200] {processor.py:839} INFO - DAG(s) dict_keys(['example_setup_teardown']) retrieved from /home/seva/UCU/AutomatedDataPipelines/Homework1/venv/lib/python3.10/site-packages/airflow/example_dags/example_setup_teardown.py
[2023-11-30T02:19:02.270+0200] {logging_mixin.py:154} INFO - [2023-11-30T02:19:02.270+0200] {dag.py:2941} INFO - Sync 1 DAGs
[2023-11-30T02:19:02.288+0200] {logging_mixin.py:154} INFO - [2023-11-30T02:19:02.288+0200] {dag.py:3722} INFO - Setting next_dagrun for example_setup_teardown to 2023-11-29T00:19:02.288055+00:00, run_after=2023-11-30T00:19:02.288055+00:00
[2023-11-30T02:19:02.311+0200] {processor.py:179} INFO - Processing /home/seva/UCU/AutomatedDataPipelines/Homework1/venv/lib/python3.10/site-packages/airflow/example_dags/example_setup_teardown.py took 0.080 seconds
[2023-11-30T02:19:46.252+0200] {processor.py:157} INFO - Started process (PID=2611) to work on /home/seva/UCU/AutomatedDataPipelines/Homework1/venv/lib/python3.10/site-packages/airflow/example_dags/example_setup_teardown.py
[2023-11-30T02:19:46.254+0200] {processor.py:829} INFO - Processing file /home/seva/UCU/AutomatedDataPipelines/Homework1/venv/lib/python3.10/site-packages/airflow/example_dags/example_setup_teardown.py for tasks to queue
[2023-11-30T02:19:46.255+0200] {logging_mixin.py:154} INFO - [2023-11-30T02:19:46.255+0200] {dagbag.py:536} INFO - Filling up the DagBag from /home/seva/UCU/AutomatedDataPipelines/Homework1/venv/lib/python3.10/site-packages/airflow/example_dags/example_setup_teardown.py
[2023-11-30T02:19:46.264+0200] {processor.py:839} INFO - DAG(s) dict_keys(['example_setup_teardown']) retrieved from /home/seva/UCU/AutomatedDataPipelines/Homework1/venv/lib/python3.10/site-packages/airflow/example_dags/example_setup_teardown.py
[2023-11-30T02:19:46.283+0200] {logging_mixin.py:154} INFO - [2023-11-30T02:19:46.283+0200] {dag.py:2941} INFO - Sync 1 DAGs
[2023-11-30T02:19:46.304+0200] {logging_mixin.py:154} INFO - [2023-11-30T02:19:46.304+0200] {dag.py:3722} INFO - Setting next_dagrun for example_setup_teardown to 2023-11-29T00:19:46.304048+00:00, run_after=2023-11-30T00:19:46.304048+00:00
[2023-11-30T02:19:46.329+0200] {processor.py:179} INFO - Processing /home/seva/UCU/AutomatedDataPipelines/Homework1/venv/lib/python3.10/site-packages/airflow/example_dags/example_setup_teardown.py took 0.082 seconds
[2023-11-30T02:20:29.475+0200] {processor.py:157} INFO - Started process (PID=2780) to work on /home/seva/UCU/AutomatedDataPipelines/Homework1/venv/lib/python3.10/site-packages/airflow/example_dags/example_setup_teardown.py
[2023-11-30T02:20:29.486+0200] {processor.py:829} INFO - Processing file /home/seva/UCU/AutomatedDataPipelines/Homework1/venv/lib/python3.10/site-packages/airflow/example_dags/example_setup_teardown.py for tasks to queue
[2023-11-30T02:20:29.487+0200] {logging_mixin.py:154} INFO - [2023-11-30T02:20:29.486+0200] {dagbag.py:536} INFO - Filling up the DagBag from /home/seva/UCU/AutomatedDataPipelines/Homework1/venv/lib/python3.10/site-packages/airflow/example_dags/example_setup_teardown.py
[2023-11-30T02:20:29.493+0200] {processor.py:839} INFO - DAG(s) dict_keys(['example_setup_teardown']) retrieved from /home/seva/UCU/AutomatedDataPipelines/Homework1/venv/lib/python3.10/site-packages/airflow/example_dags/example_setup_teardown.py
[2023-11-30T02:20:29.507+0200] {logging_mixin.py:154} INFO - [2023-11-30T02:20:29.507+0200] {dag.py:2941} INFO - Sync 1 DAGs
[2023-11-30T02:20:29.524+0200] {logging_mixin.py:154} INFO - [2023-11-30T02:20:29.524+0200] {dag.py:3722} INFO - Setting next_dagrun for example_setup_teardown to 2023-11-29T00:20:29.524327+00:00, run_after=2023-11-30T00:20:29.524327+00:00
[2023-11-30T02:20:29.565+0200] {processor.py:179} INFO - Processing /home/seva/UCU/AutomatedDataPipelines/Homework1/venv/lib/python3.10/site-packages/airflow/example_dags/example_setup_teardown.py took 0.093 seconds
[2023-11-30T02:21:16.341+0200] {processor.py:157} INFO - Started process (PID=2966) to work on /home/seva/UCU/AutomatedDataPipelines/Homework1/venv/lib/python3.10/site-packages/airflow/example_dags/example_setup_teardown.py
[2023-11-30T02:21:16.353+0200] {processor.py:829} INFO - Processing file /home/seva/UCU/AutomatedDataPipelines/Homework1/venv/lib/python3.10/site-packages/airflow/example_dags/example_setup_teardown.py for tasks to queue
[2023-11-30T02:21:16.355+0200] {logging_mixin.py:154} INFO - [2023-11-30T02:21:16.354+0200] {dagbag.py:536} INFO - Filling up the DagBag from /home/seva/UCU/AutomatedDataPipelines/Homework1/venv/lib/python3.10/site-packages/airflow/example_dags/example_setup_teardown.py
[2023-11-30T02:21:16.361+0200] {processor.py:839} INFO - DAG(s) dict_keys(['example_setup_teardown']) retrieved from /home/seva/UCU/AutomatedDataPipelines/Homework1/venv/lib/python3.10/site-packages/airflow/example_dags/example_setup_teardown.py
[2023-11-30T02:21:16.375+0200] {logging_mixin.py:154} INFO - [2023-11-30T02:21:16.375+0200] {dag.py:2941} INFO - Sync 1 DAGs
[2023-11-30T02:21:16.390+0200] {logging_mixin.py:154} INFO - [2023-11-30T02:21:16.390+0200] {dag.py:3722} INFO - Setting next_dagrun for example_setup_teardown to 2023-11-29T00:21:16.389946+00:00, run_after=2023-11-30T00:21:16.389946+00:00
[2023-11-30T02:21:16.431+0200] {processor.py:179} INFO - Processing /home/seva/UCU/AutomatedDataPipelines/Homework1/venv/lib/python3.10/site-packages/airflow/example_dags/example_setup_teardown.py took 0.092 seconds
[2023-11-30T02:21:58.125+0200] {processor.py:157} INFO - Started process (PID=3133) to work on /home/seva/UCU/AutomatedDataPipelines/Homework1/venv/lib/python3.10/site-packages/airflow/example_dags/example_setup_teardown.py
[2023-11-30T02:21:58.128+0200] {processor.py:829} INFO - Processing file /home/seva/UCU/AutomatedDataPipelines/Homework1/venv/lib/python3.10/site-packages/airflow/example_dags/example_setup_teardown.py for tasks to queue
[2023-11-30T02:21:58.128+0200] {logging_mixin.py:154} INFO - [2023-11-30T02:21:58.128+0200] {dagbag.py:536} INFO - Filling up the DagBag from /home/seva/UCU/AutomatedDataPipelines/Homework1/venv/lib/python3.10/site-packages/airflow/example_dags/example_setup_teardown.py
[2023-11-30T02:21:58.135+0200] {processor.py:839} INFO - DAG(s) dict_keys(['example_setup_teardown']) retrieved from /home/seva/UCU/AutomatedDataPipelines/Homework1/venv/lib/python3.10/site-packages/airflow/example_dags/example_setup_teardown.py
[2023-11-30T02:21:58.149+0200] {logging_mixin.py:154} INFO - [2023-11-30T02:21:58.149+0200] {dag.py:2941} INFO - Sync 1 DAGs
[2023-11-30T02:21:58.165+0200] {logging_mixin.py:154} INFO - [2023-11-30T02:21:58.165+0200] {dag.py:3722} INFO - Setting next_dagrun for example_setup_teardown to 2023-11-29T00:21:58.165322+00:00, run_after=2023-11-30T00:21:58.165322+00:00
[2023-11-30T02:21:58.189+0200] {processor.py:179} INFO - Processing /home/seva/UCU/AutomatedDataPipelines/Homework1/venv/lib/python3.10/site-packages/airflow/example_dags/example_setup_teardown.py took 0.067 seconds
[2023-11-30T02:22:42.385+0200] {processor.py:157} INFO - Started process (PID=3311) to work on /home/seva/UCU/AutomatedDataPipelines/Homework1/venv/lib/python3.10/site-packages/airflow/example_dags/example_setup_teardown.py
[2023-11-30T02:22:42.397+0200] {processor.py:829} INFO - Processing file /home/seva/UCU/AutomatedDataPipelines/Homework1/venv/lib/python3.10/site-packages/airflow/example_dags/example_setup_teardown.py for tasks to queue
[2023-11-30T02:22:42.398+0200] {logging_mixin.py:154} INFO - [2023-11-30T02:22:42.397+0200] {dagbag.py:536} INFO - Filling up the DagBag from /home/seva/UCU/AutomatedDataPipelines/Homework1/venv/lib/python3.10/site-packages/airflow/example_dags/example_setup_teardown.py
[2023-11-30T02:22:42.404+0200] {processor.py:839} INFO - DAG(s) dict_keys(['example_setup_teardown']) retrieved from /home/seva/UCU/AutomatedDataPipelines/Homework1/venv/lib/python3.10/site-packages/airflow/example_dags/example_setup_teardown.py
[2023-11-30T02:22:42.418+0200] {logging_mixin.py:154} INFO - [2023-11-30T02:22:42.417+0200] {dag.py:2941} INFO - Sync 1 DAGs
[2023-11-30T02:22:42.432+0200] {logging_mixin.py:154} INFO - [2023-11-30T02:22:42.432+0200] {dag.py:3722} INFO - Setting next_dagrun for example_setup_teardown to 2023-11-29T00:22:42.432442+00:00, run_after=2023-11-30T00:22:42.432442+00:00
[2023-11-30T02:22:42.456+0200] {processor.py:179} INFO - Processing /home/seva/UCU/AutomatedDataPipelines/Homework1/venv/lib/python3.10/site-packages/airflow/example_dags/example_setup_teardown.py took 0.074 seconds
[2023-11-30T02:23:27.041+0200] {processor.py:157} INFO - Started process (PID=3484) to work on /home/seva/UCU/AutomatedDataPipelines/Homework1/venv/lib/python3.10/site-packages/airflow/example_dags/example_setup_teardown.py
[2023-11-30T02:23:27.053+0200] {processor.py:829} INFO - Processing file /home/seva/UCU/AutomatedDataPipelines/Homework1/venv/lib/python3.10/site-packages/airflow/example_dags/example_setup_teardown.py for tasks to queue
[2023-11-30T02:23:27.054+0200] {logging_mixin.py:154} INFO - [2023-11-30T02:23:27.054+0200] {dagbag.py:536} INFO - Filling up the DagBag from /home/seva/UCU/AutomatedDataPipelines/Homework1/venv/lib/python3.10/site-packages/airflow/example_dags/example_setup_teardown.py
[2023-11-30T02:23:27.061+0200] {processor.py:839} INFO - DAG(s) dict_keys(['example_setup_teardown']) retrieved from /home/seva/UCU/AutomatedDataPipelines/Homework1/venv/lib/python3.10/site-packages/airflow/example_dags/example_setup_teardown.py
[2023-11-30T02:23:27.074+0200] {logging_mixin.py:154} INFO - [2023-11-30T02:23:27.073+0200] {dag.py:2941} INFO - Sync 1 DAGs
[2023-11-30T02:23:27.089+0200] {logging_mixin.py:154} INFO - [2023-11-30T02:23:27.089+0200] {dag.py:3722} INFO - Setting next_dagrun for example_setup_teardown to 2023-11-29T00:23:27.089398+00:00, run_after=2023-11-30T00:23:27.089398+00:00
[2023-11-30T02:23:27.115+0200] {processor.py:179} INFO - Processing /home/seva/UCU/AutomatedDataPipelines/Homework1/venv/lib/python3.10/site-packages/airflow/example_dags/example_setup_teardown.py took 0.077 seconds
[2023-11-30T02:24:11.526+0200] {processor.py:157} INFO - Started process (PID=3661) to work on /home/seva/UCU/AutomatedDataPipelines/Homework1/venv/lib/python3.10/site-packages/airflow/example_dags/example_setup_teardown.py
[2023-11-30T02:24:11.539+0200] {processor.py:829} INFO - Processing file /home/seva/UCU/AutomatedDataPipelines/Homework1/venv/lib/python3.10/site-packages/airflow/example_dags/example_setup_teardown.py for tasks to queue
[2023-11-30T02:24:11.539+0200] {logging_mixin.py:154} INFO - [2023-11-30T02:24:11.539+0200] {dagbag.py:536} INFO - Filling up the DagBag from /home/seva/UCU/AutomatedDataPipelines/Homework1/venv/lib/python3.10/site-packages/airflow/example_dags/example_setup_teardown.py
[2023-11-30T02:24:11.546+0200] {processor.py:839} INFO - DAG(s) dict_keys(['example_setup_teardown']) retrieved from /home/seva/UCU/AutomatedDataPipelines/Homework1/venv/lib/python3.10/site-packages/airflow/example_dags/example_setup_teardown.py
[2023-11-30T02:24:11.559+0200] {logging_mixin.py:154} INFO - [2023-11-30T02:24:11.559+0200] {dag.py:2941} INFO - Sync 1 DAGs
[2023-11-30T02:24:11.574+0200] {logging_mixin.py:154} INFO - [2023-11-30T02:24:11.574+0200] {dag.py:3722} INFO - Setting next_dagrun for example_setup_teardown to 2023-11-29T00:24:11.574429+00:00, run_after=2023-11-30T00:24:11.574429+00:00
[2023-11-30T02:24:11.617+0200] {processor.py:179} INFO - Processing /home/seva/UCU/AutomatedDataPipelines/Homework1/venv/lib/python3.10/site-packages/airflow/example_dags/example_setup_teardown.py took 0.095 seconds
[2023-11-30T02:25:00.914+0200] {processor.py:157} INFO - Started process (PID=3856) to work on /home/seva/UCU/AutomatedDataPipelines/Homework1/venv/lib/python3.10/site-packages/airflow/example_dags/example_setup_teardown.py
[2023-11-30T02:25:00.925+0200] {processor.py:829} INFO - Processing file /home/seva/UCU/AutomatedDataPipelines/Homework1/venv/lib/python3.10/site-packages/airflow/example_dags/example_setup_teardown.py for tasks to queue
[2023-11-30T02:25:00.927+0200] {logging_mixin.py:154} INFO - [2023-11-30T02:25:00.926+0200] {dagbag.py:536} INFO - Filling up the DagBag from /home/seva/UCU/AutomatedDataPipelines/Homework1/venv/lib/python3.10/site-packages/airflow/example_dags/example_setup_teardown.py
[2023-11-30T02:25:00.932+0200] {processor.py:839} INFO - DAG(s) dict_keys(['example_setup_teardown']) retrieved from /home/seva/UCU/AutomatedDataPipelines/Homework1/venv/lib/python3.10/site-packages/airflow/example_dags/example_setup_teardown.py
[2023-11-30T02:25:00.946+0200] {logging_mixin.py:154} INFO - [2023-11-30T02:25:00.946+0200] {dag.py:2941} INFO - Sync 1 DAGs
[2023-11-30T02:25:00.961+0200] {logging_mixin.py:154} INFO - [2023-11-30T02:25:00.961+0200] {dag.py:3722} INFO - Setting next_dagrun for example_setup_teardown to 2023-11-29T00:25:00.960845+00:00, run_after=2023-11-30T00:25:00.960845+00:00
[2023-11-30T02:25:00.985+0200] {processor.py:179} INFO - Processing /home/seva/UCU/AutomatedDataPipelines/Homework1/venv/lib/python3.10/site-packages/airflow/example_dags/example_setup_teardown.py took 0.074 seconds
[2023-11-30T02:25:43.762+0200] {processor.py:157} INFO - Started process (PID=4028) to work on /home/seva/UCU/AutomatedDataPipelines/Homework1/venv/lib/python3.10/site-packages/airflow/example_dags/example_setup_teardown.py
[2023-11-30T02:25:43.774+0200] {processor.py:829} INFO - Processing file /home/seva/UCU/AutomatedDataPipelines/Homework1/venv/lib/python3.10/site-packages/airflow/example_dags/example_setup_teardown.py for tasks to queue
[2023-11-30T02:25:43.775+0200] {logging_mixin.py:154} INFO - [2023-11-30T02:25:43.775+0200] {dagbag.py:536} INFO - Filling up the DagBag from /home/seva/UCU/AutomatedDataPipelines/Homework1/venv/lib/python3.10/site-packages/airflow/example_dags/example_setup_teardown.py
[2023-11-30T02:25:43.781+0200] {processor.py:839} INFO - DAG(s) dict_keys(['example_setup_teardown']) retrieved from /home/seva/UCU/AutomatedDataPipelines/Homework1/venv/lib/python3.10/site-packages/airflow/example_dags/example_setup_teardown.py
[2023-11-30T02:25:43.795+0200] {logging_mixin.py:154} INFO - [2023-11-30T02:25:43.795+0200] {dag.py:2941} INFO - Sync 1 DAGs
[2023-11-30T02:25:43.810+0200] {logging_mixin.py:154} INFO - [2023-11-30T02:25:43.810+0200] {dag.py:3722} INFO - Setting next_dagrun for example_setup_teardown to 2023-11-29T00:25:43.810325+00:00, run_after=2023-11-30T00:25:43.810325+00:00
[2023-11-30T02:25:43.835+0200] {processor.py:179} INFO - Processing /home/seva/UCU/AutomatedDataPipelines/Homework1/venv/lib/python3.10/site-packages/airflow/example_dags/example_setup_teardown.py took 0.076 seconds
[2023-11-30T02:26:28.251+0200] {processor.py:157} INFO - Started process (PID=4199) to work on /home/seva/UCU/AutomatedDataPipelines/Homework1/venv/lib/python3.10/site-packages/airflow/example_dags/example_setup_teardown.py
[2023-11-30T02:26:28.253+0200] {processor.py:829} INFO - Processing file /home/seva/UCU/AutomatedDataPipelines/Homework1/venv/lib/python3.10/site-packages/airflow/example_dags/example_setup_teardown.py for tasks to queue
[2023-11-30T02:26:28.254+0200] {logging_mixin.py:154} INFO - [2023-11-30T02:26:28.254+0200] {dagbag.py:536} INFO - Filling up the DagBag from /home/seva/UCU/AutomatedDataPipelines/Homework1/venv/lib/python3.10/site-packages/airflow/example_dags/example_setup_teardown.py
[2023-11-30T02:26:28.260+0200] {processor.py:839} INFO - DAG(s) dict_keys(['example_setup_teardown']) retrieved from /home/seva/UCU/AutomatedDataPipelines/Homework1/venv/lib/python3.10/site-packages/airflow/example_dags/example_setup_teardown.py
[2023-11-30T02:26:28.275+0200] {logging_mixin.py:154} INFO - [2023-11-30T02:26:28.274+0200] {dag.py:2941} INFO - Sync 1 DAGs
[2023-11-30T02:26:28.290+0200] {logging_mixin.py:154} INFO - [2023-11-30T02:26:28.290+0200] {dag.py:3722} INFO - Setting next_dagrun for example_setup_teardown to 2023-11-29T00:26:28.290563+00:00, run_after=2023-11-30T00:26:28.290563+00:00
[2023-11-30T02:26:28.315+0200] {processor.py:179} INFO - Processing /home/seva/UCU/AutomatedDataPipelines/Homework1/venv/lib/python3.10/site-packages/airflow/example_dags/example_setup_teardown.py took 0.066 seconds
[2023-11-30T02:27:11.719+0200] {processor.py:157} INFO - Started process (PID=4369) to work on /home/seva/UCU/AutomatedDataPipelines/Homework1/venv/lib/python3.10/site-packages/airflow/example_dags/example_setup_teardown.py
[2023-11-30T02:27:11.730+0200] {processor.py:829} INFO - Processing file /home/seva/UCU/AutomatedDataPipelines/Homework1/venv/lib/python3.10/site-packages/airflow/example_dags/example_setup_teardown.py for tasks to queue
[2023-11-30T02:27:11.731+0200] {logging_mixin.py:154} INFO - [2023-11-30T02:27:11.731+0200] {dagbag.py:536} INFO - Filling up the DagBag from /home/seva/UCU/AutomatedDataPipelines/Homework1/venv/lib/python3.10/site-packages/airflow/example_dags/example_setup_teardown.py
[2023-11-30T02:27:11.738+0200] {processor.py:839} INFO - DAG(s) dict_keys(['example_setup_teardown']) retrieved from /home/seva/UCU/AutomatedDataPipelines/Homework1/venv/lib/python3.10/site-packages/airflow/example_dags/example_setup_teardown.py
[2023-11-30T02:27:11.751+0200] {logging_mixin.py:154} INFO - [2023-11-30T02:27:11.751+0200] {dag.py:2941} INFO - Sync 1 DAGs
[2023-11-30T02:27:11.768+0200] {logging_mixin.py:154} INFO - [2023-11-30T02:27:11.768+0200] {dag.py:3722} INFO - Setting next_dagrun for example_setup_teardown to 2023-11-29T00:27:11.767906+00:00, run_after=2023-11-30T00:27:11.767906+00:00
[2023-11-30T02:27:11.793+0200] {processor.py:179} INFO - Processing /home/seva/UCU/AutomatedDataPipelines/Homework1/venv/lib/python3.10/site-packages/airflow/example_dags/example_setup_teardown.py took 0.077 seconds
[2023-11-30T02:27:59.924+0200] {processor.py:157} INFO - Started process (PID=4556) to work on /home/seva/UCU/AutomatedDataPipelines/Homework1/venv/lib/python3.10/site-packages/airflow/example_dags/example_setup_teardown.py
[2023-11-30T02:27:59.936+0200] {processor.py:829} INFO - Processing file /home/seva/UCU/AutomatedDataPipelines/Homework1/venv/lib/python3.10/site-packages/airflow/example_dags/example_setup_teardown.py for tasks to queue
[2023-11-30T02:27:59.937+0200] {logging_mixin.py:154} INFO - [2023-11-30T02:27:59.937+0200] {dagbag.py:536} INFO - Filling up the DagBag from /home/seva/UCU/AutomatedDataPipelines/Homework1/venv/lib/python3.10/site-packages/airflow/example_dags/example_setup_teardown.py
[2023-11-30T02:27:59.944+0200] {processor.py:839} INFO - DAG(s) dict_keys(['example_setup_teardown']) retrieved from /home/seva/UCU/AutomatedDataPipelines/Homework1/venv/lib/python3.10/site-packages/airflow/example_dags/example_setup_teardown.py
[2023-11-30T02:27:59.958+0200] {logging_mixin.py:154} INFO - [2023-11-30T02:27:59.958+0200] {dag.py:2941} INFO - Sync 1 DAGs
[2023-11-30T02:27:59.972+0200] {logging_mixin.py:154} INFO - [2023-11-30T02:27:59.972+0200] {dag.py:3722} INFO - Setting next_dagrun for example_setup_teardown to 2023-11-29T00:27:59.972569+00:00, run_after=2023-11-30T00:27:59.972569+00:00
[2023-11-30T02:28:00.018+0200] {processor.py:179} INFO - Processing /home/seva/UCU/AutomatedDataPipelines/Homework1/venv/lib/python3.10/site-packages/airflow/example_dags/example_setup_teardown.py took 0.097 seconds
[2023-11-30T02:28:43.628+0200] {processor.py:157} INFO - Started process (PID=4728) to work on /home/seva/UCU/AutomatedDataPipelines/Homework1/venv/lib/python3.10/site-packages/airflow/example_dags/example_setup_teardown.py
[2023-11-30T02:28:43.640+0200] {processor.py:829} INFO - Processing file /home/seva/UCU/AutomatedDataPipelines/Homework1/venv/lib/python3.10/site-packages/airflow/example_dags/example_setup_teardown.py for tasks to queue
[2023-11-30T02:28:43.641+0200] {logging_mixin.py:154} INFO - [2023-11-30T02:28:43.641+0200] {dagbag.py:536} INFO - Filling up the DagBag from /home/seva/UCU/AutomatedDataPipelines/Homework1/venv/lib/python3.10/site-packages/airflow/example_dags/example_setup_teardown.py
[2023-11-30T02:28:43.650+0200] {processor.py:839} INFO - DAG(s) dict_keys(['example_setup_teardown']) retrieved from /home/seva/UCU/AutomatedDataPipelines/Homework1/venv/lib/python3.10/site-packages/airflow/example_dags/example_setup_teardown.py
[2023-11-30T02:28:43.667+0200] {logging_mixin.py:154} INFO - [2023-11-30T02:28:43.667+0200] {dag.py:2941} INFO - Sync 1 DAGs
[2023-11-30T02:28:43.686+0200] {logging_mixin.py:154} INFO - [2023-11-30T02:28:43.686+0200] {dag.py:3722} INFO - Setting next_dagrun for example_setup_teardown to 2023-11-29T00:28:43.686260+00:00, run_after=2023-11-30T00:28:43.686260+00:00
[2023-11-30T02:28:43.712+0200] {processor.py:179} INFO - Processing /home/seva/UCU/AutomatedDataPipelines/Homework1/venv/lib/python3.10/site-packages/airflow/example_dags/example_setup_teardown.py took 0.088 seconds
[2023-11-30T02:29:29.711+0200] {processor.py:157} INFO - Started process (PID=4918) to work on /home/seva/UCU/AutomatedDataPipelines/Homework1/venv/lib/python3.10/site-packages/airflow/example_dags/example_setup_teardown.py
[2023-11-30T02:29:29.724+0200] {processor.py:829} INFO - Processing file /home/seva/UCU/AutomatedDataPipelines/Homework1/venv/lib/python3.10/site-packages/airflow/example_dags/example_setup_teardown.py for tasks to queue
[2023-11-30T02:29:29.725+0200] {logging_mixin.py:154} INFO - [2023-11-30T02:29:29.724+0200] {dagbag.py:536} INFO - Filling up the DagBag from /home/seva/UCU/AutomatedDataPipelines/Homework1/venv/lib/python3.10/site-packages/airflow/example_dags/example_setup_teardown.py
[2023-11-30T02:29:29.731+0200] {processor.py:839} INFO - DAG(s) dict_keys(['example_setup_teardown']) retrieved from /home/seva/UCU/AutomatedDataPipelines/Homework1/venv/lib/python3.10/site-packages/airflow/example_dags/example_setup_teardown.py
[2023-11-30T02:29:29.745+0200] {logging_mixin.py:154} INFO - [2023-11-30T02:29:29.745+0200] {dag.py:2941} INFO - Sync 1 DAGs
[2023-11-30T02:29:29.761+0200] {logging_mixin.py:154} INFO - [2023-11-30T02:29:29.761+0200] {dag.py:3722} INFO - Setting next_dagrun for example_setup_teardown to 2023-11-29T00:29:29.761501+00:00, run_after=2023-11-30T00:29:29.761501+00:00
[2023-11-30T02:29:29.802+0200] {processor.py:179} INFO - Processing /home/seva/UCU/AutomatedDataPipelines/Homework1/venv/lib/python3.10/site-packages/airflow/example_dags/example_setup_teardown.py took 0.094 seconds
[2023-11-30T02:30:13.769+0200] {processor.py:157} INFO - Started process (PID=5089) to work on /home/seva/UCU/AutomatedDataPipelines/Homework1/venv/lib/python3.10/site-packages/airflow/example_dags/example_setup_teardown.py
[2023-11-30T02:30:13.771+0200] {processor.py:829} INFO - Processing file /home/seva/UCU/AutomatedDataPipelines/Homework1/venv/lib/python3.10/site-packages/airflow/example_dags/example_setup_teardown.py for tasks to queue
[2023-11-30T02:30:13.772+0200] {logging_mixin.py:154} INFO - [2023-11-30T02:30:13.772+0200] {dagbag.py:536} INFO - Filling up the DagBag from /home/seva/UCU/AutomatedDataPipelines/Homework1/venv/lib/python3.10/site-packages/airflow/example_dags/example_setup_teardown.py
[2023-11-30T02:30:13.779+0200] {processor.py:839} INFO - DAG(s) dict_keys(['example_setup_teardown']) retrieved from /home/seva/UCU/AutomatedDataPipelines/Homework1/venv/lib/python3.10/site-packages/airflow/example_dags/example_setup_teardown.py
[2023-11-30T02:30:13.792+0200] {logging_mixin.py:154} INFO - [2023-11-30T02:30:13.792+0200] {dag.py:2941} INFO - Sync 1 DAGs
[2023-11-30T02:30:13.809+0200] {logging_mixin.py:154} INFO - [2023-11-30T02:30:13.808+0200] {dag.py:3722} INFO - Setting next_dagrun for example_setup_teardown to 2023-11-29T00:30:13.808628+00:00, run_after=2023-11-30T00:30:13.808628+00:00
[2023-11-30T02:30:13.832+0200] {processor.py:179} INFO - Processing /home/seva/UCU/AutomatedDataPipelines/Homework1/venv/lib/python3.10/site-packages/airflow/example_dags/example_setup_teardown.py took 0.066 seconds
[2023-11-30T02:30:59.245+0200] {processor.py:157} INFO - Started process (PID=5268) to work on /home/seva/UCU/AutomatedDataPipelines/Homework1/venv/lib/python3.10/site-packages/airflow/example_dags/example_setup_teardown.py
[2023-11-30T02:30:59.257+0200] {processor.py:829} INFO - Processing file /home/seva/UCU/AutomatedDataPipelines/Homework1/venv/lib/python3.10/site-packages/airflow/example_dags/example_setup_teardown.py for tasks to queue
[2023-11-30T02:30:59.258+0200] {logging_mixin.py:154} INFO - [2023-11-30T02:30:59.258+0200] {dagbag.py:536} INFO - Filling up the DagBag from /home/seva/UCU/AutomatedDataPipelines/Homework1/venv/lib/python3.10/site-packages/airflow/example_dags/example_setup_teardown.py
[2023-11-30T02:30:59.265+0200] {processor.py:839} INFO - DAG(s) dict_keys(['example_setup_teardown']) retrieved from /home/seva/UCU/AutomatedDataPipelines/Homework1/venv/lib/python3.10/site-packages/airflow/example_dags/example_setup_teardown.py
[2023-11-30T02:30:59.279+0200] {logging_mixin.py:154} INFO - [2023-11-30T02:30:59.279+0200] {dag.py:2941} INFO - Sync 1 DAGs
[2023-11-30T02:30:59.294+0200] {logging_mixin.py:154} INFO - [2023-11-30T02:30:59.294+0200] {dag.py:3722} INFO - Setting next_dagrun for example_setup_teardown to 2023-11-29T00:30:59.293977+00:00, run_after=2023-11-30T00:30:59.293977+00:00
[2023-11-30T02:30:59.319+0200] {processor.py:179} INFO - Processing /home/seva/UCU/AutomatedDataPipelines/Homework1/venv/lib/python3.10/site-packages/airflow/example_dags/example_setup_teardown.py took 0.077 seconds
[2023-11-30T02:31:45.604+0200] {processor.py:157} INFO - Started process (PID=5448) to work on /home/seva/UCU/AutomatedDataPipelines/Homework1/venv/lib/python3.10/site-packages/airflow/example_dags/example_setup_teardown.py
[2023-11-30T02:31:45.615+0200] {processor.py:829} INFO - Processing file /home/seva/UCU/AutomatedDataPipelines/Homework1/venv/lib/python3.10/site-packages/airflow/example_dags/example_setup_teardown.py for tasks to queue
[2023-11-30T02:31:45.617+0200] {logging_mixin.py:154} INFO - [2023-11-30T02:31:45.616+0200] {dagbag.py:536} INFO - Filling up the DagBag from /home/seva/UCU/AutomatedDataPipelines/Homework1/venv/lib/python3.10/site-packages/airflow/example_dags/example_setup_teardown.py
[2023-11-30T02:31:45.624+0200] {processor.py:839} INFO - DAG(s) dict_keys(['example_setup_teardown']) retrieved from /home/seva/UCU/AutomatedDataPipelines/Homework1/venv/lib/python3.10/site-packages/airflow/example_dags/example_setup_teardown.py
[2023-11-30T02:31:45.638+0200] {logging_mixin.py:154} INFO - [2023-11-30T02:31:45.638+0200] {dag.py:2941} INFO - Sync 1 DAGs
[2023-11-30T02:31:45.656+0200] {logging_mixin.py:154} INFO - [2023-11-30T02:31:45.655+0200] {dag.py:3722} INFO - Setting next_dagrun for example_setup_teardown to 2023-11-29T00:31:45.655794+00:00, run_after=2023-11-30T00:31:45.655794+00:00
[2023-11-30T02:31:45.681+0200] {processor.py:179} INFO - Processing /home/seva/UCU/AutomatedDataPipelines/Homework1/venv/lib/python3.10/site-packages/airflow/example_dags/example_setup_teardown.py took 0.081 seconds
[2023-11-30T02:32:28.891+0200] {processor.py:157} INFO - Started process (PID=5642) to work on /home/seva/UCU/AutomatedDataPipelines/Homework1/venv/lib/python3.10/site-packages/airflow/example_dags/example_setup_teardown.py
[2023-11-30T02:32:28.903+0200] {processor.py:829} INFO - Processing file /home/seva/UCU/AutomatedDataPipelines/Homework1/venv/lib/python3.10/site-packages/airflow/example_dags/example_setup_teardown.py for tasks to queue
[2023-11-30T02:32:28.904+0200] {logging_mixin.py:154} INFO - [2023-11-30T02:32:28.904+0200] {dagbag.py:536} INFO - Filling up the DagBag from /home/seva/UCU/AutomatedDataPipelines/Homework1/venv/lib/python3.10/site-packages/airflow/example_dags/example_setup_teardown.py
[2023-11-30T02:32:28.913+0200] {processor.py:839} INFO - DAG(s) dict_keys(['example_setup_teardown']) retrieved from /home/seva/UCU/AutomatedDataPipelines/Homework1/venv/lib/python3.10/site-packages/airflow/example_dags/example_setup_teardown.py
[2023-11-30T02:32:28.930+0200] {logging_mixin.py:154} INFO - [2023-11-30T02:32:28.930+0200] {dag.py:2941} INFO - Sync 1 DAGs
[2023-11-30T02:32:28.949+0200] {logging_mixin.py:154} INFO - [2023-11-30T02:32:28.949+0200] {dag.py:3722} INFO - Setting next_dagrun for example_setup_teardown to 2023-11-29T00:32:28.949309+00:00, run_after=2023-11-30T00:32:28.949309+00:00
[2023-11-30T02:32:28.998+0200] {processor.py:179} INFO - Processing /home/seva/UCU/AutomatedDataPipelines/Homework1/venv/lib/python3.10/site-packages/airflow/example_dags/example_setup_teardown.py took 0.112 seconds
[2023-11-30T02:33:16.433+0200] {processor.py:157} INFO - Started process (PID=5835) to work on /home/seva/UCU/AutomatedDataPipelines/Homework1/venv/lib/python3.10/site-packages/airflow/example_dags/example_setup_teardown.py
[2023-11-30T02:33:16.445+0200] {processor.py:829} INFO - Processing file /home/seva/UCU/AutomatedDataPipelines/Homework1/venv/lib/python3.10/site-packages/airflow/example_dags/example_setup_teardown.py for tasks to queue
[2023-11-30T02:33:16.446+0200] {logging_mixin.py:154} INFO - [2023-11-30T02:33:16.445+0200] {dagbag.py:536} INFO - Filling up the DagBag from /home/seva/UCU/AutomatedDataPipelines/Homework1/venv/lib/python3.10/site-packages/airflow/example_dags/example_setup_teardown.py
[2023-11-30T02:33:16.452+0200] {processor.py:839} INFO - DAG(s) dict_keys(['example_setup_teardown']) retrieved from /home/seva/UCU/AutomatedDataPipelines/Homework1/venv/lib/python3.10/site-packages/airflow/example_dags/example_setup_teardown.py
[2023-11-30T02:33:16.468+0200] {logging_mixin.py:154} INFO - [2023-11-30T02:33:16.467+0200] {dag.py:2941} INFO - Sync 1 DAGs
[2023-11-30T02:33:16.486+0200] {logging_mixin.py:154} INFO - [2023-11-30T02:33:16.485+0200] {dag.py:3722} INFO - Setting next_dagrun for example_setup_teardown to 2023-11-29T00:33:16.485741+00:00, run_after=2023-11-30T00:33:16.485741+00:00
[2023-11-30T02:33:16.511+0200] {processor.py:179} INFO - Processing /home/seva/UCU/AutomatedDataPipelines/Homework1/venv/lib/python3.10/site-packages/airflow/example_dags/example_setup_teardown.py took 0.081 seconds
[2023-11-30T02:34:03.389+0200] {processor.py:157} INFO - Started process (PID=6021) to work on /home/seva/UCU/AutomatedDataPipelines/Homework1/venv/lib/python3.10/site-packages/airflow/example_dags/example_setup_teardown.py
[2023-11-30T02:34:03.402+0200] {processor.py:829} INFO - Processing file /home/seva/UCU/AutomatedDataPipelines/Homework1/venv/lib/python3.10/site-packages/airflow/example_dags/example_setup_teardown.py for tasks to queue
[2023-11-30T02:34:03.404+0200] {logging_mixin.py:154} INFO - [2023-11-30T02:34:03.403+0200] {dagbag.py:536} INFO - Filling up the DagBag from /home/seva/UCU/AutomatedDataPipelines/Homework1/venv/lib/python3.10/site-packages/airflow/example_dags/example_setup_teardown.py
[2023-11-30T02:34:03.418+0200] {processor.py:839} INFO - DAG(s) dict_keys(['example_setup_teardown']) retrieved from /home/seva/UCU/AutomatedDataPipelines/Homework1/venv/lib/python3.10/site-packages/airflow/example_dags/example_setup_teardown.py
[2023-11-30T02:34:03.437+0200] {logging_mixin.py:154} INFO - [2023-11-30T02:34:03.437+0200] {dag.py:2941} INFO - Sync 1 DAGs
[2023-11-30T02:34:03.465+0200] {logging_mixin.py:154} INFO - [2023-11-30T02:34:03.464+0200] {dag.py:3722} INFO - Setting next_dagrun for example_setup_teardown to 2023-11-29T00:34:03.464612+00:00, run_after=2023-11-30T00:34:03.464612+00:00
[2023-11-30T02:34:03.492+0200] {processor.py:179} INFO - Processing /home/seva/UCU/AutomatedDataPipelines/Homework1/venv/lib/python3.10/site-packages/airflow/example_dags/example_setup_teardown.py took 0.107 seconds
[2023-11-30T02:34:54.125+0200] {processor.py:157} INFO - Started process (PID=6225) to work on /home/seva/UCU/AutomatedDataPipelines/Homework1/venv/lib/python3.10/site-packages/airflow/example_dags/example_setup_teardown.py
[2023-11-30T02:34:54.137+0200] {processor.py:829} INFO - Processing file /home/seva/UCU/AutomatedDataPipelines/Homework1/venv/lib/python3.10/site-packages/airflow/example_dags/example_setup_teardown.py for tasks to queue
[2023-11-30T02:34:54.138+0200] {logging_mixin.py:154} INFO - [2023-11-30T02:34:54.137+0200] {dagbag.py:536} INFO - Filling up the DagBag from /home/seva/UCU/AutomatedDataPipelines/Homework1/venv/lib/python3.10/site-packages/airflow/example_dags/example_setup_teardown.py
[2023-11-30T02:34:54.145+0200] {processor.py:839} INFO - DAG(s) dict_keys(['example_setup_teardown']) retrieved from /home/seva/UCU/AutomatedDataPipelines/Homework1/venv/lib/python3.10/site-packages/airflow/example_dags/example_setup_teardown.py
[2023-11-30T02:34:54.159+0200] {logging_mixin.py:154} INFO - [2023-11-30T02:34:54.159+0200] {dag.py:2941} INFO - Sync 1 DAGs
[2023-11-30T02:34:54.174+0200] {logging_mixin.py:154} INFO - [2023-11-30T02:34:54.174+0200] {dag.py:3722} INFO - Setting next_dagrun for example_setup_teardown to 2023-11-29T00:34:54.174352+00:00, run_after=2023-11-30T00:34:54.174352+00:00
[2023-11-30T02:34:54.206+0200] {processor.py:179} INFO - Processing /home/seva/UCU/AutomatedDataPipelines/Homework1/venv/lib/python3.10/site-packages/airflow/example_dags/example_setup_teardown.py took 0.084 seconds
[2023-11-30T02:35:40.623+0200] {processor.py:157} INFO - Started process (PID=6412) to work on /home/seva/UCU/AutomatedDataPipelines/Homework1/venv/lib/python3.10/site-packages/airflow/example_dags/example_setup_teardown.py
[2023-11-30T02:35:40.634+0200] {processor.py:829} INFO - Processing file /home/seva/UCU/AutomatedDataPipelines/Homework1/venv/lib/python3.10/site-packages/airflow/example_dags/example_setup_teardown.py for tasks to queue
[2023-11-30T02:35:40.635+0200] {logging_mixin.py:154} INFO - [2023-11-30T02:35:40.635+0200] {dagbag.py:536} INFO - Filling up the DagBag from /home/seva/UCU/AutomatedDataPipelines/Homework1/venv/lib/python3.10/site-packages/airflow/example_dags/example_setup_teardown.py
[2023-11-30T02:35:40.642+0200] {processor.py:839} INFO - DAG(s) dict_keys(['example_setup_teardown']) retrieved from /home/seva/UCU/AutomatedDataPipelines/Homework1/venv/lib/python3.10/site-packages/airflow/example_dags/example_setup_teardown.py
[2023-11-30T02:35:40.657+0200] {logging_mixin.py:154} INFO - [2023-11-30T02:35:40.657+0200] {dag.py:2941} INFO - Sync 1 DAGs
[2023-11-30T02:35:40.673+0200] {logging_mixin.py:154} INFO - [2023-11-30T02:35:40.673+0200] {dag.py:3722} INFO - Setting next_dagrun for example_setup_teardown to 2023-11-29T00:35:40.673195+00:00, run_after=2023-11-30T00:35:40.673195+00:00
[2023-11-30T02:35:40.695+0200] {processor.py:179} INFO - Processing /home/seva/UCU/AutomatedDataPipelines/Homework1/venv/lib/python3.10/site-packages/airflow/example_dags/example_setup_teardown.py took 0.075 seconds
[2023-11-30T02:36:25.484+0200] {processor.py:157} INFO - Started process (PID=6589) to work on /home/seva/UCU/AutomatedDataPipelines/Homework1/venv/lib/python3.10/site-packages/airflow/example_dags/example_setup_teardown.py
[2023-11-30T02:36:25.496+0200] {processor.py:829} INFO - Processing file /home/seva/UCU/AutomatedDataPipelines/Homework1/venv/lib/python3.10/site-packages/airflow/example_dags/example_setup_teardown.py for tasks to queue
[2023-11-30T02:36:25.497+0200] {logging_mixin.py:154} INFO - [2023-11-30T02:36:25.497+0200] {dagbag.py:536} INFO - Filling up the DagBag from /home/seva/UCU/AutomatedDataPipelines/Homework1/venv/lib/python3.10/site-packages/airflow/example_dags/example_setup_teardown.py
[2023-11-30T02:36:25.504+0200] {processor.py:839} INFO - DAG(s) dict_keys(['example_setup_teardown']) retrieved from /home/seva/UCU/AutomatedDataPipelines/Homework1/venv/lib/python3.10/site-packages/airflow/example_dags/example_setup_teardown.py
[2023-11-30T02:36:25.519+0200] {logging_mixin.py:154} INFO - [2023-11-30T02:36:25.518+0200] {dag.py:2941} INFO - Sync 1 DAGs
[2023-11-30T02:36:25.535+0200] {logging_mixin.py:154} INFO - [2023-11-30T02:36:25.535+0200] {dag.py:3722} INFO - Setting next_dagrun for example_setup_teardown to 2023-11-29T00:36:25.535532+00:00, run_after=2023-11-30T00:36:25.535532+00:00
[2023-11-30T02:36:25.561+0200] {processor.py:179} INFO - Processing /home/seva/UCU/AutomatedDataPipelines/Homework1/venv/lib/python3.10/site-packages/airflow/example_dags/example_setup_teardown.py took 0.080 seconds
[2023-11-30T02:37:13.864+0200] {processor.py:157} INFO - Started process (PID=6784) to work on /home/seva/UCU/AutomatedDataPipelines/Homework1/venv/lib/python3.10/site-packages/airflow/example_dags/example_setup_teardown.py
[2023-11-30T02:37:13.876+0200] {processor.py:829} INFO - Processing file /home/seva/UCU/AutomatedDataPipelines/Homework1/venv/lib/python3.10/site-packages/airflow/example_dags/example_setup_teardown.py for tasks to queue
[2023-11-30T02:37:13.877+0200] {logging_mixin.py:154} INFO - [2023-11-30T02:37:13.877+0200] {dagbag.py:536} INFO - Filling up the DagBag from /home/seva/UCU/AutomatedDataPipelines/Homework1/venv/lib/python3.10/site-packages/airflow/example_dags/example_setup_teardown.py
[2023-11-30T02:37:13.886+0200] {processor.py:839} INFO - DAG(s) dict_keys(['example_setup_teardown']) retrieved from /home/seva/UCU/AutomatedDataPipelines/Homework1/venv/lib/python3.10/site-packages/airflow/example_dags/example_setup_teardown.py
[2023-11-30T02:37:13.900+0200] {logging_mixin.py:154} INFO - [2023-11-30T02:37:13.900+0200] {dag.py:2941} INFO - Sync 1 DAGs
[2023-11-30T02:37:13.918+0200] {logging_mixin.py:154} INFO - [2023-11-30T02:37:13.918+0200] {dag.py:3722} INFO - Setting next_dagrun for example_setup_teardown to 2023-11-29T00:37:13.918120+00:00, run_after=2023-11-30T00:37:13.918120+00:00
[2023-11-30T02:37:13.950+0200] {processor.py:179} INFO - Processing /home/seva/UCU/AutomatedDataPipelines/Homework1/venv/lib/python3.10/site-packages/airflow/example_dags/example_setup_teardown.py took 0.089 seconds
[2023-11-30T02:38:04.778+0200] {processor.py:157} INFO - Started process (PID=6980) to work on /home/seva/UCU/AutomatedDataPipelines/Homework1/venv/lib/python3.10/site-packages/airflow/example_dags/example_setup_teardown.py
[2023-11-30T02:38:04.780+0200] {processor.py:829} INFO - Processing file /home/seva/UCU/AutomatedDataPipelines/Homework1/venv/lib/python3.10/site-packages/airflow/example_dags/example_setup_teardown.py for tasks to queue
[2023-11-30T02:38:04.781+0200] {logging_mixin.py:154} INFO - [2023-11-30T02:38:04.781+0200] {dagbag.py:536} INFO - Filling up the DagBag from /home/seva/UCU/AutomatedDataPipelines/Homework1/venv/lib/python3.10/site-packages/airflow/example_dags/example_setup_teardown.py
[2023-11-30T02:38:04.788+0200] {processor.py:839} INFO - DAG(s) dict_keys(['example_setup_teardown']) retrieved from /home/seva/UCU/AutomatedDataPipelines/Homework1/venv/lib/python3.10/site-packages/airflow/example_dags/example_setup_teardown.py
[2023-11-30T02:38:04.802+0200] {logging_mixin.py:154} INFO - [2023-11-30T02:38:04.802+0200] {dag.py:2941} INFO - Sync 1 DAGs
[2023-11-30T02:38:04.818+0200] {logging_mixin.py:154} INFO - [2023-11-30T02:38:04.818+0200] {dag.py:3722} INFO - Setting next_dagrun for example_setup_teardown to 2023-11-29T00:38:04.818278+00:00, run_after=2023-11-30T00:38:04.818278+00:00
[2023-11-30T02:38:04.842+0200] {processor.py:179} INFO - Processing /home/seva/UCU/AutomatedDataPipelines/Homework1/venv/lib/python3.10/site-packages/airflow/example_dags/example_setup_teardown.py took 0.067 seconds
[2023-11-30T02:38:57.996+0200] {processor.py:157} INFO - Started process (PID=7397) to work on /home/seva/UCU/AutomatedDataPipelines/Homework1/venv/lib/python3.10/site-packages/airflow/example_dags/example_setup_teardown.py
[2023-11-30T02:38:58.005+0200] {processor.py:829} INFO - Processing file /home/seva/UCU/AutomatedDataPipelines/Homework1/venv/lib/python3.10/site-packages/airflow/example_dags/example_setup_teardown.py for tasks to queue
[2023-11-30T02:38:58.006+0200] {logging_mixin.py:154} INFO - [2023-11-30T02:38:58.006+0200] {dagbag.py:536} INFO - Filling up the DagBag from /home/seva/UCU/AutomatedDataPipelines/Homework1/venv/lib/python3.10/site-packages/airflow/example_dags/example_setup_teardown.py
[2023-11-30T02:38:58.015+0200] {processor.py:839} INFO - DAG(s) dict_keys(['example_setup_teardown']) retrieved from /home/seva/UCU/AutomatedDataPipelines/Homework1/venv/lib/python3.10/site-packages/airflow/example_dags/example_setup_teardown.py
[2023-11-30T02:38:58.030+0200] {logging_mixin.py:154} INFO - [2023-11-30T02:38:58.030+0200] {dag.py:2941} INFO - Sync 1 DAGs
[2023-11-30T02:38:58.046+0200] {logging_mixin.py:154} INFO - [2023-11-30T02:38:58.046+0200] {dag.py:3722} INFO - Setting next_dagrun for example_setup_teardown to 2023-11-29T00:38:58.046279+00:00, run_after=2023-11-30T00:38:58.046279+00:00
[2023-11-30T02:38:58.072+0200] {processor.py:179} INFO - Processing /home/seva/UCU/AutomatedDataPipelines/Homework1/venv/lib/python3.10/site-packages/airflow/example_dags/example_setup_teardown.py took 0.081 seconds
