[2023-11-30T02:13:40.121+0200] {processor.py:157} INFO - Started process (PID=1215) to work on /home/seva/UCU/AutomatedDataPipelines/Homework1/venv/lib/python3.10/site-packages/airflow/example_dags/example_short_circuit_operator.py
[2023-11-30T02:13:40.122+0200] {processor.py:829} INFO - Processing file /home/seva/UCU/AutomatedDataPipelines/Homework1/venv/lib/python3.10/site-packages/airflow/example_dags/example_short_circuit_operator.py for tasks to queue
[2023-11-30T02:13:40.122+0200] {logging_mixin.py:154} INFO - [2023-11-30T02:13:40.122+0200] {dagbag.py:536} INFO - Filling up the DagBag from /home/seva/UCU/AutomatedDataPipelines/Homework1/venv/lib/python3.10/site-packages/airflow/example_dags/example_short_circuit_operator.py
[2023-11-30T02:13:40.129+0200] {processor.py:839} INFO - DAG(s) dict_keys(['example_short_circuit_operator']) retrieved from /home/seva/UCU/AutomatedDataPipelines/Homework1/venv/lib/python3.10/site-packages/airflow/example_dags/example_short_circuit_operator.py
[2023-11-30T02:13:40.273+0200] {logging_mixin.py:154} INFO - [2023-11-30T02:13:40.273+0200] {manager.py:499} INFO - Created Permission View: %s
[2023-11-30T02:13:40.298+0200] {logging_mixin.py:154} INFO - [2023-11-30T02:13:40.297+0200] {manager.py:499} INFO - Created Permission View: %s
[2023-11-30T02:13:40.319+0200] {logging_mixin.py:154} INFO - [2023-11-30T02:13:40.318+0200] {manager.py:499} INFO - Created Permission View: %s
[2023-11-30T02:13:40.320+0200] {logging_mixin.py:154} INFO - [2023-11-30T02:13:40.319+0200] {dag.py:2941} INFO - Sync 1 DAGs
[2023-11-30T02:13:40.333+0200] {logging_mixin.py:154} INFO - [2023-11-30T02:13:40.332+0200] {dag.py:2963} INFO - Creating ORM DAG for example_short_circuit_operator
[2023-11-30T02:13:40.345+0200] {logging_mixin.py:154} INFO - [2023-11-30T02:13:40.345+0200] {dag.py:3722} INFO - Setting next_dagrun for example_short_circuit_operator to 2023-11-29T00:13:40.345085+00:00, run_after=2023-11-30T00:13:40.345085+00:00
[2023-11-30T02:13:40.389+0200] {processor.py:179} INFO - Processing /home/seva/UCU/AutomatedDataPipelines/Homework1/venv/lib/python3.10/site-packages/airflow/example_dags/example_short_circuit_operator.py took 0.271 seconds
[2023-11-30T02:14:26.951+0200] {processor.py:157} INFO - Started process (PID=1359) to work on /home/seva/UCU/AutomatedDataPipelines/Homework1/venv/lib/python3.10/site-packages/airflow/example_dags/example_short_circuit_operator.py
[2023-11-30T02:14:26.953+0200] {processor.py:829} INFO - Processing file /home/seva/UCU/AutomatedDataPipelines/Homework1/venv/lib/python3.10/site-packages/airflow/example_dags/example_short_circuit_operator.py for tasks to queue
[2023-11-30T02:14:26.954+0200] {logging_mixin.py:154} INFO - [2023-11-30T02:14:26.953+0200] {dagbag.py:536} INFO - Filling up the DagBag from /home/seva/UCU/AutomatedDataPipelines/Homework1/venv/lib/python3.10/site-packages/airflow/example_dags/example_short_circuit_operator.py
[2023-11-30T02:14:26.960+0200] {processor.py:839} INFO - DAG(s) dict_keys(['example_short_circuit_operator']) retrieved from /home/seva/UCU/AutomatedDataPipelines/Homework1/venv/lib/python3.10/site-packages/airflow/example_dags/example_short_circuit_operator.py
[2023-11-30T02:14:26.977+0200] {logging_mixin.py:154} INFO - [2023-11-30T02:14:26.977+0200] {dag.py:2941} INFO - Sync 1 DAGs
[2023-11-30T02:14:26.993+0200] {logging_mixin.py:154} INFO - [2023-11-30T02:14:26.992+0200] {dag.py:3722} INFO - Setting next_dagrun for example_short_circuit_operator to 2023-11-29T00:14:26.992616+00:00, run_after=2023-11-30T00:14:26.992616+00:00
[2023-11-30T02:14:27.017+0200] {processor.py:179} INFO - Processing /home/seva/UCU/AutomatedDataPipelines/Homework1/venv/lib/python3.10/site-packages/airflow/example_dags/example_short_circuit_operator.py took 0.070 seconds
[2023-11-30T02:15:14.544+0200] {processor.py:157} INFO - Started process (PID=1527) to work on /home/seva/UCU/AutomatedDataPipelines/Homework1/venv/lib/python3.10/site-packages/airflow/example_dags/example_short_circuit_operator.py
[2023-11-30T02:15:14.546+0200] {processor.py:829} INFO - Processing file /home/seva/UCU/AutomatedDataPipelines/Homework1/venv/lib/python3.10/site-packages/airflow/example_dags/example_short_circuit_operator.py for tasks to queue
[2023-11-30T02:15:14.547+0200] {logging_mixin.py:154} INFO - [2023-11-30T02:15:14.547+0200] {dagbag.py:536} INFO - Filling up the DagBag from /home/seva/UCU/AutomatedDataPipelines/Homework1/venv/lib/python3.10/site-packages/airflow/example_dags/example_short_circuit_operator.py
[2023-11-30T02:15:14.554+0200] {processor.py:839} INFO - DAG(s) dict_keys(['example_short_circuit_operator']) retrieved from /home/seva/UCU/AutomatedDataPipelines/Homework1/venv/lib/python3.10/site-packages/airflow/example_dags/example_short_circuit_operator.py
[2023-11-30T02:15:14.569+0200] {logging_mixin.py:154} INFO - [2023-11-30T02:15:14.569+0200] {dag.py:2941} INFO - Sync 1 DAGs
[2023-11-30T02:15:14.585+0200] {logging_mixin.py:154} INFO - [2023-11-30T02:15:14.585+0200] {dag.py:3722} INFO - Setting next_dagrun for example_short_circuit_operator to 2023-11-29T00:15:14.585334+00:00, run_after=2023-11-30T00:15:14.585334+00:00
[2023-11-30T02:15:14.610+0200] {processor.py:179} INFO - Processing /home/seva/UCU/AutomatedDataPipelines/Homework1/venv/lib/python3.10/site-packages/airflow/example_dags/example_short_circuit_operator.py took 0.069 seconds
[2023-11-30T02:15:57.900+0200] {processor.py:157} INFO - Started process (PID=1699) to work on /home/seva/UCU/AutomatedDataPipelines/Homework1/venv/lib/python3.10/site-packages/airflow/example_dags/example_short_circuit_operator.py
[2023-11-30T02:15:57.912+0200] {processor.py:829} INFO - Processing file /home/seva/UCU/AutomatedDataPipelines/Homework1/venv/lib/python3.10/site-packages/airflow/example_dags/example_short_circuit_operator.py for tasks to queue
[2023-11-30T02:15:57.913+0200] {logging_mixin.py:154} INFO - [2023-11-30T02:15:57.913+0200] {dagbag.py:536} INFO - Filling up the DagBag from /home/seva/UCU/AutomatedDataPipelines/Homework1/venv/lib/python3.10/site-packages/airflow/example_dags/example_short_circuit_operator.py
[2023-11-30T02:15:57.920+0200] {processor.py:839} INFO - DAG(s) dict_keys(['example_short_circuit_operator']) retrieved from /home/seva/UCU/AutomatedDataPipelines/Homework1/venv/lib/python3.10/site-packages/airflow/example_dags/example_short_circuit_operator.py
[2023-11-30T02:15:57.936+0200] {logging_mixin.py:154} INFO - [2023-11-30T02:15:57.936+0200] {dag.py:2941} INFO - Sync 1 DAGs
[2023-11-30T02:15:57.951+0200] {logging_mixin.py:154} INFO - [2023-11-30T02:15:57.950+0200] {dag.py:3722} INFO - Setting next_dagrun for example_short_circuit_operator to 2023-11-29T00:15:57.950690+00:00, run_after=2023-11-30T00:15:57.950690+00:00
[2023-11-30T02:15:58.004+0200] {processor.py:179} INFO - Processing /home/seva/UCU/AutomatedDataPipelines/Homework1/venv/lib/python3.10/site-packages/airflow/example_dags/example_short_circuit_operator.py took 0.107 seconds
[2023-11-30T02:16:46.048+0200] {processor.py:157} INFO - Started process (PID=1888) to work on /home/seva/UCU/AutomatedDataPipelines/Homework1/venv/lib/python3.10/site-packages/airflow/example_dags/example_short_circuit_operator.py
[2023-11-30T02:16:46.060+0200] {processor.py:829} INFO - Processing file /home/seva/UCU/AutomatedDataPipelines/Homework1/venv/lib/python3.10/site-packages/airflow/example_dags/example_short_circuit_operator.py for tasks to queue
[2023-11-30T02:16:46.062+0200] {logging_mixin.py:154} INFO - [2023-11-30T02:16:46.061+0200] {dagbag.py:536} INFO - Filling up the DagBag from /home/seva/UCU/AutomatedDataPipelines/Homework1/venv/lib/python3.10/site-packages/airflow/example_dags/example_short_circuit_operator.py
[2023-11-30T02:16:46.069+0200] {processor.py:839} INFO - DAG(s) dict_keys(['example_short_circuit_operator']) retrieved from /home/seva/UCU/AutomatedDataPipelines/Homework1/venv/lib/python3.10/site-packages/airflow/example_dags/example_short_circuit_operator.py
[2023-11-30T02:16:46.086+0200] {logging_mixin.py:154} INFO - [2023-11-30T02:16:46.085+0200] {dag.py:2941} INFO - Sync 1 DAGs
[2023-11-30T02:16:46.101+0200] {logging_mixin.py:154} INFO - [2023-11-30T02:16:46.100+0200] {dag.py:3722} INFO - Setting next_dagrun for example_short_circuit_operator to 2023-11-29T00:16:46.100517+00:00, run_after=2023-11-30T00:16:46.100517+00:00
[2023-11-30T02:16:46.146+0200] {processor.py:179} INFO - Processing /home/seva/UCU/AutomatedDataPipelines/Homework1/venv/lib/python3.10/site-packages/airflow/example_dags/example_short_circuit_operator.py took 0.101 seconds
[2023-11-30T02:17:27.956+0200] {processor.py:157} INFO - Started process (PID=2062) to work on /home/seva/UCU/AutomatedDataPipelines/Homework1/venv/lib/python3.10/site-packages/airflow/example_dags/example_short_circuit_operator.py
[2023-11-30T02:17:27.968+0200] {processor.py:829} INFO - Processing file /home/seva/UCU/AutomatedDataPipelines/Homework1/venv/lib/python3.10/site-packages/airflow/example_dags/example_short_circuit_operator.py for tasks to queue
[2023-11-30T02:17:27.969+0200] {logging_mixin.py:154} INFO - [2023-11-30T02:17:27.969+0200] {dagbag.py:536} INFO - Filling up the DagBag from /home/seva/UCU/AutomatedDataPipelines/Homework1/venv/lib/python3.10/site-packages/airflow/example_dags/example_short_circuit_operator.py
[2023-11-30T02:17:27.976+0200] {processor.py:839} INFO - DAG(s) dict_keys(['example_short_circuit_operator']) retrieved from /home/seva/UCU/AutomatedDataPipelines/Homework1/venv/lib/python3.10/site-packages/airflow/example_dags/example_short_circuit_operator.py
[2023-11-30T02:17:27.991+0200] {logging_mixin.py:154} INFO - [2023-11-30T02:17:27.991+0200] {dag.py:2941} INFO - Sync 1 DAGs
[2023-11-30T02:17:28.007+0200] {logging_mixin.py:154} INFO - [2023-11-30T02:17:28.007+0200] {dag.py:3722} INFO - Setting next_dagrun for example_short_circuit_operator to 2023-11-29T00:17:28.006787+00:00, run_after=2023-11-30T00:17:28.006787+00:00
[2023-11-30T02:17:28.032+0200] {processor.py:179} INFO - Processing /home/seva/UCU/AutomatedDataPipelines/Homework1/venv/lib/python3.10/site-packages/airflow/example_dags/example_short_circuit_operator.py took 0.080 seconds
[2023-11-30T02:18:12.442+0200] {processor.py:157} INFO - Started process (PID=2239) to work on /home/seva/UCU/AutomatedDataPipelines/Homework1/venv/lib/python3.10/site-packages/airflow/example_dags/example_short_circuit_operator.py
[2023-11-30T02:18:12.444+0200] {processor.py:829} INFO - Processing file /home/seva/UCU/AutomatedDataPipelines/Homework1/venv/lib/python3.10/site-packages/airflow/example_dags/example_short_circuit_operator.py for tasks to queue
[2023-11-30T02:18:12.446+0200] {logging_mixin.py:154} INFO - [2023-11-30T02:18:12.445+0200] {dagbag.py:536} INFO - Filling up the DagBag from /home/seva/UCU/AutomatedDataPipelines/Homework1/venv/lib/python3.10/site-packages/airflow/example_dags/example_short_circuit_operator.py
[2023-11-30T02:18:12.460+0200] {processor.py:839} INFO - DAG(s) dict_keys(['example_short_circuit_operator']) retrieved from /home/seva/UCU/AutomatedDataPipelines/Homework1/venv/lib/python3.10/site-packages/airflow/example_dags/example_short_circuit_operator.py
[2023-11-30T02:18:12.482+0200] {logging_mixin.py:154} INFO - [2023-11-30T02:18:12.482+0200] {dag.py:2941} INFO - Sync 1 DAGs
[2023-11-30T02:18:12.506+0200] {logging_mixin.py:154} INFO - [2023-11-30T02:18:12.505+0200] {dag.py:3722} INFO - Setting next_dagrun for example_short_circuit_operator to 2023-11-29T00:18:12.505571+00:00, run_after=2023-11-30T00:18:12.505571+00:00
[2023-11-30T02:18:12.533+0200] {processor.py:179} INFO - Processing /home/seva/UCU/AutomatedDataPipelines/Homework1/venv/lib/python3.10/site-packages/airflow/example_dags/example_short_circuit_operator.py took 0.095 seconds
[2023-11-30T02:18:57.994+0200] {processor.py:157} INFO - Started process (PID=2420) to work on /home/seva/UCU/AutomatedDataPipelines/Homework1/venv/lib/python3.10/site-packages/airflow/example_dags/example_short_circuit_operator.py
[2023-11-30T02:18:58.006+0200] {processor.py:829} INFO - Processing file /home/seva/UCU/AutomatedDataPipelines/Homework1/venv/lib/python3.10/site-packages/airflow/example_dags/example_short_circuit_operator.py for tasks to queue
[2023-11-30T02:18:58.007+0200] {logging_mixin.py:154} INFO - [2023-11-30T02:18:58.006+0200] {dagbag.py:536} INFO - Filling up the DagBag from /home/seva/UCU/AutomatedDataPipelines/Homework1/venv/lib/python3.10/site-packages/airflow/example_dags/example_short_circuit_operator.py
[2023-11-30T02:18:58.014+0200] {processor.py:839} INFO - DAG(s) dict_keys(['example_short_circuit_operator']) retrieved from /home/seva/UCU/AutomatedDataPipelines/Homework1/venv/lib/python3.10/site-packages/airflow/example_dags/example_short_circuit_operator.py
[2023-11-30T02:18:58.030+0200] {logging_mixin.py:154} INFO - [2023-11-30T02:18:58.030+0200] {dag.py:2941} INFO - Sync 1 DAGs
[2023-11-30T02:18:58.048+0200] {logging_mixin.py:154} INFO - [2023-11-30T02:18:58.048+0200] {dag.py:3722} INFO - Setting next_dagrun for example_short_circuit_operator to 2023-11-29T00:18:58.048372+00:00, run_after=2023-11-30T00:18:58.048372+00:00
[2023-11-30T02:18:58.075+0200] {processor.py:179} INFO - Processing /home/seva/UCU/AutomatedDataPipelines/Homework1/venv/lib/python3.10/site-packages/airflow/example_dags/example_short_circuit_operator.py took 0.084 seconds
[2023-11-30T02:19:41.679+0200] {processor.py:157} INFO - Started process (PID=2594) to work on /home/seva/UCU/AutomatedDataPipelines/Homework1/venv/lib/python3.10/site-packages/airflow/example_dags/example_short_circuit_operator.py
[2023-11-30T02:19:41.681+0200] {processor.py:829} INFO - Processing file /home/seva/UCU/AutomatedDataPipelines/Homework1/venv/lib/python3.10/site-packages/airflow/example_dags/example_short_circuit_operator.py for tasks to queue
[2023-11-30T02:19:41.682+0200] {logging_mixin.py:154} INFO - [2023-11-30T02:19:41.682+0200] {dagbag.py:536} INFO - Filling up the DagBag from /home/seva/UCU/AutomatedDataPipelines/Homework1/venv/lib/python3.10/site-packages/airflow/example_dags/example_short_circuit_operator.py
[2023-11-30T02:19:41.689+0200] {processor.py:839} INFO - DAG(s) dict_keys(['example_short_circuit_operator']) retrieved from /home/seva/UCU/AutomatedDataPipelines/Homework1/venv/lib/python3.10/site-packages/airflow/example_dags/example_short_circuit_operator.py
[2023-11-30T02:19:41.704+0200] {logging_mixin.py:154} INFO - [2023-11-30T02:19:41.704+0200] {dag.py:2941} INFO - Sync 1 DAGs
[2023-11-30T02:19:41.719+0200] {logging_mixin.py:154} INFO - [2023-11-30T02:19:41.719+0200] {dag.py:3722} INFO - Setting next_dagrun for example_short_circuit_operator to 2023-11-29T00:19:41.719091+00:00, run_after=2023-11-30T00:19:41.719091+00:00
[2023-11-30T02:19:41.746+0200] {processor.py:179} INFO - Processing /home/seva/UCU/AutomatedDataPipelines/Homework1/venv/lib/python3.10/site-packages/airflow/example_dags/example_short_circuit_operator.py took 0.069 seconds
[2023-11-30T02:20:25.947+0200] {processor.py:157} INFO - Started process (PID=2770) to work on /home/seva/UCU/AutomatedDataPipelines/Homework1/venv/lib/python3.10/site-packages/airflow/example_dags/example_short_circuit_operator.py
[2023-11-30T02:20:25.959+0200] {processor.py:829} INFO - Processing file /home/seva/UCU/AutomatedDataPipelines/Homework1/venv/lib/python3.10/site-packages/airflow/example_dags/example_short_circuit_operator.py for tasks to queue
[2023-11-30T02:20:25.960+0200] {logging_mixin.py:154} INFO - [2023-11-30T02:20:25.960+0200] {dagbag.py:536} INFO - Filling up the DagBag from /home/seva/UCU/AutomatedDataPipelines/Homework1/venv/lib/python3.10/site-packages/airflow/example_dags/example_short_circuit_operator.py
[2023-11-30T02:20:25.969+0200] {processor.py:839} INFO - DAG(s) dict_keys(['example_short_circuit_operator']) retrieved from /home/seva/UCU/AutomatedDataPipelines/Homework1/venv/lib/python3.10/site-packages/airflow/example_dags/example_short_circuit_operator.py
[2023-11-30T02:20:25.985+0200] {logging_mixin.py:154} INFO - [2023-11-30T02:20:25.985+0200] {dag.py:2941} INFO - Sync 1 DAGs
[2023-11-30T02:20:26.000+0200] {logging_mixin.py:154} INFO - [2023-11-30T02:20:25.999+0200] {dag.py:3722} INFO - Setting next_dagrun for example_short_circuit_operator to 2023-11-29T00:20:25.999734+00:00, run_after=2023-11-30T00:20:25.999734+00:00
[2023-11-30T02:20:26.024+0200] {processor.py:179} INFO - Processing /home/seva/UCU/AutomatedDataPipelines/Homework1/venv/lib/python3.10/site-packages/airflow/example_dags/example_short_circuit_operator.py took 0.080 seconds
[2023-11-30T02:21:08.910+0200] {processor.py:157} INFO - Started process (PID=2934) to work on /home/seva/UCU/AutomatedDataPipelines/Homework1/venv/lib/python3.10/site-packages/airflow/example_dags/example_short_circuit_operator.py
[2023-11-30T02:21:08.922+0200] {processor.py:829} INFO - Processing file /home/seva/UCU/AutomatedDataPipelines/Homework1/venv/lib/python3.10/site-packages/airflow/example_dags/example_short_circuit_operator.py for tasks to queue
[2023-11-30T02:21:08.924+0200] {logging_mixin.py:154} INFO - [2023-11-30T02:21:08.923+0200] {dagbag.py:536} INFO - Filling up the DagBag from /home/seva/UCU/AutomatedDataPipelines/Homework1/venv/lib/python3.10/site-packages/airflow/example_dags/example_short_circuit_operator.py
[2023-11-30T02:21:08.932+0200] {processor.py:839} INFO - DAG(s) dict_keys(['example_short_circuit_operator']) retrieved from /home/seva/UCU/AutomatedDataPipelines/Homework1/venv/lib/python3.10/site-packages/airflow/example_dags/example_short_circuit_operator.py
[2023-11-30T02:21:08.947+0200] {logging_mixin.py:154} INFO - [2023-11-30T02:21:08.946+0200] {dag.py:2941} INFO - Sync 1 DAGs
[2023-11-30T02:21:08.964+0200] {logging_mixin.py:154} INFO - [2023-11-30T02:21:08.963+0200] {dag.py:3722} INFO - Setting next_dagrun for example_short_circuit_operator to 2023-11-29T00:21:08.963655+00:00, run_after=2023-11-30T00:21:08.963655+00:00
[2023-11-30T02:21:08.988+0200] {processor.py:179} INFO - Processing /home/seva/UCU/AutomatedDataPipelines/Homework1/venv/lib/python3.10/site-packages/airflow/example_dags/example_short_circuit_operator.py took 0.080 seconds
[2023-11-30T02:21:51.691+0200] {processor.py:157} INFO - Started process (PID=3106) to work on /home/seva/UCU/AutomatedDataPipelines/Homework1/venv/lib/python3.10/site-packages/airflow/example_dags/example_short_circuit_operator.py
[2023-11-30T02:21:51.703+0200] {processor.py:829} INFO - Processing file /home/seva/UCU/AutomatedDataPipelines/Homework1/venv/lib/python3.10/site-packages/airflow/example_dags/example_short_circuit_operator.py for tasks to queue
[2023-11-30T02:21:51.704+0200] {logging_mixin.py:154} INFO - [2023-11-30T02:21:51.703+0200] {dagbag.py:536} INFO - Filling up the DagBag from /home/seva/UCU/AutomatedDataPipelines/Homework1/venv/lib/python3.10/site-packages/airflow/example_dags/example_short_circuit_operator.py
[2023-11-30T02:21:51.711+0200] {processor.py:839} INFO - DAG(s) dict_keys(['example_short_circuit_operator']) retrieved from /home/seva/UCU/AutomatedDataPipelines/Homework1/venv/lib/python3.10/site-packages/airflow/example_dags/example_short_circuit_operator.py
[2023-11-30T02:21:51.727+0200] {logging_mixin.py:154} INFO - [2023-11-30T02:21:51.727+0200] {dag.py:2941} INFO - Sync 1 DAGs
[2023-11-30T02:21:51.743+0200] {logging_mixin.py:154} INFO - [2023-11-30T02:21:51.742+0200] {dag.py:3722} INFO - Setting next_dagrun for example_short_circuit_operator to 2023-11-29T00:21:51.742603+00:00, run_after=2023-11-30T00:21:51.742603+00:00
[2023-11-30T02:21:51.766+0200] {processor.py:179} INFO - Processing /home/seva/UCU/AutomatedDataPipelines/Homework1/venv/lib/python3.10/site-packages/airflow/example_dags/example_short_circuit_operator.py took 0.078 seconds
[2023-11-30T02:22:34.621+0200] {processor.py:157} INFO - Started process (PID=3279) to work on /home/seva/UCU/AutomatedDataPipelines/Homework1/venv/lib/python3.10/site-packages/airflow/example_dags/example_short_circuit_operator.py
[2023-11-30T02:22:34.633+0200] {processor.py:829} INFO - Processing file /home/seva/UCU/AutomatedDataPipelines/Homework1/venv/lib/python3.10/site-packages/airflow/example_dags/example_short_circuit_operator.py for tasks to queue
[2023-11-30T02:22:34.634+0200] {logging_mixin.py:154} INFO - [2023-11-30T02:22:34.634+0200] {dagbag.py:536} INFO - Filling up the DagBag from /home/seva/UCU/AutomatedDataPipelines/Homework1/venv/lib/python3.10/site-packages/airflow/example_dags/example_short_circuit_operator.py
[2023-11-30T02:22:34.641+0200] {processor.py:839} INFO - DAG(s) dict_keys(['example_short_circuit_operator']) retrieved from /home/seva/UCU/AutomatedDataPipelines/Homework1/venv/lib/python3.10/site-packages/airflow/example_dags/example_short_circuit_operator.py
[2023-11-30T02:22:34.656+0200] {logging_mixin.py:154} INFO - [2023-11-30T02:22:34.656+0200] {dag.py:2941} INFO - Sync 1 DAGs
[2023-11-30T02:22:34.671+0200] {logging_mixin.py:154} INFO - [2023-11-30T02:22:34.671+0200] {dag.py:3722} INFO - Setting next_dagrun for example_short_circuit_operator to 2023-11-29T00:22:34.671209+00:00, run_after=2023-11-30T00:22:34.671209+00:00
[2023-11-30T02:22:34.697+0200] {processor.py:179} INFO - Processing /home/seva/UCU/AutomatedDataPipelines/Homework1/venv/lib/python3.10/site-packages/airflow/example_dags/example_short_circuit_operator.py took 0.078 seconds
[2023-11-30T02:23:21.508+0200] {processor.py:157} INFO - Started process (PID=3465) to work on /home/seva/UCU/AutomatedDataPipelines/Homework1/venv/lib/python3.10/site-packages/airflow/example_dags/example_short_circuit_operator.py
[2023-11-30T02:23:21.516+0200] {processor.py:829} INFO - Processing file /home/seva/UCU/AutomatedDataPipelines/Homework1/venv/lib/python3.10/site-packages/airflow/example_dags/example_short_circuit_operator.py for tasks to queue
[2023-11-30T02:23:21.517+0200] {logging_mixin.py:154} INFO - [2023-11-30T02:23:21.516+0200] {dagbag.py:536} INFO - Filling up the DagBag from /home/seva/UCU/AutomatedDataPipelines/Homework1/venv/lib/python3.10/site-packages/airflow/example_dags/example_short_circuit_operator.py
[2023-11-30T02:23:21.524+0200] {processor.py:839} INFO - DAG(s) dict_keys(['example_short_circuit_operator']) retrieved from /home/seva/UCU/AutomatedDataPipelines/Homework1/venv/lib/python3.10/site-packages/airflow/example_dags/example_short_circuit_operator.py
[2023-11-30T02:23:21.539+0200] {logging_mixin.py:154} INFO - [2023-11-30T02:23:21.538+0200] {dag.py:2941} INFO - Sync 1 DAGs
[2023-11-30T02:23:21.554+0200] {logging_mixin.py:154} INFO - [2023-11-30T02:23:21.554+0200] {dag.py:3722} INFO - Setting next_dagrun for example_short_circuit_operator to 2023-11-29T00:23:21.554075+00:00, run_after=2023-11-30T00:23:21.554075+00:00
[2023-11-30T02:23:21.578+0200] {processor.py:179} INFO - Processing /home/seva/UCU/AutomatedDataPipelines/Homework1/venv/lib/python3.10/site-packages/airflow/example_dags/example_short_circuit_operator.py took 0.073 seconds
[2023-11-30T02:24:04.092+0200] {processor.py:157} INFO - Started process (PID=3630) to work on /home/seva/UCU/AutomatedDataPipelines/Homework1/venv/lib/python3.10/site-packages/airflow/example_dags/example_short_circuit_operator.py
[2023-11-30T02:24:04.104+0200] {processor.py:829} INFO - Processing file /home/seva/UCU/AutomatedDataPipelines/Homework1/venv/lib/python3.10/site-packages/airflow/example_dags/example_short_circuit_operator.py for tasks to queue
[2023-11-30T02:24:04.105+0200] {logging_mixin.py:154} INFO - [2023-11-30T02:24:04.104+0200] {dagbag.py:536} INFO - Filling up the DagBag from /home/seva/UCU/AutomatedDataPipelines/Homework1/venv/lib/python3.10/site-packages/airflow/example_dags/example_short_circuit_operator.py
[2023-11-30T02:24:04.113+0200] {processor.py:839} INFO - DAG(s) dict_keys(['example_short_circuit_operator']) retrieved from /home/seva/UCU/AutomatedDataPipelines/Homework1/venv/lib/python3.10/site-packages/airflow/example_dags/example_short_circuit_operator.py
[2023-11-30T02:24:04.130+0200] {logging_mixin.py:154} INFO - [2023-11-30T02:24:04.130+0200] {dag.py:2941} INFO - Sync 1 DAGs
[2023-11-30T02:24:04.147+0200] {logging_mixin.py:154} INFO - [2023-11-30T02:24:04.147+0200] {dag.py:3722} INFO - Setting next_dagrun for example_short_circuit_operator to 2023-11-29T00:24:04.147186+00:00, run_after=2023-11-30T00:24:04.147186+00:00
[2023-11-30T02:24:04.171+0200] {processor.py:179} INFO - Processing /home/seva/UCU/AutomatedDataPipelines/Homework1/venv/lib/python3.10/site-packages/airflow/example_dags/example_short_circuit_operator.py took 0.082 seconds
[2023-11-30T02:24:52.823+0200] {processor.py:157} INFO - Started process (PID=3823) to work on /home/seva/UCU/AutomatedDataPipelines/Homework1/venv/lib/python3.10/site-packages/airflow/example_dags/example_short_circuit_operator.py
[2023-11-30T02:24:52.835+0200] {processor.py:829} INFO - Processing file /home/seva/UCU/AutomatedDataPipelines/Homework1/venv/lib/python3.10/site-packages/airflow/example_dags/example_short_circuit_operator.py for tasks to queue
[2023-11-30T02:24:52.836+0200] {logging_mixin.py:154} INFO - [2023-11-30T02:24:52.836+0200] {dagbag.py:536} INFO - Filling up the DagBag from /home/seva/UCU/AutomatedDataPipelines/Homework1/venv/lib/python3.10/site-packages/airflow/example_dags/example_short_circuit_operator.py
[2023-11-30T02:24:52.843+0200] {processor.py:839} INFO - DAG(s) dict_keys(['example_short_circuit_operator']) retrieved from /home/seva/UCU/AutomatedDataPipelines/Homework1/venv/lib/python3.10/site-packages/airflow/example_dags/example_short_circuit_operator.py
[2023-11-30T02:24:52.858+0200] {logging_mixin.py:154} INFO - [2023-11-30T02:24:52.858+0200] {dag.py:2941} INFO - Sync 1 DAGs
[2023-11-30T02:24:52.875+0200] {logging_mixin.py:154} INFO - [2023-11-30T02:24:52.874+0200] {dag.py:3722} INFO - Setting next_dagrun for example_short_circuit_operator to 2023-11-29T00:24:52.874699+00:00, run_after=2023-11-30T00:24:52.874699+00:00
[2023-11-30T02:24:52.900+0200] {processor.py:179} INFO - Processing /home/seva/UCU/AutomatedDataPipelines/Homework1/venv/lib/python3.10/site-packages/airflow/example_dags/example_short_circuit_operator.py took 0.080 seconds
[2023-11-30T02:25:34.764+0200] {processor.py:157} INFO - Started process (PID=3989) to work on /home/seva/UCU/AutomatedDataPipelines/Homework1/venv/lib/python3.10/site-packages/airflow/example_dags/example_short_circuit_operator.py
[2023-11-30T02:25:34.769+0200] {processor.py:829} INFO - Processing file /home/seva/UCU/AutomatedDataPipelines/Homework1/venv/lib/python3.10/site-packages/airflow/example_dags/example_short_circuit_operator.py for tasks to queue
[2023-11-30T02:25:34.770+0200] {logging_mixin.py:154} INFO - [2023-11-30T02:25:34.770+0200] {dagbag.py:536} INFO - Filling up the DagBag from /home/seva/UCU/AutomatedDataPipelines/Homework1/venv/lib/python3.10/site-packages/airflow/example_dags/example_short_circuit_operator.py
[2023-11-30T02:25:34.778+0200] {processor.py:839} INFO - DAG(s) dict_keys(['example_short_circuit_operator']) retrieved from /home/seva/UCU/AutomatedDataPipelines/Homework1/venv/lib/python3.10/site-packages/airflow/example_dags/example_short_circuit_operator.py
[2023-11-30T02:25:34.792+0200] {logging_mixin.py:154} INFO - [2023-11-30T02:25:34.792+0200] {dag.py:2941} INFO - Sync 1 DAGs
[2023-11-30T02:25:34.808+0200] {logging_mixin.py:154} INFO - [2023-11-30T02:25:34.807+0200] {dag.py:3722} INFO - Setting next_dagrun for example_short_circuit_operator to 2023-11-29T00:25:34.807722+00:00, run_after=2023-11-30T00:25:34.807722+00:00
[2023-11-30T02:25:34.831+0200] {processor.py:179} INFO - Processing /home/seva/UCU/AutomatedDataPipelines/Homework1/venv/lib/python3.10/site-packages/airflow/example_dags/example_short_circuit_operator.py took 0.071 seconds
[2023-11-30T02:26:16.521+0200] {processor.py:157} INFO - Started process (PID=4151) to work on /home/seva/UCU/AutomatedDataPipelines/Homework1/venv/lib/python3.10/site-packages/airflow/example_dags/example_short_circuit_operator.py
[2023-11-30T02:26:16.533+0200] {processor.py:829} INFO - Processing file /home/seva/UCU/AutomatedDataPipelines/Homework1/venv/lib/python3.10/site-packages/airflow/example_dags/example_short_circuit_operator.py for tasks to queue
[2023-11-30T02:26:16.534+0200] {logging_mixin.py:154} INFO - [2023-11-30T02:26:16.533+0200] {dagbag.py:536} INFO - Filling up the DagBag from /home/seva/UCU/AutomatedDataPipelines/Homework1/venv/lib/python3.10/site-packages/airflow/example_dags/example_short_circuit_operator.py
[2023-11-30T02:26:16.542+0200] {processor.py:839} INFO - DAG(s) dict_keys(['example_short_circuit_operator']) retrieved from /home/seva/UCU/AutomatedDataPipelines/Homework1/venv/lib/python3.10/site-packages/airflow/example_dags/example_short_circuit_operator.py
[2023-11-30T02:26:16.557+0200] {logging_mixin.py:154} INFO - [2023-11-30T02:26:16.557+0200] {dag.py:2941} INFO - Sync 1 DAGs
[2023-11-30T02:26:16.573+0200] {logging_mixin.py:154} INFO - [2023-11-30T02:26:16.573+0200] {dag.py:3722} INFO - Setting next_dagrun for example_short_circuit_operator to 2023-11-29T00:26:16.572884+00:00, run_after=2023-11-30T00:26:16.572884+00:00
[2023-11-30T02:26:16.599+0200] {processor.py:179} INFO - Processing /home/seva/UCU/AutomatedDataPipelines/Homework1/venv/lib/python3.10/site-packages/airflow/example_dags/example_short_circuit_operator.py took 0.081 seconds
[2023-11-30T02:27:07.158+0200] {processor.py:157} INFO - Started process (PID=4353) to work on /home/seva/UCU/AutomatedDataPipelines/Homework1/venv/lib/python3.10/site-packages/airflow/example_dags/example_short_circuit_operator.py
[2023-11-30T02:27:07.170+0200] {processor.py:829} INFO - Processing file /home/seva/UCU/AutomatedDataPipelines/Homework1/venv/lib/python3.10/site-packages/airflow/example_dags/example_short_circuit_operator.py for tasks to queue
[2023-11-30T02:27:07.171+0200] {logging_mixin.py:154} INFO - [2023-11-30T02:27:07.170+0200] {dagbag.py:536} INFO - Filling up the DagBag from /home/seva/UCU/AutomatedDataPipelines/Homework1/venv/lib/python3.10/site-packages/airflow/example_dags/example_short_circuit_operator.py
[2023-11-30T02:27:07.178+0200] {processor.py:839} INFO - DAG(s) dict_keys(['example_short_circuit_operator']) retrieved from /home/seva/UCU/AutomatedDataPipelines/Homework1/venv/lib/python3.10/site-packages/airflow/example_dags/example_short_circuit_operator.py
[2023-11-30T02:27:07.192+0200] {logging_mixin.py:154} INFO - [2023-11-30T02:27:07.192+0200] {dag.py:2941} INFO - Sync 1 DAGs
[2023-11-30T02:27:07.208+0200] {logging_mixin.py:154} INFO - [2023-11-30T02:27:07.208+0200] {dag.py:3722} INFO - Setting next_dagrun for example_short_circuit_operator to 2023-11-29T00:27:07.208065+00:00, run_after=2023-11-30T00:27:07.208065+00:00
[2023-11-30T02:27:07.232+0200] {processor.py:179} INFO - Processing /home/seva/UCU/AutomatedDataPipelines/Homework1/venv/lib/python3.10/site-packages/airflow/example_dags/example_short_circuit_operator.py took 0.077 seconds
[2023-11-30T02:27:55.575+0200] {processor.py:157} INFO - Started process (PID=4540) to work on /home/seva/UCU/AutomatedDataPipelines/Homework1/venv/lib/python3.10/site-packages/airflow/example_dags/example_short_circuit_operator.py
[2023-11-30T02:27:55.587+0200] {processor.py:829} INFO - Processing file /home/seva/UCU/AutomatedDataPipelines/Homework1/venv/lib/python3.10/site-packages/airflow/example_dags/example_short_circuit_operator.py for tasks to queue
[2023-11-30T02:27:55.588+0200] {logging_mixin.py:154} INFO - [2023-11-30T02:27:55.588+0200] {dagbag.py:536} INFO - Filling up the DagBag from /home/seva/UCU/AutomatedDataPipelines/Homework1/venv/lib/python3.10/site-packages/airflow/example_dags/example_short_circuit_operator.py
[2023-11-30T02:27:55.595+0200] {processor.py:839} INFO - DAG(s) dict_keys(['example_short_circuit_operator']) retrieved from /home/seva/UCU/AutomatedDataPipelines/Homework1/venv/lib/python3.10/site-packages/airflow/example_dags/example_short_circuit_operator.py
[2023-11-30T02:27:55.610+0200] {logging_mixin.py:154} INFO - [2023-11-30T02:27:55.610+0200] {dag.py:2941} INFO - Sync 1 DAGs
[2023-11-30T02:27:55.625+0200] {logging_mixin.py:154} INFO - [2023-11-30T02:27:55.625+0200] {dag.py:3722} INFO - Setting next_dagrun for example_short_circuit_operator to 2023-11-29T00:27:55.624815+00:00, run_after=2023-11-30T00:27:55.624815+00:00
[2023-11-30T02:27:55.649+0200] {processor.py:179} INFO - Processing /home/seva/UCU/AutomatedDataPipelines/Homework1/venv/lib/python3.10/site-packages/airflow/example_dags/example_short_circuit_operator.py took 0.078 seconds
[2023-11-30T02:28:38.517+0200] {processor.py:157} INFO - Started process (PID=4712) to work on /home/seva/UCU/AutomatedDataPipelines/Homework1/venv/lib/python3.10/site-packages/airflow/example_dags/example_short_circuit_operator.py
[2023-11-30T02:28:38.529+0200] {processor.py:829} INFO - Processing file /home/seva/UCU/AutomatedDataPipelines/Homework1/venv/lib/python3.10/site-packages/airflow/example_dags/example_short_circuit_operator.py for tasks to queue
[2023-11-30T02:28:38.530+0200] {logging_mixin.py:154} INFO - [2023-11-30T02:28:38.530+0200] {dagbag.py:536} INFO - Filling up the DagBag from /home/seva/UCU/AutomatedDataPipelines/Homework1/venv/lib/python3.10/site-packages/airflow/example_dags/example_short_circuit_operator.py
[2023-11-30T02:28:38.538+0200] {processor.py:839} INFO - DAG(s) dict_keys(['example_short_circuit_operator']) retrieved from /home/seva/UCU/AutomatedDataPipelines/Homework1/venv/lib/python3.10/site-packages/airflow/example_dags/example_short_circuit_operator.py
[2023-11-30T02:28:38.553+0200] {logging_mixin.py:154} INFO - [2023-11-30T02:28:38.552+0200] {dag.py:2941} INFO - Sync 1 DAGs
[2023-11-30T02:28:38.569+0200] {logging_mixin.py:154} INFO - [2023-11-30T02:28:38.569+0200] {dag.py:3722} INFO - Setting next_dagrun for example_short_circuit_operator to 2023-11-29T00:28:38.568943+00:00, run_after=2023-11-30T00:28:38.568943+00:00
[2023-11-30T02:28:38.593+0200] {processor.py:179} INFO - Processing /home/seva/UCU/AutomatedDataPipelines/Homework1/venv/lib/python3.10/site-packages/airflow/example_dags/example_short_circuit_operator.py took 0.079 seconds
[2023-11-30T02:29:26.284+0200] {processor.py:157} INFO - Started process (PID=4902) to work on /home/seva/UCU/AutomatedDataPipelines/Homework1/venv/lib/python3.10/site-packages/airflow/example_dags/example_short_circuit_operator.py
[2023-11-30T02:29:26.286+0200] {processor.py:829} INFO - Processing file /home/seva/UCU/AutomatedDataPipelines/Homework1/venv/lib/python3.10/site-packages/airflow/example_dags/example_short_circuit_operator.py for tasks to queue
[2023-11-30T02:29:26.287+0200] {logging_mixin.py:154} INFO - [2023-11-30T02:29:26.287+0200] {dagbag.py:536} INFO - Filling up the DagBag from /home/seva/UCU/AutomatedDataPipelines/Homework1/venv/lib/python3.10/site-packages/airflow/example_dags/example_short_circuit_operator.py
[2023-11-30T02:29:26.294+0200] {processor.py:839} INFO - DAG(s) dict_keys(['example_short_circuit_operator']) retrieved from /home/seva/UCU/AutomatedDataPipelines/Homework1/venv/lib/python3.10/site-packages/airflow/example_dags/example_short_circuit_operator.py
[2023-11-30T02:29:26.310+0200] {logging_mixin.py:154} INFO - [2023-11-30T02:29:26.309+0200] {dag.py:2941} INFO - Sync 1 DAGs
[2023-11-30T02:29:26.326+0200] {logging_mixin.py:154} INFO - [2023-11-30T02:29:26.326+0200] {dag.py:3722} INFO - Setting next_dagrun for example_short_circuit_operator to 2023-11-29T00:29:26.325970+00:00, run_after=2023-11-30T00:29:26.325970+00:00
[2023-11-30T02:29:26.349+0200] {processor.py:179} INFO - Processing /home/seva/UCU/AutomatedDataPipelines/Homework1/venv/lib/python3.10/site-packages/airflow/example_dags/example_short_circuit_operator.py took 0.068 seconds
[2023-11-30T02:30:09.770+0200] {processor.py:157} INFO - Started process (PID=5073) to work on /home/seva/UCU/AutomatedDataPipelines/Homework1/venv/lib/python3.10/site-packages/airflow/example_dags/example_short_circuit_operator.py
[2023-11-30T02:30:09.782+0200] {processor.py:829} INFO - Processing file /home/seva/UCU/AutomatedDataPipelines/Homework1/venv/lib/python3.10/site-packages/airflow/example_dags/example_short_circuit_operator.py for tasks to queue
[2023-11-30T02:30:09.783+0200] {logging_mixin.py:154} INFO - [2023-11-30T02:30:09.782+0200] {dagbag.py:536} INFO - Filling up the DagBag from /home/seva/UCU/AutomatedDataPipelines/Homework1/venv/lib/python3.10/site-packages/airflow/example_dags/example_short_circuit_operator.py
[2023-11-30T02:30:09.790+0200] {processor.py:839} INFO - DAG(s) dict_keys(['example_short_circuit_operator']) retrieved from /home/seva/UCU/AutomatedDataPipelines/Homework1/venv/lib/python3.10/site-packages/airflow/example_dags/example_short_circuit_operator.py
[2023-11-30T02:30:09.804+0200] {logging_mixin.py:154} INFO - [2023-11-30T02:30:09.804+0200] {dag.py:2941} INFO - Sync 1 DAGs
[2023-11-30T02:30:09.820+0200] {logging_mixin.py:154} INFO - [2023-11-30T02:30:09.820+0200] {dag.py:3722} INFO - Setting next_dagrun for example_short_circuit_operator to 2023-11-29T00:30:09.820347+00:00, run_after=2023-11-30T00:30:09.820347+00:00
[2023-11-30T02:30:09.846+0200] {processor.py:179} INFO - Processing /home/seva/UCU/AutomatedDataPipelines/Homework1/venv/lib/python3.10/site-packages/airflow/example_dags/example_short_circuit_operator.py took 0.079 seconds
[2023-11-30T02:30:54.883+0200] {processor.py:157} INFO - Started process (PID=5252) to work on /home/seva/UCU/AutomatedDataPipelines/Homework1/venv/lib/python3.10/site-packages/airflow/example_dags/example_short_circuit_operator.py
[2023-11-30T02:30:54.885+0200] {processor.py:829} INFO - Processing file /home/seva/UCU/AutomatedDataPipelines/Homework1/venv/lib/python3.10/site-packages/airflow/example_dags/example_short_circuit_operator.py for tasks to queue
[2023-11-30T02:30:54.886+0200] {logging_mixin.py:154} INFO - [2023-11-30T02:30:54.886+0200] {dagbag.py:536} INFO - Filling up the DagBag from /home/seva/UCU/AutomatedDataPipelines/Homework1/venv/lib/python3.10/site-packages/airflow/example_dags/example_short_circuit_operator.py
[2023-11-30T02:30:54.893+0200] {processor.py:839} INFO - DAG(s) dict_keys(['example_short_circuit_operator']) retrieved from /home/seva/UCU/AutomatedDataPipelines/Homework1/venv/lib/python3.10/site-packages/airflow/example_dags/example_short_circuit_operator.py
[2023-11-30T02:30:54.908+0200] {logging_mixin.py:154} INFO - [2023-11-30T02:30:54.908+0200] {dag.py:2941} INFO - Sync 1 DAGs
[2023-11-30T02:30:54.924+0200] {logging_mixin.py:154} INFO - [2023-11-30T02:30:54.924+0200] {dag.py:3722} INFO - Setting next_dagrun for example_short_circuit_operator to 2023-11-29T00:30:54.924090+00:00, run_after=2023-11-30T00:30:54.924090+00:00
[2023-11-30T02:30:54.949+0200] {processor.py:179} INFO - Processing /home/seva/UCU/AutomatedDataPipelines/Homework1/venv/lib/python3.10/site-packages/airflow/example_dags/example_short_circuit_operator.py took 0.069 seconds
[2023-11-30T02:31:41.043+0200] {processor.py:157} INFO - Started process (PID=5432) to work on /home/seva/UCU/AutomatedDataPipelines/Homework1/venv/lib/python3.10/site-packages/airflow/example_dags/example_short_circuit_operator.py
[2023-11-30T02:31:41.045+0200] {processor.py:829} INFO - Processing file /home/seva/UCU/AutomatedDataPipelines/Homework1/venv/lib/python3.10/site-packages/airflow/example_dags/example_short_circuit_operator.py for tasks to queue
[2023-11-30T02:31:41.046+0200] {logging_mixin.py:154} INFO - [2023-11-30T02:31:41.046+0200] {dagbag.py:536} INFO - Filling up the DagBag from /home/seva/UCU/AutomatedDataPipelines/Homework1/venv/lib/python3.10/site-packages/airflow/example_dags/example_short_circuit_operator.py
[2023-11-30T02:31:41.053+0200] {processor.py:839} INFO - DAG(s) dict_keys(['example_short_circuit_operator']) retrieved from /home/seva/UCU/AutomatedDataPipelines/Homework1/venv/lib/python3.10/site-packages/airflow/example_dags/example_short_circuit_operator.py
[2023-11-30T02:31:41.069+0200] {logging_mixin.py:154} INFO - [2023-11-30T02:31:41.069+0200] {dag.py:2941} INFO - Sync 1 DAGs
[2023-11-30T02:31:41.085+0200] {logging_mixin.py:154} INFO - [2023-11-30T02:31:41.085+0200] {dag.py:3722} INFO - Setting next_dagrun for example_short_circuit_operator to 2023-11-29T00:31:41.084981+00:00, run_after=2023-11-30T00:31:41.084981+00:00
[2023-11-30T02:31:41.109+0200] {processor.py:179} INFO - Processing /home/seva/UCU/AutomatedDataPipelines/Homework1/venv/lib/python3.10/site-packages/airflow/example_dags/example_short_circuit_operator.py took 0.069 seconds
[2023-11-30T02:32:24.988+0200] {processor.py:157} INFO - Started process (PID=5605) to work on /home/seva/UCU/AutomatedDataPipelines/Homework1/venv/lib/python3.10/site-packages/airflow/example_dags/example_short_circuit_operator.py
[2023-11-30T02:32:24.992+0200] {processor.py:829} INFO - Processing file /home/seva/UCU/AutomatedDataPipelines/Homework1/venv/lib/python3.10/site-packages/airflow/example_dags/example_short_circuit_operator.py for tasks to queue
[2023-11-30T02:32:24.994+0200] {logging_mixin.py:154} INFO - [2023-11-30T02:32:24.993+0200] {dagbag.py:536} INFO - Filling up the DagBag from /home/seva/UCU/AutomatedDataPipelines/Homework1/venv/lib/python3.10/site-packages/airflow/example_dags/example_short_circuit_operator.py
[2023-11-30T02:32:25.009+0200] {processor.py:839} INFO - DAG(s) dict_keys(['example_short_circuit_operator']) retrieved from /home/seva/UCU/AutomatedDataPipelines/Homework1/venv/lib/python3.10/site-packages/airflow/example_dags/example_short_circuit_operator.py
[2023-11-30T02:32:25.046+0200] {logging_mixin.py:154} INFO - [2023-11-30T02:32:25.046+0200] {dag.py:2941} INFO - Sync 1 DAGs
[2023-11-30T02:32:25.085+0200] {logging_mixin.py:154} INFO - [2023-11-30T02:32:25.085+0200] {dag.py:3722} INFO - Setting next_dagrun for example_short_circuit_operator to 2023-11-29T00:32:25.084844+00:00, run_after=2023-11-30T00:32:25.084844+00:00
[2023-11-30T02:32:25.130+0200] {processor.py:179} INFO - Processing /home/seva/UCU/AutomatedDataPipelines/Homework1/venv/lib/python3.10/site-packages/airflow/example_dags/example_short_circuit_operator.py took 0.148 seconds
[2023-11-30T02:33:12.455+0200] {processor.py:157} INFO - Started process (PID=5819) to work on /home/seva/UCU/AutomatedDataPipelines/Homework1/venv/lib/python3.10/site-packages/airflow/example_dags/example_short_circuit_operator.py
[2023-11-30T02:33:12.466+0200] {processor.py:829} INFO - Processing file /home/seva/UCU/AutomatedDataPipelines/Homework1/venv/lib/python3.10/site-packages/airflow/example_dags/example_short_circuit_operator.py for tasks to queue
[2023-11-30T02:33:12.467+0200] {logging_mixin.py:154} INFO - [2023-11-30T02:33:12.467+0200] {dagbag.py:536} INFO - Filling up the DagBag from /home/seva/UCU/AutomatedDataPipelines/Homework1/venv/lib/python3.10/site-packages/airflow/example_dags/example_short_circuit_operator.py
[2023-11-30T02:33:12.476+0200] {processor.py:839} INFO - DAG(s) dict_keys(['example_short_circuit_operator']) retrieved from /home/seva/UCU/AutomatedDataPipelines/Homework1/venv/lib/python3.10/site-packages/airflow/example_dags/example_short_circuit_operator.py
[2023-11-30T02:33:12.491+0200] {logging_mixin.py:154} INFO - [2023-11-30T02:33:12.491+0200] {dag.py:2941} INFO - Sync 1 DAGs
[2023-11-30T02:33:12.507+0200] {logging_mixin.py:154} INFO - [2023-11-30T02:33:12.506+0200] {dag.py:3722} INFO - Setting next_dagrun for example_short_circuit_operator to 2023-11-29T00:33:12.506738+00:00, run_after=2023-11-30T00:33:12.506738+00:00
[2023-11-30T02:33:12.532+0200] {processor.py:179} INFO - Processing /home/seva/UCU/AutomatedDataPipelines/Homework1/venv/lib/python3.10/site-packages/airflow/example_dags/example_short_circuit_operator.py took 0.080 seconds
[2023-11-30T02:34:00.430+0200] {processor.py:157} INFO - Started process (PID=6011) to work on /home/seva/UCU/AutomatedDataPipelines/Homework1/venv/lib/python3.10/site-packages/airflow/example_dags/example_short_circuit_operator.py
[2023-11-30T02:34:00.444+0200] {processor.py:829} INFO - Processing file /home/seva/UCU/AutomatedDataPipelines/Homework1/venv/lib/python3.10/site-packages/airflow/example_dags/example_short_circuit_operator.py for tasks to queue
[2023-11-30T02:34:00.446+0200] {logging_mixin.py:154} INFO - [2023-11-30T02:34:00.445+0200] {dagbag.py:536} INFO - Filling up the DagBag from /home/seva/UCU/AutomatedDataPipelines/Homework1/venv/lib/python3.10/site-packages/airflow/example_dags/example_short_circuit_operator.py
[2023-11-30T02:34:00.456+0200] {processor.py:839} INFO - DAG(s) dict_keys(['example_short_circuit_operator']) retrieved from /home/seva/UCU/AutomatedDataPipelines/Homework1/venv/lib/python3.10/site-packages/airflow/example_dags/example_short_circuit_operator.py
[2023-11-30T02:34:00.481+0200] {logging_mixin.py:154} INFO - [2023-11-30T02:34:00.480+0200] {dag.py:2941} INFO - Sync 1 DAGs
[2023-11-30T02:34:00.504+0200] {logging_mixin.py:154} INFO - [2023-11-30T02:34:00.504+0200] {dag.py:3722} INFO - Setting next_dagrun for example_short_circuit_operator to 2023-11-29T00:34:00.503838+00:00, run_after=2023-11-30T00:34:00.503838+00:00
[2023-11-30T02:34:00.547+0200] {processor.py:179} INFO - Processing /home/seva/UCU/AutomatedDataPipelines/Homework1/venv/lib/python3.10/site-packages/airflow/example_dags/example_short_circuit_operator.py took 0.124 seconds
[2023-11-30T02:34:50.521+0200] {processor.py:157} INFO - Started process (PID=6215) to work on /home/seva/UCU/AutomatedDataPipelines/Homework1/venv/lib/python3.10/site-packages/airflow/example_dags/example_short_circuit_operator.py
[2023-11-30T02:34:50.534+0200] {processor.py:829} INFO - Processing file /home/seva/UCU/AutomatedDataPipelines/Homework1/venv/lib/python3.10/site-packages/airflow/example_dags/example_short_circuit_operator.py for tasks to queue
[2023-11-30T02:34:50.535+0200] {logging_mixin.py:154} INFO - [2023-11-30T02:34:50.534+0200] {dagbag.py:536} INFO - Filling up the DagBag from /home/seva/UCU/AutomatedDataPipelines/Homework1/venv/lib/python3.10/site-packages/airflow/example_dags/example_short_circuit_operator.py
[2023-11-30T02:34:50.542+0200] {processor.py:839} INFO - DAG(s) dict_keys(['example_short_circuit_operator']) retrieved from /home/seva/UCU/AutomatedDataPipelines/Homework1/venv/lib/python3.10/site-packages/airflow/example_dags/example_short_circuit_operator.py
[2023-11-30T02:34:50.557+0200] {logging_mixin.py:154} INFO - [2023-11-30T02:34:50.557+0200] {dag.py:2941} INFO - Sync 1 DAGs
[2023-11-30T02:34:50.572+0200] {logging_mixin.py:154} INFO - [2023-11-30T02:34:50.572+0200] {dag.py:3722} INFO - Setting next_dagrun for example_short_circuit_operator to 2023-11-29T00:34:50.572117+00:00, run_after=2023-11-30T00:34:50.572117+00:00
[2023-11-30T02:34:50.596+0200] {processor.py:179} INFO - Processing /home/seva/UCU/AutomatedDataPipelines/Homework1/venv/lib/python3.10/site-packages/airflow/example_dags/example_short_circuit_operator.py took 0.078 seconds
[2023-11-30T02:35:36.061+0200] {processor.py:157} INFO - Started process (PID=6393) to work on /home/seva/UCU/AutomatedDataPipelines/Homework1/venv/lib/python3.10/site-packages/airflow/example_dags/example_short_circuit_operator.py
[2023-11-30T02:35:36.073+0200] {processor.py:829} INFO - Processing file /home/seva/UCU/AutomatedDataPipelines/Homework1/venv/lib/python3.10/site-packages/airflow/example_dags/example_short_circuit_operator.py for tasks to queue
[2023-11-30T02:35:36.074+0200] {logging_mixin.py:154} INFO - [2023-11-30T02:35:36.074+0200] {dagbag.py:536} INFO - Filling up the DagBag from /home/seva/UCU/AutomatedDataPipelines/Homework1/venv/lib/python3.10/site-packages/airflow/example_dags/example_short_circuit_operator.py
[2023-11-30T02:35:36.084+0200] {processor.py:839} INFO - DAG(s) dict_keys(['example_short_circuit_operator']) retrieved from /home/seva/UCU/AutomatedDataPipelines/Homework1/venv/lib/python3.10/site-packages/airflow/example_dags/example_short_circuit_operator.py
[2023-11-30T02:35:36.105+0200] {logging_mixin.py:154} INFO - [2023-11-30T02:35:36.105+0200] {dag.py:2941} INFO - Sync 1 DAGs
[2023-11-30T02:35:36.125+0200] {logging_mixin.py:154} INFO - [2023-11-30T02:35:36.125+0200] {dag.py:3722} INFO - Setting next_dagrun for example_short_circuit_operator to 2023-11-29T00:35:36.125225+00:00, run_after=2023-11-30T00:35:36.125225+00:00
[2023-11-30T02:35:36.150+0200] {processor.py:179} INFO - Processing /home/seva/UCU/AutomatedDataPipelines/Homework1/venv/lib/python3.10/site-packages/airflow/example_dags/example_short_circuit_operator.py took 0.094 seconds
[2023-11-30T02:36:21.489+0200] {processor.py:157} INFO - Started process (PID=6573) to work on /home/seva/UCU/AutomatedDataPipelines/Homework1/venv/lib/python3.10/site-packages/airflow/example_dags/example_short_circuit_operator.py
[2023-11-30T02:36:21.501+0200] {processor.py:829} INFO - Processing file /home/seva/UCU/AutomatedDataPipelines/Homework1/venv/lib/python3.10/site-packages/airflow/example_dags/example_short_circuit_operator.py for tasks to queue
[2023-11-30T02:36:21.502+0200] {logging_mixin.py:154} INFO - [2023-11-30T02:36:21.502+0200] {dagbag.py:536} INFO - Filling up the DagBag from /home/seva/UCU/AutomatedDataPipelines/Homework1/venv/lib/python3.10/site-packages/airflow/example_dags/example_short_circuit_operator.py
[2023-11-30T02:36:21.511+0200] {processor.py:839} INFO - DAG(s) dict_keys(['example_short_circuit_operator']) retrieved from /home/seva/UCU/AutomatedDataPipelines/Homework1/venv/lib/python3.10/site-packages/airflow/example_dags/example_short_circuit_operator.py
[2023-11-30T02:36:21.528+0200] {logging_mixin.py:154} INFO - [2023-11-30T02:36:21.528+0200] {dag.py:2941} INFO - Sync 1 DAGs
[2023-11-30T02:36:21.546+0200] {logging_mixin.py:154} INFO - [2023-11-30T02:36:21.545+0200] {dag.py:3722} INFO - Setting next_dagrun for example_short_circuit_operator to 2023-11-29T00:36:21.545804+00:00, run_after=2023-11-30T00:36:21.545804+00:00
[2023-11-30T02:36:21.576+0200] {processor.py:179} INFO - Processing /home/seva/UCU/AutomatedDataPipelines/Homework1/venv/lib/python3.10/site-packages/airflow/example_dags/example_short_circuit_operator.py took 0.090 seconds
[2023-11-30T02:37:10.216+0200] {processor.py:157} INFO - Started process (PID=6768) to work on /home/seva/UCU/AutomatedDataPipelines/Homework1/venv/lib/python3.10/site-packages/airflow/example_dags/example_short_circuit_operator.py
[2023-11-30T02:37:10.218+0200] {processor.py:829} INFO - Processing file /home/seva/UCU/AutomatedDataPipelines/Homework1/venv/lib/python3.10/site-packages/airflow/example_dags/example_short_circuit_operator.py for tasks to queue
[2023-11-30T02:37:10.219+0200] {logging_mixin.py:154} INFO - [2023-11-30T02:37:10.219+0200] {dagbag.py:536} INFO - Filling up the DagBag from /home/seva/UCU/AutomatedDataPipelines/Homework1/venv/lib/python3.10/site-packages/airflow/example_dags/example_short_circuit_operator.py
[2023-11-30T02:37:10.227+0200] {processor.py:839} INFO - DAG(s) dict_keys(['example_short_circuit_operator']) retrieved from /home/seva/UCU/AutomatedDataPipelines/Homework1/venv/lib/python3.10/site-packages/airflow/example_dags/example_short_circuit_operator.py
[2023-11-30T02:37:10.243+0200] {logging_mixin.py:154} INFO - [2023-11-30T02:37:10.243+0200] {dag.py:2941} INFO - Sync 1 DAGs
[2023-11-30T02:37:10.258+0200] {logging_mixin.py:154} INFO - [2023-11-30T02:37:10.258+0200] {dag.py:3722} INFO - Setting next_dagrun for example_short_circuit_operator to 2023-11-29T00:37:10.258385+00:00, run_after=2023-11-30T00:37:10.258385+00:00
[2023-11-30T02:37:10.282+0200] {processor.py:179} INFO - Processing /home/seva/UCU/AutomatedDataPipelines/Homework1/venv/lib/python3.10/site-packages/airflow/example_dags/example_short_circuit_operator.py took 0.069 seconds
[2023-11-30T02:38:00.931+0200] {processor.py:157} INFO - Started process (PID=6964) to work on /home/seva/UCU/AutomatedDataPipelines/Homework1/venv/lib/python3.10/site-packages/airflow/example_dags/example_short_circuit_operator.py
[2023-11-30T02:38:00.934+0200] {processor.py:829} INFO - Processing file /home/seva/UCU/AutomatedDataPipelines/Homework1/venv/lib/python3.10/site-packages/airflow/example_dags/example_short_circuit_operator.py for tasks to queue
[2023-11-30T02:38:00.935+0200] {logging_mixin.py:154} INFO - [2023-11-30T02:38:00.935+0200] {dagbag.py:536} INFO - Filling up the DagBag from /home/seva/UCU/AutomatedDataPipelines/Homework1/venv/lib/python3.10/site-packages/airflow/example_dags/example_short_circuit_operator.py
[2023-11-30T02:38:00.943+0200] {processor.py:839} INFO - DAG(s) dict_keys(['example_short_circuit_operator']) retrieved from /home/seva/UCU/AutomatedDataPipelines/Homework1/venv/lib/python3.10/site-packages/airflow/example_dags/example_short_circuit_operator.py
[2023-11-30T02:38:00.961+0200] {logging_mixin.py:154} INFO - [2023-11-30T02:38:00.961+0200] {dag.py:2941} INFO - Sync 1 DAGs
[2023-11-30T02:38:00.976+0200] {logging_mixin.py:154} INFO - [2023-11-30T02:38:00.976+0200] {dag.py:3722} INFO - Setting next_dagrun for example_short_circuit_operator to 2023-11-29T00:38:00.976337+00:00, run_after=2023-11-30T00:38:00.976337+00:00
[2023-11-30T02:38:01.001+0200] {processor.py:179} INFO - Processing /home/seva/UCU/AutomatedDataPipelines/Homework1/venv/lib/python3.10/site-packages/airflow/example_dags/example_short_circuit_operator.py took 0.073 seconds
[2023-11-30T02:38:54.924+0200] {processor.py:157} INFO - Started process (PID=7375) to work on /home/seva/UCU/AutomatedDataPipelines/Homework1/venv/lib/python3.10/site-packages/airflow/example_dags/example_short_circuit_operator.py
[2023-11-30T02:38:54.936+0200] {processor.py:829} INFO - Processing file /home/seva/UCU/AutomatedDataPipelines/Homework1/venv/lib/python3.10/site-packages/airflow/example_dags/example_short_circuit_operator.py for tasks to queue
[2023-11-30T02:38:54.937+0200] {logging_mixin.py:154} INFO - [2023-11-30T02:38:54.937+0200] {dagbag.py:536} INFO - Filling up the DagBag from /home/seva/UCU/AutomatedDataPipelines/Homework1/venv/lib/python3.10/site-packages/airflow/example_dags/example_short_circuit_operator.py
[2023-11-30T02:38:54.947+0200] {processor.py:839} INFO - DAG(s) dict_keys(['example_short_circuit_operator']) retrieved from /home/seva/UCU/AutomatedDataPipelines/Homework1/venv/lib/python3.10/site-packages/airflow/example_dags/example_short_circuit_operator.py
[2023-11-30T02:38:54.967+0200] {logging_mixin.py:154} INFO - [2023-11-30T02:38:54.966+0200] {dag.py:2941} INFO - Sync 1 DAGs
[2023-11-30T02:38:54.987+0200] {logging_mixin.py:154} INFO - [2023-11-30T02:38:54.987+0200] {dag.py:3722} INFO - Setting next_dagrun for example_short_circuit_operator to 2023-11-29T00:38:54.987309+00:00, run_after=2023-11-30T00:38:54.987309+00:00
[2023-11-30T02:38:55.017+0200] {processor.py:179} INFO - Processing /home/seva/UCU/AutomatedDataPipelines/Homework1/venv/lib/python3.10/site-packages/airflow/example_dags/example_short_circuit_operator.py took 0.097 seconds
