[2023-11-30T02:13:33.381+0200] {processor.py:157} INFO - Started process (PID=1198) to work on /home/seva/UCU/AutomatedDataPipelines/Homework1/venv/lib/python3.10/site-packages/airflow/example_dags/example_complex.py
[2023-11-30T02:13:33.382+0200] {processor.py:829} INFO - Processing file /home/seva/UCU/AutomatedDataPipelines/Homework1/venv/lib/python3.10/site-packages/airflow/example_dags/example_complex.py for tasks to queue
[2023-11-30T02:13:33.383+0200] {logging_mixin.py:154} INFO - [2023-11-30T02:13:33.382+0200] {dagbag.py:536} INFO - Filling up the DagBag from /home/seva/UCU/AutomatedDataPipelines/Homework1/venv/lib/python3.10/site-packages/airflow/example_dags/example_complex.py
[2023-11-30T02:13:33.394+0200] {processor.py:839} INFO - DAG(s) dict_keys(['example_complex']) retrieved from /home/seva/UCU/AutomatedDataPipelines/Homework1/venv/lib/python3.10/site-packages/airflow/example_dags/example_complex.py
[2023-11-30T02:13:33.506+0200] {logging_mixin.py:154} INFO - [2023-11-30T02:13:33.506+0200] {manager.py:499} INFO - Created Permission View: %s
[2023-11-30T02:13:33.524+0200] {logging_mixin.py:154} INFO - [2023-11-30T02:13:33.523+0200] {manager.py:499} INFO - Created Permission View: %s
[2023-11-30T02:13:33.538+0200] {logging_mixin.py:154} INFO - [2023-11-30T02:13:33.538+0200] {manager.py:499} INFO - Created Permission View: %s
[2023-11-30T02:13:33.538+0200] {logging_mixin.py:154} INFO - [2023-11-30T02:13:33.538+0200] {dag.py:2941} INFO - Sync 1 DAGs
[2023-11-30T02:13:33.547+0200] {logging_mixin.py:154} INFO - [2023-11-30T02:13:33.546+0200] {dag.py:2963} INFO - Creating ORM DAG for example_complex
[2023-11-30T02:13:33.547+0200] {logging_mixin.py:154} INFO - [2023-11-30T02:13:33.547+0200] {dag.py:3722} INFO - Setting next_dagrun for example_complex to None, run_after=None
[2023-11-30T02:13:33.577+0200] {processor.py:179} INFO - Processing /home/seva/UCU/AutomatedDataPipelines/Homework1/venv/lib/python3.10/site-packages/airflow/example_dags/example_complex.py took 0.199 seconds
[2023-11-30T02:14:22.909+0200] {processor.py:157} INFO - Started process (PID=1342) to work on /home/seva/UCU/AutomatedDataPipelines/Homework1/venv/lib/python3.10/site-packages/airflow/example_dags/example_complex.py
[2023-11-30T02:14:22.921+0200] {processor.py:829} INFO - Processing file /home/seva/UCU/AutomatedDataPipelines/Homework1/venv/lib/python3.10/site-packages/airflow/example_dags/example_complex.py for tasks to queue
[2023-11-30T02:14:22.922+0200] {logging_mixin.py:154} INFO - [2023-11-30T02:14:22.922+0200] {dagbag.py:536} INFO - Filling up the DagBag from /home/seva/UCU/AutomatedDataPipelines/Homework1/venv/lib/python3.10/site-packages/airflow/example_dags/example_complex.py
[2023-11-30T02:14:22.931+0200] {processor.py:839} INFO - DAG(s) dict_keys(['example_complex']) retrieved from /home/seva/UCU/AutomatedDataPipelines/Homework1/venv/lib/python3.10/site-packages/airflow/example_dags/example_complex.py
[2023-11-30T02:14:22.951+0200] {logging_mixin.py:154} INFO - [2023-11-30T02:14:22.951+0200] {dag.py:2941} INFO - Sync 1 DAGs
[2023-11-30T02:14:22.960+0200] {logging_mixin.py:154} INFO - [2023-11-30T02:14:22.959+0200] {dag.py:3722} INFO - Setting next_dagrun for example_complex to None, run_after=None
[2023-11-30T02:14:22.983+0200] {processor.py:179} INFO - Processing /home/seva/UCU/AutomatedDataPipelines/Homework1/venv/lib/python3.10/site-packages/airflow/example_dags/example_complex.py took 0.077 seconds
[2023-11-30T02:15:08.968+0200] {processor.py:157} INFO - Started process (PID=1510) to work on /home/seva/UCU/AutomatedDataPipelines/Homework1/venv/lib/python3.10/site-packages/airflow/example_dags/example_complex.py
[2023-11-30T02:15:08.981+0200] {processor.py:829} INFO - Processing file /home/seva/UCU/AutomatedDataPipelines/Homework1/venv/lib/python3.10/site-packages/airflow/example_dags/example_complex.py for tasks to queue
[2023-11-30T02:15:08.982+0200] {logging_mixin.py:154} INFO - [2023-11-30T02:15:08.982+0200] {dagbag.py:536} INFO - Filling up the DagBag from /home/seva/UCU/AutomatedDataPipelines/Homework1/venv/lib/python3.10/site-packages/airflow/example_dags/example_complex.py
[2023-11-30T02:15:08.991+0200] {processor.py:839} INFO - DAG(s) dict_keys(['example_complex']) retrieved from /home/seva/UCU/AutomatedDataPipelines/Homework1/venv/lib/python3.10/site-packages/airflow/example_dags/example_complex.py
[2023-11-30T02:15:09.012+0200] {logging_mixin.py:154} INFO - [2023-11-30T02:15:09.012+0200] {dag.py:2941} INFO - Sync 1 DAGs
[2023-11-30T02:15:09.022+0200] {logging_mixin.py:154} INFO - [2023-11-30T02:15:09.022+0200] {dag.py:3722} INFO - Setting next_dagrun for example_complex to None, run_after=None
[2023-11-30T02:15:09.046+0200] {processor.py:179} INFO - Processing /home/seva/UCU/AutomatedDataPipelines/Homework1/venv/lib/python3.10/site-packages/airflow/example_dags/example_complex.py took 0.080 seconds
[2023-11-30T02:15:52.803+0200] {processor.py:157} INFO - Started process (PID=1682) to work on /home/seva/UCU/AutomatedDataPipelines/Homework1/venv/lib/python3.10/site-packages/airflow/example_dags/example_complex.py
[2023-11-30T02:15:52.815+0200] {processor.py:829} INFO - Processing file /home/seva/UCU/AutomatedDataPipelines/Homework1/venv/lib/python3.10/site-packages/airflow/example_dags/example_complex.py for tasks to queue
[2023-11-30T02:15:52.816+0200] {logging_mixin.py:154} INFO - [2023-11-30T02:15:52.815+0200] {dagbag.py:536} INFO - Filling up the DagBag from /home/seva/UCU/AutomatedDataPipelines/Homework1/venv/lib/python3.10/site-packages/airflow/example_dags/example_complex.py
[2023-11-30T02:15:52.825+0200] {processor.py:839} INFO - DAG(s) dict_keys(['example_complex']) retrieved from /home/seva/UCU/AutomatedDataPipelines/Homework1/venv/lib/python3.10/site-packages/airflow/example_dags/example_complex.py
[2023-11-30T02:15:52.846+0200] {logging_mixin.py:154} INFO - [2023-11-30T02:15:52.845+0200] {dag.py:2941} INFO - Sync 1 DAGs
[2023-11-30T02:15:52.855+0200] {logging_mixin.py:154} INFO - [2023-11-30T02:15:52.855+0200] {dag.py:3722} INFO - Setting next_dagrun for example_complex to None, run_after=None
[2023-11-30T02:15:52.899+0200] {processor.py:179} INFO - Processing /home/seva/UCU/AutomatedDataPipelines/Homework1/venv/lib/python3.10/site-packages/airflow/example_dags/example_complex.py took 0.100 seconds
[2023-11-30T02:16:41.062+0200] {processor.py:157} INFO - Started process (PID=1871) to work on /home/seva/UCU/AutomatedDataPipelines/Homework1/venv/lib/python3.10/site-packages/airflow/example_dags/example_complex.py
[2023-11-30T02:16:41.064+0200] {processor.py:829} INFO - Processing file /home/seva/UCU/AutomatedDataPipelines/Homework1/venv/lib/python3.10/site-packages/airflow/example_dags/example_complex.py for tasks to queue
[2023-11-30T02:16:41.065+0200] {logging_mixin.py:154} INFO - [2023-11-30T02:16:41.064+0200] {dagbag.py:536} INFO - Filling up the DagBag from /home/seva/UCU/AutomatedDataPipelines/Homework1/venv/lib/python3.10/site-packages/airflow/example_dags/example_complex.py
[2023-11-30T02:16:41.076+0200] {processor.py:839} INFO - DAG(s) dict_keys(['example_complex']) retrieved from /home/seva/UCU/AutomatedDataPipelines/Homework1/venv/lib/python3.10/site-packages/airflow/example_dags/example_complex.py
[2023-11-30T02:16:41.106+0200] {logging_mixin.py:154} INFO - [2023-11-30T02:16:41.106+0200] {dag.py:2941} INFO - Sync 1 DAGs
[2023-11-30T02:16:41.118+0200] {logging_mixin.py:154} INFO - [2023-11-30T02:16:41.118+0200] {dag.py:3722} INFO - Setting next_dagrun for example_complex to None, run_after=None
[2023-11-30T02:16:41.142+0200] {processor.py:179} INFO - Processing /home/seva/UCU/AutomatedDataPipelines/Homework1/venv/lib/python3.10/site-packages/airflow/example_dags/example_complex.py took 0.084 seconds
[2023-11-30T02:17:23.336+0200] {processor.py:157} INFO - Started process (PID=2039) to work on /home/seva/UCU/AutomatedDataPipelines/Homework1/venv/lib/python3.10/site-packages/airflow/example_dags/example_complex.py
[2023-11-30T02:17:23.347+0200] {processor.py:829} INFO - Processing file /home/seva/UCU/AutomatedDataPipelines/Homework1/venv/lib/python3.10/site-packages/airflow/example_dags/example_complex.py for tasks to queue
[2023-11-30T02:17:23.348+0200] {logging_mixin.py:154} INFO - [2023-11-30T02:17:23.347+0200] {dagbag.py:536} INFO - Filling up the DagBag from /home/seva/UCU/AutomatedDataPipelines/Homework1/venv/lib/python3.10/site-packages/airflow/example_dags/example_complex.py
[2023-11-30T02:17:23.357+0200] {processor.py:839} INFO - DAG(s) dict_keys(['example_complex']) retrieved from /home/seva/UCU/AutomatedDataPipelines/Homework1/venv/lib/python3.10/site-packages/airflow/example_dags/example_complex.py
[2023-11-30T02:17:23.378+0200] {logging_mixin.py:154} INFO - [2023-11-30T02:17:23.378+0200] {dag.py:2941} INFO - Sync 1 DAGs
[2023-11-30T02:17:23.387+0200] {logging_mixin.py:154} INFO - [2023-11-30T02:17:23.387+0200] {dag.py:3722} INFO - Setting next_dagrun for example_complex to None, run_after=None
[2023-11-30T02:17:23.411+0200] {processor.py:179} INFO - Processing /home/seva/UCU/AutomatedDataPipelines/Homework1/venv/lib/python3.10/site-packages/airflow/example_dags/example_complex.py took 0.078 seconds
[2023-11-30T02:18:07.277+0200] {processor.py:157} INFO - Started process (PID=2222) to work on /home/seva/UCU/AutomatedDataPipelines/Homework1/venv/lib/python3.10/site-packages/airflow/example_dags/example_complex.py
[2023-11-30T02:18:07.279+0200] {processor.py:829} INFO - Processing file /home/seva/UCU/AutomatedDataPipelines/Homework1/venv/lib/python3.10/site-packages/airflow/example_dags/example_complex.py for tasks to queue
[2023-11-30T02:18:07.280+0200] {logging_mixin.py:154} INFO - [2023-11-30T02:18:07.279+0200] {dagbag.py:536} INFO - Filling up the DagBag from /home/seva/UCU/AutomatedDataPipelines/Homework1/venv/lib/python3.10/site-packages/airflow/example_dags/example_complex.py
[2023-11-30T02:18:07.292+0200] {processor.py:839} INFO - DAG(s) dict_keys(['example_complex']) retrieved from /home/seva/UCU/AutomatedDataPipelines/Homework1/venv/lib/python3.10/site-packages/airflow/example_dags/example_complex.py
[2023-11-30T02:18:07.321+0200] {logging_mixin.py:154} INFO - [2023-11-30T02:18:07.321+0200] {dag.py:2941} INFO - Sync 1 DAGs
[2023-11-30T02:18:07.334+0200] {logging_mixin.py:154} INFO - [2023-11-30T02:18:07.334+0200] {dag.py:3722} INFO - Setting next_dagrun for example_complex to None, run_after=None
[2023-11-30T02:18:07.359+0200] {processor.py:179} INFO - Processing /home/seva/UCU/AutomatedDataPipelines/Homework1/venv/lib/python3.10/site-packages/airflow/example_dags/example_complex.py took 0.085 seconds
[2023-11-30T02:18:48.499+0200] {processor.py:157} INFO - Started process (PID=2386) to work on /home/seva/UCU/AutomatedDataPipelines/Homework1/venv/lib/python3.10/site-packages/airflow/example_dags/example_complex.py
[2023-11-30T02:18:48.501+0200] {processor.py:829} INFO - Processing file /home/seva/UCU/AutomatedDataPipelines/Homework1/venv/lib/python3.10/site-packages/airflow/example_dags/example_complex.py for tasks to queue
[2023-11-30T02:18:48.502+0200] {logging_mixin.py:154} INFO - [2023-11-30T02:18:48.501+0200] {dagbag.py:536} INFO - Filling up the DagBag from /home/seva/UCU/AutomatedDataPipelines/Homework1/venv/lib/python3.10/site-packages/airflow/example_dags/example_complex.py
[2023-11-30T02:18:48.510+0200] {processor.py:839} INFO - DAG(s) dict_keys(['example_complex']) retrieved from /home/seva/UCU/AutomatedDataPipelines/Homework1/venv/lib/python3.10/site-packages/airflow/example_dags/example_complex.py
[2023-11-30T02:18:48.533+0200] {logging_mixin.py:154} INFO - [2023-11-30T02:18:48.532+0200] {dag.py:2941} INFO - Sync 1 DAGs
[2023-11-30T02:18:48.541+0200] {logging_mixin.py:154} INFO - [2023-11-30T02:18:48.541+0200] {dag.py:3722} INFO - Setting next_dagrun for example_complex to None, run_after=None
[2023-11-30T02:18:48.566+0200] {processor.py:179} INFO - Processing /home/seva/UCU/AutomatedDataPipelines/Homework1/venv/lib/python3.10/site-packages/airflow/example_dags/example_complex.py took 0.070 seconds
[2023-11-30T02:19:36.028+0200] {processor.py:157} INFO - Started process (PID=2575) to work on /home/seva/UCU/AutomatedDataPipelines/Homework1/venv/lib/python3.10/site-packages/airflow/example_dags/example_complex.py
[2023-11-30T02:19:36.040+0200] {processor.py:829} INFO - Processing file /home/seva/UCU/AutomatedDataPipelines/Homework1/venv/lib/python3.10/site-packages/airflow/example_dags/example_complex.py for tasks to queue
[2023-11-30T02:19:36.041+0200] {logging_mixin.py:154} INFO - [2023-11-30T02:19:36.041+0200] {dagbag.py:536} INFO - Filling up the DagBag from /home/seva/UCU/AutomatedDataPipelines/Homework1/venv/lib/python3.10/site-packages/airflow/example_dags/example_complex.py
[2023-11-30T02:19:36.051+0200] {processor.py:839} INFO - DAG(s) dict_keys(['example_complex']) retrieved from /home/seva/UCU/AutomatedDataPipelines/Homework1/venv/lib/python3.10/site-packages/airflow/example_dags/example_complex.py
[2023-11-30T02:19:36.071+0200] {logging_mixin.py:154} INFO - [2023-11-30T02:19:36.071+0200] {dag.py:2941} INFO - Sync 1 DAGs
[2023-11-30T02:19:36.081+0200] {logging_mixin.py:154} INFO - [2023-11-30T02:19:36.080+0200] {dag.py:3722} INFO - Setting next_dagrun for example_complex to None, run_after=None
[2023-11-30T02:19:36.107+0200] {processor.py:179} INFO - Processing /home/seva/UCU/AutomatedDataPipelines/Homework1/venv/lib/python3.10/site-packages/airflow/example_dags/example_complex.py took 0.082 seconds
[2023-11-30T02:20:18.414+0200] {processor.py:157} INFO - Started process (PID=2739) to work on /home/seva/UCU/AutomatedDataPipelines/Homework1/venv/lib/python3.10/site-packages/airflow/example_dags/example_complex.py
[2023-11-30T02:20:18.415+0200] {processor.py:829} INFO - Processing file /home/seva/UCU/AutomatedDataPipelines/Homework1/venv/lib/python3.10/site-packages/airflow/example_dags/example_complex.py for tasks to queue
[2023-11-30T02:20:18.416+0200] {logging_mixin.py:154} INFO - [2023-11-30T02:20:18.416+0200] {dagbag.py:536} INFO - Filling up the DagBag from /home/seva/UCU/AutomatedDataPipelines/Homework1/venv/lib/python3.10/site-packages/airflow/example_dags/example_complex.py
[2023-11-30T02:20:18.427+0200] {processor.py:839} INFO - DAG(s) dict_keys(['example_complex']) retrieved from /home/seva/UCU/AutomatedDataPipelines/Homework1/venv/lib/python3.10/site-packages/airflow/example_dags/example_complex.py
[2023-11-30T02:20:18.449+0200] {logging_mixin.py:154} INFO - [2023-11-30T02:20:18.449+0200] {dag.py:2941} INFO - Sync 1 DAGs
[2023-11-30T02:20:18.459+0200] {logging_mixin.py:154} INFO - [2023-11-30T02:20:18.458+0200] {dag.py:3722} INFO - Setting next_dagrun for example_complex to None, run_after=None
[2023-11-30T02:20:18.482+0200] {processor.py:179} INFO - Processing /home/seva/UCU/AutomatedDataPipelines/Homework1/venv/lib/python3.10/site-packages/airflow/example_dags/example_complex.py took 0.072 seconds
[2023-11-30T02:21:03.760+0200] {processor.py:157} INFO - Started process (PID=2917) to work on /home/seva/UCU/AutomatedDataPipelines/Homework1/venv/lib/python3.10/site-packages/airflow/example_dags/example_complex.py
[2023-11-30T02:21:03.771+0200] {processor.py:829} INFO - Processing file /home/seva/UCU/AutomatedDataPipelines/Homework1/venv/lib/python3.10/site-packages/airflow/example_dags/example_complex.py for tasks to queue
[2023-11-30T02:21:03.772+0200] {logging_mixin.py:154} INFO - [2023-11-30T02:21:03.772+0200] {dagbag.py:536} INFO - Filling up the DagBag from /home/seva/UCU/AutomatedDataPipelines/Homework1/venv/lib/python3.10/site-packages/airflow/example_dags/example_complex.py
[2023-11-30T02:21:03.781+0200] {processor.py:839} INFO - DAG(s) dict_keys(['example_complex']) retrieved from /home/seva/UCU/AutomatedDataPipelines/Homework1/venv/lib/python3.10/site-packages/airflow/example_dags/example_complex.py
[2023-11-30T02:21:03.802+0200] {logging_mixin.py:154} INFO - [2023-11-30T02:21:03.802+0200] {dag.py:2941} INFO - Sync 1 DAGs
[2023-11-30T02:21:03.811+0200] {logging_mixin.py:154} INFO - [2023-11-30T02:21:03.811+0200] {dag.py:3722} INFO - Setting next_dagrun for example_complex to None, run_after=None
[2023-11-30T02:21:03.837+0200] {processor.py:179} INFO - Processing /home/seva/UCU/AutomatedDataPipelines/Homework1/venv/lib/python3.10/site-packages/airflow/example_dags/example_complex.py took 0.080 seconds
[2023-11-30T02:21:47.250+0200] {processor.py:157} INFO - Started process (PID=3089) to work on /home/seva/UCU/AutomatedDataPipelines/Homework1/venv/lib/python3.10/site-packages/airflow/example_dags/example_complex.py
[2023-11-30T02:21:47.251+0200] {processor.py:829} INFO - Processing file /home/seva/UCU/AutomatedDataPipelines/Homework1/venv/lib/python3.10/site-packages/airflow/example_dags/example_complex.py for tasks to queue
[2023-11-30T02:21:47.252+0200] {logging_mixin.py:154} INFO - [2023-11-30T02:21:47.252+0200] {dagbag.py:536} INFO - Filling up the DagBag from /home/seva/UCU/AutomatedDataPipelines/Homework1/venv/lib/python3.10/site-packages/airflow/example_dags/example_complex.py
[2023-11-30T02:21:47.261+0200] {processor.py:839} INFO - DAG(s) dict_keys(['example_complex']) retrieved from /home/seva/UCU/AutomatedDataPipelines/Homework1/venv/lib/python3.10/site-packages/airflow/example_dags/example_complex.py
[2023-11-30T02:21:47.282+0200] {logging_mixin.py:154} INFO - [2023-11-30T02:21:47.281+0200] {dag.py:2941} INFO - Sync 1 DAGs
[2023-11-30T02:21:47.291+0200] {logging_mixin.py:154} INFO - [2023-11-30T02:21:47.291+0200] {dag.py:3722} INFO - Setting next_dagrun for example_complex to None, run_after=None
[2023-11-30T02:21:47.317+0200] {processor.py:179} INFO - Processing /home/seva/UCU/AutomatedDataPipelines/Homework1/venv/lib/python3.10/site-packages/airflow/example_dags/example_complex.py took 0.070 seconds
[2023-11-30T02:22:29.548+0200] {processor.py:157} INFO - Started process (PID=3256) to work on /home/seva/UCU/AutomatedDataPipelines/Homework1/venv/lib/python3.10/site-packages/airflow/example_dags/example_complex.py
[2023-11-30T02:22:29.551+0200] {processor.py:829} INFO - Processing file /home/seva/UCU/AutomatedDataPipelines/Homework1/venv/lib/python3.10/site-packages/airflow/example_dags/example_complex.py for tasks to queue
[2023-11-30T02:22:29.552+0200] {logging_mixin.py:154} INFO - [2023-11-30T02:22:29.551+0200] {dagbag.py:536} INFO - Filling up the DagBag from /home/seva/UCU/AutomatedDataPipelines/Homework1/venv/lib/python3.10/site-packages/airflow/example_dags/example_complex.py
[2023-11-30T02:22:29.561+0200] {processor.py:839} INFO - DAG(s) dict_keys(['example_complex']) retrieved from /home/seva/UCU/AutomatedDataPipelines/Homework1/venv/lib/python3.10/site-packages/airflow/example_dags/example_complex.py
[2023-11-30T02:22:29.586+0200] {logging_mixin.py:154} INFO - [2023-11-30T02:22:29.586+0200] {dag.py:2941} INFO - Sync 1 DAGs
[2023-11-30T02:22:29.599+0200] {logging_mixin.py:154} INFO - [2023-11-30T02:22:29.599+0200] {dag.py:3722} INFO - Setting next_dagrun for example_complex to None, run_after=None
[2023-11-30T02:22:29.628+0200] {processor.py:179} INFO - Processing /home/seva/UCU/AutomatedDataPipelines/Homework1/venv/lib/python3.10/site-packages/airflow/example_dags/example_complex.py took 0.082 seconds
[2023-11-30T02:23:16.073+0200] {processor.py:157} INFO - Started process (PID=3442) to work on /home/seva/UCU/AutomatedDataPipelines/Homework1/venv/lib/python3.10/site-packages/airflow/example_dags/example_complex.py
[2023-11-30T02:23:16.085+0200] {processor.py:829} INFO - Processing file /home/seva/UCU/AutomatedDataPipelines/Homework1/venv/lib/python3.10/site-packages/airflow/example_dags/example_complex.py for tasks to queue
[2023-11-30T02:23:16.086+0200] {logging_mixin.py:154} INFO - [2023-11-30T02:23:16.085+0200] {dagbag.py:536} INFO - Filling up the DagBag from /home/seva/UCU/AutomatedDataPipelines/Homework1/venv/lib/python3.10/site-packages/airflow/example_dags/example_complex.py
[2023-11-30T02:23:16.096+0200] {processor.py:839} INFO - DAG(s) dict_keys(['example_complex']) retrieved from /home/seva/UCU/AutomatedDataPipelines/Homework1/venv/lib/python3.10/site-packages/airflow/example_dags/example_complex.py
[2023-11-30T02:23:16.117+0200] {logging_mixin.py:154} INFO - [2023-11-30T02:23:16.116+0200] {dag.py:2941} INFO - Sync 1 DAGs
[2023-11-30T02:23:16.126+0200] {logging_mixin.py:154} INFO - [2023-11-30T02:23:16.126+0200] {dag.py:3722} INFO - Setting next_dagrun for example_complex to None, run_after=None
[2023-11-30T02:23:16.149+0200] {processor.py:179} INFO - Processing /home/seva/UCU/AutomatedDataPipelines/Homework1/venv/lib/python3.10/site-packages/airflow/example_dags/example_complex.py took 0.079 seconds
[2023-11-30T02:23:59.214+0200] {processor.py:157} INFO - Started process (PID=3613) to work on /home/seva/UCU/AutomatedDataPipelines/Homework1/venv/lib/python3.10/site-packages/airflow/example_dags/example_complex.py
[2023-11-30T02:23:59.216+0200] {processor.py:829} INFO - Processing file /home/seva/UCU/AutomatedDataPipelines/Homework1/venv/lib/python3.10/site-packages/airflow/example_dags/example_complex.py for tasks to queue
[2023-11-30T02:23:59.217+0200] {logging_mixin.py:154} INFO - [2023-11-30T02:23:59.217+0200] {dagbag.py:536} INFO - Filling up the DagBag from /home/seva/UCU/AutomatedDataPipelines/Homework1/venv/lib/python3.10/site-packages/airflow/example_dags/example_complex.py
[2023-11-30T02:23:59.227+0200] {processor.py:839} INFO - DAG(s) dict_keys(['example_complex']) retrieved from /home/seva/UCU/AutomatedDataPipelines/Homework1/venv/lib/python3.10/site-packages/airflow/example_dags/example_complex.py
[2023-11-30T02:23:59.247+0200] {logging_mixin.py:154} INFO - [2023-11-30T02:23:59.247+0200] {dag.py:2941} INFO - Sync 1 DAGs
[2023-11-30T02:23:59.256+0200] {logging_mixin.py:154} INFO - [2023-11-30T02:23:59.255+0200] {dag.py:3722} INFO - Setting next_dagrun for example_complex to None, run_after=None
[2023-11-30T02:23:59.278+0200] {processor.py:179} INFO - Processing /home/seva/UCU/AutomatedDataPipelines/Homework1/venv/lib/python3.10/site-packages/airflow/example_dags/example_complex.py took 0.067 seconds
[2023-11-30T02:24:46.913+0200] {processor.py:157} INFO - Started process (PID=3800) to work on /home/seva/UCU/AutomatedDataPipelines/Homework1/venv/lib/python3.10/site-packages/airflow/example_dags/example_complex.py
[2023-11-30T02:24:46.925+0200] {processor.py:829} INFO - Processing file /home/seva/UCU/AutomatedDataPipelines/Homework1/venv/lib/python3.10/site-packages/airflow/example_dags/example_complex.py for tasks to queue
[2023-11-30T02:24:46.926+0200] {logging_mixin.py:154} INFO - [2023-11-30T02:24:46.926+0200] {dagbag.py:536} INFO - Filling up the DagBag from /home/seva/UCU/AutomatedDataPipelines/Homework1/venv/lib/python3.10/site-packages/airflow/example_dags/example_complex.py
[2023-11-30T02:24:46.936+0200] {processor.py:839} INFO - DAG(s) dict_keys(['example_complex']) retrieved from /home/seva/UCU/AutomatedDataPipelines/Homework1/venv/lib/python3.10/site-packages/airflow/example_dags/example_complex.py
[2023-11-30T02:24:46.956+0200] {logging_mixin.py:154} INFO - [2023-11-30T02:24:46.956+0200] {dag.py:2941} INFO - Sync 1 DAGs
[2023-11-30T02:24:46.965+0200] {logging_mixin.py:154} INFO - [2023-11-30T02:24:46.965+0200] {dag.py:3722} INFO - Setting next_dagrun for example_complex to None, run_after=None
[2023-11-30T02:24:46.991+0200] {processor.py:179} INFO - Processing /home/seva/UCU/AutomatedDataPipelines/Homework1/venv/lib/python3.10/site-packages/airflow/example_dags/example_complex.py took 0.081 seconds
[2023-11-30T02:25:30.061+0200] {processor.py:157} INFO - Started process (PID=3972) to work on /home/seva/UCU/AutomatedDataPipelines/Homework1/venv/lib/python3.10/site-packages/airflow/example_dags/example_complex.py
[2023-11-30T02:25:30.063+0200] {processor.py:829} INFO - Processing file /home/seva/UCU/AutomatedDataPipelines/Homework1/venv/lib/python3.10/site-packages/airflow/example_dags/example_complex.py for tasks to queue
[2023-11-30T02:25:30.064+0200] {logging_mixin.py:154} INFO - [2023-11-30T02:25:30.064+0200] {dagbag.py:536} INFO - Filling up the DagBag from /home/seva/UCU/AutomatedDataPipelines/Homework1/venv/lib/python3.10/site-packages/airflow/example_dags/example_complex.py
[2023-11-30T02:25:30.074+0200] {processor.py:839} INFO - DAG(s) dict_keys(['example_complex']) retrieved from /home/seva/UCU/AutomatedDataPipelines/Homework1/venv/lib/python3.10/site-packages/airflow/example_dags/example_complex.py
[2023-11-30T02:25:30.095+0200] {logging_mixin.py:154} INFO - [2023-11-30T02:25:30.095+0200] {dag.py:2941} INFO - Sync 1 DAGs
[2023-11-30T02:25:30.103+0200] {logging_mixin.py:154} INFO - [2023-11-30T02:25:30.103+0200] {dag.py:3722} INFO - Setting next_dagrun for example_complex to None, run_after=None
[2023-11-30T02:25:30.127+0200] {processor.py:179} INFO - Processing /home/seva/UCU/AutomatedDataPipelines/Homework1/venv/lib/python3.10/site-packages/airflow/example_dags/example_complex.py took 0.069 seconds
[2023-11-30T02:26:11.049+0200] {processor.py:157} INFO - Started process (PID=4134) to work on /home/seva/UCU/AutomatedDataPipelines/Homework1/venv/lib/python3.10/site-packages/airflow/example_dags/example_complex.py
[2023-11-30T02:26:11.061+0200] {processor.py:829} INFO - Processing file /home/seva/UCU/AutomatedDataPipelines/Homework1/venv/lib/python3.10/site-packages/airflow/example_dags/example_complex.py for tasks to queue
[2023-11-30T02:26:11.063+0200] {logging_mixin.py:154} INFO - [2023-11-30T02:26:11.062+0200] {dagbag.py:536} INFO - Filling up the DagBag from /home/seva/UCU/AutomatedDataPipelines/Homework1/venv/lib/python3.10/site-packages/airflow/example_dags/example_complex.py
[2023-11-30T02:26:11.072+0200] {processor.py:839} INFO - DAG(s) dict_keys(['example_complex']) retrieved from /home/seva/UCU/AutomatedDataPipelines/Homework1/venv/lib/python3.10/site-packages/airflow/example_dags/example_complex.py
[2023-11-30T02:26:11.092+0200] {logging_mixin.py:154} INFO - [2023-11-30T02:26:11.092+0200] {dag.py:2941} INFO - Sync 1 DAGs
[2023-11-30T02:26:11.102+0200] {logging_mixin.py:154} INFO - [2023-11-30T02:26:11.102+0200] {dag.py:3722} INFO - Setting next_dagrun for example_complex to None, run_after=None
[2023-11-30T02:26:11.134+0200] {processor.py:179} INFO - Processing /home/seva/UCU/AutomatedDataPipelines/Homework1/venv/lib/python3.10/site-packages/airflow/example_dags/example_complex.py took 0.087 seconds
[2023-11-30T02:26:46.782+0200] {processor.py:157} INFO - Started process (PID=4271) to work on /home/seva/UCU/AutomatedDataPipelines/Homework1/venv/lib/python3.10/site-packages/airflow/example_dags/example_complex.py
[2023-11-30T02:26:46.794+0200] {processor.py:829} INFO - Processing file /home/seva/UCU/AutomatedDataPipelines/Homework1/venv/lib/python3.10/site-packages/airflow/example_dags/example_complex.py for tasks to queue
[2023-11-30T02:26:46.795+0200] {logging_mixin.py:154} INFO - [2023-11-30T02:26:46.795+0200] {dagbag.py:536} INFO - Filling up the DagBag from /home/seva/UCU/AutomatedDataPipelines/Homework1/venv/lib/python3.10/site-packages/airflow/example_dags/example_complex.py
[2023-11-30T02:26:46.805+0200] {processor.py:839} INFO - DAG(s) dict_keys(['example_complex']) retrieved from /home/seva/UCU/AutomatedDataPipelines/Homework1/venv/lib/python3.10/site-packages/airflow/example_dags/example_complex.py
[2023-11-30T02:26:46.826+0200] {logging_mixin.py:154} INFO - [2023-11-30T02:26:46.826+0200] {dag.py:2941} INFO - Sync 1 DAGs
[2023-11-30T02:26:46.835+0200] {logging_mixin.py:154} INFO - [2023-11-30T02:26:46.835+0200] {dag.py:3722} INFO - Setting next_dagrun for example_complex to None, run_after=None
[2023-11-30T02:26:46.874+0200] {processor.py:179} INFO - Processing /home/seva/UCU/AutomatedDataPipelines/Homework1/venv/lib/python3.10/site-packages/airflow/example_dags/example_complex.py took 0.094 seconds
[2023-11-30T02:27:22.029+0200] {processor.py:157} INFO - Started process (PID=4410) to work on /home/seva/UCU/AutomatedDataPipelines/Homework1/venv/lib/python3.10/site-packages/airflow/example_dags/example_complex.py
[2023-11-30T02:27:22.040+0200] {processor.py:829} INFO - Processing file /home/seva/UCU/AutomatedDataPipelines/Homework1/venv/lib/python3.10/site-packages/airflow/example_dags/example_complex.py for tasks to queue
[2023-11-30T02:27:22.041+0200] {logging_mixin.py:154} INFO - [2023-11-30T02:27:22.041+0200] {dagbag.py:536} INFO - Filling up the DagBag from /home/seva/UCU/AutomatedDataPipelines/Homework1/venv/lib/python3.10/site-packages/airflow/example_dags/example_complex.py
[2023-11-30T02:27:22.051+0200] {processor.py:839} INFO - DAG(s) dict_keys(['example_complex']) retrieved from /home/seva/UCU/AutomatedDataPipelines/Homework1/venv/lib/python3.10/site-packages/airflow/example_dags/example_complex.py
[2023-11-30T02:27:22.072+0200] {logging_mixin.py:154} INFO - [2023-11-30T02:27:22.072+0200] {dag.py:2941} INFO - Sync 1 DAGs
[2023-11-30T02:27:22.081+0200] {logging_mixin.py:154} INFO - [2023-11-30T02:27:22.081+0200] {dag.py:3722} INFO - Setting next_dagrun for example_complex to None, run_after=None
[2023-11-30T02:27:22.105+0200] {processor.py:179} INFO - Processing /home/seva/UCU/AutomatedDataPipelines/Homework1/venv/lib/python3.10/site-packages/airflow/example_dags/example_complex.py took 0.079 seconds
[2023-11-30T02:28:09.129+0200] {processor.py:157} INFO - Started process (PID=4596) to work on /home/seva/UCU/AutomatedDataPipelines/Homework1/venv/lib/python3.10/site-packages/airflow/example_dags/example_complex.py
[2023-11-30T02:28:09.141+0200] {processor.py:829} INFO - Processing file /home/seva/UCU/AutomatedDataPipelines/Homework1/venv/lib/python3.10/site-packages/airflow/example_dags/example_complex.py for tasks to queue
[2023-11-30T02:28:09.142+0200] {logging_mixin.py:154} INFO - [2023-11-30T02:28:09.142+0200] {dagbag.py:536} INFO - Filling up the DagBag from /home/seva/UCU/AutomatedDataPipelines/Homework1/venv/lib/python3.10/site-packages/airflow/example_dags/example_complex.py
[2023-11-30T02:28:09.152+0200] {processor.py:839} INFO - DAG(s) dict_keys(['example_complex']) retrieved from /home/seva/UCU/AutomatedDataPipelines/Homework1/venv/lib/python3.10/site-packages/airflow/example_dags/example_complex.py
[2023-11-30T02:28:09.173+0200] {logging_mixin.py:154} INFO - [2023-11-30T02:28:09.173+0200] {dag.py:2941} INFO - Sync 1 DAGs
[2023-11-30T02:28:09.182+0200] {logging_mixin.py:154} INFO - [2023-11-30T02:28:09.182+0200] {dag.py:3722} INFO - Setting next_dagrun for example_complex to None, run_after=None
[2023-11-30T02:28:09.207+0200] {processor.py:179} INFO - Processing /home/seva/UCU/AutomatedDataPipelines/Homework1/venv/lib/python3.10/site-packages/airflow/example_dags/example_complex.py took 0.082 seconds
[2023-11-30T02:28:52.649+0200] {processor.py:157} INFO - Started process (PID=4767) to work on /home/seva/UCU/AutomatedDataPipelines/Homework1/venv/lib/python3.10/site-packages/airflow/example_dags/example_complex.py
[2023-11-30T02:28:52.651+0200] {processor.py:829} INFO - Processing file /home/seva/UCU/AutomatedDataPipelines/Homework1/venv/lib/python3.10/site-packages/airflow/example_dags/example_complex.py for tasks to queue
[2023-11-30T02:28:52.652+0200] {logging_mixin.py:154} INFO - [2023-11-30T02:28:52.651+0200] {dagbag.py:536} INFO - Filling up the DagBag from /home/seva/UCU/AutomatedDataPipelines/Homework1/venv/lib/python3.10/site-packages/airflow/example_dags/example_complex.py
[2023-11-30T02:28:52.661+0200] {processor.py:839} INFO - DAG(s) dict_keys(['example_complex']) retrieved from /home/seva/UCU/AutomatedDataPipelines/Homework1/venv/lib/python3.10/site-packages/airflow/example_dags/example_complex.py
[2023-11-30T02:28:52.682+0200] {logging_mixin.py:154} INFO - [2023-11-30T02:28:52.682+0200] {dag.py:2941} INFO - Sync 1 DAGs
[2023-11-30T02:28:52.692+0200] {logging_mixin.py:154} INFO - [2023-11-30T02:28:52.692+0200] {dag.py:3722} INFO - Setting next_dagrun for example_complex to None, run_after=None
[2023-11-30T02:28:52.716+0200] {processor.py:179} INFO - Processing /home/seva/UCU/AutomatedDataPipelines/Homework1/venv/lib/python3.10/site-packages/airflow/example_dags/example_complex.py took 0.071 seconds
[2023-11-30T02:29:37.002+0200] {processor.py:157} INFO - Started process (PID=4944) to work on /home/seva/UCU/AutomatedDataPipelines/Homework1/venv/lib/python3.10/site-packages/airflow/example_dags/example_complex.py
[2023-11-30T02:29:37.014+0200] {processor.py:829} INFO - Processing file /home/seva/UCU/AutomatedDataPipelines/Homework1/venv/lib/python3.10/site-packages/airflow/example_dags/example_complex.py for tasks to queue
[2023-11-30T02:29:37.015+0200] {logging_mixin.py:154} INFO - [2023-11-30T02:29:37.015+0200] {dagbag.py:536} INFO - Filling up the DagBag from /home/seva/UCU/AutomatedDataPipelines/Homework1/venv/lib/python3.10/site-packages/airflow/example_dags/example_complex.py
[2023-11-30T02:29:37.025+0200] {processor.py:839} INFO - DAG(s) dict_keys(['example_complex']) retrieved from /home/seva/UCU/AutomatedDataPipelines/Homework1/venv/lib/python3.10/site-packages/airflow/example_dags/example_complex.py
[2023-11-30T02:29:37.047+0200] {logging_mixin.py:154} INFO - [2023-11-30T02:29:37.047+0200] {dag.py:2941} INFO - Sync 1 DAGs
[2023-11-30T02:29:37.056+0200] {logging_mixin.py:154} INFO - [2023-11-30T02:29:37.056+0200] {dag.py:3722} INFO - Setting next_dagrun for example_complex to None, run_after=None
[2023-11-30T02:29:37.084+0200] {processor.py:179} INFO - Processing /home/seva/UCU/AutomatedDataPipelines/Homework1/venv/lib/python3.10/site-packages/airflow/example_dags/example_complex.py took 0.084 seconds
[2023-11-30T02:30:23.972+0200] {processor.py:157} INFO - Started process (PID=5129) to work on /home/seva/UCU/AutomatedDataPipelines/Homework1/venv/lib/python3.10/site-packages/airflow/example_dags/example_complex.py
[2023-11-30T02:30:23.974+0200] {processor.py:829} INFO - Processing file /home/seva/UCU/AutomatedDataPipelines/Homework1/venv/lib/python3.10/site-packages/airflow/example_dags/example_complex.py for tasks to queue
[2023-11-30T02:30:23.975+0200] {logging_mixin.py:154} INFO - [2023-11-30T02:30:23.975+0200] {dagbag.py:536} INFO - Filling up the DagBag from /home/seva/UCU/AutomatedDataPipelines/Homework1/venv/lib/python3.10/site-packages/airflow/example_dags/example_complex.py
[2023-11-30T02:30:23.984+0200] {processor.py:839} INFO - DAG(s) dict_keys(['example_complex']) retrieved from /home/seva/UCU/AutomatedDataPipelines/Homework1/venv/lib/python3.10/site-packages/airflow/example_dags/example_complex.py
[2023-11-30T02:30:24.005+0200] {logging_mixin.py:154} INFO - [2023-11-30T02:30:24.005+0200] {dag.py:2941} INFO - Sync 1 DAGs
[2023-11-30T02:30:24.015+0200] {logging_mixin.py:154} INFO - [2023-11-30T02:30:24.015+0200] {dag.py:3722} INFO - Setting next_dagrun for example_complex to None, run_after=None
[2023-11-30T02:30:24.040+0200] {processor.py:179} INFO - Processing /home/seva/UCU/AutomatedDataPipelines/Homework1/venv/lib/python3.10/site-packages/airflow/example_dags/example_complex.py took 0.070 seconds
[2023-11-30T02:31:09.388+0200] {processor.py:157} INFO - Started process (PID=5308) to work on /home/seva/UCU/AutomatedDataPipelines/Homework1/venv/lib/python3.10/site-packages/airflow/example_dags/example_complex.py
[2023-11-30T02:31:09.400+0200] {processor.py:829} INFO - Processing file /home/seva/UCU/AutomatedDataPipelines/Homework1/venv/lib/python3.10/site-packages/airflow/example_dags/example_complex.py for tasks to queue
[2023-11-30T02:31:09.401+0200] {logging_mixin.py:154} INFO - [2023-11-30T02:31:09.401+0200] {dagbag.py:536} INFO - Filling up the DagBag from /home/seva/UCU/AutomatedDataPipelines/Homework1/venv/lib/python3.10/site-packages/airflow/example_dags/example_complex.py
[2023-11-30T02:31:09.411+0200] {processor.py:839} INFO - DAG(s) dict_keys(['example_complex']) retrieved from /home/seva/UCU/AutomatedDataPipelines/Homework1/venv/lib/python3.10/site-packages/airflow/example_dags/example_complex.py
[2023-11-30T02:31:09.432+0200] {logging_mixin.py:154} INFO - [2023-11-30T02:31:09.432+0200] {dag.py:2941} INFO - Sync 1 DAGs
[2023-11-30T02:31:09.441+0200] {logging_mixin.py:154} INFO - [2023-11-30T02:31:09.440+0200] {dag.py:3722} INFO - Setting next_dagrun for example_complex to None, run_after=None
[2023-11-30T02:31:09.471+0200] {processor.py:179} INFO - Processing /home/seva/UCU/AutomatedDataPipelines/Homework1/venv/lib/python3.10/site-packages/airflow/example_dags/example_complex.py took 0.086 seconds
[2023-11-30T02:31:52.614+0200] {processor.py:157} INFO - Started process (PID=5480) to work on /home/seva/UCU/AutomatedDataPipelines/Homework1/venv/lib/python3.10/site-packages/airflow/example_dags/example_complex.py
[2023-11-30T02:31:52.616+0200] {processor.py:829} INFO - Processing file /home/seva/UCU/AutomatedDataPipelines/Homework1/venv/lib/python3.10/site-packages/airflow/example_dags/example_complex.py for tasks to queue
[2023-11-30T02:31:52.617+0200] {logging_mixin.py:154} INFO - [2023-11-30T02:31:52.617+0200] {dagbag.py:536} INFO - Filling up the DagBag from /home/seva/UCU/AutomatedDataPipelines/Homework1/venv/lib/python3.10/site-packages/airflow/example_dags/example_complex.py
[2023-11-30T02:31:52.627+0200] {processor.py:839} INFO - DAG(s) dict_keys(['example_complex']) retrieved from /home/seva/UCU/AutomatedDataPipelines/Homework1/venv/lib/python3.10/site-packages/airflow/example_dags/example_complex.py
[2023-11-30T02:31:52.648+0200] {logging_mixin.py:154} INFO - [2023-11-30T02:31:52.648+0200] {dag.py:2941} INFO - Sync 1 DAGs
[2023-11-30T02:31:52.658+0200] {logging_mixin.py:154} INFO - [2023-11-30T02:31:52.657+0200] {dag.py:3722} INFO - Setting next_dagrun for example_complex to None, run_after=None
[2023-11-30T02:31:52.682+0200] {processor.py:179} INFO - Processing /home/seva/UCU/AutomatedDataPipelines/Homework1/venv/lib/python3.10/site-packages/airflow/example_dags/example_complex.py took 0.071 seconds
[2023-11-30T02:32:38.047+0200] {processor.py:157} INFO - Started process (PID=5688) to work on /home/seva/UCU/AutomatedDataPipelines/Homework1/venv/lib/python3.10/site-packages/airflow/example_dags/example_complex.py
[2023-11-30T02:32:38.049+0200] {processor.py:829} INFO - Processing file /home/seva/UCU/AutomatedDataPipelines/Homework1/venv/lib/python3.10/site-packages/airflow/example_dags/example_complex.py for tasks to queue
[2023-11-30T02:32:38.050+0200] {logging_mixin.py:154} INFO - [2023-11-30T02:32:38.049+0200] {dagbag.py:536} INFO - Filling up the DagBag from /home/seva/UCU/AutomatedDataPipelines/Homework1/venv/lib/python3.10/site-packages/airflow/example_dags/example_complex.py
[2023-11-30T02:32:38.058+0200] {processor.py:839} INFO - DAG(s) dict_keys(['example_complex']) retrieved from /home/seva/UCU/AutomatedDataPipelines/Homework1/venv/lib/python3.10/site-packages/airflow/example_dags/example_complex.py
[2023-11-30T02:32:38.080+0200] {logging_mixin.py:154} INFO - [2023-11-30T02:32:38.079+0200] {dag.py:2941} INFO - Sync 1 DAGs
[2023-11-30T02:32:38.089+0200] {logging_mixin.py:154} INFO - [2023-11-30T02:32:38.089+0200] {dag.py:3722} INFO - Setting next_dagrun for example_complex to None, run_after=None
[2023-11-30T02:32:38.113+0200] {processor.py:179} INFO - Processing /home/seva/UCU/AutomatedDataPipelines/Homework1/venv/lib/python3.10/site-packages/airflow/example_dags/example_complex.py took 0.068 seconds
[2023-11-30T02:33:24.544+0200] {processor.py:157} INFO - Started process (PID=5868) to work on /home/seva/UCU/AutomatedDataPipelines/Homework1/venv/lib/python3.10/site-packages/airflow/example_dags/example_complex.py
[2023-11-30T02:33:24.555+0200] {processor.py:829} INFO - Processing file /home/seva/UCU/AutomatedDataPipelines/Homework1/venv/lib/python3.10/site-packages/airflow/example_dags/example_complex.py for tasks to queue
[2023-11-30T02:33:24.556+0200] {logging_mixin.py:154} INFO - [2023-11-30T02:33:24.556+0200] {dagbag.py:536} INFO - Filling up the DagBag from /home/seva/UCU/AutomatedDataPipelines/Homework1/venv/lib/python3.10/site-packages/airflow/example_dags/example_complex.py
[2023-11-30T02:33:24.566+0200] {processor.py:839} INFO - DAG(s) dict_keys(['example_complex']) retrieved from /home/seva/UCU/AutomatedDataPipelines/Homework1/venv/lib/python3.10/site-packages/airflow/example_dags/example_complex.py
[2023-11-30T02:33:24.587+0200] {logging_mixin.py:154} INFO - [2023-11-30T02:33:24.586+0200] {dag.py:2941} INFO - Sync 1 DAGs
[2023-11-30T02:33:24.596+0200] {logging_mixin.py:154} INFO - [2023-11-30T02:33:24.596+0200] {dag.py:3722} INFO - Setting next_dagrun for example_complex to None, run_after=None
[2023-11-30T02:33:24.627+0200] {processor.py:179} INFO - Processing /home/seva/UCU/AutomatedDataPipelines/Homework1/venv/lib/python3.10/site-packages/airflow/example_dags/example_complex.py took 0.087 seconds
[2023-11-30T02:34:11.211+0200] {processor.py:157} INFO - Started process (PID=6057) to work on /home/seva/UCU/AutomatedDataPipelines/Homework1/venv/lib/python3.10/site-packages/airflow/example_dags/example_complex.py
[2023-11-30T02:34:11.213+0200] {processor.py:829} INFO - Processing file /home/seva/UCU/AutomatedDataPipelines/Homework1/venv/lib/python3.10/site-packages/airflow/example_dags/example_complex.py for tasks to queue
[2023-11-30T02:34:11.214+0200] {logging_mixin.py:154} INFO - [2023-11-30T02:34:11.213+0200] {dagbag.py:536} INFO - Filling up the DagBag from /home/seva/UCU/AutomatedDataPipelines/Homework1/venv/lib/python3.10/site-packages/airflow/example_dags/example_complex.py
[2023-11-30T02:34:11.223+0200] {processor.py:839} INFO - DAG(s) dict_keys(['example_complex']) retrieved from /home/seva/UCU/AutomatedDataPipelines/Homework1/venv/lib/python3.10/site-packages/airflow/example_dags/example_complex.py
[2023-11-30T02:34:11.252+0200] {logging_mixin.py:154} INFO - [2023-11-30T02:34:11.251+0200] {dag.py:2941} INFO - Sync 1 DAGs
[2023-11-30T02:34:11.264+0200] {logging_mixin.py:154} INFO - [2023-11-30T02:34:11.263+0200] {dag.py:3722} INFO - Setting next_dagrun for example_complex to None, run_after=None
[2023-11-30T02:34:11.290+0200] {processor.py:179} INFO - Processing /home/seva/UCU/AutomatedDataPipelines/Homework1/venv/lib/python3.10/site-packages/airflow/example_dags/example_complex.py took 0.082 seconds
[2023-11-30T02:34:47.243+0200] {processor.py:157} INFO - Started process (PID=6199) to work on /home/seva/UCU/AutomatedDataPipelines/Homework1/venv/lib/python3.10/site-packages/airflow/example_dags/example_complex.py
[2023-11-30T02:34:47.255+0200] {processor.py:829} INFO - Processing file /home/seva/UCU/AutomatedDataPipelines/Homework1/venv/lib/python3.10/site-packages/airflow/example_dags/example_complex.py for tasks to queue
[2023-11-30T02:34:47.256+0200] {logging_mixin.py:154} INFO - [2023-11-30T02:34:47.255+0200] {dagbag.py:536} INFO - Filling up the DagBag from /home/seva/UCU/AutomatedDataPipelines/Homework1/venv/lib/python3.10/site-packages/airflow/example_dags/example_complex.py
[2023-11-30T02:34:47.265+0200] {processor.py:839} INFO - DAG(s) dict_keys(['example_complex']) retrieved from /home/seva/UCU/AutomatedDataPipelines/Homework1/venv/lib/python3.10/site-packages/airflow/example_dags/example_complex.py
[2023-11-30T02:34:47.285+0200] {logging_mixin.py:154} INFO - [2023-11-30T02:34:47.285+0200] {dag.py:2941} INFO - Sync 1 DAGs
[2023-11-30T02:34:47.294+0200] {logging_mixin.py:154} INFO - [2023-11-30T02:34:47.294+0200] {dag.py:3722} INFO - Setting next_dagrun for example_complex to None, run_after=None
[2023-11-30T02:34:47.320+0200] {processor.py:179} INFO - Processing /home/seva/UCU/AutomatedDataPipelines/Homework1/venv/lib/python3.10/site-packages/airflow/example_dags/example_complex.py took 0.080 seconds
[2023-11-30T02:35:32.510+0200] {processor.py:157} INFO - Started process (PID=6380) to work on /home/seva/UCU/AutomatedDataPipelines/Homework1/venv/lib/python3.10/site-packages/airflow/example_dags/example_complex.py
[2023-11-30T02:35:32.517+0200] {processor.py:829} INFO - Processing file /home/seva/UCU/AutomatedDataPipelines/Homework1/venv/lib/python3.10/site-packages/airflow/example_dags/example_complex.py for tasks to queue
[2023-11-30T02:35:32.518+0200] {logging_mixin.py:154} INFO - [2023-11-30T02:35:32.518+0200] {dagbag.py:536} INFO - Filling up the DagBag from /home/seva/UCU/AutomatedDataPipelines/Homework1/venv/lib/python3.10/site-packages/airflow/example_dags/example_complex.py
[2023-11-30T02:35:32.529+0200] {processor.py:839} INFO - DAG(s) dict_keys(['example_complex']) retrieved from /home/seva/UCU/AutomatedDataPipelines/Homework1/venv/lib/python3.10/site-packages/airflow/example_dags/example_complex.py
[2023-11-30T02:35:32.549+0200] {logging_mixin.py:154} INFO - [2023-11-30T02:35:32.549+0200] {dag.py:2941} INFO - Sync 1 DAGs
[2023-11-30T02:35:32.559+0200] {logging_mixin.py:154} INFO - [2023-11-30T02:35:32.559+0200] {dag.py:3722} INFO - Setting next_dagrun for example_complex to None, run_after=None
[2023-11-30T02:35:32.583+0200] {processor.py:179} INFO - Processing /home/seva/UCU/AutomatedDataPipelines/Homework1/venv/lib/python3.10/site-packages/airflow/example_dags/example_complex.py took 0.076 seconds
[2023-11-30T02:36:18.010+0200] {processor.py:157} INFO - Started process (PID=6563) to work on /home/seva/UCU/AutomatedDataPipelines/Homework1/venv/lib/python3.10/site-packages/airflow/example_dags/example_complex.py
[2023-11-30T02:36:18.022+0200] {processor.py:829} INFO - Processing file /home/seva/UCU/AutomatedDataPipelines/Homework1/venv/lib/python3.10/site-packages/airflow/example_dags/example_complex.py for tasks to queue
[2023-11-30T02:36:18.023+0200] {logging_mixin.py:154} INFO - [2023-11-30T02:36:18.022+0200] {dagbag.py:536} INFO - Filling up the DagBag from /home/seva/UCU/AutomatedDataPipelines/Homework1/venv/lib/python3.10/site-packages/airflow/example_dags/example_complex.py
[2023-11-30T02:36:18.033+0200] {processor.py:839} INFO - DAG(s) dict_keys(['example_complex']) retrieved from /home/seva/UCU/AutomatedDataPipelines/Homework1/venv/lib/python3.10/site-packages/airflow/example_dags/example_complex.py
[2023-11-30T02:36:18.055+0200] {logging_mixin.py:154} INFO - [2023-11-30T02:36:18.055+0200] {dag.py:2941} INFO - Sync 1 DAGs
[2023-11-30T02:36:18.065+0200] {logging_mixin.py:154} INFO - [2023-11-30T02:36:18.064+0200] {dag.py:3722} INFO - Setting next_dagrun for example_complex to None, run_after=None
[2023-11-30T02:36:18.089+0200] {processor.py:179} INFO - Processing /home/seva/UCU/AutomatedDataPipelines/Homework1/venv/lib/python3.10/site-packages/airflow/example_dags/example_complex.py took 0.083 seconds
[2023-11-30T02:37:06.007+0200] {processor.py:157} INFO - Started process (PID=6752) to work on /home/seva/UCU/AutomatedDataPipelines/Homework1/venv/lib/python3.10/site-packages/airflow/example_dags/example_complex.py
[2023-11-30T02:37:06.009+0200] {processor.py:829} INFO - Processing file /home/seva/UCU/AutomatedDataPipelines/Homework1/venv/lib/python3.10/site-packages/airflow/example_dags/example_complex.py for tasks to queue
[2023-11-30T02:37:06.011+0200] {logging_mixin.py:154} INFO - [2023-11-30T02:37:06.011+0200] {dagbag.py:536} INFO - Filling up the DagBag from /home/seva/UCU/AutomatedDataPipelines/Homework1/venv/lib/python3.10/site-packages/airflow/example_dags/example_complex.py
[2023-11-30T02:37:06.022+0200] {processor.py:839} INFO - DAG(s) dict_keys(['example_complex']) retrieved from /home/seva/UCU/AutomatedDataPipelines/Homework1/venv/lib/python3.10/site-packages/airflow/example_dags/example_complex.py
[2023-11-30T02:37:06.048+0200] {logging_mixin.py:154} INFO - [2023-11-30T02:37:06.048+0200] {dag.py:2941} INFO - Sync 1 DAGs
[2023-11-30T02:37:06.059+0200] {logging_mixin.py:154} INFO - [2023-11-30T02:37:06.059+0200] {dag.py:3722} INFO - Setting next_dagrun for example_complex to None, run_after=None
[2023-11-30T02:37:06.086+0200] {processor.py:179} INFO - Processing /home/seva/UCU/AutomatedDataPipelines/Homework1/venv/lib/python3.10/site-packages/airflow/example_dags/example_complex.py took 0.082 seconds
[2023-11-30T02:37:56.927+0200] {processor.py:157} INFO - Started process (PID=6948) to work on /home/seva/UCU/AutomatedDataPipelines/Homework1/venv/lib/python3.10/site-packages/airflow/example_dags/example_complex.py
[2023-11-30T02:37:56.929+0200] {processor.py:829} INFO - Processing file /home/seva/UCU/AutomatedDataPipelines/Homework1/venv/lib/python3.10/site-packages/airflow/example_dags/example_complex.py for tasks to queue
[2023-11-30T02:37:56.930+0200] {logging_mixin.py:154} INFO - [2023-11-30T02:37:56.930+0200] {dagbag.py:536} INFO - Filling up the DagBag from /home/seva/UCU/AutomatedDataPipelines/Homework1/venv/lib/python3.10/site-packages/airflow/example_dags/example_complex.py
[2023-11-30T02:37:56.942+0200] {processor.py:839} INFO - DAG(s) dict_keys(['example_complex']) retrieved from /home/seva/UCU/AutomatedDataPipelines/Homework1/venv/lib/python3.10/site-packages/airflow/example_dags/example_complex.py
[2023-11-30T02:37:56.968+0200] {logging_mixin.py:154} INFO - [2023-11-30T02:37:56.968+0200] {dag.py:2941} INFO - Sync 1 DAGs
[2023-11-30T02:37:56.980+0200] {logging_mixin.py:154} INFO - [2023-11-30T02:37:56.980+0200] {dag.py:3722} INFO - Setting next_dagrun for example_complex to None, run_after=None
[2023-11-30T02:37:57.002+0200] {processor.py:179} INFO - Processing /home/seva/UCU/AutomatedDataPipelines/Homework1/venv/lib/python3.10/site-packages/airflow/example_dags/example_complex.py took 0.078 seconds
[2023-11-30T02:38:32.322+0200] {processor.py:157} INFO - Started process (PID=7217) to work on /home/seva/UCU/AutomatedDataPipelines/Homework1/venv/lib/python3.10/site-packages/airflow/example_dags/example_complex.py
[2023-11-30T02:38:32.325+0200] {processor.py:829} INFO - Processing file /home/seva/UCU/AutomatedDataPipelines/Homework1/venv/lib/python3.10/site-packages/airflow/example_dags/example_complex.py for tasks to queue
[2023-11-30T02:38:32.326+0200] {logging_mixin.py:154} INFO - [2023-11-30T02:38:32.326+0200] {dagbag.py:536} INFO - Filling up the DagBag from /home/seva/UCU/AutomatedDataPipelines/Homework1/venv/lib/python3.10/site-packages/airflow/example_dags/example_complex.py
[2023-11-30T02:38:32.336+0200] {processor.py:839} INFO - DAG(s) dict_keys(['example_complex']) retrieved from /home/seva/UCU/AutomatedDataPipelines/Homework1/venv/lib/python3.10/site-packages/airflow/example_dags/example_complex.py
[2023-11-30T02:38:32.363+0200] {logging_mixin.py:154} INFO - [2023-11-30T02:38:32.363+0200] {dag.py:2941} INFO - Sync 1 DAGs
[2023-11-30T02:38:32.376+0200] {logging_mixin.py:154} INFO - [2023-11-30T02:38:32.376+0200] {dag.py:3722} INFO - Setting next_dagrun for example_complex to None, run_after=None
[2023-11-30T02:38:32.405+0200] {processor.py:179} INFO - Processing /home/seva/UCU/AutomatedDataPipelines/Homework1/venv/lib/python3.10/site-packages/airflow/example_dags/example_complex.py took 0.086 seconds
[2023-11-30T02:39:08.412+0200] {processor.py:157} INFO - Started process (PID=7467) to work on /home/seva/UCU/AutomatedDataPipelines/Homework1/venv/lib/python3.10/site-packages/airflow/example_dags/example_complex.py
[2023-11-30T02:39:08.425+0200] {processor.py:829} INFO - Processing file /home/seva/UCU/AutomatedDataPipelines/Homework1/venv/lib/python3.10/site-packages/airflow/example_dags/example_complex.py for tasks to queue
[2023-11-30T02:39:08.426+0200] {logging_mixin.py:154} INFO - [2023-11-30T02:39:08.426+0200] {dagbag.py:536} INFO - Filling up the DagBag from /home/seva/UCU/AutomatedDataPipelines/Homework1/venv/lib/python3.10/site-packages/airflow/example_dags/example_complex.py
[2023-11-30T02:39:08.439+0200] {processor.py:839} INFO - DAG(s) dict_keys(['example_complex']) retrieved from /home/seva/UCU/AutomatedDataPipelines/Homework1/venv/lib/python3.10/site-packages/airflow/example_dags/example_complex.py
[2023-11-30T02:39:08.462+0200] {logging_mixin.py:154} INFO - [2023-11-30T02:39:08.462+0200] {dag.py:2941} INFO - Sync 1 DAGs
[2023-11-30T02:39:08.473+0200] {logging_mixin.py:154} INFO - [2023-11-30T02:39:08.473+0200] {dag.py:3722} INFO - Setting next_dagrun for example_complex to None, run_after=None
[2023-11-30T02:39:08.500+0200] {processor.py:179} INFO - Processing /home/seva/UCU/AutomatedDataPipelines/Homework1/venv/lib/python3.10/site-packages/airflow/example_dags/example_complex.py took 0.093 seconds
