[2023-11-30T02:13:32.910+0200] {processor.py:157} INFO - Started process (PID=1197) to work on /home/seva/UCU/AutomatedDataPipelines/Homework1/venv/lib/python3.10/site-packages/airflow/example_dags/example_sla_dag.py
[2023-11-30T02:13:32.911+0200] {processor.py:829} INFO - Processing file /home/seva/UCU/AutomatedDataPipelines/Homework1/venv/lib/python3.10/site-packages/airflow/example_dags/example_sla_dag.py for tasks to queue
[2023-11-30T02:13:32.912+0200] {logging_mixin.py:154} INFO - [2023-11-30T02:13:32.911+0200] {dagbag.py:536} INFO - Filling up the DagBag from /home/seva/UCU/AutomatedDataPipelines/Homework1/venv/lib/python3.10/site-packages/airflow/example_dags/example_sla_dag.py
[2023-11-30T02:13:32.922+0200] {processor.py:839} INFO - DAG(s) dict_keys(['example_sla_dag']) retrieved from /home/seva/UCU/AutomatedDataPipelines/Homework1/venv/lib/python3.10/site-packages/airflow/example_dags/example_sla_dag.py
[2023-11-30T02:13:33.038+0200] {logging_mixin.py:154} INFO - [2023-11-30T02:13:33.038+0200] {manager.py:499} INFO - Created Permission View: %s
[2023-11-30T02:13:33.056+0200] {logging_mixin.py:154} INFO - [2023-11-30T02:13:33.056+0200] {manager.py:499} INFO - Created Permission View: %s
[2023-11-30T02:13:33.071+0200] {logging_mixin.py:154} INFO - [2023-11-30T02:13:33.071+0200] {manager.py:499} INFO - Created Permission View: %s
[2023-11-30T02:13:33.072+0200] {logging_mixin.py:154} INFO - [2023-11-30T02:13:33.072+0200] {dag.py:2941} INFO - Sync 1 DAGs
[2023-11-30T02:13:33.081+0200] {logging_mixin.py:154} INFO - [2023-11-30T02:13:33.081+0200] {dag.py:2963} INFO - Creating ORM DAG for example_sla_dag
[2023-11-30T02:13:33.091+0200] {logging_mixin.py:154} INFO - [2023-11-30T02:13:33.090+0200] {dag.py:3722} INFO - Setting next_dagrun for example_sla_dag to 2023-11-30T00:10:00+00:00, run_after=2023-11-30T00:12:00+00:00
[2023-11-30T02:13:33.116+0200] {processor.py:179} INFO - Processing /home/seva/UCU/AutomatedDataPipelines/Homework1/venv/lib/python3.10/site-packages/airflow/example_dags/example_sla_dag.py took 0.209 seconds
[2023-11-30T02:14:21.804+0200] {processor.py:157} INFO - Started process (PID=1341) to work on /home/seva/UCU/AutomatedDataPipelines/Homework1/venv/lib/python3.10/site-packages/airflow/example_dags/example_sla_dag.py
[2023-11-30T02:14:21.806+0200] {processor.py:829} INFO - Processing file /home/seva/UCU/AutomatedDataPipelines/Homework1/venv/lib/python3.10/site-packages/airflow/example_dags/example_sla_dag.py for tasks to queue
[2023-11-30T02:14:21.807+0200] {logging_mixin.py:154} INFO - [2023-11-30T02:14:21.807+0200] {dagbag.py:536} INFO - Filling up the DagBag from /home/seva/UCU/AutomatedDataPipelines/Homework1/venv/lib/python3.10/site-packages/airflow/example_dags/example_sla_dag.py
[2023-11-30T02:14:21.815+0200] {processor.py:839} INFO - DAG(s) dict_keys(['example_sla_dag']) retrieved from /home/seva/UCU/AutomatedDataPipelines/Homework1/venv/lib/python3.10/site-packages/airflow/example_dags/example_sla_dag.py
[2023-11-30T02:14:21.828+0200] {logging_mixin.py:154} INFO - [2023-11-30T02:14:21.828+0200] {dag.py:2941} INFO - Sync 1 DAGs
[2023-11-30T02:14:21.847+0200] {logging_mixin.py:154} INFO - [2023-11-30T02:14:21.846+0200] {dag.py:3722} INFO - Setting next_dagrun for example_sla_dag to 2023-11-30T00:12:00+00:00, run_after=2023-11-30T00:14:00+00:00
[2023-11-30T02:14:21.872+0200] {processor.py:179} INFO - Processing /home/seva/UCU/AutomatedDataPipelines/Homework1/venv/lib/python3.10/site-packages/airflow/example_dags/example_sla_dag.py took 0.072 seconds
[2023-11-30T02:15:08.149+0200] {processor.py:157} INFO - Started process (PID=1503) to work on /home/seva/UCU/AutomatedDataPipelines/Homework1/venv/lib/python3.10/site-packages/airflow/example_dags/example_sla_dag.py
[2023-11-30T02:15:08.161+0200] {processor.py:829} INFO - Processing file /home/seva/UCU/AutomatedDataPipelines/Homework1/venv/lib/python3.10/site-packages/airflow/example_dags/example_sla_dag.py for tasks to queue
[2023-11-30T02:15:08.162+0200] {logging_mixin.py:154} INFO - [2023-11-30T02:15:08.161+0200] {dagbag.py:536} INFO - Filling up the DagBag from /home/seva/UCU/AutomatedDataPipelines/Homework1/venv/lib/python3.10/site-packages/airflow/example_dags/example_sla_dag.py
[2023-11-30T02:15:08.169+0200] {processor.py:839} INFO - DAG(s) dict_keys(['example_sla_dag']) retrieved from /home/seva/UCU/AutomatedDataPipelines/Homework1/venv/lib/python3.10/site-packages/airflow/example_dags/example_sla_dag.py
[2023-11-30T02:15:08.182+0200] {logging_mixin.py:154} INFO - [2023-11-30T02:15:08.182+0200] {dag.py:2941} INFO - Sync 1 DAGs
[2023-11-30T02:15:08.200+0200] {logging_mixin.py:154} INFO - [2023-11-30T02:15:08.200+0200] {dag.py:3722} INFO - Setting next_dagrun for example_sla_dag to 2023-11-30T00:12:00+00:00, run_after=2023-11-30T00:14:00+00:00
[2023-11-30T02:15:08.238+0200] {processor.py:179} INFO - Processing /home/seva/UCU/AutomatedDataPipelines/Homework1/venv/lib/python3.10/site-packages/airflow/example_dags/example_sla_dag.py took 0.092 seconds
[2023-11-30T02:15:51.665+0200] {processor.py:157} INFO - Started process (PID=1675) to work on /home/seva/UCU/AutomatedDataPipelines/Homework1/venv/lib/python3.10/site-packages/airflow/example_dags/example_sla_dag.py
[2023-11-30T02:15:51.677+0200] {processor.py:829} INFO - Processing file /home/seva/UCU/AutomatedDataPipelines/Homework1/venv/lib/python3.10/site-packages/airflow/example_dags/example_sla_dag.py for tasks to queue
[2023-11-30T02:15:51.678+0200] {logging_mixin.py:154} INFO - [2023-11-30T02:15:51.677+0200] {dagbag.py:536} INFO - Filling up the DagBag from /home/seva/UCU/AutomatedDataPipelines/Homework1/venv/lib/python3.10/site-packages/airflow/example_dags/example_sla_dag.py
[2023-11-30T02:15:51.686+0200] {processor.py:839} INFO - DAG(s) dict_keys(['example_sla_dag']) retrieved from /home/seva/UCU/AutomatedDataPipelines/Homework1/venv/lib/python3.10/site-packages/airflow/example_dags/example_sla_dag.py
[2023-11-30T02:15:51.699+0200] {logging_mixin.py:154} INFO - [2023-11-30T02:15:51.699+0200] {dag.py:2941} INFO - Sync 1 DAGs
[2023-11-30T02:15:51.717+0200] {logging_mixin.py:154} INFO - [2023-11-30T02:15:51.717+0200] {dag.py:3722} INFO - Setting next_dagrun for example_sla_dag to 2023-11-30T00:12:00+00:00, run_after=2023-11-30T00:14:00+00:00
[2023-11-30T02:15:51.740+0200] {processor.py:179} INFO - Processing /home/seva/UCU/AutomatedDataPipelines/Homework1/venv/lib/python3.10/site-packages/airflow/example_dags/example_sla_dag.py took 0.078 seconds
[2023-11-30T02:16:39.917+0200] {processor.py:157} INFO - Started process (PID=1864) to work on /home/seva/UCU/AutomatedDataPipelines/Homework1/venv/lib/python3.10/site-packages/airflow/example_dags/example_sla_dag.py
[2023-11-30T02:16:39.919+0200] {processor.py:829} INFO - Processing file /home/seva/UCU/AutomatedDataPipelines/Homework1/venv/lib/python3.10/site-packages/airflow/example_dags/example_sla_dag.py for tasks to queue
[2023-11-30T02:16:39.920+0200] {logging_mixin.py:154} INFO - [2023-11-30T02:16:39.919+0200] {dagbag.py:536} INFO - Filling up the DagBag from /home/seva/UCU/AutomatedDataPipelines/Homework1/venv/lib/python3.10/site-packages/airflow/example_dags/example_sla_dag.py
[2023-11-30T02:16:39.927+0200] {processor.py:839} INFO - DAG(s) dict_keys(['example_sla_dag']) retrieved from /home/seva/UCU/AutomatedDataPipelines/Homework1/venv/lib/python3.10/site-packages/airflow/example_dags/example_sla_dag.py
[2023-11-30T02:16:39.940+0200] {logging_mixin.py:154} INFO - [2023-11-30T02:16:39.939+0200] {dag.py:2941} INFO - Sync 1 DAGs
[2023-11-30T02:16:39.957+0200] {logging_mixin.py:154} INFO - [2023-11-30T02:16:39.957+0200] {dag.py:3722} INFO - Setting next_dagrun for example_sla_dag to 2023-11-30T00:14:00+00:00, run_after=2023-11-30T00:16:00+00:00
[2023-11-30T02:16:39.980+0200] {processor.py:179} INFO - Processing /home/seva/UCU/AutomatedDataPipelines/Homework1/venv/lib/python3.10/site-packages/airflow/example_dags/example_sla_dag.py took 0.065 seconds
[2023-11-30T02:17:23.044+0200] {processor.py:157} INFO - Started process (PID=2038) to work on /home/seva/UCU/AutomatedDataPipelines/Homework1/venv/lib/python3.10/site-packages/airflow/example_dags/example_sla_dag.py
[2023-11-30T02:17:23.046+0200] {processor.py:829} INFO - Processing file /home/seva/UCU/AutomatedDataPipelines/Homework1/venv/lib/python3.10/site-packages/airflow/example_dags/example_sla_dag.py for tasks to queue
[2023-11-30T02:17:23.047+0200] {logging_mixin.py:154} INFO - [2023-11-30T02:17:23.047+0200] {dagbag.py:536} INFO - Filling up the DagBag from /home/seva/UCU/AutomatedDataPipelines/Homework1/venv/lib/python3.10/site-packages/airflow/example_dags/example_sla_dag.py
[2023-11-30T02:17:23.055+0200] {processor.py:839} INFO - DAG(s) dict_keys(['example_sla_dag']) retrieved from /home/seva/UCU/AutomatedDataPipelines/Homework1/venv/lib/python3.10/site-packages/airflow/example_dags/example_sla_dag.py
[2023-11-30T02:17:23.068+0200] {logging_mixin.py:154} INFO - [2023-11-30T02:17:23.068+0200] {dag.py:2941} INFO - Sync 1 DAGs
[2023-11-30T02:17:23.087+0200] {logging_mixin.py:154} INFO - [2023-11-30T02:17:23.087+0200] {dag.py:3722} INFO - Setting next_dagrun for example_sla_dag to 2023-11-30T00:14:00+00:00, run_after=2023-11-30T00:16:00+00:00
[2023-11-30T02:17:23.110+0200] {processor.py:179} INFO - Processing /home/seva/UCU/AutomatedDataPipelines/Homework1/venv/lib/python3.10/site-packages/airflow/example_dags/example_sla_dag.py took 0.069 seconds
[2023-11-30T02:18:06.832+0200] {processor.py:157} INFO - Started process (PID=2215) to work on /home/seva/UCU/AutomatedDataPipelines/Homework1/venv/lib/python3.10/site-packages/airflow/example_dags/example_sla_dag.py
[2023-11-30T02:18:06.834+0200] {processor.py:829} INFO - Processing file /home/seva/UCU/AutomatedDataPipelines/Homework1/venv/lib/python3.10/site-packages/airflow/example_dags/example_sla_dag.py for tasks to queue
[2023-11-30T02:18:06.835+0200] {logging_mixin.py:154} INFO - [2023-11-30T02:18:06.835+0200] {dagbag.py:536} INFO - Filling up the DagBag from /home/seva/UCU/AutomatedDataPipelines/Homework1/venv/lib/python3.10/site-packages/airflow/example_dags/example_sla_dag.py
[2023-11-30T02:18:06.848+0200] {processor.py:839} INFO - DAG(s) dict_keys(['example_sla_dag']) retrieved from /home/seva/UCU/AutomatedDataPipelines/Homework1/venv/lib/python3.10/site-packages/airflow/example_dags/example_sla_dag.py
[2023-11-30T02:18:06.870+0200] {logging_mixin.py:154} INFO - [2023-11-30T02:18:06.870+0200] {dag.py:2941} INFO - Sync 1 DAGs
[2023-11-30T02:18:06.903+0200] {logging_mixin.py:154} INFO - [2023-11-30T02:18:06.903+0200] {dag.py:3722} INFO - Setting next_dagrun for example_sla_dag to 2023-11-30T00:16:00+00:00, run_after=2023-11-30T00:18:00+00:00
[2023-11-30T02:18:06.930+0200] {processor.py:179} INFO - Processing /home/seva/UCU/AutomatedDataPipelines/Homework1/venv/lib/python3.10/site-packages/airflow/example_dags/example_sla_dag.py took 0.102 seconds
[2023-11-30T02:18:47.856+0200] {processor.py:157} INFO - Started process (PID=2379) to work on /home/seva/UCU/AutomatedDataPipelines/Homework1/venv/lib/python3.10/site-packages/airflow/example_dags/example_sla_dag.py
[2023-11-30T02:18:47.858+0200] {processor.py:829} INFO - Processing file /home/seva/UCU/AutomatedDataPipelines/Homework1/venv/lib/python3.10/site-packages/airflow/example_dags/example_sla_dag.py for tasks to queue
[2023-11-30T02:18:47.859+0200] {logging_mixin.py:154} INFO - [2023-11-30T02:18:47.859+0200] {dagbag.py:536} INFO - Filling up the DagBag from /home/seva/UCU/AutomatedDataPipelines/Homework1/venv/lib/python3.10/site-packages/airflow/example_dags/example_sla_dag.py
[2023-11-30T02:18:47.867+0200] {processor.py:839} INFO - DAG(s) dict_keys(['example_sla_dag']) retrieved from /home/seva/UCU/AutomatedDataPipelines/Homework1/venv/lib/python3.10/site-packages/airflow/example_dags/example_sla_dag.py
[2023-11-30T02:18:47.880+0200] {logging_mixin.py:154} INFO - [2023-11-30T02:18:47.880+0200] {dag.py:2941} INFO - Sync 1 DAGs
[2023-11-30T02:18:47.899+0200] {logging_mixin.py:154} INFO - [2023-11-30T02:18:47.898+0200] {dag.py:3722} INFO - Setting next_dagrun for example_sla_dag to 2023-11-30T00:16:00+00:00, run_after=2023-11-30T00:18:00+00:00
[2023-11-30T02:18:47.924+0200] {processor.py:179} INFO - Processing /home/seva/UCU/AutomatedDataPipelines/Homework1/venv/lib/python3.10/site-packages/airflow/example_dags/example_sla_dag.py took 0.071 seconds
[2023-11-30T02:19:34.875+0200] {processor.py:157} INFO - Started process (PID=2568) to work on /home/seva/UCU/AutomatedDataPipelines/Homework1/venv/lib/python3.10/site-packages/airflow/example_dags/example_sla_dag.py
[2023-11-30T02:19:34.886+0200] {processor.py:829} INFO - Processing file /home/seva/UCU/AutomatedDataPipelines/Homework1/venv/lib/python3.10/site-packages/airflow/example_dags/example_sla_dag.py for tasks to queue
[2023-11-30T02:19:34.887+0200] {logging_mixin.py:154} INFO - [2023-11-30T02:19:34.887+0200] {dagbag.py:536} INFO - Filling up the DagBag from /home/seva/UCU/AutomatedDataPipelines/Homework1/venv/lib/python3.10/site-packages/airflow/example_dags/example_sla_dag.py
[2023-11-30T02:19:34.896+0200] {processor.py:839} INFO - DAG(s) dict_keys(['example_sla_dag']) retrieved from /home/seva/UCU/AutomatedDataPipelines/Homework1/venv/lib/python3.10/site-packages/airflow/example_dags/example_sla_dag.py
[2023-11-30T02:19:34.909+0200] {logging_mixin.py:154} INFO - [2023-11-30T02:19:34.909+0200] {dag.py:2941} INFO - Sync 1 DAGs
[2023-11-30T02:19:34.927+0200] {logging_mixin.py:154} INFO - [2023-11-30T02:19:34.927+0200] {dag.py:3722} INFO - Setting next_dagrun for example_sla_dag to 2023-11-30T00:16:00+00:00, run_after=2023-11-30T00:18:00+00:00
[2023-11-30T02:19:34.953+0200] {processor.py:179} INFO - Processing /home/seva/UCU/AutomatedDataPipelines/Homework1/venv/lib/python3.10/site-packages/airflow/example_dags/example_sla_dag.py took 0.081 seconds
[2023-11-30T02:20:17.273+0200] {processor.py:157} INFO - Started process (PID=2732) to work on /home/seva/UCU/AutomatedDataPipelines/Homework1/venv/lib/python3.10/site-packages/airflow/example_dags/example_sla_dag.py
[2023-11-30T02:20:17.275+0200] {processor.py:829} INFO - Processing file /home/seva/UCU/AutomatedDataPipelines/Homework1/venv/lib/python3.10/site-packages/airflow/example_dags/example_sla_dag.py for tasks to queue
[2023-11-30T02:20:17.276+0200] {logging_mixin.py:154} INFO - [2023-11-30T02:20:17.276+0200] {dagbag.py:536} INFO - Filling up the DagBag from /home/seva/UCU/AutomatedDataPipelines/Homework1/venv/lib/python3.10/site-packages/airflow/example_dags/example_sla_dag.py
[2023-11-30T02:20:17.284+0200] {processor.py:839} INFO - DAG(s) dict_keys(['example_sla_dag']) retrieved from /home/seva/UCU/AutomatedDataPipelines/Homework1/venv/lib/python3.10/site-packages/airflow/example_dags/example_sla_dag.py
[2023-11-30T02:20:17.298+0200] {logging_mixin.py:154} INFO - [2023-11-30T02:20:17.298+0200] {dag.py:2941} INFO - Sync 1 DAGs
[2023-11-30T02:20:17.323+0200] {logging_mixin.py:154} INFO - [2023-11-30T02:20:17.322+0200] {dag.py:3722} INFO - Setting next_dagrun for example_sla_dag to 2023-11-30T00:18:00+00:00, run_after=2023-11-30T00:20:00+00:00
[2023-11-30T02:20:17.352+0200] {processor.py:179} INFO - Processing /home/seva/UCU/AutomatedDataPipelines/Homework1/venv/lib/python3.10/site-packages/airflow/example_dags/example_sla_dag.py took 0.082 seconds
[2023-11-30T02:21:02.608+0200] {processor.py:157} INFO - Started process (PID=2910) to work on /home/seva/UCU/AutomatedDataPipelines/Homework1/venv/lib/python3.10/site-packages/airflow/example_dags/example_sla_dag.py
[2023-11-30T02:21:02.620+0200] {processor.py:829} INFO - Processing file /home/seva/UCU/AutomatedDataPipelines/Homework1/venv/lib/python3.10/site-packages/airflow/example_dags/example_sla_dag.py for tasks to queue
[2023-11-30T02:21:02.621+0200] {logging_mixin.py:154} INFO - [2023-11-30T02:21:02.621+0200] {dagbag.py:536} INFO - Filling up the DagBag from /home/seva/UCU/AutomatedDataPipelines/Homework1/venv/lib/python3.10/site-packages/airflow/example_dags/example_sla_dag.py
[2023-11-30T02:21:02.629+0200] {processor.py:839} INFO - DAG(s) dict_keys(['example_sla_dag']) retrieved from /home/seva/UCU/AutomatedDataPipelines/Homework1/venv/lib/python3.10/site-packages/airflow/example_dags/example_sla_dag.py
[2023-11-30T02:21:02.642+0200] {logging_mixin.py:154} INFO - [2023-11-30T02:21:02.641+0200] {dag.py:2941} INFO - Sync 1 DAGs
[2023-11-30T02:21:02.664+0200] {logging_mixin.py:154} INFO - [2023-11-30T02:21:02.664+0200] {dag.py:3722} INFO - Setting next_dagrun for example_sla_dag to 2023-11-30T00:18:00+00:00, run_after=2023-11-30T00:20:00+00:00
[2023-11-30T02:21:02.688+0200] {processor.py:179} INFO - Processing /home/seva/UCU/AutomatedDataPipelines/Homework1/venv/lib/python3.10/site-packages/airflow/example_dags/example_sla_dag.py took 0.084 seconds
[2023-11-30T02:21:46.109+0200] {processor.py:157} INFO - Started process (PID=3082) to work on /home/seva/UCU/AutomatedDataPipelines/Homework1/venv/lib/python3.10/site-packages/airflow/example_dags/example_sla_dag.py
[2023-11-30T02:21:46.120+0200] {processor.py:829} INFO - Processing file /home/seva/UCU/AutomatedDataPipelines/Homework1/venv/lib/python3.10/site-packages/airflow/example_dags/example_sla_dag.py for tasks to queue
[2023-11-30T02:21:46.121+0200] {logging_mixin.py:154} INFO - [2023-11-30T02:21:46.121+0200] {dagbag.py:536} INFO - Filling up the DagBag from /home/seva/UCU/AutomatedDataPipelines/Homework1/venv/lib/python3.10/site-packages/airflow/example_dags/example_sla_dag.py
[2023-11-30T02:21:46.130+0200] {processor.py:839} INFO - DAG(s) dict_keys(['example_sla_dag']) retrieved from /home/seva/UCU/AutomatedDataPipelines/Homework1/venv/lib/python3.10/site-packages/airflow/example_dags/example_sla_dag.py
[2023-11-30T02:21:46.144+0200] {logging_mixin.py:154} INFO - [2023-11-30T02:21:46.143+0200] {dag.py:2941} INFO - Sync 1 DAGs
[2023-11-30T02:21:46.165+0200] {logging_mixin.py:154} INFO - [2023-11-30T02:21:46.165+0200] {dag.py:3722} INFO - Setting next_dagrun for example_sla_dag to 2023-11-30T00:18:00+00:00, run_after=2023-11-30T00:20:00+00:00
[2023-11-30T02:21:46.189+0200] {processor.py:179} INFO - Processing /home/seva/UCU/AutomatedDataPipelines/Homework1/venv/lib/python3.10/site-packages/airflow/example_dags/example_sla_dag.py took 0.083 seconds
[2023-11-30T02:22:28.408+0200] {processor.py:157} INFO - Started process (PID=3255) to work on /home/seva/UCU/AutomatedDataPipelines/Homework1/venv/lib/python3.10/site-packages/airflow/example_dags/example_sla_dag.py
[2023-11-30T02:22:28.411+0200] {processor.py:829} INFO - Processing file /home/seva/UCU/AutomatedDataPipelines/Homework1/venv/lib/python3.10/site-packages/airflow/example_dags/example_sla_dag.py for tasks to queue
[2023-11-30T02:22:28.412+0200] {logging_mixin.py:154} INFO - [2023-11-30T02:22:28.411+0200] {dagbag.py:536} INFO - Filling up the DagBag from /home/seva/UCU/AutomatedDataPipelines/Homework1/venv/lib/python3.10/site-packages/airflow/example_dags/example_sla_dag.py
[2023-11-30T02:22:28.420+0200] {processor.py:839} INFO - DAG(s) dict_keys(['example_sla_dag']) retrieved from /home/seva/UCU/AutomatedDataPipelines/Homework1/venv/lib/python3.10/site-packages/airflow/example_dags/example_sla_dag.py
[2023-11-30T02:22:28.435+0200] {logging_mixin.py:154} INFO - [2023-11-30T02:22:28.435+0200] {dag.py:2941} INFO - Sync 1 DAGs
[2023-11-30T02:22:28.453+0200] {logging_mixin.py:154} INFO - [2023-11-30T02:22:28.453+0200] {dag.py:3722} INFO - Setting next_dagrun for example_sla_dag to 2023-11-30T00:20:00+00:00, run_after=2023-11-30T00:22:00+00:00
[2023-11-30T02:22:28.477+0200] {processor.py:179} INFO - Processing /home/seva/UCU/AutomatedDataPipelines/Homework1/venv/lib/python3.10/site-packages/airflow/example_dags/example_sla_dag.py took 0.071 seconds
[2023-11-30T02:23:14.935+0200] {processor.py:157} INFO - Started process (PID=3435) to work on /home/seva/UCU/AutomatedDataPipelines/Homework1/venv/lib/python3.10/site-packages/airflow/example_dags/example_sla_dag.py
[2023-11-30T02:23:14.947+0200] {processor.py:829} INFO - Processing file /home/seva/UCU/AutomatedDataPipelines/Homework1/venv/lib/python3.10/site-packages/airflow/example_dags/example_sla_dag.py for tasks to queue
[2023-11-30T02:23:14.948+0200] {logging_mixin.py:154} INFO - [2023-11-30T02:23:14.948+0200] {dagbag.py:536} INFO - Filling up the DagBag from /home/seva/UCU/AutomatedDataPipelines/Homework1/venv/lib/python3.10/site-packages/airflow/example_dags/example_sla_dag.py
[2023-11-30T02:23:14.956+0200] {processor.py:839} INFO - DAG(s) dict_keys(['example_sla_dag']) retrieved from /home/seva/UCU/AutomatedDataPipelines/Homework1/venv/lib/python3.10/site-packages/airflow/example_dags/example_sla_dag.py
[2023-11-30T02:23:14.971+0200] {logging_mixin.py:154} INFO - [2023-11-30T02:23:14.971+0200] {dag.py:2941} INFO - Sync 1 DAGs
[2023-11-30T02:23:14.996+0200] {logging_mixin.py:154} INFO - [2023-11-30T02:23:14.995+0200] {dag.py:3722} INFO - Setting next_dagrun for example_sla_dag to 2023-11-30T00:20:00+00:00, run_after=2023-11-30T00:22:00+00:00
[2023-11-30T02:23:15.021+0200] {processor.py:179} INFO - Processing /home/seva/UCU/AutomatedDataPipelines/Homework1/venv/lib/python3.10/site-packages/airflow/example_dags/example_sla_dag.py took 0.089 seconds
[2023-11-30T02:23:58.943+0200] {processor.py:157} INFO - Started process (PID=3612) to work on /home/seva/UCU/AutomatedDataPipelines/Homework1/venv/lib/python3.10/site-packages/airflow/example_dags/example_sla_dag.py
[2023-11-30T02:23:58.955+0200] {processor.py:829} INFO - Processing file /home/seva/UCU/AutomatedDataPipelines/Homework1/venv/lib/python3.10/site-packages/airflow/example_dags/example_sla_dag.py for tasks to queue
[2023-11-30T02:23:58.956+0200] {logging_mixin.py:154} INFO - [2023-11-30T02:23:58.956+0200] {dagbag.py:536} INFO - Filling up the DagBag from /home/seva/UCU/AutomatedDataPipelines/Homework1/venv/lib/python3.10/site-packages/airflow/example_dags/example_sla_dag.py
[2023-11-30T02:23:58.966+0200] {processor.py:839} INFO - DAG(s) dict_keys(['example_sla_dag']) retrieved from /home/seva/UCU/AutomatedDataPipelines/Homework1/venv/lib/python3.10/site-packages/airflow/example_dags/example_sla_dag.py
[2023-11-30T02:23:58.980+0200] {logging_mixin.py:154} INFO - [2023-11-30T02:23:58.980+0200] {dag.py:2941} INFO - Sync 1 DAGs
[2023-11-30T02:23:58.997+0200] {logging_mixin.py:154} INFO - [2023-11-30T02:23:58.997+0200] {dag.py:3722} INFO - Setting next_dagrun for example_sla_dag to 2023-11-30T00:20:00+00:00, run_after=2023-11-30T00:22:00+00:00
[2023-11-30T02:23:59.021+0200] {processor.py:179} INFO - Processing /home/seva/UCU/AutomatedDataPipelines/Homework1/venv/lib/python3.10/site-packages/airflow/example_dags/example_sla_dag.py took 0.081 seconds
[2023-11-30T02:24:45.776+0200] {processor.py:157} INFO - Started process (PID=3793) to work on /home/seva/UCU/AutomatedDataPipelines/Homework1/venv/lib/python3.10/site-packages/airflow/example_dags/example_sla_dag.py
[2023-11-30T02:24:45.789+0200] {processor.py:829} INFO - Processing file /home/seva/UCU/AutomatedDataPipelines/Homework1/venv/lib/python3.10/site-packages/airflow/example_dags/example_sla_dag.py for tasks to queue
[2023-11-30T02:24:45.790+0200] {logging_mixin.py:154} INFO - [2023-11-30T02:24:45.789+0200] {dagbag.py:536} INFO - Filling up the DagBag from /home/seva/UCU/AutomatedDataPipelines/Homework1/venv/lib/python3.10/site-packages/airflow/example_dags/example_sla_dag.py
[2023-11-30T02:24:45.798+0200] {processor.py:839} INFO - DAG(s) dict_keys(['example_sla_dag']) retrieved from /home/seva/UCU/AutomatedDataPipelines/Homework1/venv/lib/python3.10/site-packages/airflow/example_dags/example_sla_dag.py
[2023-11-30T02:24:45.812+0200] {logging_mixin.py:154} INFO - [2023-11-30T02:24:45.812+0200] {dag.py:2941} INFO - Sync 1 DAGs
[2023-11-30T02:24:45.830+0200] {logging_mixin.py:154} INFO - [2023-11-30T02:24:45.829+0200] {dag.py:3722} INFO - Setting next_dagrun for example_sla_dag to 2023-11-30T00:22:00+00:00, run_after=2023-11-30T00:24:00+00:00
[2023-11-30T02:24:45.852+0200] {processor.py:179} INFO - Processing /home/seva/UCU/AutomatedDataPipelines/Homework1/venv/lib/python3.10/site-packages/airflow/example_dags/example_sla_dag.py took 0.080 seconds
[2023-11-30T02:25:29.884+0200] {processor.py:157} INFO - Started process (PID=3971) to work on /home/seva/UCU/AutomatedDataPipelines/Homework1/venv/lib/python3.10/site-packages/airflow/example_dags/example_sla_dag.py
[2023-11-30T02:25:29.886+0200] {processor.py:829} INFO - Processing file /home/seva/UCU/AutomatedDataPipelines/Homework1/venv/lib/python3.10/site-packages/airflow/example_dags/example_sla_dag.py for tasks to queue
[2023-11-30T02:25:29.887+0200] {logging_mixin.py:154} INFO - [2023-11-30T02:25:29.887+0200] {dagbag.py:536} INFO - Filling up the DagBag from /home/seva/UCU/AutomatedDataPipelines/Homework1/venv/lib/python3.10/site-packages/airflow/example_dags/example_sla_dag.py
[2023-11-30T02:25:29.895+0200] {processor.py:839} INFO - DAG(s) dict_keys(['example_sla_dag']) retrieved from /home/seva/UCU/AutomatedDataPipelines/Homework1/venv/lib/python3.10/site-packages/airflow/example_dags/example_sla_dag.py
[2023-11-30T02:25:29.909+0200] {logging_mixin.py:154} INFO - [2023-11-30T02:25:29.909+0200] {dag.py:2941} INFO - Sync 1 DAGs
[2023-11-30T02:25:29.927+0200] {logging_mixin.py:154} INFO - [2023-11-30T02:25:29.927+0200] {dag.py:3722} INFO - Setting next_dagrun for example_sla_dag to 2023-11-30T00:22:00+00:00, run_after=2023-11-30T00:24:00+00:00
[2023-11-30T02:25:29.950+0200] {processor.py:179} INFO - Processing /home/seva/UCU/AutomatedDataPipelines/Homework1/venv/lib/python3.10/site-packages/airflow/example_dags/example_sla_dag.py took 0.069 seconds
[2023-11-30T02:26:09.912+0200] {processor.py:157} INFO - Started process (PID=4127) to work on /home/seva/UCU/AutomatedDataPipelines/Homework1/venv/lib/python3.10/site-packages/airflow/example_dags/example_sla_dag.py
[2023-11-30T02:26:09.914+0200] {processor.py:829} INFO - Processing file /home/seva/UCU/AutomatedDataPipelines/Homework1/venv/lib/python3.10/site-packages/airflow/example_dags/example_sla_dag.py for tasks to queue
[2023-11-30T02:26:09.915+0200] {logging_mixin.py:154} INFO - [2023-11-30T02:26:09.915+0200] {dagbag.py:536} INFO - Filling up the DagBag from /home/seva/UCU/AutomatedDataPipelines/Homework1/venv/lib/python3.10/site-packages/airflow/example_dags/example_sla_dag.py
[2023-11-30T02:26:09.922+0200] {processor.py:839} INFO - DAG(s) dict_keys(['example_sla_dag']) retrieved from /home/seva/UCU/AutomatedDataPipelines/Homework1/venv/lib/python3.10/site-packages/airflow/example_dags/example_sla_dag.py
[2023-11-30T02:26:09.937+0200] {logging_mixin.py:154} INFO - [2023-11-30T02:26:09.937+0200] {dag.py:2941} INFO - Sync 1 DAGs
[2023-11-30T02:26:09.955+0200] {logging_mixin.py:154} INFO - [2023-11-30T02:26:09.955+0200] {dag.py:3722} INFO - Setting next_dagrun for example_sla_dag to 2023-11-30T00:24:00+00:00, run_after=2023-11-30T00:26:00+00:00
[2023-11-30T02:26:09.977+0200] {processor.py:179} INFO - Processing /home/seva/UCU/AutomatedDataPipelines/Homework1/venv/lib/python3.10/site-packages/airflow/example_dags/example_sla_dag.py took 0.068 seconds
[2023-11-30T02:26:45.644+0200] {processor.py:157} INFO - Started process (PID=4264) to work on /home/seva/UCU/AutomatedDataPipelines/Homework1/venv/lib/python3.10/site-packages/airflow/example_dags/example_sla_dag.py
[2023-11-30T02:26:45.656+0200] {processor.py:829} INFO - Processing file /home/seva/UCU/AutomatedDataPipelines/Homework1/venv/lib/python3.10/site-packages/airflow/example_dags/example_sla_dag.py for tasks to queue
[2023-11-30T02:26:45.657+0200] {logging_mixin.py:154} INFO - [2023-11-30T02:26:45.657+0200] {dagbag.py:536} INFO - Filling up the DagBag from /home/seva/UCU/AutomatedDataPipelines/Homework1/venv/lib/python3.10/site-packages/airflow/example_dags/example_sla_dag.py
[2023-11-30T02:26:45.668+0200] {processor.py:839} INFO - DAG(s) dict_keys(['example_sla_dag']) retrieved from /home/seva/UCU/AutomatedDataPipelines/Homework1/venv/lib/python3.10/site-packages/airflow/example_dags/example_sla_dag.py
[2023-11-30T02:26:45.687+0200] {logging_mixin.py:154} INFO - [2023-11-30T02:26:45.687+0200] {dag.py:2941} INFO - Sync 1 DAGs
[2023-11-30T02:26:45.709+0200] {logging_mixin.py:154} INFO - [2023-11-30T02:26:45.708+0200] {dag.py:3722} INFO - Setting next_dagrun for example_sla_dag to 2023-11-30T00:24:00+00:00, run_after=2023-11-30T00:26:00+00:00
[2023-11-30T02:26:45.731+0200] {processor.py:179} INFO - Processing /home/seva/UCU/AutomatedDataPipelines/Homework1/venv/lib/python3.10/site-packages/airflow/example_dags/example_sla_dag.py took 0.091 seconds
[2023-11-30T02:27:20.890+0200] {processor.py:157} INFO - Started process (PID=4409) to work on /home/seva/UCU/AutomatedDataPipelines/Homework1/venv/lib/python3.10/site-packages/airflow/example_dags/example_sla_dag.py
[2023-11-30T02:27:20.902+0200] {processor.py:829} INFO - Processing file /home/seva/UCU/AutomatedDataPipelines/Homework1/venv/lib/python3.10/site-packages/airflow/example_dags/example_sla_dag.py for tasks to queue
[2023-11-30T02:27:20.903+0200] {logging_mixin.py:154} INFO - [2023-11-30T02:27:20.903+0200] {dagbag.py:536} INFO - Filling up the DagBag from /home/seva/UCU/AutomatedDataPipelines/Homework1/venv/lib/python3.10/site-packages/airflow/example_dags/example_sla_dag.py
[2023-11-30T02:27:20.911+0200] {processor.py:839} INFO - DAG(s) dict_keys(['example_sla_dag']) retrieved from /home/seva/UCU/AutomatedDataPipelines/Homework1/venv/lib/python3.10/site-packages/airflow/example_dags/example_sla_dag.py
[2023-11-30T02:27:20.925+0200] {logging_mixin.py:154} INFO - [2023-11-30T02:27:20.925+0200] {dag.py:2941} INFO - Sync 1 DAGs
[2023-11-30T02:27:20.943+0200] {logging_mixin.py:154} INFO - [2023-11-30T02:27:20.943+0200] {dag.py:3722} INFO - Setting next_dagrun for example_sla_dag to 2023-11-30T00:24:00+00:00, run_after=2023-11-30T00:26:00+00:00
[2023-11-30T02:27:20.976+0200] {processor.py:179} INFO - Processing /home/seva/UCU/AutomatedDataPipelines/Homework1/venv/lib/python3.10/site-packages/airflow/example_dags/example_sla_dag.py took 0.088 seconds
[2023-11-30T02:28:07.992+0200] {processor.py:157} INFO - Started process (PID=4589) to work on /home/seva/UCU/AutomatedDataPipelines/Homework1/venv/lib/python3.10/site-packages/airflow/example_dags/example_sla_dag.py
[2023-11-30T02:28:08.004+0200] {processor.py:829} INFO - Processing file /home/seva/UCU/AutomatedDataPipelines/Homework1/venv/lib/python3.10/site-packages/airflow/example_dags/example_sla_dag.py for tasks to queue
[2023-11-30T02:28:08.005+0200] {logging_mixin.py:154} INFO - [2023-11-30T02:28:08.005+0200] {dagbag.py:536} INFO - Filling up the DagBag from /home/seva/UCU/AutomatedDataPipelines/Homework1/venv/lib/python3.10/site-packages/airflow/example_dags/example_sla_dag.py
[2023-11-30T02:28:08.013+0200] {processor.py:839} INFO - DAG(s) dict_keys(['example_sla_dag']) retrieved from /home/seva/UCU/AutomatedDataPipelines/Homework1/venv/lib/python3.10/site-packages/airflow/example_dags/example_sla_dag.py
[2023-11-30T02:28:08.027+0200] {logging_mixin.py:154} INFO - [2023-11-30T02:28:08.027+0200] {dag.py:2941} INFO - Sync 1 DAGs
[2023-11-30T02:28:08.046+0200] {logging_mixin.py:154} INFO - [2023-11-30T02:28:08.045+0200] {dag.py:3722} INFO - Setting next_dagrun for example_sla_dag to 2023-11-30T00:26:00+00:00, run_after=2023-11-30T00:28:00+00:00
[2023-11-30T02:28:08.070+0200] {processor.py:179} INFO - Processing /home/seva/UCU/AutomatedDataPipelines/Homework1/venv/lib/python3.10/site-packages/airflow/example_dags/example_sla_dag.py took 0.080 seconds
[2023-11-30T02:28:51.499+0200] {processor.py:157} INFO - Started process (PID=4760) to work on /home/seva/UCU/AutomatedDataPipelines/Homework1/venv/lib/python3.10/site-packages/airflow/example_dags/example_sla_dag.py
[2023-11-30T02:28:51.501+0200] {processor.py:829} INFO - Processing file /home/seva/UCU/AutomatedDataPipelines/Homework1/venv/lib/python3.10/site-packages/airflow/example_dags/example_sla_dag.py for tasks to queue
[2023-11-30T02:28:51.502+0200] {logging_mixin.py:154} INFO - [2023-11-30T02:28:51.501+0200] {dagbag.py:536} INFO - Filling up the DagBag from /home/seva/UCU/AutomatedDataPipelines/Homework1/venv/lib/python3.10/site-packages/airflow/example_dags/example_sla_dag.py
[2023-11-30T02:28:51.510+0200] {processor.py:839} INFO - DAG(s) dict_keys(['example_sla_dag']) retrieved from /home/seva/UCU/AutomatedDataPipelines/Homework1/venv/lib/python3.10/site-packages/airflow/example_dags/example_sla_dag.py
[2023-11-30T02:28:51.523+0200] {logging_mixin.py:154} INFO - [2023-11-30T02:28:51.523+0200] {dag.py:2941} INFO - Sync 1 DAGs
[2023-11-30T02:28:51.542+0200] {logging_mixin.py:154} INFO - [2023-11-30T02:28:51.542+0200] {dag.py:3722} INFO - Setting next_dagrun for example_sla_dag to 2023-11-30T00:26:00+00:00, run_after=2023-11-30T00:28:00+00:00
[2023-11-30T02:28:51.567+0200] {processor.py:179} INFO - Processing /home/seva/UCU/AutomatedDataPipelines/Homework1/venv/lib/python3.10/site-packages/airflow/example_dags/example_sla_dag.py took 0.071 seconds
[2023-11-30T02:29:35.992+0200] {processor.py:157} INFO - Started process (PID=4943) to work on /home/seva/UCU/AutomatedDataPipelines/Homework1/venv/lib/python3.10/site-packages/airflow/example_dags/example_sla_dag.py
[2023-11-30T02:29:36.003+0200] {processor.py:829} INFO - Processing file /home/seva/UCU/AutomatedDataPipelines/Homework1/venv/lib/python3.10/site-packages/airflow/example_dags/example_sla_dag.py for tasks to queue
[2023-11-30T02:29:36.004+0200] {logging_mixin.py:154} INFO - [2023-11-30T02:29:36.004+0200] {dagbag.py:536} INFO - Filling up the DagBag from /home/seva/UCU/AutomatedDataPipelines/Homework1/venv/lib/python3.10/site-packages/airflow/example_dags/example_sla_dag.py
[2023-11-30T02:29:36.012+0200] {processor.py:839} INFO - DAG(s) dict_keys(['example_sla_dag']) retrieved from /home/seva/UCU/AutomatedDataPipelines/Homework1/venv/lib/python3.10/site-packages/airflow/example_dags/example_sla_dag.py
[2023-11-30T02:29:36.026+0200] {logging_mixin.py:154} INFO - [2023-11-30T02:29:36.026+0200] {dag.py:2941} INFO - Sync 1 DAGs
[2023-11-30T02:29:36.044+0200] {logging_mixin.py:154} INFO - [2023-11-30T02:29:36.044+0200] {dag.py:3722} INFO - Setting next_dagrun for example_sla_dag to 2023-11-30T00:26:00+00:00, run_after=2023-11-30T00:28:00+00:00
[2023-11-30T02:29:36.068+0200] {processor.py:179} INFO - Processing /home/seva/UCU/AutomatedDataPipelines/Homework1/venv/lib/python3.10/site-packages/airflow/example_dags/example_sla_dag.py took 0.079 seconds
[2023-11-30T02:30:23.381+0200] {processor.py:157} INFO - Started process (PID=5128) to work on /home/seva/UCU/AutomatedDataPipelines/Homework1/venv/lib/python3.10/site-packages/airflow/example_dags/example_sla_dag.py
[2023-11-30T02:30:23.393+0200] {processor.py:829} INFO - Processing file /home/seva/UCU/AutomatedDataPipelines/Homework1/venv/lib/python3.10/site-packages/airflow/example_dags/example_sla_dag.py for tasks to queue
[2023-11-30T02:30:23.394+0200] {logging_mixin.py:154} INFO - [2023-11-30T02:30:23.394+0200] {dagbag.py:536} INFO - Filling up the DagBag from /home/seva/UCU/AutomatedDataPipelines/Homework1/venv/lib/python3.10/site-packages/airflow/example_dags/example_sla_dag.py
[2023-11-30T02:30:23.402+0200] {processor.py:839} INFO - DAG(s) dict_keys(['example_sla_dag']) retrieved from /home/seva/UCU/AutomatedDataPipelines/Homework1/venv/lib/python3.10/site-packages/airflow/example_dags/example_sla_dag.py
[2023-11-30T02:30:23.415+0200] {logging_mixin.py:154} INFO - [2023-11-30T02:30:23.415+0200] {dag.py:2941} INFO - Sync 1 DAGs
[2023-11-30T02:30:23.433+0200] {logging_mixin.py:154} INFO - [2023-11-30T02:30:23.433+0200] {dag.py:3722} INFO - Setting next_dagrun for example_sla_dag to 2023-11-30T00:28:00+00:00, run_after=2023-11-30T00:30:00+00:00
[2023-11-30T02:30:23.458+0200] {processor.py:179} INFO - Processing /home/seva/UCU/AutomatedDataPipelines/Homework1/venv/lib/python3.10/site-packages/airflow/example_dags/example_sla_dag.py took 0.081 seconds
[2023-11-30T02:31:08.243+0200] {processor.py:157} INFO - Started process (PID=5301) to work on /home/seva/UCU/AutomatedDataPipelines/Homework1/venv/lib/python3.10/site-packages/airflow/example_dags/example_sla_dag.py
[2023-11-30T02:31:08.255+0200] {processor.py:829} INFO - Processing file /home/seva/UCU/AutomatedDataPipelines/Homework1/venv/lib/python3.10/site-packages/airflow/example_dags/example_sla_dag.py for tasks to queue
[2023-11-30T02:31:08.256+0200] {logging_mixin.py:154} INFO - [2023-11-30T02:31:08.256+0200] {dagbag.py:536} INFO - Filling up the DagBag from /home/seva/UCU/AutomatedDataPipelines/Homework1/venv/lib/python3.10/site-packages/airflow/example_dags/example_sla_dag.py
[2023-11-30T02:31:08.263+0200] {processor.py:839} INFO - DAG(s) dict_keys(['example_sla_dag']) retrieved from /home/seva/UCU/AutomatedDataPipelines/Homework1/venv/lib/python3.10/site-packages/airflow/example_dags/example_sla_dag.py
[2023-11-30T02:31:08.277+0200] {logging_mixin.py:154} INFO - [2023-11-30T02:31:08.277+0200] {dag.py:2941} INFO - Sync 1 DAGs
[2023-11-30T02:31:08.295+0200] {logging_mixin.py:154} INFO - [2023-11-30T02:31:08.294+0200] {dag.py:3722} INFO - Setting next_dagrun for example_sla_dag to 2023-11-30T00:28:00+00:00, run_after=2023-11-30T00:30:00+00:00
[2023-11-30T02:31:08.317+0200] {processor.py:179} INFO - Processing /home/seva/UCU/AutomatedDataPipelines/Homework1/venv/lib/python3.10/site-packages/airflow/example_dags/example_sla_dag.py took 0.077 seconds
[2023-11-30T02:31:51.461+0200] {processor.py:157} INFO - Started process (PID=5473) to work on /home/seva/UCU/AutomatedDataPipelines/Homework1/venv/lib/python3.10/site-packages/airflow/example_dags/example_sla_dag.py
[2023-11-30T02:31:51.463+0200] {processor.py:829} INFO - Processing file /home/seva/UCU/AutomatedDataPipelines/Homework1/venv/lib/python3.10/site-packages/airflow/example_dags/example_sla_dag.py for tasks to queue
[2023-11-30T02:31:51.464+0200] {logging_mixin.py:154} INFO - [2023-11-30T02:31:51.464+0200] {dagbag.py:536} INFO - Filling up the DagBag from /home/seva/UCU/AutomatedDataPipelines/Homework1/venv/lib/python3.10/site-packages/airflow/example_dags/example_sla_dag.py
[2023-11-30T02:31:51.474+0200] {processor.py:839} INFO - DAG(s) dict_keys(['example_sla_dag']) retrieved from /home/seva/UCU/AutomatedDataPipelines/Homework1/venv/lib/python3.10/site-packages/airflow/example_dags/example_sla_dag.py
[2023-11-30T02:31:51.492+0200] {logging_mixin.py:154} INFO - [2023-11-30T02:31:51.491+0200] {dag.py:2941} INFO - Sync 1 DAGs
[2023-11-30T02:31:51.517+0200] {logging_mixin.py:154} INFO - [2023-11-30T02:31:51.517+0200] {dag.py:3722} INFO - Setting next_dagrun for example_sla_dag to 2023-11-30T00:28:00+00:00, run_after=2023-11-30T00:30:00+00:00
[2023-11-30T02:31:51.541+0200] {processor.py:179} INFO - Processing /home/seva/UCU/AutomatedDataPipelines/Homework1/venv/lib/python3.10/site-packages/airflow/example_dags/example_sla_dag.py took 0.084 seconds
[2023-11-30T02:32:37.465+0200] {processor.py:157} INFO - Started process (PID=5681) to work on /home/seva/UCU/AutomatedDataPipelines/Homework1/venv/lib/python3.10/site-packages/airflow/example_dags/example_sla_dag.py
[2023-11-30T02:32:37.468+0200] {processor.py:829} INFO - Processing file /home/seva/UCU/AutomatedDataPipelines/Homework1/venv/lib/python3.10/site-packages/airflow/example_dags/example_sla_dag.py for tasks to queue
[2023-11-30T02:32:37.469+0200] {logging_mixin.py:154} INFO - [2023-11-30T02:32:37.468+0200] {dagbag.py:536} INFO - Filling up the DagBag from /home/seva/UCU/AutomatedDataPipelines/Homework1/venv/lib/python3.10/site-packages/airflow/example_dags/example_sla_dag.py
[2023-11-30T02:32:37.477+0200] {processor.py:839} INFO - DAG(s) dict_keys(['example_sla_dag']) retrieved from /home/seva/UCU/AutomatedDataPipelines/Homework1/venv/lib/python3.10/site-packages/airflow/example_dags/example_sla_dag.py
[2023-11-30T02:32:37.490+0200] {logging_mixin.py:154} INFO - [2023-11-30T02:32:37.490+0200] {dag.py:2941} INFO - Sync 1 DAGs
[2023-11-30T02:32:37.511+0200] {logging_mixin.py:154} INFO - [2023-11-30T02:32:37.511+0200] {dag.py:3722} INFO - Setting next_dagrun for example_sla_dag to 2023-11-30T00:30:00+00:00, run_after=2023-11-30T00:32:00+00:00
[2023-11-30T02:32:37.537+0200] {processor.py:179} INFO - Processing /home/seva/UCU/AutomatedDataPipelines/Homework1/venv/lib/python3.10/site-packages/airflow/example_dags/example_sla_dag.py took 0.076 seconds
[2023-11-30T02:33:24.210+0200] {processor.py:157} INFO - Started process (PID=5867) to work on /home/seva/UCU/AutomatedDataPipelines/Homework1/venv/lib/python3.10/site-packages/airflow/example_dags/example_sla_dag.py
[2023-11-30T02:33:24.223+0200] {processor.py:829} INFO - Processing file /home/seva/UCU/AutomatedDataPipelines/Homework1/venv/lib/python3.10/site-packages/airflow/example_dags/example_sla_dag.py for tasks to queue
[2023-11-30T02:33:24.224+0200] {logging_mixin.py:154} INFO - [2023-11-30T02:33:24.224+0200] {dagbag.py:536} INFO - Filling up the DagBag from /home/seva/UCU/AutomatedDataPipelines/Homework1/venv/lib/python3.10/site-packages/airflow/example_dags/example_sla_dag.py
[2023-11-30T02:33:24.234+0200] {processor.py:839} INFO - DAG(s) dict_keys(['example_sla_dag']) retrieved from /home/seva/UCU/AutomatedDataPipelines/Homework1/venv/lib/python3.10/site-packages/airflow/example_dags/example_sla_dag.py
[2023-11-30T02:33:24.247+0200] {logging_mixin.py:154} INFO - [2023-11-30T02:33:24.247+0200] {dag.py:2941} INFO - Sync 1 DAGs
[2023-11-30T02:33:24.265+0200] {logging_mixin.py:154} INFO - [2023-11-30T02:33:24.265+0200] {dag.py:3722} INFO - Setting next_dagrun for example_sla_dag to 2023-11-30T00:30:00+00:00, run_after=2023-11-30T00:32:00+00:00
[2023-11-30T02:33:24.289+0200] {processor.py:179} INFO - Processing /home/seva/UCU/AutomatedDataPipelines/Homework1/venv/lib/python3.10/site-packages/airflow/example_dags/example_sla_dag.py took 0.084 seconds
[2023-11-30T02:34:10.750+0200] {processor.py:157} INFO - Started process (PID=6051) to work on /home/seva/UCU/AutomatedDataPipelines/Homework1/venv/lib/python3.10/site-packages/airflow/example_dags/example_sla_dag.py
[2023-11-30T02:34:10.762+0200] {processor.py:829} INFO - Processing file /home/seva/UCU/AutomatedDataPipelines/Homework1/venv/lib/python3.10/site-packages/airflow/example_dags/example_sla_dag.py for tasks to queue
[2023-11-30T02:34:10.764+0200] {logging_mixin.py:154} INFO - [2023-11-30T02:34:10.763+0200] {dagbag.py:536} INFO - Filling up the DagBag from /home/seva/UCU/AutomatedDataPipelines/Homework1/venv/lib/python3.10/site-packages/airflow/example_dags/example_sla_dag.py
[2023-11-30T02:34:10.775+0200] {processor.py:839} INFO - DAG(s) dict_keys(['example_sla_dag']) retrieved from /home/seva/UCU/AutomatedDataPipelines/Homework1/venv/lib/python3.10/site-packages/airflow/example_dags/example_sla_dag.py
[2023-11-30T02:34:10.796+0200] {logging_mixin.py:154} INFO - [2023-11-30T02:34:10.796+0200] {dag.py:2941} INFO - Sync 1 DAGs
[2023-11-30T02:34:10.821+0200] {logging_mixin.py:154} INFO - [2023-11-30T02:34:10.820+0200] {dag.py:3722} INFO - Setting next_dagrun for example_sla_dag to 2023-11-30T00:32:00+00:00, run_after=2023-11-30T00:34:00+00:00
[2023-11-30T02:34:10.851+0200] {processor.py:179} INFO - Processing /home/seva/UCU/AutomatedDataPipelines/Homework1/venv/lib/python3.10/site-packages/airflow/example_dags/example_sla_dag.py took 0.106 seconds
[2023-11-30T02:34:46.004+0200] {processor.py:157} INFO - Started process (PID=6192) to work on /home/seva/UCU/AutomatedDataPipelines/Homework1/venv/lib/python3.10/site-packages/airflow/example_dags/example_sla_dag.py
[2023-11-30T02:34:46.016+0200] {processor.py:829} INFO - Processing file /home/seva/UCU/AutomatedDataPipelines/Homework1/venv/lib/python3.10/site-packages/airflow/example_dags/example_sla_dag.py for tasks to queue
[2023-11-30T02:34:46.017+0200] {logging_mixin.py:154} INFO - [2023-11-30T02:34:46.017+0200] {dagbag.py:536} INFO - Filling up the DagBag from /home/seva/UCU/AutomatedDataPipelines/Homework1/venv/lib/python3.10/site-packages/airflow/example_dags/example_sla_dag.py
[2023-11-30T02:34:46.028+0200] {processor.py:839} INFO - DAG(s) dict_keys(['example_sla_dag']) retrieved from /home/seva/UCU/AutomatedDataPipelines/Homework1/venv/lib/python3.10/site-packages/airflow/example_dags/example_sla_dag.py
[2023-11-30T02:34:46.047+0200] {logging_mixin.py:154} INFO - [2023-11-30T02:34:46.046+0200] {dag.py:2941} INFO - Sync 1 DAGs
[2023-11-30T02:34:46.073+0200] {logging_mixin.py:154} INFO - [2023-11-30T02:34:46.073+0200] {dag.py:3722} INFO - Setting next_dagrun for example_sla_dag to 2023-11-30T00:32:00+00:00, run_after=2023-11-30T00:34:00+00:00
[2023-11-30T02:34:46.098+0200] {processor.py:179} INFO - Processing /home/seva/UCU/AutomatedDataPipelines/Homework1/venv/lib/python3.10/site-packages/airflow/example_dags/example_sla_dag.py took 0.098 seconds
[2023-11-30T02:35:31.570+0200] {processor.py:157} INFO - Started process (PID=6373) to work on /home/seva/UCU/AutomatedDataPipelines/Homework1/venv/lib/python3.10/site-packages/airflow/example_dags/example_sla_dag.py
[2023-11-30T02:35:31.581+0200] {processor.py:829} INFO - Processing file /home/seva/UCU/AutomatedDataPipelines/Homework1/venv/lib/python3.10/site-packages/airflow/example_dags/example_sla_dag.py for tasks to queue
[2023-11-30T02:35:31.582+0200] {logging_mixin.py:154} INFO - [2023-11-30T02:35:31.582+0200] {dagbag.py:536} INFO - Filling up the DagBag from /home/seva/UCU/AutomatedDataPipelines/Homework1/venv/lib/python3.10/site-packages/airflow/example_dags/example_sla_dag.py
[2023-11-30T02:35:31.590+0200] {processor.py:839} INFO - DAG(s) dict_keys(['example_sla_dag']) retrieved from /home/seva/UCU/AutomatedDataPipelines/Homework1/venv/lib/python3.10/site-packages/airflow/example_dags/example_sla_dag.py
[2023-11-30T02:35:31.603+0200] {logging_mixin.py:154} INFO - [2023-11-30T02:35:31.603+0200] {dag.py:2941} INFO - Sync 1 DAGs
[2023-11-30T02:35:31.621+0200] {logging_mixin.py:154} INFO - [2023-11-30T02:35:31.621+0200] {dag.py:3722} INFO - Setting next_dagrun for example_sla_dag to 2023-11-30T00:32:00+00:00, run_after=2023-11-30T00:34:00+00:00
[2023-11-30T02:35:31.646+0200] {processor.py:179} INFO - Processing /home/seva/UCU/AutomatedDataPipelines/Homework1/venv/lib/python3.10/site-packages/airflow/example_dags/example_sla_dag.py took 0.080 seconds
[2023-11-30T02:36:16.872+0200] {processor.py:157} INFO - Started process (PID=6556) to work on /home/seva/UCU/AutomatedDataPipelines/Homework1/venv/lib/python3.10/site-packages/airflow/example_dags/example_sla_dag.py
[2023-11-30T02:36:16.884+0200] {processor.py:829} INFO - Processing file /home/seva/UCU/AutomatedDataPipelines/Homework1/venv/lib/python3.10/site-packages/airflow/example_dags/example_sla_dag.py for tasks to queue
[2023-11-30T02:36:16.885+0200] {logging_mixin.py:154} INFO - [2023-11-30T02:36:16.885+0200] {dagbag.py:536} INFO - Filling up the DagBag from /home/seva/UCU/AutomatedDataPipelines/Homework1/venv/lib/python3.10/site-packages/airflow/example_dags/example_sla_dag.py
[2023-11-30T02:36:16.894+0200] {processor.py:839} INFO - DAG(s) dict_keys(['example_sla_dag']) retrieved from /home/seva/UCU/AutomatedDataPipelines/Homework1/venv/lib/python3.10/site-packages/airflow/example_dags/example_sla_dag.py
[2023-11-30T02:36:16.908+0200] {logging_mixin.py:154} INFO - [2023-11-30T02:36:16.908+0200] {dag.py:2941} INFO - Sync 1 DAGs
[2023-11-30T02:36:16.930+0200] {logging_mixin.py:154} INFO - [2023-11-30T02:36:16.930+0200] {dag.py:3722} INFO - Setting next_dagrun for example_sla_dag to 2023-11-30T00:34:00+00:00, run_after=2023-11-30T00:36:00+00:00
[2023-11-30T02:36:16.955+0200] {processor.py:179} INFO - Processing /home/seva/UCU/AutomatedDataPipelines/Homework1/venv/lib/python3.10/site-packages/airflow/example_dags/example_sla_dag.py took 0.087 seconds
[2023-11-30T02:37:04.861+0200] {processor.py:157} INFO - Started process (PID=6745) to work on /home/seva/UCU/AutomatedDataPipelines/Homework1/venv/lib/python3.10/site-packages/airflow/example_dags/example_sla_dag.py
[2023-11-30T02:37:04.873+0200] {processor.py:829} INFO - Processing file /home/seva/UCU/AutomatedDataPipelines/Homework1/venv/lib/python3.10/site-packages/airflow/example_dags/example_sla_dag.py for tasks to queue
[2023-11-30T02:37:04.874+0200] {logging_mixin.py:154} INFO - [2023-11-30T02:37:04.874+0200] {dagbag.py:536} INFO - Filling up the DagBag from /home/seva/UCU/AutomatedDataPipelines/Homework1/venv/lib/python3.10/site-packages/airflow/example_dags/example_sla_dag.py
[2023-11-30T02:37:04.883+0200] {processor.py:839} INFO - DAG(s) dict_keys(['example_sla_dag']) retrieved from /home/seva/UCU/AutomatedDataPipelines/Homework1/venv/lib/python3.10/site-packages/airflow/example_dags/example_sla_dag.py
[2023-11-30T02:37:04.900+0200] {logging_mixin.py:154} INFO - [2023-11-30T02:37:04.900+0200] {dag.py:2941} INFO - Sync 1 DAGs
[2023-11-30T02:37:04.921+0200] {logging_mixin.py:154} INFO - [2023-11-30T02:37:04.921+0200] {dag.py:3722} INFO - Setting next_dagrun for example_sla_dag to 2023-11-30T00:34:00+00:00, run_after=2023-11-30T00:36:00+00:00
[2023-11-30T02:37:04.947+0200] {processor.py:179} INFO - Processing /home/seva/UCU/AutomatedDataPipelines/Homework1/venv/lib/python3.10/site-packages/airflow/example_dags/example_sla_dag.py took 0.089 seconds
[2023-11-30T02:37:38.712+0200] {processor.py:157} INFO - Started process (PID=6883) to work on /home/seva/UCU/AutomatedDataPipelines/Homework1/venv/lib/python3.10/site-packages/airflow/example_dags/example_sla_dag.py
[2023-11-30T02:37:38.727+0200] {processor.py:829} INFO - Processing file /home/seva/UCU/AutomatedDataPipelines/Homework1/venv/lib/python3.10/site-packages/airflow/example_dags/example_sla_dag.py for tasks to queue
[2023-11-30T02:37:38.730+0200] {logging_mixin.py:154} INFO - [2023-11-30T02:37:38.729+0200] {dagbag.py:536} INFO - Filling up the DagBag from /home/seva/UCU/AutomatedDataPipelines/Homework1/venv/lib/python3.10/site-packages/airflow/example_dags/example_sla_dag.py
[2023-11-30T02:37:38.741+0200] {processor.py:839} INFO - DAG(s) dict_keys(['example_sla_dag']) retrieved from /home/seva/UCU/AutomatedDataPipelines/Homework1/venv/lib/python3.10/site-packages/airflow/example_dags/example_sla_dag.py
[2023-11-30T02:37:38.773+0200] {logging_mixin.py:154} INFO - [2023-11-30T02:37:38.772+0200] {dag.py:2941} INFO - Sync 1 DAGs
[2023-11-30T02:37:38.805+0200] {logging_mixin.py:154} INFO - [2023-11-30T02:37:38.804+0200] {dag.py:3722} INFO - Setting next_dagrun for example_sla_dag to 2023-11-30T00:34:00+00:00, run_after=2023-11-30T00:36:00+00:00
[2023-11-30T02:37:38.847+0200] {processor.py:179} INFO - Processing /home/seva/UCU/AutomatedDataPipelines/Homework1/venv/lib/python3.10/site-packages/airflow/example_dags/example_sla_dag.py took 0.141 seconds
[2023-11-30T02:38:13.519+0200] {processor.py:157} INFO - Started process (PID=7051) to work on /home/seva/UCU/AutomatedDataPipelines/Homework1/venv/lib/python3.10/site-packages/airflow/example_dags/example_sla_dag.py
[2023-11-30T02:38:13.524+0200] {processor.py:829} INFO - Processing file /home/seva/UCU/AutomatedDataPipelines/Homework1/venv/lib/python3.10/site-packages/airflow/example_dags/example_sla_dag.py for tasks to queue
[2023-11-30T02:38:13.525+0200] {logging_mixin.py:154} INFO - [2023-11-30T02:38:13.525+0200] {dagbag.py:536} INFO - Filling up the DagBag from /home/seva/UCU/AutomatedDataPipelines/Homework1/venv/lib/python3.10/site-packages/airflow/example_dags/example_sla_dag.py
[2023-11-30T02:38:13.534+0200] {processor.py:839} INFO - DAG(s) dict_keys(['example_sla_dag']) retrieved from /home/seva/UCU/AutomatedDataPipelines/Homework1/venv/lib/python3.10/site-packages/airflow/example_dags/example_sla_dag.py
[2023-11-30T02:38:13.560+0200] {logging_mixin.py:154} INFO - [2023-11-30T02:38:13.560+0200] {dag.py:2941} INFO - Sync 1 DAGs
[2023-11-30T02:38:13.606+0200] {logging_mixin.py:154} INFO - [2023-11-30T02:38:13.606+0200] {dag.py:3722} INFO - Setting next_dagrun for example_sla_dag to 2023-11-30T00:36:00+00:00, run_after=2023-11-30T00:38:00+00:00
[2023-11-30T02:38:13.674+0200] {processor.py:179} INFO - Processing /home/seva/UCU/AutomatedDataPipelines/Homework1/venv/lib/python3.10/site-packages/airflow/example_dags/example_sla_dag.py took 0.159 seconds
[2023-11-30T02:38:50.318+0200] {processor.py:157} INFO - Started process (PID=7347) to work on /home/seva/UCU/AutomatedDataPipelines/Homework1/venv/lib/python3.10/site-packages/airflow/example_dags/example_sla_dag.py
[2023-11-30T02:38:50.331+0200] {processor.py:829} INFO - Processing file /home/seva/UCU/AutomatedDataPipelines/Homework1/venv/lib/python3.10/site-packages/airflow/example_dags/example_sla_dag.py for tasks to queue
[2023-11-30T02:38:50.333+0200] {logging_mixin.py:154} INFO - [2023-11-30T02:38:50.332+0200] {dagbag.py:536} INFO - Filling up the DagBag from /home/seva/UCU/AutomatedDataPipelines/Homework1/venv/lib/python3.10/site-packages/airflow/example_dags/example_sla_dag.py
[2023-11-30T02:38:50.346+0200] {processor.py:839} INFO - DAG(s) dict_keys(['example_sla_dag']) retrieved from /home/seva/UCU/AutomatedDataPipelines/Homework1/venv/lib/python3.10/site-packages/airflow/example_dags/example_sla_dag.py
[2023-11-30T02:38:50.367+0200] {logging_mixin.py:154} INFO - [2023-11-30T02:38:50.367+0200] {dag.py:2941} INFO - Sync 1 DAGs
[2023-11-30T02:38:50.393+0200] {logging_mixin.py:154} INFO - [2023-11-30T02:38:50.393+0200] {dag.py:3722} INFO - Setting next_dagrun for example_sla_dag to 2023-11-30T00:36:00+00:00, run_after=2023-11-30T00:38:00+00:00
[2023-11-30T02:38:50.439+0200] {processor.py:179} INFO - Processing /home/seva/UCU/AutomatedDataPipelines/Homework1/venv/lib/python3.10/site-packages/airflow/example_dags/example_sla_dag.py took 0.125 seconds
