[2023-11-30T02:13:41.476+0200] {processor.py:157} INFO - Started process (PID=1222) to work on /home/seva/UCU/AutomatedDataPipelines/Homework1/venv/lib/python3.10/site-packages/airflow/example_dags/example_skip_dag.py
[2023-11-30T02:13:41.477+0200] {processor.py:829} INFO - Processing file /home/seva/UCU/AutomatedDataPipelines/Homework1/venv/lib/python3.10/site-packages/airflow/example_dags/example_skip_dag.py for tasks to queue
[2023-11-30T02:13:41.478+0200] {logging_mixin.py:154} INFO - [2023-11-30T02:13:41.477+0200] {dagbag.py:536} INFO - Filling up the DagBag from /home/seva/UCU/AutomatedDataPipelines/Homework1/venv/lib/python3.10/site-packages/airflow/example_dags/example_skip_dag.py
[2023-11-30T02:13:41.484+0200] {processor.py:839} INFO - DAG(s) dict_keys(['example_skip_dag']) retrieved from /home/seva/UCU/AutomatedDataPipelines/Homework1/venv/lib/python3.10/site-packages/airflow/example_dags/example_skip_dag.py
[2023-11-30T02:13:41.614+0200] {logging_mixin.py:154} INFO - [2023-11-30T02:13:41.613+0200] {manager.py:499} INFO - Created Permission View: %s
[2023-11-30T02:13:41.631+0200] {logging_mixin.py:154} INFO - [2023-11-30T02:13:41.631+0200] {manager.py:499} INFO - Created Permission View: %s
[2023-11-30T02:13:41.649+0200] {logging_mixin.py:154} INFO - [2023-11-30T02:13:41.648+0200] {manager.py:499} INFO - Created Permission View: %s
[2023-11-30T02:13:41.649+0200] {logging_mixin.py:154} INFO - [2023-11-30T02:13:41.649+0200] {dag.py:2941} INFO - Sync 1 DAGs
[2023-11-30T02:13:41.668+0200] {logging_mixin.py:154} INFO - [2023-11-30T02:13:41.668+0200] {dag.py:2963} INFO - Creating ORM DAG for example_skip_dag
[2023-11-30T02:13:41.676+0200] {logging_mixin.py:154} INFO - [2023-11-30T02:13:41.676+0200] {dag.py:3722} INFO - Setting next_dagrun for example_skip_dag to 2023-11-29T00:13:41.676217+00:00, run_after=2023-11-30T00:13:41.676217+00:00
[2023-11-30T02:13:41.717+0200] {processor.py:179} INFO - Processing /home/seva/UCU/AutomatedDataPipelines/Homework1/venv/lib/python3.10/site-packages/airflow/example_dags/example_skip_dag.py took 0.244 seconds
[2023-11-30T02:14:28.086+0200] {processor.py:157} INFO - Started process (PID=1360) to work on /home/seva/UCU/AutomatedDataPipelines/Homework1/venv/lib/python3.10/site-packages/airflow/example_dags/example_skip_dag.py
[2023-11-30T02:14:28.097+0200] {processor.py:829} INFO - Processing file /home/seva/UCU/AutomatedDataPipelines/Homework1/venv/lib/python3.10/site-packages/airflow/example_dags/example_skip_dag.py for tasks to queue
[2023-11-30T02:14:28.098+0200] {logging_mixin.py:154} INFO - [2023-11-30T02:14:28.098+0200] {dagbag.py:536} INFO - Filling up the DagBag from /home/seva/UCU/AutomatedDataPipelines/Homework1/venv/lib/python3.10/site-packages/airflow/example_dags/example_skip_dag.py
[2023-11-30T02:14:28.105+0200] {processor.py:839} INFO - DAG(s) dict_keys(['example_skip_dag']) retrieved from /home/seva/UCU/AutomatedDataPipelines/Homework1/venv/lib/python3.10/site-packages/airflow/example_dags/example_skip_dag.py
[2023-11-30T02:14:28.120+0200] {logging_mixin.py:154} INFO - [2023-11-30T02:14:28.119+0200] {dag.py:2941} INFO - Sync 1 DAGs
[2023-11-30T02:14:28.136+0200] {logging_mixin.py:154} INFO - [2023-11-30T02:14:28.135+0200] {dag.py:3722} INFO - Setting next_dagrun for example_skip_dag to 2023-11-29T00:14:28.135767+00:00, run_after=2023-11-30T00:14:28.135767+00:00
[2023-11-30T02:14:28.161+0200] {processor.py:179} INFO - Processing /home/seva/UCU/AutomatedDataPipelines/Homework1/venv/lib/python3.10/site-packages/airflow/example_dags/example_skip_dag.py took 0.078 seconds
[2023-11-30T02:15:15.053+0200] {processor.py:157} INFO - Started process (PID=1528) to work on /home/seva/UCU/AutomatedDataPipelines/Homework1/venv/lib/python3.10/site-packages/airflow/example_dags/example_skip_dag.py
[2023-11-30T02:15:15.065+0200] {processor.py:829} INFO - Processing file /home/seva/UCU/AutomatedDataPipelines/Homework1/venv/lib/python3.10/site-packages/airflow/example_dags/example_skip_dag.py for tasks to queue
[2023-11-30T02:15:15.066+0200] {logging_mixin.py:154} INFO - [2023-11-30T02:15:15.065+0200] {dagbag.py:536} INFO - Filling up the DagBag from /home/seva/UCU/AutomatedDataPipelines/Homework1/venv/lib/python3.10/site-packages/airflow/example_dags/example_skip_dag.py
[2023-11-30T02:15:15.073+0200] {processor.py:839} INFO - DAG(s) dict_keys(['example_skip_dag']) retrieved from /home/seva/UCU/AutomatedDataPipelines/Homework1/venv/lib/python3.10/site-packages/airflow/example_dags/example_skip_dag.py
[2023-11-30T02:15:15.087+0200] {logging_mixin.py:154} INFO - [2023-11-30T02:15:15.087+0200] {dag.py:2941} INFO - Sync 1 DAGs
[2023-11-30T02:15:15.104+0200] {logging_mixin.py:154} INFO - [2023-11-30T02:15:15.103+0200] {dag.py:3722} INFO - Setting next_dagrun for example_skip_dag to 2023-11-29T00:15:15.103600+00:00, run_after=2023-11-30T00:15:15.103600+00:00
[2023-11-30T02:15:15.128+0200] {processor.py:179} INFO - Processing /home/seva/UCU/AutomatedDataPipelines/Homework1/venv/lib/python3.10/site-packages/airflow/example_dags/example_skip_dag.py took 0.078 seconds
[2023-11-30T02:15:58.554+0200] {processor.py:157} INFO - Started process (PID=1700) to work on /home/seva/UCU/AutomatedDataPipelines/Homework1/venv/lib/python3.10/site-packages/airflow/example_dags/example_skip_dag.py
[2023-11-30T02:15:58.556+0200] {processor.py:829} INFO - Processing file /home/seva/UCU/AutomatedDataPipelines/Homework1/venv/lib/python3.10/site-packages/airflow/example_dags/example_skip_dag.py for tasks to queue
[2023-11-30T02:15:58.557+0200] {logging_mixin.py:154} INFO - [2023-11-30T02:15:58.557+0200] {dagbag.py:536} INFO - Filling up the DagBag from /home/seva/UCU/AutomatedDataPipelines/Homework1/venv/lib/python3.10/site-packages/airflow/example_dags/example_skip_dag.py
[2023-11-30T02:15:58.564+0200] {processor.py:839} INFO - DAG(s) dict_keys(['example_skip_dag']) retrieved from /home/seva/UCU/AutomatedDataPipelines/Homework1/venv/lib/python3.10/site-packages/airflow/example_dags/example_skip_dag.py
[2023-11-30T02:15:58.578+0200] {logging_mixin.py:154} INFO - [2023-11-30T02:15:58.578+0200] {dag.py:2941} INFO - Sync 1 DAGs
[2023-11-30T02:15:58.594+0200] {logging_mixin.py:154} INFO - [2023-11-30T02:15:58.594+0200] {dag.py:3722} INFO - Setting next_dagrun for example_skip_dag to 2023-11-29T00:15:58.594008+00:00, run_after=2023-11-30T00:15:58.594008+00:00
[2023-11-30T02:15:58.616+0200] {processor.py:179} INFO - Processing /home/seva/UCU/AutomatedDataPipelines/Homework1/venv/lib/python3.10/site-packages/airflow/example_dags/example_skip_dag.py took 0.069 seconds
[2023-11-30T02:16:46.305+0200] {processor.py:157} INFO - Started process (PID=1895) to work on /home/seva/UCU/AutomatedDataPipelines/Homework1/venv/lib/python3.10/site-packages/airflow/example_dags/example_skip_dag.py
[2023-11-30T02:16:46.307+0200] {processor.py:829} INFO - Processing file /home/seva/UCU/AutomatedDataPipelines/Homework1/venv/lib/python3.10/site-packages/airflow/example_dags/example_skip_dag.py for tasks to queue
[2023-11-30T02:16:46.308+0200] {logging_mixin.py:154} INFO - [2023-11-30T02:16:46.308+0200] {dagbag.py:536} INFO - Filling up the DagBag from /home/seva/UCU/AutomatedDataPipelines/Homework1/venv/lib/python3.10/site-packages/airflow/example_dags/example_skip_dag.py
[2023-11-30T02:16:46.315+0200] {processor.py:839} INFO - DAG(s) dict_keys(['example_skip_dag']) retrieved from /home/seva/UCU/AutomatedDataPipelines/Homework1/venv/lib/python3.10/site-packages/airflow/example_dags/example_skip_dag.py
[2023-11-30T02:16:46.329+0200] {logging_mixin.py:154} INFO - [2023-11-30T02:16:46.328+0200] {dag.py:2941} INFO - Sync 1 DAGs
[2023-11-30T02:16:46.344+0200] {logging_mixin.py:154} INFO - [2023-11-30T02:16:46.344+0200] {dag.py:3722} INFO - Setting next_dagrun for example_skip_dag to 2023-11-29T00:16:46.344359+00:00, run_after=2023-11-30T00:16:46.344359+00:00
[2023-11-30T02:16:46.369+0200] {processor.py:179} INFO - Processing /home/seva/UCU/AutomatedDataPipelines/Homework1/venv/lib/python3.10/site-packages/airflow/example_dags/example_skip_dag.py took 0.067 seconds
[2023-11-30T02:17:29.091+0200] {processor.py:157} INFO - Started process (PID=2063) to work on /home/seva/UCU/AutomatedDataPipelines/Homework1/venv/lib/python3.10/site-packages/airflow/example_dags/example_skip_dag.py
[2023-11-30T02:17:29.093+0200] {processor.py:829} INFO - Processing file /home/seva/UCU/AutomatedDataPipelines/Homework1/venv/lib/python3.10/site-packages/airflow/example_dags/example_skip_dag.py for tasks to queue
[2023-11-30T02:17:29.094+0200] {logging_mixin.py:154} INFO - [2023-11-30T02:17:29.094+0200] {dagbag.py:536} INFO - Filling up the DagBag from /home/seva/UCU/AutomatedDataPipelines/Homework1/venv/lib/python3.10/site-packages/airflow/example_dags/example_skip_dag.py
[2023-11-30T02:17:29.100+0200] {processor.py:839} INFO - DAG(s) dict_keys(['example_skip_dag']) retrieved from /home/seva/UCU/AutomatedDataPipelines/Homework1/venv/lib/python3.10/site-packages/airflow/example_dags/example_skip_dag.py
[2023-11-30T02:17:29.116+0200] {logging_mixin.py:154} INFO - [2023-11-30T02:17:29.115+0200] {dag.py:2941} INFO - Sync 1 DAGs
[2023-11-30T02:17:29.131+0200] {logging_mixin.py:154} INFO - [2023-11-30T02:17:29.130+0200] {dag.py:3722} INFO - Setting next_dagrun for example_skip_dag to 2023-11-29T00:17:29.130682+00:00, run_after=2023-11-30T00:17:29.130682+00:00
[2023-11-30T02:17:29.154+0200] {processor.py:179} INFO - Processing /home/seva/UCU/AutomatedDataPipelines/Homework1/venv/lib/python3.10/site-packages/airflow/example_dags/example_skip_dag.py took 0.066 seconds
[2023-11-30T02:18:13.596+0200] {processor.py:157} INFO - Started process (PID=2246) to work on /home/seva/UCU/AutomatedDataPipelines/Homework1/venv/lib/python3.10/site-packages/airflow/example_dags/example_skip_dag.py
[2023-11-30T02:18:13.598+0200] {processor.py:829} INFO - Processing file /home/seva/UCU/AutomatedDataPipelines/Homework1/venv/lib/python3.10/site-packages/airflow/example_dags/example_skip_dag.py for tasks to queue
[2023-11-30T02:18:13.599+0200] {logging_mixin.py:154} INFO - [2023-11-30T02:18:13.599+0200] {dagbag.py:536} INFO - Filling up the DagBag from /home/seva/UCU/AutomatedDataPipelines/Homework1/venv/lib/python3.10/site-packages/airflow/example_dags/example_skip_dag.py
[2023-11-30T02:18:13.607+0200] {processor.py:839} INFO - DAG(s) dict_keys(['example_skip_dag']) retrieved from /home/seva/UCU/AutomatedDataPipelines/Homework1/venv/lib/python3.10/site-packages/airflow/example_dags/example_skip_dag.py
[2023-11-30T02:18:13.621+0200] {logging_mixin.py:154} INFO - [2023-11-30T02:18:13.621+0200] {dag.py:2941} INFO - Sync 1 DAGs
[2023-11-30T02:18:13.639+0200] {logging_mixin.py:154} INFO - [2023-11-30T02:18:13.639+0200] {dag.py:3722} INFO - Setting next_dagrun for example_skip_dag to 2023-11-29T00:18:13.639209+00:00, run_after=2023-11-30T00:18:13.639209+00:00
[2023-11-30T02:18:13.664+0200] {processor.py:179} INFO - Processing /home/seva/UCU/AutomatedDataPipelines/Homework1/venv/lib/python3.10/site-packages/airflow/example_dags/example_skip_dag.py took 0.071 seconds
[2023-11-30T02:18:58.807+0200] {processor.py:157} INFO - Started process (PID=2427) to work on /home/seva/UCU/AutomatedDataPipelines/Homework1/venv/lib/python3.10/site-packages/airflow/example_dags/example_skip_dag.py
[2023-11-30T02:18:58.809+0200] {processor.py:829} INFO - Processing file /home/seva/UCU/AutomatedDataPipelines/Homework1/venv/lib/python3.10/site-packages/airflow/example_dags/example_skip_dag.py for tasks to queue
[2023-11-30T02:18:58.810+0200] {logging_mixin.py:154} INFO - [2023-11-30T02:18:58.810+0200] {dagbag.py:536} INFO - Filling up the DagBag from /home/seva/UCU/AutomatedDataPipelines/Homework1/venv/lib/python3.10/site-packages/airflow/example_dags/example_skip_dag.py
[2023-11-30T02:18:58.817+0200] {processor.py:839} INFO - DAG(s) dict_keys(['example_skip_dag']) retrieved from /home/seva/UCU/AutomatedDataPipelines/Homework1/venv/lib/python3.10/site-packages/airflow/example_dags/example_skip_dag.py
[2023-11-30T02:18:58.831+0200] {logging_mixin.py:154} INFO - [2023-11-30T02:18:58.831+0200] {dag.py:2941} INFO - Sync 1 DAGs
[2023-11-30T02:18:58.847+0200] {logging_mixin.py:154} INFO - [2023-11-30T02:18:58.847+0200] {dag.py:3722} INFO - Setting next_dagrun for example_skip_dag to 2023-11-29T00:18:58.847244+00:00, run_after=2023-11-30T00:18:58.847244+00:00
[2023-11-30T02:18:58.872+0200] {processor.py:179} INFO - Processing /home/seva/UCU/AutomatedDataPipelines/Homework1/venv/lib/python3.10/site-packages/airflow/example_dags/example_skip_dag.py took 0.068 seconds
[2023-11-30T02:19:42.819+0200] {processor.py:157} INFO - Started process (PID=2601) to work on /home/seva/UCU/AutomatedDataPipelines/Homework1/venv/lib/python3.10/site-packages/airflow/example_dags/example_skip_dag.py
[2023-11-30T02:19:42.820+0200] {processor.py:829} INFO - Processing file /home/seva/UCU/AutomatedDataPipelines/Homework1/venv/lib/python3.10/site-packages/airflow/example_dags/example_skip_dag.py for tasks to queue
[2023-11-30T02:19:42.821+0200] {logging_mixin.py:154} INFO - [2023-11-30T02:19:42.821+0200] {dagbag.py:536} INFO - Filling up the DagBag from /home/seva/UCU/AutomatedDataPipelines/Homework1/venv/lib/python3.10/site-packages/airflow/example_dags/example_skip_dag.py
[2023-11-30T02:19:42.828+0200] {processor.py:839} INFO - DAG(s) dict_keys(['example_skip_dag']) retrieved from /home/seva/UCU/AutomatedDataPipelines/Homework1/venv/lib/python3.10/site-packages/airflow/example_dags/example_skip_dag.py
[2023-11-30T02:19:42.841+0200] {logging_mixin.py:154} INFO - [2023-11-30T02:19:42.840+0200] {dag.py:2941} INFO - Sync 1 DAGs
[2023-11-30T02:19:42.856+0200] {logging_mixin.py:154} INFO - [2023-11-30T02:19:42.856+0200] {dag.py:3722} INFO - Setting next_dagrun for example_skip_dag to 2023-11-29T00:19:42.856393+00:00, run_after=2023-11-30T00:19:42.856393+00:00
[2023-11-30T02:19:42.879+0200] {processor.py:179} INFO - Processing /home/seva/UCU/AutomatedDataPipelines/Homework1/venv/lib/python3.10/site-packages/airflow/example_dags/example_skip_dag.py took 0.063 seconds
[2023-11-30T02:20:26.527+0200] {processor.py:157} INFO - Started process (PID=2771) to work on /home/seva/UCU/AutomatedDataPipelines/Homework1/venv/lib/python3.10/site-packages/airflow/example_dags/example_skip_dag.py
[2023-11-30T02:20:26.529+0200] {processor.py:829} INFO - Processing file /home/seva/UCU/AutomatedDataPipelines/Homework1/venv/lib/python3.10/site-packages/airflow/example_dags/example_skip_dag.py for tasks to queue
[2023-11-30T02:20:26.530+0200] {logging_mixin.py:154} INFO - [2023-11-30T02:20:26.529+0200] {dagbag.py:536} INFO - Filling up the DagBag from /home/seva/UCU/AutomatedDataPipelines/Homework1/venv/lib/python3.10/site-packages/airflow/example_dags/example_skip_dag.py
[2023-11-30T02:20:26.536+0200] {processor.py:839} INFO - DAG(s) dict_keys(['example_skip_dag']) retrieved from /home/seva/UCU/AutomatedDataPipelines/Homework1/venv/lib/python3.10/site-packages/airflow/example_dags/example_skip_dag.py
[2023-11-30T02:20:26.550+0200] {logging_mixin.py:154} INFO - [2023-11-30T02:20:26.550+0200] {dag.py:2941} INFO - Sync 1 DAGs
[2023-11-30T02:20:26.566+0200] {logging_mixin.py:154} INFO - [2023-11-30T02:20:26.566+0200] {dag.py:3722} INFO - Setting next_dagrun for example_skip_dag to 2023-11-29T00:20:26.566256+00:00, run_after=2023-11-30T00:20:26.566256+00:00
[2023-11-30T02:20:26.590+0200] {processor.py:179} INFO - Processing /home/seva/UCU/AutomatedDataPipelines/Homework1/venv/lib/python3.10/site-packages/airflow/example_dags/example_skip_dag.py took 0.066 seconds
[2023-11-30T02:21:09.997+0200] {processor.py:157} INFO - Started process (PID=2941) to work on /home/seva/UCU/AutomatedDataPipelines/Homework1/venv/lib/python3.10/site-packages/airflow/example_dags/example_skip_dag.py
[2023-11-30T02:21:10.009+0200] {processor.py:829} INFO - Processing file /home/seva/UCU/AutomatedDataPipelines/Homework1/venv/lib/python3.10/site-packages/airflow/example_dags/example_skip_dag.py for tasks to queue
[2023-11-30T02:21:10.010+0200] {logging_mixin.py:154} INFO - [2023-11-30T02:21:10.010+0200] {dagbag.py:536} INFO - Filling up the DagBag from /home/seva/UCU/AutomatedDataPipelines/Homework1/venv/lib/python3.10/site-packages/airflow/example_dags/example_skip_dag.py
[2023-11-30T02:21:10.017+0200] {processor.py:839} INFO - DAG(s) dict_keys(['example_skip_dag']) retrieved from /home/seva/UCU/AutomatedDataPipelines/Homework1/venv/lib/python3.10/site-packages/airflow/example_dags/example_skip_dag.py
[2023-11-30T02:21:10.031+0200] {logging_mixin.py:154} INFO - [2023-11-30T02:21:10.030+0200] {dag.py:2941} INFO - Sync 1 DAGs
[2023-11-30T02:21:10.047+0200] {logging_mixin.py:154} INFO - [2023-11-30T02:21:10.046+0200] {dag.py:3722} INFO - Setting next_dagrun for example_skip_dag to 2023-11-29T00:21:10.046600+00:00, run_after=2023-11-30T00:21:10.046600+00:00
[2023-11-30T02:21:10.088+0200] {processor.py:179} INFO - Processing /home/seva/UCU/AutomatedDataPipelines/Homework1/venv/lib/python3.10/site-packages/airflow/example_dags/example_skip_dag.py took 0.094 seconds
[2023-11-30T02:21:52.826+0200] {processor.py:157} INFO - Started process (PID=3113) to work on /home/seva/UCU/AutomatedDataPipelines/Homework1/venv/lib/python3.10/site-packages/airflow/example_dags/example_skip_dag.py
[2023-11-30T02:21:52.838+0200] {processor.py:829} INFO - Processing file /home/seva/UCU/AutomatedDataPipelines/Homework1/venv/lib/python3.10/site-packages/airflow/example_dags/example_skip_dag.py for tasks to queue
[2023-11-30T02:21:52.839+0200] {logging_mixin.py:154} INFO - [2023-11-30T02:21:52.838+0200] {dagbag.py:536} INFO - Filling up the DagBag from /home/seva/UCU/AutomatedDataPipelines/Homework1/venv/lib/python3.10/site-packages/airflow/example_dags/example_skip_dag.py
[2023-11-30T02:21:52.846+0200] {processor.py:839} INFO - DAG(s) dict_keys(['example_skip_dag']) retrieved from /home/seva/UCU/AutomatedDataPipelines/Homework1/venv/lib/python3.10/site-packages/airflow/example_dags/example_skip_dag.py
[2023-11-30T02:21:52.859+0200] {logging_mixin.py:154} INFO - [2023-11-30T02:21:52.859+0200] {dag.py:2941} INFO - Sync 1 DAGs
[2023-11-30T02:21:52.875+0200] {logging_mixin.py:154} INFO - [2023-11-30T02:21:52.874+0200] {dag.py:3722} INFO - Setting next_dagrun for example_skip_dag to 2023-11-29T00:21:52.874784+00:00, run_after=2023-11-30T00:21:52.874784+00:00
[2023-11-30T02:21:52.899+0200] {processor.py:179} INFO - Processing /home/seva/UCU/AutomatedDataPipelines/Homework1/venv/lib/python3.10/site-packages/airflow/example_dags/example_skip_dag.py took 0.076 seconds
[2023-11-30T02:22:35.426+0200] {processor.py:157} INFO - Started process (PID=3280) to work on /home/seva/UCU/AutomatedDataPipelines/Homework1/venv/lib/python3.10/site-packages/airflow/example_dags/example_skip_dag.py
[2023-11-30T02:22:35.438+0200] {processor.py:829} INFO - Processing file /home/seva/UCU/AutomatedDataPipelines/Homework1/venv/lib/python3.10/site-packages/airflow/example_dags/example_skip_dag.py for tasks to queue
[2023-11-30T02:22:35.439+0200] {logging_mixin.py:154} INFO - [2023-11-30T02:22:35.439+0200] {dagbag.py:536} INFO - Filling up the DagBag from /home/seva/UCU/AutomatedDataPipelines/Homework1/venv/lib/python3.10/site-packages/airflow/example_dags/example_skip_dag.py
[2023-11-30T02:22:35.447+0200] {processor.py:839} INFO - DAG(s) dict_keys(['example_skip_dag']) retrieved from /home/seva/UCU/AutomatedDataPipelines/Homework1/venv/lib/python3.10/site-packages/airflow/example_dags/example_skip_dag.py
[2023-11-30T02:22:35.463+0200] {logging_mixin.py:154} INFO - [2023-11-30T02:22:35.462+0200] {dag.py:2941} INFO - Sync 1 DAGs
[2023-11-30T02:22:35.479+0200] {logging_mixin.py:154} INFO - [2023-11-30T02:22:35.479+0200] {dag.py:3722} INFO - Setting next_dagrun for example_skip_dag to 2023-11-29T00:22:35.478921+00:00, run_after=2023-11-30T00:22:35.478921+00:00
[2023-11-30T02:22:35.504+0200] {processor.py:179} INFO - Processing /home/seva/UCU/AutomatedDataPipelines/Homework1/venv/lib/python3.10/site-packages/airflow/example_dags/example_skip_dag.py took 0.080 seconds
[2023-11-30T02:23:21.895+0200] {processor.py:157} INFO - Started process (PID=3466) to work on /home/seva/UCU/AutomatedDataPipelines/Homework1/venv/lib/python3.10/site-packages/airflow/example_dags/example_skip_dag.py
[2023-11-30T02:23:21.907+0200] {processor.py:829} INFO - Processing file /home/seva/UCU/AutomatedDataPipelines/Homework1/venv/lib/python3.10/site-packages/airflow/example_dags/example_skip_dag.py for tasks to queue
[2023-11-30T02:23:21.908+0200] {logging_mixin.py:154} INFO - [2023-11-30T02:23:21.908+0200] {dagbag.py:536} INFO - Filling up the DagBag from /home/seva/UCU/AutomatedDataPipelines/Homework1/venv/lib/python3.10/site-packages/airflow/example_dags/example_skip_dag.py
[2023-11-30T02:23:21.915+0200] {processor.py:839} INFO - DAG(s) dict_keys(['example_skip_dag']) retrieved from /home/seva/UCU/AutomatedDataPipelines/Homework1/venv/lib/python3.10/site-packages/airflow/example_dags/example_skip_dag.py
[2023-11-30T02:23:21.929+0200] {logging_mixin.py:154} INFO - [2023-11-30T02:23:21.929+0200] {dag.py:2941} INFO - Sync 1 DAGs
[2023-11-30T02:23:21.946+0200] {logging_mixin.py:154} INFO - [2023-11-30T02:23:21.945+0200] {dag.py:3722} INFO - Setting next_dagrun for example_skip_dag to 2023-11-29T00:23:21.945670+00:00, run_after=2023-11-30T00:23:21.945670+00:00
[2023-11-30T02:23:21.970+0200] {processor.py:179} INFO - Processing /home/seva/UCU/AutomatedDataPipelines/Homework1/venv/lib/python3.10/site-packages/airflow/example_dags/example_skip_dag.py took 0.078 seconds
[2023-11-30T02:24:05.228+0200] {processor.py:157} INFO - Started process (PID=3637) to work on /home/seva/UCU/AutomatedDataPipelines/Homework1/venv/lib/python3.10/site-packages/airflow/example_dags/example_skip_dag.py
[2023-11-30T02:24:05.239+0200] {processor.py:829} INFO - Processing file /home/seva/UCU/AutomatedDataPipelines/Homework1/venv/lib/python3.10/site-packages/airflow/example_dags/example_skip_dag.py for tasks to queue
[2023-11-30T02:24:05.240+0200] {logging_mixin.py:154} INFO - [2023-11-30T02:24:05.240+0200] {dagbag.py:536} INFO - Filling up the DagBag from /home/seva/UCU/AutomatedDataPipelines/Homework1/venv/lib/python3.10/site-packages/airflow/example_dags/example_skip_dag.py
[2023-11-30T02:24:05.247+0200] {processor.py:839} INFO - DAG(s) dict_keys(['example_skip_dag']) retrieved from /home/seva/UCU/AutomatedDataPipelines/Homework1/venv/lib/python3.10/site-packages/airflow/example_dags/example_skip_dag.py
[2023-11-30T02:24:05.261+0200] {logging_mixin.py:154} INFO - [2023-11-30T02:24:05.260+0200] {dag.py:2941} INFO - Sync 1 DAGs
[2023-11-30T02:24:05.276+0200] {logging_mixin.py:154} INFO - [2023-11-30T02:24:05.276+0200] {dag.py:3722} INFO - Setting next_dagrun for example_skip_dag to 2023-11-29T00:24:05.275950+00:00, run_after=2023-11-30T00:24:05.275950+00:00
[2023-11-30T02:24:05.300+0200] {processor.py:179} INFO - Processing /home/seva/UCU/AutomatedDataPipelines/Homework1/venv/lib/python3.10/site-packages/airflow/example_dags/example_skip_dag.py took 0.075 seconds
[2023-11-30T02:24:53.193+0200] {processor.py:157} INFO - Started process (PID=3824) to work on /home/seva/UCU/AutomatedDataPipelines/Homework1/venv/lib/python3.10/site-packages/airflow/example_dags/example_skip_dag.py
[2023-11-30T02:24:53.205+0200] {processor.py:829} INFO - Processing file /home/seva/UCU/AutomatedDataPipelines/Homework1/venv/lib/python3.10/site-packages/airflow/example_dags/example_skip_dag.py for tasks to queue
[2023-11-30T02:24:53.206+0200] {logging_mixin.py:154} INFO - [2023-11-30T02:24:53.206+0200] {dagbag.py:536} INFO - Filling up the DagBag from /home/seva/UCU/AutomatedDataPipelines/Homework1/venv/lib/python3.10/site-packages/airflow/example_dags/example_skip_dag.py
[2023-11-30T02:24:53.212+0200] {processor.py:839} INFO - DAG(s) dict_keys(['example_skip_dag']) retrieved from /home/seva/UCU/AutomatedDataPipelines/Homework1/venv/lib/python3.10/site-packages/airflow/example_dags/example_skip_dag.py
[2023-11-30T02:24:53.227+0200] {logging_mixin.py:154} INFO - [2023-11-30T02:24:53.226+0200] {dag.py:2941} INFO - Sync 1 DAGs
[2023-11-30T02:24:53.242+0200] {logging_mixin.py:154} INFO - [2023-11-30T02:24:53.242+0200] {dag.py:3722} INFO - Setting next_dagrun for example_skip_dag to 2023-11-29T00:24:53.242097+00:00, run_after=2023-11-30T00:24:53.242097+00:00
[2023-11-30T02:24:53.267+0200] {processor.py:179} INFO - Processing /home/seva/UCU/AutomatedDataPipelines/Homework1/venv/lib/python3.10/site-packages/airflow/example_dags/example_skip_dag.py took 0.077 seconds
[2023-11-30T02:25:35.618+0200] {processor.py:157} INFO - Started process (PID=3996) to work on /home/seva/UCU/AutomatedDataPipelines/Homework1/venv/lib/python3.10/site-packages/airflow/example_dags/example_skip_dag.py
[2023-11-30T02:25:35.631+0200] {processor.py:829} INFO - Processing file /home/seva/UCU/AutomatedDataPipelines/Homework1/venv/lib/python3.10/site-packages/airflow/example_dags/example_skip_dag.py for tasks to queue
[2023-11-30T02:25:35.632+0200] {logging_mixin.py:154} INFO - [2023-11-30T02:25:35.631+0200] {dagbag.py:536} INFO - Filling up the DagBag from /home/seva/UCU/AutomatedDataPipelines/Homework1/venv/lib/python3.10/site-packages/airflow/example_dags/example_skip_dag.py
[2023-11-30T02:25:35.639+0200] {processor.py:839} INFO - DAG(s) dict_keys(['example_skip_dag']) retrieved from /home/seva/UCU/AutomatedDataPipelines/Homework1/venv/lib/python3.10/site-packages/airflow/example_dags/example_skip_dag.py
[2023-11-30T02:25:35.654+0200] {logging_mixin.py:154} INFO - [2023-11-30T02:25:35.654+0200] {dag.py:2941} INFO - Sync 1 DAGs
[2023-11-30T02:25:35.669+0200] {logging_mixin.py:154} INFO - [2023-11-30T02:25:35.669+0200] {dag.py:3722} INFO - Setting next_dagrun for example_skip_dag to 2023-11-29T00:25:35.669164+00:00, run_after=2023-11-30T00:25:35.669164+00:00
[2023-11-30T02:25:35.693+0200] {processor.py:179} INFO - Processing /home/seva/UCU/AutomatedDataPipelines/Homework1/venv/lib/python3.10/site-packages/airflow/example_dags/example_skip_dag.py took 0.078 seconds
[2023-11-30T02:26:16.780+0200] {processor.py:157} INFO - Started process (PID=4158) to work on /home/seva/UCU/AutomatedDataPipelines/Homework1/venv/lib/python3.10/site-packages/airflow/example_dags/example_skip_dag.py
[2023-11-30T02:26:16.783+0200] {processor.py:829} INFO - Processing file /home/seva/UCU/AutomatedDataPipelines/Homework1/venv/lib/python3.10/site-packages/airflow/example_dags/example_skip_dag.py for tasks to queue
[2023-11-30T02:26:16.784+0200] {logging_mixin.py:154} INFO - [2023-11-30T02:26:16.783+0200] {dagbag.py:536} INFO - Filling up the DagBag from /home/seva/UCU/AutomatedDataPipelines/Homework1/venv/lib/python3.10/site-packages/airflow/example_dags/example_skip_dag.py
[2023-11-30T02:26:16.790+0200] {processor.py:839} INFO - DAG(s) dict_keys(['example_skip_dag']) retrieved from /home/seva/UCU/AutomatedDataPipelines/Homework1/venv/lib/python3.10/site-packages/airflow/example_dags/example_skip_dag.py
[2023-11-30T02:26:16.804+0200] {logging_mixin.py:154} INFO - [2023-11-30T02:26:16.804+0200] {dag.py:2941} INFO - Sync 1 DAGs
[2023-11-30T02:26:16.821+0200] {logging_mixin.py:154} INFO - [2023-11-30T02:26:16.821+0200] {dag.py:3722} INFO - Setting next_dagrun for example_skip_dag to 2023-11-29T00:26:16.821198+00:00, run_after=2023-11-30T00:26:16.821198+00:00
[2023-11-30T02:26:16.844+0200] {processor.py:179} INFO - Processing /home/seva/UCU/AutomatedDataPipelines/Homework1/venv/lib/python3.10/site-packages/airflow/example_dags/example_skip_dag.py took 0.067 seconds
[2023-11-30T02:27:08.293+0200] {processor.py:157} INFO - Started process (PID=4354) to work on /home/seva/UCU/AutomatedDataPipelines/Homework1/venv/lib/python3.10/site-packages/airflow/example_dags/example_skip_dag.py
[2023-11-30T02:27:08.305+0200] {processor.py:829} INFO - Processing file /home/seva/UCU/AutomatedDataPipelines/Homework1/venv/lib/python3.10/site-packages/airflow/example_dags/example_skip_dag.py for tasks to queue
[2023-11-30T02:27:08.306+0200] {logging_mixin.py:154} INFO - [2023-11-30T02:27:08.305+0200] {dagbag.py:536} INFO - Filling up the DagBag from /home/seva/UCU/AutomatedDataPipelines/Homework1/venv/lib/python3.10/site-packages/airflow/example_dags/example_skip_dag.py
[2023-11-30T02:27:08.312+0200] {processor.py:839} INFO - DAG(s) dict_keys(['example_skip_dag']) retrieved from /home/seva/UCU/AutomatedDataPipelines/Homework1/venv/lib/python3.10/site-packages/airflow/example_dags/example_skip_dag.py
[2023-11-30T02:27:08.326+0200] {logging_mixin.py:154} INFO - [2023-11-30T02:27:08.325+0200] {dag.py:2941} INFO - Sync 1 DAGs
[2023-11-30T02:27:08.340+0200] {logging_mixin.py:154} INFO - [2023-11-30T02:27:08.340+0200] {dag.py:3722} INFO - Setting next_dagrun for example_skip_dag to 2023-11-29T00:27:08.340519+00:00, run_after=2023-11-30T00:27:08.340519+00:00
[2023-11-30T02:27:08.381+0200] {processor.py:179} INFO - Processing /home/seva/UCU/AutomatedDataPipelines/Homework1/venv/lib/python3.10/site-packages/airflow/example_dags/example_skip_dag.py took 0.091 seconds
[2023-11-30T02:27:56.714+0200] {processor.py:157} INFO - Started process (PID=4547) to work on /home/seva/UCU/AutomatedDataPipelines/Homework1/venv/lib/python3.10/site-packages/airflow/example_dags/example_skip_dag.py
[2023-11-30T02:27:56.725+0200] {processor.py:829} INFO - Processing file /home/seva/UCU/AutomatedDataPipelines/Homework1/venv/lib/python3.10/site-packages/airflow/example_dags/example_skip_dag.py for tasks to queue
[2023-11-30T02:27:56.726+0200] {logging_mixin.py:154} INFO - [2023-11-30T02:27:56.726+0200] {dagbag.py:536} INFO - Filling up the DagBag from /home/seva/UCU/AutomatedDataPipelines/Homework1/venv/lib/python3.10/site-packages/airflow/example_dags/example_skip_dag.py
[2023-11-30T02:27:56.732+0200] {processor.py:839} INFO - DAG(s) dict_keys(['example_skip_dag']) retrieved from /home/seva/UCU/AutomatedDataPipelines/Homework1/venv/lib/python3.10/site-packages/airflow/example_dags/example_skip_dag.py
[2023-11-30T02:27:56.747+0200] {logging_mixin.py:154} INFO - [2023-11-30T02:27:56.747+0200] {dag.py:2941} INFO - Sync 1 DAGs
[2023-11-30T02:27:56.765+0200] {logging_mixin.py:154} INFO - [2023-11-30T02:27:56.764+0200] {dag.py:3722} INFO - Setting next_dagrun for example_skip_dag to 2023-11-29T00:27:56.764409+00:00, run_after=2023-11-30T00:27:56.764409+00:00
[2023-11-30T02:27:56.803+0200] {processor.py:179} INFO - Processing /home/seva/UCU/AutomatedDataPipelines/Homework1/venv/lib/python3.10/site-packages/airflow/example_dags/example_skip_dag.py took 0.092 seconds
[2023-11-30T02:28:39.655+0200] {processor.py:157} INFO - Started process (PID=4719) to work on /home/seva/UCU/AutomatedDataPipelines/Homework1/venv/lib/python3.10/site-packages/airflow/example_dags/example_skip_dag.py
[2023-11-30T02:28:39.667+0200] {processor.py:829} INFO - Processing file /home/seva/UCU/AutomatedDataPipelines/Homework1/venv/lib/python3.10/site-packages/airflow/example_dags/example_skip_dag.py for tasks to queue
[2023-11-30T02:28:39.668+0200] {logging_mixin.py:154} INFO - [2023-11-30T02:28:39.667+0200] {dagbag.py:536} INFO - Filling up the DagBag from /home/seva/UCU/AutomatedDataPipelines/Homework1/venv/lib/python3.10/site-packages/airflow/example_dags/example_skip_dag.py
[2023-11-30T02:28:39.673+0200] {processor.py:839} INFO - DAG(s) dict_keys(['example_skip_dag']) retrieved from /home/seva/UCU/AutomatedDataPipelines/Homework1/venv/lib/python3.10/site-packages/airflow/example_dags/example_skip_dag.py
[2023-11-30T02:28:39.687+0200] {logging_mixin.py:154} INFO - [2023-11-30T02:28:39.687+0200] {dag.py:2941} INFO - Sync 1 DAGs
[2023-11-30T02:28:39.702+0200] {logging_mixin.py:154} INFO - [2023-11-30T02:28:39.702+0200] {dag.py:3722} INFO - Setting next_dagrun for example_skip_dag to 2023-11-29T00:28:39.702295+00:00, run_after=2023-11-30T00:28:39.702295+00:00
[2023-11-30T02:28:39.728+0200] {processor.py:179} INFO - Processing /home/seva/UCU/AutomatedDataPipelines/Homework1/venv/lib/python3.10/site-packages/airflow/example_dags/example_skip_dag.py took 0.076 seconds
[2023-11-30T02:29:26.860+0200] {processor.py:157} INFO - Started process (PID=4903) to work on /home/seva/UCU/AutomatedDataPipelines/Homework1/venv/lib/python3.10/site-packages/airflow/example_dags/example_skip_dag.py
[2023-11-30T02:29:26.862+0200] {processor.py:829} INFO - Processing file /home/seva/UCU/AutomatedDataPipelines/Homework1/venv/lib/python3.10/site-packages/airflow/example_dags/example_skip_dag.py for tasks to queue
[2023-11-30T02:29:26.863+0200] {logging_mixin.py:154} INFO - [2023-11-30T02:29:26.863+0200] {dagbag.py:536} INFO - Filling up the DagBag from /home/seva/UCU/AutomatedDataPipelines/Homework1/venv/lib/python3.10/site-packages/airflow/example_dags/example_skip_dag.py
[2023-11-30T02:29:26.869+0200] {processor.py:839} INFO - DAG(s) dict_keys(['example_skip_dag']) retrieved from /home/seva/UCU/AutomatedDataPipelines/Homework1/venv/lib/python3.10/site-packages/airflow/example_dags/example_skip_dag.py
[2023-11-30T02:29:26.884+0200] {logging_mixin.py:154} INFO - [2023-11-30T02:29:26.883+0200] {dag.py:2941} INFO - Sync 1 DAGs
[2023-11-30T02:29:26.900+0200] {logging_mixin.py:154} INFO - [2023-11-30T02:29:26.899+0200] {dag.py:3722} INFO - Setting next_dagrun for example_skip_dag to 2023-11-29T00:29:26.899791+00:00, run_after=2023-11-30T00:29:26.899791+00:00
[2023-11-30T02:29:26.923+0200] {processor.py:179} INFO - Processing /home/seva/UCU/AutomatedDataPipelines/Homework1/venv/lib/python3.10/site-packages/airflow/example_dags/example_skip_dag.py took 0.066 seconds
[2023-11-30T02:30:10.908+0200] {processor.py:157} INFO - Started process (PID=5080) to work on /home/seva/UCU/AutomatedDataPipelines/Homework1/venv/lib/python3.10/site-packages/airflow/example_dags/example_skip_dag.py
[2023-11-30T02:30:10.920+0200] {processor.py:829} INFO - Processing file /home/seva/UCU/AutomatedDataPipelines/Homework1/venv/lib/python3.10/site-packages/airflow/example_dags/example_skip_dag.py for tasks to queue
[2023-11-30T02:30:10.921+0200] {logging_mixin.py:154} INFO - [2023-11-30T02:30:10.920+0200] {dagbag.py:536} INFO - Filling up the DagBag from /home/seva/UCU/AutomatedDataPipelines/Homework1/venv/lib/python3.10/site-packages/airflow/example_dags/example_skip_dag.py
[2023-11-30T02:30:10.928+0200] {processor.py:839} INFO - DAG(s) dict_keys(['example_skip_dag']) retrieved from /home/seva/UCU/AutomatedDataPipelines/Homework1/venv/lib/python3.10/site-packages/airflow/example_dags/example_skip_dag.py
[2023-11-30T02:30:10.942+0200] {logging_mixin.py:154} INFO - [2023-11-30T02:30:10.942+0200] {dag.py:2941} INFO - Sync 1 DAGs
[2023-11-30T02:30:10.958+0200] {logging_mixin.py:154} INFO - [2023-11-30T02:30:10.958+0200] {dag.py:3722} INFO - Setting next_dagrun for example_skip_dag to 2023-11-29T00:30:10.958095+00:00, run_after=2023-11-30T00:30:10.958095+00:00
[2023-11-30T02:30:10.982+0200] {processor.py:179} INFO - Processing /home/seva/UCU/AutomatedDataPipelines/Homework1/venv/lib/python3.10/site-packages/airflow/example_dags/example_skip_dag.py took 0.077 seconds
[2023-11-30T02:30:56.033+0200] {processor.py:157} INFO - Started process (PID=5253) to work on /home/seva/UCU/AutomatedDataPipelines/Homework1/venv/lib/python3.10/site-packages/airflow/example_dags/example_skip_dag.py
[2023-11-30T02:30:56.045+0200] {processor.py:829} INFO - Processing file /home/seva/UCU/AutomatedDataPipelines/Homework1/venv/lib/python3.10/site-packages/airflow/example_dags/example_skip_dag.py for tasks to queue
[2023-11-30T02:30:56.047+0200] {logging_mixin.py:154} INFO - [2023-11-30T02:30:56.046+0200] {dagbag.py:536} INFO - Filling up the DagBag from /home/seva/UCU/AutomatedDataPipelines/Homework1/venv/lib/python3.10/site-packages/airflow/example_dags/example_skip_dag.py
[2023-11-30T02:30:56.052+0200] {processor.py:839} INFO - DAG(s) dict_keys(['example_skip_dag']) retrieved from /home/seva/UCU/AutomatedDataPipelines/Homework1/venv/lib/python3.10/site-packages/airflow/example_dags/example_skip_dag.py
[2023-11-30T02:30:56.067+0200] {logging_mixin.py:154} INFO - [2023-11-30T02:30:56.067+0200] {dag.py:2941} INFO - Sync 1 DAGs
[2023-11-30T02:30:56.083+0200] {logging_mixin.py:154} INFO - [2023-11-30T02:30:56.082+0200] {dag.py:3722} INFO - Setting next_dagrun for example_skip_dag to 2023-11-29T00:30:56.082690+00:00, run_after=2023-11-30T00:30:56.082690+00:00
[2023-11-30T02:30:56.107+0200] {processor.py:179} INFO - Processing /home/seva/UCU/AutomatedDataPipelines/Homework1/venv/lib/python3.10/site-packages/airflow/example_dags/example_skip_dag.py took 0.077 seconds
[2023-11-30T02:31:42.193+0200] {processor.py:157} INFO - Started process (PID=5439) to work on /home/seva/UCU/AutomatedDataPipelines/Homework1/venv/lib/python3.10/site-packages/airflow/example_dags/example_skip_dag.py
[2023-11-30T02:31:42.205+0200] {processor.py:829} INFO - Processing file /home/seva/UCU/AutomatedDataPipelines/Homework1/venv/lib/python3.10/site-packages/airflow/example_dags/example_skip_dag.py for tasks to queue
[2023-11-30T02:31:42.207+0200] {logging_mixin.py:154} INFO - [2023-11-30T02:31:42.206+0200] {dagbag.py:536} INFO - Filling up the DagBag from /home/seva/UCU/AutomatedDataPipelines/Homework1/venv/lib/python3.10/site-packages/airflow/example_dags/example_skip_dag.py
[2023-11-30T02:31:42.213+0200] {processor.py:839} INFO - DAG(s) dict_keys(['example_skip_dag']) retrieved from /home/seva/UCU/AutomatedDataPipelines/Homework1/venv/lib/python3.10/site-packages/airflow/example_dags/example_skip_dag.py
[2023-11-30T02:31:42.228+0200] {logging_mixin.py:154} INFO - [2023-11-30T02:31:42.228+0200] {dag.py:2941} INFO - Sync 1 DAGs
[2023-11-30T02:31:42.244+0200] {logging_mixin.py:154} INFO - [2023-11-30T02:31:42.244+0200] {dag.py:3722} INFO - Setting next_dagrun for example_skip_dag to 2023-11-29T00:31:42.243981+00:00, run_after=2023-11-30T00:31:42.243981+00:00
[2023-11-30T02:31:42.280+0200] {processor.py:179} INFO - Processing /home/seva/UCU/AutomatedDataPipelines/Homework1/venv/lib/python3.10/site-packages/airflow/example_dags/example_skip_dag.py took 0.090 seconds
[2023-11-30T02:32:25.567+0200] {processor.py:157} INFO - Started process (PID=5612) to work on /home/seva/UCU/AutomatedDataPipelines/Homework1/venv/lib/python3.10/site-packages/airflow/example_dags/example_skip_dag.py
[2023-11-30T02:32:25.569+0200] {processor.py:829} INFO - Processing file /home/seva/UCU/AutomatedDataPipelines/Homework1/venv/lib/python3.10/site-packages/airflow/example_dags/example_skip_dag.py for tasks to queue
[2023-11-30T02:32:25.570+0200] {logging_mixin.py:154} INFO - [2023-11-30T02:32:25.569+0200] {dagbag.py:536} INFO - Filling up the DagBag from /home/seva/UCU/AutomatedDataPipelines/Homework1/venv/lib/python3.10/site-packages/airflow/example_dags/example_skip_dag.py
[2023-11-30T02:32:25.578+0200] {processor.py:839} INFO - DAG(s) dict_keys(['example_skip_dag']) retrieved from /home/seva/UCU/AutomatedDataPipelines/Homework1/venv/lib/python3.10/site-packages/airflow/example_dags/example_skip_dag.py
[2023-11-30T02:32:25.597+0200] {logging_mixin.py:154} INFO - [2023-11-30T02:32:25.597+0200] {dag.py:2941} INFO - Sync 1 DAGs
[2023-11-30T02:32:25.621+0200] {logging_mixin.py:154} INFO - [2023-11-30T02:32:25.621+0200] {dag.py:3722} INFO - Setting next_dagrun for example_skip_dag to 2023-11-29T00:32:25.620770+00:00, run_after=2023-11-30T00:32:25.620770+00:00
[2023-11-30T02:32:25.647+0200] {processor.py:179} INFO - Processing /home/seva/UCU/AutomatedDataPipelines/Homework1/venv/lib/python3.10/site-packages/airflow/example_dags/example_skip_dag.py took 0.084 seconds
[2023-11-30T02:33:13.591+0200] {processor.py:157} INFO - Started process (PID=5826) to work on /home/seva/UCU/AutomatedDataPipelines/Homework1/venv/lib/python3.10/site-packages/airflow/example_dags/example_skip_dag.py
[2023-11-30T02:33:13.603+0200] {processor.py:829} INFO - Processing file /home/seva/UCU/AutomatedDataPipelines/Homework1/venv/lib/python3.10/site-packages/airflow/example_dags/example_skip_dag.py for tasks to queue
[2023-11-30T02:33:13.604+0200] {logging_mixin.py:154} INFO - [2023-11-30T02:33:13.603+0200] {dagbag.py:536} INFO - Filling up the DagBag from /home/seva/UCU/AutomatedDataPipelines/Homework1/venv/lib/python3.10/site-packages/airflow/example_dags/example_skip_dag.py
[2023-11-30T02:33:13.612+0200] {processor.py:839} INFO - DAG(s) dict_keys(['example_skip_dag']) retrieved from /home/seva/UCU/AutomatedDataPipelines/Homework1/venv/lib/python3.10/site-packages/airflow/example_dags/example_skip_dag.py
[2023-11-30T02:33:13.634+0200] {logging_mixin.py:154} INFO - [2023-11-30T02:33:13.633+0200] {dag.py:2941} INFO - Sync 1 DAGs
[2023-11-30T02:33:13.653+0200] {logging_mixin.py:154} INFO - [2023-11-30T02:33:13.653+0200] {dag.py:3722} INFO - Setting next_dagrun for example_skip_dag to 2023-11-29T00:33:13.652861+00:00, run_after=2023-11-30T00:33:13.652861+00:00
[2023-11-30T02:33:13.678+0200] {processor.py:179} INFO - Processing /home/seva/UCU/AutomatedDataPipelines/Homework1/venv/lib/python3.10/site-packages/airflow/example_dags/example_skip_dag.py took 0.090 seconds
[2023-11-30T02:34:00.700+0200] {processor.py:157} INFO - Started process (PID=6012) to work on /home/seva/UCU/AutomatedDataPipelines/Homework1/venv/lib/python3.10/site-packages/airflow/example_dags/example_skip_dag.py
[2023-11-30T02:34:00.703+0200] {processor.py:829} INFO - Processing file /home/seva/UCU/AutomatedDataPipelines/Homework1/venv/lib/python3.10/site-packages/airflow/example_dags/example_skip_dag.py for tasks to queue
[2023-11-30T02:34:00.704+0200] {logging_mixin.py:154} INFO - [2023-11-30T02:34:00.704+0200] {dagbag.py:536} INFO - Filling up the DagBag from /home/seva/UCU/AutomatedDataPipelines/Homework1/venv/lib/python3.10/site-packages/airflow/example_dags/example_skip_dag.py
[2023-11-30T02:34:00.712+0200] {processor.py:839} INFO - DAG(s) dict_keys(['example_skip_dag']) retrieved from /home/seva/UCU/AutomatedDataPipelines/Homework1/venv/lib/python3.10/site-packages/airflow/example_dags/example_skip_dag.py
[2023-11-30T02:34:00.734+0200] {logging_mixin.py:154} INFO - [2023-11-30T02:34:00.734+0200] {dag.py:2941} INFO - Sync 1 DAGs
[2023-11-30T02:34:00.762+0200] {logging_mixin.py:154} INFO - [2023-11-30T02:34:00.762+0200] {dag.py:3722} INFO - Setting next_dagrun for example_skip_dag to 2023-11-29T00:34:00.761712+00:00, run_after=2023-11-30T00:34:00.761712+00:00
[2023-11-30T02:34:00.798+0200] {processor.py:179} INFO - Processing /home/seva/UCU/AutomatedDataPipelines/Homework1/venv/lib/python3.10/site-packages/airflow/example_dags/example_skip_dag.py took 0.102 seconds
[2023-11-30T02:34:51.662+0200] {processor.py:157} INFO - Started process (PID=6216) to work on /home/seva/UCU/AutomatedDataPipelines/Homework1/venv/lib/python3.10/site-packages/airflow/example_dags/example_skip_dag.py
[2023-11-30T02:34:51.675+0200] {processor.py:829} INFO - Processing file /home/seva/UCU/AutomatedDataPipelines/Homework1/venv/lib/python3.10/site-packages/airflow/example_dags/example_skip_dag.py for tasks to queue
[2023-11-30T02:34:51.676+0200] {logging_mixin.py:154} INFO - [2023-11-30T02:34:51.675+0200] {dagbag.py:536} INFO - Filling up the DagBag from /home/seva/UCU/AutomatedDataPipelines/Homework1/venv/lib/python3.10/site-packages/airflow/example_dags/example_skip_dag.py
[2023-11-30T02:34:51.683+0200] {processor.py:839} INFO - DAG(s) dict_keys(['example_skip_dag']) retrieved from /home/seva/UCU/AutomatedDataPipelines/Homework1/venv/lib/python3.10/site-packages/airflow/example_dags/example_skip_dag.py
[2023-11-30T02:34:51.697+0200] {logging_mixin.py:154} INFO - [2023-11-30T02:34:51.697+0200] {dag.py:2941} INFO - Sync 1 DAGs
[2023-11-30T02:34:51.713+0200] {logging_mixin.py:154} INFO - [2023-11-30T02:34:51.713+0200] {dag.py:3722} INFO - Setting next_dagrun for example_skip_dag to 2023-11-29T00:34:51.712882+00:00, run_after=2023-11-30T00:34:51.712882+00:00
[2023-11-30T02:34:51.737+0200] {processor.py:179} INFO - Processing /home/seva/UCU/AutomatedDataPipelines/Homework1/venv/lib/python3.10/site-packages/airflow/example_dags/example_skip_dag.py took 0.078 seconds
[2023-11-30T02:35:37.198+0200] {processor.py:157} INFO - Started process (PID=6397) to work on /home/seva/UCU/AutomatedDataPipelines/Homework1/venv/lib/python3.10/site-packages/airflow/example_dags/example_skip_dag.py
[2023-11-30T02:35:37.210+0200] {processor.py:829} INFO - Processing file /home/seva/UCU/AutomatedDataPipelines/Homework1/venv/lib/python3.10/site-packages/airflow/example_dags/example_skip_dag.py for tasks to queue
[2023-11-30T02:35:37.211+0200] {logging_mixin.py:154} INFO - [2023-11-30T02:35:37.211+0200] {dagbag.py:536} INFO - Filling up the DagBag from /home/seva/UCU/AutomatedDataPipelines/Homework1/venv/lib/python3.10/site-packages/airflow/example_dags/example_skip_dag.py
[2023-11-30T02:35:37.218+0200] {processor.py:839} INFO - DAG(s) dict_keys(['example_skip_dag']) retrieved from /home/seva/UCU/AutomatedDataPipelines/Homework1/venv/lib/python3.10/site-packages/airflow/example_dags/example_skip_dag.py
[2023-11-30T02:35:37.232+0200] {logging_mixin.py:154} INFO - [2023-11-30T02:35:37.232+0200] {dag.py:2941} INFO - Sync 1 DAGs
[2023-11-30T02:35:37.247+0200] {logging_mixin.py:154} INFO - [2023-11-30T02:35:37.247+0200] {dag.py:3722} INFO - Setting next_dagrun for example_skip_dag to 2023-11-29T00:35:37.247309+00:00, run_after=2023-11-30T00:35:37.247309+00:00
[2023-11-30T02:35:37.272+0200] {processor.py:179} INFO - Processing /home/seva/UCU/AutomatedDataPipelines/Homework1/venv/lib/python3.10/site-packages/airflow/example_dags/example_skip_dag.py took 0.077 seconds
[2023-11-30T02:36:22.634+0200] {processor.py:157} INFO - Started process (PID=6580) to work on /home/seva/UCU/AutomatedDataPipelines/Homework1/venv/lib/python3.10/site-packages/airflow/example_dags/example_skip_dag.py
[2023-11-30T02:36:22.645+0200] {processor.py:829} INFO - Processing file /home/seva/UCU/AutomatedDataPipelines/Homework1/venv/lib/python3.10/site-packages/airflow/example_dags/example_skip_dag.py for tasks to queue
[2023-11-30T02:36:22.646+0200] {logging_mixin.py:154} INFO - [2023-11-30T02:36:22.646+0200] {dagbag.py:536} INFO - Filling up the DagBag from /home/seva/UCU/AutomatedDataPipelines/Homework1/venv/lib/python3.10/site-packages/airflow/example_dags/example_skip_dag.py
[2023-11-30T02:36:22.654+0200] {processor.py:839} INFO - DAG(s) dict_keys(['example_skip_dag']) retrieved from /home/seva/UCU/AutomatedDataPipelines/Homework1/venv/lib/python3.10/site-packages/airflow/example_dags/example_skip_dag.py
[2023-11-30T02:36:22.670+0200] {logging_mixin.py:154} INFO - [2023-11-30T02:36:22.670+0200] {dag.py:2941} INFO - Sync 1 DAGs
[2023-11-30T02:36:22.688+0200] {logging_mixin.py:154} INFO - [2023-11-30T02:36:22.688+0200] {dag.py:3722} INFO - Setting next_dagrun for example_skip_dag to 2023-11-29T00:36:22.688289+00:00, run_after=2023-11-30T00:36:22.688289+00:00
[2023-11-30T02:36:22.720+0200] {processor.py:179} INFO - Processing /home/seva/UCU/AutomatedDataPipelines/Homework1/venv/lib/python3.10/site-packages/airflow/example_dags/example_skip_dag.py took 0.089 seconds
[2023-11-30T02:37:11.356+0200] {processor.py:157} INFO - Started process (PID=6769) to work on /home/seva/UCU/AutomatedDataPipelines/Homework1/venv/lib/python3.10/site-packages/airflow/example_dags/example_skip_dag.py
[2023-11-30T02:37:11.368+0200] {processor.py:829} INFO - Processing file /home/seva/UCU/AutomatedDataPipelines/Homework1/venv/lib/python3.10/site-packages/airflow/example_dags/example_skip_dag.py for tasks to queue
[2023-11-30T02:37:11.369+0200] {logging_mixin.py:154} INFO - [2023-11-30T02:37:11.369+0200] {dagbag.py:536} INFO - Filling up the DagBag from /home/seva/UCU/AutomatedDataPipelines/Homework1/venv/lib/python3.10/site-packages/airflow/example_dags/example_skip_dag.py
[2023-11-30T02:37:11.379+0200] {processor.py:839} INFO - DAG(s) dict_keys(['example_skip_dag']) retrieved from /home/seva/UCU/AutomatedDataPipelines/Homework1/venv/lib/python3.10/site-packages/airflow/example_dags/example_skip_dag.py
[2023-11-30T02:37:11.402+0200] {logging_mixin.py:154} INFO - [2023-11-30T02:37:11.402+0200] {dag.py:2941} INFO - Sync 1 DAGs
[2023-11-30T02:37:11.426+0200] {logging_mixin.py:154} INFO - [2023-11-30T02:37:11.425+0200] {dag.py:3722} INFO - Setting next_dagrun for example_skip_dag to 2023-11-29T00:37:11.425468+00:00, run_after=2023-11-30T00:37:11.425468+00:00
[2023-11-30T02:37:11.454+0200] {processor.py:179} INFO - Processing /home/seva/UCU/AutomatedDataPipelines/Homework1/venv/lib/python3.10/site-packages/airflow/example_dags/example_skip_dag.py took 0.101 seconds
[2023-11-30T02:38:02.071+0200] {processor.py:157} INFO - Started process (PID=6971) to work on /home/seva/UCU/AutomatedDataPipelines/Homework1/venv/lib/python3.10/site-packages/airflow/example_dags/example_skip_dag.py
[2023-11-30T02:38:02.073+0200] {processor.py:829} INFO - Processing file /home/seva/UCU/AutomatedDataPipelines/Homework1/venv/lib/python3.10/site-packages/airflow/example_dags/example_skip_dag.py for tasks to queue
[2023-11-30T02:38:02.074+0200] {logging_mixin.py:154} INFO - [2023-11-30T02:38:02.074+0200] {dagbag.py:536} INFO - Filling up the DagBag from /home/seva/UCU/AutomatedDataPipelines/Homework1/venv/lib/python3.10/site-packages/airflow/example_dags/example_skip_dag.py
[2023-11-30T02:38:02.080+0200] {processor.py:839} INFO - DAG(s) dict_keys(['example_skip_dag']) retrieved from /home/seva/UCU/AutomatedDataPipelines/Homework1/venv/lib/python3.10/site-packages/airflow/example_dags/example_skip_dag.py
[2023-11-30T02:38:02.095+0200] {logging_mixin.py:154} INFO - [2023-11-30T02:38:02.095+0200] {dag.py:2941} INFO - Sync 1 DAGs
[2023-11-30T02:38:02.110+0200] {logging_mixin.py:154} INFO - [2023-11-30T02:38:02.110+0200] {dag.py:3722} INFO - Setting next_dagrun for example_skip_dag to 2023-11-29T00:38:02.109831+00:00, run_after=2023-11-30T00:38:02.109831+00:00
[2023-11-30T02:38:02.137+0200] {processor.py:179} INFO - Processing /home/seva/UCU/AutomatedDataPipelines/Homework1/venv/lib/python3.10/site-packages/airflow/example_dags/example_skip_dag.py took 0.069 seconds
[2023-11-30T02:38:55.541+0200] {processor.py:157} INFO - Started process (PID=7376) to work on /home/seva/UCU/AutomatedDataPipelines/Homework1/venv/lib/python3.10/site-packages/airflow/example_dags/example_skip_dag.py
[2023-11-30T02:38:55.554+0200] {processor.py:829} INFO - Processing file /home/seva/UCU/AutomatedDataPipelines/Homework1/venv/lib/python3.10/site-packages/airflow/example_dags/example_skip_dag.py for tasks to queue
[2023-11-30T02:38:55.555+0200] {logging_mixin.py:154} INFO - [2023-11-30T02:38:55.554+0200] {dagbag.py:536} INFO - Filling up the DagBag from /home/seva/UCU/AutomatedDataPipelines/Homework1/venv/lib/python3.10/site-packages/airflow/example_dags/example_skip_dag.py
[2023-11-30T02:38:55.563+0200] {processor.py:839} INFO - DAG(s) dict_keys(['example_skip_dag']) retrieved from /home/seva/UCU/AutomatedDataPipelines/Homework1/venv/lib/python3.10/site-packages/airflow/example_dags/example_skip_dag.py
[2023-11-30T02:38:55.578+0200] {logging_mixin.py:154} INFO - [2023-11-30T02:38:55.578+0200] {dag.py:2941} INFO - Sync 1 DAGs
[2023-11-30T02:38:55.596+0200] {logging_mixin.py:154} INFO - [2023-11-30T02:38:55.596+0200] {dag.py:3722} INFO - Setting next_dagrun for example_skip_dag to 2023-11-29T00:38:55.596002+00:00, run_after=2023-11-30T00:38:55.596002+00:00
[2023-11-30T02:38:55.620+0200] {processor.py:179} INFO - Processing /home/seva/UCU/AutomatedDataPipelines/Homework1/venv/lib/python3.10/site-packages/airflow/example_dags/example_skip_dag.py took 0.083 seconds
