[2023-11-30T02:14:02.325+0200] {processor.py:157} INFO - Started process (PID=1277) to work on /home/seva/UCU/AutomatedDataPipelines/Homework1/venv/lib/python3.10/site-packages/airflow/example_dags/example_latest_only_with_trigger.py
[2023-11-30T02:14:02.325+0200] {processor.py:829} INFO - Processing file /home/seva/UCU/AutomatedDataPipelines/Homework1/venv/lib/python3.10/site-packages/airflow/example_dags/example_latest_only_with_trigger.py for tasks to queue
[2023-11-30T02:14:02.326+0200] {logging_mixin.py:154} INFO - [2023-11-30T02:14:02.326+0200] {dagbag.py:536} INFO - Filling up the DagBag from /home/seva/UCU/AutomatedDataPipelines/Homework1/venv/lib/python3.10/site-packages/airflow/example_dags/example_latest_only_with_trigger.py
[2023-11-30T02:14:02.331+0200] {processor.py:839} INFO - DAG(s) dict_keys(['latest_only_with_trigger']) retrieved from /home/seva/UCU/AutomatedDataPipelines/Homework1/venv/lib/python3.10/site-packages/airflow/example_dags/example_latest_only_with_trigger.py
[2023-11-30T02:14:02.427+0200] {logging_mixin.py:154} INFO - [2023-11-30T02:14:02.427+0200] {manager.py:499} INFO - Created Permission View: %s
[2023-11-30T02:14:02.444+0200] {logging_mixin.py:154} INFO - [2023-11-30T02:14:02.443+0200] {manager.py:499} INFO - Created Permission View: %s
[2023-11-30T02:14:02.459+0200] {logging_mixin.py:154} INFO - [2023-11-30T02:14:02.458+0200] {manager.py:499} INFO - Created Permission View: %s
[2023-11-30T02:14:02.459+0200] {logging_mixin.py:154} INFO - [2023-11-30T02:14:02.459+0200] {dag.py:2941} INFO - Sync 1 DAGs
[2023-11-30T02:14:02.467+0200] {logging_mixin.py:154} INFO - [2023-11-30T02:14:02.467+0200] {dag.py:2963} INFO - Creating ORM DAG for latest_only_with_trigger
[2023-11-30T02:14:02.474+0200] {logging_mixin.py:154} INFO - [2023-11-30T02:14:02.474+0200] {dag.py:3722} INFO - Setting next_dagrun for latest_only_with_trigger to 2023-11-29T20:14:02.473855+00:00, run_after=2023-11-30T00:14:02.473855+00:00
[2023-11-30T02:14:02.500+0200] {processor.py:179} INFO - Processing /home/seva/UCU/AutomatedDataPipelines/Homework1/venv/lib/python3.10/site-packages/airflow/example_dags/example_latest_only_with_trigger.py took 0.178 seconds
[2023-11-30T02:14:50.957+0200] {processor.py:157} INFO - Started process (PID=1438) to work on /home/seva/UCU/AutomatedDataPipelines/Homework1/venv/lib/python3.10/site-packages/airflow/example_dags/example_latest_only_with_trigger.py
[2023-11-30T02:14:50.970+0200] {processor.py:829} INFO - Processing file /home/seva/UCU/AutomatedDataPipelines/Homework1/venv/lib/python3.10/site-packages/airflow/example_dags/example_latest_only_with_trigger.py for tasks to queue
[2023-11-30T02:14:50.971+0200] {logging_mixin.py:154} INFO - [2023-11-30T02:14:50.970+0200] {dagbag.py:536} INFO - Filling up the DagBag from /home/seva/UCU/AutomatedDataPipelines/Homework1/venv/lib/python3.10/site-packages/airflow/example_dags/example_latest_only_with_trigger.py
[2023-11-30T02:14:50.976+0200] {processor.py:839} INFO - DAG(s) dict_keys(['latest_only_with_trigger']) retrieved from /home/seva/UCU/AutomatedDataPipelines/Homework1/venv/lib/python3.10/site-packages/airflow/example_dags/example_latest_only_with_trigger.py
[2023-11-30T02:14:50.990+0200] {logging_mixin.py:154} INFO - [2023-11-30T02:14:50.990+0200] {dag.py:2941} INFO - Sync 1 DAGs
[2023-11-30T02:14:51.006+0200] {logging_mixin.py:154} INFO - [2023-11-30T02:14:51.006+0200] {dag.py:3722} INFO - Setting next_dagrun for latest_only_with_trigger to 2023-11-29T20:14:51.005565+00:00, run_after=2023-11-30T00:14:51.005565+00:00
[2023-11-30T02:14:51.031+0200] {processor.py:179} INFO - Processing /home/seva/UCU/AutomatedDataPipelines/Homework1/venv/lib/python3.10/site-packages/airflow/example_dags/example_latest_only_with_trigger.py took 0.077 seconds
[2023-11-30T02:15:37.934+0200] {processor.py:157} INFO - Started process (PID=1619) to work on /home/seva/UCU/AutomatedDataPipelines/Homework1/venv/lib/python3.10/site-packages/airflow/example_dags/example_latest_only_with_trigger.py
[2023-11-30T02:15:37.936+0200] {processor.py:829} INFO - Processing file /home/seva/UCU/AutomatedDataPipelines/Homework1/venv/lib/python3.10/site-packages/airflow/example_dags/example_latest_only_with_trigger.py for tasks to queue
[2023-11-30T02:15:37.936+0200] {logging_mixin.py:154} INFO - [2023-11-30T02:15:37.936+0200] {dagbag.py:536} INFO - Filling up the DagBag from /home/seva/UCU/AutomatedDataPipelines/Homework1/venv/lib/python3.10/site-packages/airflow/example_dags/example_latest_only_with_trigger.py
[2023-11-30T02:15:37.942+0200] {processor.py:839} INFO - DAG(s) dict_keys(['latest_only_with_trigger']) retrieved from /home/seva/UCU/AutomatedDataPipelines/Homework1/venv/lib/python3.10/site-packages/airflow/example_dags/example_latest_only_with_trigger.py
[2023-11-30T02:15:37.956+0200] {logging_mixin.py:154} INFO - [2023-11-30T02:15:37.955+0200] {dag.py:2941} INFO - Sync 1 DAGs
[2023-11-30T02:15:37.973+0200] {logging_mixin.py:154} INFO - [2023-11-30T02:15:37.973+0200] {dag.py:3722} INFO - Setting next_dagrun for latest_only_with_trigger to 2023-11-29T20:15:37.973156+00:00, run_after=2023-11-30T00:15:37.973156+00:00
[2023-11-30T02:15:37.997+0200] {processor.py:179} INFO - Processing /home/seva/UCU/AutomatedDataPipelines/Homework1/venv/lib/python3.10/site-packages/airflow/example_dags/example_latest_only_with_trigger.py took 0.066 seconds
[2023-11-30T02:16:24.337+0200] {processor.py:157} INFO - Started process (PID=1805) to work on /home/seva/UCU/AutomatedDataPipelines/Homework1/venv/lib/python3.10/site-packages/airflow/example_dags/example_latest_only_with_trigger.py
[2023-11-30T02:16:24.339+0200] {processor.py:829} INFO - Processing file /home/seva/UCU/AutomatedDataPipelines/Homework1/venv/lib/python3.10/site-packages/airflow/example_dags/example_latest_only_with_trigger.py for tasks to queue
[2023-11-30T02:16:24.340+0200] {logging_mixin.py:154} INFO - [2023-11-30T02:16:24.340+0200] {dagbag.py:536} INFO - Filling up the DagBag from /home/seva/UCU/AutomatedDataPipelines/Homework1/venv/lib/python3.10/site-packages/airflow/example_dags/example_latest_only_with_trigger.py
[2023-11-30T02:16:24.346+0200] {processor.py:839} INFO - DAG(s) dict_keys(['latest_only_with_trigger']) retrieved from /home/seva/UCU/AutomatedDataPipelines/Homework1/venv/lib/python3.10/site-packages/airflow/example_dags/example_latest_only_with_trigger.py
[2023-11-30T02:16:24.361+0200] {logging_mixin.py:154} INFO - [2023-11-30T02:16:24.360+0200] {dag.py:2941} INFO - Sync 1 DAGs
[2023-11-30T02:16:24.377+0200] {logging_mixin.py:154} INFO - [2023-11-30T02:16:24.376+0200] {dag.py:3722} INFO - Setting next_dagrun for latest_only_with_trigger to 2023-11-29T20:16:24.376769+00:00, run_after=2023-11-30T00:16:24.376769+00:00
[2023-11-30T02:16:24.402+0200] {processor.py:179} INFO - Processing /home/seva/UCU/AutomatedDataPipelines/Homework1/venv/lib/python3.10/site-packages/airflow/example_dags/example_latest_only_with_trigger.py took 0.067 seconds
[2023-11-30T02:17:07.666+0200] {processor.py:157} INFO - Started process (PID=1980) to work on /home/seva/UCU/AutomatedDataPipelines/Homework1/venv/lib/python3.10/site-packages/airflow/example_dags/example_latest_only_with_trigger.py
[2023-11-30T02:17:07.678+0200] {processor.py:829} INFO - Processing file /home/seva/UCU/AutomatedDataPipelines/Homework1/venv/lib/python3.10/site-packages/airflow/example_dags/example_latest_only_with_trigger.py for tasks to queue
[2023-11-30T02:17:07.679+0200] {logging_mixin.py:154} INFO - [2023-11-30T02:17:07.679+0200] {dagbag.py:536} INFO - Filling up the DagBag from /home/seva/UCU/AutomatedDataPipelines/Homework1/venv/lib/python3.10/site-packages/airflow/example_dags/example_latest_only_with_trigger.py
[2023-11-30T02:17:07.686+0200] {processor.py:839} INFO - DAG(s) dict_keys(['latest_only_with_trigger']) retrieved from /home/seva/UCU/AutomatedDataPipelines/Homework1/venv/lib/python3.10/site-packages/airflow/example_dags/example_latest_only_with_trigger.py
[2023-11-30T02:17:07.700+0200] {logging_mixin.py:154} INFO - [2023-11-30T02:17:07.700+0200] {dag.py:2941} INFO - Sync 1 DAGs
[2023-11-30T02:17:07.716+0200] {logging_mixin.py:154} INFO - [2023-11-30T02:17:07.716+0200] {dag.py:3722} INFO - Setting next_dagrun for latest_only_with_trigger to 2023-11-29T20:17:07.716125+00:00, run_after=2023-11-30T00:17:07.716125+00:00
[2023-11-30T02:17:07.740+0200] {processor.py:179} INFO - Processing /home/seva/UCU/AutomatedDataPipelines/Homework1/venv/lib/python3.10/site-packages/airflow/example_dags/example_latest_only_with_trigger.py took 0.077 seconds
[2023-11-30T02:17:51.657+0200] {processor.py:157} INFO - Started process (PID=2157) to work on /home/seva/UCU/AutomatedDataPipelines/Homework1/venv/lib/python3.10/site-packages/airflow/example_dags/example_latest_only_with_trigger.py
[2023-11-30T02:17:51.658+0200] {processor.py:829} INFO - Processing file /home/seva/UCU/AutomatedDataPipelines/Homework1/venv/lib/python3.10/site-packages/airflow/example_dags/example_latest_only_with_trigger.py for tasks to queue
[2023-11-30T02:17:51.659+0200] {logging_mixin.py:154} INFO - [2023-11-30T02:17:51.659+0200] {dagbag.py:536} INFO - Filling up the DagBag from /home/seva/UCU/AutomatedDataPipelines/Homework1/venv/lib/python3.10/site-packages/airflow/example_dags/example_latest_only_with_trigger.py
[2023-11-30T02:17:51.665+0200] {processor.py:839} INFO - DAG(s) dict_keys(['latest_only_with_trigger']) retrieved from /home/seva/UCU/AutomatedDataPipelines/Homework1/venv/lib/python3.10/site-packages/airflow/example_dags/example_latest_only_with_trigger.py
[2023-11-30T02:17:51.682+0200] {logging_mixin.py:154} INFO - [2023-11-30T02:17:51.682+0200] {dag.py:2941} INFO - Sync 1 DAGs
[2023-11-30T02:17:51.702+0200] {logging_mixin.py:154} INFO - [2023-11-30T02:17:51.702+0200] {dag.py:3722} INFO - Setting next_dagrun for latest_only_with_trigger to 2023-11-29T20:17:51.702180+00:00, run_after=2023-11-30T00:17:51.702180+00:00
[2023-11-30T02:17:51.726+0200] {processor.py:179} INFO - Processing /home/seva/UCU/AutomatedDataPipelines/Homework1/venv/lib/python3.10/site-packages/airflow/example_dags/example_latest_only_with_trigger.py took 0.073 seconds
[2023-11-30T02:18:33.044+0200] {processor.py:157} INFO - Started process (PID=2323) to work on /home/seva/UCU/AutomatedDataPipelines/Homework1/venv/lib/python3.10/site-packages/airflow/example_dags/example_latest_only_with_trigger.py
[2023-11-30T02:18:33.046+0200] {processor.py:829} INFO - Processing file /home/seva/UCU/AutomatedDataPipelines/Homework1/venv/lib/python3.10/site-packages/airflow/example_dags/example_latest_only_with_trigger.py for tasks to queue
[2023-11-30T02:18:33.047+0200] {logging_mixin.py:154} INFO - [2023-11-30T02:18:33.046+0200] {dagbag.py:536} INFO - Filling up the DagBag from /home/seva/UCU/AutomatedDataPipelines/Homework1/venv/lib/python3.10/site-packages/airflow/example_dags/example_latest_only_with_trigger.py
[2023-11-30T02:18:33.052+0200] {processor.py:839} INFO - DAG(s) dict_keys(['latest_only_with_trigger']) retrieved from /home/seva/UCU/AutomatedDataPipelines/Homework1/venv/lib/python3.10/site-packages/airflow/example_dags/example_latest_only_with_trigger.py
[2023-11-30T02:18:33.067+0200] {logging_mixin.py:154} INFO - [2023-11-30T02:18:33.067+0200] {dag.py:2941} INFO - Sync 1 DAGs
[2023-11-30T02:18:33.084+0200] {logging_mixin.py:154} INFO - [2023-11-30T02:18:33.084+0200] {dag.py:3722} INFO - Setting next_dagrun for latest_only_with_trigger to 2023-11-29T20:18:33.084013+00:00, run_after=2023-11-30T00:18:33.084013+00:00
[2023-11-30T02:18:33.109+0200] {processor.py:179} INFO - Processing /home/seva/UCU/AutomatedDataPipelines/Homework1/venv/lib/python3.10/site-packages/airflow/example_dags/example_latest_only_with_trigger.py took 0.070 seconds
[2023-11-30T02:19:19.417+0200] {processor.py:157} INFO - Started process (PID=2507) to work on /home/seva/UCU/AutomatedDataPipelines/Homework1/venv/lib/python3.10/site-packages/airflow/example_dags/example_latest_only_with_trigger.py
[2023-11-30T02:19:19.419+0200] {processor.py:829} INFO - Processing file /home/seva/UCU/AutomatedDataPipelines/Homework1/venv/lib/python3.10/site-packages/airflow/example_dags/example_latest_only_with_trigger.py for tasks to queue
[2023-11-30T02:19:19.420+0200] {logging_mixin.py:154} INFO - [2023-11-30T02:19:19.420+0200] {dagbag.py:536} INFO - Filling up the DagBag from /home/seva/UCU/AutomatedDataPipelines/Homework1/venv/lib/python3.10/site-packages/airflow/example_dags/example_latest_only_with_trigger.py
[2023-11-30T02:19:19.427+0200] {processor.py:839} INFO - DAG(s) dict_keys(['latest_only_with_trigger']) retrieved from /home/seva/UCU/AutomatedDataPipelines/Homework1/venv/lib/python3.10/site-packages/airflow/example_dags/example_latest_only_with_trigger.py
[2023-11-30T02:19:19.441+0200] {logging_mixin.py:154} INFO - [2023-11-30T02:19:19.441+0200] {dag.py:2941} INFO - Sync 1 DAGs
[2023-11-30T02:19:19.457+0200] {logging_mixin.py:154} INFO - [2023-11-30T02:19:19.457+0200] {dag.py:3722} INFO - Setting next_dagrun for latest_only_with_trigger to 2023-11-29T20:19:19.457399+00:00, run_after=2023-11-30T00:19:19.457399+00:00
[2023-11-30T02:19:19.483+0200] {processor.py:179} INFO - Processing /home/seva/UCU/AutomatedDataPipelines/Homework1/venv/lib/python3.10/site-packages/airflow/example_dags/example_latest_only_with_trigger.py took 0.069 seconds
[2023-11-30T02:20:01.713+0200] {processor.py:157} INFO - Started process (PID=2675) to work on /home/seva/UCU/AutomatedDataPipelines/Homework1/venv/lib/python3.10/site-packages/airflow/example_dags/example_latest_only_with_trigger.py
[2023-11-30T02:20:01.717+0200] {processor.py:829} INFO - Processing file /home/seva/UCU/AutomatedDataPipelines/Homework1/venv/lib/python3.10/site-packages/airflow/example_dags/example_latest_only_with_trigger.py for tasks to queue
[2023-11-30T02:20:01.718+0200] {logging_mixin.py:154} INFO - [2023-11-30T02:20:01.718+0200] {dagbag.py:536} INFO - Filling up the DagBag from /home/seva/UCU/AutomatedDataPipelines/Homework1/venv/lib/python3.10/site-packages/airflow/example_dags/example_latest_only_with_trigger.py
[2023-11-30T02:20:01.723+0200] {processor.py:839} INFO - DAG(s) dict_keys(['latest_only_with_trigger']) retrieved from /home/seva/UCU/AutomatedDataPipelines/Homework1/venv/lib/python3.10/site-packages/airflow/example_dags/example_latest_only_with_trigger.py
[2023-11-30T02:20:01.738+0200] {logging_mixin.py:154} INFO - [2023-11-30T02:20:01.737+0200] {dag.py:2941} INFO - Sync 1 DAGs
[2023-11-30T02:20:01.753+0200] {logging_mixin.py:154} INFO - [2023-11-30T02:20:01.753+0200] {dag.py:3722} INFO - Setting next_dagrun for latest_only_with_trigger to 2023-11-29T20:20:01.753219+00:00, run_after=2023-11-30T00:20:01.753219+00:00
[2023-11-30T02:20:01.778+0200] {processor.py:179} INFO - Processing /home/seva/UCU/AutomatedDataPipelines/Homework1/venv/lib/python3.10/site-packages/airflow/example_dags/example_latest_only_with_trigger.py took 0.068 seconds
[2023-11-30T02:20:49.342+0200] {processor.py:157} INFO - Started process (PID=2860) to work on /home/seva/UCU/AutomatedDataPipelines/Homework1/venv/lib/python3.10/site-packages/airflow/example_dags/example_latest_only_with_trigger.py
[2023-11-30T02:20:49.355+0200] {processor.py:829} INFO - Processing file /home/seva/UCU/AutomatedDataPipelines/Homework1/venv/lib/python3.10/site-packages/airflow/example_dags/example_latest_only_with_trigger.py for tasks to queue
[2023-11-30T02:20:49.356+0200] {logging_mixin.py:154} INFO - [2023-11-30T02:20:49.356+0200] {dagbag.py:536} INFO - Filling up the DagBag from /home/seva/UCU/AutomatedDataPipelines/Homework1/venv/lib/python3.10/site-packages/airflow/example_dags/example_latest_only_with_trigger.py
[2023-11-30T02:20:49.362+0200] {processor.py:839} INFO - DAG(s) dict_keys(['latest_only_with_trigger']) retrieved from /home/seva/UCU/AutomatedDataPipelines/Homework1/venv/lib/python3.10/site-packages/airflow/example_dags/example_latest_only_with_trigger.py
[2023-11-30T02:20:49.376+0200] {logging_mixin.py:154} INFO - [2023-11-30T02:20:49.376+0200] {dag.py:2941} INFO - Sync 1 DAGs
[2023-11-30T02:20:49.391+0200] {logging_mixin.py:154} INFO - [2023-11-30T02:20:49.391+0200] {dag.py:3722} INFO - Setting next_dagrun for latest_only_with_trigger to 2023-11-29T20:20:49.391301+00:00, run_after=2023-11-30T00:20:49.391301+00:00
[2023-11-30T02:20:49.415+0200] {processor.py:179} INFO - Processing /home/seva/UCU/AutomatedDataPipelines/Homework1/venv/lib/python3.10/site-packages/airflow/example_dags/example_latest_only_with_trigger.py took 0.076 seconds
[2023-11-30T02:21:33.516+0200] {processor.py:157} INFO - Started process (PID=3033) to work on /home/seva/UCU/AutomatedDataPipelines/Homework1/venv/lib/python3.10/site-packages/airflow/example_dags/example_latest_only_with_trigger.py
[2023-11-30T02:21:33.527+0200] {processor.py:829} INFO - Processing file /home/seva/UCU/AutomatedDataPipelines/Homework1/venv/lib/python3.10/site-packages/airflow/example_dags/example_latest_only_with_trigger.py for tasks to queue
[2023-11-30T02:21:33.529+0200] {logging_mixin.py:154} INFO - [2023-11-30T02:21:33.528+0200] {dagbag.py:536} INFO - Filling up the DagBag from /home/seva/UCU/AutomatedDataPipelines/Homework1/venv/lib/python3.10/site-packages/airflow/example_dags/example_latest_only_with_trigger.py
[2023-11-30T02:21:33.535+0200] {processor.py:839} INFO - DAG(s) dict_keys(['latest_only_with_trigger']) retrieved from /home/seva/UCU/AutomatedDataPipelines/Homework1/venv/lib/python3.10/site-packages/airflow/example_dags/example_latest_only_with_trigger.py
[2023-11-30T02:21:33.548+0200] {logging_mixin.py:154} INFO - [2023-11-30T02:21:33.548+0200] {dag.py:2941} INFO - Sync 1 DAGs
[2023-11-30T02:21:33.564+0200] {logging_mixin.py:154} INFO - [2023-11-30T02:21:33.563+0200] {dag.py:3722} INFO - Setting next_dagrun for latest_only_with_trigger to 2023-11-29T20:21:33.563696+00:00, run_after=2023-11-30T00:21:33.563696+00:00
[2023-11-30T02:21:33.590+0200] {processor.py:179} INFO - Processing /home/seva/UCU/AutomatedDataPipelines/Homework1/venv/lib/python3.10/site-packages/airflow/example_dags/example_latest_only_with_trigger.py took 0.077 seconds
[2023-11-30T02:22:14.822+0200] {processor.py:157} INFO - Started process (PID=3200) to work on /home/seva/UCU/AutomatedDataPipelines/Homework1/venv/lib/python3.10/site-packages/airflow/example_dags/example_latest_only_with_trigger.py
[2023-11-30T02:22:14.834+0200] {processor.py:829} INFO - Processing file /home/seva/UCU/AutomatedDataPipelines/Homework1/venv/lib/python3.10/site-packages/airflow/example_dags/example_latest_only_with_trigger.py for tasks to queue
[2023-11-30T02:22:14.835+0200] {logging_mixin.py:154} INFO - [2023-11-30T02:22:14.835+0200] {dagbag.py:536} INFO - Filling up the DagBag from /home/seva/UCU/AutomatedDataPipelines/Homework1/venv/lib/python3.10/site-packages/airflow/example_dags/example_latest_only_with_trigger.py
[2023-11-30T02:22:14.840+0200] {processor.py:839} INFO - DAG(s) dict_keys(['latest_only_with_trigger']) retrieved from /home/seva/UCU/AutomatedDataPipelines/Homework1/venv/lib/python3.10/site-packages/airflow/example_dags/example_latest_only_with_trigger.py
[2023-11-30T02:22:14.854+0200] {logging_mixin.py:154} INFO - [2023-11-30T02:22:14.854+0200] {dag.py:2941} INFO - Sync 1 DAGs
[2023-11-30T02:22:14.870+0200] {logging_mixin.py:154} INFO - [2023-11-30T02:22:14.870+0200] {dag.py:3722} INFO - Setting next_dagrun for latest_only_with_trigger to 2023-11-29T20:22:14.869817+00:00, run_after=2023-11-30T00:22:14.869817+00:00
[2023-11-30T02:22:14.895+0200] {processor.py:179} INFO - Processing /home/seva/UCU/AutomatedDataPipelines/Homework1/venv/lib/python3.10/site-packages/airflow/example_dags/example_latest_only_with_trigger.py took 0.076 seconds
[2023-11-30T02:23:02.767+0200] {processor.py:157} INFO - Started process (PID=3392) to work on /home/seva/UCU/AutomatedDataPipelines/Homework1/venv/lib/python3.10/site-packages/airflow/example_dags/example_latest_only_with_trigger.py
[2023-11-30T02:23:02.779+0200] {processor.py:829} INFO - Processing file /home/seva/UCU/AutomatedDataPipelines/Homework1/venv/lib/python3.10/site-packages/airflow/example_dags/example_latest_only_with_trigger.py for tasks to queue
[2023-11-30T02:23:02.780+0200] {logging_mixin.py:154} INFO - [2023-11-30T02:23:02.779+0200] {dagbag.py:536} INFO - Filling up the DagBag from /home/seva/UCU/AutomatedDataPipelines/Homework1/venv/lib/python3.10/site-packages/airflow/example_dags/example_latest_only_with_trigger.py
[2023-11-30T02:23:02.785+0200] {processor.py:839} INFO - DAG(s) dict_keys(['latest_only_with_trigger']) retrieved from /home/seva/UCU/AutomatedDataPipelines/Homework1/venv/lib/python3.10/site-packages/airflow/example_dags/example_latest_only_with_trigger.py
[2023-11-30T02:23:02.798+0200] {logging_mixin.py:154} INFO - [2023-11-30T02:23:02.798+0200] {dag.py:2941} INFO - Sync 1 DAGs
[2023-11-30T02:23:02.814+0200] {logging_mixin.py:154} INFO - [2023-11-30T02:23:02.814+0200] {dag.py:3722} INFO - Setting next_dagrun for latest_only_with_trigger to 2023-11-29T20:23:02.814077+00:00, run_after=2023-11-30T00:23:02.814077+00:00
[2023-11-30T02:23:02.838+0200] {processor.py:179} INFO - Processing /home/seva/UCU/AutomatedDataPipelines/Homework1/venv/lib/python3.10/site-packages/airflow/example_dags/example_latest_only_with_trigger.py took 0.074 seconds
[2023-11-30T02:23:46.351+0200] {processor.py:157} INFO - Started process (PID=3564) to work on /home/seva/UCU/AutomatedDataPipelines/Homework1/venv/lib/python3.10/site-packages/airflow/example_dags/example_latest_only_with_trigger.py
[2023-11-30T02:23:46.363+0200] {processor.py:829} INFO - Processing file /home/seva/UCU/AutomatedDataPipelines/Homework1/venv/lib/python3.10/site-packages/airflow/example_dags/example_latest_only_with_trigger.py for tasks to queue
[2023-11-30T02:23:46.365+0200] {logging_mixin.py:154} INFO - [2023-11-30T02:23:46.364+0200] {dagbag.py:536} INFO - Filling up the DagBag from /home/seva/UCU/AutomatedDataPipelines/Homework1/venv/lib/python3.10/site-packages/airflow/example_dags/example_latest_only_with_trigger.py
[2023-11-30T02:23:46.370+0200] {processor.py:839} INFO - DAG(s) dict_keys(['latest_only_with_trigger']) retrieved from /home/seva/UCU/AutomatedDataPipelines/Homework1/venv/lib/python3.10/site-packages/airflow/example_dags/example_latest_only_with_trigger.py
[2023-11-30T02:23:46.384+0200] {logging_mixin.py:154} INFO - [2023-11-30T02:23:46.384+0200] {dag.py:2941} INFO - Sync 1 DAGs
[2023-11-30T02:23:46.399+0200] {logging_mixin.py:154} INFO - [2023-11-30T02:23:46.399+0200] {dag.py:3722} INFO - Setting next_dagrun for latest_only_with_trigger to 2023-11-29T20:23:46.399094+00:00, run_after=2023-11-30T00:23:46.399094+00:00
[2023-11-30T02:23:46.423+0200] {processor.py:179} INFO - Processing /home/seva/UCU/AutomatedDataPipelines/Homework1/venv/lib/python3.10/site-packages/airflow/example_dags/example_latest_only_with_trigger.py took 0.074 seconds
[2023-11-30T02:24:33.863+0200] {processor.py:157} INFO - Started process (PID=3751) to work on /home/seva/UCU/AutomatedDataPipelines/Homework1/venv/lib/python3.10/site-packages/airflow/example_dags/example_latest_only_with_trigger.py
[2023-11-30T02:24:33.875+0200] {processor.py:829} INFO - Processing file /home/seva/UCU/AutomatedDataPipelines/Homework1/venv/lib/python3.10/site-packages/airflow/example_dags/example_latest_only_with_trigger.py for tasks to queue
[2023-11-30T02:24:33.876+0200] {logging_mixin.py:154} INFO - [2023-11-30T02:24:33.876+0200] {dagbag.py:536} INFO - Filling up the DagBag from /home/seva/UCU/AutomatedDataPipelines/Homework1/venv/lib/python3.10/site-packages/airflow/example_dags/example_latest_only_with_trigger.py
[2023-11-30T02:24:33.881+0200] {processor.py:839} INFO - DAG(s) dict_keys(['latest_only_with_trigger']) retrieved from /home/seva/UCU/AutomatedDataPipelines/Homework1/venv/lib/python3.10/site-packages/airflow/example_dags/example_latest_only_with_trigger.py
[2023-11-30T02:24:33.895+0200] {logging_mixin.py:154} INFO - [2023-11-30T02:24:33.895+0200] {dag.py:2941} INFO - Sync 1 DAGs
[2023-11-30T02:24:33.910+0200] {logging_mixin.py:154} INFO - [2023-11-30T02:24:33.910+0200] {dag.py:3722} INFO - Setting next_dagrun for latest_only_with_trigger to 2023-11-29T20:24:33.910453+00:00, run_after=2023-11-30T00:24:33.910453+00:00
[2023-11-30T02:24:33.935+0200] {processor.py:179} INFO - Processing /home/seva/UCU/AutomatedDataPipelines/Homework1/venv/lib/python3.10/site-packages/airflow/example_dags/example_latest_only_with_trigger.py took 0.074 seconds
[2023-11-30T02:25:22.352+0200] {processor.py:157} INFO - Started process (PID=3939) to work on /home/seva/UCU/AutomatedDataPipelines/Homework1/venv/lib/python3.10/site-packages/airflow/example_dags/example_latest_only_with_trigger.py
[2023-11-30T02:25:22.364+0200] {processor.py:829} INFO - Processing file /home/seva/UCU/AutomatedDataPipelines/Homework1/venv/lib/python3.10/site-packages/airflow/example_dags/example_latest_only_with_trigger.py for tasks to queue
[2023-11-30T02:25:22.365+0200] {logging_mixin.py:154} INFO - [2023-11-30T02:25:22.365+0200] {dagbag.py:536} INFO - Filling up the DagBag from /home/seva/UCU/AutomatedDataPipelines/Homework1/venv/lib/python3.10/site-packages/airflow/example_dags/example_latest_only_with_trigger.py
[2023-11-30T02:25:22.370+0200] {processor.py:839} INFO - DAG(s) dict_keys(['latest_only_with_trigger']) retrieved from /home/seva/UCU/AutomatedDataPipelines/Homework1/venv/lib/python3.10/site-packages/airflow/example_dags/example_latest_only_with_trigger.py
[2023-11-30T02:25:22.384+0200] {logging_mixin.py:154} INFO - [2023-11-30T02:25:22.384+0200] {dag.py:2941} INFO - Sync 1 DAGs
[2023-11-30T02:25:22.399+0200] {logging_mixin.py:154} INFO - [2023-11-30T02:25:22.399+0200] {dag.py:3722} INFO - Setting next_dagrun for latest_only_with_trigger to 2023-11-29T20:25:22.399466+00:00, run_after=2023-11-30T00:25:22.399466+00:00
[2023-11-30T02:25:22.424+0200] {processor.py:179} INFO - Processing /home/seva/UCU/AutomatedDataPipelines/Homework1/venv/lib/python3.10/site-packages/airflow/example_dags/example_latest_only_with_trigger.py took 0.075 seconds
[2023-11-30T02:26:03.623+0200] {processor.py:157} INFO - Started process (PID=4102) to work on /home/seva/UCU/AutomatedDataPipelines/Homework1/venv/lib/python3.10/site-packages/airflow/example_dags/example_latest_only_with_trigger.py
[2023-11-30T02:26:03.635+0200] {processor.py:829} INFO - Processing file /home/seva/UCU/AutomatedDataPipelines/Homework1/venv/lib/python3.10/site-packages/airflow/example_dags/example_latest_only_with_trigger.py for tasks to queue
[2023-11-30T02:26:03.636+0200] {logging_mixin.py:154} INFO - [2023-11-30T02:26:03.636+0200] {dagbag.py:536} INFO - Filling up the DagBag from /home/seva/UCU/AutomatedDataPipelines/Homework1/venv/lib/python3.10/site-packages/airflow/example_dags/example_latest_only_with_trigger.py
[2023-11-30T02:26:03.642+0200] {processor.py:839} INFO - DAG(s) dict_keys(['latest_only_with_trigger']) retrieved from /home/seva/UCU/AutomatedDataPipelines/Homework1/venv/lib/python3.10/site-packages/airflow/example_dags/example_latest_only_with_trigger.py
[2023-11-30T02:26:03.657+0200] {logging_mixin.py:154} INFO - [2023-11-30T02:26:03.657+0200] {dag.py:2941} INFO - Sync 1 DAGs
[2023-11-30T02:26:03.672+0200] {logging_mixin.py:154} INFO - [2023-11-30T02:26:03.672+0200] {dag.py:3722} INFO - Setting next_dagrun for latest_only_with_trigger to 2023-11-29T20:26:03.672416+00:00, run_after=2023-11-30T00:26:03.672416+00:00
[2023-11-30T02:26:03.697+0200] {processor.py:179} INFO - Processing /home/seva/UCU/AutomatedDataPipelines/Homework1/venv/lib/python3.10/site-packages/airflow/example_dags/example_latest_only_with_trigger.py took 0.077 seconds
[2023-11-30T02:26:54.114+0200] {processor.py:157} INFO - Started process (PID=4302) to work on /home/seva/UCU/AutomatedDataPipelines/Homework1/venv/lib/python3.10/site-packages/airflow/example_dags/example_latest_only_with_trigger.py
[2023-11-30T02:26:54.126+0200] {processor.py:829} INFO - Processing file /home/seva/UCU/AutomatedDataPipelines/Homework1/venv/lib/python3.10/site-packages/airflow/example_dags/example_latest_only_with_trigger.py for tasks to queue
[2023-11-30T02:26:54.127+0200] {logging_mixin.py:154} INFO - [2023-11-30T02:26:54.127+0200] {dagbag.py:536} INFO - Filling up the DagBag from /home/seva/UCU/AutomatedDataPipelines/Homework1/venv/lib/python3.10/site-packages/airflow/example_dags/example_latest_only_with_trigger.py
[2023-11-30T02:26:54.133+0200] {processor.py:839} INFO - DAG(s) dict_keys(['latest_only_with_trigger']) retrieved from /home/seva/UCU/AutomatedDataPipelines/Homework1/venv/lib/python3.10/site-packages/airflow/example_dags/example_latest_only_with_trigger.py
[2023-11-30T02:26:54.148+0200] {logging_mixin.py:154} INFO - [2023-11-30T02:26:54.147+0200] {dag.py:2941} INFO - Sync 1 DAGs
[2023-11-30T02:26:54.162+0200] {logging_mixin.py:154} INFO - [2023-11-30T02:26:54.162+0200] {dag.py:3722} INFO - Setting next_dagrun for latest_only_with_trigger to 2023-11-29T20:26:54.162317+00:00, run_after=2023-11-30T00:26:54.162317+00:00
[2023-11-30T02:26:54.201+0200] {processor.py:179} INFO - Processing /home/seva/UCU/AutomatedDataPipelines/Homework1/venv/lib/python3.10/site-packages/airflow/example_dags/example_latest_only_with_trigger.py took 0.090 seconds
[2023-11-30T02:27:43.889+0200] {processor.py:157} INFO - Started process (PID=4498) to work on /home/seva/UCU/AutomatedDataPipelines/Homework1/venv/lib/python3.10/site-packages/airflow/example_dags/example_latest_only_with_trigger.py
[2023-11-30T02:27:43.901+0200] {processor.py:829} INFO - Processing file /home/seva/UCU/AutomatedDataPipelines/Homework1/venv/lib/python3.10/site-packages/airflow/example_dags/example_latest_only_with_trigger.py for tasks to queue
[2023-11-30T02:27:43.902+0200] {logging_mixin.py:154} INFO - [2023-11-30T02:27:43.902+0200] {dagbag.py:536} INFO - Filling up the DagBag from /home/seva/UCU/AutomatedDataPipelines/Homework1/venv/lib/python3.10/site-packages/airflow/example_dags/example_latest_only_with_trigger.py
[2023-11-30T02:27:43.908+0200] {processor.py:839} INFO - DAG(s) dict_keys(['latest_only_with_trigger']) retrieved from /home/seva/UCU/AutomatedDataPipelines/Homework1/venv/lib/python3.10/site-packages/airflow/example_dags/example_latest_only_with_trigger.py
[2023-11-30T02:27:43.922+0200] {logging_mixin.py:154} INFO - [2023-11-30T02:27:43.922+0200] {dag.py:2941} INFO - Sync 1 DAGs
[2023-11-30T02:27:43.938+0200] {logging_mixin.py:154} INFO - [2023-11-30T02:27:43.938+0200] {dag.py:3722} INFO - Setting next_dagrun for latest_only_with_trigger to 2023-11-29T20:27:43.938378+00:00, run_after=2023-11-30T00:27:43.938378+00:00
[2023-11-30T02:27:43.962+0200] {processor.py:179} INFO - Processing /home/seva/UCU/AutomatedDataPipelines/Homework1/venv/lib/python3.10/site-packages/airflow/example_dags/example_latest_only_with_trigger.py took 0.075 seconds
[2023-11-30T02:28:28.280+0200] {processor.py:157} INFO - Started process (PID=4671) to work on /home/seva/UCU/AutomatedDataPipelines/Homework1/venv/lib/python3.10/site-packages/airflow/example_dags/example_latest_only_with_trigger.py
[2023-11-30T02:28:28.292+0200] {processor.py:829} INFO - Processing file /home/seva/UCU/AutomatedDataPipelines/Homework1/venv/lib/python3.10/site-packages/airflow/example_dags/example_latest_only_with_trigger.py for tasks to queue
[2023-11-30T02:28:28.294+0200] {logging_mixin.py:154} INFO - [2023-11-30T02:28:28.293+0200] {dagbag.py:536} INFO - Filling up the DagBag from /home/seva/UCU/AutomatedDataPipelines/Homework1/venv/lib/python3.10/site-packages/airflow/example_dags/example_latest_only_with_trigger.py
[2023-11-30T02:28:28.299+0200] {processor.py:839} INFO - DAG(s) dict_keys(['latest_only_with_trigger']) retrieved from /home/seva/UCU/AutomatedDataPipelines/Homework1/venv/lib/python3.10/site-packages/airflow/example_dags/example_latest_only_with_trigger.py
[2023-11-30T02:28:28.315+0200] {logging_mixin.py:154} INFO - [2023-11-30T02:28:28.315+0200] {dag.py:2941} INFO - Sync 1 DAGs
[2023-11-30T02:28:28.331+0200] {logging_mixin.py:154} INFO - [2023-11-30T02:28:28.330+0200] {dag.py:3722} INFO - Setting next_dagrun for latest_only_with_trigger to 2023-11-29T20:28:28.330683+00:00, run_after=2023-11-30T00:28:28.330683+00:00
[2023-11-30T02:28:28.355+0200] {processor.py:179} INFO - Processing /home/seva/UCU/AutomatedDataPipelines/Homework1/venv/lib/python3.10/site-packages/airflow/example_dags/example_latest_only_with_trigger.py took 0.078 seconds
[2023-11-30T02:29:11.960+0200] {processor.py:157} INFO - Started process (PID=4843) to work on /home/seva/UCU/AutomatedDataPipelines/Homework1/venv/lib/python3.10/site-packages/airflow/example_dags/example_latest_only_with_trigger.py
[2023-11-30T02:29:11.962+0200] {processor.py:829} INFO - Processing file /home/seva/UCU/AutomatedDataPipelines/Homework1/venv/lib/python3.10/site-packages/airflow/example_dags/example_latest_only_with_trigger.py for tasks to queue
[2023-11-30T02:29:11.962+0200] {logging_mixin.py:154} INFO - [2023-11-30T02:29:11.962+0200] {dagbag.py:536} INFO - Filling up the DagBag from /home/seva/UCU/AutomatedDataPipelines/Homework1/venv/lib/python3.10/site-packages/airflow/example_dags/example_latest_only_with_trigger.py
[2023-11-30T02:29:11.970+0200] {processor.py:839} INFO - DAG(s) dict_keys(['latest_only_with_trigger']) retrieved from /home/seva/UCU/AutomatedDataPipelines/Homework1/venv/lib/python3.10/site-packages/airflow/example_dags/example_latest_only_with_trigger.py
[2023-11-30T02:29:11.987+0200] {logging_mixin.py:154} INFO - [2023-11-30T02:29:11.987+0200] {dag.py:2941} INFO - Sync 1 DAGs
[2023-11-30T02:29:12.006+0200] {logging_mixin.py:154} INFO - [2023-11-30T02:29:12.005+0200] {dag.py:3722} INFO - Setting next_dagrun for latest_only_with_trigger to 2023-11-29T20:29:12.005617+00:00, run_after=2023-11-30T00:29:12.005617+00:00
[2023-11-30T02:29:12.029+0200] {processor.py:179} INFO - Processing /home/seva/UCU/AutomatedDataPipelines/Homework1/venv/lib/python3.10/site-packages/airflow/example_dags/example_latest_only_with_trigger.py took 0.071 seconds
[2023-11-30T02:29:55.461+0200] {processor.py:157} INFO - Started process (PID=5017) to work on /home/seva/UCU/AutomatedDataPipelines/Homework1/venv/lib/python3.10/site-packages/airflow/example_dags/example_latest_only_with_trigger.py
[2023-11-30T02:29:55.473+0200] {processor.py:829} INFO - Processing file /home/seva/UCU/AutomatedDataPipelines/Homework1/venv/lib/python3.10/site-packages/airflow/example_dags/example_latest_only_with_trigger.py for tasks to queue
[2023-11-30T02:29:55.474+0200] {logging_mixin.py:154} INFO - [2023-11-30T02:29:55.473+0200] {dagbag.py:536} INFO - Filling up the DagBag from /home/seva/UCU/AutomatedDataPipelines/Homework1/venv/lib/python3.10/site-packages/airflow/example_dags/example_latest_only_with_trigger.py
[2023-11-30T02:29:55.479+0200] {processor.py:839} INFO - DAG(s) dict_keys(['latest_only_with_trigger']) retrieved from /home/seva/UCU/AutomatedDataPipelines/Homework1/venv/lib/python3.10/site-packages/airflow/example_dags/example_latest_only_with_trigger.py
[2023-11-30T02:29:55.494+0200] {logging_mixin.py:154} INFO - [2023-11-30T02:29:55.494+0200] {dag.py:2941} INFO - Sync 1 DAGs
[2023-11-30T02:29:55.510+0200] {logging_mixin.py:154} INFO - [2023-11-30T02:29:55.510+0200] {dag.py:3722} INFO - Setting next_dagrun for latest_only_with_trigger to 2023-11-29T20:29:55.510380+00:00, run_after=2023-11-30T00:29:55.510380+00:00
[2023-11-30T02:29:55.552+0200] {processor.py:179} INFO - Processing /home/seva/UCU/AutomatedDataPipelines/Homework1/venv/lib/python3.10/site-packages/airflow/example_dags/example_latest_only_with_trigger.py took 0.093 seconds
[2023-11-30T02:30:41.722+0200] {processor.py:157} INFO - Started process (PID=5203) to work on /home/seva/UCU/AutomatedDataPipelines/Homework1/venv/lib/python3.10/site-packages/airflow/example_dags/example_latest_only_with_trigger.py
[2023-11-30T02:30:41.724+0200] {processor.py:829} INFO - Processing file /home/seva/UCU/AutomatedDataPipelines/Homework1/venv/lib/python3.10/site-packages/airflow/example_dags/example_latest_only_with_trigger.py for tasks to queue
[2023-11-30T02:30:41.725+0200] {logging_mixin.py:154} INFO - [2023-11-30T02:30:41.724+0200] {dagbag.py:536} INFO - Filling up the DagBag from /home/seva/UCU/AutomatedDataPipelines/Homework1/venv/lib/python3.10/site-packages/airflow/example_dags/example_latest_only_with_trigger.py
[2023-11-30T02:30:41.731+0200] {processor.py:839} INFO - DAG(s) dict_keys(['latest_only_with_trigger']) retrieved from /home/seva/UCU/AutomatedDataPipelines/Homework1/venv/lib/python3.10/site-packages/airflow/example_dags/example_latest_only_with_trigger.py
[2023-11-30T02:30:41.747+0200] {logging_mixin.py:154} INFO - [2023-11-30T02:30:41.746+0200] {dag.py:2941} INFO - Sync 1 DAGs
[2023-11-30T02:30:41.763+0200] {logging_mixin.py:154} INFO - [2023-11-30T02:30:41.763+0200] {dag.py:3722} INFO - Setting next_dagrun for latest_only_with_trigger to 2023-11-29T20:30:41.762843+00:00, run_after=2023-11-30T00:30:41.762843+00:00
[2023-11-30T02:30:41.785+0200] {processor.py:179} INFO - Processing /home/seva/UCU/AutomatedDataPipelines/Homework1/venv/lib/python3.10/site-packages/airflow/example_dags/example_latest_only_with_trigger.py took 0.067 seconds
[2023-11-30T02:31:28.518+0200] {processor.py:157} INFO - Started process (PID=5383) to work on /home/seva/UCU/AutomatedDataPipelines/Homework1/venv/lib/python3.10/site-packages/airflow/example_dags/example_latest_only_with_trigger.py
[2023-11-30T02:31:28.531+0200] {processor.py:829} INFO - Processing file /home/seva/UCU/AutomatedDataPipelines/Homework1/venv/lib/python3.10/site-packages/airflow/example_dags/example_latest_only_with_trigger.py for tasks to queue
[2023-11-30T02:31:28.533+0200] {logging_mixin.py:154} INFO - [2023-11-30T02:31:28.532+0200] {dagbag.py:536} INFO - Filling up the DagBag from /home/seva/UCU/AutomatedDataPipelines/Homework1/venv/lib/python3.10/site-packages/airflow/example_dags/example_latest_only_with_trigger.py
[2023-11-30T02:31:28.540+0200] {processor.py:839} INFO - DAG(s) dict_keys(['latest_only_with_trigger']) retrieved from /home/seva/UCU/AutomatedDataPipelines/Homework1/venv/lib/python3.10/site-packages/airflow/example_dags/example_latest_only_with_trigger.py
[2023-11-30T02:31:28.553+0200] {logging_mixin.py:154} INFO - [2023-11-30T02:31:28.553+0200] {dag.py:2941} INFO - Sync 1 DAGs
[2023-11-30T02:31:28.568+0200] {logging_mixin.py:154} INFO - [2023-11-30T02:31:28.567+0200] {dag.py:3722} INFO - Setting next_dagrun for latest_only_with_trigger to 2023-11-29T20:31:28.567659+00:00, run_after=2023-11-30T00:31:28.567659+00:00
[2023-11-30T02:31:28.591+0200] {processor.py:179} INFO - Processing /home/seva/UCU/AutomatedDataPipelines/Homework1/venv/lib/python3.10/site-packages/airflow/example_dags/example_latest_only_with_trigger.py took 0.076 seconds
[2023-11-30T02:32:13.219+0200] {processor.py:157} INFO - Started process (PID=5563) to work on /home/seva/UCU/AutomatedDataPipelines/Homework1/venv/lib/python3.10/site-packages/airflow/example_dags/example_latest_only_with_trigger.py
[2023-11-30T02:32:13.232+0200] {processor.py:829} INFO - Processing file /home/seva/UCU/AutomatedDataPipelines/Homework1/venv/lib/python3.10/site-packages/airflow/example_dags/example_latest_only_with_trigger.py for tasks to queue
[2023-11-30T02:32:13.233+0200] {logging_mixin.py:154} INFO - [2023-11-30T02:32:13.232+0200] {dagbag.py:536} INFO - Filling up the DagBag from /home/seva/UCU/AutomatedDataPipelines/Homework1/venv/lib/python3.10/site-packages/airflow/example_dags/example_latest_only_with_trigger.py
[2023-11-30T02:32:13.239+0200] {processor.py:839} INFO - DAG(s) dict_keys(['latest_only_with_trigger']) retrieved from /home/seva/UCU/AutomatedDataPipelines/Homework1/venv/lib/python3.10/site-packages/airflow/example_dags/example_latest_only_with_trigger.py
[2023-11-30T02:32:13.256+0200] {logging_mixin.py:154} INFO - [2023-11-30T02:32:13.255+0200] {dag.py:2941} INFO - Sync 1 DAGs
[2023-11-30T02:32:13.275+0200] {logging_mixin.py:154} INFO - [2023-11-30T02:32:13.275+0200] {dag.py:3722} INFO - Setting next_dagrun for latest_only_with_trigger to 2023-11-29T20:32:13.275138+00:00, run_after=2023-11-30T00:32:13.275138+00:00
[2023-11-30T02:32:13.302+0200] {processor.py:179} INFO - Processing /home/seva/UCU/AutomatedDataPipelines/Homework1/venv/lib/python3.10/site-packages/airflow/example_dags/example_latest_only_with_trigger.py took 0.086 seconds
[2023-11-30T02:32:59.926+0200] {processor.py:157} INFO - Started process (PID=5771) to work on /home/seva/UCU/AutomatedDataPipelines/Homework1/venv/lib/python3.10/site-packages/airflow/example_dags/example_latest_only_with_trigger.py
[2023-11-30T02:32:59.939+0200] {processor.py:829} INFO - Processing file /home/seva/UCU/AutomatedDataPipelines/Homework1/venv/lib/python3.10/site-packages/airflow/example_dags/example_latest_only_with_trigger.py for tasks to queue
[2023-11-30T02:32:59.940+0200] {logging_mixin.py:154} INFO - [2023-11-30T02:32:59.940+0200] {dagbag.py:536} INFO - Filling up the DagBag from /home/seva/UCU/AutomatedDataPipelines/Homework1/venv/lib/python3.10/site-packages/airflow/example_dags/example_latest_only_with_trigger.py
[2023-11-30T02:32:59.945+0200] {processor.py:839} INFO - DAG(s) dict_keys(['latest_only_with_trigger']) retrieved from /home/seva/UCU/AutomatedDataPipelines/Homework1/venv/lib/python3.10/site-packages/airflow/example_dags/example_latest_only_with_trigger.py
[2023-11-30T02:32:59.959+0200] {logging_mixin.py:154} INFO - [2023-11-30T02:32:59.959+0200] {dag.py:2941} INFO - Sync 1 DAGs
[2023-11-30T02:32:59.978+0200] {logging_mixin.py:154} INFO - [2023-11-30T02:32:59.977+0200] {dag.py:3722} INFO - Setting next_dagrun for latest_only_with_trigger to 2023-11-29T20:32:59.977496+00:00, run_after=2023-11-30T00:32:59.977496+00:00
[2023-11-30T02:33:00.003+0200] {processor.py:179} INFO - Processing /home/seva/UCU/AutomatedDataPipelines/Homework1/venv/lib/python3.10/site-packages/airflow/example_dags/example_latest_only_with_trigger.py took 0.081 seconds
[2023-11-30T02:33:47.561+0200] {processor.py:157} INFO - Started process (PID=5957) to work on /home/seva/UCU/AutomatedDataPipelines/Homework1/venv/lib/python3.10/site-packages/airflow/example_dags/example_latest_only_with_trigger.py
[2023-11-30T02:33:47.574+0200] {processor.py:829} INFO - Processing file /home/seva/UCU/AutomatedDataPipelines/Homework1/venv/lib/python3.10/site-packages/airflow/example_dags/example_latest_only_with_trigger.py for tasks to queue
[2023-11-30T02:33:47.575+0200] {logging_mixin.py:154} INFO - [2023-11-30T02:33:47.574+0200] {dagbag.py:536} INFO - Filling up the DagBag from /home/seva/UCU/AutomatedDataPipelines/Homework1/venv/lib/python3.10/site-packages/airflow/example_dags/example_latest_only_with_trigger.py
[2023-11-30T02:33:47.584+0200] {processor.py:839} INFO - DAG(s) dict_keys(['latest_only_with_trigger']) retrieved from /home/seva/UCU/AutomatedDataPipelines/Homework1/venv/lib/python3.10/site-packages/airflow/example_dags/example_latest_only_with_trigger.py
[2023-11-30T02:33:47.605+0200] {logging_mixin.py:154} INFO - [2023-11-30T02:33:47.605+0200] {dag.py:2941} INFO - Sync 1 DAGs
[2023-11-30T02:33:47.633+0200] {logging_mixin.py:154} INFO - [2023-11-30T02:33:47.632+0200] {dag.py:3722} INFO - Setting next_dagrun for latest_only_with_trigger to 2023-11-29T20:33:47.632469+00:00, run_after=2023-11-30T00:33:47.632469+00:00
[2023-11-30T02:33:47.678+0200] {processor.py:179} INFO - Processing /home/seva/UCU/AutomatedDataPipelines/Homework1/venv/lib/python3.10/site-packages/airflow/example_dags/example_latest_only_with_trigger.py took 0.121 seconds
[2023-11-30T02:34:36.523+0200] {processor.py:157} INFO - Started process (PID=6159) to work on /home/seva/UCU/AutomatedDataPipelines/Homework1/venv/lib/python3.10/site-packages/airflow/example_dags/example_latest_only_with_trigger.py
[2023-11-30T02:34:36.524+0200] {processor.py:829} INFO - Processing file /home/seva/UCU/AutomatedDataPipelines/Homework1/venv/lib/python3.10/site-packages/airflow/example_dags/example_latest_only_with_trigger.py for tasks to queue
[2023-11-30T02:34:36.525+0200] {logging_mixin.py:154} INFO - [2023-11-30T02:34:36.525+0200] {dagbag.py:536} INFO - Filling up the DagBag from /home/seva/UCU/AutomatedDataPipelines/Homework1/venv/lib/python3.10/site-packages/airflow/example_dags/example_latest_only_with_trigger.py
[2023-11-30T02:34:36.531+0200] {processor.py:839} INFO - DAG(s) dict_keys(['latest_only_with_trigger']) retrieved from /home/seva/UCU/AutomatedDataPipelines/Homework1/venv/lib/python3.10/site-packages/airflow/example_dags/example_latest_only_with_trigger.py
[2023-11-30T02:34:36.545+0200] {logging_mixin.py:154} INFO - [2023-11-30T02:34:36.545+0200] {dag.py:2941} INFO - Sync 1 DAGs
[2023-11-30T02:34:36.561+0200] {logging_mixin.py:154} INFO - [2023-11-30T02:34:36.560+0200] {dag.py:3722} INFO - Setting next_dagrun for latest_only_with_trigger to 2023-11-29T20:34:36.560648+00:00, run_after=2023-11-30T00:34:36.560648+00:00
[2023-11-30T02:34:36.587+0200] {processor.py:179} INFO - Processing /home/seva/UCU/AutomatedDataPipelines/Homework1/venv/lib/python3.10/site-packages/airflow/example_dags/example_latest_only_with_trigger.py took 0.067 seconds
[2023-11-30T02:35:24.344+0200] {processor.py:157} INFO - Started process (PID=6348) to work on /home/seva/UCU/AutomatedDataPipelines/Homework1/venv/lib/python3.10/site-packages/airflow/example_dags/example_latest_only_with_trigger.py
[2023-11-30T02:35:24.346+0200] {processor.py:829} INFO - Processing file /home/seva/UCU/AutomatedDataPipelines/Homework1/venv/lib/python3.10/site-packages/airflow/example_dags/example_latest_only_with_trigger.py for tasks to queue
[2023-11-30T02:35:24.347+0200] {logging_mixin.py:154} INFO - [2023-11-30T02:35:24.347+0200] {dagbag.py:536} INFO - Filling up the DagBag from /home/seva/UCU/AutomatedDataPipelines/Homework1/venv/lib/python3.10/site-packages/airflow/example_dags/example_latest_only_with_trigger.py
[2023-11-30T02:35:24.354+0200] {processor.py:839} INFO - DAG(s) dict_keys(['latest_only_with_trigger']) retrieved from /home/seva/UCU/AutomatedDataPipelines/Homework1/venv/lib/python3.10/site-packages/airflow/example_dags/example_latest_only_with_trigger.py
[2023-11-30T02:35:24.374+0200] {logging_mixin.py:154} INFO - [2023-11-30T02:35:24.373+0200] {dag.py:2941} INFO - Sync 1 DAGs
[2023-11-30T02:35:24.396+0200] {logging_mixin.py:154} INFO - [2023-11-30T02:35:24.395+0200] {dag.py:3722} INFO - Setting next_dagrun for latest_only_with_trigger to 2023-11-29T20:35:24.395586+00:00, run_after=2023-11-30T00:35:24.395586+00:00
[2023-11-30T02:35:24.420+0200] {processor.py:179} INFO - Processing /home/seva/UCU/AutomatedDataPipelines/Homework1/venv/lib/python3.10/site-packages/airflow/example_dags/example_latest_only_with_trigger.py took 0.080 seconds
[2023-11-30T02:36:10.461+0200] {processor.py:157} INFO - Started process (PID=6531) to work on /home/seva/UCU/AutomatedDataPipelines/Homework1/venv/lib/python3.10/site-packages/airflow/example_dags/example_latest_only_with_trigger.py
[2023-11-30T02:36:10.465+0200] {processor.py:829} INFO - Processing file /home/seva/UCU/AutomatedDataPipelines/Homework1/venv/lib/python3.10/site-packages/airflow/example_dags/example_latest_only_with_trigger.py for tasks to queue
[2023-11-30T02:36:10.466+0200] {logging_mixin.py:154} INFO - [2023-11-30T02:36:10.466+0200] {dagbag.py:536} INFO - Filling up the DagBag from /home/seva/UCU/AutomatedDataPipelines/Homework1/venv/lib/python3.10/site-packages/airflow/example_dags/example_latest_only_with_trigger.py
[2023-11-30T02:36:10.471+0200] {processor.py:839} INFO - DAG(s) dict_keys(['latest_only_with_trigger']) retrieved from /home/seva/UCU/AutomatedDataPipelines/Homework1/venv/lib/python3.10/site-packages/airflow/example_dags/example_latest_only_with_trigger.py
[2023-11-30T02:36:10.486+0200] {logging_mixin.py:154} INFO - [2023-11-30T02:36:10.485+0200] {dag.py:2941} INFO - Sync 1 DAGs
[2023-11-30T02:36:10.502+0200] {logging_mixin.py:154} INFO - [2023-11-30T02:36:10.502+0200] {dag.py:3722} INFO - Setting next_dagrun for latest_only_with_trigger to 2023-11-29T20:36:10.502071+00:00, run_after=2023-11-30T00:36:10.502071+00:00
[2023-11-30T02:36:10.527+0200] {processor.py:179} INFO - Processing /home/seva/UCU/AutomatedDataPipelines/Homework1/venv/lib/python3.10/site-packages/airflow/example_dags/example_latest_only_with_trigger.py took 0.070 seconds
[2023-11-30T02:36:55.909+0200] {processor.py:157} INFO - Started process (PID=6712) to work on /home/seva/UCU/AutomatedDataPipelines/Homework1/venv/lib/python3.10/site-packages/airflow/example_dags/example_latest_only_with_trigger.py
[2023-11-30T02:36:55.921+0200] {processor.py:829} INFO - Processing file /home/seva/UCU/AutomatedDataPipelines/Homework1/venv/lib/python3.10/site-packages/airflow/example_dags/example_latest_only_with_trigger.py for tasks to queue
[2023-11-30T02:36:55.922+0200] {logging_mixin.py:154} INFO - [2023-11-30T02:36:55.922+0200] {dagbag.py:536} INFO - Filling up the DagBag from /home/seva/UCU/AutomatedDataPipelines/Homework1/venv/lib/python3.10/site-packages/airflow/example_dags/example_latest_only_with_trigger.py
[2023-11-30T02:36:55.930+0200] {processor.py:839} INFO - DAG(s) dict_keys(['latest_only_with_trigger']) retrieved from /home/seva/UCU/AutomatedDataPipelines/Homework1/venv/lib/python3.10/site-packages/airflow/example_dags/example_latest_only_with_trigger.py
[2023-11-30T02:36:55.949+0200] {logging_mixin.py:154} INFO - [2023-11-30T02:36:55.949+0200] {dag.py:2941} INFO - Sync 1 DAGs
[2023-11-30T02:36:55.973+0200] {logging_mixin.py:154} INFO - [2023-11-30T02:36:55.973+0200] {dag.py:3722} INFO - Setting next_dagrun for latest_only_with_trigger to 2023-11-29T20:36:55.973132+00:00, run_after=2023-11-30T00:36:55.973132+00:00
[2023-11-30T02:36:56.005+0200] {processor.py:179} INFO - Processing /home/seva/UCU/AutomatedDataPipelines/Homework1/venv/lib/python3.10/site-packages/airflow/example_dags/example_latest_only_with_trigger.py took 0.100 seconds
[2023-11-30T02:37:45.537+0200] {processor.py:157} INFO - Started process (PID=6908) to work on /home/seva/UCU/AutomatedDataPipelines/Homework1/venv/lib/python3.10/site-packages/airflow/example_dags/example_latest_only_with_trigger.py
[2023-11-30T02:37:45.541+0200] {processor.py:829} INFO - Processing file /home/seva/UCU/AutomatedDataPipelines/Homework1/venv/lib/python3.10/site-packages/airflow/example_dags/example_latest_only_with_trigger.py for tasks to queue
[2023-11-30T02:37:45.543+0200] {logging_mixin.py:154} INFO - [2023-11-30T02:37:45.542+0200] {dagbag.py:536} INFO - Filling up the DagBag from /home/seva/UCU/AutomatedDataPipelines/Homework1/venv/lib/python3.10/site-packages/airflow/example_dags/example_latest_only_with_trigger.py
[2023-11-30T02:37:45.555+0200] {processor.py:839} INFO - DAG(s) dict_keys(['latest_only_with_trigger']) retrieved from /home/seva/UCU/AutomatedDataPipelines/Homework1/venv/lib/python3.10/site-packages/airflow/example_dags/example_latest_only_with_trigger.py
[2023-11-30T02:37:45.590+0200] {logging_mixin.py:154} INFO - [2023-11-30T02:37:45.588+0200] {dag.py:2941} INFO - Sync 1 DAGs
[2023-11-30T02:37:45.635+0200] {logging_mixin.py:154} INFO - [2023-11-30T02:37:45.634+0200] {dag.py:3722} INFO - Setting next_dagrun for latest_only_with_trigger to 2023-11-29T20:37:45.634318+00:00, run_after=2023-11-30T00:37:45.634318+00:00
[2023-11-30T02:37:45.686+0200] {processor.py:179} INFO - Processing /home/seva/UCU/AutomatedDataPipelines/Homework1/venv/lib/python3.10/site-packages/airflow/example_dags/example_latest_only_with_trigger.py took 0.162 seconds
[2023-11-30T02:38:39.662+0200] {processor.py:157} INFO - Started process (PID=7275) to work on /home/seva/UCU/AutomatedDataPipelines/Homework1/venv/lib/python3.10/site-packages/airflow/example_dags/example_latest_only_with_trigger.py
[2023-11-30T02:38:39.675+0200] {processor.py:829} INFO - Processing file /home/seva/UCU/AutomatedDataPipelines/Homework1/venv/lib/python3.10/site-packages/airflow/example_dags/example_latest_only_with_trigger.py for tasks to queue
[2023-11-30T02:38:39.676+0200] {logging_mixin.py:154} INFO - [2023-11-30T02:38:39.675+0200] {dagbag.py:536} INFO - Filling up the DagBag from /home/seva/UCU/AutomatedDataPipelines/Homework1/venv/lib/python3.10/site-packages/airflow/example_dags/example_latest_only_with_trigger.py
[2023-11-30T02:38:39.682+0200] {processor.py:839} INFO - DAG(s) dict_keys(['latest_only_with_trigger']) retrieved from /home/seva/UCU/AutomatedDataPipelines/Homework1/venv/lib/python3.10/site-packages/airflow/example_dags/example_latest_only_with_trigger.py
[2023-11-30T02:38:39.697+0200] {logging_mixin.py:154} INFO - [2023-11-30T02:38:39.697+0200] {dag.py:2941} INFO - Sync 1 DAGs
[2023-11-30T02:38:39.714+0200] {logging_mixin.py:154} INFO - [2023-11-30T02:38:39.714+0200] {dag.py:3722} INFO - Setting next_dagrun for latest_only_with_trigger to 2023-11-29T20:38:39.713788+00:00, run_after=2023-11-30T00:38:39.713788+00:00
[2023-11-30T02:38:39.740+0200] {processor.py:179} INFO - Processing /home/seva/UCU/AutomatedDataPipelines/Homework1/venv/lib/python3.10/site-packages/airflow/example_dags/example_latest_only_with_trigger.py took 0.081 seconds
