[2023-11-30T02:14:06.355+0200] {processor.py:157} INFO - Started process (PID=1293) to work on /home/seva/UCU/AutomatedDataPipelines/Homework1/venv/lib/python3.10/site-packages/airflow/example_dags/example_dag_decorator.py
[2023-11-30T02:14:06.356+0200] {processor.py:829} INFO - Processing file /home/seva/UCU/AutomatedDataPipelines/Homework1/venv/lib/python3.10/site-packages/airflow/example_dags/example_dag_decorator.py for tasks to queue
[2023-11-30T02:14:06.356+0200] {logging_mixin.py:154} INFO - [2023-11-30T02:14:06.356+0200] {dagbag.py:536} INFO - Filling up the DagBag from /home/seva/UCU/AutomatedDataPipelines/Homework1/venv/lib/python3.10/site-packages/airflow/example_dags/example_dag_decorator.py
[2023-11-30T02:14:06.367+0200] {processor.py:839} INFO - DAG(s) dict_keys(['example_dag_decorator']) retrieved from /home/seva/UCU/AutomatedDataPipelines/Homework1/venv/lib/python3.10/site-packages/airflow/example_dags/example_dag_decorator.py
[2023-11-30T02:14:06.462+0200] {logging_mixin.py:154} INFO - [2023-11-30T02:14:06.462+0200] {manager.py:499} INFO - Created Permission View: %s
[2023-11-30T02:14:06.479+0200] {logging_mixin.py:154} INFO - [2023-11-30T02:14:06.478+0200] {manager.py:499} INFO - Created Permission View: %s
[2023-11-30T02:14:06.495+0200] {logging_mixin.py:154} INFO - [2023-11-30T02:14:06.495+0200] {manager.py:499} INFO - Created Permission View: %s
[2023-11-30T02:14:06.496+0200] {logging_mixin.py:154} INFO - [2023-11-30T02:14:06.495+0200] {dag.py:2941} INFO - Sync 1 DAGs
[2023-11-30T02:14:06.504+0200] {logging_mixin.py:154} INFO - [2023-11-30T02:14:06.504+0200] {dag.py:2963} INFO - Creating ORM DAG for example_dag_decorator
[2023-11-30T02:14:06.505+0200] {logging_mixin.py:154} INFO - [2023-11-30T02:14:06.505+0200] {dag.py:3722} INFO - Setting next_dagrun for example_dag_decorator to None, run_after=None
[2023-11-30T02:14:06.527+0200] {processor.py:179} INFO - Processing /home/seva/UCU/AutomatedDataPipelines/Homework1/venv/lib/python3.10/site-packages/airflow/example_dags/example_dag_decorator.py took 0.175 seconds
[2023-11-30T02:14:54.663+0200] {processor.py:157} INFO - Started process (PID=1454) to work on /home/seva/UCU/AutomatedDataPipelines/Homework1/venv/lib/python3.10/site-packages/airflow/example_dags/example_dag_decorator.py
[2023-11-30T02:14:54.675+0200] {processor.py:829} INFO - Processing file /home/seva/UCU/AutomatedDataPipelines/Homework1/venv/lib/python3.10/site-packages/airflow/example_dags/example_dag_decorator.py for tasks to queue
[2023-11-30T02:14:54.676+0200] {logging_mixin.py:154} INFO - [2023-11-30T02:14:54.676+0200] {dagbag.py:536} INFO - Filling up the DagBag from /home/seva/UCU/AutomatedDataPipelines/Homework1/venv/lib/python3.10/site-packages/airflow/example_dags/example_dag_decorator.py
[2023-11-30T02:14:54.687+0200] {processor.py:839} INFO - DAG(s) dict_keys(['example_dag_decorator']) retrieved from /home/seva/UCU/AutomatedDataPipelines/Homework1/venv/lib/python3.10/site-packages/airflow/example_dags/example_dag_decorator.py
[2023-11-30T02:14:54.762+0200] {logging_mixin.py:154} INFO - [2023-11-30T02:14:54.761+0200] {dag.py:2941} INFO - Sync 1 DAGs
[2023-11-30T02:14:54.769+0200] {logging_mixin.py:154} INFO - [2023-11-30T02:14:54.769+0200] {dag.py:3722} INFO - Setting next_dagrun for example_dag_decorator to None, run_after=None
[2023-11-30T02:14:54.795+0200] {processor.py:179} INFO - Processing /home/seva/UCU/AutomatedDataPipelines/Homework1/venv/lib/python3.10/site-packages/airflow/example_dags/example_dag_decorator.py took 0.135 seconds
[2023-11-30T02:15:41.534+0200] {processor.py:157} INFO - Started process (PID=1635) to work on /home/seva/UCU/AutomatedDataPipelines/Homework1/venv/lib/python3.10/site-packages/airflow/example_dags/example_dag_decorator.py
[2023-11-30T02:15:41.547+0200] {processor.py:829} INFO - Processing file /home/seva/UCU/AutomatedDataPipelines/Homework1/venv/lib/python3.10/site-packages/airflow/example_dags/example_dag_decorator.py for tasks to queue
[2023-11-30T02:15:41.548+0200] {logging_mixin.py:154} INFO - [2023-11-30T02:15:41.547+0200] {dagbag.py:536} INFO - Filling up the DagBag from /home/seva/UCU/AutomatedDataPipelines/Homework1/venv/lib/python3.10/site-packages/airflow/example_dags/example_dag_decorator.py
[2023-11-30T02:15:41.558+0200] {processor.py:839} INFO - DAG(s) dict_keys(['example_dag_decorator']) retrieved from /home/seva/UCU/AutomatedDataPipelines/Homework1/venv/lib/python3.10/site-packages/airflow/example_dags/example_dag_decorator.py
[2023-11-30T02:15:41.630+0200] {logging_mixin.py:154} INFO - [2023-11-30T02:15:41.630+0200] {dag.py:2941} INFO - Sync 1 DAGs
[2023-11-30T02:15:41.637+0200] {logging_mixin.py:154} INFO - [2023-11-30T02:15:41.637+0200] {dag.py:3722} INFO - Setting next_dagrun for example_dag_decorator to None, run_after=None
[2023-11-30T02:15:41.663+0200] {processor.py:179} INFO - Processing /home/seva/UCU/AutomatedDataPipelines/Homework1/venv/lib/python3.10/site-packages/airflow/example_dags/example_dag_decorator.py took 0.132 seconds
[2023-11-30T02:16:28.203+0200] {processor.py:157} INFO - Started process (PID=1821) to work on /home/seva/UCU/AutomatedDataPipelines/Homework1/venv/lib/python3.10/site-packages/airflow/example_dags/example_dag_decorator.py
[2023-11-30T02:16:28.214+0200] {processor.py:829} INFO - Processing file /home/seva/UCU/AutomatedDataPipelines/Homework1/venv/lib/python3.10/site-packages/airflow/example_dags/example_dag_decorator.py for tasks to queue
[2023-11-30T02:16:28.215+0200] {logging_mixin.py:154} INFO - [2023-11-30T02:16:28.215+0200] {dagbag.py:536} INFO - Filling up the DagBag from /home/seva/UCU/AutomatedDataPipelines/Homework1/venv/lib/python3.10/site-packages/airflow/example_dags/example_dag_decorator.py
[2023-11-30T02:16:28.226+0200] {processor.py:839} INFO - DAG(s) dict_keys(['example_dag_decorator']) retrieved from /home/seva/UCU/AutomatedDataPipelines/Homework1/venv/lib/python3.10/site-packages/airflow/example_dags/example_dag_decorator.py
[2023-11-30T02:16:28.303+0200] {logging_mixin.py:154} INFO - [2023-11-30T02:16:28.303+0200] {dag.py:2941} INFO - Sync 1 DAGs
[2023-11-30T02:16:28.312+0200] {logging_mixin.py:154} INFO - [2023-11-30T02:16:28.312+0200] {dag.py:3722} INFO - Setting next_dagrun for example_dag_decorator to None, run_after=None
[2023-11-30T02:16:28.337+0200] {processor.py:179} INFO - Processing /home/seva/UCU/AutomatedDataPipelines/Homework1/venv/lib/python3.10/site-packages/airflow/example_dags/example_dag_decorator.py took 0.137 seconds
[2023-11-30T02:17:10.526+0200] {processor.py:157} INFO - Started process (PID=1990) to work on /home/seva/UCU/AutomatedDataPipelines/Homework1/venv/lib/python3.10/site-packages/airflow/example_dags/example_dag_decorator.py
[2023-11-30T02:17:10.528+0200] {processor.py:829} INFO - Processing file /home/seva/UCU/AutomatedDataPipelines/Homework1/venv/lib/python3.10/site-packages/airflow/example_dags/example_dag_decorator.py for tasks to queue
[2023-11-30T02:17:10.529+0200] {logging_mixin.py:154} INFO - [2023-11-30T02:17:10.529+0200] {dagbag.py:536} INFO - Filling up the DagBag from /home/seva/UCU/AutomatedDataPipelines/Homework1/venv/lib/python3.10/site-packages/airflow/example_dags/example_dag_decorator.py
[2023-11-30T02:17:10.545+0200] {processor.py:839} INFO - DAG(s) dict_keys(['example_dag_decorator']) retrieved from /home/seva/UCU/AutomatedDataPipelines/Homework1/venv/lib/python3.10/site-packages/airflow/example_dags/example_dag_decorator.py
[2023-11-30T02:17:10.645+0200] {logging_mixin.py:154} INFO - [2023-11-30T02:17:10.645+0200] {dag.py:2941} INFO - Sync 1 DAGs
[2023-11-30T02:17:10.655+0200] {logging_mixin.py:154} INFO - [2023-11-30T02:17:10.655+0200] {dag.py:3722} INFO - Setting next_dagrun for example_dag_decorator to None, run_after=None
[2023-11-30T02:17:10.681+0200] {processor.py:179} INFO - Processing /home/seva/UCU/AutomatedDataPipelines/Homework1/venv/lib/python3.10/site-packages/airflow/example_dags/example_dag_decorator.py took 0.160 seconds
[2023-11-30T02:17:55.394+0200] {processor.py:157} INFO - Started process (PID=2173) to work on /home/seva/UCU/AutomatedDataPipelines/Homework1/venv/lib/python3.10/site-packages/airflow/example_dags/example_dag_decorator.py
[2023-11-30T02:17:55.396+0200] {processor.py:829} INFO - Processing file /home/seva/UCU/AutomatedDataPipelines/Homework1/venv/lib/python3.10/site-packages/airflow/example_dags/example_dag_decorator.py for tasks to queue
[2023-11-30T02:17:55.397+0200] {logging_mixin.py:154} INFO - [2023-11-30T02:17:55.397+0200] {dagbag.py:536} INFO - Filling up the DagBag from /home/seva/UCU/AutomatedDataPipelines/Homework1/venv/lib/python3.10/site-packages/airflow/example_dags/example_dag_decorator.py
[2023-11-30T02:17:55.410+0200] {processor.py:839} INFO - DAG(s) dict_keys(['example_dag_decorator']) retrieved from /home/seva/UCU/AutomatedDataPipelines/Homework1/venv/lib/python3.10/site-packages/airflow/example_dags/example_dag_decorator.py
[2023-11-30T02:17:55.512+0200] {logging_mixin.py:154} INFO - [2023-11-30T02:17:55.512+0200] {dag.py:2941} INFO - Sync 1 DAGs
[2023-11-30T02:17:55.523+0200] {logging_mixin.py:154} INFO - [2023-11-30T02:17:55.522+0200] {dag.py:3722} INFO - Setting next_dagrun for example_dag_decorator to None, run_after=None
[2023-11-30T02:17:55.547+0200] {processor.py:179} INFO - Processing /home/seva/UCU/AutomatedDataPipelines/Homework1/venv/lib/python3.10/site-packages/airflow/example_dags/example_dag_decorator.py took 0.157 seconds
[2023-11-30T02:18:37.609+0200] {processor.py:157} INFO - Started process (PID=2339) to work on /home/seva/UCU/AutomatedDataPipelines/Homework1/venv/lib/python3.10/site-packages/airflow/example_dags/example_dag_decorator.py
[2023-11-30T02:18:37.611+0200] {processor.py:829} INFO - Processing file /home/seva/UCU/AutomatedDataPipelines/Homework1/venv/lib/python3.10/site-packages/airflow/example_dags/example_dag_decorator.py for tasks to queue
[2023-11-30T02:18:37.612+0200] {logging_mixin.py:154} INFO - [2023-11-30T02:18:37.612+0200] {dagbag.py:536} INFO - Filling up the DagBag from /home/seva/UCU/AutomatedDataPipelines/Homework1/venv/lib/python3.10/site-packages/airflow/example_dags/example_dag_decorator.py
[2023-11-30T02:18:37.625+0200] {processor.py:839} INFO - DAG(s) dict_keys(['example_dag_decorator']) retrieved from /home/seva/UCU/AutomatedDataPipelines/Homework1/venv/lib/python3.10/site-packages/airflow/example_dags/example_dag_decorator.py
[2023-11-30T02:18:37.698+0200] {logging_mixin.py:154} INFO - [2023-11-30T02:18:37.698+0200] {dag.py:2941} INFO - Sync 1 DAGs
[2023-11-30T02:18:37.707+0200] {logging_mixin.py:154} INFO - [2023-11-30T02:18:37.706+0200] {dag.py:3722} INFO - Setting next_dagrun for example_dag_decorator to None, run_after=None
[2023-11-30T02:18:37.734+0200] {processor.py:179} INFO - Processing /home/seva/UCU/AutomatedDataPipelines/Homework1/venv/lib/python3.10/site-packages/airflow/example_dags/example_dag_decorator.py took 0.128 seconds
[2023-11-30T02:19:23.185+0200] {processor.py:157} INFO - Started process (PID=2519) to work on /home/seva/UCU/AutomatedDataPipelines/Homework1/venv/lib/python3.10/site-packages/airflow/example_dags/example_dag_decorator.py
[2023-11-30T02:19:23.187+0200] {processor.py:829} INFO - Processing file /home/seva/UCU/AutomatedDataPipelines/Homework1/venv/lib/python3.10/site-packages/airflow/example_dags/example_dag_decorator.py for tasks to queue
[2023-11-30T02:19:23.187+0200] {logging_mixin.py:154} INFO - [2023-11-30T02:19:23.187+0200] {dagbag.py:536} INFO - Filling up the DagBag from /home/seva/UCU/AutomatedDataPipelines/Homework1/venv/lib/python3.10/site-packages/airflow/example_dags/example_dag_decorator.py
[2023-11-30T02:19:23.198+0200] {processor.py:839} INFO - DAG(s) dict_keys(['example_dag_decorator']) retrieved from /home/seva/UCU/AutomatedDataPipelines/Homework1/venv/lib/python3.10/site-packages/airflow/example_dags/example_dag_decorator.py
[2023-11-30T02:19:23.270+0200] {logging_mixin.py:154} INFO - [2023-11-30T02:19:23.269+0200] {dag.py:2941} INFO - Sync 1 DAGs
[2023-11-30T02:19:23.277+0200] {logging_mixin.py:154} INFO - [2023-11-30T02:19:23.277+0200] {dag.py:3722} INFO - Setting next_dagrun for example_dag_decorator to None, run_after=None
[2023-11-30T02:19:23.300+0200] {processor.py:179} INFO - Processing /home/seva/UCU/AutomatedDataPipelines/Homework1/venv/lib/python3.10/site-packages/airflow/example_dags/example_dag_decorator.py took 0.118 seconds
[2023-11-30T02:20:05.711+0200] {processor.py:157} INFO - Started process (PID=2691) to work on /home/seva/UCU/AutomatedDataPipelines/Homework1/venv/lib/python3.10/site-packages/airflow/example_dags/example_dag_decorator.py
[2023-11-30T02:20:05.713+0200] {processor.py:829} INFO - Processing file /home/seva/UCU/AutomatedDataPipelines/Homework1/venv/lib/python3.10/site-packages/airflow/example_dags/example_dag_decorator.py for tasks to queue
[2023-11-30T02:20:05.714+0200] {logging_mixin.py:154} INFO - [2023-11-30T02:20:05.713+0200] {dagbag.py:536} INFO - Filling up the DagBag from /home/seva/UCU/AutomatedDataPipelines/Homework1/venv/lib/python3.10/site-packages/airflow/example_dags/example_dag_decorator.py
[2023-11-30T02:20:05.724+0200] {processor.py:839} INFO - DAG(s) dict_keys(['example_dag_decorator']) retrieved from /home/seva/UCU/AutomatedDataPipelines/Homework1/venv/lib/python3.10/site-packages/airflow/example_dags/example_dag_decorator.py
[2023-11-30T02:20:05.798+0200] {logging_mixin.py:154} INFO - [2023-11-30T02:20:05.798+0200] {dag.py:2941} INFO - Sync 1 DAGs
[2023-11-30T02:20:05.805+0200] {logging_mixin.py:154} INFO - [2023-11-30T02:20:05.805+0200] {dag.py:3722} INFO - Setting next_dagrun for example_dag_decorator to None, run_after=None
[2023-11-30T02:20:05.830+0200] {processor.py:179} INFO - Processing /home/seva/UCU/AutomatedDataPipelines/Homework1/venv/lib/python3.10/site-packages/airflow/example_dags/example_dag_decorator.py took 0.122 seconds
[2023-11-30T02:20:52.204+0200] {processor.py:157} INFO - Started process (PID=2870) to work on /home/seva/UCU/AutomatedDataPipelines/Homework1/venv/lib/python3.10/site-packages/airflow/example_dags/example_dag_decorator.py
[2023-11-30T02:20:52.206+0200] {processor.py:829} INFO - Processing file /home/seva/UCU/AutomatedDataPipelines/Homework1/venv/lib/python3.10/site-packages/airflow/example_dags/example_dag_decorator.py for tasks to queue
[2023-11-30T02:20:52.207+0200] {logging_mixin.py:154} INFO - [2023-11-30T02:20:52.206+0200] {dagbag.py:536} INFO - Filling up the DagBag from /home/seva/UCU/AutomatedDataPipelines/Homework1/venv/lib/python3.10/site-packages/airflow/example_dags/example_dag_decorator.py
[2023-11-30T02:20:52.218+0200] {processor.py:839} INFO - DAG(s) dict_keys(['example_dag_decorator']) retrieved from /home/seva/UCU/AutomatedDataPipelines/Homework1/venv/lib/python3.10/site-packages/airflow/example_dags/example_dag_decorator.py
[2023-11-30T02:20:52.288+0200] {logging_mixin.py:154} INFO - [2023-11-30T02:20:52.288+0200] {dag.py:2941} INFO - Sync 1 DAGs
[2023-11-30T02:20:52.295+0200] {logging_mixin.py:154} INFO - [2023-11-30T02:20:52.295+0200] {dag.py:3722} INFO - Setting next_dagrun for example_dag_decorator to None, run_after=None
[2023-11-30T02:20:52.319+0200] {processor.py:179} INFO - Processing /home/seva/UCU/AutomatedDataPipelines/Homework1/venv/lib/python3.10/site-packages/airflow/example_dags/example_dag_decorator.py took 0.118 seconds
[2023-11-30T02:21:38.083+0200] {processor.py:157} INFO - Started process (PID=3055) to work on /home/seva/UCU/AutomatedDataPipelines/Homework1/venv/lib/python3.10/site-packages/airflow/example_dags/example_dag_decorator.py
[2023-11-30T02:21:38.086+0200] {processor.py:829} INFO - Processing file /home/seva/UCU/AutomatedDataPipelines/Homework1/venv/lib/python3.10/site-packages/airflow/example_dags/example_dag_decorator.py for tasks to queue
[2023-11-30T02:21:38.087+0200] {logging_mixin.py:154} INFO - [2023-11-30T02:21:38.086+0200] {dagbag.py:536} INFO - Filling up the DagBag from /home/seva/UCU/AutomatedDataPipelines/Homework1/venv/lib/python3.10/site-packages/airflow/example_dags/example_dag_decorator.py
[2023-11-30T02:21:38.097+0200] {processor.py:839} INFO - DAG(s) dict_keys(['example_dag_decorator']) retrieved from /home/seva/UCU/AutomatedDataPipelines/Homework1/venv/lib/python3.10/site-packages/airflow/example_dags/example_dag_decorator.py
[2023-11-30T02:21:38.168+0200] {logging_mixin.py:154} INFO - [2023-11-30T02:21:38.168+0200] {dag.py:2941} INFO - Sync 1 DAGs
[2023-11-30T02:21:38.176+0200] {logging_mixin.py:154} INFO - [2023-11-30T02:21:38.176+0200] {dag.py:3722} INFO - Setting next_dagrun for example_dag_decorator to None, run_after=None
[2023-11-30T02:21:38.202+0200] {processor.py:179} INFO - Processing /home/seva/UCU/AutomatedDataPipelines/Homework1/venv/lib/python3.10/site-packages/airflow/example_dags/example_dag_decorator.py took 0.122 seconds
[2023-11-30T02:22:19.389+0200] {processor.py:157} INFO - Started process (PID=3222) to work on /home/seva/UCU/AutomatedDataPipelines/Homework1/venv/lib/python3.10/site-packages/airflow/example_dags/example_dag_decorator.py
[2023-11-30T02:22:19.401+0200] {processor.py:829} INFO - Processing file /home/seva/UCU/AutomatedDataPipelines/Homework1/venv/lib/python3.10/site-packages/airflow/example_dags/example_dag_decorator.py for tasks to queue
[2023-11-30T02:22:19.402+0200] {logging_mixin.py:154} INFO - [2023-11-30T02:22:19.402+0200] {dagbag.py:536} INFO - Filling up the DagBag from /home/seva/UCU/AutomatedDataPipelines/Homework1/venv/lib/python3.10/site-packages/airflow/example_dags/example_dag_decorator.py
[2023-11-30T02:22:19.414+0200] {processor.py:839} INFO - DAG(s) dict_keys(['example_dag_decorator']) retrieved from /home/seva/UCU/AutomatedDataPipelines/Homework1/venv/lib/python3.10/site-packages/airflow/example_dags/example_dag_decorator.py
[2023-11-30T02:22:19.488+0200] {logging_mixin.py:154} INFO - [2023-11-30T02:22:19.488+0200] {dag.py:2941} INFO - Sync 1 DAGs
[2023-11-30T02:22:19.496+0200] {logging_mixin.py:154} INFO - [2023-11-30T02:22:19.495+0200] {dag.py:3722} INFO - Setting next_dagrun for example_dag_decorator to None, run_after=None
[2023-11-30T02:22:19.520+0200] {processor.py:179} INFO - Processing /home/seva/UCU/AutomatedDataPipelines/Homework1/venv/lib/python3.10/site-packages/airflow/example_dags/example_dag_decorator.py took 0.134 seconds
[2023-11-30T02:23:06.341+0200] {processor.py:157} INFO - Started process (PID=3402) to work on /home/seva/UCU/AutomatedDataPipelines/Homework1/venv/lib/python3.10/site-packages/airflow/example_dags/example_dag_decorator.py
[2023-11-30T02:23:06.342+0200] {processor.py:829} INFO - Processing file /home/seva/UCU/AutomatedDataPipelines/Homework1/venv/lib/python3.10/site-packages/airflow/example_dags/example_dag_decorator.py for tasks to queue
[2023-11-30T02:23:06.343+0200] {logging_mixin.py:154} INFO - [2023-11-30T02:23:06.343+0200] {dagbag.py:536} INFO - Filling up the DagBag from /home/seva/UCU/AutomatedDataPipelines/Homework1/venv/lib/python3.10/site-packages/airflow/example_dags/example_dag_decorator.py
[2023-11-30T02:23:06.354+0200] {processor.py:839} INFO - DAG(s) dict_keys(['example_dag_decorator']) retrieved from /home/seva/UCU/AutomatedDataPipelines/Homework1/venv/lib/python3.10/site-packages/airflow/example_dags/example_dag_decorator.py
[2023-11-30T02:23:06.428+0200] {logging_mixin.py:154} INFO - [2023-11-30T02:23:06.428+0200] {dag.py:2941} INFO - Sync 1 DAGs
[2023-11-30T02:23:06.436+0200] {logging_mixin.py:154} INFO - [2023-11-30T02:23:06.436+0200] {dag.py:3722} INFO - Setting next_dagrun for example_dag_decorator to None, run_after=None
[2023-11-30T02:23:06.461+0200] {processor.py:179} INFO - Processing /home/seva/UCU/AutomatedDataPipelines/Homework1/venv/lib/python3.10/site-packages/airflow/example_dags/example_dag_decorator.py took 0.122 seconds
[2023-11-30T02:23:50.916+0200] {processor.py:157} INFO - Started process (PID=3580) to work on /home/seva/UCU/AutomatedDataPipelines/Homework1/venv/lib/python3.10/site-packages/airflow/example_dags/example_dag_decorator.py
[2023-11-30T02:23:50.929+0200] {processor.py:829} INFO - Processing file /home/seva/UCU/AutomatedDataPipelines/Homework1/venv/lib/python3.10/site-packages/airflow/example_dags/example_dag_decorator.py for tasks to queue
[2023-11-30T02:23:50.930+0200] {logging_mixin.py:154} INFO - [2023-11-30T02:23:50.930+0200] {dagbag.py:536} INFO - Filling up the DagBag from /home/seva/UCU/AutomatedDataPipelines/Homework1/venv/lib/python3.10/site-packages/airflow/example_dags/example_dag_decorator.py
[2023-11-30T02:23:50.940+0200] {processor.py:839} INFO - DAG(s) dict_keys(['example_dag_decorator']) retrieved from /home/seva/UCU/AutomatedDataPipelines/Homework1/venv/lib/python3.10/site-packages/airflow/example_dags/example_dag_decorator.py
[2023-11-30T02:23:51.014+0200] {logging_mixin.py:154} INFO - [2023-11-30T02:23:51.014+0200] {dag.py:2941} INFO - Sync 1 DAGs
[2023-11-30T02:23:51.021+0200] {logging_mixin.py:154} INFO - [2023-11-30T02:23:51.021+0200] {dag.py:3722} INFO - Setting next_dagrun for example_dag_decorator to None, run_after=None
[2023-11-30T02:23:51.065+0200] {processor.py:179} INFO - Processing /home/seva/UCU/AutomatedDataPipelines/Homework1/venv/lib/python3.10/site-packages/airflow/example_dags/example_dag_decorator.py took 0.152 seconds
[2023-11-30T02:24:38.434+0200] {processor.py:157} INFO - Started process (PID=3767) to work on /home/seva/UCU/AutomatedDataPipelines/Homework1/venv/lib/python3.10/site-packages/airflow/example_dags/example_dag_decorator.py
[2023-11-30T02:24:38.446+0200] {processor.py:829} INFO - Processing file /home/seva/UCU/AutomatedDataPipelines/Homework1/venv/lib/python3.10/site-packages/airflow/example_dags/example_dag_decorator.py for tasks to queue
[2023-11-30T02:24:38.447+0200] {logging_mixin.py:154} INFO - [2023-11-30T02:24:38.447+0200] {dagbag.py:536} INFO - Filling up the DagBag from /home/seva/UCU/AutomatedDataPipelines/Homework1/venv/lib/python3.10/site-packages/airflow/example_dags/example_dag_decorator.py
[2023-11-30T02:24:38.457+0200] {processor.py:839} INFO - DAG(s) dict_keys(['example_dag_decorator']) retrieved from /home/seva/UCU/AutomatedDataPipelines/Homework1/venv/lib/python3.10/site-packages/airflow/example_dags/example_dag_decorator.py
[2023-11-30T02:24:38.529+0200] {logging_mixin.py:154} INFO - [2023-11-30T02:24:38.529+0200] {dag.py:2941} INFO - Sync 1 DAGs
[2023-11-30T02:24:38.538+0200] {logging_mixin.py:154} INFO - [2023-11-30T02:24:38.537+0200] {dag.py:3722} INFO - Setting next_dagrun for example_dag_decorator to None, run_after=None
[2023-11-30T02:24:38.562+0200] {processor.py:179} INFO - Processing /home/seva/UCU/AutomatedDataPipelines/Homework1/venv/lib/python3.10/site-packages/airflow/example_dags/example_dag_decorator.py took 0.131 seconds
[2023-11-30T02:25:25.215+0200] {processor.py:157} INFO - Started process (PID=3955) to work on /home/seva/UCU/AutomatedDataPipelines/Homework1/venv/lib/python3.10/site-packages/airflow/example_dags/example_dag_decorator.py
[2023-11-30T02:25:25.227+0200] {processor.py:829} INFO - Processing file /home/seva/UCU/AutomatedDataPipelines/Homework1/venv/lib/python3.10/site-packages/airflow/example_dags/example_dag_decorator.py for tasks to queue
[2023-11-30T02:25:25.229+0200] {logging_mixin.py:154} INFO - [2023-11-30T02:25:25.228+0200] {dagbag.py:536} INFO - Filling up the DagBag from /home/seva/UCU/AutomatedDataPipelines/Homework1/venv/lib/python3.10/site-packages/airflow/example_dags/example_dag_decorator.py
[2023-11-30T02:25:25.240+0200] {processor.py:839} INFO - DAG(s) dict_keys(['example_dag_decorator']) retrieved from /home/seva/UCU/AutomatedDataPipelines/Homework1/venv/lib/python3.10/site-packages/airflow/example_dags/example_dag_decorator.py
[2023-11-30T02:25:25.314+0200] {logging_mixin.py:154} INFO - [2023-11-30T02:25:25.314+0200] {dag.py:2941} INFO - Sync 1 DAGs
[2023-11-30T02:25:25.322+0200] {logging_mixin.py:154} INFO - [2023-11-30T02:25:25.321+0200] {dag.py:3722} INFO - Setting next_dagrun for example_dag_decorator to None, run_after=None
[2023-11-30T02:25:25.347+0200] {processor.py:179} INFO - Processing /home/seva/UCU/AutomatedDataPipelines/Homework1/venv/lib/python3.10/site-packages/airflow/example_dags/example_dag_decorator.py took 0.136 seconds
[2023-11-30T02:26:21.341+0200] {processor.py:157} INFO - Started process (PID=4174) to work on /home/seva/UCU/AutomatedDataPipelines/Homework1/venv/lib/python3.10/site-packages/airflow/example_dags/example_dag_decorator.py
[2023-11-30T02:26:21.353+0200] {processor.py:829} INFO - Processing file /home/seva/UCU/AutomatedDataPipelines/Homework1/venv/lib/python3.10/site-packages/airflow/example_dags/example_dag_decorator.py for tasks to queue
[2023-11-30T02:26:21.354+0200] {logging_mixin.py:154} INFO - [2023-11-30T02:26:21.354+0200] {dagbag.py:536} INFO - Filling up the DagBag from /home/seva/UCU/AutomatedDataPipelines/Homework1/venv/lib/python3.10/site-packages/airflow/example_dags/example_dag_decorator.py
[2023-11-30T02:26:21.364+0200] {processor.py:839} INFO - DAG(s) dict_keys(['example_dag_decorator']) retrieved from /home/seva/UCU/AutomatedDataPipelines/Homework1/venv/lib/python3.10/site-packages/airflow/example_dags/example_dag_decorator.py
[2023-11-30T02:26:21.438+0200] {logging_mixin.py:154} INFO - [2023-11-30T02:26:21.438+0200] {dag.py:2941} INFO - Sync 1 DAGs
[2023-11-30T02:26:21.446+0200] {logging_mixin.py:154} INFO - [2023-11-30T02:26:21.446+0200] {dag.py:3722} INFO - Setting next_dagrun for example_dag_decorator to None, run_after=None
[2023-11-30T02:26:21.472+0200] {processor.py:179} INFO - Processing /home/seva/UCU/AutomatedDataPipelines/Homework1/venv/lib/python3.10/site-packages/airflow/example_dags/example_dag_decorator.py took 0.133 seconds
[2023-11-30T02:27:14.597+0200] {processor.py:157} INFO - Started process (PID=4381) to work on /home/seva/UCU/AutomatedDataPipelines/Homework1/venv/lib/python3.10/site-packages/airflow/example_dags/example_dag_decorator.py
[2023-11-30T02:27:14.608+0200] {processor.py:829} INFO - Processing file /home/seva/UCU/AutomatedDataPipelines/Homework1/venv/lib/python3.10/site-packages/airflow/example_dags/example_dag_decorator.py for tasks to queue
[2023-11-30T02:27:14.609+0200] {logging_mixin.py:154} INFO - [2023-11-30T02:27:14.608+0200] {dagbag.py:536} INFO - Filling up the DagBag from /home/seva/UCU/AutomatedDataPipelines/Homework1/venv/lib/python3.10/site-packages/airflow/example_dags/example_dag_decorator.py
[2023-11-30T02:27:14.623+0200] {processor.py:839} INFO - DAG(s) dict_keys(['example_dag_decorator']) retrieved from /home/seva/UCU/AutomatedDataPipelines/Homework1/venv/lib/python3.10/site-packages/airflow/example_dags/example_dag_decorator.py
[2023-11-30T02:27:14.696+0200] {logging_mixin.py:154} INFO - [2023-11-30T02:27:14.696+0200] {dag.py:2941} INFO - Sync 1 DAGs
[2023-11-30T02:27:14.703+0200] {logging_mixin.py:154} INFO - [2023-11-30T02:27:14.703+0200] {dag.py:3722} INFO - Setting next_dagrun for example_dag_decorator to None, run_after=None
[2023-11-30T02:27:14.730+0200] {processor.py:179} INFO - Processing /home/seva/UCU/AutomatedDataPipelines/Homework1/venv/lib/python3.10/site-packages/airflow/example_dags/example_dag_decorator.py took 0.137 seconds
[2023-11-30T02:28:02.484+0200] {processor.py:157} INFO - Started process (PID=4571) to work on /home/seva/UCU/AutomatedDataPipelines/Homework1/venv/lib/python3.10/site-packages/airflow/example_dags/example_dag_decorator.py
[2023-11-30T02:28:02.496+0200] {processor.py:829} INFO - Processing file /home/seva/UCU/AutomatedDataPipelines/Homework1/venv/lib/python3.10/site-packages/airflow/example_dags/example_dag_decorator.py for tasks to queue
[2023-11-30T02:28:02.497+0200] {logging_mixin.py:154} INFO - [2023-11-30T02:28:02.497+0200] {dagbag.py:536} INFO - Filling up the DagBag from /home/seva/UCU/AutomatedDataPipelines/Homework1/venv/lib/python3.10/site-packages/airflow/example_dags/example_dag_decorator.py
[2023-11-30T02:28:02.507+0200] {processor.py:839} INFO - DAG(s) dict_keys(['example_dag_decorator']) retrieved from /home/seva/UCU/AutomatedDataPipelines/Homework1/venv/lib/python3.10/site-packages/airflow/example_dags/example_dag_decorator.py
[2023-11-30T02:28:02.580+0200] {logging_mixin.py:154} INFO - [2023-11-30T02:28:02.580+0200] {dag.py:2941} INFO - Sync 1 DAGs
[2023-11-30T02:28:02.588+0200] {logging_mixin.py:154} INFO - [2023-11-30T02:28:02.588+0200] {dag.py:3722} INFO - Setting next_dagrun for example_dag_decorator to None, run_after=None
[2023-11-30T02:28:02.612+0200] {processor.py:179} INFO - Processing /home/seva/UCU/AutomatedDataPipelines/Homework1/venv/lib/python3.10/site-packages/airflow/example_dags/example_dag_decorator.py took 0.130 seconds
[2023-11-30T02:28:46.244+0200] {processor.py:157} INFO - Started process (PID=4743) to work on /home/seva/UCU/AutomatedDataPipelines/Homework1/venv/lib/python3.10/site-packages/airflow/example_dags/example_dag_decorator.py
[2023-11-30T02:28:46.246+0200] {processor.py:829} INFO - Processing file /home/seva/UCU/AutomatedDataPipelines/Homework1/venv/lib/python3.10/site-packages/airflow/example_dags/example_dag_decorator.py for tasks to queue
[2023-11-30T02:28:46.247+0200] {logging_mixin.py:154} INFO - [2023-11-30T02:28:46.246+0200] {dagbag.py:536} INFO - Filling up the DagBag from /home/seva/UCU/AutomatedDataPipelines/Homework1/venv/lib/python3.10/site-packages/airflow/example_dags/example_dag_decorator.py
[2023-11-30T02:28:46.258+0200] {processor.py:839} INFO - DAG(s) dict_keys(['example_dag_decorator']) retrieved from /home/seva/UCU/AutomatedDataPipelines/Homework1/venv/lib/python3.10/site-packages/airflow/example_dags/example_dag_decorator.py
[2023-11-30T02:28:46.337+0200] {logging_mixin.py:154} INFO - [2023-11-30T02:28:46.336+0200] {dag.py:2941} INFO - Sync 1 DAGs
[2023-11-30T02:28:46.347+0200] {logging_mixin.py:154} INFO - [2023-11-30T02:28:46.347+0200] {dag.py:3722} INFO - Setting next_dagrun for example_dag_decorator to None, run_after=None
[2023-11-30T02:28:46.374+0200] {processor.py:179} INFO - Processing /home/seva/UCU/AutomatedDataPipelines/Homework1/venv/lib/python3.10/site-packages/airflow/example_dags/example_dag_decorator.py took 0.134 seconds
[2023-11-30T02:29:32.270+0200] {processor.py:157} INFO - Started process (PID=4927) to work on /home/seva/UCU/AutomatedDataPipelines/Homework1/venv/lib/python3.10/site-packages/airflow/example_dags/example_dag_decorator.py
[2023-11-30T02:29:32.281+0200] {processor.py:829} INFO - Processing file /home/seva/UCU/AutomatedDataPipelines/Homework1/venv/lib/python3.10/site-packages/airflow/example_dags/example_dag_decorator.py for tasks to queue
[2023-11-30T02:29:32.283+0200] {logging_mixin.py:154} INFO - [2023-11-30T02:29:32.282+0200] {dagbag.py:536} INFO - Filling up the DagBag from /home/seva/UCU/AutomatedDataPipelines/Homework1/venv/lib/python3.10/site-packages/airflow/example_dags/example_dag_decorator.py
[2023-11-30T02:29:32.294+0200] {processor.py:839} INFO - DAG(s) dict_keys(['example_dag_decorator']) retrieved from /home/seva/UCU/AutomatedDataPipelines/Homework1/venv/lib/python3.10/site-packages/airflow/example_dags/example_dag_decorator.py
[2023-11-30T02:29:32.368+0200] {logging_mixin.py:154} INFO - [2023-11-30T02:29:32.367+0200] {dag.py:2941} INFO - Sync 1 DAGs
[2023-11-30T02:29:32.375+0200] {logging_mixin.py:154} INFO - [2023-11-30T02:29:32.375+0200] {dag.py:3722} INFO - Setting next_dagrun for example_dag_decorator to None, run_after=None
[2023-11-30T02:29:32.400+0200] {processor.py:179} INFO - Processing /home/seva/UCU/AutomatedDataPipelines/Homework1/venv/lib/python3.10/site-packages/airflow/example_dags/example_dag_decorator.py took 0.133 seconds
[2023-11-30T02:30:17.193+0200] {processor.py:157} INFO - Started process (PID=5104) to work on /home/seva/UCU/AutomatedDataPipelines/Homework1/venv/lib/python3.10/site-packages/airflow/example_dags/example_dag_decorator.py
[2023-11-30T02:30:17.195+0200] {processor.py:829} INFO - Processing file /home/seva/UCU/AutomatedDataPipelines/Homework1/venv/lib/python3.10/site-packages/airflow/example_dags/example_dag_decorator.py for tasks to queue
[2023-11-30T02:30:17.196+0200] {logging_mixin.py:154} INFO - [2023-11-30T02:30:17.196+0200] {dagbag.py:536} INFO - Filling up the DagBag from /home/seva/UCU/AutomatedDataPipelines/Homework1/venv/lib/python3.10/site-packages/airflow/example_dags/example_dag_decorator.py
[2023-11-30T02:30:17.208+0200] {processor.py:839} INFO - DAG(s) dict_keys(['example_dag_decorator']) retrieved from /home/seva/UCU/AutomatedDataPipelines/Homework1/venv/lib/python3.10/site-packages/airflow/example_dags/example_dag_decorator.py
[2023-11-30T02:30:17.287+0200] {logging_mixin.py:154} INFO - [2023-11-30T02:30:17.286+0200] {dag.py:2941} INFO - Sync 1 DAGs
[2023-11-30T02:30:17.295+0200] {logging_mixin.py:154} INFO - [2023-11-30T02:30:17.294+0200] {dag.py:3722} INFO - Setting next_dagrun for example_dag_decorator to None, run_after=None
[2023-11-30T02:30:17.320+0200] {processor.py:179} INFO - Processing /home/seva/UCU/AutomatedDataPipelines/Homework1/venv/lib/python3.10/site-packages/airflow/example_dags/example_dag_decorator.py took 0.130 seconds
[2023-11-30T02:31:02.319+0200] {processor.py:157} INFO - Started process (PID=5277) to work on /home/seva/UCU/AutomatedDataPipelines/Homework1/venv/lib/python3.10/site-packages/airflow/example_dags/example_dag_decorator.py
[2023-11-30T02:31:02.330+0200] {processor.py:829} INFO - Processing file /home/seva/UCU/AutomatedDataPipelines/Homework1/venv/lib/python3.10/site-packages/airflow/example_dags/example_dag_decorator.py for tasks to queue
[2023-11-30T02:31:02.331+0200] {logging_mixin.py:154} INFO - [2023-11-30T02:31:02.331+0200] {dagbag.py:536} INFO - Filling up the DagBag from /home/seva/UCU/AutomatedDataPipelines/Homework1/venv/lib/python3.10/site-packages/airflow/example_dags/example_dag_decorator.py
[2023-11-30T02:31:02.346+0200] {processor.py:839} INFO - DAG(s) dict_keys(['example_dag_decorator']) retrieved from /home/seva/UCU/AutomatedDataPipelines/Homework1/venv/lib/python3.10/site-packages/airflow/example_dags/example_dag_decorator.py
[2023-11-30T02:31:02.435+0200] {logging_mixin.py:154} INFO - [2023-11-30T02:31:02.435+0200] {dag.py:2941} INFO - Sync 1 DAGs
[2023-11-30T02:31:02.443+0200] {logging_mixin.py:154} INFO - [2023-11-30T02:31:02.443+0200] {dag.py:3722} INFO - Setting next_dagrun for example_dag_decorator to None, run_after=None
[2023-11-30T02:31:02.469+0200] {processor.py:179} INFO - Processing /home/seva/UCU/AutomatedDataPipelines/Homework1/venv/lib/python3.10/site-packages/airflow/example_dags/example_dag_decorator.py took 0.153 seconds
[2023-11-30T02:31:48.519+0200] {processor.py:157} INFO - Started process (PID=5463) to work on /home/seva/UCU/AutomatedDataPipelines/Homework1/venv/lib/python3.10/site-packages/airflow/example_dags/example_dag_decorator.py
[2023-11-30T02:31:48.521+0200] {processor.py:829} INFO - Processing file /home/seva/UCU/AutomatedDataPipelines/Homework1/venv/lib/python3.10/site-packages/airflow/example_dags/example_dag_decorator.py for tasks to queue
[2023-11-30T02:31:48.522+0200] {logging_mixin.py:154} INFO - [2023-11-30T02:31:48.521+0200] {dagbag.py:536} INFO - Filling up the DagBag from /home/seva/UCU/AutomatedDataPipelines/Homework1/venv/lib/python3.10/site-packages/airflow/example_dags/example_dag_decorator.py
[2023-11-30T02:31:48.533+0200] {processor.py:839} INFO - DAG(s) dict_keys(['example_dag_decorator']) retrieved from /home/seva/UCU/AutomatedDataPipelines/Homework1/venv/lib/python3.10/site-packages/airflow/example_dags/example_dag_decorator.py
[2023-11-30T02:31:48.609+0200] {logging_mixin.py:154} INFO - [2023-11-30T02:31:48.608+0200] {dag.py:2941} INFO - Sync 1 DAGs
[2023-11-30T02:31:48.617+0200] {logging_mixin.py:154} INFO - [2023-11-30T02:31:48.617+0200] {dag.py:3722} INFO - Setting next_dagrun for example_dag_decorator to None, run_after=None
[2023-11-30T02:31:48.641+0200] {processor.py:179} INFO - Processing /home/seva/UCU/AutomatedDataPipelines/Homework1/venv/lib/python3.10/site-packages/airflow/example_dags/example_dag_decorator.py took 0.126 seconds
[2023-11-30T02:32:31.871+0200] {processor.py:157} INFO - Started process (PID=5661) to work on /home/seva/UCU/AutomatedDataPipelines/Homework1/venv/lib/python3.10/site-packages/airflow/example_dags/example_dag_decorator.py
[2023-11-30T02:32:31.873+0200] {processor.py:829} INFO - Processing file /home/seva/UCU/AutomatedDataPipelines/Homework1/venv/lib/python3.10/site-packages/airflow/example_dags/example_dag_decorator.py for tasks to queue
[2023-11-30T02:32:31.874+0200] {logging_mixin.py:154} INFO - [2023-11-30T02:32:31.873+0200] {dagbag.py:536} INFO - Filling up the DagBag from /home/seva/UCU/AutomatedDataPipelines/Homework1/venv/lib/python3.10/site-packages/airflow/example_dags/example_dag_decorator.py
[2023-11-30T02:32:31.884+0200] {processor.py:839} INFO - DAG(s) dict_keys(['example_dag_decorator']) retrieved from /home/seva/UCU/AutomatedDataPipelines/Homework1/venv/lib/python3.10/site-packages/airflow/example_dags/example_dag_decorator.py
[2023-11-30T02:32:31.968+0200] {logging_mixin.py:154} INFO - [2023-11-30T02:32:31.968+0200] {dag.py:2941} INFO - Sync 1 DAGs
[2023-11-30T02:32:31.977+0200] {logging_mixin.py:154} INFO - [2023-11-30T02:32:31.976+0200] {dag.py:3722} INFO - Setting next_dagrun for example_dag_decorator to None, run_after=None
[2023-11-30T02:32:32.002+0200] {processor.py:179} INFO - Processing /home/seva/UCU/AutomatedDataPipelines/Homework1/venv/lib/python3.10/site-packages/airflow/example_dags/example_dag_decorator.py took 0.134 seconds
[2023-11-30T02:33:19.294+0200] {processor.py:157} INFO - Started process (PID=5850) to work on /home/seva/UCU/AutomatedDataPipelines/Homework1/venv/lib/python3.10/site-packages/airflow/example_dags/example_dag_decorator.py
[2023-11-30T02:33:19.307+0200] {processor.py:829} INFO - Processing file /home/seva/UCU/AutomatedDataPipelines/Homework1/venv/lib/python3.10/site-packages/airflow/example_dags/example_dag_decorator.py for tasks to queue
[2023-11-30T02:33:19.308+0200] {logging_mixin.py:154} INFO - [2023-11-30T02:33:19.307+0200] {dagbag.py:536} INFO - Filling up the DagBag from /home/seva/UCU/AutomatedDataPipelines/Homework1/venv/lib/python3.10/site-packages/airflow/example_dags/example_dag_decorator.py
[2023-11-30T02:33:19.320+0200] {processor.py:839} INFO - DAG(s) dict_keys(['example_dag_decorator']) retrieved from /home/seva/UCU/AutomatedDataPipelines/Homework1/venv/lib/python3.10/site-packages/airflow/example_dags/example_dag_decorator.py
[2023-11-30T02:33:19.398+0200] {logging_mixin.py:154} INFO - [2023-11-30T02:33:19.397+0200] {dag.py:2941} INFO - Sync 1 DAGs
[2023-11-30T02:33:19.405+0200] {logging_mixin.py:154} INFO - [2023-11-30T02:33:19.405+0200] {dag.py:3722} INFO - Setting next_dagrun for example_dag_decorator to None, run_after=None
[2023-11-30T02:33:19.430+0200] {processor.py:179} INFO - Processing /home/seva/UCU/AutomatedDataPipelines/Homework1/venv/lib/python3.10/site-packages/airflow/example_dags/example_dag_decorator.py took 0.140 seconds
[2023-11-30T02:34:05.954+0200] {processor.py:157} INFO - Started process (PID=6030) to work on /home/seva/UCU/AutomatedDataPipelines/Homework1/venv/lib/python3.10/site-packages/airflow/example_dags/example_dag_decorator.py
[2023-11-30T02:34:05.966+0200] {processor.py:829} INFO - Processing file /home/seva/UCU/AutomatedDataPipelines/Homework1/venv/lib/python3.10/site-packages/airflow/example_dags/example_dag_decorator.py for tasks to queue
[2023-11-30T02:34:05.967+0200] {logging_mixin.py:154} INFO - [2023-11-30T02:34:05.967+0200] {dagbag.py:536} INFO - Filling up the DagBag from /home/seva/UCU/AutomatedDataPipelines/Homework1/venv/lib/python3.10/site-packages/airflow/example_dags/example_dag_decorator.py
[2023-11-30T02:34:05.982+0200] {processor.py:839} INFO - DAG(s) dict_keys(['example_dag_decorator']) retrieved from /home/seva/UCU/AutomatedDataPipelines/Homework1/venv/lib/python3.10/site-packages/airflow/example_dags/example_dag_decorator.py
[2023-11-30T02:34:06.086+0200] {logging_mixin.py:154} INFO - [2023-11-30T02:34:06.086+0200] {dag.py:2941} INFO - Sync 1 DAGs
[2023-11-30T02:34:06.096+0200] {logging_mixin.py:154} INFO - [2023-11-30T02:34:06.096+0200] {dag.py:3722} INFO - Setting next_dagrun for example_dag_decorator to None, run_after=None
[2023-11-30T02:34:06.121+0200] {processor.py:179} INFO - Processing /home/seva/UCU/AutomatedDataPipelines/Homework1/venv/lib/python3.10/site-packages/airflow/example_dags/example_dag_decorator.py took 0.171 seconds
[2023-11-30T02:34:57.536+0200] {processor.py:157} INFO - Started process (PID=6240) to work on /home/seva/UCU/AutomatedDataPipelines/Homework1/venv/lib/python3.10/site-packages/airflow/example_dags/example_dag_decorator.py
[2023-11-30T02:34:57.538+0200] {processor.py:829} INFO - Processing file /home/seva/UCU/AutomatedDataPipelines/Homework1/venv/lib/python3.10/site-packages/airflow/example_dags/example_dag_decorator.py for tasks to queue
[2023-11-30T02:34:57.539+0200] {logging_mixin.py:154} INFO - [2023-11-30T02:34:57.538+0200] {dagbag.py:536} INFO - Filling up the DagBag from /home/seva/UCU/AutomatedDataPipelines/Homework1/venv/lib/python3.10/site-packages/airflow/example_dags/example_dag_decorator.py
[2023-11-30T02:34:57.553+0200] {processor.py:839} INFO - DAG(s) dict_keys(['example_dag_decorator']) retrieved from /home/seva/UCU/AutomatedDataPipelines/Homework1/venv/lib/python3.10/site-packages/airflow/example_dags/example_dag_decorator.py
[2023-11-30T02:34:57.656+0200] {logging_mixin.py:154} INFO - [2023-11-30T02:34:57.655+0200] {dag.py:2941} INFO - Sync 1 DAGs
[2023-11-30T02:34:57.666+0200] {logging_mixin.py:154} INFO - [2023-11-30T02:34:57.666+0200] {dag.py:3722} INFO - Setting next_dagrun for example_dag_decorator to None, run_after=None
[2023-11-30T02:34:57.692+0200] {processor.py:179} INFO - Processing /home/seva/UCU/AutomatedDataPipelines/Homework1/venv/lib/python3.10/site-packages/airflow/example_dags/example_dag_decorator.py took 0.160 seconds
[2023-11-30T02:35:43.788+0200] {processor.py:157} INFO - Started process (PID=6421) to work on /home/seva/UCU/AutomatedDataPipelines/Homework1/venv/lib/python3.10/site-packages/airflow/example_dags/example_dag_decorator.py
[2023-11-30T02:35:43.800+0200] {processor.py:829} INFO - Processing file /home/seva/UCU/AutomatedDataPipelines/Homework1/venv/lib/python3.10/site-packages/airflow/example_dags/example_dag_decorator.py for tasks to queue
[2023-11-30T02:35:43.801+0200] {logging_mixin.py:154} INFO - [2023-11-30T02:35:43.800+0200] {dagbag.py:536} INFO - Filling up the DagBag from /home/seva/UCU/AutomatedDataPipelines/Homework1/venv/lib/python3.10/site-packages/airflow/example_dags/example_dag_decorator.py
[2023-11-30T02:35:43.812+0200] {processor.py:839} INFO - DAG(s) dict_keys(['example_dag_decorator']) retrieved from /home/seva/UCU/AutomatedDataPipelines/Homework1/venv/lib/python3.10/site-packages/airflow/example_dags/example_dag_decorator.py
[2023-11-30T02:35:43.901+0200] {logging_mixin.py:154} INFO - [2023-11-30T02:35:43.901+0200] {dag.py:2941} INFO - Sync 1 DAGs
[2023-11-30T02:35:43.909+0200] {logging_mixin.py:154} INFO - [2023-11-30T02:35:43.909+0200] {dag.py:3722} INFO - Setting next_dagrun for example_dag_decorator to None, run_after=None
[2023-11-30T02:35:43.934+0200] {processor.py:179} INFO - Processing /home/seva/UCU/AutomatedDataPipelines/Homework1/venv/lib/python3.10/site-packages/airflow/example_dags/example_dag_decorator.py took 0.149 seconds
[2023-11-30T02:36:28.535+0200] {processor.py:157} INFO - Started process (PID=6604) to work on /home/seva/UCU/AutomatedDataPipelines/Homework1/venv/lib/python3.10/site-packages/airflow/example_dags/example_dag_decorator.py
[2023-11-30T02:36:28.547+0200] {processor.py:829} INFO - Processing file /home/seva/UCU/AutomatedDataPipelines/Homework1/venv/lib/python3.10/site-packages/airflow/example_dags/example_dag_decorator.py for tasks to queue
[2023-11-30T02:36:28.548+0200] {logging_mixin.py:154} INFO - [2023-11-30T02:36:28.548+0200] {dagbag.py:536} INFO - Filling up the DagBag from /home/seva/UCU/AutomatedDataPipelines/Homework1/venv/lib/python3.10/site-packages/airflow/example_dags/example_dag_decorator.py
[2023-11-30T02:36:28.561+0200] {processor.py:839} INFO - DAG(s) dict_keys(['example_dag_decorator']) retrieved from /home/seva/UCU/AutomatedDataPipelines/Homework1/venv/lib/python3.10/site-packages/airflow/example_dags/example_dag_decorator.py
[2023-11-30T02:36:28.652+0200] {logging_mixin.py:154} INFO - [2023-11-30T02:36:28.652+0200] {dag.py:2941} INFO - Sync 1 DAGs
[2023-11-30T02:36:28.661+0200] {logging_mixin.py:154} INFO - [2023-11-30T02:36:28.661+0200] {dag.py:3722} INFO - Setting next_dagrun for example_dag_decorator to None, run_after=None
[2023-11-30T02:36:28.689+0200] {processor.py:179} INFO - Processing /home/seva/UCU/AutomatedDataPipelines/Homework1/venv/lib/python3.10/site-packages/airflow/example_dags/example_dag_decorator.py took 0.157 seconds
[2023-11-30T02:37:17.425+0200] {processor.py:157} INFO - Started process (PID=6793) to work on /home/seva/UCU/AutomatedDataPipelines/Homework1/venv/lib/python3.10/site-packages/airflow/example_dags/example_dag_decorator.py
[2023-11-30T02:37:17.438+0200] {processor.py:829} INFO - Processing file /home/seva/UCU/AutomatedDataPipelines/Homework1/venv/lib/python3.10/site-packages/airflow/example_dags/example_dag_decorator.py for tasks to queue
[2023-11-30T02:37:17.439+0200] {logging_mixin.py:154} INFO - [2023-11-30T02:37:17.438+0200] {dagbag.py:536} INFO - Filling up the DagBag from /home/seva/UCU/AutomatedDataPipelines/Homework1/venv/lib/python3.10/site-packages/airflow/example_dags/example_dag_decorator.py
[2023-11-30T02:37:17.453+0200] {processor.py:839} INFO - DAG(s) dict_keys(['example_dag_decorator']) retrieved from /home/seva/UCU/AutomatedDataPipelines/Homework1/venv/lib/python3.10/site-packages/airflow/example_dags/example_dag_decorator.py
[2023-11-30T02:37:17.553+0200] {logging_mixin.py:154} INFO - [2023-11-30T02:37:17.553+0200] {dag.py:2941} INFO - Sync 1 DAGs
[2023-11-30T02:37:17.565+0200] {logging_mixin.py:154} INFO - [2023-11-30T02:37:17.564+0200] {dag.py:3722} INFO - Setting next_dagrun for example_dag_decorator to None, run_after=None
[2023-11-30T02:37:17.593+0200] {processor.py:179} INFO - Processing /home/seva/UCU/AutomatedDataPipelines/Homework1/venv/lib/python3.10/site-packages/airflow/example_dags/example_dag_decorator.py took 0.171 seconds
[2023-11-30T02:38:07.223+0200] {processor.py:157} INFO - Started process (PID=6989) to work on /home/seva/UCU/AutomatedDataPipelines/Homework1/venv/lib/python3.10/site-packages/airflow/example_dags/example_dag_decorator.py
[2023-11-30T02:38:07.234+0200] {processor.py:829} INFO - Processing file /home/seva/UCU/AutomatedDataPipelines/Homework1/venv/lib/python3.10/site-packages/airflow/example_dags/example_dag_decorator.py for tasks to queue
[2023-11-30T02:38:07.235+0200] {logging_mixin.py:154} INFO - [2023-11-30T02:38:07.235+0200] {dagbag.py:536} INFO - Filling up the DagBag from /home/seva/UCU/AutomatedDataPipelines/Homework1/venv/lib/python3.10/site-packages/airflow/example_dags/example_dag_decorator.py
[2023-11-30T02:38:07.247+0200] {processor.py:839} INFO - DAG(s) dict_keys(['example_dag_decorator']) retrieved from /home/seva/UCU/AutomatedDataPipelines/Homework1/venv/lib/python3.10/site-packages/airflow/example_dags/example_dag_decorator.py
[2023-11-30T02:38:07.341+0200] {logging_mixin.py:154} INFO - [2023-11-30T02:38:07.341+0200] {dag.py:2941} INFO - Sync 1 DAGs
[2023-11-30T02:38:07.354+0200] {logging_mixin.py:154} INFO - [2023-11-30T02:38:07.353+0200] {dag.py:3722} INFO - Setting next_dagrun for example_dag_decorator to None, run_after=None
[2023-11-30T02:38:07.385+0200] {processor.py:179} INFO - Processing /home/seva/UCU/AutomatedDataPipelines/Homework1/venv/lib/python3.10/site-packages/airflow/example_dags/example_dag_decorator.py took 0.166 seconds
[2023-11-30T02:39:01.997+0200] {processor.py:157} INFO - Started process (PID=7422) to work on /home/seva/UCU/AutomatedDataPipelines/Homework1/venv/lib/python3.10/site-packages/airflow/example_dags/example_dag_decorator.py
[2023-11-30T02:39:01.999+0200] {processor.py:829} INFO - Processing file /home/seva/UCU/AutomatedDataPipelines/Homework1/venv/lib/python3.10/site-packages/airflow/example_dags/example_dag_decorator.py for tasks to queue
[2023-11-30T02:39:02.001+0200] {logging_mixin.py:154} INFO - [2023-11-30T02:39:02.000+0200] {dagbag.py:536} INFO - Filling up the DagBag from /home/seva/UCU/AutomatedDataPipelines/Homework1/venv/lib/python3.10/site-packages/airflow/example_dags/example_dag_decorator.py
[2023-11-30T02:39:02.015+0200] {processor.py:839} INFO - DAG(s) dict_keys(['example_dag_decorator']) retrieved from /home/seva/UCU/AutomatedDataPipelines/Homework1/venv/lib/python3.10/site-packages/airflow/example_dags/example_dag_decorator.py
[2023-11-30T02:39:02.109+0200] {logging_mixin.py:154} INFO - [2023-11-30T02:39:02.109+0200] {dag.py:2941} INFO - Sync 1 DAGs
[2023-11-30T02:39:02.118+0200] {logging_mixin.py:154} INFO - [2023-11-30T02:39:02.117+0200] {dag.py:3722} INFO - Setting next_dagrun for example_dag_decorator to None, run_after=None
[2023-11-30T02:39:02.156+0200] {processor.py:179} INFO - Processing /home/seva/UCU/AutomatedDataPipelines/Homework1/venv/lib/python3.10/site-packages/airflow/example_dags/example_dag_decorator.py took 0.163 seconds
