[2023-11-30T02:13:53.501+0200] {processor.py:157} INFO - Started process (PID=1257) to work on /home/seva/UCU/AutomatedDataPipelines/Homework1/venv/lib/python3.10/site-packages/airflow/example_dags/example_task_group_decorator.py
[2023-11-30T02:13:53.502+0200] {processor.py:829} INFO - Processing file /home/seva/UCU/AutomatedDataPipelines/Homework1/venv/lib/python3.10/site-packages/airflow/example_dags/example_task_group_decorator.py for tasks to queue
[2023-11-30T02:13:53.503+0200] {logging_mixin.py:154} INFO - [2023-11-30T02:13:53.503+0200] {dagbag.py:536} INFO - Filling up the DagBag from /home/seva/UCU/AutomatedDataPipelines/Homework1/venv/lib/python3.10/site-packages/airflow/example_dags/example_task_group_decorator.py
[2023-11-30T02:13:53.519+0200] {processor.py:839} INFO - DAG(s) dict_keys(['example_task_group_decorator']) retrieved from /home/seva/UCU/AutomatedDataPipelines/Homework1/venv/lib/python3.10/site-packages/airflow/example_dags/example_task_group_decorator.py
[2023-11-30T02:13:53.628+0200] {logging_mixin.py:154} INFO - [2023-11-30T02:13:53.628+0200] {manager.py:499} INFO - Created Permission View: %s
[2023-11-30T02:13:53.646+0200] {logging_mixin.py:154} INFO - [2023-11-30T02:13:53.646+0200] {manager.py:499} INFO - Created Permission View: %s
[2023-11-30T02:13:53.662+0200] {logging_mixin.py:154} INFO - [2023-11-30T02:13:53.662+0200] {manager.py:499} INFO - Created Permission View: %s
[2023-11-30T02:13:53.663+0200] {logging_mixin.py:154} INFO - [2023-11-30T02:13:53.663+0200] {dag.py:2941} INFO - Sync 1 DAGs
[2023-11-30T02:13:53.671+0200] {logging_mixin.py:154} INFO - [2023-11-30T02:13:53.671+0200] {dag.py:2963} INFO - Creating ORM DAG for example_task_group_decorator
[2023-11-30T02:13:53.677+0200] {logging_mixin.py:154} INFO - [2023-11-30T02:13:53.677+0200] {dag.py:3722} INFO - Setting next_dagrun for example_task_group_decorator to 2023-11-29T00:13:53.677417+00:00, run_after=2023-11-30T00:13:53.677417+00:00
[2023-11-30T02:13:53.705+0200] {processor.py:179} INFO - Processing /home/seva/UCU/AutomatedDataPipelines/Homework1/venv/lib/python3.10/site-packages/airflow/example_dags/example_task_group_decorator.py took 0.207 seconds
[2023-11-30T02:14:38.752+0200] {processor.py:157} INFO - Started process (PID=1395) to work on /home/seva/UCU/AutomatedDataPipelines/Homework1/venv/lib/python3.10/site-packages/airflow/example_dags/example_task_group_decorator.py
[2023-11-30T02:14:38.764+0200] {processor.py:829} INFO - Processing file /home/seva/UCU/AutomatedDataPipelines/Homework1/venv/lib/python3.10/site-packages/airflow/example_dags/example_task_group_decorator.py for tasks to queue
[2023-11-30T02:14:38.765+0200] {logging_mixin.py:154} INFO - [2023-11-30T02:14:38.764+0200] {dagbag.py:536} INFO - Filling up the DagBag from /home/seva/UCU/AutomatedDataPipelines/Homework1/venv/lib/python3.10/site-packages/airflow/example_dags/example_task_group_decorator.py
[2023-11-30T02:14:38.778+0200] {processor.py:839} INFO - DAG(s) dict_keys(['example_task_group_decorator']) retrieved from /home/seva/UCU/AutomatedDataPipelines/Homework1/venv/lib/python3.10/site-packages/airflow/example_dags/example_task_group_decorator.py
[2023-11-30T02:14:38.795+0200] {logging_mixin.py:154} INFO - [2023-11-30T02:14:38.795+0200] {dag.py:2941} INFO - Sync 1 DAGs
[2023-11-30T02:14:38.812+0200] {logging_mixin.py:154} INFO - [2023-11-30T02:14:38.812+0200] {dag.py:3722} INFO - Setting next_dagrun for example_task_group_decorator to 2023-11-29T00:14:38.811913+00:00, run_after=2023-11-30T00:14:38.811913+00:00
[2023-11-30T02:14:38.836+0200] {processor.py:179} INFO - Processing /home/seva/UCU/AutomatedDataPipelines/Homework1/venv/lib/python3.10/site-packages/airflow/example_dags/example_task_group_decorator.py took 0.087 seconds
[2023-11-30T02:15:27.636+0200] {processor.py:157} INFO - Started process (PID=1578) to work on /home/seva/UCU/AutomatedDataPipelines/Homework1/venv/lib/python3.10/site-packages/airflow/example_dags/example_task_group_decorator.py
[2023-11-30T02:15:27.639+0200] {processor.py:829} INFO - Processing file /home/seva/UCU/AutomatedDataPipelines/Homework1/venv/lib/python3.10/site-packages/airflow/example_dags/example_task_group_decorator.py for tasks to queue
[2023-11-30T02:15:27.640+0200] {logging_mixin.py:154} INFO - [2023-11-30T02:15:27.639+0200] {dagbag.py:536} INFO - Filling up the DagBag from /home/seva/UCU/AutomatedDataPipelines/Homework1/venv/lib/python3.10/site-packages/airflow/example_dags/example_task_group_decorator.py
[2023-11-30T02:15:27.652+0200] {processor.py:839} INFO - DAG(s) dict_keys(['example_task_group_decorator']) retrieved from /home/seva/UCU/AutomatedDataPipelines/Homework1/venv/lib/python3.10/site-packages/airflow/example_dags/example_task_group_decorator.py
[2023-11-30T02:15:27.667+0200] {logging_mixin.py:154} INFO - [2023-11-30T02:15:27.667+0200] {dag.py:2941} INFO - Sync 1 DAGs
[2023-11-30T02:15:27.683+0200] {logging_mixin.py:154} INFO - [2023-11-30T02:15:27.682+0200] {dag.py:3722} INFO - Setting next_dagrun for example_task_group_decorator to 2023-11-29T00:15:27.682700+00:00, run_after=2023-11-30T00:15:27.682700+00:00
[2023-11-30T02:15:27.709+0200] {processor.py:179} INFO - Processing /home/seva/UCU/AutomatedDataPipelines/Homework1/venv/lib/python3.10/site-packages/airflow/example_dags/example_task_group_decorator.py took 0.075 seconds
[2023-11-30T02:16:13.160+0200] {processor.py:157} INFO - Started process (PID=1756) to work on /home/seva/UCU/AutomatedDataPipelines/Homework1/venv/lib/python3.10/site-packages/airflow/example_dags/example_task_group_decorator.py
[2023-11-30T02:16:13.172+0200] {processor.py:829} INFO - Processing file /home/seva/UCU/AutomatedDataPipelines/Homework1/venv/lib/python3.10/site-packages/airflow/example_dags/example_task_group_decorator.py for tasks to queue
[2023-11-30T02:16:13.173+0200] {logging_mixin.py:154} INFO - [2023-11-30T02:16:13.173+0200] {dagbag.py:536} INFO - Filling up the DagBag from /home/seva/UCU/AutomatedDataPipelines/Homework1/venv/lib/python3.10/site-packages/airflow/example_dags/example_task_group_decorator.py
[2023-11-30T02:16:13.191+0200] {processor.py:839} INFO - DAG(s) dict_keys(['example_task_group_decorator']) retrieved from /home/seva/UCU/AutomatedDataPipelines/Homework1/venv/lib/python3.10/site-packages/airflow/example_dags/example_task_group_decorator.py
[2023-11-30T02:16:13.214+0200] {logging_mixin.py:154} INFO - [2023-11-30T02:16:13.214+0200] {dag.py:2941} INFO - Sync 1 DAGs
[2023-11-30T02:16:13.236+0200] {logging_mixin.py:154} INFO - [2023-11-30T02:16:13.236+0200] {dag.py:3722} INFO - Setting next_dagrun for example_task_group_decorator to 2023-11-29T00:16:13.236022+00:00, run_after=2023-11-30T00:16:13.236022+00:00
[2023-11-30T02:16:13.260+0200] {processor.py:179} INFO - Processing /home/seva/UCU/AutomatedDataPipelines/Homework1/venv/lib/python3.10/site-packages/airflow/example_dags/example_task_group_decorator.py took 0.103 seconds
[2023-11-30T02:16:58.720+0200] {processor.py:157} INFO - Started process (PID=1944) to work on /home/seva/UCU/AutomatedDataPipelines/Homework1/venv/lib/python3.10/site-packages/airflow/example_dags/example_task_group_decorator.py
[2023-11-30T02:16:58.732+0200] {processor.py:829} INFO - Processing file /home/seva/UCU/AutomatedDataPipelines/Homework1/venv/lib/python3.10/site-packages/airflow/example_dags/example_task_group_decorator.py for tasks to queue
[2023-11-30T02:16:58.734+0200] {logging_mixin.py:154} INFO - [2023-11-30T02:16:58.733+0200] {dagbag.py:536} INFO - Filling up the DagBag from /home/seva/UCU/AutomatedDataPipelines/Homework1/venv/lib/python3.10/site-packages/airflow/example_dags/example_task_group_decorator.py
[2023-11-30T02:16:58.747+0200] {processor.py:839} INFO - DAG(s) dict_keys(['example_task_group_decorator']) retrieved from /home/seva/UCU/AutomatedDataPipelines/Homework1/venv/lib/python3.10/site-packages/airflow/example_dags/example_task_group_decorator.py
[2023-11-30T02:16:58.762+0200] {logging_mixin.py:154} INFO - [2023-11-30T02:16:58.762+0200] {dag.py:2941} INFO - Sync 1 DAGs
[2023-11-30T02:16:58.778+0200] {logging_mixin.py:154} INFO - [2023-11-30T02:16:58.777+0200] {dag.py:3722} INFO - Setting next_dagrun for example_task_group_decorator to 2023-11-29T00:16:58.777714+00:00, run_after=2023-11-30T00:16:58.777714+00:00
[2023-11-30T02:16:58.802+0200] {processor.py:179} INFO - Processing /home/seva/UCU/AutomatedDataPipelines/Homework1/venv/lib/python3.10/site-packages/airflow/example_dags/example_task_group_decorator.py took 0.084 seconds
[2023-11-30T02:17:42.810+0200] {processor.py:157} INFO - Started process (PID=2124) to work on /home/seva/UCU/AutomatedDataPipelines/Homework1/venv/lib/python3.10/site-packages/airflow/example_dags/example_task_group_decorator.py
[2023-11-30T02:17:42.822+0200] {processor.py:829} INFO - Processing file /home/seva/UCU/AutomatedDataPipelines/Homework1/venv/lib/python3.10/site-packages/airflow/example_dags/example_task_group_decorator.py for tasks to queue
[2023-11-30T02:17:42.823+0200] {logging_mixin.py:154} INFO - [2023-11-30T02:17:42.823+0200] {dagbag.py:536} INFO - Filling up the DagBag from /home/seva/UCU/AutomatedDataPipelines/Homework1/venv/lib/python3.10/site-packages/airflow/example_dags/example_task_group_decorator.py
[2023-11-30T02:17:42.836+0200] {processor.py:839} INFO - DAG(s) dict_keys(['example_task_group_decorator']) retrieved from /home/seva/UCU/AutomatedDataPipelines/Homework1/venv/lib/python3.10/site-packages/airflow/example_dags/example_task_group_decorator.py
[2023-11-30T02:17:42.851+0200] {logging_mixin.py:154} INFO - [2023-11-30T02:17:42.851+0200] {dag.py:2941} INFO - Sync 1 DAGs
[2023-11-30T02:17:42.867+0200] {logging_mixin.py:154} INFO - [2023-11-30T02:17:42.867+0200] {dag.py:3722} INFO - Setting next_dagrun for example_task_group_decorator to 2023-11-29T00:17:42.866949+00:00, run_after=2023-11-30T00:17:42.866949+00:00
[2023-11-30T02:17:42.889+0200] {processor.py:179} INFO - Processing /home/seva/UCU/AutomatedDataPipelines/Homework1/venv/lib/python3.10/site-packages/airflow/example_dags/example_task_group_decorator.py took 0.082 seconds
[2023-11-30T02:18:26.048+0200] {processor.py:157} INFO - Started process (PID=2297) to work on /home/seva/UCU/AutomatedDataPipelines/Homework1/venv/lib/python3.10/site-packages/airflow/example_dags/example_task_group_decorator.py
[2023-11-30T02:18:26.049+0200] {processor.py:829} INFO - Processing file /home/seva/UCU/AutomatedDataPipelines/Homework1/venv/lib/python3.10/site-packages/airflow/example_dags/example_task_group_decorator.py for tasks to queue
[2023-11-30T02:18:26.050+0200] {logging_mixin.py:154} INFO - [2023-11-30T02:18:26.050+0200] {dagbag.py:536} INFO - Filling up the DagBag from /home/seva/UCU/AutomatedDataPipelines/Homework1/venv/lib/python3.10/site-packages/airflow/example_dags/example_task_group_decorator.py
[2023-11-30T02:18:26.064+0200] {processor.py:839} INFO - DAG(s) dict_keys(['example_task_group_decorator']) retrieved from /home/seva/UCU/AutomatedDataPipelines/Homework1/venv/lib/python3.10/site-packages/airflow/example_dags/example_task_group_decorator.py
[2023-11-30T02:18:26.082+0200] {logging_mixin.py:154} INFO - [2023-11-30T02:18:26.081+0200] {dag.py:2941} INFO - Sync 1 DAGs
[2023-11-30T02:18:26.099+0200] {logging_mixin.py:154} INFO - [2023-11-30T02:18:26.099+0200] {dag.py:3722} INFO - Setting next_dagrun for example_task_group_decorator to 2023-11-29T00:18:26.099328+00:00, run_after=2023-11-30T00:18:26.099328+00:00
[2023-11-30T02:18:26.124+0200] {processor.py:179} INFO - Processing /home/seva/UCU/AutomatedDataPipelines/Homework1/venv/lib/python3.10/site-packages/airflow/example_dags/example_task_group_decorator.py took 0.079 seconds
[2023-11-30T02:19:11.397+0200] {processor.py:157} INFO - Started process (PID=2475) to work on /home/seva/UCU/AutomatedDataPipelines/Homework1/venv/lib/python3.10/site-packages/airflow/example_dags/example_task_group_decorator.py
[2023-11-30T02:19:11.399+0200] {processor.py:829} INFO - Processing file /home/seva/UCU/AutomatedDataPipelines/Homework1/venv/lib/python3.10/site-packages/airflow/example_dags/example_task_group_decorator.py for tasks to queue
[2023-11-30T02:19:11.400+0200] {logging_mixin.py:154} INFO - [2023-11-30T02:19:11.400+0200] {dagbag.py:536} INFO - Filling up the DagBag from /home/seva/UCU/AutomatedDataPipelines/Homework1/venv/lib/python3.10/site-packages/airflow/example_dags/example_task_group_decorator.py
[2023-11-30T02:19:11.414+0200] {processor.py:839} INFO - DAG(s) dict_keys(['example_task_group_decorator']) retrieved from /home/seva/UCU/AutomatedDataPipelines/Homework1/venv/lib/python3.10/site-packages/airflow/example_dags/example_task_group_decorator.py
[2023-11-30T02:19:11.429+0200] {logging_mixin.py:154} INFO - [2023-11-30T02:19:11.428+0200] {dag.py:2941} INFO - Sync 1 DAGs
[2023-11-30T02:19:11.444+0200] {logging_mixin.py:154} INFO - [2023-11-30T02:19:11.444+0200] {dag.py:3722} INFO - Setting next_dagrun for example_task_group_decorator to 2023-11-29T00:19:11.444450+00:00, run_after=2023-11-30T00:19:11.444450+00:00
[2023-11-30T02:19:11.469+0200] {processor.py:179} INFO - Processing /home/seva/UCU/AutomatedDataPipelines/Homework1/venv/lib/python3.10/site-packages/airflow/example_dags/example_task_group_decorator.py took 0.075 seconds
[2023-11-30T02:19:53.671+0200] {processor.py:157} INFO - Started process (PID=2642) to work on /home/seva/UCU/AutomatedDataPipelines/Homework1/venv/lib/python3.10/site-packages/airflow/example_dags/example_task_group_decorator.py
[2023-11-30T02:19:53.683+0200] {processor.py:829} INFO - Processing file /home/seva/UCU/AutomatedDataPipelines/Homework1/venv/lib/python3.10/site-packages/airflow/example_dags/example_task_group_decorator.py for tasks to queue
[2023-11-30T02:19:53.684+0200] {logging_mixin.py:154} INFO - [2023-11-30T02:19:53.684+0200] {dagbag.py:536} INFO - Filling up the DagBag from /home/seva/UCU/AutomatedDataPipelines/Homework1/venv/lib/python3.10/site-packages/airflow/example_dags/example_task_group_decorator.py
[2023-11-30T02:19:53.697+0200] {processor.py:839} INFO - DAG(s) dict_keys(['example_task_group_decorator']) retrieved from /home/seva/UCU/AutomatedDataPipelines/Homework1/venv/lib/python3.10/site-packages/airflow/example_dags/example_task_group_decorator.py
[2023-11-30T02:19:53.714+0200] {logging_mixin.py:154} INFO - [2023-11-30T02:19:53.714+0200] {dag.py:2941} INFO - Sync 1 DAGs
[2023-11-30T02:19:53.729+0200] {logging_mixin.py:154} INFO - [2023-11-30T02:19:53.729+0200] {dag.py:3722} INFO - Setting next_dagrun for example_task_group_decorator to 2023-11-29T00:19:53.729259+00:00, run_after=2023-11-30T00:19:53.729259+00:00
[2023-11-30T02:19:53.765+0200] {processor.py:179} INFO - Processing /home/seva/UCU/AutomatedDataPipelines/Homework1/venv/lib/python3.10/site-packages/airflow/example_dags/example_task_group_decorator.py took 0.097 seconds
[2023-11-30T02:20:37.987+0200] {processor.py:157} INFO - Started process (PID=2812) to work on /home/seva/UCU/AutomatedDataPipelines/Homework1/venv/lib/python3.10/site-packages/airflow/example_dags/example_task_group_decorator.py
[2023-11-30T02:20:38.000+0200] {processor.py:829} INFO - Processing file /home/seva/UCU/AutomatedDataPipelines/Homework1/venv/lib/python3.10/site-packages/airflow/example_dags/example_task_group_decorator.py for tasks to queue
[2023-11-30T02:20:38.001+0200] {logging_mixin.py:154} INFO - [2023-11-30T02:20:38.000+0200] {dagbag.py:536} INFO - Filling up the DagBag from /home/seva/UCU/AutomatedDataPipelines/Homework1/venv/lib/python3.10/site-packages/airflow/example_dags/example_task_group_decorator.py
[2023-11-30T02:20:38.019+0200] {processor.py:839} INFO - DAG(s) dict_keys(['example_task_group_decorator']) retrieved from /home/seva/UCU/AutomatedDataPipelines/Homework1/venv/lib/python3.10/site-packages/airflow/example_dags/example_task_group_decorator.py
[2023-11-30T02:20:38.041+0200] {logging_mixin.py:154} INFO - [2023-11-30T02:20:38.041+0200] {dag.py:2941} INFO - Sync 1 DAGs
[2023-11-30T02:20:38.062+0200] {logging_mixin.py:154} INFO - [2023-11-30T02:20:38.062+0200] {dag.py:3722} INFO - Setting next_dagrun for example_task_group_decorator to 2023-11-29T00:20:38.062449+00:00, run_after=2023-11-30T00:20:38.062449+00:00
[2023-11-30T02:20:38.086+0200] {processor.py:179} INFO - Processing /home/seva/UCU/AutomatedDataPipelines/Homework1/venv/lib/python3.10/site-packages/airflow/example_dags/example_task_group_decorator.py took 0.103 seconds
[2023-11-30T02:21:23.429+0200] {processor.py:157} INFO - Started process (PID=2992) to work on /home/seva/UCU/AutomatedDataPipelines/Homework1/venv/lib/python3.10/site-packages/airflow/example_dags/example_task_group_decorator.py
[2023-11-30T02:21:23.431+0200] {processor.py:829} INFO - Processing file /home/seva/UCU/AutomatedDataPipelines/Homework1/venv/lib/python3.10/site-packages/airflow/example_dags/example_task_group_decorator.py for tasks to queue
[2023-11-30T02:21:23.432+0200] {logging_mixin.py:154} INFO - [2023-11-30T02:21:23.431+0200] {dagbag.py:536} INFO - Filling up the DagBag from /home/seva/UCU/AutomatedDataPipelines/Homework1/venv/lib/python3.10/site-packages/airflow/example_dags/example_task_group_decorator.py
[2023-11-30T02:21:23.448+0200] {processor.py:839} INFO - DAG(s) dict_keys(['example_task_group_decorator']) retrieved from /home/seva/UCU/AutomatedDataPipelines/Homework1/venv/lib/python3.10/site-packages/airflow/example_dags/example_task_group_decorator.py
[2023-11-30T02:21:23.470+0200] {logging_mixin.py:154} INFO - [2023-11-30T02:21:23.470+0200] {dag.py:2941} INFO - Sync 1 DAGs
[2023-11-30T02:21:23.492+0200] {logging_mixin.py:154} INFO - [2023-11-30T02:21:23.492+0200] {dag.py:3722} INFO - Setting next_dagrun for example_task_group_decorator to 2023-11-29T00:21:23.492041+00:00, run_after=2023-11-30T00:21:23.492041+00:00
[2023-11-30T02:21:23.516+0200] {processor.py:179} INFO - Processing /home/seva/UCU/AutomatedDataPipelines/Homework1/venv/lib/python3.10/site-packages/airflow/example_dags/example_task_group_decorator.py took 0.090 seconds
[2023-11-30T02:22:05.675+0200] {processor.py:157} INFO - Started process (PID=3166) to work on /home/seva/UCU/AutomatedDataPipelines/Homework1/venv/lib/python3.10/site-packages/airflow/example_dags/example_task_group_decorator.py
[2023-11-30T02:22:05.687+0200] {processor.py:829} INFO - Processing file /home/seva/UCU/AutomatedDataPipelines/Homework1/venv/lib/python3.10/site-packages/airflow/example_dags/example_task_group_decorator.py for tasks to queue
[2023-11-30T02:22:05.688+0200] {logging_mixin.py:154} INFO - [2023-11-30T02:22:05.688+0200] {dagbag.py:536} INFO - Filling up the DagBag from /home/seva/UCU/AutomatedDataPipelines/Homework1/venv/lib/python3.10/site-packages/airflow/example_dags/example_task_group_decorator.py
[2023-11-30T02:22:05.700+0200] {processor.py:839} INFO - DAG(s) dict_keys(['example_task_group_decorator']) retrieved from /home/seva/UCU/AutomatedDataPipelines/Homework1/venv/lib/python3.10/site-packages/airflow/example_dags/example_task_group_decorator.py
[2023-11-30T02:22:05.717+0200] {logging_mixin.py:154} INFO - [2023-11-30T02:22:05.717+0200] {dag.py:2941} INFO - Sync 1 DAGs
[2023-11-30T02:22:05.733+0200] {logging_mixin.py:154} INFO - [2023-11-30T02:22:05.732+0200] {dag.py:3722} INFO - Setting next_dagrun for example_task_group_decorator to 2023-11-29T00:22:05.732604+00:00, run_after=2023-11-30T00:22:05.732604+00:00
[2023-11-30T02:22:05.757+0200] {processor.py:179} INFO - Processing /home/seva/UCU/AutomatedDataPipelines/Homework1/venv/lib/python3.10/site-packages/airflow/example_dags/example_task_group_decorator.py took 0.085 seconds
[2023-11-30T02:22:50.877+0200] {processor.py:157} INFO - Started process (PID=3343) to work on /home/seva/UCU/AutomatedDataPipelines/Homework1/venv/lib/python3.10/site-packages/airflow/example_dags/example_task_group_decorator.py
[2023-11-30T02:22:50.890+0200] {processor.py:829} INFO - Processing file /home/seva/UCU/AutomatedDataPipelines/Homework1/venv/lib/python3.10/site-packages/airflow/example_dags/example_task_group_decorator.py for tasks to queue
[2023-11-30T02:22:50.891+0200] {logging_mixin.py:154} INFO - [2023-11-30T02:22:50.890+0200] {dagbag.py:536} INFO - Filling up the DagBag from /home/seva/UCU/AutomatedDataPipelines/Homework1/venv/lib/python3.10/site-packages/airflow/example_dags/example_task_group_decorator.py
[2023-11-30T02:22:50.905+0200] {processor.py:839} INFO - DAG(s) dict_keys(['example_task_group_decorator']) retrieved from /home/seva/UCU/AutomatedDataPipelines/Homework1/venv/lib/python3.10/site-packages/airflow/example_dags/example_task_group_decorator.py
[2023-11-30T02:22:50.923+0200] {logging_mixin.py:154} INFO - [2023-11-30T02:22:50.923+0200] {dag.py:2941} INFO - Sync 1 DAGs
[2023-11-30T02:22:50.938+0200] {logging_mixin.py:154} INFO - [2023-11-30T02:22:50.938+0200] {dag.py:3722} INFO - Setting next_dagrun for example_task_group_decorator to 2023-11-29T00:22:50.938545+00:00, run_after=2023-11-30T00:22:50.938545+00:00
[2023-11-30T02:22:50.961+0200] {processor.py:179} INFO - Processing /home/seva/UCU/AutomatedDataPipelines/Homework1/venv/lib/python3.10/site-packages/airflow/example_dags/example_task_group_decorator.py took 0.087 seconds
[2023-11-30T02:23:35.575+0200] {processor.py:157} INFO - Started process (PID=3516) to work on /home/seva/UCU/AutomatedDataPipelines/Homework1/venv/lib/python3.10/site-packages/airflow/example_dags/example_task_group_decorator.py
[2023-11-30T02:23:35.587+0200] {processor.py:829} INFO - Processing file /home/seva/UCU/AutomatedDataPipelines/Homework1/venv/lib/python3.10/site-packages/airflow/example_dags/example_task_group_decorator.py for tasks to queue
[2023-11-30T02:23:35.588+0200] {logging_mixin.py:154} INFO - [2023-11-30T02:23:35.588+0200] {dagbag.py:536} INFO - Filling up the DagBag from /home/seva/UCU/AutomatedDataPipelines/Homework1/venv/lib/python3.10/site-packages/airflow/example_dags/example_task_group_decorator.py
[2023-11-30T02:23:35.602+0200] {processor.py:839} INFO - DAG(s) dict_keys(['example_task_group_decorator']) retrieved from /home/seva/UCU/AutomatedDataPipelines/Homework1/venv/lib/python3.10/site-packages/airflow/example_dags/example_task_group_decorator.py
[2023-11-30T02:23:35.618+0200] {logging_mixin.py:154} INFO - [2023-11-30T02:23:35.618+0200] {dag.py:2941} INFO - Sync 1 DAGs
[2023-11-30T02:23:35.633+0200] {logging_mixin.py:154} INFO - [2023-11-30T02:23:35.633+0200] {dag.py:3722} INFO - Setting next_dagrun for example_task_group_decorator to 2023-11-29T00:23:35.632893+00:00, run_after=2023-11-30T00:23:35.632893+00:00
[2023-11-30T02:23:35.658+0200] {processor.py:179} INFO - Processing /home/seva/UCU/AutomatedDataPipelines/Homework1/venv/lib/python3.10/site-packages/airflow/example_dags/example_task_group_decorator.py took 0.086 seconds
[2023-11-30T02:24:19.557+0200] {processor.py:157} INFO - Started process (PID=3693) to work on /home/seva/UCU/AutomatedDataPipelines/Homework1/venv/lib/python3.10/site-packages/airflow/example_dags/example_task_group_decorator.py
[2023-11-30T02:24:19.569+0200] {processor.py:829} INFO - Processing file /home/seva/UCU/AutomatedDataPipelines/Homework1/venv/lib/python3.10/site-packages/airflow/example_dags/example_task_group_decorator.py for tasks to queue
[2023-11-30T02:24:19.570+0200] {logging_mixin.py:154} INFO - [2023-11-30T02:24:19.570+0200] {dagbag.py:536} INFO - Filling up the DagBag from /home/seva/UCU/AutomatedDataPipelines/Homework1/venv/lib/python3.10/site-packages/airflow/example_dags/example_task_group_decorator.py
[2023-11-30T02:24:19.583+0200] {processor.py:839} INFO - DAG(s) dict_keys(['example_task_group_decorator']) retrieved from /home/seva/UCU/AutomatedDataPipelines/Homework1/venv/lib/python3.10/site-packages/airflow/example_dags/example_task_group_decorator.py
[2023-11-30T02:24:19.599+0200] {logging_mixin.py:154} INFO - [2023-11-30T02:24:19.599+0200] {dag.py:2941} INFO - Sync 1 DAGs
[2023-11-30T02:24:19.615+0200] {logging_mixin.py:154} INFO - [2023-11-30T02:24:19.615+0200] {dag.py:3722} INFO - Setting next_dagrun for example_task_group_decorator to 2023-11-29T00:24:19.615551+00:00, run_after=2023-11-30T00:24:19.615551+00:00
[2023-11-30T02:24:19.640+0200] {processor.py:179} INFO - Processing /home/seva/UCU/AutomatedDataPipelines/Homework1/venv/lib/python3.10/site-packages/airflow/example_dags/example_task_group_decorator.py took 0.086 seconds
[2023-11-30T02:25:08.060+0200] {processor.py:157} INFO - Started process (PID=3882) to work on /home/seva/UCU/AutomatedDataPipelines/Homework1/venv/lib/python3.10/site-packages/airflow/example_dags/example_task_group_decorator.py
[2023-11-30T02:25:08.072+0200] {processor.py:829} INFO - Processing file /home/seva/UCU/AutomatedDataPipelines/Homework1/venv/lib/python3.10/site-packages/airflow/example_dags/example_task_group_decorator.py for tasks to queue
[2023-11-30T02:25:08.073+0200] {logging_mixin.py:154} INFO - [2023-11-30T02:25:08.072+0200] {dagbag.py:536} INFO - Filling up the DagBag from /home/seva/UCU/AutomatedDataPipelines/Homework1/venv/lib/python3.10/site-packages/airflow/example_dags/example_task_group_decorator.py
[2023-11-30T02:25:08.086+0200] {processor.py:839} INFO - DAG(s) dict_keys(['example_task_group_decorator']) retrieved from /home/seva/UCU/AutomatedDataPipelines/Homework1/venv/lib/python3.10/site-packages/airflow/example_dags/example_task_group_decorator.py
[2023-11-30T02:25:08.102+0200] {logging_mixin.py:154} INFO - [2023-11-30T02:25:08.102+0200] {dag.py:2941} INFO - Sync 1 DAGs
[2023-11-30T02:25:08.118+0200] {logging_mixin.py:154} INFO - [2023-11-30T02:25:08.118+0200] {dag.py:3722} INFO - Setting next_dagrun for example_task_group_decorator to 2023-11-29T00:25:08.118046+00:00, run_after=2023-11-30T00:25:08.118046+00:00
[2023-11-30T02:25:08.141+0200] {processor.py:179} INFO - Processing /home/seva/UCU/AutomatedDataPipelines/Homework1/venv/lib/python3.10/site-packages/airflow/example_dags/example_task_group_decorator.py took 0.084 seconds
[2023-11-30T02:25:51.176+0200] {processor.py:157} INFO - Started process (PID=4054) to work on /home/seva/UCU/AutomatedDataPipelines/Homework1/venv/lib/python3.10/site-packages/airflow/example_dags/example_task_group_decorator.py
[2023-11-30T02:25:51.188+0200] {processor.py:829} INFO - Processing file /home/seva/UCU/AutomatedDataPipelines/Homework1/venv/lib/python3.10/site-packages/airflow/example_dags/example_task_group_decorator.py for tasks to queue
[2023-11-30T02:25:51.189+0200] {logging_mixin.py:154} INFO - [2023-11-30T02:25:51.189+0200] {dagbag.py:536} INFO - Filling up the DagBag from /home/seva/UCU/AutomatedDataPipelines/Homework1/venv/lib/python3.10/site-packages/airflow/example_dags/example_task_group_decorator.py
[2023-11-30T02:25:51.202+0200] {processor.py:839} INFO - DAG(s) dict_keys(['example_task_group_decorator']) retrieved from /home/seva/UCU/AutomatedDataPipelines/Homework1/venv/lib/python3.10/site-packages/airflow/example_dags/example_task_group_decorator.py
[2023-11-30T02:25:51.219+0200] {logging_mixin.py:154} INFO - [2023-11-30T02:25:51.219+0200] {dag.py:2941} INFO - Sync 1 DAGs
[2023-11-30T02:25:51.234+0200] {logging_mixin.py:154} INFO - [2023-11-30T02:25:51.234+0200] {dag.py:3722} INFO - Setting next_dagrun for example_task_group_decorator to 2023-11-29T00:25:51.233885+00:00, run_after=2023-11-30T00:25:51.233885+00:00
[2023-11-30T02:25:51.260+0200] {processor.py:179} INFO - Processing /home/seva/UCU/AutomatedDataPipelines/Homework1/venv/lib/python3.10/site-packages/airflow/example_dags/example_task_group_decorator.py took 0.087 seconds
[2023-11-30T02:26:36.640+0200] {processor.py:157} INFO - Started process (PID=4231) to work on /home/seva/UCU/AutomatedDataPipelines/Homework1/venv/lib/python3.10/site-packages/airflow/example_dags/example_task_group_decorator.py
[2023-11-30T02:26:36.652+0200] {processor.py:829} INFO - Processing file /home/seva/UCU/AutomatedDataPipelines/Homework1/venv/lib/python3.10/site-packages/airflow/example_dags/example_task_group_decorator.py for tasks to queue
[2023-11-30T02:26:36.653+0200] {logging_mixin.py:154} INFO - [2023-11-30T02:26:36.653+0200] {dagbag.py:536} INFO - Filling up the DagBag from /home/seva/UCU/AutomatedDataPipelines/Homework1/venv/lib/python3.10/site-packages/airflow/example_dags/example_task_group_decorator.py
[2023-11-30T02:26:36.666+0200] {processor.py:839} INFO - DAG(s) dict_keys(['example_task_group_decorator']) retrieved from /home/seva/UCU/AutomatedDataPipelines/Homework1/venv/lib/python3.10/site-packages/airflow/example_dags/example_task_group_decorator.py
[2023-11-30T02:26:36.682+0200] {logging_mixin.py:154} INFO - [2023-11-30T02:26:36.682+0200] {dag.py:2941} INFO - Sync 1 DAGs
[2023-11-30T02:26:36.698+0200] {logging_mixin.py:154} INFO - [2023-11-30T02:26:36.698+0200] {dag.py:3722} INFO - Setting next_dagrun for example_task_group_decorator to 2023-11-29T00:26:36.698435+00:00, run_after=2023-11-30T00:26:36.698435+00:00
[2023-11-30T02:26:36.721+0200] {processor.py:179} INFO - Processing /home/seva/UCU/AutomatedDataPipelines/Homework1/venv/lib/python3.10/site-packages/airflow/example_dags/example_task_group_decorator.py took 0.083 seconds
[2023-11-30T02:27:28.570+0200] {processor.py:157} INFO - Started process (PID=4435) to work on /home/seva/UCU/AutomatedDataPipelines/Homework1/venv/lib/python3.10/site-packages/airflow/example_dags/example_task_group_decorator.py
[2023-11-30T02:27:28.582+0200] {processor.py:829} INFO - Processing file /home/seva/UCU/AutomatedDataPipelines/Homework1/venv/lib/python3.10/site-packages/airflow/example_dags/example_task_group_decorator.py for tasks to queue
[2023-11-30T02:27:28.583+0200] {logging_mixin.py:154} INFO - [2023-11-30T02:27:28.583+0200] {dagbag.py:536} INFO - Filling up the DagBag from /home/seva/UCU/AutomatedDataPipelines/Homework1/venv/lib/python3.10/site-packages/airflow/example_dags/example_task_group_decorator.py
[2023-11-30T02:27:28.596+0200] {processor.py:839} INFO - DAG(s) dict_keys(['example_task_group_decorator']) retrieved from /home/seva/UCU/AutomatedDataPipelines/Homework1/venv/lib/python3.10/site-packages/airflow/example_dags/example_task_group_decorator.py
[2023-11-30T02:27:28.611+0200] {logging_mixin.py:154} INFO - [2023-11-30T02:27:28.611+0200] {dag.py:2941} INFO - Sync 1 DAGs
[2023-11-30T02:27:28.628+0200] {logging_mixin.py:154} INFO - [2023-11-30T02:27:28.628+0200] {dag.py:3722} INFO - Setting next_dagrun for example_task_group_decorator to 2023-11-29T00:27:28.628067+00:00, run_after=2023-11-30T00:27:28.628067+00:00
[2023-11-30T02:27:28.653+0200] {processor.py:179} INFO - Processing /home/seva/UCU/AutomatedDataPipelines/Homework1/venv/lib/python3.10/site-packages/airflow/example_dags/example_task_group_decorator.py took 0.085 seconds
[2023-11-30T02:28:15.856+0200] {processor.py:157} INFO - Started process (PID=4621) to work on /home/seva/UCU/AutomatedDataPipelines/Homework1/venv/lib/python3.10/site-packages/airflow/example_dags/example_task_group_decorator.py
[2023-11-30T02:28:15.858+0200] {processor.py:829} INFO - Processing file /home/seva/UCU/AutomatedDataPipelines/Homework1/venv/lib/python3.10/site-packages/airflow/example_dags/example_task_group_decorator.py for tasks to queue
[2023-11-30T02:28:15.859+0200] {logging_mixin.py:154} INFO - [2023-11-30T02:28:15.859+0200] {dagbag.py:536} INFO - Filling up the DagBag from /home/seva/UCU/AutomatedDataPipelines/Homework1/venv/lib/python3.10/site-packages/airflow/example_dags/example_task_group_decorator.py
[2023-11-30T02:28:15.871+0200] {processor.py:839} INFO - DAG(s) dict_keys(['example_task_group_decorator']) retrieved from /home/seva/UCU/AutomatedDataPipelines/Homework1/venv/lib/python3.10/site-packages/airflow/example_dags/example_task_group_decorator.py
[2023-11-30T02:28:15.888+0200] {logging_mixin.py:154} INFO - [2023-11-30T02:28:15.888+0200] {dag.py:2941} INFO - Sync 1 DAGs
[2023-11-30T02:28:15.902+0200] {logging_mixin.py:154} INFO - [2023-11-30T02:28:15.902+0200] {dag.py:3722} INFO - Setting next_dagrun for example_task_group_decorator to 2023-11-29T00:28:15.902104+00:00, run_after=2023-11-30T00:28:15.902104+00:00
[2023-11-30T02:28:15.926+0200] {processor.py:179} INFO - Processing /home/seva/UCU/AutomatedDataPipelines/Homework1/venv/lib/python3.10/site-packages/airflow/example_dags/example_task_group_decorator.py took 0.073 seconds
[2023-11-30T02:28:59.928+0200] {processor.py:157} INFO - Started process (PID=4792) to work on /home/seva/UCU/AutomatedDataPipelines/Homework1/venv/lib/python3.10/site-packages/airflow/example_dags/example_task_group_decorator.py
[2023-11-30T02:28:59.939+0200] {processor.py:829} INFO - Processing file /home/seva/UCU/AutomatedDataPipelines/Homework1/venv/lib/python3.10/site-packages/airflow/example_dags/example_task_group_decorator.py for tasks to queue
[2023-11-30T02:28:59.940+0200] {logging_mixin.py:154} INFO - [2023-11-30T02:28:59.940+0200] {dagbag.py:536} INFO - Filling up the DagBag from /home/seva/UCU/AutomatedDataPipelines/Homework1/venv/lib/python3.10/site-packages/airflow/example_dags/example_task_group_decorator.py
[2023-11-30T02:28:59.953+0200] {processor.py:839} INFO - DAG(s) dict_keys(['example_task_group_decorator']) retrieved from /home/seva/UCU/AutomatedDataPipelines/Homework1/venv/lib/python3.10/site-packages/airflow/example_dags/example_task_group_decorator.py
[2023-11-30T02:28:59.971+0200] {logging_mixin.py:154} INFO - [2023-11-30T02:28:59.971+0200] {dag.py:2941} INFO - Sync 1 DAGs
[2023-11-30T02:28:59.987+0200] {logging_mixin.py:154} INFO - [2023-11-30T02:28:59.986+0200] {dag.py:3722} INFO - Setting next_dagrun for example_task_group_decorator to 2023-11-29T00:28:59.986629+00:00, run_after=2023-11-30T00:28:59.986629+00:00
[2023-11-30T02:29:00.014+0200] {processor.py:179} INFO - Processing /home/seva/UCU/AutomatedDataPipelines/Homework1/venv/lib/python3.10/site-packages/airflow/example_dags/example_task_group_decorator.py took 0.090 seconds
[2023-11-30T02:29:44.023+0200] {processor.py:157} INFO - Started process (PID=4975) to work on /home/seva/UCU/AutomatedDataPipelines/Homework1/venv/lib/python3.10/site-packages/airflow/example_dags/example_task_group_decorator.py
[2023-11-30T02:29:44.034+0200] {processor.py:829} INFO - Processing file /home/seva/UCU/AutomatedDataPipelines/Homework1/venv/lib/python3.10/site-packages/airflow/example_dags/example_task_group_decorator.py for tasks to queue
[2023-11-30T02:29:44.035+0200] {logging_mixin.py:154} INFO - [2023-11-30T02:29:44.035+0200] {dagbag.py:536} INFO - Filling up the DagBag from /home/seva/UCU/AutomatedDataPipelines/Homework1/venv/lib/python3.10/site-packages/airflow/example_dags/example_task_group_decorator.py
[2023-11-30T02:29:44.048+0200] {processor.py:839} INFO - DAG(s) dict_keys(['example_task_group_decorator']) retrieved from /home/seva/UCU/AutomatedDataPipelines/Homework1/venv/lib/python3.10/site-packages/airflow/example_dags/example_task_group_decorator.py
[2023-11-30T02:29:44.064+0200] {logging_mixin.py:154} INFO - [2023-11-30T02:29:44.064+0200] {dag.py:2941} INFO - Sync 1 DAGs
[2023-11-30T02:29:44.081+0200] {logging_mixin.py:154} INFO - [2023-11-30T02:29:44.081+0200] {dag.py:3722} INFO - Setting next_dagrun for example_task_group_decorator to 2023-11-29T00:29:44.080754+00:00, run_after=2023-11-30T00:29:44.080754+00:00
[2023-11-30T02:29:44.105+0200] {processor.py:179} INFO - Processing /home/seva/UCU/AutomatedDataPipelines/Homework1/venv/lib/python3.10/site-packages/airflow/example_dags/example_task_group_decorator.py took 0.085 seconds
[2023-11-30T02:30:29.125+0200] {processor.py:157} INFO - Started process (PID=5148) to work on /home/seva/UCU/AutomatedDataPipelines/Homework1/venv/lib/python3.10/site-packages/airflow/example_dags/example_task_group_decorator.py
[2023-11-30T02:30:29.127+0200] {processor.py:829} INFO - Processing file /home/seva/UCU/AutomatedDataPipelines/Homework1/venv/lib/python3.10/site-packages/airflow/example_dags/example_task_group_decorator.py for tasks to queue
[2023-11-30T02:30:29.128+0200] {logging_mixin.py:154} INFO - [2023-11-30T02:30:29.128+0200] {dagbag.py:536} INFO - Filling up the DagBag from /home/seva/UCU/AutomatedDataPipelines/Homework1/venv/lib/python3.10/site-packages/airflow/example_dags/example_task_group_decorator.py
[2023-11-30T02:30:29.141+0200] {processor.py:839} INFO - DAG(s) dict_keys(['example_task_group_decorator']) retrieved from /home/seva/UCU/AutomatedDataPipelines/Homework1/venv/lib/python3.10/site-packages/airflow/example_dags/example_task_group_decorator.py
[2023-11-30T02:30:29.157+0200] {logging_mixin.py:154} INFO - [2023-11-30T02:30:29.157+0200] {dag.py:2941} INFO - Sync 1 DAGs
[2023-11-30T02:30:29.173+0200] {logging_mixin.py:154} INFO - [2023-11-30T02:30:29.172+0200] {dag.py:3722} INFO - Setting next_dagrun for example_task_group_decorator to 2023-11-29T00:30:29.172685+00:00, run_after=2023-11-30T00:30:29.172685+00:00
[2023-11-30T02:30:29.197+0200] {processor.py:179} INFO - Processing /home/seva/UCU/AutomatedDataPipelines/Homework1/venv/lib/python3.10/site-packages/airflow/example_dags/example_task_group_decorator.py took 0.075 seconds
[2023-11-30T02:31:16.643+0200] {processor.py:157} INFO - Started process (PID=5333) to work on /home/seva/UCU/AutomatedDataPipelines/Homework1/venv/lib/python3.10/site-packages/airflow/example_dags/example_task_group_decorator.py
[2023-11-30T02:31:16.646+0200] {processor.py:829} INFO - Processing file /home/seva/UCU/AutomatedDataPipelines/Homework1/venv/lib/python3.10/site-packages/airflow/example_dags/example_task_group_decorator.py for tasks to queue
[2023-11-30T02:31:16.647+0200] {logging_mixin.py:154} INFO - [2023-11-30T02:31:16.646+0200] {dagbag.py:536} INFO - Filling up the DagBag from /home/seva/UCU/AutomatedDataPipelines/Homework1/venv/lib/python3.10/site-packages/airflow/example_dags/example_task_group_decorator.py
[2023-11-30T02:31:16.659+0200] {processor.py:839} INFO - DAG(s) dict_keys(['example_task_group_decorator']) retrieved from /home/seva/UCU/AutomatedDataPipelines/Homework1/venv/lib/python3.10/site-packages/airflow/example_dags/example_task_group_decorator.py
[2023-11-30T02:31:16.675+0200] {logging_mixin.py:154} INFO - [2023-11-30T02:31:16.674+0200] {dag.py:2941} INFO - Sync 1 DAGs
[2023-11-30T02:31:16.690+0200] {logging_mixin.py:154} INFO - [2023-11-30T02:31:16.690+0200] {dag.py:3722} INFO - Setting next_dagrun for example_task_group_decorator to 2023-11-29T00:31:16.690395+00:00, run_after=2023-11-30T00:31:16.690395+00:00
[2023-11-30T02:31:16.716+0200] {processor.py:179} INFO - Processing /home/seva/UCU/AutomatedDataPipelines/Homework1/venv/lib/python3.10/site-packages/airflow/example_dags/example_task_group_decorator.py took 0.076 seconds
[2023-11-30T02:31:59.044+0200] {processor.py:157} INFO - Started process (PID=5505) to work on /home/seva/UCU/AutomatedDataPipelines/Homework1/venv/lib/python3.10/site-packages/airflow/example_dags/example_task_group_decorator.py
[2023-11-30T02:31:59.046+0200] {processor.py:829} INFO - Processing file /home/seva/UCU/AutomatedDataPipelines/Homework1/venv/lib/python3.10/site-packages/airflow/example_dags/example_task_group_decorator.py for tasks to queue
[2023-11-30T02:31:59.047+0200] {logging_mixin.py:154} INFO - [2023-11-30T02:31:59.047+0200] {dagbag.py:536} INFO - Filling up the DagBag from /home/seva/UCU/AutomatedDataPipelines/Homework1/venv/lib/python3.10/site-packages/airflow/example_dags/example_task_group_decorator.py
[2023-11-30T02:31:59.060+0200] {processor.py:839} INFO - DAG(s) dict_keys(['example_task_group_decorator']) retrieved from /home/seva/UCU/AutomatedDataPipelines/Homework1/venv/lib/python3.10/site-packages/airflow/example_dags/example_task_group_decorator.py
[2023-11-30T02:31:59.077+0200] {logging_mixin.py:154} INFO - [2023-11-30T02:31:59.076+0200] {dag.py:2941} INFO - Sync 1 DAGs
[2023-11-30T02:31:59.104+0200] {logging_mixin.py:154} INFO - [2023-11-30T02:31:59.104+0200] {dag.py:3722} INFO - Setting next_dagrun for example_task_group_decorator to 2023-11-29T00:31:59.104166+00:00, run_after=2023-11-30T00:31:59.104166+00:00
[2023-11-30T02:31:59.129+0200] {processor.py:179} INFO - Processing /home/seva/UCU/AutomatedDataPipelines/Homework1/venv/lib/python3.10/site-packages/airflow/example_dags/example_task_group_decorator.py took 0.089 seconds
[2023-11-30T02:32:44.349+0200] {processor.py:157} INFO - Started process (PID=5713) to work on /home/seva/UCU/AutomatedDataPipelines/Homework1/venv/lib/python3.10/site-packages/airflow/example_dags/example_task_group_decorator.py
[2023-11-30T02:32:44.351+0200] {processor.py:829} INFO - Processing file /home/seva/UCU/AutomatedDataPipelines/Homework1/venv/lib/python3.10/site-packages/airflow/example_dags/example_task_group_decorator.py for tasks to queue
[2023-11-30T02:32:44.352+0200] {logging_mixin.py:154} INFO - [2023-11-30T02:32:44.352+0200] {dagbag.py:536} INFO - Filling up the DagBag from /home/seva/UCU/AutomatedDataPipelines/Homework1/venv/lib/python3.10/site-packages/airflow/example_dags/example_task_group_decorator.py
[2023-11-30T02:32:44.365+0200] {processor.py:839} INFO - DAG(s) dict_keys(['example_task_group_decorator']) retrieved from /home/seva/UCU/AutomatedDataPipelines/Homework1/venv/lib/python3.10/site-packages/airflow/example_dags/example_task_group_decorator.py
[2023-11-30T02:32:44.381+0200] {logging_mixin.py:154} INFO - [2023-11-30T02:32:44.380+0200] {dag.py:2941} INFO - Sync 1 DAGs
[2023-11-30T02:32:44.396+0200] {logging_mixin.py:154} INFO - [2023-11-30T02:32:44.396+0200] {dag.py:3722} INFO - Setting next_dagrun for example_task_group_decorator to 2023-11-29T00:32:44.395947+00:00, run_after=2023-11-30T00:32:44.395947+00:00
[2023-11-30T02:32:44.420+0200] {processor.py:179} INFO - Processing /home/seva/UCU/AutomatedDataPipelines/Homework1/venv/lib/python3.10/site-packages/airflow/example_dags/example_task_group_decorator.py took 0.075 seconds
[2023-11-30T02:33:31.702+0200] {processor.py:157} INFO - Started process (PID=5899) to work on /home/seva/UCU/AutomatedDataPipelines/Homework1/venv/lib/python3.10/site-packages/airflow/example_dags/example_task_group_decorator.py
[2023-11-30T02:33:31.715+0200] {processor.py:829} INFO - Processing file /home/seva/UCU/AutomatedDataPipelines/Homework1/venv/lib/python3.10/site-packages/airflow/example_dags/example_task_group_decorator.py for tasks to queue
[2023-11-30T02:33:31.716+0200] {logging_mixin.py:154} INFO - [2023-11-30T02:33:31.715+0200] {dagbag.py:536} INFO - Filling up the DagBag from /home/seva/UCU/AutomatedDataPipelines/Homework1/venv/lib/python3.10/site-packages/airflow/example_dags/example_task_group_decorator.py
[2023-11-30T02:33:31.730+0200] {processor.py:839} INFO - DAG(s) dict_keys(['example_task_group_decorator']) retrieved from /home/seva/UCU/AutomatedDataPipelines/Homework1/venv/lib/python3.10/site-packages/airflow/example_dags/example_task_group_decorator.py
[2023-11-30T02:33:31.749+0200] {logging_mixin.py:154} INFO - [2023-11-30T02:33:31.749+0200] {dag.py:2941} INFO - Sync 1 DAGs
[2023-11-30T02:33:31.764+0200] {logging_mixin.py:154} INFO - [2023-11-30T02:33:31.764+0200] {dag.py:3722} INFO - Setting next_dagrun for example_task_group_decorator to 2023-11-29T00:33:31.764577+00:00, run_after=2023-11-30T00:33:31.764577+00:00
[2023-11-30T02:33:31.786+0200] {processor.py:179} INFO - Processing /home/seva/UCU/AutomatedDataPipelines/Homework1/venv/lib/python3.10/site-packages/airflow/example_dags/example_task_group_decorator.py took 0.086 seconds
[2023-11-30T02:34:18.884+0200] {processor.py:157} INFO - Started process (PID=6084) to work on /home/seva/UCU/AutomatedDataPipelines/Homework1/venv/lib/python3.10/site-packages/airflow/example_dags/example_task_group_decorator.py
[2023-11-30T02:34:18.898+0200] {processor.py:829} INFO - Processing file /home/seva/UCU/AutomatedDataPipelines/Homework1/venv/lib/python3.10/site-packages/airflow/example_dags/example_task_group_decorator.py for tasks to queue
[2023-11-30T02:34:18.900+0200] {logging_mixin.py:154} INFO - [2023-11-30T02:34:18.899+0200] {dagbag.py:536} INFO - Filling up the DagBag from /home/seva/UCU/AutomatedDataPipelines/Homework1/venv/lib/python3.10/site-packages/airflow/example_dags/example_task_group_decorator.py
[2023-11-30T02:34:18.922+0200] {processor.py:839} INFO - DAG(s) dict_keys(['example_task_group_decorator']) retrieved from /home/seva/UCU/AutomatedDataPipelines/Homework1/venv/lib/python3.10/site-packages/airflow/example_dags/example_task_group_decorator.py
[2023-11-30T02:34:18.952+0200] {logging_mixin.py:154} INFO - [2023-11-30T02:34:18.952+0200] {dag.py:2941} INFO - Sync 1 DAGs
[2023-11-30T02:34:18.979+0200] {logging_mixin.py:154} INFO - [2023-11-30T02:34:18.978+0200] {dag.py:3722} INFO - Setting next_dagrun for example_task_group_decorator to 2023-11-29T00:34:18.977644+00:00, run_after=2023-11-30T00:34:18.977644+00:00
[2023-11-30T02:34:19.020+0200] {processor.py:179} INFO - Processing /home/seva/UCU/AutomatedDataPipelines/Homework1/venv/lib/python3.10/site-packages/airflow/example_dags/example_task_group_decorator.py took 0.143 seconds
[2023-11-30T02:35:09.702+0200] {processor.py:157} INFO - Started process (PID=6288) to work on /home/seva/UCU/AutomatedDataPipelines/Homework1/venv/lib/python3.10/site-packages/airflow/example_dags/example_task_group_decorator.py
[2023-11-30T02:35:09.714+0200] {processor.py:829} INFO - Processing file /home/seva/UCU/AutomatedDataPipelines/Homework1/venv/lib/python3.10/site-packages/airflow/example_dags/example_task_group_decorator.py for tasks to queue
[2023-11-30T02:35:09.715+0200] {logging_mixin.py:154} INFO - [2023-11-30T02:35:09.715+0200] {dagbag.py:536} INFO - Filling up the DagBag from /home/seva/UCU/AutomatedDataPipelines/Homework1/venv/lib/python3.10/site-packages/airflow/example_dags/example_task_group_decorator.py
[2023-11-30T02:35:09.730+0200] {processor.py:839} INFO - DAG(s) dict_keys(['example_task_group_decorator']) retrieved from /home/seva/UCU/AutomatedDataPipelines/Homework1/venv/lib/python3.10/site-packages/airflow/example_dags/example_task_group_decorator.py
[2023-11-30T02:35:09.747+0200] {logging_mixin.py:154} INFO - [2023-11-30T02:35:09.747+0200] {dag.py:2941} INFO - Sync 1 DAGs
[2023-11-30T02:35:09.763+0200] {logging_mixin.py:154} INFO - [2023-11-30T02:35:09.762+0200] {dag.py:3722} INFO - Setting next_dagrun for example_task_group_decorator to 2023-11-29T00:35:09.762552+00:00, run_after=2023-11-30T00:35:09.762552+00:00
[2023-11-30T02:35:09.786+0200] {processor.py:179} INFO - Processing /home/seva/UCU/AutomatedDataPipelines/Homework1/venv/lib/python3.10/site-packages/airflow/example_dags/example_task_group_decorator.py took 0.086 seconds
[2023-11-30T02:35:53.927+0200] {processor.py:157} INFO - Started process (PID=6466) to work on /home/seva/UCU/AutomatedDataPipelines/Homework1/venv/lib/python3.10/site-packages/airflow/example_dags/example_task_group_decorator.py
[2023-11-30T02:35:53.938+0200] {processor.py:829} INFO - Processing file /home/seva/UCU/AutomatedDataPipelines/Homework1/venv/lib/python3.10/site-packages/airflow/example_dags/example_task_group_decorator.py for tasks to queue
[2023-11-30T02:35:53.939+0200] {logging_mixin.py:154} INFO - [2023-11-30T02:35:53.939+0200] {dagbag.py:536} INFO - Filling up the DagBag from /home/seva/UCU/AutomatedDataPipelines/Homework1/venv/lib/python3.10/site-packages/airflow/example_dags/example_task_group_decorator.py
[2023-11-30T02:35:53.952+0200] {processor.py:839} INFO - DAG(s) dict_keys(['example_task_group_decorator']) retrieved from /home/seva/UCU/AutomatedDataPipelines/Homework1/venv/lib/python3.10/site-packages/airflow/example_dags/example_task_group_decorator.py
[2023-11-30T02:35:53.967+0200] {logging_mixin.py:154} INFO - [2023-11-30T02:35:53.967+0200] {dag.py:2941} INFO - Sync 1 DAGs
[2023-11-30T02:35:53.983+0200] {logging_mixin.py:154} INFO - [2023-11-30T02:35:53.982+0200] {dag.py:3722} INFO - Setting next_dagrun for example_task_group_decorator to 2023-11-29T00:35:53.982666+00:00, run_after=2023-11-30T00:35:53.982666+00:00
[2023-11-30T02:35:54.004+0200] {processor.py:179} INFO - Processing /home/seva/UCU/AutomatedDataPipelines/Homework1/venv/lib/python3.10/site-packages/airflow/example_dags/example_task_group_decorator.py took 0.080 seconds
[2023-11-30T02:36:41.324+0200] {processor.py:157} INFO - Started process (PID=6652) to work on /home/seva/UCU/AutomatedDataPipelines/Homework1/venv/lib/python3.10/site-packages/airflow/example_dags/example_task_group_decorator.py
[2023-11-30T02:36:41.336+0200] {processor.py:829} INFO - Processing file /home/seva/UCU/AutomatedDataPipelines/Homework1/venv/lib/python3.10/site-packages/airflow/example_dags/example_task_group_decorator.py for tasks to queue
[2023-11-30T02:36:41.337+0200] {logging_mixin.py:154} INFO - [2023-11-30T02:36:41.337+0200] {dagbag.py:536} INFO - Filling up the DagBag from /home/seva/UCU/AutomatedDataPipelines/Homework1/venv/lib/python3.10/site-packages/airflow/example_dags/example_task_group_decorator.py
[2023-11-30T02:36:41.351+0200] {processor.py:839} INFO - DAG(s) dict_keys(['example_task_group_decorator']) retrieved from /home/seva/UCU/AutomatedDataPipelines/Homework1/venv/lib/python3.10/site-packages/airflow/example_dags/example_task_group_decorator.py
[2023-11-30T02:36:41.369+0200] {logging_mixin.py:154} INFO - [2023-11-30T02:36:41.369+0200] {dag.py:2941} INFO - Sync 1 DAGs
[2023-11-30T02:36:41.386+0200] {logging_mixin.py:154} INFO - [2023-11-30T02:36:41.386+0200] {dag.py:3722} INFO - Setting next_dagrun for example_task_group_decorator to 2023-11-29T00:36:41.386318+00:00, run_after=2023-11-30T00:36:41.386318+00:00
[2023-11-30T02:36:41.414+0200] {processor.py:179} INFO - Processing /home/seva/UCU/AutomatedDataPipelines/Homework1/venv/lib/python3.10/site-packages/airflow/example_dags/example_task_group_decorator.py took 0.094 seconds
[2023-11-30T02:37:29.730+0200] {processor.py:157} INFO - Started process (PID=6844) to work on /home/seva/UCU/AutomatedDataPipelines/Homework1/venv/lib/python3.10/site-packages/airflow/example_dags/example_task_group_decorator.py
[2023-11-30T02:37:29.732+0200] {processor.py:829} INFO - Processing file /home/seva/UCU/AutomatedDataPipelines/Homework1/venv/lib/python3.10/site-packages/airflow/example_dags/example_task_group_decorator.py for tasks to queue
[2023-11-30T02:37:29.733+0200] {logging_mixin.py:154} INFO - [2023-11-30T02:37:29.733+0200] {dagbag.py:536} INFO - Filling up the DagBag from /home/seva/UCU/AutomatedDataPipelines/Homework1/venv/lib/python3.10/site-packages/airflow/example_dags/example_task_group_decorator.py
[2023-11-30T02:37:29.746+0200] {processor.py:839} INFO - DAG(s) dict_keys(['example_task_group_decorator']) retrieved from /home/seva/UCU/AutomatedDataPipelines/Homework1/venv/lib/python3.10/site-packages/airflow/example_dags/example_task_group_decorator.py
[2023-11-30T02:37:29.762+0200] {logging_mixin.py:154} INFO - [2023-11-30T02:37:29.762+0200] {dag.py:2941} INFO - Sync 1 DAGs
[2023-11-30T02:37:29.777+0200] {logging_mixin.py:154} INFO - [2023-11-30T02:37:29.777+0200] {dag.py:3722} INFO - Setting next_dagrun for example_task_group_decorator to 2023-11-29T00:37:29.776890+00:00, run_after=2023-11-30T00:37:29.776890+00:00
[2023-11-30T02:37:29.801+0200] {processor.py:179} INFO - Processing /home/seva/UCU/AutomatedDataPipelines/Homework1/venv/lib/python3.10/site-packages/airflow/example_dags/example_task_group_decorator.py took 0.074 seconds
[2023-11-30T02:38:21.895+0200] {processor.py:157} INFO - Started process (PID=7146) to work on /home/seva/UCU/AutomatedDataPipelines/Homework1/venv/lib/python3.10/site-packages/airflow/example_dags/example_task_group_decorator.py
[2023-11-30T02:38:21.900+0200] {processor.py:829} INFO - Processing file /home/seva/UCU/AutomatedDataPipelines/Homework1/venv/lib/python3.10/site-packages/airflow/example_dags/example_task_group_decorator.py for tasks to queue
[2023-11-30T02:38:21.901+0200] {logging_mixin.py:154} INFO - [2023-11-30T02:38:21.900+0200] {dagbag.py:536} INFO - Filling up the DagBag from /home/seva/UCU/AutomatedDataPipelines/Homework1/venv/lib/python3.10/site-packages/airflow/example_dags/example_task_group_decorator.py
[2023-11-30T02:38:21.918+0200] {processor.py:839} INFO - DAG(s) dict_keys(['example_task_group_decorator']) retrieved from /home/seva/UCU/AutomatedDataPipelines/Homework1/venv/lib/python3.10/site-packages/airflow/example_dags/example_task_group_decorator.py
[2023-11-30T02:38:21.940+0200] {logging_mixin.py:154} INFO - [2023-11-30T02:38:21.940+0200] {dag.py:2941} INFO - Sync 1 DAGs
[2023-11-30T02:38:21.962+0200] {logging_mixin.py:154} INFO - [2023-11-30T02:38:21.962+0200] {dag.py:3722} INFO - Setting next_dagrun for example_task_group_decorator to 2023-11-29T00:38:21.962476+00:00, run_after=2023-11-30T00:38:21.962476+00:00
[2023-11-30T02:38:22.008+0200] {processor.py:179} INFO - Processing /home/seva/UCU/AutomatedDataPipelines/Homework1/venv/lib/python3.10/site-packages/airflow/example_dags/example_task_group_decorator.py took 0.116 seconds
