[2023-11-30T02:13:38.755+0200] {processor.py:157} INFO - Started process (PID=1214) to work on /home/seva/UCU/AutomatedDataPipelines/Homework1/venv/lib/python3.10/site-packages/airflow/example_dags/example_subdag_operator.py
[2023-11-30T02:13:38.756+0200] {processor.py:829} INFO - Processing file /home/seva/UCU/AutomatedDataPipelines/Homework1/venv/lib/python3.10/site-packages/airflow/example_dags/example_subdag_operator.py for tasks to queue
[2023-11-30T02:13:38.756+0200] {logging_mixin.py:154} INFO - [2023-11-30T02:13:38.756+0200] {dagbag.py:536} INFO - Filling up the DagBag from /home/seva/UCU/AutomatedDataPipelines/Homework1/venv/lib/python3.10/site-packages/airflow/example_dags/example_subdag_operator.py
[2023-11-30T02:13:38.777+0200] {processor.py:839} INFO - DAG(s) dict_keys(['example_subdag_operator.section-1', 'example_subdag_operator.section-2', 'example_subdag_operator']) retrieved from /home/seva/UCU/AutomatedDataPipelines/Homework1/venv/lib/python3.10/site-packages/airflow/example_dags/example_subdag_operator.py
[2023-11-30T02:13:38.894+0200] {logging_mixin.py:154} INFO - [2023-11-30T02:13:38.894+0200] {manager.py:499} INFO - Created Permission View: %s
[2023-11-30T02:13:38.917+0200] {logging_mixin.py:154} INFO - [2023-11-30T02:13:38.917+0200] {manager.py:499} INFO - Created Permission View: %s
[2023-11-30T02:13:38.933+0200] {logging_mixin.py:154} INFO - [2023-11-30T02:13:38.933+0200] {manager.py:499} INFO - Created Permission View: %s
[2023-11-30T02:13:38.934+0200] {logging_mixin.py:154} INFO - [2023-11-30T02:13:38.934+0200] {dag.py:2941} INFO - Sync 3 DAGs
[2023-11-30T02:13:38.942+0200] {logging_mixin.py:154} INFO - [2023-11-30T02:13:38.942+0200] {dag.py:2963} INFO - Creating ORM DAG for example_subdag_operator.section-1
[2023-11-30T02:13:38.942+0200] {logging_mixin.py:154} INFO - [2023-11-30T02:13:38.942+0200] {dag.py:2963} INFO - Creating ORM DAG for example_subdag_operator
[2023-11-30T02:13:38.943+0200] {logging_mixin.py:154} INFO - [2023-11-30T02:13:38.943+0200] {dag.py:2963} INFO - Creating ORM DAG for example_subdag_operator.section-2
[2023-11-30T02:13:38.950+0200] {logging_mixin.py:154} INFO - [2023-11-30T02:13:38.950+0200] {dag.py:3722} INFO - Setting next_dagrun for example_subdag_operator to 2022-01-01T00:00:00+00:00, run_after=2022-01-01T00:00:00+00:00
[2023-11-30T02:13:38.951+0200] {logging_mixin.py:154} INFO - [2023-11-30T02:13:38.951+0200] {dag.py:3722} INFO - Setting next_dagrun for example_subdag_operator.section-1 to None, run_after=None
[2023-11-30T02:13:38.951+0200] {logging_mixin.py:154} INFO - [2023-11-30T02:13:38.951+0200] {dag.py:3722} INFO - Setting next_dagrun for example_subdag_operator.section-2 to None, run_after=None
[2023-11-30T02:13:38.958+0200] {logging_mixin.py:154} INFO - [2023-11-30T02:13:38.958+0200] {dag.py:2941} INFO - Sync 2 DAGs
[2023-11-30T02:13:38.962+0200] {logging_mixin.py:154} INFO - [2023-11-30T02:13:38.962+0200] {dag.py:3722} INFO - Setting next_dagrun for example_subdag_operator.section-1 to None, run_after=None
[2023-11-30T02:13:38.965+0200] {logging_mixin.py:154} INFO - [2023-11-30T02:13:38.965+0200] {dag.py:3722} INFO - Setting next_dagrun for example_subdag_operator.section-2 to None, run_after=None
[2023-11-30T02:13:38.990+0200] {processor.py:179} INFO - Processing /home/seva/UCU/AutomatedDataPipelines/Homework1/venv/lib/python3.10/site-packages/airflow/example_dags/example_subdag_operator.py took 0.239 seconds
[2023-11-30T02:14:25.800+0200] {processor.py:157} INFO - Started process (PID=1352) to work on /home/seva/UCU/AutomatedDataPipelines/Homework1/venv/lib/python3.10/site-packages/airflow/example_dags/example_subdag_operator.py
[2023-11-30T02:14:25.813+0200] {processor.py:829} INFO - Processing file /home/seva/UCU/AutomatedDataPipelines/Homework1/venv/lib/python3.10/site-packages/airflow/example_dags/example_subdag_operator.py for tasks to queue
[2023-11-30T02:14:25.814+0200] {logging_mixin.py:154} INFO - [2023-11-30T02:14:25.814+0200] {dagbag.py:536} INFO - Filling up the DagBag from /home/seva/UCU/AutomatedDataPipelines/Homework1/venv/lib/python3.10/site-packages/airflow/example_dags/example_subdag_operator.py
[2023-11-30T02:14:25.833+0200] {processor.py:839} INFO - DAG(s) dict_keys(['example_subdag_operator.section-1', 'example_subdag_operator.section-2', 'example_subdag_operator']) retrieved from /home/seva/UCU/AutomatedDataPipelines/Homework1/venv/lib/python3.10/site-packages/airflow/example_dags/example_subdag_operator.py
[2023-11-30T02:14:25.845+0200] {logging_mixin.py:154} INFO - [2023-11-30T02:14:25.844+0200] {dag.py:2941} INFO - Sync 3 DAGs
[2023-11-30T02:14:25.859+0200] {logging_mixin.py:154} INFO - [2023-11-30T02:14:25.859+0200] {dag.py:3722} INFO - Setting next_dagrun for example_subdag_operator to 2022-01-01T00:00:00+00:00, run_after=2022-01-01T00:00:00+00:00
[2023-11-30T02:14:25.862+0200] {logging_mixin.py:154} INFO - [2023-11-30T02:14:25.862+0200] {dag.py:3722} INFO - Setting next_dagrun for example_subdag_operator.section-1 to None, run_after=None
[2023-11-30T02:14:25.863+0200] {logging_mixin.py:154} INFO - [2023-11-30T02:14:25.862+0200] {dag.py:3722} INFO - Setting next_dagrun for example_subdag_operator.section-2 to None, run_after=None
[2023-11-30T02:14:25.867+0200] {logging_mixin.py:154} INFO - [2023-11-30T02:14:25.867+0200] {dag.py:2941} INFO - Sync 2 DAGs
[2023-11-30T02:14:25.870+0200] {logging_mixin.py:154} INFO - [2023-11-30T02:14:25.870+0200] {dag.py:3722} INFO - Setting next_dagrun for example_subdag_operator.section-1 to None, run_after=None
[2023-11-30T02:14:25.870+0200] {logging_mixin.py:154} INFO - [2023-11-30T02:14:25.870+0200] {dag.py:3722} INFO - Setting next_dagrun for example_subdag_operator.section-2 to None, run_after=None
[2023-11-30T02:14:25.892+0200] {processor.py:179} INFO - Processing /home/seva/UCU/AutomatedDataPipelines/Homework1/venv/lib/python3.10/site-packages/airflow/example_dags/example_subdag_operator.py took 0.095 seconds
[2023-11-30T02:15:13.409+0200] {processor.py:157} INFO - Started process (PID=1526) to work on /home/seva/UCU/AutomatedDataPipelines/Homework1/venv/lib/python3.10/site-packages/airflow/example_dags/example_subdag_operator.py
[2023-11-30T02:15:13.411+0200] {processor.py:829} INFO - Processing file /home/seva/UCU/AutomatedDataPipelines/Homework1/venv/lib/python3.10/site-packages/airflow/example_dags/example_subdag_operator.py for tasks to queue
[2023-11-30T02:15:13.412+0200] {logging_mixin.py:154} INFO - [2023-11-30T02:15:13.411+0200] {dagbag.py:536} INFO - Filling up the DagBag from /home/seva/UCU/AutomatedDataPipelines/Homework1/venv/lib/python3.10/site-packages/airflow/example_dags/example_subdag_operator.py
[2023-11-30T02:15:13.429+0200] {processor.py:839} INFO - DAG(s) dict_keys(['example_subdag_operator.section-1', 'example_subdag_operator.section-2', 'example_subdag_operator']) retrieved from /home/seva/UCU/AutomatedDataPipelines/Homework1/venv/lib/python3.10/site-packages/airflow/example_dags/example_subdag_operator.py
[2023-11-30T02:15:13.441+0200] {logging_mixin.py:154} INFO - [2023-11-30T02:15:13.440+0200] {dag.py:2941} INFO - Sync 3 DAGs
[2023-11-30T02:15:13.456+0200] {logging_mixin.py:154} INFO - [2023-11-30T02:15:13.456+0200] {dag.py:3722} INFO - Setting next_dagrun for example_subdag_operator to 2022-01-01T00:00:00+00:00, run_after=2022-01-01T00:00:00+00:00
[2023-11-30T02:15:13.458+0200] {logging_mixin.py:154} INFO - [2023-11-30T02:15:13.458+0200] {dag.py:3722} INFO - Setting next_dagrun for example_subdag_operator.section-1 to None, run_after=None
[2023-11-30T02:15:13.459+0200] {logging_mixin.py:154} INFO - [2023-11-30T02:15:13.459+0200] {dag.py:3722} INFO - Setting next_dagrun for example_subdag_operator.section-2 to None, run_after=None
[2023-11-30T02:15:13.464+0200] {logging_mixin.py:154} INFO - [2023-11-30T02:15:13.464+0200] {dag.py:2941} INFO - Sync 2 DAGs
[2023-11-30T02:15:13.466+0200] {logging_mixin.py:154} INFO - [2023-11-30T02:15:13.466+0200] {dag.py:3722} INFO - Setting next_dagrun for example_subdag_operator.section-1 to None, run_after=None
[2023-11-30T02:15:13.467+0200] {logging_mixin.py:154} INFO - [2023-11-30T02:15:13.466+0200] {dag.py:3722} INFO - Setting next_dagrun for example_subdag_operator.section-2 to None, run_after=None
[2023-11-30T02:15:13.486+0200] {processor.py:179} INFO - Processing /home/seva/UCU/AutomatedDataPipelines/Homework1/venv/lib/python3.10/site-packages/airflow/example_dags/example_subdag_operator.py took 0.080 seconds
[2023-11-30T02:15:56.764+0200] {processor.py:157} INFO - Started process (PID=1698) to work on /home/seva/UCU/AutomatedDataPipelines/Homework1/venv/lib/python3.10/site-packages/airflow/example_dags/example_subdag_operator.py
[2023-11-30T02:15:56.777+0200] {processor.py:829} INFO - Processing file /home/seva/UCU/AutomatedDataPipelines/Homework1/venv/lib/python3.10/site-packages/airflow/example_dags/example_subdag_operator.py for tasks to queue
[2023-11-30T02:15:56.778+0200] {logging_mixin.py:154} INFO - [2023-11-30T02:15:56.777+0200] {dagbag.py:536} INFO - Filling up the DagBag from /home/seva/UCU/AutomatedDataPipelines/Homework1/venv/lib/python3.10/site-packages/airflow/example_dags/example_subdag_operator.py
[2023-11-30T02:15:56.797+0200] {processor.py:839} INFO - DAG(s) dict_keys(['example_subdag_operator.section-1', 'example_subdag_operator.section-2', 'example_subdag_operator']) retrieved from /home/seva/UCU/AutomatedDataPipelines/Homework1/venv/lib/python3.10/site-packages/airflow/example_dags/example_subdag_operator.py
[2023-11-30T02:15:56.811+0200] {logging_mixin.py:154} INFO - [2023-11-30T02:15:56.810+0200] {dag.py:2941} INFO - Sync 3 DAGs
[2023-11-30T02:15:56.826+0200] {logging_mixin.py:154} INFO - [2023-11-30T02:15:56.826+0200] {dag.py:3722} INFO - Setting next_dagrun for example_subdag_operator to 2022-01-01T00:00:00+00:00, run_after=2022-01-01T00:00:00+00:00
[2023-11-30T02:15:56.828+0200] {logging_mixin.py:154} INFO - [2023-11-30T02:15:56.828+0200] {dag.py:3722} INFO - Setting next_dagrun for example_subdag_operator.section-1 to None, run_after=None
[2023-11-30T02:15:56.829+0200] {logging_mixin.py:154} INFO - [2023-11-30T02:15:56.829+0200] {dag.py:3722} INFO - Setting next_dagrun for example_subdag_operator.section-2 to None, run_after=None
[2023-11-30T02:15:56.834+0200] {logging_mixin.py:154} INFO - [2023-11-30T02:15:56.834+0200] {dag.py:2941} INFO - Sync 2 DAGs
[2023-11-30T02:15:56.836+0200] {logging_mixin.py:154} INFO - [2023-11-30T02:15:56.836+0200] {dag.py:3722} INFO - Setting next_dagrun for example_subdag_operator.section-1 to None, run_after=None
[2023-11-30T02:15:56.837+0200] {logging_mixin.py:154} INFO - [2023-11-30T02:15:56.837+0200] {dag.py:3722} INFO - Setting next_dagrun for example_subdag_operator.section-2 to None, run_after=None
[2023-11-30T02:15:56.856+0200] {processor.py:179} INFO - Processing /home/seva/UCU/AutomatedDataPipelines/Homework1/venv/lib/python3.10/site-packages/airflow/example_dags/example_subdag_operator.py took 0.095 seconds
[2023-11-30T02:16:44.896+0200] {processor.py:157} INFO - Started process (PID=1887) to work on /home/seva/UCU/AutomatedDataPipelines/Homework1/venv/lib/python3.10/site-packages/airflow/example_dags/example_subdag_operator.py
[2023-11-30T02:16:44.898+0200] {processor.py:829} INFO - Processing file /home/seva/UCU/AutomatedDataPipelines/Homework1/venv/lib/python3.10/site-packages/airflow/example_dags/example_subdag_operator.py for tasks to queue
[2023-11-30T02:16:44.899+0200] {logging_mixin.py:154} INFO - [2023-11-30T02:16:44.899+0200] {dagbag.py:536} INFO - Filling up the DagBag from /home/seva/UCU/AutomatedDataPipelines/Homework1/venv/lib/python3.10/site-packages/airflow/example_dags/example_subdag_operator.py
[2023-11-30T02:16:44.917+0200] {processor.py:839} INFO - DAG(s) dict_keys(['example_subdag_operator.section-1', 'example_subdag_operator.section-2', 'example_subdag_operator']) retrieved from /home/seva/UCU/AutomatedDataPipelines/Homework1/venv/lib/python3.10/site-packages/airflow/example_dags/example_subdag_operator.py
[2023-11-30T02:16:44.929+0200] {logging_mixin.py:154} INFO - [2023-11-30T02:16:44.929+0200] {dag.py:2941} INFO - Sync 3 DAGs
[2023-11-30T02:16:44.943+0200] {logging_mixin.py:154} INFO - [2023-11-30T02:16:44.943+0200] {dag.py:3722} INFO - Setting next_dagrun for example_subdag_operator to 2022-01-01T00:00:00+00:00, run_after=2022-01-01T00:00:00+00:00
[2023-11-30T02:16:44.946+0200] {logging_mixin.py:154} INFO - [2023-11-30T02:16:44.945+0200] {dag.py:3722} INFO - Setting next_dagrun for example_subdag_operator.section-1 to None, run_after=None
[2023-11-30T02:16:44.946+0200] {logging_mixin.py:154} INFO - [2023-11-30T02:16:44.946+0200] {dag.py:3722} INFO - Setting next_dagrun for example_subdag_operator.section-2 to None, run_after=None
[2023-11-30T02:16:44.950+0200] {logging_mixin.py:154} INFO - [2023-11-30T02:16:44.950+0200] {dag.py:2941} INFO - Sync 2 DAGs
[2023-11-30T02:16:44.953+0200] {logging_mixin.py:154} INFO - [2023-11-30T02:16:44.953+0200] {dag.py:3722} INFO - Setting next_dagrun for example_subdag_operator.section-1 to None, run_after=None
[2023-11-30T02:16:44.954+0200] {logging_mixin.py:154} INFO - [2023-11-30T02:16:44.953+0200] {dag.py:3722} INFO - Setting next_dagrun for example_subdag_operator.section-2 to None, run_after=None
[2023-11-30T02:16:44.971+0200] {processor.py:179} INFO - Processing /home/seva/UCU/AutomatedDataPipelines/Homework1/venv/lib/python3.10/site-packages/airflow/example_dags/example_subdag_operator.py took 0.077 seconds
[2023-11-30T02:17:26.814+0200] {processor.py:157} INFO - Started process (PID=2055) to work on /home/seva/UCU/AutomatedDataPipelines/Homework1/venv/lib/python3.10/site-packages/airflow/example_dags/example_subdag_operator.py
[2023-11-30T02:17:26.826+0200] {processor.py:829} INFO - Processing file /home/seva/UCU/AutomatedDataPipelines/Homework1/venv/lib/python3.10/site-packages/airflow/example_dags/example_subdag_operator.py for tasks to queue
[2023-11-30T02:17:26.827+0200] {logging_mixin.py:154} INFO - [2023-11-30T02:17:26.827+0200] {dagbag.py:536} INFO - Filling up the DagBag from /home/seva/UCU/AutomatedDataPipelines/Homework1/venv/lib/python3.10/site-packages/airflow/example_dags/example_subdag_operator.py
[2023-11-30T02:17:26.845+0200] {processor.py:839} INFO - DAG(s) dict_keys(['example_subdag_operator.section-1', 'example_subdag_operator.section-2', 'example_subdag_operator']) retrieved from /home/seva/UCU/AutomatedDataPipelines/Homework1/venv/lib/python3.10/site-packages/airflow/example_dags/example_subdag_operator.py
[2023-11-30T02:17:26.856+0200] {logging_mixin.py:154} INFO - [2023-11-30T02:17:26.856+0200] {dag.py:2941} INFO - Sync 3 DAGs
[2023-11-30T02:17:26.870+0200] {logging_mixin.py:154} INFO - [2023-11-30T02:17:26.870+0200] {dag.py:3722} INFO - Setting next_dagrun for example_subdag_operator to 2022-01-01T00:00:00+00:00, run_after=2022-01-01T00:00:00+00:00
[2023-11-30T02:17:26.874+0200] {logging_mixin.py:154} INFO - [2023-11-30T02:17:26.874+0200] {dag.py:3722} INFO - Setting next_dagrun for example_subdag_operator.section-1 to None, run_after=None
[2023-11-30T02:17:26.874+0200] {logging_mixin.py:154} INFO - [2023-11-30T02:17:26.874+0200] {dag.py:3722} INFO - Setting next_dagrun for example_subdag_operator.section-2 to None, run_after=None
[2023-11-30T02:17:26.879+0200] {logging_mixin.py:154} INFO - [2023-11-30T02:17:26.879+0200] {dag.py:2941} INFO - Sync 2 DAGs
[2023-11-30T02:17:26.882+0200] {logging_mixin.py:154} INFO - [2023-11-30T02:17:26.882+0200] {dag.py:3722} INFO - Setting next_dagrun for example_subdag_operator.section-1 to None, run_after=None
[2023-11-30T02:17:26.882+0200] {logging_mixin.py:154} INFO - [2023-11-30T02:17:26.882+0200] {dag.py:3722} INFO - Setting next_dagrun for example_subdag_operator.section-2 to None, run_after=None
[2023-11-30T02:17:26.902+0200] {processor.py:179} INFO - Processing /home/seva/UCU/AutomatedDataPipelines/Homework1/venv/lib/python3.10/site-packages/airflow/example_dags/example_subdag_operator.py took 0.091 seconds
[2023-11-30T02:18:12.055+0200] {processor.py:157} INFO - Started process (PID=2238) to work on /home/seva/UCU/AutomatedDataPipelines/Homework1/venv/lib/python3.10/site-packages/airflow/example_dags/example_subdag_operator.py
[2023-11-30T02:18:12.057+0200] {processor.py:829} INFO - Processing file /home/seva/UCU/AutomatedDataPipelines/Homework1/venv/lib/python3.10/site-packages/airflow/example_dags/example_subdag_operator.py for tasks to queue
[2023-11-30T02:18:12.059+0200] {logging_mixin.py:154} INFO - [2023-11-30T02:18:12.058+0200] {dagbag.py:536} INFO - Filling up the DagBag from /home/seva/UCU/AutomatedDataPipelines/Homework1/venv/lib/python3.10/site-packages/airflow/example_dags/example_subdag_operator.py
[2023-11-30T02:18:12.090+0200] {processor.py:839} INFO - DAG(s) dict_keys(['example_subdag_operator.section-1', 'example_subdag_operator.section-2', 'example_subdag_operator']) retrieved from /home/seva/UCU/AutomatedDataPipelines/Homework1/venv/lib/python3.10/site-packages/airflow/example_dags/example_subdag_operator.py
[2023-11-30T02:18:12.109+0200] {logging_mixin.py:154} INFO - [2023-11-30T02:18:12.109+0200] {dag.py:2941} INFO - Sync 3 DAGs
[2023-11-30T02:18:12.132+0200] {logging_mixin.py:154} INFO - [2023-11-30T02:18:12.132+0200] {dag.py:3722} INFO - Setting next_dagrun for example_subdag_operator to 2022-01-01T00:00:00+00:00, run_after=2022-01-01T00:00:00+00:00
[2023-11-30T02:18:12.137+0200] {logging_mixin.py:154} INFO - [2023-11-30T02:18:12.136+0200] {dag.py:3722} INFO - Setting next_dagrun for example_subdag_operator.section-1 to None, run_after=None
[2023-11-30T02:18:12.138+0200] {logging_mixin.py:154} INFO - [2023-11-30T02:18:12.138+0200] {dag.py:3722} INFO - Setting next_dagrun for example_subdag_operator.section-2 to None, run_after=None
[2023-11-30T02:18:12.146+0200] {logging_mixin.py:154} INFO - [2023-11-30T02:18:12.145+0200] {dag.py:2941} INFO - Sync 2 DAGs
[2023-11-30T02:18:12.151+0200] {logging_mixin.py:154} INFO - [2023-11-30T02:18:12.150+0200] {dag.py:3722} INFO - Setting next_dagrun for example_subdag_operator.section-1 to None, run_after=None
[2023-11-30T02:18:12.151+0200] {logging_mixin.py:154} INFO - [2023-11-30T02:18:12.151+0200] {dag.py:3722} INFO - Setting next_dagrun for example_subdag_operator.section-2 to None, run_after=None
[2023-11-30T02:18:12.175+0200] {processor.py:179} INFO - Processing /home/seva/UCU/AutomatedDataPipelines/Homework1/venv/lib/python3.10/site-packages/airflow/example_dags/example_subdag_operator.py took 0.125 seconds
[2023-11-30T02:18:53.271+0200] {processor.py:157} INFO - Started process (PID=2402) to work on /home/seva/UCU/AutomatedDataPipelines/Homework1/venv/lib/python3.10/site-packages/airflow/example_dags/example_subdag_operator.py
[2023-11-30T02:18:53.273+0200] {processor.py:829} INFO - Processing file /home/seva/UCU/AutomatedDataPipelines/Homework1/venv/lib/python3.10/site-packages/airflow/example_dags/example_subdag_operator.py for tasks to queue
[2023-11-30T02:18:53.274+0200] {logging_mixin.py:154} INFO - [2023-11-30T02:18:53.274+0200] {dagbag.py:536} INFO - Filling up the DagBag from /home/seva/UCU/AutomatedDataPipelines/Homework1/venv/lib/python3.10/site-packages/airflow/example_dags/example_subdag_operator.py
[2023-11-30T02:18:53.294+0200] {processor.py:839} INFO - DAG(s) dict_keys(['example_subdag_operator.section-1', 'example_subdag_operator.section-2', 'example_subdag_operator']) retrieved from /home/seva/UCU/AutomatedDataPipelines/Homework1/venv/lib/python3.10/site-packages/airflow/example_dags/example_subdag_operator.py
[2023-11-30T02:18:53.308+0200] {logging_mixin.py:154} INFO - [2023-11-30T02:18:53.307+0200] {dag.py:2941} INFO - Sync 3 DAGs
[2023-11-30T02:18:53.324+0200] {logging_mixin.py:154} INFO - [2023-11-30T02:18:53.324+0200] {dag.py:3722} INFO - Setting next_dagrun for example_subdag_operator to 2022-01-01T00:00:00+00:00, run_after=2022-01-01T00:00:00+00:00
[2023-11-30T02:18:53.326+0200] {logging_mixin.py:154} INFO - [2023-11-30T02:18:53.326+0200] {dag.py:3722} INFO - Setting next_dagrun for example_subdag_operator.section-1 to None, run_after=None
[2023-11-30T02:18:53.327+0200] {logging_mixin.py:154} INFO - [2023-11-30T02:18:53.327+0200] {dag.py:3722} INFO - Setting next_dagrun for example_subdag_operator.section-2 to None, run_after=None
[2023-11-30T02:18:53.331+0200] {logging_mixin.py:154} INFO - [2023-11-30T02:18:53.331+0200] {dag.py:2941} INFO - Sync 2 DAGs
[2023-11-30T02:18:53.335+0200] {logging_mixin.py:154} INFO - [2023-11-30T02:18:53.334+0200] {dag.py:3722} INFO - Setting next_dagrun for example_subdag_operator.section-1 to None, run_after=None
[2023-11-30T02:18:53.335+0200] {logging_mixin.py:154} INFO - [2023-11-30T02:18:53.335+0200] {dag.py:3722} INFO - Setting next_dagrun for example_subdag_operator.section-2 to None, run_after=None
[2023-11-30T02:18:53.355+0200] {processor.py:179} INFO - Processing /home/seva/UCU/AutomatedDataPipelines/Homework1/venv/lib/python3.10/site-packages/airflow/example_dags/example_subdag_operator.py took 0.086 seconds
[2023-11-30T02:19:39.799+0200] {processor.py:157} INFO - Started process (PID=2585) to work on /home/seva/UCU/AutomatedDataPipelines/Homework1/venv/lib/python3.10/site-packages/airflow/example_dags/example_subdag_operator.py
[2023-11-30T02:19:39.801+0200] {processor.py:829} INFO - Processing file /home/seva/UCU/AutomatedDataPipelines/Homework1/venv/lib/python3.10/site-packages/airflow/example_dags/example_subdag_operator.py for tasks to queue
[2023-11-30T02:19:39.802+0200] {logging_mixin.py:154} INFO - [2023-11-30T02:19:39.802+0200] {dagbag.py:536} INFO - Filling up the DagBag from /home/seva/UCU/AutomatedDataPipelines/Homework1/venv/lib/python3.10/site-packages/airflow/example_dags/example_subdag_operator.py
[2023-11-30T02:19:39.819+0200] {processor.py:839} INFO - DAG(s) dict_keys(['example_subdag_operator.section-1', 'example_subdag_operator.section-2', 'example_subdag_operator']) retrieved from /home/seva/UCU/AutomatedDataPipelines/Homework1/venv/lib/python3.10/site-packages/airflow/example_dags/example_subdag_operator.py
[2023-11-30T02:19:39.831+0200] {logging_mixin.py:154} INFO - [2023-11-30T02:19:39.831+0200] {dag.py:2941} INFO - Sync 3 DAGs
[2023-11-30T02:19:39.846+0200] {logging_mixin.py:154} INFO - [2023-11-30T02:19:39.846+0200] {dag.py:3722} INFO - Setting next_dagrun for example_subdag_operator to 2022-01-01T00:00:00+00:00, run_after=2022-01-01T00:00:00+00:00
[2023-11-30T02:19:39.849+0200] {logging_mixin.py:154} INFO - [2023-11-30T02:19:39.848+0200] {dag.py:3722} INFO - Setting next_dagrun for example_subdag_operator.section-1 to None, run_after=None
[2023-11-30T02:19:39.849+0200] {logging_mixin.py:154} INFO - [2023-11-30T02:19:39.849+0200] {dag.py:3722} INFO - Setting next_dagrun for example_subdag_operator.section-2 to None, run_after=None
[2023-11-30T02:19:39.854+0200] {logging_mixin.py:154} INFO - [2023-11-30T02:19:39.854+0200] {dag.py:2941} INFO - Sync 2 DAGs
[2023-11-30T02:19:39.857+0200] {logging_mixin.py:154} INFO - [2023-11-30T02:19:39.857+0200] {dag.py:3722} INFO - Setting next_dagrun for example_subdag_operator.section-1 to None, run_after=None
[2023-11-30T02:19:39.857+0200] {logging_mixin.py:154} INFO - [2023-11-30T02:19:39.857+0200] {dag.py:3722} INFO - Setting next_dagrun for example_subdag_operator.section-2 to None, run_after=None
[2023-11-30T02:19:39.875+0200] {processor.py:179} INFO - Processing /home/seva/UCU/AutomatedDataPipelines/Homework1/venv/lib/python3.10/site-packages/airflow/example_dags/example_subdag_operator.py took 0.079 seconds
[2023-11-30T02:20:24.810+0200] {processor.py:157} INFO - Started process (PID=2763) to work on /home/seva/UCU/AutomatedDataPipelines/Homework1/venv/lib/python3.10/site-packages/airflow/example_dags/example_subdag_operator.py
[2023-11-30T02:20:24.821+0200] {processor.py:829} INFO - Processing file /home/seva/UCU/AutomatedDataPipelines/Homework1/venv/lib/python3.10/site-packages/airflow/example_dags/example_subdag_operator.py for tasks to queue
[2023-11-30T02:20:24.822+0200] {logging_mixin.py:154} INFO - [2023-11-30T02:20:24.822+0200] {dagbag.py:536} INFO - Filling up the DagBag from /home/seva/UCU/AutomatedDataPipelines/Homework1/venv/lib/python3.10/site-packages/airflow/example_dags/example_subdag_operator.py
[2023-11-30T02:20:24.840+0200] {processor.py:839} INFO - DAG(s) dict_keys(['example_subdag_operator.section-1', 'example_subdag_operator.section-2', 'example_subdag_operator']) retrieved from /home/seva/UCU/AutomatedDataPipelines/Homework1/venv/lib/python3.10/site-packages/airflow/example_dags/example_subdag_operator.py
[2023-11-30T02:20:24.853+0200] {logging_mixin.py:154} INFO - [2023-11-30T02:20:24.852+0200] {dag.py:2941} INFO - Sync 3 DAGs
[2023-11-30T02:20:24.868+0200] {logging_mixin.py:154} INFO - [2023-11-30T02:20:24.867+0200] {dag.py:3722} INFO - Setting next_dagrun for example_subdag_operator to 2022-01-01T00:00:00+00:00, run_after=2022-01-01T00:00:00+00:00
[2023-11-30T02:20:24.870+0200] {logging_mixin.py:154} INFO - [2023-11-30T02:20:24.870+0200] {dag.py:3722} INFO - Setting next_dagrun for example_subdag_operator.section-1 to None, run_after=None
[2023-11-30T02:20:24.870+0200] {logging_mixin.py:154} INFO - [2023-11-30T02:20:24.870+0200] {dag.py:3722} INFO - Setting next_dagrun for example_subdag_operator.section-2 to None, run_after=None
[2023-11-30T02:20:24.875+0200] {logging_mixin.py:154} INFO - [2023-11-30T02:20:24.875+0200] {dag.py:2941} INFO - Sync 2 DAGs
[2023-11-30T02:20:24.878+0200] {logging_mixin.py:154} INFO - [2023-11-30T02:20:24.878+0200] {dag.py:3722} INFO - Setting next_dagrun for example_subdag_operator.section-1 to None, run_after=None
[2023-11-30T02:20:24.878+0200] {logging_mixin.py:154} INFO - [2023-11-30T02:20:24.878+0200] {dag.py:3722} INFO - Setting next_dagrun for example_subdag_operator.section-2 to None, run_after=None
[2023-11-30T02:20:24.896+0200] {processor.py:179} INFO - Processing /home/seva/UCU/AutomatedDataPipelines/Homework1/venv/lib/python3.10/site-packages/airflow/example_dags/example_subdag_operator.py took 0.090 seconds
[2023-11-30T02:21:07.760+0200] {processor.py:157} INFO - Started process (PID=2933) to work on /home/seva/UCU/AutomatedDataPipelines/Homework1/venv/lib/python3.10/site-packages/airflow/example_dags/example_subdag_operator.py
[2023-11-30T02:21:07.772+0200] {processor.py:829} INFO - Processing file /home/seva/UCU/AutomatedDataPipelines/Homework1/venv/lib/python3.10/site-packages/airflow/example_dags/example_subdag_operator.py for tasks to queue
[2023-11-30T02:21:07.773+0200] {logging_mixin.py:154} INFO - [2023-11-30T02:21:07.773+0200] {dagbag.py:536} INFO - Filling up the DagBag from /home/seva/UCU/AutomatedDataPipelines/Homework1/venv/lib/python3.10/site-packages/airflow/example_dags/example_subdag_operator.py
[2023-11-30T02:21:07.792+0200] {processor.py:839} INFO - DAG(s) dict_keys(['example_subdag_operator.section-1', 'example_subdag_operator.section-2', 'example_subdag_operator']) retrieved from /home/seva/UCU/AutomatedDataPipelines/Homework1/venv/lib/python3.10/site-packages/airflow/example_dags/example_subdag_operator.py
[2023-11-30T02:21:07.804+0200] {logging_mixin.py:154} INFO - [2023-11-30T02:21:07.804+0200] {dag.py:2941} INFO - Sync 3 DAGs
[2023-11-30T02:21:07.819+0200] {logging_mixin.py:154} INFO - [2023-11-30T02:21:07.818+0200] {dag.py:3722} INFO - Setting next_dagrun for example_subdag_operator to 2022-01-01T00:00:00+00:00, run_after=2022-01-01T00:00:00+00:00
[2023-11-30T02:21:07.821+0200] {logging_mixin.py:154} INFO - [2023-11-30T02:21:07.821+0200] {dag.py:3722} INFO - Setting next_dagrun for example_subdag_operator.section-1 to None, run_after=None
[2023-11-30T02:21:07.822+0200] {logging_mixin.py:154} INFO - [2023-11-30T02:21:07.822+0200] {dag.py:3722} INFO - Setting next_dagrun for example_subdag_operator.section-2 to None, run_after=None
[2023-11-30T02:21:07.826+0200] {logging_mixin.py:154} INFO - [2023-11-30T02:21:07.826+0200] {dag.py:2941} INFO - Sync 2 DAGs
[2023-11-30T02:21:07.829+0200] {logging_mixin.py:154} INFO - [2023-11-30T02:21:07.829+0200] {dag.py:3722} INFO - Setting next_dagrun for example_subdag_operator.section-1 to None, run_after=None
[2023-11-30T02:21:07.829+0200] {logging_mixin.py:154} INFO - [2023-11-30T02:21:07.829+0200] {dag.py:3722} INFO - Setting next_dagrun for example_subdag_operator.section-2 to None, run_after=None
[2023-11-30T02:21:07.848+0200] {processor.py:179} INFO - Processing /home/seva/UCU/AutomatedDataPipelines/Homework1/venv/lib/python3.10/site-packages/airflow/example_dags/example_subdag_operator.py took 0.091 seconds
[2023-11-30T02:21:50.553+0200] {processor.py:157} INFO - Started process (PID=3105) to work on /home/seva/UCU/AutomatedDataPipelines/Homework1/venv/lib/python3.10/site-packages/airflow/example_dags/example_subdag_operator.py
[2023-11-30T02:21:50.565+0200] {processor.py:829} INFO - Processing file /home/seva/UCU/AutomatedDataPipelines/Homework1/venv/lib/python3.10/site-packages/airflow/example_dags/example_subdag_operator.py for tasks to queue
[2023-11-30T02:21:50.566+0200] {logging_mixin.py:154} INFO - [2023-11-30T02:21:50.566+0200] {dagbag.py:536} INFO - Filling up the DagBag from /home/seva/UCU/AutomatedDataPipelines/Homework1/venv/lib/python3.10/site-packages/airflow/example_dags/example_subdag_operator.py
[2023-11-30T02:21:50.585+0200] {processor.py:839} INFO - DAG(s) dict_keys(['example_subdag_operator.section-1', 'example_subdag_operator.section-2', 'example_subdag_operator']) retrieved from /home/seva/UCU/AutomatedDataPipelines/Homework1/venv/lib/python3.10/site-packages/airflow/example_dags/example_subdag_operator.py
[2023-11-30T02:21:50.596+0200] {logging_mixin.py:154} INFO - [2023-11-30T02:21:50.596+0200] {dag.py:2941} INFO - Sync 3 DAGs
[2023-11-30T02:21:50.611+0200] {logging_mixin.py:154} INFO - [2023-11-30T02:21:50.611+0200] {dag.py:3722} INFO - Setting next_dagrun for example_subdag_operator to 2022-01-01T00:00:00+00:00, run_after=2022-01-01T00:00:00+00:00
[2023-11-30T02:21:50.614+0200] {logging_mixin.py:154} INFO - [2023-11-30T02:21:50.614+0200] {dag.py:3722} INFO - Setting next_dagrun for example_subdag_operator.section-1 to None, run_after=None
[2023-11-30T02:21:50.615+0200] {logging_mixin.py:154} INFO - [2023-11-30T02:21:50.615+0200] {dag.py:3722} INFO - Setting next_dagrun for example_subdag_operator.section-2 to None, run_after=None
[2023-11-30T02:21:50.619+0200] {logging_mixin.py:154} INFO - [2023-11-30T02:21:50.619+0200] {dag.py:2941} INFO - Sync 2 DAGs
[2023-11-30T02:21:50.622+0200] {logging_mixin.py:154} INFO - [2023-11-30T02:21:50.622+0200] {dag.py:3722} INFO - Setting next_dagrun for example_subdag_operator.section-1 to None, run_after=None
[2023-11-30T02:21:50.622+0200] {logging_mixin.py:154} INFO - [2023-11-30T02:21:50.622+0200] {dag.py:3722} INFO - Setting next_dagrun for example_subdag_operator.section-2 to None, run_after=None
[2023-11-30T02:21:50.640+0200] {processor.py:179} INFO - Processing /home/seva/UCU/AutomatedDataPipelines/Homework1/venv/lib/python3.10/site-packages/airflow/example_dags/example_subdag_operator.py took 0.091 seconds
[2023-11-30T02:22:33.487+0200] {processor.py:157} INFO - Started process (PID=3272) to work on /home/seva/UCU/AutomatedDataPipelines/Homework1/venv/lib/python3.10/site-packages/airflow/example_dags/example_subdag_operator.py
[2023-11-30T02:22:33.488+0200] {processor.py:829} INFO - Processing file /home/seva/UCU/AutomatedDataPipelines/Homework1/venv/lib/python3.10/site-packages/airflow/example_dags/example_subdag_operator.py for tasks to queue
[2023-11-30T02:22:33.489+0200] {logging_mixin.py:154} INFO - [2023-11-30T02:22:33.489+0200] {dagbag.py:536} INFO - Filling up the DagBag from /home/seva/UCU/AutomatedDataPipelines/Homework1/venv/lib/python3.10/site-packages/airflow/example_dags/example_subdag_operator.py
[2023-11-30T02:22:33.507+0200] {processor.py:839} INFO - DAG(s) dict_keys(['example_subdag_operator.section-1', 'example_subdag_operator.section-2', 'example_subdag_operator']) retrieved from /home/seva/UCU/AutomatedDataPipelines/Homework1/venv/lib/python3.10/site-packages/airflow/example_dags/example_subdag_operator.py
[2023-11-30T02:22:33.519+0200] {logging_mixin.py:154} INFO - [2023-11-30T02:22:33.519+0200] {dag.py:2941} INFO - Sync 3 DAGs
[2023-11-30T02:22:33.534+0200] {logging_mixin.py:154} INFO - [2023-11-30T02:22:33.534+0200] {dag.py:3722} INFO - Setting next_dagrun for example_subdag_operator to 2022-01-01T00:00:00+00:00, run_after=2022-01-01T00:00:00+00:00
[2023-11-30T02:22:33.537+0200] {logging_mixin.py:154} INFO - [2023-11-30T02:22:33.536+0200] {dag.py:3722} INFO - Setting next_dagrun for example_subdag_operator.section-1 to None, run_after=None
[2023-11-30T02:22:33.537+0200] {logging_mixin.py:154} INFO - [2023-11-30T02:22:33.537+0200] {dag.py:3722} INFO - Setting next_dagrun for example_subdag_operator.section-2 to None, run_after=None
[2023-11-30T02:22:33.541+0200] {logging_mixin.py:154} INFO - [2023-11-30T02:22:33.541+0200] {dag.py:2941} INFO - Sync 2 DAGs
[2023-11-30T02:22:33.545+0200] {logging_mixin.py:154} INFO - [2023-11-30T02:22:33.545+0200] {dag.py:3722} INFO - Setting next_dagrun for example_subdag_operator.section-1 to None, run_after=None
[2023-11-30T02:22:33.545+0200] {logging_mixin.py:154} INFO - [2023-11-30T02:22:33.545+0200] {dag.py:3722} INFO - Setting next_dagrun for example_subdag_operator.section-2 to None, run_after=None
[2023-11-30T02:22:33.564+0200] {processor.py:179} INFO - Processing /home/seva/UCU/AutomatedDataPipelines/Homework1/venv/lib/python3.10/site-packages/airflow/example_dags/example_subdag_operator.py took 0.081 seconds
[2023-11-30T02:23:20.371+0200] {processor.py:157} INFO - Started process (PID=3458) to work on /home/seva/UCU/AutomatedDataPipelines/Homework1/venv/lib/python3.10/site-packages/airflow/example_dags/example_subdag_operator.py
[2023-11-30T02:23:20.383+0200] {processor.py:829} INFO - Processing file /home/seva/UCU/AutomatedDataPipelines/Homework1/venv/lib/python3.10/site-packages/airflow/example_dags/example_subdag_operator.py for tasks to queue
[2023-11-30T02:23:20.384+0200] {logging_mixin.py:154} INFO - [2023-11-30T02:23:20.384+0200] {dagbag.py:536} INFO - Filling up the DagBag from /home/seva/UCU/AutomatedDataPipelines/Homework1/venv/lib/python3.10/site-packages/airflow/example_dags/example_subdag_operator.py
[2023-11-30T02:23:20.402+0200] {processor.py:839} INFO - DAG(s) dict_keys(['example_subdag_operator.section-1', 'example_subdag_operator.section-2', 'example_subdag_operator']) retrieved from /home/seva/UCU/AutomatedDataPipelines/Homework1/venv/lib/python3.10/site-packages/airflow/example_dags/example_subdag_operator.py
[2023-11-30T02:23:20.414+0200] {logging_mixin.py:154} INFO - [2023-11-30T02:23:20.414+0200] {dag.py:2941} INFO - Sync 3 DAGs
[2023-11-30T02:23:20.429+0200] {logging_mixin.py:154} INFO - [2023-11-30T02:23:20.429+0200] {dag.py:3722} INFO - Setting next_dagrun for example_subdag_operator to 2022-01-01T00:00:00+00:00, run_after=2022-01-01T00:00:00+00:00
[2023-11-30T02:23:20.431+0200] {logging_mixin.py:154} INFO - [2023-11-30T02:23:20.431+0200] {dag.py:3722} INFO - Setting next_dagrun for example_subdag_operator.section-1 to None, run_after=None
[2023-11-30T02:23:20.432+0200] {logging_mixin.py:154} INFO - [2023-11-30T02:23:20.432+0200] {dag.py:3722} INFO - Setting next_dagrun for example_subdag_operator.section-2 to None, run_after=None
[2023-11-30T02:23:20.436+0200] {logging_mixin.py:154} INFO - [2023-11-30T02:23:20.436+0200] {dag.py:2941} INFO - Sync 2 DAGs
[2023-11-30T02:23:20.439+0200] {logging_mixin.py:154} INFO - [2023-11-30T02:23:20.439+0200] {dag.py:3722} INFO - Setting next_dagrun for example_subdag_operator.section-1 to None, run_after=None
[2023-11-30T02:23:20.440+0200] {logging_mixin.py:154} INFO - [2023-11-30T02:23:20.440+0200] {dag.py:3722} INFO - Setting next_dagrun for example_subdag_operator.section-2 to None, run_after=None
[2023-11-30T02:23:20.460+0200] {processor.py:179} INFO - Processing /home/seva/UCU/AutomatedDataPipelines/Homework1/venv/lib/python3.10/site-packages/airflow/example_dags/example_subdag_operator.py took 0.091 seconds
[2023-11-30T02:24:02.943+0200] {processor.py:157} INFO - Started process (PID=3629) to work on /home/seva/UCU/AutomatedDataPipelines/Homework1/venv/lib/python3.10/site-packages/airflow/example_dags/example_subdag_operator.py
[2023-11-30T02:24:02.955+0200] {processor.py:829} INFO - Processing file /home/seva/UCU/AutomatedDataPipelines/Homework1/venv/lib/python3.10/site-packages/airflow/example_dags/example_subdag_operator.py for tasks to queue
[2023-11-30T02:24:02.956+0200] {logging_mixin.py:154} INFO - [2023-11-30T02:24:02.956+0200] {dagbag.py:536} INFO - Filling up the DagBag from /home/seva/UCU/AutomatedDataPipelines/Homework1/venv/lib/python3.10/site-packages/airflow/example_dags/example_subdag_operator.py
[2023-11-30T02:24:02.975+0200] {processor.py:839} INFO - DAG(s) dict_keys(['example_subdag_operator.section-1', 'example_subdag_operator.section-2', 'example_subdag_operator']) retrieved from /home/seva/UCU/AutomatedDataPipelines/Homework1/venv/lib/python3.10/site-packages/airflow/example_dags/example_subdag_operator.py
[2023-11-30T02:24:02.987+0200] {logging_mixin.py:154} INFO - [2023-11-30T02:24:02.987+0200] {dag.py:2941} INFO - Sync 3 DAGs
[2023-11-30T02:24:03.002+0200] {logging_mixin.py:154} INFO - [2023-11-30T02:24:03.002+0200] {dag.py:3722} INFO - Setting next_dagrun for example_subdag_operator to 2022-01-01T00:00:00+00:00, run_after=2022-01-01T00:00:00+00:00
[2023-11-30T02:24:03.005+0200] {logging_mixin.py:154} INFO - [2023-11-30T02:24:03.005+0200] {dag.py:3722} INFO - Setting next_dagrun for example_subdag_operator.section-1 to None, run_after=None
[2023-11-30T02:24:03.006+0200] {logging_mixin.py:154} INFO - [2023-11-30T02:24:03.006+0200] {dag.py:3722} INFO - Setting next_dagrun for example_subdag_operator.section-2 to None, run_after=None
[2023-11-30T02:24:03.010+0200] {logging_mixin.py:154} INFO - [2023-11-30T02:24:03.010+0200] {dag.py:2941} INFO - Sync 2 DAGs
[2023-11-30T02:24:03.014+0200] {logging_mixin.py:154} INFO - [2023-11-30T02:24:03.014+0200] {dag.py:3722} INFO - Setting next_dagrun for example_subdag_operator.section-1 to None, run_after=None
[2023-11-30T02:24:03.014+0200] {logging_mixin.py:154} INFO - [2023-11-30T02:24:03.014+0200] {dag.py:3722} INFO - Setting next_dagrun for example_subdag_operator.section-2 to None, run_after=None
[2023-11-30T02:24:03.031+0200] {processor.py:179} INFO - Processing /home/seva/UCU/AutomatedDataPipelines/Homework1/venv/lib/python3.10/site-packages/airflow/example_dags/example_subdag_operator.py took 0.092 seconds
[2023-11-30T02:24:51.687+0200] {processor.py:157} INFO - Started process (PID=3816) to work on /home/seva/UCU/AutomatedDataPipelines/Homework1/venv/lib/python3.10/site-packages/airflow/example_dags/example_subdag_operator.py
[2023-11-30T02:24:51.699+0200] {processor.py:829} INFO - Processing file /home/seva/UCU/AutomatedDataPipelines/Homework1/venv/lib/python3.10/site-packages/airflow/example_dags/example_subdag_operator.py for tasks to queue
[2023-11-30T02:24:51.700+0200] {logging_mixin.py:154} INFO - [2023-11-30T02:24:51.700+0200] {dagbag.py:536} INFO - Filling up the DagBag from /home/seva/UCU/AutomatedDataPipelines/Homework1/venv/lib/python3.10/site-packages/airflow/example_dags/example_subdag_operator.py
[2023-11-30T02:24:51.719+0200] {processor.py:839} INFO - DAG(s) dict_keys(['example_subdag_operator.section-1', 'example_subdag_operator.section-2', 'example_subdag_operator']) retrieved from /home/seva/UCU/AutomatedDataPipelines/Homework1/venv/lib/python3.10/site-packages/airflow/example_dags/example_subdag_operator.py
[2023-11-30T02:24:51.731+0200] {logging_mixin.py:154} INFO - [2023-11-30T02:24:51.731+0200] {dag.py:2941} INFO - Sync 3 DAGs
[2023-11-30T02:24:51.747+0200] {logging_mixin.py:154} INFO - [2023-11-30T02:24:51.746+0200] {dag.py:3722} INFO - Setting next_dagrun for example_subdag_operator to 2022-01-01T00:00:00+00:00, run_after=2022-01-01T00:00:00+00:00
[2023-11-30T02:24:51.749+0200] {logging_mixin.py:154} INFO - [2023-11-30T02:24:51.749+0200] {dag.py:3722} INFO - Setting next_dagrun for example_subdag_operator.section-1 to None, run_after=None
[2023-11-30T02:24:51.749+0200] {logging_mixin.py:154} INFO - [2023-11-30T02:24:51.749+0200] {dag.py:3722} INFO - Setting next_dagrun for example_subdag_operator.section-2 to None, run_after=None
[2023-11-30T02:24:51.754+0200] {logging_mixin.py:154} INFO - [2023-11-30T02:24:51.753+0200] {dag.py:2941} INFO - Sync 2 DAGs
[2023-11-30T02:24:51.757+0200] {logging_mixin.py:154} INFO - [2023-11-30T02:24:51.756+0200] {dag.py:3722} INFO - Setting next_dagrun for example_subdag_operator.section-1 to None, run_after=None
[2023-11-30T02:24:51.757+0200] {logging_mixin.py:154} INFO - [2023-11-30T02:24:51.757+0200] {dag.py:3722} INFO - Setting next_dagrun for example_subdag_operator.section-2 to None, run_after=None
[2023-11-30T02:24:51.774+0200] {processor.py:179} INFO - Processing /home/seva/UCU/AutomatedDataPipelines/Homework1/venv/lib/python3.10/site-packages/airflow/example_dags/example_subdag_operator.py took 0.091 seconds
[2023-11-30T02:25:33.625+0200] {processor.py:157} INFO - Started process (PID=3988) to work on /home/seva/UCU/AutomatedDataPipelines/Homework1/venv/lib/python3.10/site-packages/airflow/example_dags/example_subdag_operator.py
[2023-11-30T02:25:33.628+0200] {processor.py:829} INFO - Processing file /home/seva/UCU/AutomatedDataPipelines/Homework1/venv/lib/python3.10/site-packages/airflow/example_dags/example_subdag_operator.py for tasks to queue
[2023-11-30T02:25:33.628+0200] {logging_mixin.py:154} INFO - [2023-11-30T02:25:33.628+0200] {dagbag.py:536} INFO - Filling up the DagBag from /home/seva/UCU/AutomatedDataPipelines/Homework1/venv/lib/python3.10/site-packages/airflow/example_dags/example_subdag_operator.py
[2023-11-30T02:25:33.646+0200] {processor.py:839} INFO - DAG(s) dict_keys(['example_subdag_operator.section-1', 'example_subdag_operator.section-2', 'example_subdag_operator']) retrieved from /home/seva/UCU/AutomatedDataPipelines/Homework1/venv/lib/python3.10/site-packages/airflow/example_dags/example_subdag_operator.py
[2023-11-30T02:25:33.658+0200] {logging_mixin.py:154} INFO - [2023-11-30T02:25:33.658+0200] {dag.py:2941} INFO - Sync 3 DAGs
[2023-11-30T02:25:33.672+0200] {logging_mixin.py:154} INFO - [2023-11-30T02:25:33.672+0200] {dag.py:3722} INFO - Setting next_dagrun for example_subdag_operator to 2022-01-01T00:00:00+00:00, run_after=2022-01-01T00:00:00+00:00
[2023-11-30T02:25:33.675+0200] {logging_mixin.py:154} INFO - [2023-11-30T02:25:33.675+0200] {dag.py:3722} INFO - Setting next_dagrun for example_subdag_operator.section-1 to None, run_after=None
[2023-11-30T02:25:33.676+0200] {logging_mixin.py:154} INFO - [2023-11-30T02:25:33.676+0200] {dag.py:3722} INFO - Setting next_dagrun for example_subdag_operator.section-2 to None, run_after=None
[2023-11-30T02:25:33.680+0200] {logging_mixin.py:154} INFO - [2023-11-30T02:25:33.680+0200] {dag.py:2941} INFO - Sync 2 DAGs
[2023-11-30T02:25:33.683+0200] {logging_mixin.py:154} INFO - [2023-11-30T02:25:33.683+0200] {dag.py:3722} INFO - Setting next_dagrun for example_subdag_operator.section-1 to None, run_after=None
[2023-11-30T02:25:33.683+0200] {logging_mixin.py:154} INFO - [2023-11-30T02:25:33.683+0200] {dag.py:3722} INFO - Setting next_dagrun for example_subdag_operator.section-2 to None, run_after=None
[2023-11-30T02:25:33.700+0200] {processor.py:179} INFO - Processing /home/seva/UCU/AutomatedDataPipelines/Homework1/venv/lib/python3.10/site-packages/airflow/example_dags/example_subdag_operator.py took 0.078 seconds
[2023-11-30T02:26:15.275+0200] {processor.py:157} INFO - Started process (PID=4150) to work on /home/seva/UCU/AutomatedDataPipelines/Homework1/venv/lib/python3.10/site-packages/airflow/example_dags/example_subdag_operator.py
[2023-11-30T02:26:15.287+0200] {processor.py:829} INFO - Processing file /home/seva/UCU/AutomatedDataPipelines/Homework1/venv/lib/python3.10/site-packages/airflow/example_dags/example_subdag_operator.py for tasks to queue
[2023-11-30T02:26:15.288+0200] {logging_mixin.py:154} INFO - [2023-11-30T02:26:15.288+0200] {dagbag.py:536} INFO - Filling up the DagBag from /home/seva/UCU/AutomatedDataPipelines/Homework1/venv/lib/python3.10/site-packages/airflow/example_dags/example_subdag_operator.py
[2023-11-30T02:26:15.307+0200] {processor.py:839} INFO - DAG(s) dict_keys(['example_subdag_operator.section-1', 'example_subdag_operator.section-2', 'example_subdag_operator']) retrieved from /home/seva/UCU/AutomatedDataPipelines/Homework1/venv/lib/python3.10/site-packages/airflow/example_dags/example_subdag_operator.py
[2023-11-30T02:26:15.319+0200] {logging_mixin.py:154} INFO - [2023-11-30T02:26:15.319+0200] {dag.py:2941} INFO - Sync 3 DAGs
[2023-11-30T02:26:15.334+0200] {logging_mixin.py:154} INFO - [2023-11-30T02:26:15.334+0200] {dag.py:3722} INFO - Setting next_dagrun for example_subdag_operator to 2022-01-01T00:00:00+00:00, run_after=2022-01-01T00:00:00+00:00
[2023-11-30T02:26:15.337+0200] {logging_mixin.py:154} INFO - [2023-11-30T02:26:15.337+0200] {dag.py:3722} INFO - Setting next_dagrun for example_subdag_operator.section-1 to None, run_after=None
[2023-11-30T02:26:15.338+0200] {logging_mixin.py:154} INFO - [2023-11-30T02:26:15.338+0200] {dag.py:3722} INFO - Setting next_dagrun for example_subdag_operator.section-2 to None, run_after=None
[2023-11-30T02:26:15.342+0200] {logging_mixin.py:154} INFO - [2023-11-30T02:26:15.342+0200] {dag.py:2941} INFO - Sync 2 DAGs
[2023-11-30T02:26:15.345+0200] {logging_mixin.py:154} INFO - [2023-11-30T02:26:15.345+0200] {dag.py:3722} INFO - Setting next_dagrun for example_subdag_operator.section-1 to None, run_after=None
[2023-11-30T02:26:15.345+0200] {logging_mixin.py:154} INFO - [2023-11-30T02:26:15.345+0200] {dag.py:3722} INFO - Setting next_dagrun for example_subdag_operator.section-2 to None, run_after=None
[2023-11-30T02:26:15.375+0200] {processor.py:179} INFO - Processing /home/seva/UCU/AutomatedDataPipelines/Homework1/venv/lib/python3.10/site-packages/airflow/example_dags/example_subdag_operator.py took 0.103 seconds
[2023-11-30T02:27:06.021+0200] {processor.py:157} INFO - Started process (PID=4346) to work on /home/seva/UCU/AutomatedDataPipelines/Homework1/venv/lib/python3.10/site-packages/airflow/example_dags/example_subdag_operator.py
[2023-11-30T02:27:06.023+0200] {processor.py:829} INFO - Processing file /home/seva/UCU/AutomatedDataPipelines/Homework1/venv/lib/python3.10/site-packages/airflow/example_dags/example_subdag_operator.py for tasks to queue
[2023-11-30T02:27:06.024+0200] {logging_mixin.py:154} INFO - [2023-11-30T02:27:06.024+0200] {dagbag.py:536} INFO - Filling up the DagBag from /home/seva/UCU/AutomatedDataPipelines/Homework1/venv/lib/python3.10/site-packages/airflow/example_dags/example_subdag_operator.py
[2023-11-30T02:27:06.042+0200] {processor.py:839} INFO - DAG(s) dict_keys(['example_subdag_operator.section-1', 'example_subdag_operator.section-2', 'example_subdag_operator']) retrieved from /home/seva/UCU/AutomatedDataPipelines/Homework1/venv/lib/python3.10/site-packages/airflow/example_dags/example_subdag_operator.py
[2023-11-30T02:27:06.054+0200] {logging_mixin.py:154} INFO - [2023-11-30T02:27:06.054+0200] {dag.py:2941} INFO - Sync 3 DAGs
[2023-11-30T02:27:06.069+0200] {logging_mixin.py:154} INFO - [2023-11-30T02:27:06.069+0200] {dag.py:3722} INFO - Setting next_dagrun for example_subdag_operator to 2022-01-01T00:00:00+00:00, run_after=2022-01-01T00:00:00+00:00
[2023-11-30T02:27:06.071+0200] {logging_mixin.py:154} INFO - [2023-11-30T02:27:06.071+0200] {dag.py:3722} INFO - Setting next_dagrun for example_subdag_operator.section-1 to None, run_after=None
[2023-11-30T02:27:06.072+0200] {logging_mixin.py:154} INFO - [2023-11-30T02:27:06.072+0200] {dag.py:3722} INFO - Setting next_dagrun for example_subdag_operator.section-2 to None, run_after=None
[2023-11-30T02:27:06.077+0200] {logging_mixin.py:154} INFO - [2023-11-30T02:27:06.077+0200] {dag.py:2941} INFO - Sync 2 DAGs
[2023-11-30T02:27:06.080+0200] {logging_mixin.py:154} INFO - [2023-11-30T02:27:06.080+0200] {dag.py:3722} INFO - Setting next_dagrun for example_subdag_operator.section-1 to None, run_after=None
[2023-11-30T02:27:06.080+0200] {logging_mixin.py:154} INFO - [2023-11-30T02:27:06.080+0200] {dag.py:3722} INFO - Setting next_dagrun for example_subdag_operator.section-2 to None, run_after=None
[2023-11-30T02:27:06.099+0200] {processor.py:179} INFO - Processing /home/seva/UCU/AutomatedDataPipelines/Homework1/venv/lib/python3.10/site-packages/airflow/example_dags/example_subdag_operator.py took 0.080 seconds
[2023-11-30T02:27:54.775+0200] {processor.py:157} INFO - Started process (PID=4539) to work on /home/seva/UCU/AutomatedDataPipelines/Homework1/venv/lib/python3.10/site-packages/airflow/example_dags/example_subdag_operator.py
[2023-11-30T02:27:54.787+0200] {processor.py:829} INFO - Processing file /home/seva/UCU/AutomatedDataPipelines/Homework1/venv/lib/python3.10/site-packages/airflow/example_dags/example_subdag_operator.py for tasks to queue
[2023-11-30T02:27:54.788+0200] {logging_mixin.py:154} INFO - [2023-11-30T02:27:54.787+0200] {dagbag.py:536} INFO - Filling up the DagBag from /home/seva/UCU/AutomatedDataPipelines/Homework1/venv/lib/python3.10/site-packages/airflow/example_dags/example_subdag_operator.py
[2023-11-30T02:27:54.807+0200] {processor.py:839} INFO - DAG(s) dict_keys(['example_subdag_operator.section-1', 'example_subdag_operator.section-2', 'example_subdag_operator']) retrieved from /home/seva/UCU/AutomatedDataPipelines/Homework1/venv/lib/python3.10/site-packages/airflow/example_dags/example_subdag_operator.py
[2023-11-30T02:27:54.819+0200] {logging_mixin.py:154} INFO - [2023-11-30T02:27:54.819+0200] {dag.py:2941} INFO - Sync 3 DAGs
[2023-11-30T02:27:54.833+0200] {logging_mixin.py:154} INFO - [2023-11-30T02:27:54.833+0200] {dag.py:3722} INFO - Setting next_dagrun for example_subdag_operator to 2022-01-01T00:00:00+00:00, run_after=2022-01-01T00:00:00+00:00
[2023-11-30T02:27:54.836+0200] {logging_mixin.py:154} INFO - [2023-11-30T02:27:54.836+0200] {dag.py:3722} INFO - Setting next_dagrun for example_subdag_operator.section-1 to None, run_after=None
[2023-11-30T02:27:54.837+0200] {logging_mixin.py:154} INFO - [2023-11-30T02:27:54.837+0200] {dag.py:3722} INFO - Setting next_dagrun for example_subdag_operator.section-2 to None, run_after=None
[2023-11-30T02:27:54.841+0200] {logging_mixin.py:154} INFO - [2023-11-30T02:27:54.841+0200] {dag.py:2941} INFO - Sync 2 DAGs
[2023-11-30T02:27:54.844+0200] {logging_mixin.py:154} INFO - [2023-11-30T02:27:54.844+0200] {dag.py:3722} INFO - Setting next_dagrun for example_subdag_operator.section-1 to None, run_after=None
[2023-11-30T02:27:54.844+0200] {logging_mixin.py:154} INFO - [2023-11-30T02:27:54.844+0200] {dag.py:3722} INFO - Setting next_dagrun for example_subdag_operator.section-2 to None, run_after=None
[2023-11-30T02:27:54.862+0200] {processor.py:179} INFO - Processing /home/seva/UCU/AutomatedDataPipelines/Homework1/venv/lib/python3.10/site-packages/airflow/example_dags/example_subdag_operator.py took 0.091 seconds
[2023-11-30T02:28:37.380+0200] {processor.py:157} INFO - Started process (PID=4711) to work on /home/seva/UCU/AutomatedDataPipelines/Homework1/venv/lib/python3.10/site-packages/airflow/example_dags/example_subdag_operator.py
[2023-11-30T02:28:37.391+0200] {processor.py:829} INFO - Processing file /home/seva/UCU/AutomatedDataPipelines/Homework1/venv/lib/python3.10/site-packages/airflow/example_dags/example_subdag_operator.py for tasks to queue
[2023-11-30T02:28:37.393+0200] {logging_mixin.py:154} INFO - [2023-11-30T02:28:37.392+0200] {dagbag.py:536} INFO - Filling up the DagBag from /home/seva/UCU/AutomatedDataPipelines/Homework1/venv/lib/python3.10/site-packages/airflow/example_dags/example_subdag_operator.py
[2023-11-30T02:28:37.411+0200] {processor.py:839} INFO - DAG(s) dict_keys(['example_subdag_operator.section-1', 'example_subdag_operator.section-2', 'example_subdag_operator']) retrieved from /home/seva/UCU/AutomatedDataPipelines/Homework1/venv/lib/python3.10/site-packages/airflow/example_dags/example_subdag_operator.py
[2023-11-30T02:28:37.423+0200] {logging_mixin.py:154} INFO - [2023-11-30T02:28:37.423+0200] {dag.py:2941} INFO - Sync 3 DAGs
[2023-11-30T02:28:37.439+0200] {logging_mixin.py:154} INFO - [2023-11-30T02:28:37.438+0200] {dag.py:3722} INFO - Setting next_dagrun for example_subdag_operator to 2022-01-01T00:00:00+00:00, run_after=2022-01-01T00:00:00+00:00
[2023-11-30T02:28:37.441+0200] {logging_mixin.py:154} INFO - [2023-11-30T02:28:37.441+0200] {dag.py:3722} INFO - Setting next_dagrun for example_subdag_operator.section-1 to None, run_after=None
[2023-11-30T02:28:37.442+0200] {logging_mixin.py:154} INFO - [2023-11-30T02:28:37.442+0200] {dag.py:3722} INFO - Setting next_dagrun for example_subdag_operator.section-2 to None, run_after=None
[2023-11-30T02:28:37.446+0200] {logging_mixin.py:154} INFO - [2023-11-30T02:28:37.446+0200] {dag.py:2941} INFO - Sync 2 DAGs
[2023-11-30T02:28:37.449+0200] {logging_mixin.py:154} INFO - [2023-11-30T02:28:37.449+0200] {dag.py:3722} INFO - Setting next_dagrun for example_subdag_operator.section-1 to None, run_after=None
[2023-11-30T02:28:37.449+0200] {logging_mixin.py:154} INFO - [2023-11-30T02:28:37.449+0200] {dag.py:3722} INFO - Setting next_dagrun for example_subdag_operator.section-2 to None, run_after=None
[2023-11-30T02:28:37.468+0200] {processor.py:179} INFO - Processing /home/seva/UCU/AutomatedDataPipelines/Homework1/venv/lib/python3.10/site-packages/airflow/example_dags/example_subdag_operator.py took 0.091 seconds
[2023-11-30T02:29:25.136+0200] {processor.py:157} INFO - Started process (PID=4895) to work on /home/seva/UCU/AutomatedDataPipelines/Homework1/venv/lib/python3.10/site-packages/airflow/example_dags/example_subdag_operator.py
[2023-11-30T02:29:25.138+0200] {processor.py:829} INFO - Processing file /home/seva/UCU/AutomatedDataPipelines/Homework1/venv/lib/python3.10/site-packages/airflow/example_dags/example_subdag_operator.py for tasks to queue
[2023-11-30T02:29:25.139+0200] {logging_mixin.py:154} INFO - [2023-11-30T02:29:25.139+0200] {dagbag.py:536} INFO - Filling up the DagBag from /home/seva/UCU/AutomatedDataPipelines/Homework1/venv/lib/python3.10/site-packages/airflow/example_dags/example_subdag_operator.py
[2023-11-30T02:29:25.158+0200] {processor.py:839} INFO - DAG(s) dict_keys(['example_subdag_operator.section-1', 'example_subdag_operator.section-2', 'example_subdag_operator']) retrieved from /home/seva/UCU/AutomatedDataPipelines/Homework1/venv/lib/python3.10/site-packages/airflow/example_dags/example_subdag_operator.py
[2023-11-30T02:29:25.170+0200] {logging_mixin.py:154} INFO - [2023-11-30T02:29:25.170+0200] {dag.py:2941} INFO - Sync 3 DAGs
[2023-11-30T02:29:25.193+0200] {logging_mixin.py:154} INFO - [2023-11-30T02:29:25.193+0200] {dag.py:3722} INFO - Setting next_dagrun for example_subdag_operator to 2022-01-01T00:00:00+00:00, run_after=2022-01-01T00:00:00+00:00
[2023-11-30T02:29:25.197+0200] {logging_mixin.py:154} INFO - [2023-11-30T02:29:25.197+0200] {dag.py:3722} INFO - Setting next_dagrun for example_subdag_operator.section-1 to None, run_after=None
[2023-11-30T02:29:25.199+0200] {logging_mixin.py:154} INFO - [2023-11-30T02:29:25.198+0200] {dag.py:3722} INFO - Setting next_dagrun for example_subdag_operator.section-2 to None, run_after=None
[2023-11-30T02:29:25.205+0200] {logging_mixin.py:154} INFO - [2023-11-30T02:29:25.205+0200] {dag.py:2941} INFO - Sync 2 DAGs
[2023-11-30T02:29:25.210+0200] {logging_mixin.py:154} INFO - [2023-11-30T02:29:25.210+0200] {dag.py:3722} INFO - Setting next_dagrun for example_subdag_operator.section-1 to None, run_after=None
[2023-11-30T02:29:25.210+0200] {logging_mixin.py:154} INFO - [2023-11-30T02:29:25.210+0200] {dag.py:3722} INFO - Setting next_dagrun for example_subdag_operator.section-2 to None, run_after=None
[2023-11-30T02:29:25.228+0200] {processor.py:179} INFO - Processing /home/seva/UCU/AutomatedDataPipelines/Homework1/venv/lib/python3.10/site-packages/airflow/example_dags/example_subdag_operator.py took 0.095 seconds
[2023-11-30T02:30:08.621+0200] {processor.py:157} INFO - Started process (PID=5069) to work on /home/seva/UCU/AutomatedDataPipelines/Homework1/venv/lib/python3.10/site-packages/airflow/example_dags/example_subdag_operator.py
[2023-11-30T02:30:08.623+0200] {processor.py:829} INFO - Processing file /home/seva/UCU/AutomatedDataPipelines/Homework1/venv/lib/python3.10/site-packages/airflow/example_dags/example_subdag_operator.py for tasks to queue
[2023-11-30T02:30:08.624+0200] {logging_mixin.py:154} INFO - [2023-11-30T02:30:08.624+0200] {dagbag.py:536} INFO - Filling up the DagBag from /home/seva/UCU/AutomatedDataPipelines/Homework1/venv/lib/python3.10/site-packages/airflow/example_dags/example_subdag_operator.py
[2023-11-30T02:30:08.647+0200] {processor.py:839} INFO - DAG(s) dict_keys(['example_subdag_operator.section-1', 'example_subdag_operator.section-2', 'example_subdag_operator']) retrieved from /home/seva/UCU/AutomatedDataPipelines/Homework1/venv/lib/python3.10/site-packages/airflow/example_dags/example_subdag_operator.py
[2023-11-30T02:30:08.659+0200] {logging_mixin.py:154} INFO - [2023-11-30T02:30:08.659+0200] {dag.py:2941} INFO - Sync 3 DAGs
[2023-11-30T02:30:08.675+0200] {logging_mixin.py:154} INFO - [2023-11-30T02:30:08.675+0200] {dag.py:3722} INFO - Setting next_dagrun for example_subdag_operator to 2022-01-01T00:00:00+00:00, run_after=2022-01-01T00:00:00+00:00
[2023-11-30T02:30:08.678+0200] {logging_mixin.py:154} INFO - [2023-11-30T02:30:08.678+0200] {dag.py:3722} INFO - Setting next_dagrun for example_subdag_operator.section-1 to None, run_after=None
[2023-11-30T02:30:08.678+0200] {logging_mixin.py:154} INFO - [2023-11-30T02:30:08.678+0200] {dag.py:3722} INFO - Setting next_dagrun for example_subdag_operator.section-2 to None, run_after=None
[2023-11-30T02:30:08.683+0200] {logging_mixin.py:154} INFO - [2023-11-30T02:30:08.682+0200] {dag.py:2941} INFO - Sync 2 DAGs
[2023-11-30T02:30:08.686+0200] {logging_mixin.py:154} INFO - [2023-11-30T02:30:08.686+0200] {dag.py:3722} INFO - Setting next_dagrun for example_subdag_operator.section-1 to None, run_after=None
[2023-11-30T02:30:08.686+0200] {logging_mixin.py:154} INFO - [2023-11-30T02:30:08.686+0200] {dag.py:3722} INFO - Setting next_dagrun for example_subdag_operator.section-2 to None, run_after=None
[2023-11-30T02:30:08.706+0200] {processor.py:179} INFO - Processing /home/seva/UCU/AutomatedDataPipelines/Homework1/venv/lib/python3.10/site-packages/airflow/example_dags/example_subdag_operator.py took 0.088 seconds
[2023-11-30T02:30:54.504+0200] {processor.py:157} INFO - Started process (PID=5251) to work on /home/seva/UCU/AutomatedDataPipelines/Homework1/venv/lib/python3.10/site-packages/airflow/example_dags/example_subdag_operator.py
[2023-11-30T02:30:54.516+0200] {processor.py:829} INFO - Processing file /home/seva/UCU/AutomatedDataPipelines/Homework1/venv/lib/python3.10/site-packages/airflow/example_dags/example_subdag_operator.py for tasks to queue
[2023-11-30T02:30:54.517+0200] {logging_mixin.py:154} INFO - [2023-11-30T02:30:54.516+0200] {dagbag.py:536} INFO - Filling up the DagBag from /home/seva/UCU/AutomatedDataPipelines/Homework1/venv/lib/python3.10/site-packages/airflow/example_dags/example_subdag_operator.py
[2023-11-30T02:30:54.535+0200] {processor.py:839} INFO - DAG(s) dict_keys(['example_subdag_operator.section-1', 'example_subdag_operator.section-2', 'example_subdag_operator']) retrieved from /home/seva/UCU/AutomatedDataPipelines/Homework1/venv/lib/python3.10/site-packages/airflow/example_dags/example_subdag_operator.py
[2023-11-30T02:30:54.546+0200] {logging_mixin.py:154} INFO - [2023-11-30T02:30:54.546+0200] {dag.py:2941} INFO - Sync 3 DAGs
[2023-11-30T02:30:54.561+0200] {logging_mixin.py:154} INFO - [2023-11-30T02:30:54.561+0200] {dag.py:3722} INFO - Setting next_dagrun for example_subdag_operator to 2022-01-01T00:00:00+00:00, run_after=2022-01-01T00:00:00+00:00
[2023-11-30T02:30:54.563+0200] {logging_mixin.py:154} INFO - [2023-11-30T02:30:54.563+0200] {dag.py:3722} INFO - Setting next_dagrun for example_subdag_operator.section-1 to None, run_after=None
[2023-11-30T02:30:54.564+0200] {logging_mixin.py:154} INFO - [2023-11-30T02:30:54.564+0200] {dag.py:3722} INFO - Setting next_dagrun for example_subdag_operator.section-2 to None, run_after=None
[2023-11-30T02:30:54.569+0200] {logging_mixin.py:154} INFO - [2023-11-30T02:30:54.568+0200] {dag.py:2941} INFO - Sync 2 DAGs
[2023-11-30T02:30:54.571+0200] {logging_mixin.py:154} INFO - [2023-11-30T02:30:54.571+0200] {dag.py:3722} INFO - Setting next_dagrun for example_subdag_operator.section-1 to None, run_after=None
[2023-11-30T02:30:54.571+0200] {logging_mixin.py:154} INFO - [2023-11-30T02:30:54.571+0200] {dag.py:3722} INFO - Setting next_dagrun for example_subdag_operator.section-2 to None, run_after=None
[2023-11-30T02:30:54.590+0200] {processor.py:179} INFO - Processing /home/seva/UCU/AutomatedDataPipelines/Homework1/venv/lib/python3.10/site-packages/airflow/example_dags/example_subdag_operator.py took 0.089 seconds
[2023-11-30T02:31:39.904+0200] {processor.py:157} INFO - Started process (PID=5431) to work on /home/seva/UCU/AutomatedDataPipelines/Homework1/venv/lib/python3.10/site-packages/airflow/example_dags/example_subdag_operator.py
[2023-11-30T02:31:39.916+0200] {processor.py:829} INFO - Processing file /home/seva/UCU/AutomatedDataPipelines/Homework1/venv/lib/python3.10/site-packages/airflow/example_dags/example_subdag_operator.py for tasks to queue
[2023-11-30T02:31:39.917+0200] {logging_mixin.py:154} INFO - [2023-11-30T02:31:39.916+0200] {dagbag.py:536} INFO - Filling up the DagBag from /home/seva/UCU/AutomatedDataPipelines/Homework1/venv/lib/python3.10/site-packages/airflow/example_dags/example_subdag_operator.py
[2023-11-30T02:31:39.936+0200] {processor.py:839} INFO - DAG(s) dict_keys(['example_subdag_operator.section-1', 'example_subdag_operator.section-2', 'example_subdag_operator']) retrieved from /home/seva/UCU/AutomatedDataPipelines/Homework1/venv/lib/python3.10/site-packages/airflow/example_dags/example_subdag_operator.py
[2023-11-30T02:31:39.948+0200] {logging_mixin.py:154} INFO - [2023-11-30T02:31:39.947+0200] {dag.py:2941} INFO - Sync 3 DAGs
[2023-11-30T02:31:39.966+0200] {logging_mixin.py:154} INFO - [2023-11-30T02:31:39.965+0200] {dag.py:3722} INFO - Setting next_dagrun for example_subdag_operator to 2022-01-01T00:00:00+00:00, run_after=2022-01-01T00:00:00+00:00
[2023-11-30T02:31:39.969+0200] {logging_mixin.py:154} INFO - [2023-11-30T02:31:39.968+0200] {dag.py:3722} INFO - Setting next_dagrun for example_subdag_operator.section-1 to None, run_after=None
[2023-11-30T02:31:39.969+0200] {logging_mixin.py:154} INFO - [2023-11-30T02:31:39.969+0200] {dag.py:3722} INFO - Setting next_dagrun for example_subdag_operator.section-2 to None, run_after=None
[2023-11-30T02:31:39.974+0200] {logging_mixin.py:154} INFO - [2023-11-30T02:31:39.973+0200] {dag.py:2941} INFO - Sync 2 DAGs
[2023-11-30T02:31:39.979+0200] {logging_mixin.py:154} INFO - [2023-11-30T02:31:39.978+0200] {dag.py:3722} INFO - Setting next_dagrun for example_subdag_operator.section-1 to None, run_after=None
[2023-11-30T02:31:39.979+0200] {logging_mixin.py:154} INFO - [2023-11-30T02:31:39.979+0200] {dag.py:3722} INFO - Setting next_dagrun for example_subdag_operator.section-2 to None, run_after=None
[2023-11-30T02:31:39.998+0200] {processor.py:179} INFO - Processing /home/seva/UCU/AutomatedDataPipelines/Homework1/venv/lib/python3.10/site-packages/airflow/example_dags/example_subdag_operator.py took 0.097 seconds
[2023-11-30T02:32:23.733+0200] {processor.py:157} INFO - Started process (PID=5604) to work on /home/seva/UCU/AutomatedDataPipelines/Homework1/venv/lib/python3.10/site-packages/airflow/example_dags/example_subdag_operator.py
[2023-11-30T02:32:23.735+0200] {processor.py:829} INFO - Processing file /home/seva/UCU/AutomatedDataPipelines/Homework1/venv/lib/python3.10/site-packages/airflow/example_dags/example_subdag_operator.py for tasks to queue
[2023-11-30T02:32:23.737+0200] {logging_mixin.py:154} INFO - [2023-11-30T02:32:23.736+0200] {dagbag.py:536} INFO - Filling up the DagBag from /home/seva/UCU/AutomatedDataPipelines/Homework1/venv/lib/python3.10/site-packages/airflow/example_dags/example_subdag_operator.py
[2023-11-30T02:32:23.760+0200] {processor.py:839} INFO - DAG(s) dict_keys(['example_subdag_operator.section-1', 'example_subdag_operator.section-2', 'example_subdag_operator']) retrieved from /home/seva/UCU/AutomatedDataPipelines/Homework1/venv/lib/python3.10/site-packages/airflow/example_dags/example_subdag_operator.py
[2023-11-30T02:32:23.775+0200] {logging_mixin.py:154} INFO - [2023-11-30T02:32:23.775+0200] {dag.py:2941} INFO - Sync 3 DAGs
[2023-11-30T02:32:23.794+0200] {logging_mixin.py:154} INFO - [2023-11-30T02:32:23.793+0200] {dag.py:3722} INFO - Setting next_dagrun for example_subdag_operator to 2022-01-01T00:00:00+00:00, run_after=2022-01-01T00:00:00+00:00
[2023-11-30T02:32:23.796+0200] {logging_mixin.py:154} INFO - [2023-11-30T02:32:23.796+0200] {dag.py:3722} INFO - Setting next_dagrun for example_subdag_operator.section-1 to None, run_after=None
[2023-11-30T02:32:23.797+0200] {logging_mixin.py:154} INFO - [2023-11-30T02:32:23.797+0200] {dag.py:3722} INFO - Setting next_dagrun for example_subdag_operator.section-2 to None, run_after=None
[2023-11-30T02:32:23.802+0200] {logging_mixin.py:154} INFO - [2023-11-30T02:32:23.802+0200] {dag.py:2941} INFO - Sync 2 DAGs
[2023-11-30T02:32:23.805+0200] {logging_mixin.py:154} INFO - [2023-11-30T02:32:23.805+0200] {dag.py:3722} INFO - Setting next_dagrun for example_subdag_operator.section-1 to None, run_after=None
[2023-11-30T02:32:23.806+0200] {logging_mixin.py:154} INFO - [2023-11-30T02:32:23.806+0200] {dag.py:3722} INFO - Setting next_dagrun for example_subdag_operator.section-2 to None, run_after=None
[2023-11-30T02:32:23.834+0200] {processor.py:179} INFO - Processing /home/seva/UCU/AutomatedDataPipelines/Homework1/venv/lib/python3.10/site-packages/airflow/example_dags/example_subdag_operator.py took 0.105 seconds
[2023-11-30T02:33:11.318+0200] {processor.py:157} INFO - Started process (PID=5818) to work on /home/seva/UCU/AutomatedDataPipelines/Homework1/venv/lib/python3.10/site-packages/airflow/example_dags/example_subdag_operator.py
[2023-11-30T02:33:11.330+0200] {processor.py:829} INFO - Processing file /home/seva/UCU/AutomatedDataPipelines/Homework1/venv/lib/python3.10/site-packages/airflow/example_dags/example_subdag_operator.py for tasks to queue
[2023-11-30T02:33:11.331+0200] {logging_mixin.py:154} INFO - [2023-11-30T02:33:11.330+0200] {dagbag.py:536} INFO - Filling up the DagBag from /home/seva/UCU/AutomatedDataPipelines/Homework1/venv/lib/python3.10/site-packages/airflow/example_dags/example_subdag_operator.py
[2023-11-30T02:33:11.348+0200] {processor.py:839} INFO - DAG(s) dict_keys(['example_subdag_operator.section-1', 'example_subdag_operator.section-2', 'example_subdag_operator']) retrieved from /home/seva/UCU/AutomatedDataPipelines/Homework1/venv/lib/python3.10/site-packages/airflow/example_dags/example_subdag_operator.py
[2023-11-30T02:33:11.361+0200] {logging_mixin.py:154} INFO - [2023-11-30T02:33:11.360+0200] {dag.py:2941} INFO - Sync 3 DAGs
[2023-11-30T02:33:11.375+0200] {logging_mixin.py:154} INFO - [2023-11-30T02:33:11.375+0200] {dag.py:3722} INFO - Setting next_dagrun for example_subdag_operator to 2022-01-01T00:00:00+00:00, run_after=2022-01-01T00:00:00+00:00
[2023-11-30T02:33:11.377+0200] {logging_mixin.py:154} INFO - [2023-11-30T02:33:11.377+0200] {dag.py:3722} INFO - Setting next_dagrun for example_subdag_operator.section-1 to None, run_after=None
[2023-11-30T02:33:11.378+0200] {logging_mixin.py:154} INFO - [2023-11-30T02:33:11.378+0200] {dag.py:3722} INFO - Setting next_dagrun for example_subdag_operator.section-2 to None, run_after=None
[2023-11-30T02:33:11.382+0200] {logging_mixin.py:154} INFO - [2023-11-30T02:33:11.382+0200] {dag.py:2941} INFO - Sync 2 DAGs
[2023-11-30T02:33:11.385+0200] {logging_mixin.py:154} INFO - [2023-11-30T02:33:11.385+0200] {dag.py:3722} INFO - Setting next_dagrun for example_subdag_operator.section-1 to None, run_after=None
[2023-11-30T02:33:11.385+0200] {logging_mixin.py:154} INFO - [2023-11-30T02:33:11.385+0200] {dag.py:3722} INFO - Setting next_dagrun for example_subdag_operator.section-2 to None, run_after=None
[2023-11-30T02:33:11.404+0200] {processor.py:179} INFO - Processing /home/seva/UCU/AutomatedDataPipelines/Homework1/venv/lib/python3.10/site-packages/airflow/example_dags/example_subdag_operator.py took 0.088 seconds
[2023-11-30T02:33:59.185+0200] {processor.py:157} INFO - Started process (PID=6004) to work on /home/seva/UCU/AutomatedDataPipelines/Homework1/venv/lib/python3.10/site-packages/airflow/example_dags/example_subdag_operator.py
[2023-11-30T02:33:59.198+0200] {processor.py:829} INFO - Processing file /home/seva/UCU/AutomatedDataPipelines/Homework1/venv/lib/python3.10/site-packages/airflow/example_dags/example_subdag_operator.py for tasks to queue
[2023-11-30T02:33:59.200+0200] {logging_mixin.py:154} INFO - [2023-11-30T02:33:59.199+0200] {dagbag.py:536} INFO - Filling up the DagBag from /home/seva/UCU/AutomatedDataPipelines/Homework1/venv/lib/python3.10/site-packages/airflow/example_dags/example_subdag_operator.py
[2023-11-30T02:33:59.229+0200] {processor.py:839} INFO - DAG(s) dict_keys(['example_subdag_operator.section-1', 'example_subdag_operator.section-2', 'example_subdag_operator']) retrieved from /home/seva/UCU/AutomatedDataPipelines/Homework1/venv/lib/python3.10/site-packages/airflow/example_dags/example_subdag_operator.py
[2023-11-30T02:33:59.247+0200] {logging_mixin.py:154} INFO - [2023-11-30T02:33:59.247+0200] {dag.py:2941} INFO - Sync 3 DAGs
[2023-11-30T02:33:59.281+0200] {logging_mixin.py:154} INFO - [2023-11-30T02:33:59.281+0200] {dag.py:3722} INFO - Setting next_dagrun for example_subdag_operator to 2022-01-01T00:00:00+00:00, run_after=2022-01-01T00:00:00+00:00
[2023-11-30T02:33:59.287+0200] {logging_mixin.py:154} INFO - [2023-11-30T02:33:59.287+0200] {dag.py:3722} INFO - Setting next_dagrun for example_subdag_operator.section-1 to None, run_after=None
[2023-11-30T02:33:59.289+0200] {logging_mixin.py:154} INFO - [2023-11-30T02:33:59.289+0200] {dag.py:3722} INFO - Setting next_dagrun for example_subdag_operator.section-2 to None, run_after=None
[2023-11-30T02:33:59.306+0200] {logging_mixin.py:154} INFO - [2023-11-30T02:33:59.305+0200] {dag.py:2941} INFO - Sync 2 DAGs
[2023-11-30T02:33:59.313+0200] {logging_mixin.py:154} INFO - [2023-11-30T02:33:59.313+0200] {dag.py:3722} INFO - Setting next_dagrun for example_subdag_operator.section-1 to None, run_after=None
[2023-11-30T02:33:59.314+0200] {logging_mixin.py:154} INFO - [2023-11-30T02:33:59.314+0200] {dag.py:3722} INFO - Setting next_dagrun for example_subdag_operator.section-2 to None, run_after=None
[2023-11-30T02:33:59.336+0200] {processor.py:179} INFO - Processing /home/seva/UCU/AutomatedDataPipelines/Homework1/venv/lib/python3.10/site-packages/airflow/example_dags/example_subdag_operator.py took 0.156 seconds
[2023-11-30T02:34:50.114+0200] {processor.py:157} INFO - Started process (PID=6208) to work on /home/seva/UCU/AutomatedDataPipelines/Homework1/venv/lib/python3.10/site-packages/airflow/example_dags/example_subdag_operator.py
[2023-11-30T02:34:50.126+0200] {processor.py:829} INFO - Processing file /home/seva/UCU/AutomatedDataPipelines/Homework1/venv/lib/python3.10/site-packages/airflow/example_dags/example_subdag_operator.py for tasks to queue
[2023-11-30T02:34:50.128+0200] {logging_mixin.py:154} INFO - [2023-11-30T02:34:50.127+0200] {dagbag.py:536} INFO - Filling up the DagBag from /home/seva/UCU/AutomatedDataPipelines/Homework1/venv/lib/python3.10/site-packages/airflow/example_dags/example_subdag_operator.py
[2023-11-30T02:34:50.148+0200] {processor.py:839} INFO - DAG(s) dict_keys(['example_subdag_operator.section-1', 'example_subdag_operator.section-2', 'example_subdag_operator']) retrieved from /home/seva/UCU/AutomatedDataPipelines/Homework1/venv/lib/python3.10/site-packages/airflow/example_dags/example_subdag_operator.py
[2023-11-30T02:34:50.165+0200] {logging_mixin.py:154} INFO - [2023-11-30T02:34:50.165+0200] {dag.py:2941} INFO - Sync 3 DAGs
[2023-11-30T02:34:50.186+0200] {logging_mixin.py:154} INFO - [2023-11-30T02:34:50.186+0200] {dag.py:3722} INFO - Setting next_dagrun for example_subdag_operator to 2022-01-01T00:00:00+00:00, run_after=2022-01-01T00:00:00+00:00
[2023-11-30T02:34:50.190+0200] {logging_mixin.py:154} INFO - [2023-11-30T02:34:50.190+0200] {dag.py:3722} INFO - Setting next_dagrun for example_subdag_operator.section-1 to None, run_after=None
[2023-11-30T02:34:50.191+0200] {logging_mixin.py:154} INFO - [2023-11-30T02:34:50.191+0200] {dag.py:3722} INFO - Setting next_dagrun for example_subdag_operator.section-2 to None, run_after=None
[2023-11-30T02:34:50.199+0200] {logging_mixin.py:154} INFO - [2023-11-30T02:34:50.198+0200] {dag.py:2941} INFO - Sync 2 DAGs
[2023-11-30T02:34:50.204+0200] {logging_mixin.py:154} INFO - [2023-11-30T02:34:50.203+0200] {dag.py:3722} INFO - Setting next_dagrun for example_subdag_operator.section-1 to None, run_after=None
[2023-11-30T02:34:50.204+0200] {logging_mixin.py:154} INFO - [2023-11-30T02:34:50.204+0200] {dag.py:3722} INFO - Setting next_dagrun for example_subdag_operator.section-2 to None, run_after=None
[2023-11-30T02:34:50.220+0200] {processor.py:179} INFO - Processing /home/seva/UCU/AutomatedDataPipelines/Homework1/venv/lib/python3.10/site-packages/airflow/example_dags/example_subdag_operator.py took 0.109 seconds
[2023-11-30T02:35:35.590+0200] {processor.py:157} INFO - Started process (PID=6389) to work on /home/seva/UCU/AutomatedDataPipelines/Homework1/venv/lib/python3.10/site-packages/airflow/example_dags/example_subdag_operator.py
[2023-11-30T02:35:35.602+0200] {processor.py:829} INFO - Processing file /home/seva/UCU/AutomatedDataPipelines/Homework1/venv/lib/python3.10/site-packages/airflow/example_dags/example_subdag_operator.py for tasks to queue
[2023-11-30T02:35:35.604+0200] {logging_mixin.py:154} INFO - [2023-11-30T02:35:35.603+0200] {dagbag.py:536} INFO - Filling up the DagBag from /home/seva/UCU/AutomatedDataPipelines/Homework1/venv/lib/python3.10/site-packages/airflow/example_dags/example_subdag_operator.py
[2023-11-30T02:35:35.627+0200] {processor.py:839} INFO - DAG(s) dict_keys(['example_subdag_operator.section-1', 'example_subdag_operator.section-2', 'example_subdag_operator']) retrieved from /home/seva/UCU/AutomatedDataPipelines/Homework1/venv/lib/python3.10/site-packages/airflow/example_dags/example_subdag_operator.py
[2023-11-30T02:35:35.644+0200] {logging_mixin.py:154} INFO - [2023-11-30T02:35:35.644+0200] {dag.py:2941} INFO - Sync 3 DAGs
[2023-11-30T02:35:35.663+0200] {logging_mixin.py:154} INFO - [2023-11-30T02:35:35.663+0200] {dag.py:3722} INFO - Setting next_dagrun for example_subdag_operator to 2022-01-01T00:00:00+00:00, run_after=2022-01-01T00:00:00+00:00
[2023-11-30T02:35:35.666+0200] {logging_mixin.py:154} INFO - [2023-11-30T02:35:35.666+0200] {dag.py:3722} INFO - Setting next_dagrun for example_subdag_operator.section-1 to None, run_after=None
[2023-11-30T02:35:35.667+0200] {logging_mixin.py:154} INFO - [2023-11-30T02:35:35.667+0200] {dag.py:3722} INFO - Setting next_dagrun for example_subdag_operator.section-2 to None, run_after=None
[2023-11-30T02:35:35.673+0200] {logging_mixin.py:154} INFO - [2023-11-30T02:35:35.673+0200] {dag.py:2941} INFO - Sync 2 DAGs
[2023-11-30T02:35:35.677+0200] {logging_mixin.py:154} INFO - [2023-11-30T02:35:35.676+0200] {dag.py:3722} INFO - Setting next_dagrun for example_subdag_operator.section-1 to None, run_after=None
[2023-11-30T02:35:35.677+0200] {logging_mixin.py:154} INFO - [2023-11-30T02:35:35.677+0200] {dag.py:3722} INFO - Setting next_dagrun for example_subdag_operator.section-2 to None, run_after=None
[2023-11-30T02:35:35.697+0200] {processor.py:179} INFO - Processing /home/seva/UCU/AutomatedDataPipelines/Homework1/venv/lib/python3.10/site-packages/airflow/example_dags/example_subdag_operator.py took 0.112 seconds
[2023-11-30T02:36:20.872+0200] {processor.py:157} INFO - Started process (PID=6572) to work on /home/seva/UCU/AutomatedDataPipelines/Homework1/venv/lib/python3.10/site-packages/airflow/example_dags/example_subdag_operator.py
[2023-11-30T02:36:20.884+0200] {processor.py:829} INFO - Processing file /home/seva/UCU/AutomatedDataPipelines/Homework1/venv/lib/python3.10/site-packages/airflow/example_dags/example_subdag_operator.py for tasks to queue
[2023-11-30T02:36:20.885+0200] {logging_mixin.py:154} INFO - [2023-11-30T02:36:20.885+0200] {dagbag.py:536} INFO - Filling up the DagBag from /home/seva/UCU/AutomatedDataPipelines/Homework1/venv/lib/python3.10/site-packages/airflow/example_dags/example_subdag_operator.py
[2023-11-30T02:36:20.905+0200] {processor.py:839} INFO - DAG(s) dict_keys(['example_subdag_operator.section-1', 'example_subdag_operator.section-2', 'example_subdag_operator']) retrieved from /home/seva/UCU/AutomatedDataPipelines/Homework1/venv/lib/python3.10/site-packages/airflow/example_dags/example_subdag_operator.py
[2023-11-30T02:36:20.920+0200] {logging_mixin.py:154} INFO - [2023-11-30T02:36:20.919+0200] {dag.py:2941} INFO - Sync 3 DAGs
[2023-11-30T02:36:20.937+0200] {logging_mixin.py:154} INFO - [2023-11-30T02:36:20.937+0200] {dag.py:3722} INFO - Setting next_dagrun for example_subdag_operator to 2022-01-01T00:00:00+00:00, run_after=2022-01-01T00:00:00+00:00
[2023-11-30T02:36:20.939+0200] {logging_mixin.py:154} INFO - [2023-11-30T02:36:20.939+0200] {dag.py:3722} INFO - Setting next_dagrun for example_subdag_operator.section-1 to None, run_after=None
[2023-11-30T02:36:20.940+0200] {logging_mixin.py:154} INFO - [2023-11-30T02:36:20.940+0200] {dag.py:3722} INFO - Setting next_dagrun for example_subdag_operator.section-2 to None, run_after=None
[2023-11-30T02:36:20.946+0200] {logging_mixin.py:154} INFO - [2023-11-30T02:36:20.946+0200] {dag.py:2941} INFO - Sync 2 DAGs
[2023-11-30T02:36:20.951+0200] {logging_mixin.py:154} INFO - [2023-11-30T02:36:20.951+0200] {dag.py:3722} INFO - Setting next_dagrun for example_subdag_operator.section-1 to None, run_after=None
[2023-11-30T02:36:20.951+0200] {logging_mixin.py:154} INFO - [2023-11-30T02:36:20.951+0200] {dag.py:3722} INFO - Setting next_dagrun for example_subdag_operator.section-2 to None, run_after=None
[2023-11-30T02:36:20.971+0200] {processor.py:179} INFO - Processing /home/seva/UCU/AutomatedDataPipelines/Homework1/venv/lib/python3.10/site-packages/airflow/example_dags/example_subdag_operator.py took 0.103 seconds
[2023-11-30T02:37:08.979+0200] {processor.py:157} INFO - Started process (PID=6761) to work on /home/seva/UCU/AutomatedDataPipelines/Homework1/venv/lib/python3.10/site-packages/airflow/example_dags/example_subdag_operator.py
[2023-11-30T02:37:08.982+0200] {processor.py:829} INFO - Processing file /home/seva/UCU/AutomatedDataPipelines/Homework1/venv/lib/python3.10/site-packages/airflow/example_dags/example_subdag_operator.py for tasks to queue
[2023-11-30T02:37:08.983+0200] {logging_mixin.py:154} INFO - [2023-11-30T02:37:08.983+0200] {dagbag.py:536} INFO - Filling up the DagBag from /home/seva/UCU/AutomatedDataPipelines/Homework1/venv/lib/python3.10/site-packages/airflow/example_dags/example_subdag_operator.py
[2023-11-30T02:37:09.005+0200] {processor.py:839} INFO - DAG(s) dict_keys(['example_subdag_operator.section-1', 'example_subdag_operator.section-2', 'example_subdag_operator']) retrieved from /home/seva/UCU/AutomatedDataPipelines/Homework1/venv/lib/python3.10/site-packages/airflow/example_dags/example_subdag_operator.py
[2023-11-30T02:37:09.022+0200] {logging_mixin.py:154} INFO - [2023-11-30T02:37:09.022+0200] {dag.py:2941} INFO - Sync 3 DAGs
[2023-11-30T02:37:09.042+0200] {logging_mixin.py:154} INFO - [2023-11-30T02:37:09.042+0200] {dag.py:3722} INFO - Setting next_dagrun for example_subdag_operator to 2022-01-01T00:00:00+00:00, run_after=2022-01-01T00:00:00+00:00
[2023-11-30T02:37:09.046+0200] {logging_mixin.py:154} INFO - [2023-11-30T02:37:09.046+0200] {dag.py:3722} INFO - Setting next_dagrun for example_subdag_operator.section-1 to None, run_after=None
[2023-11-30T02:37:09.047+0200] {logging_mixin.py:154} INFO - [2023-11-30T02:37:09.047+0200] {dag.py:3722} INFO - Setting next_dagrun for example_subdag_operator.section-2 to None, run_after=None
[2023-11-30T02:37:09.053+0200] {logging_mixin.py:154} INFO - [2023-11-30T02:37:09.053+0200] {dag.py:2941} INFO - Sync 2 DAGs
[2023-11-30T02:37:09.057+0200] {logging_mixin.py:154} INFO - [2023-11-30T02:37:09.057+0200] {dag.py:3722} INFO - Setting next_dagrun for example_subdag_operator.section-1 to None, run_after=None
[2023-11-30T02:37:09.058+0200] {logging_mixin.py:154} INFO - [2023-11-30T02:37:09.058+0200] {dag.py:3722} INFO - Setting next_dagrun for example_subdag_operator.section-2 to None, run_after=None
[2023-11-30T02:37:09.076+0200] {processor.py:179} INFO - Processing /home/seva/UCU/AutomatedDataPipelines/Homework1/venv/lib/python3.10/site-packages/airflow/example_dags/example_subdag_operator.py took 0.100 seconds
[2023-11-30T02:37:59.781+0200] {processor.py:157} INFO - Started process (PID=6963) to work on /home/seva/UCU/AutomatedDataPipelines/Homework1/venv/lib/python3.10/site-packages/airflow/example_dags/example_subdag_operator.py
[2023-11-30T02:37:59.783+0200] {processor.py:829} INFO - Processing file /home/seva/UCU/AutomatedDataPipelines/Homework1/venv/lib/python3.10/site-packages/airflow/example_dags/example_subdag_operator.py for tasks to queue
[2023-11-30T02:37:59.784+0200] {logging_mixin.py:154} INFO - [2023-11-30T02:37:59.783+0200] {dagbag.py:536} INFO - Filling up the DagBag from /home/seva/UCU/AutomatedDataPipelines/Homework1/venv/lib/python3.10/site-packages/airflow/example_dags/example_subdag_operator.py
[2023-11-30T02:37:59.802+0200] {processor.py:839} INFO - DAG(s) dict_keys(['example_subdag_operator.section-1', 'example_subdag_operator.section-2', 'example_subdag_operator']) retrieved from /home/seva/UCU/AutomatedDataPipelines/Homework1/venv/lib/python3.10/site-packages/airflow/example_dags/example_subdag_operator.py
[2023-11-30T02:37:59.814+0200] {logging_mixin.py:154} INFO - [2023-11-30T02:37:59.814+0200] {dag.py:2941} INFO - Sync 3 DAGs
[2023-11-30T02:37:59.831+0200] {logging_mixin.py:154} INFO - [2023-11-30T02:37:59.830+0200] {dag.py:3722} INFO - Setting next_dagrun for example_subdag_operator to 2022-01-01T00:00:00+00:00, run_after=2022-01-01T00:00:00+00:00
[2023-11-30T02:37:59.833+0200] {logging_mixin.py:154} INFO - [2023-11-30T02:37:59.833+0200] {dag.py:3722} INFO - Setting next_dagrun for example_subdag_operator.section-1 to None, run_after=None
[2023-11-30T02:37:59.834+0200] {logging_mixin.py:154} INFO - [2023-11-30T02:37:59.834+0200] {dag.py:3722} INFO - Setting next_dagrun for example_subdag_operator.section-2 to None, run_after=None
[2023-11-30T02:37:59.838+0200] {logging_mixin.py:154} INFO - [2023-11-30T02:37:59.838+0200] {dag.py:2941} INFO - Sync 2 DAGs
[2023-11-30T02:37:59.841+0200] {logging_mixin.py:154} INFO - [2023-11-30T02:37:59.841+0200] {dag.py:3722} INFO - Setting next_dagrun for example_subdag_operator.section-1 to None, run_after=None
[2023-11-30T02:37:59.841+0200] {logging_mixin.py:154} INFO - [2023-11-30T02:37:59.841+0200] {dag.py:3722} INFO - Setting next_dagrun for example_subdag_operator.section-2 to None, run_after=None
[2023-11-30T02:37:59.858+0200] {processor.py:179} INFO - Processing /home/seva/UCU/AutomatedDataPipelines/Homework1/venv/lib/python3.10/site-packages/airflow/example_dags/example_subdag_operator.py took 0.081 seconds
[2023-11-30T02:38:53.684+0200] {processor.py:157} INFO - Started process (PID=7362) to work on /home/seva/UCU/AutomatedDataPipelines/Homework1/venv/lib/python3.10/site-packages/airflow/example_dags/example_subdag_operator.py
[2023-11-30T02:38:53.686+0200] {processor.py:829} INFO - Processing file /home/seva/UCU/AutomatedDataPipelines/Homework1/venv/lib/python3.10/site-packages/airflow/example_dags/example_subdag_operator.py for tasks to queue
[2023-11-30T02:38:53.688+0200] {logging_mixin.py:154} INFO - [2023-11-30T02:38:53.687+0200] {dagbag.py:536} INFO - Filling up the DagBag from /home/seva/UCU/AutomatedDataPipelines/Homework1/venv/lib/python3.10/site-packages/airflow/example_dags/example_subdag_operator.py
[2023-11-30T02:38:53.723+0200] {processor.py:839} INFO - DAG(s) dict_keys(['example_subdag_operator.section-1', 'example_subdag_operator.section-2', 'example_subdag_operator']) retrieved from /home/seva/UCU/AutomatedDataPipelines/Homework1/venv/lib/python3.10/site-packages/airflow/example_dags/example_subdag_operator.py
[2023-11-30T02:38:53.746+0200] {logging_mixin.py:154} INFO - [2023-11-30T02:38:53.746+0200] {dag.py:2941} INFO - Sync 3 DAGs
[2023-11-30T02:38:53.771+0200] {logging_mixin.py:154} INFO - [2023-11-30T02:38:53.771+0200] {dag.py:3722} INFO - Setting next_dagrun for example_subdag_operator to 2022-01-01T00:00:00+00:00, run_after=2022-01-01T00:00:00+00:00
[2023-11-30T02:38:53.776+0200] {logging_mixin.py:154} INFO - [2023-11-30T02:38:53.775+0200] {dag.py:3722} INFO - Setting next_dagrun for example_subdag_operator.section-1 to None, run_after=None
[2023-11-30T02:38:53.778+0200] {logging_mixin.py:154} INFO - [2023-11-30T02:38:53.777+0200] {dag.py:3722} INFO - Setting next_dagrun for example_subdag_operator.section-2 to None, run_after=None
[2023-11-30T02:38:53.784+0200] {logging_mixin.py:154} INFO - [2023-11-30T02:38:53.784+0200] {dag.py:2941} INFO - Sync 2 DAGs
[2023-11-30T02:38:53.788+0200] {logging_mixin.py:154} INFO - [2023-11-30T02:38:53.787+0200] {dag.py:3722} INFO - Setting next_dagrun for example_subdag_operator.section-1 to None, run_after=None
[2023-11-30T02:38:53.788+0200] {logging_mixin.py:154} INFO - [2023-11-30T02:38:53.788+0200] {dag.py:3722} INFO - Setting next_dagrun for example_subdag_operator.section-2 to None, run_after=None
[2023-11-30T02:38:53.811+0200] {processor.py:179} INFO - Processing /home/seva/UCU/AutomatedDataPipelines/Homework1/venv/lib/python3.10/site-packages/airflow/example_dags/example_subdag_operator.py took 0.135 seconds
