[2023-11-30T02:14:01.168+0200] {processor.py:157} INFO - Started process (PID=1276) to work on /home/seva/UCU/AutomatedDataPipelines/Homework1/venv/lib/python3.10/site-packages/airflow/example_dags/example_kubernetes_executor.py
[2023-11-30T02:14:01.169+0200] {processor.py:829} INFO - Processing file /home/seva/UCU/AutomatedDataPipelines/Homework1/venv/lib/python3.10/site-packages/airflow/example_dags/example_kubernetes_executor.py for tasks to queue
[2023-11-30T02:14:01.170+0200] {logging_mixin.py:154} INFO - [2023-11-30T02:14:01.170+0200] {dagbag.py:536} INFO - Filling up the DagBag from /home/seva/UCU/AutomatedDataPipelines/Homework1/venv/lib/python3.10/site-packages/airflow/example_dags/example_kubernetes_executor.py
[2023-11-30T02:14:01.173+0200] {logging_mixin.py:154} INFO - [2023-11-30T02:14:01.172+0200] {example_kubernetes_executor.py:38} WARNING - The example_kubernetes_executor example DAG requires the kubernetes provider. Please install it with: pip install apache-airflow[cncf.kubernetes]
[2023-11-30T02:14:01.173+0200] {processor.py:841} WARNING - No viable dags retrieved from /home/seva/UCU/AutomatedDataPipelines/Homework1/venv/lib/python3.10/site-packages/airflow/example_dags/example_kubernetes_executor.py
[2023-11-30T02:14:01.181+0200] {processor.py:179} INFO - Processing /home/seva/UCU/AutomatedDataPipelines/Homework1/venv/lib/python3.10/site-packages/airflow/example_dags/example_kubernetes_executor.py took 0.016 seconds
[2023-11-30T02:14:49.816+0200] {processor.py:157} INFO - Started process (PID=1437) to work on /home/seva/UCU/AutomatedDataPipelines/Homework1/venv/lib/python3.10/site-packages/airflow/example_dags/example_kubernetes_executor.py
[2023-11-30T02:14:49.828+0200] {processor.py:829} INFO - Processing file /home/seva/UCU/AutomatedDataPipelines/Homework1/venv/lib/python3.10/site-packages/airflow/example_dags/example_kubernetes_executor.py for tasks to queue
[2023-11-30T02:14:49.829+0200] {logging_mixin.py:154} INFO - [2023-11-30T02:14:49.829+0200] {dagbag.py:536} INFO - Filling up the DagBag from /home/seva/UCU/AutomatedDataPipelines/Homework1/venv/lib/python3.10/site-packages/airflow/example_dags/example_kubernetes_executor.py
[2023-11-30T02:14:49.833+0200] {logging_mixin.py:154} INFO - [2023-11-30T02:14:49.833+0200] {example_kubernetes_executor.py:38} WARNING - The example_kubernetes_executor example DAG requires the kubernetes provider. Please install it with: pip install apache-airflow[cncf.kubernetes]
[2023-11-30T02:14:49.833+0200] {processor.py:841} WARNING - No viable dags retrieved from /home/seva/UCU/AutomatedDataPipelines/Homework1/venv/lib/python3.10/site-packages/airflow/example_dags/example_kubernetes_executor.py
[2023-11-30T02:14:49.842+0200] {processor.py:179} INFO - Processing /home/seva/UCU/AutomatedDataPipelines/Homework1/venv/lib/python3.10/site-packages/airflow/example_dags/example_kubernetes_executor.py took 0.028 seconds
[2023-11-30T02:15:35.074+0200] {processor.py:157} INFO - Started process (PID=1609) to work on /home/seva/UCU/AutomatedDataPipelines/Homework1/venv/lib/python3.10/site-packages/airflow/example_dags/example_kubernetes_executor.py
[2023-11-30T02:15:35.086+0200] {processor.py:829} INFO - Processing file /home/seva/UCU/AutomatedDataPipelines/Homework1/venv/lib/python3.10/site-packages/airflow/example_dags/example_kubernetes_executor.py for tasks to queue
[2023-11-30T02:15:35.087+0200] {logging_mixin.py:154} INFO - [2023-11-30T02:15:35.086+0200] {dagbag.py:536} INFO - Filling up the DagBag from /home/seva/UCU/AutomatedDataPipelines/Homework1/venv/lib/python3.10/site-packages/airflow/example_dags/example_kubernetes_executor.py
[2023-11-30T02:15:35.091+0200] {logging_mixin.py:154} INFO - [2023-11-30T02:15:35.091+0200] {example_kubernetes_executor.py:38} WARNING - The example_kubernetes_executor example DAG requires the kubernetes provider. Please install it with: pip install apache-airflow[cncf.kubernetes]
[2023-11-30T02:15:35.092+0200] {processor.py:841} WARNING - No viable dags retrieved from /home/seva/UCU/AutomatedDataPipelines/Homework1/venv/lib/python3.10/site-packages/airflow/example_dags/example_kubernetes_executor.py
[2023-11-30T02:15:35.100+0200] {processor.py:179} INFO - Processing /home/seva/UCU/AutomatedDataPipelines/Homework1/venv/lib/python3.10/site-packages/airflow/example_dags/example_kubernetes_executor.py took 0.030 seconds
[2023-11-30T02:16:23.190+0200] {processor.py:157} INFO - Started process (PID=1798) to work on /home/seva/UCU/AutomatedDataPipelines/Homework1/venv/lib/python3.10/site-packages/airflow/example_dags/example_kubernetes_executor.py
[2023-11-30T02:16:23.202+0200] {processor.py:829} INFO - Processing file /home/seva/UCU/AutomatedDataPipelines/Homework1/venv/lib/python3.10/site-packages/airflow/example_dags/example_kubernetes_executor.py for tasks to queue
[2023-11-30T02:16:23.203+0200] {logging_mixin.py:154} INFO - [2023-11-30T02:16:23.202+0200] {dagbag.py:536} INFO - Filling up the DagBag from /home/seva/UCU/AutomatedDataPipelines/Homework1/venv/lib/python3.10/site-packages/airflow/example_dags/example_kubernetes_executor.py
[2023-11-30T02:16:23.206+0200] {logging_mixin.py:154} INFO - [2023-11-30T02:16:23.206+0200] {example_kubernetes_executor.py:38} WARNING - The example_kubernetes_executor example DAG requires the kubernetes provider. Please install it with: pip install apache-airflow[cncf.kubernetes]
[2023-11-30T02:16:23.206+0200] {processor.py:841} WARNING - No viable dags retrieved from /home/seva/UCU/AutomatedDataPipelines/Homework1/venv/lib/python3.10/site-packages/airflow/example_dags/example_kubernetes_executor.py
[2023-11-30T02:16:23.215+0200] {processor.py:179} INFO - Processing /home/seva/UCU/AutomatedDataPipelines/Homework1/venv/lib/python3.10/site-packages/airflow/example_dags/example_kubernetes_executor.py took 0.028 seconds
[2023-11-30T02:17:06.524+0200] {processor.py:157} INFO - Started process (PID=1973) to work on /home/seva/UCU/AutomatedDataPipelines/Homework1/venv/lib/python3.10/site-packages/airflow/example_dags/example_kubernetes_executor.py
[2023-11-30T02:17:06.536+0200] {processor.py:829} INFO - Processing file /home/seva/UCU/AutomatedDataPipelines/Homework1/venv/lib/python3.10/site-packages/airflow/example_dags/example_kubernetes_executor.py for tasks to queue
[2023-11-30T02:17:06.537+0200] {logging_mixin.py:154} INFO - [2023-11-30T02:17:06.537+0200] {dagbag.py:536} INFO - Filling up the DagBag from /home/seva/UCU/AutomatedDataPipelines/Homework1/venv/lib/python3.10/site-packages/airflow/example_dags/example_kubernetes_executor.py
[2023-11-30T02:17:06.540+0200] {logging_mixin.py:154} INFO - [2023-11-30T02:17:06.540+0200] {example_kubernetes_executor.py:38} WARNING - The example_kubernetes_executor example DAG requires the kubernetes provider. Please install it with: pip install apache-airflow[cncf.kubernetes]
[2023-11-30T02:17:06.540+0200] {processor.py:841} WARNING - No viable dags retrieved from /home/seva/UCU/AutomatedDataPipelines/Homework1/venv/lib/python3.10/site-packages/airflow/example_dags/example_kubernetes_executor.py
[2023-11-30T02:17:06.552+0200] {processor.py:179} INFO - Processing /home/seva/UCU/AutomatedDataPipelines/Homework1/venv/lib/python3.10/site-packages/airflow/example_dags/example_kubernetes_executor.py took 0.030 seconds
[2023-11-30T02:17:50.517+0200] {processor.py:157} INFO - Started process (PID=2156) to work on /home/seva/UCU/AutomatedDataPipelines/Homework1/venv/lib/python3.10/site-packages/airflow/example_dags/example_kubernetes_executor.py
[2023-11-30T02:17:50.519+0200] {processor.py:829} INFO - Processing file /home/seva/UCU/AutomatedDataPipelines/Homework1/venv/lib/python3.10/site-packages/airflow/example_dags/example_kubernetes_executor.py for tasks to queue
[2023-11-30T02:17:50.520+0200] {logging_mixin.py:154} INFO - [2023-11-30T02:17:50.519+0200] {dagbag.py:536} INFO - Filling up the DagBag from /home/seva/UCU/AutomatedDataPipelines/Homework1/venv/lib/python3.10/site-packages/airflow/example_dags/example_kubernetes_executor.py
[2023-11-30T02:17:50.523+0200] {logging_mixin.py:154} INFO - [2023-11-30T02:17:50.523+0200] {example_kubernetes_executor.py:38} WARNING - The example_kubernetes_executor example DAG requires the kubernetes provider. Please install it with: pip install apache-airflow[cncf.kubernetes]
[2023-11-30T02:17:50.523+0200] {processor.py:841} WARNING - No viable dags retrieved from /home/seva/UCU/AutomatedDataPipelines/Homework1/venv/lib/python3.10/site-packages/airflow/example_dags/example_kubernetes_executor.py
[2023-11-30T02:17:50.533+0200] {processor.py:179} INFO - Processing /home/seva/UCU/AutomatedDataPipelines/Homework1/venv/lib/python3.10/site-packages/airflow/example_dags/example_kubernetes_executor.py took 0.018 seconds
[2023-11-30T02:18:32.462+0200] {processor.py:157} INFO - Started process (PID=2322) to work on /home/seva/UCU/AutomatedDataPipelines/Homework1/venv/lib/python3.10/site-packages/airflow/example_dags/example_kubernetes_executor.py
[2023-11-30T02:18:32.464+0200] {processor.py:829} INFO - Processing file /home/seva/UCU/AutomatedDataPipelines/Homework1/venv/lib/python3.10/site-packages/airflow/example_dags/example_kubernetes_executor.py for tasks to queue
[2023-11-30T02:18:32.465+0200] {logging_mixin.py:154} INFO - [2023-11-30T02:18:32.464+0200] {dagbag.py:536} INFO - Filling up the DagBag from /home/seva/UCU/AutomatedDataPipelines/Homework1/venv/lib/python3.10/site-packages/airflow/example_dags/example_kubernetes_executor.py
[2023-11-30T02:18:32.467+0200] {logging_mixin.py:154} INFO - [2023-11-30T02:18:32.467+0200] {example_kubernetes_executor.py:38} WARNING - The example_kubernetes_executor example DAG requires the kubernetes provider. Please install it with: pip install apache-airflow[cncf.kubernetes]
[2023-11-30T02:18:32.468+0200] {processor.py:841} WARNING - No viable dags retrieved from /home/seva/UCU/AutomatedDataPipelines/Homework1/venv/lib/python3.10/site-packages/airflow/example_dags/example_kubernetes_executor.py
[2023-11-30T02:18:32.476+0200] {processor.py:179} INFO - Processing /home/seva/UCU/AutomatedDataPipelines/Homework1/venv/lib/python3.10/site-packages/airflow/example_dags/example_kubernetes_executor.py took 0.018 seconds
[2023-11-30T02:19:18.275+0200] {processor.py:157} INFO - Started process (PID=2500) to work on /home/seva/UCU/AutomatedDataPipelines/Homework1/venv/lib/python3.10/site-packages/airflow/example_dags/example_kubernetes_executor.py
[2023-11-30T02:19:18.287+0200] {processor.py:829} INFO - Processing file /home/seva/UCU/AutomatedDataPipelines/Homework1/venv/lib/python3.10/site-packages/airflow/example_dags/example_kubernetes_executor.py for tasks to queue
[2023-11-30T02:19:18.288+0200] {logging_mixin.py:154} INFO - [2023-11-30T02:19:18.288+0200] {dagbag.py:536} INFO - Filling up the DagBag from /home/seva/UCU/AutomatedDataPipelines/Homework1/venv/lib/python3.10/site-packages/airflow/example_dags/example_kubernetes_executor.py
[2023-11-30T02:19:18.292+0200] {logging_mixin.py:154} INFO - [2023-11-30T02:19:18.292+0200] {example_kubernetes_executor.py:38} WARNING - The example_kubernetes_executor example DAG requires the kubernetes provider. Please install it with: pip install apache-airflow[cncf.kubernetes]
[2023-11-30T02:19:18.292+0200] {processor.py:841} WARNING - No viable dags retrieved from /home/seva/UCU/AutomatedDataPipelines/Homework1/venv/lib/python3.10/site-packages/airflow/example_dags/example_kubernetes_executor.py
[2023-11-30T02:19:18.301+0200] {processor.py:179} INFO - Processing /home/seva/UCU/AutomatedDataPipelines/Homework1/venv/lib/python3.10/site-packages/airflow/example_dags/example_kubernetes_executor.py took 0.028 seconds
[2023-11-30T02:20:00.556+0200] {processor.py:157} INFO - Started process (PID=2668) to work on /home/seva/UCU/AutomatedDataPipelines/Homework1/venv/lib/python3.10/site-packages/airflow/example_dags/example_kubernetes_executor.py
[2023-11-30T02:20:00.559+0200] {processor.py:829} INFO - Processing file /home/seva/UCU/AutomatedDataPipelines/Homework1/venv/lib/python3.10/site-packages/airflow/example_dags/example_kubernetes_executor.py for tasks to queue
[2023-11-30T02:20:00.560+0200] {logging_mixin.py:154} INFO - [2023-11-30T02:20:00.559+0200] {dagbag.py:536} INFO - Filling up the DagBag from /home/seva/UCU/AutomatedDataPipelines/Homework1/venv/lib/python3.10/site-packages/airflow/example_dags/example_kubernetes_executor.py
[2023-11-30T02:20:00.563+0200] {logging_mixin.py:154} INFO - [2023-11-30T02:20:00.562+0200] {example_kubernetes_executor.py:38} WARNING - The example_kubernetes_executor example DAG requires the kubernetes provider. Please install it with: pip install apache-airflow[cncf.kubernetes]
[2023-11-30T02:20:00.563+0200] {processor.py:841} WARNING - No viable dags retrieved from /home/seva/UCU/AutomatedDataPipelines/Homework1/venv/lib/python3.10/site-packages/airflow/example_dags/example_kubernetes_executor.py
[2023-11-30T02:20:00.571+0200] {processor.py:179} INFO - Processing /home/seva/UCU/AutomatedDataPipelines/Homework1/venv/lib/python3.10/site-packages/airflow/example_dags/example_kubernetes_executor.py took 0.018 seconds
[2023-11-30T02:20:48.204+0200] {processor.py:157} INFO - Started process (PID=2853) to work on /home/seva/UCU/AutomatedDataPipelines/Homework1/venv/lib/python3.10/site-packages/airflow/example_dags/example_kubernetes_executor.py
[2023-11-30T02:20:48.215+0200] {processor.py:829} INFO - Processing file /home/seva/UCU/AutomatedDataPipelines/Homework1/venv/lib/python3.10/site-packages/airflow/example_dags/example_kubernetes_executor.py for tasks to queue
[2023-11-30T02:20:48.216+0200] {logging_mixin.py:154} INFO - [2023-11-30T02:20:48.216+0200] {dagbag.py:536} INFO - Filling up the DagBag from /home/seva/UCU/AutomatedDataPipelines/Homework1/venv/lib/python3.10/site-packages/airflow/example_dags/example_kubernetes_executor.py
[2023-11-30T02:20:48.220+0200] {logging_mixin.py:154} INFO - [2023-11-30T02:20:48.220+0200] {example_kubernetes_executor.py:38} WARNING - The example_kubernetes_executor example DAG requires the kubernetes provider. Please install it with: pip install apache-airflow[cncf.kubernetes]
[2023-11-30T02:20:48.220+0200] {processor.py:841} WARNING - No viable dags retrieved from /home/seva/UCU/AutomatedDataPipelines/Homework1/venv/lib/python3.10/site-packages/airflow/example_dags/example_kubernetes_executor.py
[2023-11-30T02:20:48.229+0200] {processor.py:179} INFO - Processing /home/seva/UCU/AutomatedDataPipelines/Homework1/venv/lib/python3.10/site-packages/airflow/example_dags/example_kubernetes_executor.py took 0.029 seconds
[2023-11-30T02:21:32.553+0200] {processor.py:157} INFO - Started process (PID=3032) to work on /home/seva/UCU/AutomatedDataPipelines/Homework1/venv/lib/python3.10/site-packages/airflow/example_dags/example_kubernetes_executor.py
[2023-11-30T02:21:32.565+0200] {processor.py:829} INFO - Processing file /home/seva/UCU/AutomatedDataPipelines/Homework1/venv/lib/python3.10/site-packages/airflow/example_dags/example_kubernetes_executor.py for tasks to queue
[2023-11-30T02:21:32.566+0200] {logging_mixin.py:154} INFO - [2023-11-30T02:21:32.565+0200] {dagbag.py:536} INFO - Filling up the DagBag from /home/seva/UCU/AutomatedDataPipelines/Homework1/venv/lib/python3.10/site-packages/airflow/example_dags/example_kubernetes_executor.py
[2023-11-30T02:21:32.569+0200] {logging_mixin.py:154} INFO - [2023-11-30T02:21:32.569+0200] {example_kubernetes_executor.py:38} WARNING - The example_kubernetes_executor example DAG requires the kubernetes provider. Please install it with: pip install apache-airflow[cncf.kubernetes]
[2023-11-30T02:21:32.569+0200] {processor.py:841} WARNING - No viable dags retrieved from /home/seva/UCU/AutomatedDataPipelines/Homework1/venv/lib/python3.10/site-packages/airflow/example_dags/example_kubernetes_executor.py
[2023-11-30T02:21:32.578+0200] {processor.py:179} INFO - Processing /home/seva/UCU/AutomatedDataPipelines/Homework1/venv/lib/python3.10/site-packages/airflow/example_dags/example_kubernetes_executor.py took 0.029 seconds
[2023-11-30T02:22:14.409+0200] {processor.py:157} INFO - Started process (PID=3199) to work on /home/seva/UCU/AutomatedDataPipelines/Homework1/venv/lib/python3.10/site-packages/airflow/example_dags/example_kubernetes_executor.py
[2023-11-30T02:22:14.421+0200] {processor.py:829} INFO - Processing file /home/seva/UCU/AutomatedDataPipelines/Homework1/venv/lib/python3.10/site-packages/airflow/example_dags/example_kubernetes_executor.py for tasks to queue
[2023-11-30T02:22:14.422+0200] {logging_mixin.py:154} INFO - [2023-11-30T02:22:14.422+0200] {dagbag.py:536} INFO - Filling up the DagBag from /home/seva/UCU/AutomatedDataPipelines/Homework1/venv/lib/python3.10/site-packages/airflow/example_dags/example_kubernetes_executor.py
[2023-11-30T02:22:14.425+0200] {logging_mixin.py:154} INFO - [2023-11-30T02:22:14.425+0200] {example_kubernetes_executor.py:38} WARNING - The example_kubernetes_executor example DAG requires the kubernetes provider. Please install it with: pip install apache-airflow[cncf.kubernetes]
[2023-11-30T02:22:14.425+0200] {processor.py:841} WARNING - No viable dags retrieved from /home/seva/UCU/AutomatedDataPipelines/Homework1/venv/lib/python3.10/site-packages/airflow/example_dags/example_kubernetes_executor.py
[2023-11-30T02:22:14.434+0200] {processor.py:179} INFO - Processing /home/seva/UCU/AutomatedDataPipelines/Homework1/venv/lib/python3.10/site-packages/airflow/example_dags/example_kubernetes_executor.py took 0.029 seconds
[2023-11-30T02:23:01.624+0200] {processor.py:157} INFO - Started process (PID=3385) to work on /home/seva/UCU/AutomatedDataPipelines/Homework1/venv/lib/python3.10/site-packages/airflow/example_dags/example_kubernetes_executor.py
[2023-11-30T02:23:01.636+0200] {processor.py:829} INFO - Processing file /home/seva/UCU/AutomatedDataPipelines/Homework1/venv/lib/python3.10/site-packages/airflow/example_dags/example_kubernetes_executor.py for tasks to queue
[2023-11-30T02:23:01.637+0200] {logging_mixin.py:154} INFO - [2023-11-30T02:23:01.637+0200] {dagbag.py:536} INFO - Filling up the DagBag from /home/seva/UCU/AutomatedDataPipelines/Homework1/venv/lib/python3.10/site-packages/airflow/example_dags/example_kubernetes_executor.py
[2023-11-30T02:23:01.640+0200] {logging_mixin.py:154} INFO - [2023-11-30T02:23:01.640+0200] {example_kubernetes_executor.py:38} WARNING - The example_kubernetes_executor example DAG requires the kubernetes provider. Please install it with: pip install apache-airflow[cncf.kubernetes]
[2023-11-30T02:23:01.640+0200] {processor.py:841} WARNING - No viable dags retrieved from /home/seva/UCU/AutomatedDataPipelines/Homework1/venv/lib/python3.10/site-packages/airflow/example_dags/example_kubernetes_executor.py
[2023-11-30T02:23:01.649+0200] {processor.py:179} INFO - Processing /home/seva/UCU/AutomatedDataPipelines/Homework1/venv/lib/python3.10/site-packages/airflow/example_dags/example_kubernetes_executor.py took 0.028 seconds
[2023-11-30T02:23:45.211+0200] {processor.py:157} INFO - Started process (PID=3557) to work on /home/seva/UCU/AutomatedDataPipelines/Homework1/venv/lib/python3.10/site-packages/airflow/example_dags/example_kubernetes_executor.py
[2023-11-30T02:23:45.223+0200] {processor.py:829} INFO - Processing file /home/seva/UCU/AutomatedDataPipelines/Homework1/venv/lib/python3.10/site-packages/airflow/example_dags/example_kubernetes_executor.py for tasks to queue
[2023-11-30T02:23:45.225+0200] {logging_mixin.py:154} INFO - [2023-11-30T02:23:45.224+0200] {dagbag.py:536} INFO - Filling up the DagBag from /home/seva/UCU/AutomatedDataPipelines/Homework1/venv/lib/python3.10/site-packages/airflow/example_dags/example_kubernetes_executor.py
[2023-11-30T02:23:45.227+0200] {logging_mixin.py:154} INFO - [2023-11-30T02:23:45.227+0200] {example_kubernetes_executor.py:38} WARNING - The example_kubernetes_executor example DAG requires the kubernetes provider. Please install it with: pip install apache-airflow[cncf.kubernetes]
[2023-11-30T02:23:45.227+0200] {processor.py:841} WARNING - No viable dags retrieved from /home/seva/UCU/AutomatedDataPipelines/Homework1/venv/lib/python3.10/site-packages/airflow/example_dags/example_kubernetes_executor.py
[2023-11-30T02:23:45.236+0200] {processor.py:179} INFO - Processing /home/seva/UCU/AutomatedDataPipelines/Homework1/venv/lib/python3.10/site-packages/airflow/example_dags/example_kubernetes_executor.py took 0.027 seconds
[2023-11-30T02:24:32.914+0200] {processor.py:157} INFO - Started process (PID=3744) to work on /home/seva/UCU/AutomatedDataPipelines/Homework1/venv/lib/python3.10/site-packages/airflow/example_dags/example_kubernetes_executor.py
[2023-11-30T02:24:32.926+0200] {processor.py:829} INFO - Processing file /home/seva/UCU/AutomatedDataPipelines/Homework1/venv/lib/python3.10/site-packages/airflow/example_dags/example_kubernetes_executor.py for tasks to queue
[2023-11-30T02:24:32.927+0200] {logging_mixin.py:154} INFO - [2023-11-30T02:24:32.927+0200] {dagbag.py:536} INFO - Filling up the DagBag from /home/seva/UCU/AutomatedDataPipelines/Homework1/venv/lib/python3.10/site-packages/airflow/example_dags/example_kubernetes_executor.py
[2023-11-30T02:24:32.930+0200] {logging_mixin.py:154} INFO - [2023-11-30T02:24:32.930+0200] {example_kubernetes_executor.py:38} WARNING - The example_kubernetes_executor example DAG requires the kubernetes provider. Please install it with: pip install apache-airflow[cncf.kubernetes]
[2023-11-30T02:24:32.931+0200] {processor.py:841} WARNING - No viable dags retrieved from /home/seva/UCU/AutomatedDataPipelines/Homework1/venv/lib/python3.10/site-packages/airflow/example_dags/example_kubernetes_executor.py
[2023-11-30T02:24:32.940+0200] {processor.py:179} INFO - Processing /home/seva/UCU/AutomatedDataPipelines/Homework1/venv/lib/python3.10/site-packages/airflow/example_dags/example_kubernetes_executor.py took 0.029 seconds
[2023-11-30T02:25:21.217+0200] {processor.py:157} INFO - Started process (PID=3938) to work on /home/seva/UCU/AutomatedDataPipelines/Homework1/venv/lib/python3.10/site-packages/airflow/example_dags/example_kubernetes_executor.py
[2023-11-30T02:25:21.229+0200] {processor.py:829} INFO - Processing file /home/seva/UCU/AutomatedDataPipelines/Homework1/venv/lib/python3.10/site-packages/airflow/example_dags/example_kubernetes_executor.py for tasks to queue
[2023-11-30T02:25:21.229+0200] {logging_mixin.py:154} INFO - [2023-11-30T02:25:21.229+0200] {dagbag.py:536} INFO - Filling up the DagBag from /home/seva/UCU/AutomatedDataPipelines/Homework1/venv/lib/python3.10/site-packages/airflow/example_dags/example_kubernetes_executor.py
[2023-11-30T02:25:21.232+0200] {logging_mixin.py:154} INFO - [2023-11-30T02:25:21.232+0200] {example_kubernetes_executor.py:38} WARNING - The example_kubernetes_executor example DAG requires the kubernetes provider. Please install it with: pip install apache-airflow[cncf.kubernetes]
[2023-11-30T02:25:21.233+0200] {processor.py:841} WARNING - No viable dags retrieved from /home/seva/UCU/AutomatedDataPipelines/Homework1/venv/lib/python3.10/site-packages/airflow/example_dags/example_kubernetes_executor.py
[2023-11-30T02:25:21.241+0200] {processor.py:179} INFO - Processing /home/seva/UCU/AutomatedDataPipelines/Homework1/venv/lib/python3.10/site-packages/airflow/example_dags/example_kubernetes_executor.py took 0.028 seconds
[2023-11-30T02:26:02.484+0200] {processor.py:157} INFO - Started process (PID=4101) to work on /home/seva/UCU/AutomatedDataPipelines/Homework1/venv/lib/python3.10/site-packages/airflow/example_dags/example_kubernetes_executor.py
[2023-11-30T02:26:02.496+0200] {processor.py:829} INFO - Processing file /home/seva/UCU/AutomatedDataPipelines/Homework1/venv/lib/python3.10/site-packages/airflow/example_dags/example_kubernetes_executor.py for tasks to queue
[2023-11-30T02:26:02.497+0200] {logging_mixin.py:154} INFO - [2023-11-30T02:26:02.496+0200] {dagbag.py:536} INFO - Filling up the DagBag from /home/seva/UCU/AutomatedDataPipelines/Homework1/venv/lib/python3.10/site-packages/airflow/example_dags/example_kubernetes_executor.py
[2023-11-30T02:26:02.499+0200] {logging_mixin.py:154} INFO - [2023-11-30T02:26:02.499+0200] {example_kubernetes_executor.py:38} WARNING - The example_kubernetes_executor example DAG requires the kubernetes provider. Please install it with: pip install apache-airflow[cncf.kubernetes]
[2023-11-30T02:26:02.499+0200] {processor.py:841} WARNING - No viable dags retrieved from /home/seva/UCU/AutomatedDataPipelines/Homework1/venv/lib/python3.10/site-packages/airflow/example_dags/example_kubernetes_executor.py
[2023-11-30T02:26:02.508+0200] {processor.py:179} INFO - Processing /home/seva/UCU/AutomatedDataPipelines/Homework1/venv/lib/python3.10/site-packages/airflow/example_dags/example_kubernetes_executor.py took 0.027 seconds
[2023-11-30T02:26:52.957+0200] {processor.py:157} INFO - Started process (PID=4295) to work on /home/seva/UCU/AutomatedDataPipelines/Homework1/venv/lib/python3.10/site-packages/airflow/example_dags/example_kubernetes_executor.py
[2023-11-30T02:26:52.969+0200] {processor.py:829} INFO - Processing file /home/seva/UCU/AutomatedDataPipelines/Homework1/venv/lib/python3.10/site-packages/airflow/example_dags/example_kubernetes_executor.py for tasks to queue
[2023-11-30T02:26:52.970+0200] {logging_mixin.py:154} INFO - [2023-11-30T02:26:52.970+0200] {dagbag.py:536} INFO - Filling up the DagBag from /home/seva/UCU/AutomatedDataPipelines/Homework1/venv/lib/python3.10/site-packages/airflow/example_dags/example_kubernetes_executor.py
[2023-11-30T02:26:52.973+0200] {logging_mixin.py:154} INFO - [2023-11-30T02:26:52.973+0200] {example_kubernetes_executor.py:38} WARNING - The example_kubernetes_executor example DAG requires the kubernetes provider. Please install it with: pip install apache-airflow[cncf.kubernetes]
[2023-11-30T02:26:52.973+0200] {processor.py:841} WARNING - No viable dags retrieved from /home/seva/UCU/AutomatedDataPipelines/Homework1/venv/lib/python3.10/site-packages/airflow/example_dags/example_kubernetes_executor.py
[2023-11-30T02:26:52.982+0200] {processor.py:179} INFO - Processing /home/seva/UCU/AutomatedDataPipelines/Homework1/venv/lib/python3.10/site-packages/airflow/example_dags/example_kubernetes_executor.py took 0.028 seconds
[2023-11-30T02:27:42.748+0200] {processor.py:157} INFO - Started process (PID=4491) to work on /home/seva/UCU/AutomatedDataPipelines/Homework1/venv/lib/python3.10/site-packages/airflow/example_dags/example_kubernetes_executor.py
[2023-11-30T02:27:42.761+0200] {processor.py:829} INFO - Processing file /home/seva/UCU/AutomatedDataPipelines/Homework1/venv/lib/python3.10/site-packages/airflow/example_dags/example_kubernetes_executor.py for tasks to queue
[2023-11-30T02:27:42.762+0200] {logging_mixin.py:154} INFO - [2023-11-30T02:27:42.761+0200] {dagbag.py:536} INFO - Filling up the DagBag from /home/seva/UCU/AutomatedDataPipelines/Homework1/venv/lib/python3.10/site-packages/airflow/example_dags/example_kubernetes_executor.py
[2023-11-30T02:27:42.765+0200] {logging_mixin.py:154} INFO - [2023-11-30T02:27:42.765+0200] {example_kubernetes_executor.py:38} WARNING - The example_kubernetes_executor example DAG requires the kubernetes provider. Please install it with: pip install apache-airflow[cncf.kubernetes]
[2023-11-30T02:27:42.765+0200] {processor.py:841} WARNING - No viable dags retrieved from /home/seva/UCU/AutomatedDataPipelines/Homework1/venv/lib/python3.10/site-packages/airflow/example_dags/example_kubernetes_executor.py
[2023-11-30T02:27:42.773+0200] {processor.py:179} INFO - Processing /home/seva/UCU/AutomatedDataPipelines/Homework1/venv/lib/python3.10/site-packages/airflow/example_dags/example_kubernetes_executor.py took 0.028 seconds
[2023-11-30T02:28:27.141+0200] {processor.py:157} INFO - Started process (PID=4670) to work on /home/seva/UCU/AutomatedDataPipelines/Homework1/venv/lib/python3.10/site-packages/airflow/example_dags/example_kubernetes_executor.py
[2023-11-30T02:28:27.153+0200] {processor.py:829} INFO - Processing file /home/seva/UCU/AutomatedDataPipelines/Homework1/venv/lib/python3.10/site-packages/airflow/example_dags/example_kubernetes_executor.py for tasks to queue
[2023-11-30T02:28:27.154+0200] {logging_mixin.py:154} INFO - [2023-11-30T02:28:27.153+0200] {dagbag.py:536} INFO - Filling up the DagBag from /home/seva/UCU/AutomatedDataPipelines/Homework1/venv/lib/python3.10/site-packages/airflow/example_dags/example_kubernetes_executor.py
[2023-11-30T02:28:27.157+0200] {logging_mixin.py:154} INFO - [2023-11-30T02:28:27.157+0200] {example_kubernetes_executor.py:38} WARNING - The example_kubernetes_executor example DAG requires the kubernetes provider. Please install it with: pip install apache-airflow[cncf.kubernetes]
[2023-11-30T02:28:27.157+0200] {processor.py:841} WARNING - No viable dags retrieved from /home/seva/UCU/AutomatedDataPipelines/Homework1/venv/lib/python3.10/site-packages/airflow/example_dags/example_kubernetes_executor.py
[2023-11-30T02:28:27.166+0200] {processor.py:179} INFO - Processing /home/seva/UCU/AutomatedDataPipelines/Homework1/venv/lib/python3.10/site-packages/airflow/example_dags/example_kubernetes_executor.py took 0.027 seconds
[2023-11-30T02:29:11.386+0200] {processor.py:157} INFO - Started process (PID=4842) to work on /home/seva/UCU/AutomatedDataPipelines/Homework1/venv/lib/python3.10/site-packages/airflow/example_dags/example_kubernetes_executor.py
[2023-11-30T02:29:11.389+0200] {processor.py:829} INFO - Processing file /home/seva/UCU/AutomatedDataPipelines/Homework1/venv/lib/python3.10/site-packages/airflow/example_dags/example_kubernetes_executor.py for tasks to queue
[2023-11-30T02:29:11.391+0200] {logging_mixin.py:154} INFO - [2023-11-30T02:29:11.390+0200] {dagbag.py:536} INFO - Filling up the DagBag from /home/seva/UCU/AutomatedDataPipelines/Homework1/venv/lib/python3.10/site-packages/airflow/example_dags/example_kubernetes_executor.py
[2023-11-30T02:29:11.396+0200] {logging_mixin.py:154} INFO - [2023-11-30T02:29:11.396+0200] {example_kubernetes_executor.py:38} WARNING - The example_kubernetes_executor example DAG requires the kubernetes provider. Please install it with: pip install apache-airflow[cncf.kubernetes]
[2023-11-30T02:29:11.396+0200] {processor.py:841} WARNING - No viable dags retrieved from /home/seva/UCU/AutomatedDataPipelines/Homework1/venv/lib/python3.10/site-packages/airflow/example_dags/example_kubernetes_executor.py
[2023-11-30T02:29:11.412+0200] {processor.py:179} INFO - Processing /home/seva/UCU/AutomatedDataPipelines/Homework1/venv/lib/python3.10/site-packages/airflow/example_dags/example_kubernetes_executor.py took 0.032 seconds
[2023-11-30T02:29:54.320+0200] {processor.py:157} INFO - Started process (PID=5016) to work on /home/seva/UCU/AutomatedDataPipelines/Homework1/venv/lib/python3.10/site-packages/airflow/example_dags/example_kubernetes_executor.py
[2023-11-30T02:29:54.331+0200] {processor.py:829} INFO - Processing file /home/seva/UCU/AutomatedDataPipelines/Homework1/venv/lib/python3.10/site-packages/airflow/example_dags/example_kubernetes_executor.py for tasks to queue
[2023-11-30T02:29:54.332+0200] {logging_mixin.py:154} INFO - [2023-11-30T02:29:54.332+0200] {dagbag.py:536} INFO - Filling up the DagBag from /home/seva/UCU/AutomatedDataPipelines/Homework1/venv/lib/python3.10/site-packages/airflow/example_dags/example_kubernetes_executor.py
[2023-11-30T02:29:54.335+0200] {logging_mixin.py:154} INFO - [2023-11-30T02:29:54.335+0200] {example_kubernetes_executor.py:38} WARNING - The example_kubernetes_executor example DAG requires the kubernetes provider. Please install it with: pip install apache-airflow[cncf.kubernetes]
[2023-11-30T02:29:54.335+0200] {processor.py:841} WARNING - No viable dags retrieved from /home/seva/UCU/AutomatedDataPipelines/Homework1/venv/lib/python3.10/site-packages/airflow/example_dags/example_kubernetes_executor.py
[2023-11-30T02:29:54.344+0200] {processor.py:179} INFO - Processing /home/seva/UCU/AutomatedDataPipelines/Homework1/venv/lib/python3.10/site-packages/airflow/example_dags/example_kubernetes_executor.py took 0.027 seconds
[2023-11-30T02:30:40.580+0200] {processor.py:157} INFO - Started process (PID=5196) to work on /home/seva/UCU/AutomatedDataPipelines/Homework1/venv/lib/python3.10/site-packages/airflow/example_dags/example_kubernetes_executor.py
[2023-11-30T02:30:40.592+0200] {processor.py:829} INFO - Processing file /home/seva/UCU/AutomatedDataPipelines/Homework1/venv/lib/python3.10/site-packages/airflow/example_dags/example_kubernetes_executor.py for tasks to queue
[2023-11-30T02:30:40.593+0200] {logging_mixin.py:154} INFO - [2023-11-30T02:30:40.593+0200] {dagbag.py:536} INFO - Filling up the DagBag from /home/seva/UCU/AutomatedDataPipelines/Homework1/venv/lib/python3.10/site-packages/airflow/example_dags/example_kubernetes_executor.py
[2023-11-30T02:30:40.597+0200] {logging_mixin.py:154} INFO - [2023-11-30T02:30:40.597+0200] {example_kubernetes_executor.py:38} WARNING - The example_kubernetes_executor example DAG requires the kubernetes provider. Please install it with: pip install apache-airflow[cncf.kubernetes]
[2023-11-30T02:30:40.597+0200] {processor.py:841} WARNING - No viable dags retrieved from /home/seva/UCU/AutomatedDataPipelines/Homework1/venv/lib/python3.10/site-packages/airflow/example_dags/example_kubernetes_executor.py
[2023-11-30T02:30:40.606+0200] {processor.py:179} INFO - Processing /home/seva/UCU/AutomatedDataPipelines/Homework1/venv/lib/python3.10/site-packages/airflow/example_dags/example_kubernetes_executor.py took 0.028 seconds
[2023-11-30T02:31:28.076+0200] {processor.py:157} INFO - Started process (PID=5382) to work on /home/seva/UCU/AutomatedDataPipelines/Homework1/venv/lib/python3.10/site-packages/airflow/example_dags/example_kubernetes_executor.py
[2023-11-30T02:31:28.088+0200] {processor.py:829} INFO - Processing file /home/seva/UCU/AutomatedDataPipelines/Homework1/venv/lib/python3.10/site-packages/airflow/example_dags/example_kubernetes_executor.py for tasks to queue
[2023-11-30T02:31:28.089+0200] {logging_mixin.py:154} INFO - [2023-11-30T02:31:28.088+0200] {dagbag.py:536} INFO - Filling up the DagBag from /home/seva/UCU/AutomatedDataPipelines/Homework1/venv/lib/python3.10/site-packages/airflow/example_dags/example_kubernetes_executor.py
[2023-11-30T02:31:28.092+0200] {logging_mixin.py:154} INFO - [2023-11-30T02:31:28.092+0200] {example_kubernetes_executor.py:38} WARNING - The example_kubernetes_executor example DAG requires the kubernetes provider. Please install it with: pip install apache-airflow[cncf.kubernetes]
[2023-11-30T02:31:28.092+0200] {processor.py:841} WARNING - No viable dags retrieved from /home/seva/UCU/AutomatedDataPipelines/Homework1/venv/lib/python3.10/site-packages/airflow/example_dags/example_kubernetes_executor.py
[2023-11-30T02:31:28.101+0200] {processor.py:179} INFO - Processing /home/seva/UCU/AutomatedDataPipelines/Homework1/venv/lib/python3.10/site-packages/airflow/example_dags/example_kubernetes_executor.py took 0.027 seconds
[2023-11-30T02:32:12.067+0200] {processor.py:157} INFO - Started process (PID=5556) to work on /home/seva/UCU/AutomatedDataPipelines/Homework1/venv/lib/python3.10/site-packages/airflow/example_dags/example_kubernetes_executor.py
[2023-11-30T02:32:12.069+0200] {processor.py:829} INFO - Processing file /home/seva/UCU/AutomatedDataPipelines/Homework1/venv/lib/python3.10/site-packages/airflow/example_dags/example_kubernetes_executor.py for tasks to queue
[2023-11-30T02:32:12.070+0200] {logging_mixin.py:154} INFO - [2023-11-30T02:32:12.070+0200] {dagbag.py:536} INFO - Filling up the DagBag from /home/seva/UCU/AutomatedDataPipelines/Homework1/venv/lib/python3.10/site-packages/airflow/example_dags/example_kubernetes_executor.py
[2023-11-30T02:32:12.073+0200] {logging_mixin.py:154} INFO - [2023-11-30T02:32:12.073+0200] {example_kubernetes_executor.py:38} WARNING - The example_kubernetes_executor example DAG requires the kubernetes provider. Please install it with: pip install apache-airflow[cncf.kubernetes]
[2023-11-30T02:32:12.073+0200] {processor.py:841} WARNING - No viable dags retrieved from /home/seva/UCU/AutomatedDataPipelines/Homework1/venv/lib/python3.10/site-packages/airflow/example_dags/example_kubernetes_executor.py
[2023-11-30T02:32:12.084+0200] {processor.py:179} INFO - Processing /home/seva/UCU/AutomatedDataPipelines/Homework1/venv/lib/python3.10/site-packages/airflow/example_dags/example_kubernetes_executor.py took 0.021 seconds
[2023-11-30T02:32:58.768+0200] {processor.py:157} INFO - Started process (PID=5770) to work on /home/seva/UCU/AutomatedDataPipelines/Homework1/venv/lib/python3.10/site-packages/airflow/example_dags/example_kubernetes_executor.py
[2023-11-30T02:32:58.781+0200] {processor.py:829} INFO - Processing file /home/seva/UCU/AutomatedDataPipelines/Homework1/venv/lib/python3.10/site-packages/airflow/example_dags/example_kubernetes_executor.py for tasks to queue
[2023-11-30T02:32:58.782+0200] {logging_mixin.py:154} INFO - [2023-11-30T02:32:58.782+0200] {dagbag.py:536} INFO - Filling up the DagBag from /home/seva/UCU/AutomatedDataPipelines/Homework1/venv/lib/python3.10/site-packages/airflow/example_dags/example_kubernetes_executor.py
[2023-11-30T02:32:58.785+0200] {logging_mixin.py:154} INFO - [2023-11-30T02:32:58.785+0200] {example_kubernetes_executor.py:38} WARNING - The example_kubernetes_executor example DAG requires the kubernetes provider. Please install it with: pip install apache-airflow[cncf.kubernetes]
[2023-11-30T02:32:58.786+0200] {processor.py:841} WARNING - No viable dags retrieved from /home/seva/UCU/AutomatedDataPipelines/Homework1/venv/lib/python3.10/site-packages/airflow/example_dags/example_kubernetes_executor.py
[2023-11-30T02:32:58.800+0200] {processor.py:179} INFO - Processing /home/seva/UCU/AutomatedDataPipelines/Homework1/venv/lib/python3.10/site-packages/airflow/example_dags/example_kubernetes_executor.py took 0.035 seconds
[2023-11-30T02:33:46.411+0200] {processor.py:157} INFO - Started process (PID=5956) to work on /home/seva/UCU/AutomatedDataPipelines/Homework1/venv/lib/python3.10/site-packages/airflow/example_dags/example_kubernetes_executor.py
[2023-11-30T02:33:46.423+0200] {processor.py:829} INFO - Processing file /home/seva/UCU/AutomatedDataPipelines/Homework1/venv/lib/python3.10/site-packages/airflow/example_dags/example_kubernetes_executor.py for tasks to queue
[2023-11-30T02:33:46.424+0200] {logging_mixin.py:154} INFO - [2023-11-30T02:33:46.424+0200] {dagbag.py:536} INFO - Filling up the DagBag from /home/seva/UCU/AutomatedDataPipelines/Homework1/venv/lib/python3.10/site-packages/airflow/example_dags/example_kubernetes_executor.py
[2023-11-30T02:33:46.429+0200] {logging_mixin.py:154} INFO - [2023-11-30T02:33:46.429+0200] {example_kubernetes_executor.py:38} WARNING - The example_kubernetes_executor example DAG requires the kubernetes provider. Please install it with: pip install apache-airflow[cncf.kubernetes]
[2023-11-30T02:33:46.429+0200] {processor.py:841} WARNING - No viable dags retrieved from /home/seva/UCU/AutomatedDataPipelines/Homework1/venv/lib/python3.10/site-packages/airflow/example_dags/example_kubernetes_executor.py
[2023-11-30T02:33:46.439+0200] {processor.py:179} INFO - Processing /home/seva/UCU/AutomatedDataPipelines/Homework1/venv/lib/python3.10/site-packages/airflow/example_dags/example_kubernetes_executor.py took 0.033 seconds
[2023-11-30T02:34:35.377+0200] {processor.py:157} INFO - Started process (PID=6152) to work on /home/seva/UCU/AutomatedDataPipelines/Homework1/venv/lib/python3.10/site-packages/airflow/example_dags/example_kubernetes_executor.py
[2023-11-30T02:34:35.379+0200] {processor.py:829} INFO - Processing file /home/seva/UCU/AutomatedDataPipelines/Homework1/venv/lib/python3.10/site-packages/airflow/example_dags/example_kubernetes_executor.py for tasks to queue
[2023-11-30T02:34:35.380+0200] {logging_mixin.py:154} INFO - [2023-11-30T02:34:35.380+0200] {dagbag.py:536} INFO - Filling up the DagBag from /home/seva/UCU/AutomatedDataPipelines/Homework1/venv/lib/python3.10/site-packages/airflow/example_dags/example_kubernetes_executor.py
[2023-11-30T02:34:35.384+0200] {logging_mixin.py:154} INFO - [2023-11-30T02:34:35.384+0200] {example_kubernetes_executor.py:38} WARNING - The example_kubernetes_executor example DAG requires the kubernetes provider. Please install it with: pip install apache-airflow[cncf.kubernetes]
[2023-11-30T02:34:35.384+0200] {processor.py:841} WARNING - No viable dags retrieved from /home/seva/UCU/AutomatedDataPipelines/Homework1/venv/lib/python3.10/site-packages/airflow/example_dags/example_kubernetes_executor.py
[2023-11-30T02:34:35.397+0200] {processor.py:179} INFO - Processing /home/seva/UCU/AutomatedDataPipelines/Homework1/venv/lib/python3.10/site-packages/airflow/example_dags/example_kubernetes_executor.py took 0.024 seconds
[2023-11-30T02:35:24.015+0200] {processor.py:157} INFO - Started process (PID=6347) to work on /home/seva/UCU/AutomatedDataPipelines/Homework1/venv/lib/python3.10/site-packages/airflow/example_dags/example_kubernetes_executor.py
[2023-11-30T02:35:24.017+0200] {processor.py:829} INFO - Processing file /home/seva/UCU/AutomatedDataPipelines/Homework1/venv/lib/python3.10/site-packages/airflow/example_dags/example_kubernetes_executor.py for tasks to queue
[2023-11-30T02:35:24.018+0200] {logging_mixin.py:154} INFO - [2023-11-30T02:35:24.018+0200] {dagbag.py:536} INFO - Filling up the DagBag from /home/seva/UCU/AutomatedDataPipelines/Homework1/venv/lib/python3.10/site-packages/airflow/example_dags/example_kubernetes_executor.py
[2023-11-30T02:35:24.022+0200] {logging_mixin.py:154} INFO - [2023-11-30T02:35:24.021+0200] {example_kubernetes_executor.py:38} WARNING - The example_kubernetes_executor example DAG requires the kubernetes provider. Please install it with: pip install apache-airflow[cncf.kubernetes]
[2023-11-30T02:35:24.022+0200] {processor.py:841} WARNING - No viable dags retrieved from /home/seva/UCU/AutomatedDataPipelines/Homework1/venv/lib/python3.10/site-packages/airflow/example_dags/example_kubernetes_executor.py
[2023-11-30T02:35:24.031+0200] {processor.py:179} INFO - Processing /home/seva/UCU/AutomatedDataPipelines/Homework1/venv/lib/python3.10/site-packages/airflow/example_dags/example_kubernetes_executor.py took 0.019 seconds
[2023-11-30T02:36:09.768+0200] {processor.py:157} INFO - Started process (PID=6530) to work on /home/seva/UCU/AutomatedDataPipelines/Homework1/venv/lib/python3.10/site-packages/airflow/example_dags/example_kubernetes_executor.py
[2023-11-30T02:36:09.779+0200] {processor.py:829} INFO - Processing file /home/seva/UCU/AutomatedDataPipelines/Homework1/venv/lib/python3.10/site-packages/airflow/example_dags/example_kubernetes_executor.py for tasks to queue
[2023-11-30T02:36:09.780+0200] {logging_mixin.py:154} INFO - [2023-11-30T02:36:09.780+0200] {dagbag.py:536} INFO - Filling up the DagBag from /home/seva/UCU/AutomatedDataPipelines/Homework1/venv/lib/python3.10/site-packages/airflow/example_dags/example_kubernetes_executor.py
[2023-11-30T02:36:09.783+0200] {logging_mixin.py:154} INFO - [2023-11-30T02:36:09.783+0200] {example_kubernetes_executor.py:38} WARNING - The example_kubernetes_executor example DAG requires the kubernetes provider. Please install it with: pip install apache-airflow[cncf.kubernetes]
[2023-11-30T02:36:09.783+0200] {processor.py:841} WARNING - No viable dags retrieved from /home/seva/UCU/AutomatedDataPipelines/Homework1/venv/lib/python3.10/site-packages/airflow/example_dags/example_kubernetes_executor.py
[2023-11-30T02:36:09.792+0200] {processor.py:179} INFO - Processing /home/seva/UCU/AutomatedDataPipelines/Homework1/venv/lib/python3.10/site-packages/airflow/example_dags/example_kubernetes_executor.py took 0.027 seconds
[2023-11-30T02:36:54.771+0200] {processor.py:157} INFO - Started process (PID=6709) to work on /home/seva/UCU/AutomatedDataPipelines/Homework1/venv/lib/python3.10/site-packages/airflow/example_dags/example_kubernetes_executor.py
[2023-11-30T02:36:54.783+0200] {processor.py:829} INFO - Processing file /home/seva/UCU/AutomatedDataPipelines/Homework1/venv/lib/python3.10/site-packages/airflow/example_dags/example_kubernetes_executor.py for tasks to queue
[2023-11-30T02:36:54.784+0200] {logging_mixin.py:154} INFO - [2023-11-30T02:36:54.784+0200] {dagbag.py:536} INFO - Filling up the DagBag from /home/seva/UCU/AutomatedDataPipelines/Homework1/venv/lib/python3.10/site-packages/airflow/example_dags/example_kubernetes_executor.py
[2023-11-30T02:36:54.787+0200] {logging_mixin.py:154} INFO - [2023-11-30T02:36:54.787+0200] {example_kubernetes_executor.py:38} WARNING - The example_kubernetes_executor example DAG requires the kubernetes provider. Please install it with: pip install apache-airflow[cncf.kubernetes]
[2023-11-30T02:36:54.787+0200] {processor.py:841} WARNING - No viable dags retrieved from /home/seva/UCU/AutomatedDataPipelines/Homework1/venv/lib/python3.10/site-packages/airflow/example_dags/example_kubernetes_executor.py
[2023-11-30T02:36:54.800+0200] {processor.py:179} INFO - Processing /home/seva/UCU/AutomatedDataPipelines/Homework1/venv/lib/python3.10/site-packages/airflow/example_dags/example_kubernetes_executor.py took 0.033 seconds
[2023-11-30T02:37:44.351+0200] {processor.py:157} INFO - Started process (PID=6901) to work on /home/seva/UCU/AutomatedDataPipelines/Homework1/venv/lib/python3.10/site-packages/airflow/example_dags/example_kubernetes_executor.py
[2023-11-30T02:37:44.353+0200] {processor.py:829} INFO - Processing file /home/seva/UCU/AutomatedDataPipelines/Homework1/venv/lib/python3.10/site-packages/airflow/example_dags/example_kubernetes_executor.py for tasks to queue
[2023-11-30T02:37:44.355+0200] {logging_mixin.py:154} INFO - [2023-11-30T02:37:44.354+0200] {dagbag.py:536} INFO - Filling up the DagBag from /home/seva/UCU/AutomatedDataPipelines/Homework1/venv/lib/python3.10/site-packages/airflow/example_dags/example_kubernetes_executor.py
[2023-11-30T02:37:44.359+0200] {logging_mixin.py:154} INFO - [2023-11-30T02:37:44.359+0200] {example_kubernetes_executor.py:38} WARNING - The example_kubernetes_executor example DAG requires the kubernetes provider. Please install it with: pip install apache-airflow[cncf.kubernetes]
[2023-11-30T02:37:44.360+0200] {processor.py:841} WARNING - No viable dags retrieved from /home/seva/UCU/AutomatedDataPipelines/Homework1/venv/lib/python3.10/site-packages/airflow/example_dags/example_kubernetes_executor.py
[2023-11-30T02:37:44.374+0200] {processor.py:179} INFO - Processing /home/seva/UCU/AutomatedDataPipelines/Homework1/venv/lib/python3.10/site-packages/airflow/example_dags/example_kubernetes_executor.py took 0.029 seconds
[2023-11-30T02:38:38.523+0200] {processor.py:157} INFO - Started process (PID=7260) to work on /home/seva/UCU/AutomatedDataPipelines/Homework1/venv/lib/python3.10/site-packages/airflow/example_dags/example_kubernetes_executor.py
[2023-11-30T02:38:38.535+0200] {processor.py:829} INFO - Processing file /home/seva/UCU/AutomatedDataPipelines/Homework1/venv/lib/python3.10/site-packages/airflow/example_dags/example_kubernetes_executor.py for tasks to queue
[2023-11-30T02:38:38.536+0200] {logging_mixin.py:154} INFO - [2023-11-30T02:38:38.536+0200] {dagbag.py:536} INFO - Filling up the DagBag from /home/seva/UCU/AutomatedDataPipelines/Homework1/venv/lib/python3.10/site-packages/airflow/example_dags/example_kubernetes_executor.py
[2023-11-30T02:38:38.540+0200] {logging_mixin.py:154} INFO - [2023-11-30T02:38:38.540+0200] {example_kubernetes_executor.py:38} WARNING - The example_kubernetes_executor example DAG requires the kubernetes provider. Please install it with: pip install apache-airflow[cncf.kubernetes]
[2023-11-30T02:38:38.540+0200] {processor.py:841} WARNING - No viable dags retrieved from /home/seva/UCU/AutomatedDataPipelines/Homework1/venv/lib/python3.10/site-packages/airflow/example_dags/example_kubernetes_executor.py
[2023-11-30T02:38:38.553+0200] {processor.py:179} INFO - Processing /home/seva/UCU/AutomatedDataPipelines/Homework1/venv/lib/python3.10/site-packages/airflow/example_dags/example_kubernetes_executor.py took 0.035 seconds
