[2023-11-30T02:13:24.425+0200] {processor.py:157} INFO - Started process (PID=1178) to work on /home/seva/UCU/AutomatedDataPipelines/Homework1/venv/lib/python3.10/site-packages/airflow/example_dags/example_xcomargs.py
[2023-11-30T02:13:24.426+0200] {processor.py:829} INFO - Processing file /home/seva/UCU/AutomatedDataPipelines/Homework1/venv/lib/python3.10/site-packages/airflow/example_dags/example_xcomargs.py for tasks to queue
[2023-11-30T02:13:24.426+0200] {logging_mixin.py:154} INFO - [2023-11-30T02:13:24.426+0200] {dagbag.py:536} INFO - Filling up the DagBag from /home/seva/UCU/AutomatedDataPipelines/Homework1/venv/lib/python3.10/site-packages/airflow/example_dags/example_xcomargs.py
[2023-11-30T02:13:24.438+0200] {processor.py:839} INFO - DAG(s) dict_keys(['example_xcom_args_with_operators', 'example_xcom_args']) retrieved from /home/seva/UCU/AutomatedDataPipelines/Homework1/venv/lib/python3.10/site-packages/airflow/example_dags/example_xcomargs.py
[2023-11-30T02:13:24.550+0200] {logging_mixin.py:154} INFO - [2023-11-30T02:13:24.550+0200] {manager.py:499} INFO - Created Permission View: %s
[2023-11-30T02:13:24.571+0200] {logging_mixin.py:154} INFO - [2023-11-30T02:13:24.571+0200] {manager.py:499} INFO - Created Permission View: %s
[2023-11-30T02:13:24.586+0200] {logging_mixin.py:154} INFO - [2023-11-30T02:13:24.586+0200] {manager.py:499} INFO - Created Permission View: %s
[2023-11-30T02:13:24.619+0200] {logging_mixin.py:154} INFO - [2023-11-30T02:13:24.619+0200] {manager.py:499} INFO - Created Permission View: %s
[2023-11-30T02:13:24.635+0200] {logging_mixin.py:154} INFO - [2023-11-30T02:13:24.635+0200] {manager.py:499} INFO - Created Permission View: %s
[2023-11-30T02:13:24.651+0200] {logging_mixin.py:154} INFO - [2023-11-30T02:13:24.651+0200] {manager.py:499} INFO - Created Permission View: %s
[2023-11-30T02:13:24.651+0200] {logging_mixin.py:154} INFO - [2023-11-30T02:13:24.651+0200] {dag.py:2941} INFO - Sync 2 DAGs
[2023-11-30T02:13:24.662+0200] {logging_mixin.py:154} INFO - [2023-11-30T02:13:24.661+0200] {dag.py:2963} INFO - Creating ORM DAG for example_xcom_args
[2023-11-30T02:13:24.662+0200] {logging_mixin.py:154} INFO - [2023-11-30T02:13:24.662+0200] {dag.py:2963} INFO - Creating ORM DAG for example_xcom_args_with_operators
[2023-11-30T02:13:24.662+0200] {logging_mixin.py:154} INFO - [2023-11-30T02:13:24.662+0200] {dag.py:3722} INFO - Setting next_dagrun for example_xcom_args to None, run_after=None
[2023-11-30T02:13:24.663+0200] {logging_mixin.py:154} INFO - [2023-11-30T02:13:24.663+0200] {dag.py:3722} INFO - Setting next_dagrun for example_xcom_args_with_operators to None, run_after=None
[2023-11-30T02:13:24.686+0200] {processor.py:179} INFO - Processing /home/seva/UCU/AutomatedDataPipelines/Homework1/venv/lib/python3.10/site-packages/airflow/example_dags/example_xcomargs.py took 0.265 seconds
[2023-11-30T02:14:15.233+0200] {processor.py:157} INFO - Started process (PID=1322) to work on /home/seva/UCU/AutomatedDataPipelines/Homework1/venv/lib/python3.10/site-packages/airflow/example_dags/example_xcomargs.py
[2023-11-30T02:14:15.245+0200] {processor.py:829} INFO - Processing file /home/seva/UCU/AutomatedDataPipelines/Homework1/venv/lib/python3.10/site-packages/airflow/example_dags/example_xcomargs.py for tasks to queue
[2023-11-30T02:14:15.246+0200] {logging_mixin.py:154} INFO - [2023-11-30T02:14:15.245+0200] {dagbag.py:536} INFO - Filling up the DagBag from /home/seva/UCU/AutomatedDataPipelines/Homework1/venv/lib/python3.10/site-packages/airflow/example_dags/example_xcomargs.py
[2023-11-30T02:14:15.253+0200] {processor.py:839} INFO - DAG(s) dict_keys(['example_xcom_args', 'example_xcom_args_with_operators']) retrieved from /home/seva/UCU/AutomatedDataPipelines/Homework1/venv/lib/python3.10/site-packages/airflow/example_dags/example_xcomargs.py
[2023-11-30T02:14:15.269+0200] {logging_mixin.py:154} INFO - [2023-11-30T02:14:15.268+0200] {dag.py:2941} INFO - Sync 2 DAGs
[2023-11-30T02:14:15.277+0200] {logging_mixin.py:154} INFO - [2023-11-30T02:14:15.277+0200] {dag.py:3722} INFO - Setting next_dagrun for example_xcom_args to None, run_after=None
[2023-11-30T02:14:15.280+0200] {logging_mixin.py:154} INFO - [2023-11-30T02:14:15.280+0200] {dag.py:3722} INFO - Setting next_dagrun for example_xcom_args_with_operators to None, run_after=None
[2023-11-30T02:14:15.304+0200] {processor.py:179} INFO - Processing /home/seva/UCU/AutomatedDataPipelines/Homework1/venv/lib/python3.10/site-packages/airflow/example_dags/example_xcomargs.py took 0.075 seconds
[2023-11-30T02:14:47.542+0200] {processor.py:157} INFO - Started process (PID=1429) to work on /home/seva/UCU/AutomatedDataPipelines/Homework1/venv/lib/python3.10/site-packages/airflow/example_dags/example_xcomargs.py
[2023-11-30T02:14:47.544+0200] {processor.py:829} INFO - Processing file /home/seva/UCU/AutomatedDataPipelines/Homework1/venv/lib/python3.10/site-packages/airflow/example_dags/example_xcomargs.py for tasks to queue
[2023-11-30T02:14:47.545+0200] {logging_mixin.py:154} INFO - [2023-11-30T02:14:47.544+0200] {dagbag.py:536} INFO - Filling up the DagBag from /home/seva/UCU/AutomatedDataPipelines/Homework1/venv/lib/python3.10/site-packages/airflow/example_dags/example_xcomargs.py
[2023-11-30T02:14:47.552+0200] {processor.py:839} INFO - DAG(s) dict_keys(['example_xcom_args', 'example_xcom_args_with_operators']) retrieved from /home/seva/UCU/AutomatedDataPipelines/Homework1/venv/lib/python3.10/site-packages/airflow/example_dags/example_xcomargs.py
[2023-11-30T02:14:47.567+0200] {logging_mixin.py:154} INFO - [2023-11-30T02:14:47.567+0200] {dag.py:2941} INFO - Sync 2 DAGs
[2023-11-30T02:14:47.577+0200] {logging_mixin.py:154} INFO - [2023-11-30T02:14:47.577+0200] {dag.py:3722} INFO - Setting next_dagrun for example_xcom_args to None, run_after=None
[2023-11-30T02:14:47.579+0200] {logging_mixin.py:154} INFO - [2023-11-30T02:14:47.579+0200] {dag.py:3722} INFO - Setting next_dagrun for example_xcom_args_with_operators to None, run_after=None
[2023-11-30T02:14:47.603+0200] {processor.py:179} INFO - Processing /home/seva/UCU/AutomatedDataPipelines/Homework1/venv/lib/python3.10/site-packages/airflow/example_dags/example_xcomargs.py took 0.064 seconds
[2023-11-30T02:15:21.894+0200] {processor.py:157} INFO - Started process (PID=1558) to work on /home/seva/UCU/AutomatedDataPipelines/Homework1/venv/lib/python3.10/site-packages/airflow/example_dags/example_xcomargs.py
[2023-11-30T02:15:21.907+0200] {processor.py:829} INFO - Processing file /home/seva/UCU/AutomatedDataPipelines/Homework1/venv/lib/python3.10/site-packages/airflow/example_dags/example_xcomargs.py for tasks to queue
[2023-11-30T02:15:21.908+0200] {logging_mixin.py:154} INFO - [2023-11-30T02:15:21.907+0200] {dagbag.py:536} INFO - Filling up the DagBag from /home/seva/UCU/AutomatedDataPipelines/Homework1/venv/lib/python3.10/site-packages/airflow/example_dags/example_xcomargs.py
[2023-11-30T02:15:21.916+0200] {processor.py:839} INFO - DAG(s) dict_keys(['example_xcom_args', 'example_xcom_args_with_operators']) retrieved from /home/seva/UCU/AutomatedDataPipelines/Homework1/venv/lib/python3.10/site-packages/airflow/example_dags/example_xcomargs.py
[2023-11-30T02:15:21.932+0200] {logging_mixin.py:154} INFO - [2023-11-30T02:15:21.932+0200] {dag.py:2941} INFO - Sync 2 DAGs
[2023-11-30T02:15:21.942+0200] {logging_mixin.py:154} INFO - [2023-11-30T02:15:21.942+0200] {dag.py:3722} INFO - Setting next_dagrun for example_xcom_args to None, run_after=None
[2023-11-30T02:15:21.944+0200] {logging_mixin.py:154} INFO - [2023-11-30T02:15:21.944+0200] {dag.py:3722} INFO - Setting next_dagrun for example_xcom_args_with_operators to None, run_after=None
[2023-11-30T02:15:21.966+0200] {processor.py:179} INFO - Processing /home/seva/UCU/AutomatedDataPipelines/Homework1/venv/lib/python3.10/site-packages/airflow/example_dags/example_xcomargs.py took 0.075 seconds
[2023-11-30T02:16:03.694+0200] {processor.py:157} INFO - Started process (PID=1723) to work on /home/seva/UCU/AutomatedDataPipelines/Homework1/venv/lib/python3.10/site-packages/airflow/example_dags/example_xcomargs.py
[2023-11-30T02:16:03.696+0200] {processor.py:829} INFO - Processing file /home/seva/UCU/AutomatedDataPipelines/Homework1/venv/lib/python3.10/site-packages/airflow/example_dags/example_xcomargs.py for tasks to queue
[2023-11-30T02:16:03.697+0200] {logging_mixin.py:154} INFO - [2023-11-30T02:16:03.697+0200] {dagbag.py:536} INFO - Filling up the DagBag from /home/seva/UCU/AutomatedDataPipelines/Homework1/venv/lib/python3.10/site-packages/airflow/example_dags/example_xcomargs.py
[2023-11-30T02:16:03.705+0200] {processor.py:839} INFO - DAG(s) dict_keys(['example_xcom_args_with_operators', 'example_xcom_args']) retrieved from /home/seva/UCU/AutomatedDataPipelines/Homework1/venv/lib/python3.10/site-packages/airflow/example_dags/example_xcomargs.py
[2023-11-30T02:16:03.721+0200] {logging_mixin.py:154} INFO - [2023-11-30T02:16:03.720+0200] {dag.py:2941} INFO - Sync 2 DAGs
[2023-11-30T02:16:03.730+0200] {logging_mixin.py:154} INFO - [2023-11-30T02:16:03.729+0200] {dag.py:3722} INFO - Setting next_dagrun for example_xcom_args to None, run_after=None
[2023-11-30T02:16:03.733+0200] {logging_mixin.py:154} INFO - [2023-11-30T02:16:03.733+0200] {dag.py:3722} INFO - Setting next_dagrun for example_xcom_args_with_operators to None, run_after=None
[2023-11-30T02:16:03.754+0200] {processor.py:179} INFO - Processing /home/seva/UCU/AutomatedDataPipelines/Homework1/venv/lib/python3.10/site-packages/airflow/example_dags/example_xcomargs.py took 0.063 seconds
[2023-11-30T02:16:37.309+0200] {processor.py:157} INFO - Started process (PID=1854) to work on /home/seva/UCU/AutomatedDataPipelines/Homework1/venv/lib/python3.10/site-packages/airflow/example_dags/example_xcomargs.py
[2023-11-30T02:16:37.321+0200] {processor.py:829} INFO - Processing file /home/seva/UCU/AutomatedDataPipelines/Homework1/venv/lib/python3.10/site-packages/airflow/example_dags/example_xcomargs.py for tasks to queue
[2023-11-30T02:16:37.322+0200] {logging_mixin.py:154} INFO - [2023-11-30T02:16:37.321+0200] {dagbag.py:536} INFO - Filling up the DagBag from /home/seva/UCU/AutomatedDataPipelines/Homework1/venv/lib/python3.10/site-packages/airflow/example_dags/example_xcomargs.py
[2023-11-30T02:16:37.329+0200] {processor.py:839} INFO - DAG(s) dict_keys(['example_xcom_args', 'example_xcom_args_with_operators']) retrieved from /home/seva/UCU/AutomatedDataPipelines/Homework1/venv/lib/python3.10/site-packages/airflow/example_dags/example_xcomargs.py
[2023-11-30T02:16:37.346+0200] {logging_mixin.py:154} INFO - [2023-11-30T02:16:37.345+0200] {dag.py:2941} INFO - Sync 2 DAGs
[2023-11-30T02:16:37.355+0200] {logging_mixin.py:154} INFO - [2023-11-30T02:16:37.355+0200] {dag.py:3722} INFO - Setting next_dagrun for example_xcom_args to None, run_after=None
[2023-11-30T02:16:37.358+0200] {logging_mixin.py:154} INFO - [2023-11-30T02:16:37.358+0200] {dag.py:3722} INFO - Setting next_dagrun for example_xcom_args_with_operators to None, run_after=None
[2023-11-30T02:16:37.379+0200] {processor.py:179} INFO - Processing /home/seva/UCU/AutomatedDataPipelines/Homework1/venv/lib/python3.10/site-packages/airflow/example_dags/example_xcomargs.py took 0.073 seconds
[2023-11-30T02:17:18.951+0200] {processor.py:157} INFO - Started process (PID=2022) to work on /home/seva/UCU/AutomatedDataPipelines/Homework1/venv/lib/python3.10/site-packages/airflow/example_dags/example_xcomargs.py
[2023-11-30T02:17:18.962+0200] {processor.py:829} INFO - Processing file /home/seva/UCU/AutomatedDataPipelines/Homework1/venv/lib/python3.10/site-packages/airflow/example_dags/example_xcomargs.py for tasks to queue
[2023-11-30T02:17:18.963+0200] {logging_mixin.py:154} INFO - [2023-11-30T02:17:18.963+0200] {dagbag.py:536} INFO - Filling up the DagBag from /home/seva/UCU/AutomatedDataPipelines/Homework1/venv/lib/python3.10/site-packages/airflow/example_dags/example_xcomargs.py
[2023-11-30T02:17:18.972+0200] {processor.py:839} INFO - DAG(s) dict_keys(['example_xcom_args', 'example_xcom_args_with_operators']) retrieved from /home/seva/UCU/AutomatedDataPipelines/Homework1/venv/lib/python3.10/site-packages/airflow/example_dags/example_xcomargs.py
[2023-11-30T02:17:18.991+0200] {logging_mixin.py:154} INFO - [2023-11-30T02:17:18.990+0200] {dag.py:2941} INFO - Sync 2 DAGs
[2023-11-30T02:17:19.000+0200] {logging_mixin.py:154} INFO - [2023-11-30T02:17:19.000+0200] {dag.py:3722} INFO - Setting next_dagrun for example_xcom_args to None, run_after=None
[2023-11-30T02:17:19.004+0200] {logging_mixin.py:154} INFO - [2023-11-30T02:17:19.003+0200] {dag.py:3722} INFO - Setting next_dagrun for example_xcom_args_with_operators to None, run_after=None
[2023-11-30T02:17:19.025+0200] {processor.py:179} INFO - Processing /home/seva/UCU/AutomatedDataPipelines/Homework1/venv/lib/python3.10/site-packages/airflow/example_dags/example_xcomargs.py took 0.077 seconds
[2023-11-30T02:18:02.273+0200] {processor.py:157} INFO - Started process (PID=2199) to work on /home/seva/UCU/AutomatedDataPipelines/Homework1/venv/lib/python3.10/site-packages/airflow/example_dags/example_xcomargs.py
[2023-11-30T02:18:02.275+0200] {processor.py:829} INFO - Processing file /home/seva/UCU/AutomatedDataPipelines/Homework1/venv/lib/python3.10/site-packages/airflow/example_dags/example_xcomargs.py for tasks to queue
[2023-11-30T02:18:02.276+0200] {logging_mixin.py:154} INFO - [2023-11-30T02:18:02.276+0200] {dagbag.py:536} INFO - Filling up the DagBag from /home/seva/UCU/AutomatedDataPipelines/Homework1/venv/lib/python3.10/site-packages/airflow/example_dags/example_xcomargs.py
[2023-11-30T02:18:02.289+0200] {processor.py:839} INFO - DAG(s) dict_keys(['example_xcom_args_with_operators', 'example_xcom_args']) retrieved from /home/seva/UCU/AutomatedDataPipelines/Homework1/venv/lib/python3.10/site-packages/airflow/example_dags/example_xcomargs.py
[2023-11-30T02:18:02.317+0200] {logging_mixin.py:154} INFO - [2023-11-30T02:18:02.317+0200] {dag.py:2941} INFO - Sync 2 DAGs
[2023-11-30T02:18:02.329+0200] {logging_mixin.py:154} INFO - [2023-11-30T02:18:02.329+0200] {dag.py:3722} INFO - Setting next_dagrun for example_xcom_args to None, run_after=None
[2023-11-30T02:18:02.332+0200] {logging_mixin.py:154} INFO - [2023-11-30T02:18:02.332+0200] {dag.py:3722} INFO - Setting next_dagrun for example_xcom_args_with_operators to None, run_after=None
[2023-11-30T02:18:02.357+0200] {processor.py:179} INFO - Processing /home/seva/UCU/AutomatedDataPipelines/Homework1/venv/lib/python3.10/site-packages/airflow/example_dags/example_xcomargs.py took 0.089 seconds
[2023-11-30T02:18:43.344+0200] {processor.py:157} INFO - Started process (PID=2363) to work on /home/seva/UCU/AutomatedDataPipelines/Homework1/venv/lib/python3.10/site-packages/airflow/example_dags/example_xcomargs.py
[2023-11-30T02:18:43.347+0200] {processor.py:829} INFO - Processing file /home/seva/UCU/AutomatedDataPipelines/Homework1/venv/lib/python3.10/site-packages/airflow/example_dags/example_xcomargs.py for tasks to queue
[2023-11-30T02:18:43.348+0200] {logging_mixin.py:154} INFO - [2023-11-30T02:18:43.347+0200] {dagbag.py:536} INFO - Filling up the DagBag from /home/seva/UCU/AutomatedDataPipelines/Homework1/venv/lib/python3.10/site-packages/airflow/example_dags/example_xcomargs.py
[2023-11-30T02:18:43.355+0200] {processor.py:839} INFO - DAG(s) dict_keys(['example_xcom_args', 'example_xcom_args_with_operators']) retrieved from /home/seva/UCU/AutomatedDataPipelines/Homework1/venv/lib/python3.10/site-packages/airflow/example_dags/example_xcomargs.py
[2023-11-30T02:18:43.370+0200] {logging_mixin.py:154} INFO - [2023-11-30T02:18:43.370+0200] {dag.py:2941} INFO - Sync 2 DAGs
[2023-11-30T02:18:43.379+0200] {logging_mixin.py:154} INFO - [2023-11-30T02:18:43.379+0200] {dag.py:3722} INFO - Setting next_dagrun for example_xcom_args to None, run_after=None
[2023-11-30T02:18:43.382+0200] {logging_mixin.py:154} INFO - [2023-11-30T02:18:43.382+0200] {dag.py:3722} INFO - Setting next_dagrun for example_xcom_args_with_operators to None, run_after=None
[2023-11-30T02:18:43.408+0200] {processor.py:179} INFO - Processing /home/seva/UCU/AutomatedDataPipelines/Homework1/venv/lib/python3.10/site-packages/airflow/example_dags/example_xcomargs.py took 0.067 seconds
[2023-11-30T02:19:28.419+0200] {processor.py:157} INFO - Started process (PID=2543) to work on /home/seva/UCU/AutomatedDataPipelines/Homework1/venv/lib/python3.10/site-packages/airflow/example_dags/example_xcomargs.py
[2023-11-30T02:19:28.430+0200] {processor.py:829} INFO - Processing file /home/seva/UCU/AutomatedDataPipelines/Homework1/venv/lib/python3.10/site-packages/airflow/example_dags/example_xcomargs.py for tasks to queue
[2023-11-30T02:19:28.431+0200] {logging_mixin.py:154} INFO - [2023-11-30T02:19:28.431+0200] {dagbag.py:536} INFO - Filling up the DagBag from /home/seva/UCU/AutomatedDataPipelines/Homework1/venv/lib/python3.10/site-packages/airflow/example_dags/example_xcomargs.py
[2023-11-30T02:19:28.438+0200] {processor.py:839} INFO - DAG(s) dict_keys(['example_xcom_args_with_operators', 'example_xcom_args']) retrieved from /home/seva/UCU/AutomatedDataPipelines/Homework1/venv/lib/python3.10/site-packages/airflow/example_dags/example_xcomargs.py
[2023-11-30T02:19:28.454+0200] {logging_mixin.py:154} INFO - [2023-11-30T02:19:28.454+0200] {dag.py:2941} INFO - Sync 2 DAGs
[2023-11-30T02:19:28.463+0200] {logging_mixin.py:154} INFO - [2023-11-30T02:19:28.463+0200] {dag.py:3722} INFO - Setting next_dagrun for example_xcom_args to None, run_after=None
[2023-11-30T02:19:28.466+0200] {logging_mixin.py:154} INFO - [2023-11-30T02:19:28.465+0200] {dag.py:3722} INFO - Setting next_dagrun for example_xcom_args_with_operators to None, run_after=None
[2023-11-30T02:19:28.488+0200] {processor.py:179} INFO - Processing /home/seva/UCU/AutomatedDataPipelines/Homework1/venv/lib/python3.10/site-packages/airflow/example_dags/example_xcomargs.py took 0.072 seconds
[2023-11-30T02:20:10.330+0200] {processor.py:157} INFO - Started process (PID=2707) to work on /home/seva/UCU/AutomatedDataPipelines/Homework1/venv/lib/python3.10/site-packages/airflow/example_dags/example_xcomargs.py
[2023-11-30T02:20:10.332+0200] {processor.py:829} INFO - Processing file /home/seva/UCU/AutomatedDataPipelines/Homework1/venv/lib/python3.10/site-packages/airflow/example_dags/example_xcomargs.py for tasks to queue
[2023-11-30T02:20:10.333+0200] {logging_mixin.py:154} INFO - [2023-11-30T02:20:10.333+0200] {dagbag.py:536} INFO - Filling up the DagBag from /home/seva/UCU/AutomatedDataPipelines/Homework1/venv/lib/python3.10/site-packages/airflow/example_dags/example_xcomargs.py
[2023-11-30T02:20:10.339+0200] {processor.py:839} INFO - DAG(s) dict_keys(['example_xcom_args_with_operators', 'example_xcom_args']) retrieved from /home/seva/UCU/AutomatedDataPipelines/Homework1/venv/lib/python3.10/site-packages/airflow/example_dags/example_xcomargs.py
[2023-11-30T02:20:10.356+0200] {logging_mixin.py:154} INFO - [2023-11-30T02:20:10.356+0200] {dag.py:2941} INFO - Sync 2 DAGs
[2023-11-30T02:20:10.365+0200] {logging_mixin.py:154} INFO - [2023-11-30T02:20:10.365+0200] {dag.py:3722} INFO - Setting next_dagrun for example_xcom_args to None, run_after=None
[2023-11-30T02:20:10.367+0200] {logging_mixin.py:154} INFO - [2023-11-30T02:20:10.367+0200] {dag.py:3722} INFO - Setting next_dagrun for example_xcom_args_with_operators to None, run_after=None
[2023-11-30T02:20:10.389+0200] {processor.py:179} INFO - Processing /home/seva/UCU/AutomatedDataPipelines/Homework1/venv/lib/python3.10/site-packages/airflow/example_dags/example_xcomargs.py took 0.061 seconds
[2023-11-30T02:20:41.899+0200] {processor.py:157} INFO - Started process (PID=2828) to work on /home/seva/UCU/AutomatedDataPipelines/Homework1/venv/lib/python3.10/site-packages/airflow/example_dags/example_xcomargs.py
[2023-11-30T02:20:41.910+0200] {processor.py:829} INFO - Processing file /home/seva/UCU/AutomatedDataPipelines/Homework1/venv/lib/python3.10/site-packages/airflow/example_dags/example_xcomargs.py for tasks to queue
[2023-11-30T02:20:41.911+0200] {logging_mixin.py:154} INFO - [2023-11-30T02:20:41.911+0200] {dagbag.py:536} INFO - Filling up the DagBag from /home/seva/UCU/AutomatedDataPipelines/Homework1/venv/lib/python3.10/site-packages/airflow/example_dags/example_xcomargs.py
[2023-11-30T02:20:41.919+0200] {processor.py:839} INFO - DAG(s) dict_keys(['example_xcom_args', 'example_xcom_args_with_operators']) retrieved from /home/seva/UCU/AutomatedDataPipelines/Homework1/venv/lib/python3.10/site-packages/airflow/example_dags/example_xcomargs.py
[2023-11-30T02:20:41.936+0200] {logging_mixin.py:154} INFO - [2023-11-30T02:20:41.936+0200] {dag.py:2941} INFO - Sync 2 DAGs
[2023-11-30T02:20:41.945+0200] {logging_mixin.py:154} INFO - [2023-11-30T02:20:41.945+0200] {dag.py:3722} INFO - Setting next_dagrun for example_xcom_args to None, run_after=None
[2023-11-30T02:20:41.948+0200] {logging_mixin.py:154} INFO - [2023-11-30T02:20:41.948+0200] {dag.py:3722} INFO - Setting next_dagrun for example_xcom_args_with_operators to None, run_after=None
[2023-11-30T02:20:41.987+0200] {processor.py:179} INFO - Processing /home/seva/UCU/AutomatedDataPipelines/Homework1/venv/lib/python3.10/site-packages/airflow/example_dags/example_xcomargs.py took 0.091 seconds
[2023-11-30T02:21:12.912+0200] {processor.py:157} INFO - Started process (PID=2951) to work on /home/seva/UCU/AutomatedDataPipelines/Homework1/venv/lib/python3.10/site-packages/airflow/example_dags/example_xcomargs.py
[2023-11-30T02:21:12.914+0200] {processor.py:829} INFO - Processing file /home/seva/UCU/AutomatedDataPipelines/Homework1/venv/lib/python3.10/site-packages/airflow/example_dags/example_xcomargs.py for tasks to queue
[2023-11-30T02:21:12.915+0200] {logging_mixin.py:154} INFO - [2023-11-30T02:21:12.915+0200] {dagbag.py:536} INFO - Filling up the DagBag from /home/seva/UCU/AutomatedDataPipelines/Homework1/venv/lib/python3.10/site-packages/airflow/example_dags/example_xcomargs.py
[2023-11-30T02:21:12.921+0200] {processor.py:839} INFO - DAG(s) dict_keys(['example_xcom_args', 'example_xcom_args_with_operators']) retrieved from /home/seva/UCU/AutomatedDataPipelines/Homework1/venv/lib/python3.10/site-packages/airflow/example_dags/example_xcomargs.py
[2023-11-30T02:21:12.937+0200] {logging_mixin.py:154} INFO - [2023-11-30T02:21:12.936+0200] {dag.py:2941} INFO - Sync 2 DAGs
[2023-11-30T02:21:12.946+0200] {logging_mixin.py:154} INFO - [2023-11-30T02:21:12.946+0200] {dag.py:3722} INFO - Setting next_dagrun for example_xcom_args to None, run_after=None
[2023-11-30T02:21:12.948+0200] {logging_mixin.py:154} INFO - [2023-11-30T02:21:12.948+0200] {dag.py:3722} INFO - Setting next_dagrun for example_xcom_args_with_operators to None, run_after=None
[2023-11-30T02:21:12.969+0200] {processor.py:179} INFO - Processing /home/seva/UCU/AutomatedDataPipelines/Homework1/venv/lib/python3.10/site-packages/airflow/example_dags/example_xcomargs.py took 0.060 seconds
[2023-11-30T02:21:55.387+0200] {processor.py:157} INFO - Started process (PID=3124) to work on /home/seva/UCU/AutomatedDataPipelines/Homework1/venv/lib/python3.10/site-packages/airflow/example_dags/example_xcomargs.py
[2023-11-30T02:21:55.399+0200] {processor.py:829} INFO - Processing file /home/seva/UCU/AutomatedDataPipelines/Homework1/venv/lib/python3.10/site-packages/airflow/example_dags/example_xcomargs.py for tasks to queue
[2023-11-30T02:21:55.400+0200] {logging_mixin.py:154} INFO - [2023-11-30T02:21:55.399+0200] {dagbag.py:536} INFO - Filling up the DagBag from /home/seva/UCU/AutomatedDataPipelines/Homework1/venv/lib/python3.10/site-packages/airflow/example_dags/example_xcomargs.py
[2023-11-30T02:21:55.407+0200] {processor.py:839} INFO - DAG(s) dict_keys(['example_xcom_args_with_operators', 'example_xcom_args']) retrieved from /home/seva/UCU/AutomatedDataPipelines/Homework1/venv/lib/python3.10/site-packages/airflow/example_dags/example_xcomargs.py
[2023-11-30T02:21:55.423+0200] {logging_mixin.py:154} INFO - [2023-11-30T02:21:55.423+0200] {dag.py:2941} INFO - Sync 2 DAGs
[2023-11-30T02:21:55.432+0200] {logging_mixin.py:154} INFO - [2023-11-30T02:21:55.432+0200] {dag.py:3722} INFO - Setting next_dagrun for example_xcom_args to None, run_after=None
[2023-11-30T02:21:55.435+0200] {logging_mixin.py:154} INFO - [2023-11-30T02:21:55.435+0200] {dag.py:3722} INFO - Setting next_dagrun for example_xcom_args_with_operators to None, run_after=None
[2023-11-30T02:21:55.472+0200] {processor.py:179} INFO - Processing /home/seva/UCU/AutomatedDataPipelines/Homework1/venv/lib/python3.10/site-packages/airflow/example_dags/example_xcomargs.py took 0.088 seconds
[2023-11-30T02:22:40.093+0200] {processor.py:157} INFO - Started process (PID=3302) to work on /home/seva/UCU/AutomatedDataPipelines/Homework1/venv/lib/python3.10/site-packages/airflow/example_dags/example_xcomargs.py
[2023-11-30T02:22:40.104+0200] {processor.py:829} INFO - Processing file /home/seva/UCU/AutomatedDataPipelines/Homework1/venv/lib/python3.10/site-packages/airflow/example_dags/example_xcomargs.py for tasks to queue
[2023-11-30T02:22:40.105+0200] {logging_mixin.py:154} INFO - [2023-11-30T02:22:40.105+0200] {dagbag.py:536} INFO - Filling up the DagBag from /home/seva/UCU/AutomatedDataPipelines/Homework1/venv/lib/python3.10/site-packages/airflow/example_dags/example_xcomargs.py
[2023-11-30T02:22:40.113+0200] {processor.py:839} INFO - DAG(s) dict_keys(['example_xcom_args_with_operators', 'example_xcom_args']) retrieved from /home/seva/UCU/AutomatedDataPipelines/Homework1/venv/lib/python3.10/site-packages/airflow/example_dags/example_xcomargs.py
[2023-11-30T02:22:40.128+0200] {logging_mixin.py:154} INFO - [2023-11-30T02:22:40.128+0200] {dag.py:2941} INFO - Sync 2 DAGs
[2023-11-30T02:22:40.137+0200] {logging_mixin.py:154} INFO - [2023-11-30T02:22:40.137+0200] {dag.py:3722} INFO - Setting next_dagrun for example_xcom_args to None, run_after=None
[2023-11-30T02:22:40.141+0200] {logging_mixin.py:154} INFO - [2023-11-30T02:22:40.141+0200] {dag.py:3722} INFO - Setting next_dagrun for example_xcom_args_with_operators to None, run_after=None
[2023-11-30T02:22:40.163+0200] {processor.py:179} INFO - Processing /home/seva/UCU/AutomatedDataPipelines/Homework1/venv/lib/python3.10/site-packages/airflow/example_dags/example_xcomargs.py took 0.074 seconds
[2023-11-30T02:23:11.594+0200] {processor.py:157} INFO - Started process (PID=3425) to work on /home/seva/UCU/AutomatedDataPipelines/Homework1/venv/lib/python3.10/site-packages/airflow/example_dags/example_xcomargs.py
[2023-11-30T02:23:11.606+0200] {processor.py:829} INFO - Processing file /home/seva/UCU/AutomatedDataPipelines/Homework1/venv/lib/python3.10/site-packages/airflow/example_dags/example_xcomargs.py for tasks to queue
[2023-11-30T02:23:11.607+0200] {logging_mixin.py:154} INFO - [2023-11-30T02:23:11.607+0200] {dagbag.py:536} INFO - Filling up the DagBag from /home/seva/UCU/AutomatedDataPipelines/Homework1/venv/lib/python3.10/site-packages/airflow/example_dags/example_xcomargs.py
[2023-11-30T02:23:11.616+0200] {processor.py:839} INFO - DAG(s) dict_keys(['example_xcom_args_with_operators', 'example_xcom_args']) retrieved from /home/seva/UCU/AutomatedDataPipelines/Homework1/venv/lib/python3.10/site-packages/airflow/example_dags/example_xcomargs.py
[2023-11-30T02:23:11.631+0200] {logging_mixin.py:154} INFO - [2023-11-30T02:23:11.631+0200] {dag.py:2941} INFO - Sync 2 DAGs
[2023-11-30T02:23:11.640+0200] {logging_mixin.py:154} INFO - [2023-11-30T02:23:11.640+0200] {dag.py:3722} INFO - Setting next_dagrun for example_xcom_args to None, run_after=None
[2023-11-30T02:23:11.642+0200] {logging_mixin.py:154} INFO - [2023-11-30T02:23:11.642+0200] {dag.py:3722} INFO - Setting next_dagrun for example_xcom_args_with_operators to None, run_after=None
[2023-11-30T02:23:11.667+0200] {processor.py:179} INFO - Processing /home/seva/UCU/AutomatedDataPipelines/Homework1/venv/lib/python3.10/site-packages/airflow/example_dags/example_xcomargs.py took 0.075 seconds
[2023-11-30T02:23:55.036+0200] {processor.py:157} INFO - Started process (PID=3596) to work on /home/seva/UCU/AutomatedDataPipelines/Homework1/venv/lib/python3.10/site-packages/airflow/example_dags/example_xcomargs.py
[2023-11-30T02:23:55.048+0200] {processor.py:829} INFO - Processing file /home/seva/UCU/AutomatedDataPipelines/Homework1/venv/lib/python3.10/site-packages/airflow/example_dags/example_xcomargs.py for tasks to queue
[2023-11-30T02:23:55.050+0200] {logging_mixin.py:154} INFO - [2023-11-30T02:23:55.049+0200] {dagbag.py:536} INFO - Filling up the DagBag from /home/seva/UCU/AutomatedDataPipelines/Homework1/venv/lib/python3.10/site-packages/airflow/example_dags/example_xcomargs.py
[2023-11-30T02:23:55.058+0200] {processor.py:839} INFO - DAG(s) dict_keys(['example_xcom_args', 'example_xcom_args_with_operators']) retrieved from /home/seva/UCU/AutomatedDataPipelines/Homework1/venv/lib/python3.10/site-packages/airflow/example_dags/example_xcomargs.py
[2023-11-30T02:23:55.075+0200] {logging_mixin.py:154} INFO - [2023-11-30T02:23:55.075+0200] {dag.py:2941} INFO - Sync 2 DAGs
[2023-11-30T02:23:55.085+0200] {logging_mixin.py:154} INFO - [2023-11-30T02:23:55.085+0200] {dag.py:3722} INFO - Setting next_dagrun for example_xcom_args to None, run_after=None
[2023-11-30T02:23:55.087+0200] {logging_mixin.py:154} INFO - [2023-11-30T02:23:55.087+0200] {dag.py:3722} INFO - Setting next_dagrun for example_xcom_args_with_operators to None, run_after=None
[2023-11-30T02:23:55.110+0200] {processor.py:179} INFO - Processing /home/seva/UCU/AutomatedDataPipelines/Homework1/venv/lib/python3.10/site-packages/airflow/example_dags/example_xcomargs.py took 0.077 seconds
[2023-11-30T02:24:41.310+0200] {processor.py:157} INFO - Started process (PID=3776) to work on /home/seva/UCU/AutomatedDataPipelines/Homework1/venv/lib/python3.10/site-packages/airflow/example_dags/example_xcomargs.py
[2023-11-30T02:24:41.322+0200] {processor.py:829} INFO - Processing file /home/seva/UCU/AutomatedDataPipelines/Homework1/venv/lib/python3.10/site-packages/airflow/example_dags/example_xcomargs.py for tasks to queue
[2023-11-30T02:24:41.323+0200] {logging_mixin.py:154} INFO - [2023-11-30T02:24:41.323+0200] {dagbag.py:536} INFO - Filling up the DagBag from /home/seva/UCU/AutomatedDataPipelines/Homework1/venv/lib/python3.10/site-packages/airflow/example_dags/example_xcomargs.py
[2023-11-30T02:24:41.330+0200] {processor.py:839} INFO - DAG(s) dict_keys(['example_xcom_args', 'example_xcom_args_with_operators']) retrieved from /home/seva/UCU/AutomatedDataPipelines/Homework1/venv/lib/python3.10/site-packages/airflow/example_dags/example_xcomargs.py
[2023-11-30T02:24:41.346+0200] {logging_mixin.py:154} INFO - [2023-11-30T02:24:41.346+0200] {dag.py:2941} INFO - Sync 2 DAGs
[2023-11-30T02:24:41.356+0200] {logging_mixin.py:154} INFO - [2023-11-30T02:24:41.356+0200] {dag.py:3722} INFO - Setting next_dagrun for example_xcom_args to None, run_after=None
[2023-11-30T02:24:41.358+0200] {logging_mixin.py:154} INFO - [2023-11-30T02:24:41.358+0200] {dag.py:3722} INFO - Setting next_dagrun for example_xcom_args_with_operators to None, run_after=None
[2023-11-30T02:24:41.380+0200] {processor.py:179} INFO - Processing /home/seva/UCU/AutomatedDataPipelines/Homework1/venv/lib/python3.10/site-packages/airflow/example_dags/example_xcomargs.py took 0.072 seconds
[2023-11-30T02:25:14.613+0200] {processor.py:157} INFO - Started process (PID=3907) to work on /home/seva/UCU/AutomatedDataPipelines/Homework1/venv/lib/python3.10/site-packages/airflow/example_dags/example_xcomargs.py
[2023-11-30T02:25:14.615+0200] {processor.py:829} INFO - Processing file /home/seva/UCU/AutomatedDataPipelines/Homework1/venv/lib/python3.10/site-packages/airflow/example_dags/example_xcomargs.py for tasks to queue
[2023-11-30T02:25:14.616+0200] {logging_mixin.py:154} INFO - [2023-11-30T02:25:14.616+0200] {dagbag.py:536} INFO - Filling up the DagBag from /home/seva/UCU/AutomatedDataPipelines/Homework1/venv/lib/python3.10/site-packages/airflow/example_dags/example_xcomargs.py
[2023-11-30T02:25:14.622+0200] {processor.py:839} INFO - DAG(s) dict_keys(['example_xcom_args_with_operators', 'example_xcom_args']) retrieved from /home/seva/UCU/AutomatedDataPipelines/Homework1/venv/lib/python3.10/site-packages/airflow/example_dags/example_xcomargs.py
[2023-11-30T02:25:14.638+0200] {logging_mixin.py:154} INFO - [2023-11-30T02:25:14.638+0200] {dag.py:2941} INFO - Sync 2 DAGs
[2023-11-30T02:25:14.648+0200] {logging_mixin.py:154} INFO - [2023-11-30T02:25:14.647+0200] {dag.py:3722} INFO - Setting next_dagrun for example_xcom_args to None, run_after=None
[2023-11-30T02:25:14.650+0200] {logging_mixin.py:154} INFO - [2023-11-30T02:25:14.650+0200] {dag.py:3722} INFO - Setting next_dagrun for example_xcom_args_with_operators to None, run_after=None
[2023-11-30T02:25:14.671+0200] {processor.py:179} INFO - Processing /home/seva/UCU/AutomatedDataPipelines/Homework1/venv/lib/python3.10/site-packages/airflow/example_dags/example_xcomargs.py took 0.061 seconds
[2023-11-30T02:25:53.902+0200] {processor.py:157} INFO - Started process (PID=4063) to work on /home/seva/UCU/AutomatedDataPipelines/Homework1/venv/lib/python3.10/site-packages/airflow/example_dags/example_xcomargs.py
[2023-11-30T02:25:53.914+0200] {processor.py:829} INFO - Processing file /home/seva/UCU/AutomatedDataPipelines/Homework1/venv/lib/python3.10/site-packages/airflow/example_dags/example_xcomargs.py for tasks to queue
[2023-11-30T02:25:53.915+0200] {logging_mixin.py:154} INFO - [2023-11-30T02:25:53.915+0200] {dagbag.py:536} INFO - Filling up the DagBag from /home/seva/UCU/AutomatedDataPipelines/Homework1/venv/lib/python3.10/site-packages/airflow/example_dags/example_xcomargs.py
[2023-11-30T02:25:53.922+0200] {processor.py:839} INFO - DAG(s) dict_keys(['example_xcom_args_with_operators', 'example_xcom_args']) retrieved from /home/seva/UCU/AutomatedDataPipelines/Homework1/venv/lib/python3.10/site-packages/airflow/example_dags/example_xcomargs.py
[2023-11-30T02:25:53.938+0200] {logging_mixin.py:154} INFO - [2023-11-30T02:25:53.938+0200] {dag.py:2941} INFO - Sync 2 DAGs
[2023-11-30T02:25:53.947+0200] {logging_mixin.py:154} INFO - [2023-11-30T02:25:53.947+0200] {dag.py:3722} INFO - Setting next_dagrun for example_xcom_args to None, run_after=None
[2023-11-30T02:25:53.950+0200] {logging_mixin.py:154} INFO - [2023-11-30T02:25:53.950+0200] {dag.py:3722} INFO - Setting next_dagrun for example_xcom_args_with_operators to None, run_after=None
[2023-11-30T02:25:53.973+0200] {processor.py:179} INFO - Processing /home/seva/UCU/AutomatedDataPipelines/Homework1/venv/lib/python3.10/site-packages/airflow/example_dags/example_xcomargs.py took 0.074 seconds
[2023-11-30T02:26:24.712+0200] {processor.py:157} INFO - Started process (PID=4184) to work on /home/seva/UCU/AutomatedDataPipelines/Homework1/venv/lib/python3.10/site-packages/airflow/example_dags/example_xcomargs.py
[2023-11-30T02:26:24.724+0200] {processor.py:829} INFO - Processing file /home/seva/UCU/AutomatedDataPipelines/Homework1/venv/lib/python3.10/site-packages/airflow/example_dags/example_xcomargs.py for tasks to queue
[2023-11-30T02:26:24.725+0200] {logging_mixin.py:154} INFO - [2023-11-30T02:26:24.725+0200] {dagbag.py:536} INFO - Filling up the DagBag from /home/seva/UCU/AutomatedDataPipelines/Homework1/venv/lib/python3.10/site-packages/airflow/example_dags/example_xcomargs.py
[2023-11-30T02:26:24.732+0200] {processor.py:839} INFO - DAG(s) dict_keys(['example_xcom_args_with_operators', 'example_xcom_args']) retrieved from /home/seva/UCU/AutomatedDataPipelines/Homework1/venv/lib/python3.10/site-packages/airflow/example_dags/example_xcomargs.py
[2023-11-30T02:26:24.748+0200] {logging_mixin.py:154} INFO - [2023-11-30T02:26:24.748+0200] {dag.py:2941} INFO - Sync 2 DAGs
[2023-11-30T02:26:24.757+0200] {logging_mixin.py:154} INFO - [2023-11-30T02:26:24.757+0200] {dag.py:3722} INFO - Setting next_dagrun for example_xcom_args to None, run_after=None
[2023-11-30T02:26:24.760+0200] {logging_mixin.py:154} INFO - [2023-11-30T02:26:24.760+0200] {dag.py:3722} INFO - Setting next_dagrun for example_xcom_args_with_operators to None, run_after=None
[2023-11-30T02:26:24.798+0200] {processor.py:179} INFO - Processing /home/seva/UCU/AutomatedDataPipelines/Homework1/venv/lib/python3.10/site-packages/airflow/example_dags/example_xcomargs.py took 0.089 seconds
[2023-11-30T02:27:00.781+0200] {processor.py:157} INFO - Started process (PID=4329) to work on /home/seva/UCU/AutomatedDataPipelines/Homework1/venv/lib/python3.10/site-packages/airflow/example_dags/example_xcomargs.py
[2023-11-30T02:27:00.783+0200] {processor.py:829} INFO - Processing file /home/seva/UCU/AutomatedDataPipelines/Homework1/venv/lib/python3.10/site-packages/airflow/example_dags/example_xcomargs.py for tasks to queue
[2023-11-30T02:27:00.784+0200] {logging_mixin.py:154} INFO - [2023-11-30T02:27:00.784+0200] {dagbag.py:536} INFO - Filling up the DagBag from /home/seva/UCU/AutomatedDataPipelines/Homework1/venv/lib/python3.10/site-packages/airflow/example_dags/example_xcomargs.py
[2023-11-30T02:27:00.791+0200] {processor.py:839} INFO - DAG(s) dict_keys(['example_xcom_args_with_operators', 'example_xcom_args']) retrieved from /home/seva/UCU/AutomatedDataPipelines/Homework1/venv/lib/python3.10/site-packages/airflow/example_dags/example_xcomargs.py
[2023-11-30T02:27:00.808+0200] {logging_mixin.py:154} INFO - [2023-11-30T02:27:00.807+0200] {dag.py:2941} INFO - Sync 2 DAGs
[2023-11-30T02:27:00.818+0200] {logging_mixin.py:154} INFO - [2023-11-30T02:27:00.817+0200] {dag.py:3722} INFO - Setting next_dagrun for example_xcom_args to None, run_after=None
[2023-11-30T02:27:00.820+0200] {logging_mixin.py:154} INFO - [2023-11-30T02:27:00.820+0200] {dag.py:3722} INFO - Setting next_dagrun for example_xcom_args_with_operators to None, run_after=None
[2023-11-30T02:27:00.842+0200] {processor.py:179} INFO - Processing /home/seva/UCU/AutomatedDataPipelines/Homework1/venv/lib/python3.10/site-packages/airflow/example_dags/example_xcomargs.py took 0.064 seconds
[2023-11-30T02:27:34.150+0200] {processor.py:157} INFO - Started process (PID=4459) to work on /home/seva/UCU/AutomatedDataPipelines/Homework1/venv/lib/python3.10/site-packages/airflow/example_dags/example_xcomargs.py
[2023-11-30T02:27:34.152+0200] {processor.py:829} INFO - Processing file /home/seva/UCU/AutomatedDataPipelines/Homework1/venv/lib/python3.10/site-packages/airflow/example_dags/example_xcomargs.py for tasks to queue
[2023-11-30T02:27:34.153+0200] {logging_mixin.py:154} INFO - [2023-11-30T02:27:34.153+0200] {dagbag.py:536} INFO - Filling up the DagBag from /home/seva/UCU/AutomatedDataPipelines/Homework1/venv/lib/python3.10/site-packages/airflow/example_dags/example_xcomargs.py
[2023-11-30T02:27:34.161+0200] {processor.py:839} INFO - DAG(s) dict_keys(['example_xcom_args', 'example_xcom_args_with_operators']) retrieved from /home/seva/UCU/AutomatedDataPipelines/Homework1/venv/lib/python3.10/site-packages/airflow/example_dags/example_xcomargs.py
[2023-11-30T02:27:34.176+0200] {logging_mixin.py:154} INFO - [2023-11-30T02:27:34.176+0200] {dag.py:2941} INFO - Sync 2 DAGs
[2023-11-30T02:27:34.186+0200] {logging_mixin.py:154} INFO - [2023-11-30T02:27:34.186+0200] {dag.py:3722} INFO - Setting next_dagrun for example_xcom_args to None, run_after=None
[2023-11-30T02:27:34.188+0200] {logging_mixin.py:154} INFO - [2023-11-30T02:27:34.188+0200] {dag.py:3722} INFO - Setting next_dagrun for example_xcom_args_with_operators to None, run_after=None
[2023-11-30T02:27:34.210+0200] {processor.py:179} INFO - Processing /home/seva/UCU/AutomatedDataPipelines/Homework1/venv/lib/python3.10/site-packages/airflow/example_dags/example_xcomargs.py took 0.063 seconds
[2023-11-30T02:28:05.713+0200] {processor.py:157} INFO - Started process (PID=4581) to work on /home/seva/UCU/AutomatedDataPipelines/Homework1/venv/lib/python3.10/site-packages/airflow/example_dags/example_xcomargs.py
[2023-11-30T02:28:05.725+0200] {processor.py:829} INFO - Processing file /home/seva/UCU/AutomatedDataPipelines/Homework1/venv/lib/python3.10/site-packages/airflow/example_dags/example_xcomargs.py for tasks to queue
[2023-11-30T02:28:05.726+0200] {logging_mixin.py:154} INFO - [2023-11-30T02:28:05.726+0200] {dagbag.py:536} INFO - Filling up the DagBag from /home/seva/UCU/AutomatedDataPipelines/Homework1/venv/lib/python3.10/site-packages/airflow/example_dags/example_xcomargs.py
[2023-11-30T02:28:05.733+0200] {processor.py:839} INFO - DAG(s) dict_keys(['example_xcom_args_with_operators', 'example_xcom_args']) retrieved from /home/seva/UCU/AutomatedDataPipelines/Homework1/venv/lib/python3.10/site-packages/airflow/example_dags/example_xcomargs.py
[2023-11-30T02:28:05.749+0200] {logging_mixin.py:154} INFO - [2023-11-30T02:28:05.748+0200] {dag.py:2941} INFO - Sync 2 DAGs
[2023-11-30T02:28:05.758+0200] {logging_mixin.py:154} INFO - [2023-11-30T02:28:05.758+0200] {dag.py:3722} INFO - Setting next_dagrun for example_xcom_args to None, run_after=None
[2023-11-30T02:28:05.760+0200] {logging_mixin.py:154} INFO - [2023-11-30T02:28:05.760+0200] {dag.py:3722} INFO - Setting next_dagrun for example_xcom_args_with_operators to None, run_after=None
[2023-11-30T02:28:05.781+0200] {processor.py:179} INFO - Processing /home/seva/UCU/AutomatedDataPipelines/Homework1/venv/lib/python3.10/site-packages/airflow/example_dags/example_xcomargs.py took 0.072 seconds
[2023-11-30T02:28:49.260+0200] {processor.py:157} INFO - Started process (PID=4752) to work on /home/seva/UCU/AutomatedDataPipelines/Homework1/venv/lib/python3.10/site-packages/airflow/example_dags/example_xcomargs.py
[2023-11-30T02:28:49.272+0200] {processor.py:829} INFO - Processing file /home/seva/UCU/AutomatedDataPipelines/Homework1/venv/lib/python3.10/site-packages/airflow/example_dags/example_xcomargs.py for tasks to queue
[2023-11-30T02:28:49.274+0200] {logging_mixin.py:154} INFO - [2023-11-30T02:28:49.273+0200] {dagbag.py:536} INFO - Filling up the DagBag from /home/seva/UCU/AutomatedDataPipelines/Homework1/venv/lib/python3.10/site-packages/airflow/example_dags/example_xcomargs.py
[2023-11-30T02:28:49.281+0200] {processor.py:839} INFO - DAG(s) dict_keys(['example_xcom_args', 'example_xcom_args_with_operators']) retrieved from /home/seva/UCU/AutomatedDataPipelines/Homework1/venv/lib/python3.10/site-packages/airflow/example_dags/example_xcomargs.py
[2023-11-30T02:28:49.297+0200] {logging_mixin.py:154} INFO - [2023-11-30T02:28:49.297+0200] {dag.py:2941} INFO - Sync 2 DAGs
[2023-11-30T02:28:49.307+0200] {logging_mixin.py:154} INFO - [2023-11-30T02:28:49.307+0200] {dag.py:3722} INFO - Setting next_dagrun for example_xcom_args to None, run_after=None
[2023-11-30T02:28:49.310+0200] {logging_mixin.py:154} INFO - [2023-11-30T02:28:49.309+0200] {dag.py:3722} INFO - Setting next_dagrun for example_xcom_args_with_operators to None, run_after=None
[2023-11-30T02:28:49.332+0200] {processor.py:179} INFO - Processing /home/seva/UCU/AutomatedDataPipelines/Homework1/venv/lib/python3.10/site-packages/airflow/example_dags/example_xcomargs.py took 0.075 seconds
[2023-11-30T02:29:20.545+0200] {processor.py:157} INFO - Started process (PID=4876) to work on /home/seva/UCU/AutomatedDataPipelines/Homework1/venv/lib/python3.10/site-packages/airflow/example_dags/example_xcomargs.py
[2023-11-30T02:29:20.557+0200] {processor.py:829} INFO - Processing file /home/seva/UCU/AutomatedDataPipelines/Homework1/venv/lib/python3.10/site-packages/airflow/example_dags/example_xcomargs.py for tasks to queue
[2023-11-30T02:29:20.558+0200] {logging_mixin.py:154} INFO - [2023-11-30T02:29:20.558+0200] {dagbag.py:536} INFO - Filling up the DagBag from /home/seva/UCU/AutomatedDataPipelines/Homework1/venv/lib/python3.10/site-packages/airflow/example_dags/example_xcomargs.py
[2023-11-30T02:29:20.565+0200] {processor.py:839} INFO - DAG(s) dict_keys(['example_xcom_args', 'example_xcom_args_with_operators']) retrieved from /home/seva/UCU/AutomatedDataPipelines/Homework1/venv/lib/python3.10/site-packages/airflow/example_dags/example_xcomargs.py
[2023-11-30T02:29:20.581+0200] {logging_mixin.py:154} INFO - [2023-11-30T02:29:20.581+0200] {dag.py:2941} INFO - Sync 2 DAGs
[2023-11-30T02:29:20.590+0200] {logging_mixin.py:154} INFO - [2023-11-30T02:29:20.590+0200] {dag.py:3722} INFO - Setting next_dagrun for example_xcom_args to None, run_after=None
[2023-11-30T02:29:20.592+0200] {logging_mixin.py:154} INFO - [2023-11-30T02:29:20.592+0200] {dag.py:3722} INFO - Setting next_dagrun for example_xcom_args_with_operators to None, run_after=None
[2023-11-30T02:29:20.617+0200] {processor.py:179} INFO - Processing /home/seva/UCU/AutomatedDataPipelines/Homework1/venv/lib/python3.10/site-packages/airflow/example_dags/example_xcomargs.py took 0.075 seconds
[2023-11-30T02:30:03.469+0200] {processor.py:157} INFO - Started process (PID=5049) to work on /home/seva/UCU/AutomatedDataPipelines/Homework1/venv/lib/python3.10/site-packages/airflow/example_dags/example_xcomargs.py
[2023-11-30T02:30:03.471+0200] {processor.py:829} INFO - Processing file /home/seva/UCU/AutomatedDataPipelines/Homework1/venv/lib/python3.10/site-packages/airflow/example_dags/example_xcomargs.py for tasks to queue
[2023-11-30T02:30:03.472+0200] {logging_mixin.py:154} INFO - [2023-11-30T02:30:03.472+0200] {dagbag.py:536} INFO - Filling up the DagBag from /home/seva/UCU/AutomatedDataPipelines/Homework1/venv/lib/python3.10/site-packages/airflow/example_dags/example_xcomargs.py
[2023-11-30T02:30:03.479+0200] {processor.py:839} INFO - DAG(s) dict_keys(['example_xcom_args', 'example_xcom_args_with_operators']) retrieved from /home/seva/UCU/AutomatedDataPipelines/Homework1/venv/lib/python3.10/site-packages/airflow/example_dags/example_xcomargs.py
[2023-11-30T02:30:03.495+0200] {logging_mixin.py:154} INFO - [2023-11-30T02:30:03.494+0200] {dag.py:2941} INFO - Sync 2 DAGs
[2023-11-30T02:30:03.503+0200] {logging_mixin.py:154} INFO - [2023-11-30T02:30:03.503+0200] {dag.py:3722} INFO - Setting next_dagrun for example_xcom_args to None, run_after=None
[2023-11-30T02:30:03.507+0200] {logging_mixin.py:154} INFO - [2023-11-30T02:30:03.506+0200] {dag.py:3722} INFO - Setting next_dagrun for example_xcom_args_with_operators to None, run_after=None
[2023-11-30T02:30:03.529+0200] {processor.py:179} INFO - Processing /home/seva/UCU/AutomatedDataPipelines/Homework1/venv/lib/python3.10/site-packages/airflow/example_dags/example_xcomargs.py took 0.063 seconds
[2023-11-30T02:30:34.277+0200] {processor.py:157} INFO - Started process (PID=5172) to work on /home/seva/UCU/AutomatedDataPipelines/Homework1/venv/lib/python3.10/site-packages/airflow/example_dags/example_xcomargs.py
[2023-11-30T02:30:34.279+0200] {processor.py:829} INFO - Processing file /home/seva/UCU/AutomatedDataPipelines/Homework1/venv/lib/python3.10/site-packages/airflow/example_dags/example_xcomargs.py for tasks to queue
[2023-11-30T02:30:34.280+0200] {logging_mixin.py:154} INFO - [2023-11-30T02:30:34.280+0200] {dagbag.py:536} INFO - Filling up the DagBag from /home/seva/UCU/AutomatedDataPipelines/Homework1/venv/lib/python3.10/site-packages/airflow/example_dags/example_xcomargs.py
[2023-11-30T02:30:34.287+0200] {processor.py:839} INFO - DAG(s) dict_keys(['example_xcom_args', 'example_xcom_args_with_operators']) retrieved from /home/seva/UCU/AutomatedDataPipelines/Homework1/venv/lib/python3.10/site-packages/airflow/example_dags/example_xcomargs.py
[2023-11-30T02:30:34.303+0200] {logging_mixin.py:154} INFO - [2023-11-30T02:30:34.303+0200] {dag.py:2941} INFO - Sync 2 DAGs
[2023-11-30T02:30:34.312+0200] {logging_mixin.py:154} INFO - [2023-11-30T02:30:34.312+0200] {dag.py:3722} INFO - Setting next_dagrun for example_xcom_args to None, run_after=None
[2023-11-30T02:30:34.315+0200] {logging_mixin.py:154} INFO - [2023-11-30T02:30:34.315+0200] {dag.py:3722} INFO - Setting next_dagrun for example_xcom_args_with_operators to None, run_after=None
[2023-11-30T02:30:34.338+0200] {processor.py:179} INFO - Processing /home/seva/UCU/AutomatedDataPipelines/Homework1/venv/lib/python3.10/site-packages/airflow/example_dags/example_xcomargs.py took 0.064 seconds
[2023-11-30T02:31:20.642+0200] {processor.py:157} INFO - Started process (PID=5350) to work on /home/seva/UCU/AutomatedDataPipelines/Homework1/venv/lib/python3.10/site-packages/airflow/example_dags/example_xcomargs.py
[2023-11-30T02:31:20.654+0200] {processor.py:829} INFO - Processing file /home/seva/UCU/AutomatedDataPipelines/Homework1/venv/lib/python3.10/site-packages/airflow/example_dags/example_xcomargs.py for tasks to queue
[2023-11-30T02:31:20.655+0200] {logging_mixin.py:154} INFO - [2023-11-30T02:31:20.654+0200] {dagbag.py:536} INFO - Filling up the DagBag from /home/seva/UCU/AutomatedDataPipelines/Homework1/venv/lib/python3.10/site-packages/airflow/example_dags/example_xcomargs.py
[2023-11-30T02:31:20.663+0200] {processor.py:839} INFO - DAG(s) dict_keys(['example_xcom_args_with_operators', 'example_xcom_args']) retrieved from /home/seva/UCU/AutomatedDataPipelines/Homework1/venv/lib/python3.10/site-packages/airflow/example_dags/example_xcomargs.py
[2023-11-30T02:31:20.679+0200] {logging_mixin.py:154} INFO - [2023-11-30T02:31:20.679+0200] {dag.py:2941} INFO - Sync 2 DAGs
[2023-11-30T02:31:20.688+0200] {logging_mixin.py:154} INFO - [2023-11-30T02:31:20.688+0200] {dag.py:3722} INFO - Setting next_dagrun for example_xcom_args to None, run_after=None
[2023-11-30T02:31:20.691+0200] {logging_mixin.py:154} INFO - [2023-11-30T02:31:20.690+0200] {dag.py:3722} INFO - Setting next_dagrun for example_xcom_args_with_operators to None, run_after=None
[2023-11-30T02:31:20.714+0200] {processor.py:179} INFO - Processing /home/seva/UCU/AutomatedDataPipelines/Homework1/venv/lib/python3.10/site-packages/airflow/example_dags/example_xcomargs.py took 0.075 seconds
[2023-11-30T02:32:03.762+0200] {processor.py:157} INFO - Started process (PID=5524) to work on /home/seva/UCU/AutomatedDataPipelines/Homework1/venv/lib/python3.10/site-packages/airflow/example_dags/example_xcomargs.py
[2023-11-30T02:32:03.774+0200] {processor.py:829} INFO - Processing file /home/seva/UCU/AutomatedDataPipelines/Homework1/venv/lib/python3.10/site-packages/airflow/example_dags/example_xcomargs.py for tasks to queue
[2023-11-30T02:32:03.775+0200] {logging_mixin.py:154} INFO - [2023-11-30T02:32:03.775+0200] {dagbag.py:536} INFO - Filling up the DagBag from /home/seva/UCU/AutomatedDataPipelines/Homework1/venv/lib/python3.10/site-packages/airflow/example_dags/example_xcomargs.py
[2023-11-30T02:32:03.784+0200] {processor.py:839} INFO - DAG(s) dict_keys(['example_xcom_args', 'example_xcom_args_with_operators']) retrieved from /home/seva/UCU/AutomatedDataPipelines/Homework1/venv/lib/python3.10/site-packages/airflow/example_dags/example_xcomargs.py
[2023-11-30T02:32:03.801+0200] {logging_mixin.py:154} INFO - [2023-11-30T02:32:03.801+0200] {dag.py:2941} INFO - Sync 2 DAGs
[2023-11-30T02:32:03.811+0200] {logging_mixin.py:154} INFO - [2023-11-30T02:32:03.811+0200] {dag.py:3722} INFO - Setting next_dagrun for example_xcom_args to None, run_after=None
[2023-11-30T02:32:03.814+0200] {logging_mixin.py:154} INFO - [2023-11-30T02:32:03.813+0200] {dag.py:3722} INFO - Setting next_dagrun for example_xcom_args_with_operators to None, run_after=None
[2023-11-30T02:32:03.836+0200] {processor.py:179} INFO - Processing /home/seva/UCU/AutomatedDataPipelines/Homework1/venv/lib/python3.10/site-packages/airflow/example_dags/example_xcomargs.py took 0.077 seconds
[2023-11-30T02:32:34.046+0200] {processor.py:157} INFO - Started process (PID=5669) to work on /home/seva/UCU/AutomatedDataPipelines/Homework1/venv/lib/python3.10/site-packages/airflow/example_dags/example_xcomargs.py
[2023-11-30T02:32:34.055+0200] {processor.py:829} INFO - Processing file /home/seva/UCU/AutomatedDataPipelines/Homework1/venv/lib/python3.10/site-packages/airflow/example_dags/example_xcomargs.py for tasks to queue
[2023-11-30T02:32:34.056+0200] {logging_mixin.py:154} INFO - [2023-11-30T02:32:34.056+0200] {dagbag.py:536} INFO - Filling up the DagBag from /home/seva/UCU/AutomatedDataPipelines/Homework1/venv/lib/python3.10/site-packages/airflow/example_dags/example_xcomargs.py
[2023-11-30T02:32:34.064+0200] {processor.py:839} INFO - DAG(s) dict_keys(['example_xcom_args', 'example_xcom_args_with_operators']) retrieved from /home/seva/UCU/AutomatedDataPipelines/Homework1/venv/lib/python3.10/site-packages/airflow/example_dags/example_xcomargs.py
[2023-11-30T02:32:34.080+0200] {logging_mixin.py:154} INFO - [2023-11-30T02:32:34.080+0200] {dag.py:2941} INFO - Sync 2 DAGs
[2023-11-30T02:32:34.090+0200] {logging_mixin.py:154} INFO - [2023-11-30T02:32:34.090+0200] {dag.py:3722} INFO - Setting next_dagrun for example_xcom_args to None, run_after=None
[2023-11-30T02:32:34.093+0200] {logging_mixin.py:154} INFO - [2023-11-30T02:32:34.093+0200] {dag.py:3722} INFO - Setting next_dagrun for example_xcom_args_with_operators to None, run_after=None
[2023-11-30T02:32:34.115+0200] {processor.py:179} INFO - Processing /home/seva/UCU/AutomatedDataPipelines/Homework1/venv/lib/python3.10/site-packages/airflow/example_dags/example_xcomargs.py took 0.072 seconds
[2023-11-30T02:33:05.475+0200] {processor.py:157} INFO - Started process (PID=5795) to work on /home/seva/UCU/AutomatedDataPipelines/Homework1/venv/lib/python3.10/site-packages/airflow/example_dags/example_xcomargs.py
[2023-11-30T02:33:05.486+0200] {processor.py:829} INFO - Processing file /home/seva/UCU/AutomatedDataPipelines/Homework1/venv/lib/python3.10/site-packages/airflow/example_dags/example_xcomargs.py for tasks to queue
[2023-11-30T02:33:05.487+0200] {logging_mixin.py:154} INFO - [2023-11-30T02:33:05.487+0200] {dagbag.py:536} INFO - Filling up the DagBag from /home/seva/UCU/AutomatedDataPipelines/Homework1/venv/lib/python3.10/site-packages/airflow/example_dags/example_xcomargs.py
[2023-11-30T02:33:05.495+0200] {processor.py:839} INFO - DAG(s) dict_keys(['example_xcom_args_with_operators', 'example_xcom_args']) retrieved from /home/seva/UCU/AutomatedDataPipelines/Homework1/venv/lib/python3.10/site-packages/airflow/example_dags/example_xcomargs.py
[2023-11-30T02:33:05.512+0200] {logging_mixin.py:154} INFO - [2023-11-30T02:33:05.512+0200] {dag.py:2941} INFO - Sync 2 DAGs
[2023-11-30T02:33:05.523+0200] {logging_mixin.py:154} INFO - [2023-11-30T02:33:05.522+0200] {dag.py:3722} INFO - Setting next_dagrun for example_xcom_args to None, run_after=None
[2023-11-30T02:33:05.526+0200] {logging_mixin.py:154} INFO - [2023-11-30T02:33:05.525+0200] {dag.py:3722} INFO - Setting next_dagrun for example_xcom_args_with_operators to None, run_after=None
[2023-11-30T02:33:05.548+0200] {processor.py:179} INFO - Processing /home/seva/UCU/AutomatedDataPipelines/Homework1/venv/lib/python3.10/site-packages/airflow/example_dags/example_xcomargs.py took 0.077 seconds
[2023-11-30T02:33:37.142+0200] {processor.py:157} INFO - Started process (PID=5917) to work on /home/seva/UCU/AutomatedDataPipelines/Homework1/venv/lib/python3.10/site-packages/airflow/example_dags/example_xcomargs.py
[2023-11-30T02:33:37.154+0200] {processor.py:829} INFO - Processing file /home/seva/UCU/AutomatedDataPipelines/Homework1/venv/lib/python3.10/site-packages/airflow/example_dags/example_xcomargs.py for tasks to queue
[2023-11-30T02:33:37.155+0200] {logging_mixin.py:154} INFO - [2023-11-30T02:33:37.154+0200] {dagbag.py:536} INFO - Filling up the DagBag from /home/seva/UCU/AutomatedDataPipelines/Homework1/venv/lib/python3.10/site-packages/airflow/example_dags/example_xcomargs.py
[2023-11-30T02:33:37.162+0200] {processor.py:839} INFO - DAG(s) dict_keys(['example_xcom_args_with_operators', 'example_xcom_args']) retrieved from /home/seva/UCU/AutomatedDataPipelines/Homework1/venv/lib/python3.10/site-packages/airflow/example_dags/example_xcomargs.py
[2023-11-30T02:33:37.178+0200] {logging_mixin.py:154} INFO - [2023-11-30T02:33:37.177+0200] {dag.py:2941} INFO - Sync 2 DAGs
[2023-11-30T02:33:37.187+0200] {logging_mixin.py:154} INFO - [2023-11-30T02:33:37.186+0200] {dag.py:3722} INFO - Setting next_dagrun for example_xcom_args to None, run_after=None
[2023-11-30T02:33:37.189+0200] {logging_mixin.py:154} INFO - [2023-11-30T02:33:37.189+0200] {dag.py:3722} INFO - Setting next_dagrun for example_xcom_args_with_operators to None, run_after=None
[2023-11-30T02:33:37.212+0200] {processor.py:179} INFO - Processing /home/seva/UCU/AutomatedDataPipelines/Homework1/venv/lib/python3.10/site-packages/airflow/example_dags/example_xcomargs.py took 0.073 seconds
[2023-11-30T02:34:08.356+0200] {processor.py:157} INFO - Started process (PID=6038) to work on /home/seva/UCU/AutomatedDataPipelines/Homework1/venv/lib/python3.10/site-packages/airflow/example_dags/example_xcomargs.py
[2023-11-30T02:34:08.369+0200] {processor.py:829} INFO - Processing file /home/seva/UCU/AutomatedDataPipelines/Homework1/venv/lib/python3.10/site-packages/airflow/example_dags/example_xcomargs.py for tasks to queue
[2023-11-30T02:34:08.370+0200] {logging_mixin.py:154} INFO - [2023-11-30T02:34:08.370+0200] {dagbag.py:536} INFO - Filling up the DagBag from /home/seva/UCU/AutomatedDataPipelines/Homework1/venv/lib/python3.10/site-packages/airflow/example_dags/example_xcomargs.py
[2023-11-30T02:34:08.385+0200] {processor.py:839} INFO - DAG(s) dict_keys(['example_xcom_args', 'example_xcom_args_with_operators']) retrieved from /home/seva/UCU/AutomatedDataPipelines/Homework1/venv/lib/python3.10/site-packages/airflow/example_dags/example_xcomargs.py
[2023-11-30T02:34:08.409+0200] {logging_mixin.py:154} INFO - [2023-11-30T02:34:08.408+0200] {dag.py:2941} INFO - Sync 2 DAGs
[2023-11-30T02:34:08.429+0200] {logging_mixin.py:154} INFO - [2023-11-30T02:34:08.428+0200] {dag.py:3722} INFO - Setting next_dagrun for example_xcom_args to None, run_after=None
[2023-11-30T02:34:08.433+0200] {logging_mixin.py:154} INFO - [2023-11-30T02:34:08.433+0200] {dag.py:3722} INFO - Setting next_dagrun for example_xcom_args_with_operators to None, run_after=None
[2023-11-30T02:34:08.462+0200] {processor.py:179} INFO - Processing /home/seva/UCU/AutomatedDataPipelines/Homework1/venv/lib/python3.10/site-packages/airflow/example_dags/example_xcomargs.py took 0.108 seconds
[2023-11-30T02:34:42.460+0200] {processor.py:157} INFO - Started process (PID=6183) to work on /home/seva/UCU/AutomatedDataPipelines/Homework1/venv/lib/python3.10/site-packages/airflow/example_dags/example_xcomargs.py
[2023-11-30T02:34:42.472+0200] {processor.py:829} INFO - Processing file /home/seva/UCU/AutomatedDataPipelines/Homework1/venv/lib/python3.10/site-packages/airflow/example_dags/example_xcomargs.py for tasks to queue
[2023-11-30T02:34:42.473+0200] {logging_mixin.py:154} INFO - [2023-11-30T02:34:42.473+0200] {dagbag.py:536} INFO - Filling up the DagBag from /home/seva/UCU/AutomatedDataPipelines/Homework1/venv/lib/python3.10/site-packages/airflow/example_dags/example_xcomargs.py
[2023-11-30T02:34:42.481+0200] {processor.py:839} INFO - DAG(s) dict_keys(['example_xcom_args', 'example_xcom_args_with_operators']) retrieved from /home/seva/UCU/AutomatedDataPipelines/Homework1/venv/lib/python3.10/site-packages/airflow/example_dags/example_xcomargs.py
[2023-11-30T02:34:42.496+0200] {logging_mixin.py:154} INFO - [2023-11-30T02:34:42.496+0200] {dag.py:2941} INFO - Sync 2 DAGs
[2023-11-30T02:34:42.505+0200] {logging_mixin.py:154} INFO - [2023-11-30T02:34:42.505+0200] {dag.py:3722} INFO - Setting next_dagrun for example_xcom_args to None, run_after=None
[2023-11-30T02:34:42.507+0200] {logging_mixin.py:154} INFO - [2023-11-30T02:34:42.507+0200] {dag.py:3722} INFO - Setting next_dagrun for example_xcom_args_with_operators to None, run_after=None
[2023-11-30T02:34:42.530+0200] {processor.py:179} INFO - Processing /home/seva/UCU/AutomatedDataPipelines/Homework1/venv/lib/python3.10/site-packages/airflow/example_dags/example_xcomargs.py took 0.073 seconds
[2023-11-30T02:35:16.034+0200] {processor.py:157} INFO - Started process (PID=6312) to work on /home/seva/UCU/AutomatedDataPipelines/Homework1/venv/lib/python3.10/site-packages/airflow/example_dags/example_xcomargs.py
[2023-11-30T02:35:16.048+0200] {processor.py:829} INFO - Processing file /home/seva/UCU/AutomatedDataPipelines/Homework1/venv/lib/python3.10/site-packages/airflow/example_dags/example_xcomargs.py for tasks to queue
[2023-11-30T02:35:16.050+0200] {logging_mixin.py:154} INFO - [2023-11-30T02:35:16.049+0200] {dagbag.py:536} INFO - Filling up the DagBag from /home/seva/UCU/AutomatedDataPipelines/Homework1/venv/lib/python3.10/site-packages/airflow/example_dags/example_xcomargs.py
[2023-11-30T02:35:16.060+0200] {processor.py:839} INFO - DAG(s) dict_keys(['example_xcom_args', 'example_xcom_args_with_operators']) retrieved from /home/seva/UCU/AutomatedDataPipelines/Homework1/venv/lib/python3.10/site-packages/airflow/example_dags/example_xcomargs.py
[2023-11-30T02:35:16.099+0200] {logging_mixin.py:154} INFO - [2023-11-30T02:35:16.097+0200] {dag.py:2941} INFO - Sync 2 DAGs
[2023-11-30T02:35:16.119+0200] {logging_mixin.py:154} INFO - [2023-11-30T02:35:16.118+0200] {dag.py:3722} INFO - Setting next_dagrun for example_xcom_args to None, run_after=None
[2023-11-30T02:35:16.123+0200] {logging_mixin.py:154} INFO - [2023-11-30T02:35:16.122+0200] {dag.py:3722} INFO - Setting next_dagrun for example_xcom_args_with_operators to None, run_after=None
[2023-11-30T02:35:16.157+0200] {processor.py:179} INFO - Processing /home/seva/UCU/AutomatedDataPipelines/Homework1/venv/lib/python3.10/site-packages/airflow/example_dags/example_xcomargs.py took 0.132 seconds
[2023-11-30T02:36:00.187+0200] {processor.py:157} INFO - Started process (PID=6491) to work on /home/seva/UCU/AutomatedDataPipelines/Homework1/venv/lib/python3.10/site-packages/airflow/example_dags/example_xcomargs.py
[2023-11-30T02:36:00.189+0200] {processor.py:829} INFO - Processing file /home/seva/UCU/AutomatedDataPipelines/Homework1/venv/lib/python3.10/site-packages/airflow/example_dags/example_xcomargs.py for tasks to queue
[2023-11-30T02:36:00.189+0200] {logging_mixin.py:154} INFO - [2023-11-30T02:36:00.189+0200] {dagbag.py:536} INFO - Filling up the DagBag from /home/seva/UCU/AutomatedDataPipelines/Homework1/venv/lib/python3.10/site-packages/airflow/example_dags/example_xcomargs.py
[2023-11-30T02:36:00.197+0200] {processor.py:839} INFO - DAG(s) dict_keys(['example_xcom_args', 'example_xcom_args_with_operators']) retrieved from /home/seva/UCU/AutomatedDataPipelines/Homework1/venv/lib/python3.10/site-packages/airflow/example_dags/example_xcomargs.py
[2023-11-30T02:36:00.212+0200] {logging_mixin.py:154} INFO - [2023-11-30T02:36:00.212+0200] {dag.py:2941} INFO - Sync 2 DAGs
[2023-11-30T02:36:00.222+0200] {logging_mixin.py:154} INFO - [2023-11-30T02:36:00.222+0200] {dag.py:3722} INFO - Setting next_dagrun for example_xcom_args to None, run_after=None
[2023-11-30T02:36:00.225+0200] {logging_mixin.py:154} INFO - [2023-11-30T02:36:00.225+0200] {dag.py:3722} INFO - Setting next_dagrun for example_xcom_args_with_operators to None, run_after=None
[2023-11-30T02:36:00.247+0200] {processor.py:179} INFO - Processing /home/seva/UCU/AutomatedDataPipelines/Homework1/venv/lib/python3.10/site-packages/airflow/example_dags/example_xcomargs.py took 0.063 seconds
[2023-11-30T02:36:30.918+0200] {processor.py:157} INFO - Started process (PID=6612) to work on /home/seva/UCU/AutomatedDataPipelines/Homework1/venv/lib/python3.10/site-packages/airflow/example_dags/example_xcomargs.py
[2023-11-30T02:36:30.930+0200] {processor.py:829} INFO - Processing file /home/seva/UCU/AutomatedDataPipelines/Homework1/venv/lib/python3.10/site-packages/airflow/example_dags/example_xcomargs.py for tasks to queue
[2023-11-30T02:36:30.931+0200] {logging_mixin.py:154} INFO - [2023-11-30T02:36:30.931+0200] {dagbag.py:536} INFO - Filling up the DagBag from /home/seva/UCU/AutomatedDataPipelines/Homework1/venv/lib/python3.10/site-packages/airflow/example_dags/example_xcomargs.py
[2023-11-30T02:36:30.940+0200] {processor.py:839} INFO - DAG(s) dict_keys(['example_xcom_args', 'example_xcom_args_with_operators']) retrieved from /home/seva/UCU/AutomatedDataPipelines/Homework1/venv/lib/python3.10/site-packages/airflow/example_dags/example_xcomargs.py
[2023-11-30T02:36:30.960+0200] {logging_mixin.py:154} INFO - [2023-11-30T02:36:30.960+0200] {dag.py:2941} INFO - Sync 2 DAGs
[2023-11-30T02:36:30.973+0200] {logging_mixin.py:154} INFO - [2023-11-30T02:36:30.972+0200] {dag.py:3722} INFO - Setting next_dagrun for example_xcom_args to None, run_after=None
[2023-11-30T02:36:30.976+0200] {logging_mixin.py:154} INFO - [2023-11-30T02:36:30.976+0200] {dag.py:3722} INFO - Setting next_dagrun for example_xcom_args_with_operators to None, run_after=None
[2023-11-30T02:36:31.003+0200] {processor.py:179} INFO - Processing /home/seva/UCU/AutomatedDataPipelines/Homework1/venv/lib/python3.10/site-packages/airflow/example_dags/example_xcomargs.py took 0.089 seconds
[2023-11-30T02:37:02.455+0200] {processor.py:157} INFO - Started process (PID=6737) to work on /home/seva/UCU/AutomatedDataPipelines/Homework1/venv/lib/python3.10/site-packages/airflow/example_dags/example_xcomargs.py
[2023-11-30T02:37:02.457+0200] {processor.py:829} INFO - Processing file /home/seva/UCU/AutomatedDataPipelines/Homework1/venv/lib/python3.10/site-packages/airflow/example_dags/example_xcomargs.py for tasks to queue
[2023-11-30T02:37:02.458+0200] {logging_mixin.py:154} INFO - [2023-11-30T02:37:02.457+0200] {dagbag.py:536} INFO - Filling up the DagBag from /home/seva/UCU/AutomatedDataPipelines/Homework1/venv/lib/python3.10/site-packages/airflow/example_dags/example_xcomargs.py
[2023-11-30T02:37:02.467+0200] {processor.py:839} INFO - DAG(s) dict_keys(['example_xcom_args', 'example_xcom_args_with_operators']) retrieved from /home/seva/UCU/AutomatedDataPipelines/Homework1/venv/lib/python3.10/site-packages/airflow/example_dags/example_xcomargs.py
[2023-11-30T02:37:02.486+0200] {logging_mixin.py:154} INFO - [2023-11-30T02:37:02.486+0200] {dag.py:2941} INFO - Sync 2 DAGs
[2023-11-30T02:37:02.503+0200] {logging_mixin.py:154} INFO - [2023-11-30T02:37:02.503+0200] {dag.py:3722} INFO - Setting next_dagrun for example_xcom_args to None, run_after=None
[2023-11-30T02:37:02.508+0200] {logging_mixin.py:154} INFO - [2023-11-30T02:37:02.508+0200] {dag.py:3722} INFO - Setting next_dagrun for example_xcom_args_with_operators to None, run_after=None
[2023-11-30T02:37:02.555+0200] {processor.py:179} INFO - Processing /home/seva/UCU/AutomatedDataPipelines/Homework1/venv/lib/python3.10/site-packages/airflow/example_dags/example_xcomargs.py took 0.104 seconds
[2023-11-30T02:37:35.345+0200] {processor.py:157} INFO - Started process (PID=6868) to work on /home/seva/UCU/AutomatedDataPipelines/Homework1/venv/lib/python3.10/site-packages/airflow/example_dags/example_xcomargs.py
[2023-11-30T02:37:35.358+0200] {processor.py:829} INFO - Processing file /home/seva/UCU/AutomatedDataPipelines/Homework1/venv/lib/python3.10/site-packages/airflow/example_dags/example_xcomargs.py for tasks to queue
[2023-11-30T02:37:35.359+0200] {logging_mixin.py:154} INFO - [2023-11-30T02:37:35.359+0200] {dagbag.py:536} INFO - Filling up the DagBag from /home/seva/UCU/AutomatedDataPipelines/Homework1/venv/lib/python3.10/site-packages/airflow/example_dags/example_xcomargs.py
[2023-11-30T02:37:35.372+0200] {processor.py:839} INFO - DAG(s) dict_keys(['example_xcom_args', 'example_xcom_args_with_operators']) retrieved from /home/seva/UCU/AutomatedDataPipelines/Homework1/venv/lib/python3.10/site-packages/airflow/example_dags/example_xcomargs.py
[2023-11-30T02:37:35.400+0200] {logging_mixin.py:154} INFO - [2023-11-30T02:37:35.400+0200] {dag.py:2941} INFO - Sync 2 DAGs
[2023-11-30T02:37:35.415+0200] {logging_mixin.py:154} INFO - [2023-11-30T02:37:35.415+0200] {dag.py:3722} INFO - Setting next_dagrun for example_xcom_args to None, run_after=None
[2023-11-30T02:37:35.418+0200] {logging_mixin.py:154} INFO - [2023-11-30T02:37:35.418+0200] {dag.py:3722} INFO - Setting next_dagrun for example_xcom_args_with_operators to None, run_after=None
[2023-11-30T02:37:35.447+0200] {processor.py:179} INFO - Processing /home/seva/UCU/AutomatedDataPipelines/Homework1/venv/lib/python3.10/site-packages/airflow/example_dags/example_xcomargs.py took 0.107 seconds
[2023-11-30T02:38:09.120+0200] {processor.py:157} INFO - Started process (PID=6997) to work on /home/seva/UCU/AutomatedDataPipelines/Homework1/venv/lib/python3.10/site-packages/airflow/example_dags/example_xcomargs.py
[2023-11-30T02:38:09.132+0200] {processor.py:829} INFO - Processing file /home/seva/UCU/AutomatedDataPipelines/Homework1/venv/lib/python3.10/site-packages/airflow/example_dags/example_xcomargs.py for tasks to queue
[2023-11-30T02:38:09.133+0200] {logging_mixin.py:154} INFO - [2023-11-30T02:38:09.133+0200] {dagbag.py:536} INFO - Filling up the DagBag from /home/seva/UCU/AutomatedDataPipelines/Homework1/venv/lib/python3.10/site-packages/airflow/example_dags/example_xcomargs.py
[2023-11-30T02:38:09.141+0200] {processor.py:839} INFO - DAG(s) dict_keys(['example_xcom_args', 'example_xcom_args_with_operators']) retrieved from /home/seva/UCU/AutomatedDataPipelines/Homework1/venv/lib/python3.10/site-packages/airflow/example_dags/example_xcomargs.py
[2023-11-30T02:38:09.159+0200] {logging_mixin.py:154} INFO - [2023-11-30T02:38:09.158+0200] {dag.py:2941} INFO - Sync 2 DAGs
[2023-11-30T02:38:09.168+0200] {logging_mixin.py:154} INFO - [2023-11-30T02:38:09.168+0200] {dag.py:3722} INFO - Setting next_dagrun for example_xcom_args to None, run_after=None
[2023-11-30T02:38:09.172+0200] {logging_mixin.py:154} INFO - [2023-11-30T02:38:09.171+0200] {dag.py:3722} INFO - Setting next_dagrun for example_xcom_args_with_operators to None, run_after=None
[2023-11-30T02:38:09.196+0200] {processor.py:179} INFO - Processing /home/seva/UCU/AutomatedDataPipelines/Homework1/venv/lib/python3.10/site-packages/airflow/example_dags/example_xcomargs.py took 0.080 seconds
[2023-11-30T02:38:45.303+0200] {processor.py:157} INFO - Started process (PID=7310) to work on /home/seva/UCU/AutomatedDataPipelines/Homework1/venv/lib/python3.10/site-packages/airflow/example_dags/example_xcomargs.py
[2023-11-30T02:38:45.307+0200] {processor.py:829} INFO - Processing file /home/seva/UCU/AutomatedDataPipelines/Homework1/venv/lib/python3.10/site-packages/airflow/example_dags/example_xcomargs.py for tasks to queue
[2023-11-30T02:38:45.309+0200] {logging_mixin.py:154} INFO - [2023-11-30T02:38:45.308+0200] {dagbag.py:536} INFO - Filling up the DagBag from /home/seva/UCU/AutomatedDataPipelines/Homework1/venv/lib/python3.10/site-packages/airflow/example_dags/example_xcomargs.py
[2023-11-30T02:38:45.328+0200] {processor.py:839} INFO - DAG(s) dict_keys(['example_xcom_args', 'example_xcom_args_with_operators']) retrieved from /home/seva/UCU/AutomatedDataPipelines/Homework1/venv/lib/python3.10/site-packages/airflow/example_dags/example_xcomargs.py
[2023-11-30T02:38:45.362+0200] {logging_mixin.py:154} INFO - [2023-11-30T02:38:45.361+0200] {dag.py:2941} INFO - Sync 2 DAGs
[2023-11-30T02:38:45.383+0200] {logging_mixin.py:154} INFO - [2023-11-30T02:38:45.383+0200] {dag.py:3722} INFO - Setting next_dagrun for example_xcom_args to None, run_after=None
[2023-11-30T02:38:45.388+0200] {logging_mixin.py:154} INFO - [2023-11-30T02:38:45.387+0200] {dag.py:3722} INFO - Setting next_dagrun for example_xcom_args_with_operators to None, run_after=None
[2023-11-30T02:38:45.416+0200] {processor.py:179} INFO - Processing /home/seva/UCU/AutomatedDataPipelines/Homework1/venv/lib/python3.10/site-packages/airflow/example_dags/example_xcomargs.py took 0.120 seconds
