[2023-11-30T02:13:23.041+0200] {processor.py:157} INFO - Started process (PID=1171) to work on /home/seva/UCU/AutomatedDataPipelines/Homework1/venv/lib/python3.10/site-packages/airflow/example_dags/example_params_trigger_ui.py
[2023-11-30T02:13:23.043+0200] {processor.py:829} INFO - Processing file /home/seva/UCU/AutomatedDataPipelines/Homework1/venv/lib/python3.10/site-packages/airflow/example_dags/example_params_trigger_ui.py for tasks to queue
[2023-11-30T02:13:23.043+0200] {logging_mixin.py:154} INFO - [2023-11-30T02:13:23.043+0200] {dagbag.py:536} INFO - Filling up the DagBag from /home/seva/UCU/AutomatedDataPipelines/Homework1/venv/lib/python3.10/site-packages/airflow/example_dags/example_params_trigger_ui.py
[2023-11-30T02:13:23.062+0200] {processor.py:839} INFO - DAG(s) dict_keys(['example_params_trigger_ui']) retrieved from /home/seva/UCU/AutomatedDataPipelines/Homework1/venv/lib/python3.10/site-packages/airflow/example_dags/example_params_trigger_ui.py
[2023-11-30T02:13:23.194+0200] {logging_mixin.py:154} INFO - [2023-11-30T02:13:23.194+0200] {manager.py:499} INFO - Created Permission View: %s
[2023-11-30T02:13:23.211+0200] {logging_mixin.py:154} INFO - [2023-11-30T02:13:23.211+0200] {manager.py:499} INFO - Created Permission View: %s
[2023-11-30T02:13:23.226+0200] {logging_mixin.py:154} INFO - [2023-11-30T02:13:23.226+0200] {manager.py:499} INFO - Created Permission View: %s
[2023-11-30T02:13:23.226+0200] {logging_mixin.py:154} INFO - [2023-11-30T02:13:23.226+0200] {dag.py:2941} INFO - Sync 1 DAGs
[2023-11-30T02:13:23.236+0200] {logging_mixin.py:154} INFO - [2023-11-30T02:13:23.236+0200] {dag.py:2963} INFO - Creating ORM DAG for example_params_trigger_ui
[2023-11-30T02:13:23.237+0200] {logging_mixin.py:154} INFO - [2023-11-30T02:13:23.237+0200] {dag.py:3722} INFO - Setting next_dagrun for example_params_trigger_ui to None, run_after=None
[2023-11-30T02:13:23.266+0200] {processor.py:179} INFO - Processing /home/seva/UCU/AutomatedDataPipelines/Homework1/venv/lib/python3.10/site-packages/airflow/example_dags/example_params_trigger_ui.py took 0.230 seconds
[2023-11-30T02:14:14.089+0200] {processor.py:157} INFO - Started process (PID=1315) to work on /home/seva/UCU/AutomatedDataPipelines/Homework1/venv/lib/python3.10/site-packages/airflow/example_dags/example_params_trigger_ui.py
[2023-11-30T02:14:14.102+0200] {processor.py:829} INFO - Processing file /home/seva/UCU/AutomatedDataPipelines/Homework1/venv/lib/python3.10/site-packages/airflow/example_dags/example_params_trigger_ui.py for tasks to queue
[2023-11-30T02:14:14.103+0200] {logging_mixin.py:154} INFO - [2023-11-30T02:14:14.102+0200] {dagbag.py:536} INFO - Filling up the DagBag from /home/seva/UCU/AutomatedDataPipelines/Homework1/venv/lib/python3.10/site-packages/airflow/example_dags/example_params_trigger_ui.py
[2023-11-30T02:14:14.117+0200] {processor.py:839} INFO - DAG(s) dict_keys(['example_params_trigger_ui']) retrieved from /home/seva/UCU/AutomatedDataPipelines/Homework1/venv/lib/python3.10/site-packages/airflow/example_dags/example_params_trigger_ui.py
[2023-11-30T02:14:14.149+0200] {logging_mixin.py:154} INFO - [2023-11-30T02:14:14.148+0200] {dag.py:2941} INFO - Sync 1 DAGs
[2023-11-30T02:14:14.158+0200] {logging_mixin.py:154} INFO - [2023-11-30T02:14:14.158+0200] {dag.py:3722} INFO - Setting next_dagrun for example_params_trigger_ui to None, run_after=None
[2023-11-30T02:14:14.183+0200] {processor.py:179} INFO - Processing /home/seva/UCU/AutomatedDataPipelines/Homework1/venv/lib/python3.10/site-packages/airflow/example_dags/example_params_trigger_ui.py took 0.096 seconds
[2023-11-30T02:14:46.287+0200] {processor.py:157} INFO - Started process (PID=1422) to work on /home/seva/UCU/AutomatedDataPipelines/Homework1/venv/lib/python3.10/site-packages/airflow/example_dags/example_params_trigger_ui.py
[2023-11-30T02:14:46.298+0200] {processor.py:829} INFO - Processing file /home/seva/UCU/AutomatedDataPipelines/Homework1/venv/lib/python3.10/site-packages/airflow/example_dags/example_params_trigger_ui.py for tasks to queue
[2023-11-30T02:14:46.300+0200] {logging_mixin.py:154} INFO - [2023-11-30T02:14:46.299+0200] {dagbag.py:536} INFO - Filling up the DagBag from /home/seva/UCU/AutomatedDataPipelines/Homework1/venv/lib/python3.10/site-packages/airflow/example_dags/example_params_trigger_ui.py
[2023-11-30T02:14:46.315+0200] {processor.py:839} INFO - DAG(s) dict_keys(['example_params_trigger_ui']) retrieved from /home/seva/UCU/AutomatedDataPipelines/Homework1/venv/lib/python3.10/site-packages/airflow/example_dags/example_params_trigger_ui.py
[2023-11-30T02:14:46.347+0200] {logging_mixin.py:154} INFO - [2023-11-30T02:14:46.347+0200] {dag.py:2941} INFO - Sync 1 DAGs
[2023-11-30T02:14:46.356+0200] {logging_mixin.py:154} INFO - [2023-11-30T02:14:46.356+0200] {dag.py:3722} INFO - Setting next_dagrun for example_params_trigger_ui to None, run_after=None
[2023-11-30T02:14:46.387+0200] {processor.py:179} INFO - Processing /home/seva/UCU/AutomatedDataPipelines/Homework1/venv/lib/python3.10/site-packages/airflow/example_dags/example_params_trigger_ui.py took 0.102 seconds
[2023-11-30T02:15:20.756+0200] {processor.py:157} INFO - Started process (PID=1551) to work on /home/seva/UCU/AutomatedDataPipelines/Homework1/venv/lib/python3.10/site-packages/airflow/example_dags/example_params_trigger_ui.py
[2023-11-30T02:15:20.768+0200] {processor.py:829} INFO - Processing file /home/seva/UCU/AutomatedDataPipelines/Homework1/venv/lib/python3.10/site-packages/airflow/example_dags/example_params_trigger_ui.py for tasks to queue
[2023-11-30T02:15:20.770+0200] {logging_mixin.py:154} INFO - [2023-11-30T02:15:20.769+0200] {dagbag.py:536} INFO - Filling up the DagBag from /home/seva/UCU/AutomatedDataPipelines/Homework1/venv/lib/python3.10/site-packages/airflow/example_dags/example_params_trigger_ui.py
[2023-11-30T02:15:20.784+0200] {processor.py:839} INFO - DAG(s) dict_keys(['example_params_trigger_ui']) retrieved from /home/seva/UCU/AutomatedDataPipelines/Homework1/venv/lib/python3.10/site-packages/airflow/example_dags/example_params_trigger_ui.py
[2023-11-30T02:15:20.817+0200] {logging_mixin.py:154} INFO - [2023-11-30T02:15:20.817+0200] {dag.py:2941} INFO - Sync 1 DAGs
[2023-11-30T02:15:20.827+0200] {logging_mixin.py:154} INFO - [2023-11-30T02:15:20.826+0200] {dag.py:3722} INFO - Setting next_dagrun for example_params_trigger_ui to None, run_after=None
[2023-11-30T02:15:20.850+0200] {processor.py:179} INFO - Processing /home/seva/UCU/AutomatedDataPipelines/Homework1/venv/lib/python3.10/site-packages/airflow/example_dags/example_params_trigger_ui.py took 0.096 seconds
[2023-11-30T02:16:03.106+0200] {processor.py:157} INFO - Started process (PID=1722) to work on /home/seva/UCU/AutomatedDataPipelines/Homework1/venv/lib/python3.10/site-packages/airflow/example_dags/example_params_trigger_ui.py
[2023-11-30T02:16:03.118+0200] {processor.py:829} INFO - Processing file /home/seva/UCU/AutomatedDataPipelines/Homework1/venv/lib/python3.10/site-packages/airflow/example_dags/example_params_trigger_ui.py for tasks to queue
[2023-11-30T02:16:03.119+0200] {logging_mixin.py:154} INFO - [2023-11-30T02:16:03.118+0200] {dagbag.py:536} INFO - Filling up the DagBag from /home/seva/UCU/AutomatedDataPipelines/Homework1/venv/lib/python3.10/site-packages/airflow/example_dags/example_params_trigger_ui.py
[2023-11-30T02:16:03.134+0200] {processor.py:839} INFO - DAG(s) dict_keys(['example_params_trigger_ui']) retrieved from /home/seva/UCU/AutomatedDataPipelines/Homework1/venv/lib/python3.10/site-packages/airflow/example_dags/example_params_trigger_ui.py
[2023-11-30T02:16:03.165+0200] {logging_mixin.py:154} INFO - [2023-11-30T02:16:03.165+0200] {dag.py:2941} INFO - Sync 1 DAGs
[2023-11-30T02:16:03.174+0200] {logging_mixin.py:154} INFO - [2023-11-30T02:16:03.174+0200] {dag.py:3722} INFO - Setting next_dagrun for example_params_trigger_ui to None, run_after=None
[2023-11-30T02:16:03.197+0200] {processor.py:179} INFO - Processing /home/seva/UCU/AutomatedDataPipelines/Homework1/venv/lib/python3.10/site-packages/airflow/example_dags/example_params_trigger_ui.py took 0.094 seconds
[2023-11-30T02:16:36.063+0200] {processor.py:157} INFO - Started process (PID=1853) to work on /home/seva/UCU/AutomatedDataPipelines/Homework1/venv/lib/python3.10/site-packages/airflow/example_dags/example_params_trigger_ui.py
[2023-11-30T02:16:36.075+0200] {processor.py:829} INFO - Processing file /home/seva/UCU/AutomatedDataPipelines/Homework1/venv/lib/python3.10/site-packages/airflow/example_dags/example_params_trigger_ui.py for tasks to queue
[2023-11-30T02:16:36.076+0200] {logging_mixin.py:154} INFO - [2023-11-30T02:16:36.076+0200] {dagbag.py:536} INFO - Filling up the DagBag from /home/seva/UCU/AutomatedDataPipelines/Homework1/venv/lib/python3.10/site-packages/airflow/example_dags/example_params_trigger_ui.py
[2023-11-30T02:16:36.092+0200] {processor.py:839} INFO - DAG(s) dict_keys(['example_params_trigger_ui']) retrieved from /home/seva/UCU/AutomatedDataPipelines/Homework1/venv/lib/python3.10/site-packages/airflow/example_dags/example_params_trigger_ui.py
[2023-11-30T02:16:36.125+0200] {logging_mixin.py:154} INFO - [2023-11-30T02:16:36.125+0200] {dag.py:2941} INFO - Sync 1 DAGs
[2023-11-30T02:16:36.134+0200] {logging_mixin.py:154} INFO - [2023-11-30T02:16:36.134+0200] {dag.py:3722} INFO - Setting next_dagrun for example_params_trigger_ui to None, run_after=None
[2023-11-30T02:16:36.158+0200] {processor.py:179} INFO - Processing /home/seva/UCU/AutomatedDataPipelines/Homework1/venv/lib/python3.10/site-packages/airflow/example_dags/example_params_trigger_ui.py took 0.098 seconds
[2023-11-30T02:17:17.815+0200] {processor.py:157} INFO - Started process (PID=2021) to work on /home/seva/UCU/AutomatedDataPipelines/Homework1/venv/lib/python3.10/site-packages/airflow/example_dags/example_params_trigger_ui.py
[2023-11-30T02:17:17.828+0200] {processor.py:829} INFO - Processing file /home/seva/UCU/AutomatedDataPipelines/Homework1/venv/lib/python3.10/site-packages/airflow/example_dags/example_params_trigger_ui.py for tasks to queue
[2023-11-30T02:17:17.829+0200] {logging_mixin.py:154} INFO - [2023-11-30T02:17:17.829+0200] {dagbag.py:536} INFO - Filling up the DagBag from /home/seva/UCU/AutomatedDataPipelines/Homework1/venv/lib/python3.10/site-packages/airflow/example_dags/example_params_trigger_ui.py
[2023-11-30T02:17:17.844+0200] {processor.py:839} INFO - DAG(s) dict_keys(['example_params_trigger_ui']) retrieved from /home/seva/UCU/AutomatedDataPipelines/Homework1/venv/lib/python3.10/site-packages/airflow/example_dags/example_params_trigger_ui.py
[2023-11-30T02:17:17.875+0200] {logging_mixin.py:154} INFO - [2023-11-30T02:17:17.875+0200] {dag.py:2941} INFO - Sync 1 DAGs
[2023-11-30T02:17:17.884+0200] {logging_mixin.py:154} INFO - [2023-11-30T02:17:17.884+0200] {dag.py:3722} INFO - Setting next_dagrun for example_params_trigger_ui to None, run_after=None
[2023-11-30T02:17:17.908+0200] {processor.py:179} INFO - Processing /home/seva/UCU/AutomatedDataPipelines/Homework1/venv/lib/python3.10/site-packages/airflow/example_dags/example_params_trigger_ui.py took 0.096 seconds
[2023-11-30T02:18:01.695+0200] {processor.py:157} INFO - Started process (PID=2198) to work on /home/seva/UCU/AutomatedDataPipelines/Homework1/venv/lib/python3.10/site-packages/airflow/example_dags/example_params_trigger_ui.py
[2023-11-30T02:18:01.697+0200] {processor.py:829} INFO - Processing file /home/seva/UCU/AutomatedDataPipelines/Homework1/venv/lib/python3.10/site-packages/airflow/example_dags/example_params_trigger_ui.py for tasks to queue
[2023-11-30T02:18:01.698+0200] {logging_mixin.py:154} INFO - [2023-11-30T02:18:01.697+0200] {dagbag.py:536} INFO - Filling up the DagBag from /home/seva/UCU/AutomatedDataPipelines/Homework1/venv/lib/python3.10/site-packages/airflow/example_dags/example_params_trigger_ui.py
[2023-11-30T02:18:01.713+0200] {processor.py:839} INFO - DAG(s) dict_keys(['example_params_trigger_ui']) retrieved from /home/seva/UCU/AutomatedDataPipelines/Homework1/venv/lib/python3.10/site-packages/airflow/example_dags/example_params_trigger_ui.py
[2023-11-30T02:18:01.749+0200] {logging_mixin.py:154} INFO - [2023-11-30T02:18:01.748+0200] {dag.py:2941} INFO - Sync 1 DAGs
[2023-11-30T02:18:01.758+0200] {logging_mixin.py:154} INFO - [2023-11-30T02:18:01.758+0200] {dag.py:3722} INFO - Setting next_dagrun for example_params_trigger_ui to None, run_after=None
[2023-11-30T02:18:01.784+0200] {processor.py:179} INFO - Processing /home/seva/UCU/AutomatedDataPipelines/Homework1/venv/lib/python3.10/site-packages/airflow/example_dags/example_params_trigger_ui.py took 0.092 seconds
[2023-11-30T02:18:42.327+0200] {processor.py:157} INFO - Started process (PID=2362) to work on /home/seva/UCU/AutomatedDataPipelines/Homework1/venv/lib/python3.10/site-packages/airflow/example_dags/example_params_trigger_ui.py
[2023-11-30T02:18:42.339+0200] {processor.py:829} INFO - Processing file /home/seva/UCU/AutomatedDataPipelines/Homework1/venv/lib/python3.10/site-packages/airflow/example_dags/example_params_trigger_ui.py for tasks to queue
[2023-11-30T02:18:42.340+0200] {logging_mixin.py:154} INFO - [2023-11-30T02:18:42.339+0200] {dagbag.py:536} INFO - Filling up the DagBag from /home/seva/UCU/AutomatedDataPipelines/Homework1/venv/lib/python3.10/site-packages/airflow/example_dags/example_params_trigger_ui.py
[2023-11-30T02:18:42.355+0200] {processor.py:839} INFO - DAG(s) dict_keys(['example_params_trigger_ui']) retrieved from /home/seva/UCU/AutomatedDataPipelines/Homework1/venv/lib/python3.10/site-packages/airflow/example_dags/example_params_trigger_ui.py
[2023-11-30T02:18:42.386+0200] {logging_mixin.py:154} INFO - [2023-11-30T02:18:42.386+0200] {dag.py:2941} INFO - Sync 1 DAGs
[2023-11-30T02:18:42.397+0200] {logging_mixin.py:154} INFO - [2023-11-30T02:18:42.397+0200] {dag.py:3722} INFO - Setting next_dagrun for example_params_trigger_ui to None, run_after=None
[2023-11-30T02:18:42.423+0200] {processor.py:179} INFO - Processing /home/seva/UCU/AutomatedDataPipelines/Homework1/venv/lib/python3.10/site-packages/airflow/example_dags/example_params_trigger_ui.py took 0.099 seconds
[2023-11-30T02:19:27.689+0200] {processor.py:157} INFO - Started process (PID=2542) to work on /home/seva/UCU/AutomatedDataPipelines/Homework1/venv/lib/python3.10/site-packages/airflow/example_dags/example_params_trigger_ui.py
[2023-11-30T02:19:27.692+0200] {processor.py:829} INFO - Processing file /home/seva/UCU/AutomatedDataPipelines/Homework1/venv/lib/python3.10/site-packages/airflow/example_dags/example_params_trigger_ui.py for tasks to queue
[2023-11-30T02:19:27.693+0200] {logging_mixin.py:154} INFO - [2023-11-30T02:19:27.692+0200] {dagbag.py:536} INFO - Filling up the DagBag from /home/seva/UCU/AutomatedDataPipelines/Homework1/venv/lib/python3.10/site-packages/airflow/example_dags/example_params_trigger_ui.py
[2023-11-30T02:19:27.708+0200] {processor.py:839} INFO - DAG(s) dict_keys(['example_params_trigger_ui']) retrieved from /home/seva/UCU/AutomatedDataPipelines/Homework1/venv/lib/python3.10/site-packages/airflow/example_dags/example_params_trigger_ui.py
[2023-11-30T02:19:27.741+0200] {logging_mixin.py:154} INFO - [2023-11-30T02:19:27.740+0200] {dag.py:2941} INFO - Sync 1 DAGs
[2023-11-30T02:19:27.751+0200] {logging_mixin.py:154} INFO - [2023-11-30T02:19:27.750+0200] {dag.py:3722} INFO - Setting next_dagrun for example_params_trigger_ui to None, run_after=None
[2023-11-30T02:19:27.776+0200] {processor.py:179} INFO - Processing /home/seva/UCU/AutomatedDataPipelines/Homework1/venv/lib/python3.10/site-packages/airflow/example_dags/example_params_trigger_ui.py took 0.091 seconds
[2023-11-30T02:20:09.087+0200] {processor.py:157} INFO - Started process (PID=2703) to work on /home/seva/UCU/AutomatedDataPipelines/Homework1/venv/lib/python3.10/site-packages/airflow/example_dags/example_params_trigger_ui.py
[2023-11-30T02:20:09.089+0200] {processor.py:829} INFO - Processing file /home/seva/UCU/AutomatedDataPipelines/Homework1/venv/lib/python3.10/site-packages/airflow/example_dags/example_params_trigger_ui.py for tasks to queue
[2023-11-30T02:20:09.090+0200] {logging_mixin.py:154} INFO - [2023-11-30T02:20:09.090+0200] {dagbag.py:536} INFO - Filling up the DagBag from /home/seva/UCU/AutomatedDataPipelines/Homework1/venv/lib/python3.10/site-packages/airflow/example_dags/example_params_trigger_ui.py
[2023-11-30T02:20:09.109+0200] {processor.py:839} INFO - DAG(s) dict_keys(['example_params_trigger_ui']) retrieved from /home/seva/UCU/AutomatedDataPipelines/Homework1/venv/lib/python3.10/site-packages/airflow/example_dags/example_params_trigger_ui.py
[2023-11-30T02:20:09.141+0200] {logging_mixin.py:154} INFO - [2023-11-30T02:20:09.141+0200] {dag.py:2941} INFO - Sync 1 DAGs
[2023-11-30T02:20:09.150+0200] {logging_mixin.py:154} INFO - [2023-11-30T02:20:09.150+0200] {dag.py:3722} INFO - Setting next_dagrun for example_params_trigger_ui to None, run_after=None
[2023-11-30T02:20:09.190+0200] {processor.py:179} INFO - Processing /home/seva/UCU/AutomatedDataPipelines/Homework1/venv/lib/python3.10/site-packages/airflow/example_dags/example_params_trigger_ui.py took 0.106 seconds
[2023-11-30T02:20:40.759+0200] {processor.py:157} INFO - Started process (PID=2827) to work on /home/seva/UCU/AutomatedDataPipelines/Homework1/venv/lib/python3.10/site-packages/airflow/example_dags/example_params_trigger_ui.py
[2023-11-30T02:20:40.771+0200] {processor.py:829} INFO - Processing file /home/seva/UCU/AutomatedDataPipelines/Homework1/venv/lib/python3.10/site-packages/airflow/example_dags/example_params_trigger_ui.py for tasks to queue
[2023-11-30T02:20:40.772+0200] {logging_mixin.py:154} INFO - [2023-11-30T02:20:40.772+0200] {dagbag.py:536} INFO - Filling up the DagBag from /home/seva/UCU/AutomatedDataPipelines/Homework1/venv/lib/python3.10/site-packages/airflow/example_dags/example_params_trigger_ui.py
[2023-11-30T02:20:40.786+0200] {processor.py:839} INFO - DAG(s) dict_keys(['example_params_trigger_ui']) retrieved from /home/seva/UCU/AutomatedDataPipelines/Homework1/venv/lib/python3.10/site-packages/airflow/example_dags/example_params_trigger_ui.py
[2023-11-30T02:20:40.820+0200] {logging_mixin.py:154} INFO - [2023-11-30T02:20:40.820+0200] {dag.py:2941} INFO - Sync 1 DAGs
[2023-11-30T02:20:40.829+0200] {logging_mixin.py:154} INFO - [2023-11-30T02:20:40.829+0200] {dag.py:3722} INFO - Setting next_dagrun for example_params_trigger_ui to None, run_after=None
[2023-11-30T02:20:40.854+0200] {processor.py:179} INFO - Processing /home/seva/UCU/AutomatedDataPipelines/Homework1/venv/lib/python3.10/site-packages/airflow/example_dags/example_params_trigger_ui.py took 0.097 seconds
[2023-11-30T02:21:12.607+0200] {processor.py:157} INFO - Started process (PID=2950) to work on /home/seva/UCU/AutomatedDataPipelines/Homework1/venv/lib/python3.10/site-packages/airflow/example_dags/example_params_trigger_ui.py
[2023-11-30T02:21:12.619+0200] {processor.py:829} INFO - Processing file /home/seva/UCU/AutomatedDataPipelines/Homework1/venv/lib/python3.10/site-packages/airflow/example_dags/example_params_trigger_ui.py for tasks to queue
[2023-11-30T02:21:12.620+0200] {logging_mixin.py:154} INFO - [2023-11-30T02:21:12.620+0200] {dagbag.py:536} INFO - Filling up the DagBag from /home/seva/UCU/AutomatedDataPipelines/Homework1/venv/lib/python3.10/site-packages/airflow/example_dags/example_params_trigger_ui.py
[2023-11-30T02:21:12.634+0200] {processor.py:839} INFO - DAG(s) dict_keys(['example_params_trigger_ui']) retrieved from /home/seva/UCU/AutomatedDataPipelines/Homework1/venv/lib/python3.10/site-packages/airflow/example_dags/example_params_trigger_ui.py
[2023-11-30T02:21:12.666+0200] {logging_mixin.py:154} INFO - [2023-11-30T02:21:12.666+0200] {dag.py:2941} INFO - Sync 1 DAGs
[2023-11-30T02:21:12.678+0200] {logging_mixin.py:154} INFO - [2023-11-30T02:21:12.678+0200] {dag.py:3722} INFO - Setting next_dagrun for example_params_trigger_ui to None, run_after=None
[2023-11-30T02:21:12.722+0200] {processor.py:179} INFO - Processing /home/seva/UCU/AutomatedDataPipelines/Homework1/venv/lib/python3.10/site-packages/airflow/example_dags/example_params_trigger_ui.py took 0.118 seconds
[2023-11-30T02:21:54.232+0200] {processor.py:157} INFO - Started process (PID=3115) to work on /home/seva/UCU/AutomatedDataPipelines/Homework1/venv/lib/python3.10/site-packages/airflow/example_dags/example_params_trigger_ui.py
[2023-11-30T02:21:54.244+0200] {processor.py:829} INFO - Processing file /home/seva/UCU/AutomatedDataPipelines/Homework1/venv/lib/python3.10/site-packages/airflow/example_dags/example_params_trigger_ui.py for tasks to queue
[2023-11-30T02:21:54.245+0200] {logging_mixin.py:154} INFO - [2023-11-30T02:21:54.245+0200] {dagbag.py:536} INFO - Filling up the DagBag from /home/seva/UCU/AutomatedDataPipelines/Homework1/venv/lib/python3.10/site-packages/airflow/example_dags/example_params_trigger_ui.py
[2023-11-30T02:21:54.259+0200] {processor.py:839} INFO - DAG(s) dict_keys(['example_params_trigger_ui']) retrieved from /home/seva/UCU/AutomatedDataPipelines/Homework1/venv/lib/python3.10/site-packages/airflow/example_dags/example_params_trigger_ui.py
[2023-11-30T02:21:54.291+0200] {logging_mixin.py:154} INFO - [2023-11-30T02:21:54.291+0200] {dag.py:2941} INFO - Sync 1 DAGs
[2023-11-30T02:21:54.301+0200] {logging_mixin.py:154} INFO - [2023-11-30T02:21:54.300+0200] {dag.py:3722} INFO - Setting next_dagrun for example_params_trigger_ui to None, run_after=None
[2023-11-30T02:21:54.326+0200] {processor.py:179} INFO - Processing /home/seva/UCU/AutomatedDataPipelines/Homework1/venv/lib/python3.10/site-packages/airflow/example_dags/example_params_trigger_ui.py took 0.096 seconds
[2023-11-30T02:22:38.855+0200] {processor.py:157} INFO - Started process (PID=3295) to work on /home/seva/UCU/AutomatedDataPipelines/Homework1/venv/lib/python3.10/site-packages/airflow/example_dags/example_params_trigger_ui.py
[2023-11-30T02:22:38.867+0200] {processor.py:829} INFO - Processing file /home/seva/UCU/AutomatedDataPipelines/Homework1/venv/lib/python3.10/site-packages/airflow/example_dags/example_params_trigger_ui.py for tasks to queue
[2023-11-30T02:22:38.868+0200] {logging_mixin.py:154} INFO - [2023-11-30T02:22:38.868+0200] {dagbag.py:536} INFO - Filling up the DagBag from /home/seva/UCU/AutomatedDataPipelines/Homework1/venv/lib/python3.10/site-packages/airflow/example_dags/example_params_trigger_ui.py
[2023-11-30T02:22:38.881+0200] {processor.py:839} INFO - DAG(s) dict_keys(['example_params_trigger_ui']) retrieved from /home/seva/UCU/AutomatedDataPipelines/Homework1/venv/lib/python3.10/site-packages/airflow/example_dags/example_params_trigger_ui.py
[2023-11-30T02:22:38.913+0200] {logging_mixin.py:154} INFO - [2023-11-30T02:22:38.913+0200] {dag.py:2941} INFO - Sync 1 DAGs
[2023-11-30T02:22:38.922+0200] {logging_mixin.py:154} INFO - [2023-11-30T02:22:38.922+0200] {dag.py:3722} INFO - Setting next_dagrun for example_params_trigger_ui to None, run_after=None
[2023-11-30T02:22:38.950+0200] {processor.py:179} INFO - Processing /home/seva/UCU/AutomatedDataPipelines/Homework1/venv/lib/python3.10/site-packages/airflow/example_dags/example_params_trigger_ui.py took 0.098 seconds
[2023-11-30T02:23:11.124+0200] {processor.py:157} INFO - Started process (PID=3424) to work on /home/seva/UCU/AutomatedDataPipelines/Homework1/venv/lib/python3.10/site-packages/airflow/example_dags/example_params_trigger_ui.py
[2023-11-30T02:23:11.136+0200] {processor.py:829} INFO - Processing file /home/seva/UCU/AutomatedDataPipelines/Homework1/venv/lib/python3.10/site-packages/airflow/example_dags/example_params_trigger_ui.py for tasks to queue
[2023-11-30T02:23:11.137+0200] {logging_mixin.py:154} INFO - [2023-11-30T02:23:11.137+0200] {dagbag.py:536} INFO - Filling up the DagBag from /home/seva/UCU/AutomatedDataPipelines/Homework1/venv/lib/python3.10/site-packages/airflow/example_dags/example_params_trigger_ui.py
[2023-11-30T02:23:11.152+0200] {processor.py:839} INFO - DAG(s) dict_keys(['example_params_trigger_ui']) retrieved from /home/seva/UCU/AutomatedDataPipelines/Homework1/venv/lib/python3.10/site-packages/airflow/example_dags/example_params_trigger_ui.py
[2023-11-30T02:23:11.185+0200] {logging_mixin.py:154} INFO - [2023-11-30T02:23:11.185+0200] {dag.py:2941} INFO - Sync 1 DAGs
[2023-11-30T02:23:11.193+0200] {logging_mixin.py:154} INFO - [2023-11-30T02:23:11.193+0200] {dag.py:3722} INFO - Setting next_dagrun for example_params_trigger_ui to None, run_after=None
[2023-11-30T02:23:11.218+0200] {processor.py:179} INFO - Processing /home/seva/UCU/AutomatedDataPipelines/Homework1/venv/lib/python3.10/site-packages/airflow/example_dags/example_params_trigger_ui.py took 0.097 seconds
[2023-11-30T02:23:53.796+0200] {processor.py:157} INFO - Started process (PID=3589) to work on /home/seva/UCU/AutomatedDataPipelines/Homework1/venv/lib/python3.10/site-packages/airflow/example_dags/example_params_trigger_ui.py
[2023-11-30T02:23:53.807+0200] {processor.py:829} INFO - Processing file /home/seva/UCU/AutomatedDataPipelines/Homework1/venv/lib/python3.10/site-packages/airflow/example_dags/example_params_trigger_ui.py for tasks to queue
[2023-11-30T02:23:53.809+0200] {logging_mixin.py:154} INFO - [2023-11-30T02:23:53.808+0200] {dagbag.py:536} INFO - Filling up the DagBag from /home/seva/UCU/AutomatedDataPipelines/Homework1/venv/lib/python3.10/site-packages/airflow/example_dags/example_params_trigger_ui.py
[2023-11-30T02:23:53.824+0200] {processor.py:839} INFO - DAG(s) dict_keys(['example_params_trigger_ui']) retrieved from /home/seva/UCU/AutomatedDataPipelines/Homework1/venv/lib/python3.10/site-packages/airflow/example_dags/example_params_trigger_ui.py
[2023-11-30T02:23:53.856+0200] {logging_mixin.py:154} INFO - [2023-11-30T02:23:53.855+0200] {dag.py:2941} INFO - Sync 1 DAGs
[2023-11-30T02:23:53.865+0200] {logging_mixin.py:154} INFO - [2023-11-30T02:23:53.864+0200] {dag.py:3722} INFO - Setting next_dagrun for example_params_trigger_ui to None, run_after=None
[2023-11-30T02:23:53.906+0200] {processor.py:179} INFO - Processing /home/seva/UCU/AutomatedDataPipelines/Homework1/venv/lib/python3.10/site-packages/airflow/example_dags/example_params_trigger_ui.py took 0.114 seconds
[2023-11-30T02:24:24.328+0200] {processor.py:157} INFO - Started process (PID=3710) to work on /home/seva/UCU/AutomatedDataPipelines/Homework1/venv/lib/python3.10/site-packages/airflow/example_dags/example_params_trigger_ui.py
[2023-11-30T02:24:24.329+0200] {processor.py:829} INFO - Processing file /home/seva/UCU/AutomatedDataPipelines/Homework1/venv/lib/python3.10/site-packages/airflow/example_dags/example_params_trigger_ui.py for tasks to queue
[2023-11-30T02:24:24.330+0200] {logging_mixin.py:154} INFO - [2023-11-30T02:24:24.330+0200] {dagbag.py:536} INFO - Filling up the DagBag from /home/seva/UCU/AutomatedDataPipelines/Homework1/venv/lib/python3.10/site-packages/airflow/example_dags/example_params_trigger_ui.py
[2023-11-30T02:24:24.345+0200] {processor.py:839} INFO - DAG(s) dict_keys(['example_params_trigger_ui']) retrieved from /home/seva/UCU/AutomatedDataPipelines/Homework1/venv/lib/python3.10/site-packages/airflow/example_dags/example_params_trigger_ui.py
[2023-11-30T02:24:24.377+0200] {logging_mixin.py:154} INFO - [2023-11-30T02:24:24.377+0200] {dag.py:2941} INFO - Sync 1 DAGs
[2023-11-30T02:24:24.386+0200] {logging_mixin.py:154} INFO - [2023-11-30T02:24:24.385+0200] {dag.py:3722} INFO - Setting next_dagrun for example_params_trigger_ui to None, run_after=None
[2023-11-30T02:24:24.431+0200] {processor.py:179} INFO - Processing /home/seva/UCU/AutomatedDataPipelines/Homework1/venv/lib/python3.10/site-packages/airflow/example_dags/example_params_trigger_ui.py took 0.105 seconds
[2023-11-30T02:24:58.897+0200] {processor.py:157} INFO - Started process (PID=3847) to work on /home/seva/UCU/AutomatedDataPipelines/Homework1/venv/lib/python3.10/site-packages/airflow/example_dags/example_params_trigger_ui.py
[2023-11-30T02:24:58.909+0200] {processor.py:829} INFO - Processing file /home/seva/UCU/AutomatedDataPipelines/Homework1/venv/lib/python3.10/site-packages/airflow/example_dags/example_params_trigger_ui.py for tasks to queue
[2023-11-30T02:24:58.910+0200] {logging_mixin.py:154} INFO - [2023-11-30T02:24:58.909+0200] {dagbag.py:536} INFO - Filling up the DagBag from /home/seva/UCU/AutomatedDataPipelines/Homework1/venv/lib/python3.10/site-packages/airflow/example_dags/example_params_trigger_ui.py
[2023-11-30T02:24:58.925+0200] {processor.py:839} INFO - DAG(s) dict_keys(['example_params_trigger_ui']) retrieved from /home/seva/UCU/AutomatedDataPipelines/Homework1/venv/lib/python3.10/site-packages/airflow/example_dags/example_params_trigger_ui.py
[2023-11-30T02:24:58.957+0200] {logging_mixin.py:154} INFO - [2023-11-30T02:24:58.956+0200] {dag.py:2941} INFO - Sync 1 DAGs
[2023-11-30T02:24:58.967+0200] {logging_mixin.py:154} INFO - [2023-11-30T02:24:58.966+0200] {dag.py:3722} INFO - Setting next_dagrun for example_params_trigger_ui to None, run_after=None
[2023-11-30T02:24:58.991+0200] {processor.py:179} INFO - Processing /home/seva/UCU/AutomatedDataPipelines/Homework1/venv/lib/python3.10/site-packages/airflow/example_dags/example_params_trigger_ui.py took 0.097 seconds
[2023-11-30T02:25:40.768+0200] {processor.py:157} INFO - Started process (PID=4013) to work on /home/seva/UCU/AutomatedDataPipelines/Homework1/venv/lib/python3.10/site-packages/airflow/example_dags/example_params_trigger_ui.py
[2023-11-30T02:25:40.779+0200] {processor.py:829} INFO - Processing file /home/seva/UCU/AutomatedDataPipelines/Homework1/venv/lib/python3.10/site-packages/airflow/example_dags/example_params_trigger_ui.py for tasks to queue
[2023-11-30T02:25:40.781+0200] {logging_mixin.py:154} INFO - [2023-11-30T02:25:40.780+0200] {dagbag.py:536} INFO - Filling up the DagBag from /home/seva/UCU/AutomatedDataPipelines/Homework1/venv/lib/python3.10/site-packages/airflow/example_dags/example_params_trigger_ui.py
[2023-11-30T02:25:40.796+0200] {processor.py:839} INFO - DAG(s) dict_keys(['example_params_trigger_ui']) retrieved from /home/seva/UCU/AutomatedDataPipelines/Homework1/venv/lib/python3.10/site-packages/airflow/example_dags/example_params_trigger_ui.py
[2023-11-30T02:25:40.828+0200] {logging_mixin.py:154} INFO - [2023-11-30T02:25:40.828+0200] {dag.py:2941} INFO - Sync 1 DAGs
[2023-11-30T02:25:40.837+0200] {logging_mixin.py:154} INFO - [2023-11-30T02:25:40.837+0200] {dag.py:3722} INFO - Setting next_dagrun for example_params_trigger_ui to None, run_after=None
[2023-11-30T02:25:40.869+0200] {processor.py:179} INFO - Processing /home/seva/UCU/AutomatedDataPipelines/Homework1/venv/lib/python3.10/site-packages/airflow/example_dags/example_params_trigger_ui.py took 0.104 seconds
[2023-11-30T02:26:24.223+0200] {processor.py:157} INFO - Started process (PID=4183) to work on /home/seva/UCU/AutomatedDataPipelines/Homework1/venv/lib/python3.10/site-packages/airflow/example_dags/example_params_trigger_ui.py
[2023-11-30T02:26:24.235+0200] {processor.py:829} INFO - Processing file /home/seva/UCU/AutomatedDataPipelines/Homework1/venv/lib/python3.10/site-packages/airflow/example_dags/example_params_trigger_ui.py for tasks to queue
[2023-11-30T02:26:24.236+0200] {logging_mixin.py:154} INFO - [2023-11-30T02:26:24.235+0200] {dagbag.py:536} INFO - Filling up the DagBag from /home/seva/UCU/AutomatedDataPipelines/Homework1/venv/lib/python3.10/site-packages/airflow/example_dags/example_params_trigger_ui.py
[2023-11-30T02:26:24.250+0200] {processor.py:839} INFO - DAG(s) dict_keys(['example_params_trigger_ui']) retrieved from /home/seva/UCU/AutomatedDataPipelines/Homework1/venv/lib/python3.10/site-packages/airflow/example_dags/example_params_trigger_ui.py
[2023-11-30T02:26:24.282+0200] {logging_mixin.py:154} INFO - [2023-11-30T02:26:24.282+0200] {dag.py:2941} INFO - Sync 1 DAGs
[2023-11-30T02:26:24.291+0200] {logging_mixin.py:154} INFO - [2023-11-30T02:26:24.291+0200] {dag.py:3722} INFO - Setting next_dagrun for example_params_trigger_ui to None, run_after=None
[2023-11-30T02:26:24.318+0200] {processor.py:179} INFO - Processing /home/seva/UCU/AutomatedDataPipelines/Homework1/venv/lib/python3.10/site-packages/airflow/example_dags/example_params_trigger_ui.py took 0.098 seconds
[2023-11-30T02:27:00.342+0200] {processor.py:157} INFO - Started process (PID=4328) to work on /home/seva/UCU/AutomatedDataPipelines/Homework1/venv/lib/python3.10/site-packages/airflow/example_dags/example_params_trigger_ui.py
[2023-11-30T02:27:00.355+0200] {processor.py:829} INFO - Processing file /home/seva/UCU/AutomatedDataPipelines/Homework1/venv/lib/python3.10/site-packages/airflow/example_dags/example_params_trigger_ui.py for tasks to queue
[2023-11-30T02:27:00.356+0200] {logging_mixin.py:154} INFO - [2023-11-30T02:27:00.355+0200] {dagbag.py:536} INFO - Filling up the DagBag from /home/seva/UCU/AutomatedDataPipelines/Homework1/venv/lib/python3.10/site-packages/airflow/example_dags/example_params_trigger_ui.py
[2023-11-30T02:27:00.371+0200] {processor.py:839} INFO - DAG(s) dict_keys(['example_params_trigger_ui']) retrieved from /home/seva/UCU/AutomatedDataPipelines/Homework1/venv/lib/python3.10/site-packages/airflow/example_dags/example_params_trigger_ui.py
[2023-11-30T02:27:00.408+0200] {logging_mixin.py:154} INFO - [2023-11-30T02:27:00.407+0200] {dag.py:2941} INFO - Sync 1 DAGs
[2023-11-30T02:27:00.418+0200] {logging_mixin.py:154} INFO - [2023-11-30T02:27:00.418+0200] {dag.py:3722} INFO - Setting next_dagrun for example_params_trigger_ui to None, run_after=None
[2023-11-30T02:27:00.442+0200] {processor.py:179} INFO - Processing /home/seva/UCU/AutomatedDataPipelines/Homework1/venv/lib/python3.10/site-packages/airflow/example_dags/example_params_trigger_ui.py took 0.102 seconds
[2023-11-30T02:27:33.348+0200] {processor.py:157} INFO - Started process (PID=4458) to work on /home/seva/UCU/AutomatedDataPipelines/Homework1/venv/lib/python3.10/site-packages/airflow/example_dags/example_params_trigger_ui.py
[2023-11-30T02:27:33.360+0200] {processor.py:829} INFO - Processing file /home/seva/UCU/AutomatedDataPipelines/Homework1/venv/lib/python3.10/site-packages/airflow/example_dags/example_params_trigger_ui.py for tasks to queue
[2023-11-30T02:27:33.361+0200] {logging_mixin.py:154} INFO - [2023-11-30T02:27:33.361+0200] {dagbag.py:536} INFO - Filling up the DagBag from /home/seva/UCU/AutomatedDataPipelines/Homework1/venv/lib/python3.10/site-packages/airflow/example_dags/example_params_trigger_ui.py
[2023-11-30T02:27:33.375+0200] {processor.py:839} INFO - DAG(s) dict_keys(['example_params_trigger_ui']) retrieved from /home/seva/UCU/AutomatedDataPipelines/Homework1/venv/lib/python3.10/site-packages/airflow/example_dags/example_params_trigger_ui.py
[2023-11-30T02:27:33.408+0200] {logging_mixin.py:154} INFO - [2023-11-30T02:27:33.408+0200] {dag.py:2941} INFO - Sync 1 DAGs
[2023-11-30T02:27:33.418+0200] {logging_mixin.py:154} INFO - [2023-11-30T02:27:33.418+0200] {dag.py:3722} INFO - Setting next_dagrun for example_params_trigger_ui to None, run_after=None
[2023-11-30T02:27:33.442+0200] {processor.py:179} INFO - Processing /home/seva/UCU/AutomatedDataPipelines/Homework1/venv/lib/python3.10/site-packages/airflow/example_dags/example_params_trigger_ui.py took 0.097 seconds
[2023-11-30T02:28:05.081+0200] {processor.py:157} INFO - Started process (PID=4580) to work on /home/seva/UCU/AutomatedDataPipelines/Homework1/venv/lib/python3.10/site-packages/airflow/example_dags/example_params_trigger_ui.py
[2023-11-30T02:28:05.082+0200] {processor.py:829} INFO - Processing file /home/seva/UCU/AutomatedDataPipelines/Homework1/venv/lib/python3.10/site-packages/airflow/example_dags/example_params_trigger_ui.py for tasks to queue
[2023-11-30T02:28:05.083+0200] {logging_mixin.py:154} INFO - [2023-11-30T02:28:05.083+0200] {dagbag.py:536} INFO - Filling up the DagBag from /home/seva/UCU/AutomatedDataPipelines/Homework1/venv/lib/python3.10/site-packages/airflow/example_dags/example_params_trigger_ui.py
[2023-11-30T02:28:05.098+0200] {processor.py:839} INFO - DAG(s) dict_keys(['example_params_trigger_ui']) retrieved from /home/seva/UCU/AutomatedDataPipelines/Homework1/venv/lib/python3.10/site-packages/airflow/example_dags/example_params_trigger_ui.py
[2023-11-30T02:28:05.129+0200] {logging_mixin.py:154} INFO - [2023-11-30T02:28:05.129+0200] {dag.py:2941} INFO - Sync 1 DAGs
[2023-11-30T02:28:05.138+0200] {logging_mixin.py:154} INFO - [2023-11-30T02:28:05.138+0200] {dag.py:3722} INFO - Setting next_dagrun for example_params_trigger_ui to None, run_after=None
[2023-11-30T02:28:05.161+0200] {processor.py:179} INFO - Processing /home/seva/UCU/AutomatedDataPipelines/Homework1/venv/lib/python3.10/site-packages/airflow/example_dags/example_params_trigger_ui.py took 0.084 seconds
[2023-11-30T02:28:48.021+0200] {processor.py:157} INFO - Started process (PID=4748) to work on /home/seva/UCU/AutomatedDataPipelines/Homework1/venv/lib/python3.10/site-packages/airflow/example_dags/example_params_trigger_ui.py
[2023-11-30T02:28:48.033+0200] {processor.py:829} INFO - Processing file /home/seva/UCU/AutomatedDataPipelines/Homework1/venv/lib/python3.10/site-packages/airflow/example_dags/example_params_trigger_ui.py for tasks to queue
[2023-11-30T02:28:48.034+0200] {logging_mixin.py:154} INFO - [2023-11-30T02:28:48.034+0200] {dagbag.py:536} INFO - Filling up the DagBag from /home/seva/UCU/AutomatedDataPipelines/Homework1/venv/lib/python3.10/site-packages/airflow/example_dags/example_params_trigger_ui.py
[2023-11-30T02:28:48.054+0200] {processor.py:839} INFO - DAG(s) dict_keys(['example_params_trigger_ui']) retrieved from /home/seva/UCU/AutomatedDataPipelines/Homework1/venv/lib/python3.10/site-packages/airflow/example_dags/example_params_trigger_ui.py
[2023-11-30T02:28:48.089+0200] {logging_mixin.py:154} INFO - [2023-11-30T02:28:48.088+0200] {dag.py:2941} INFO - Sync 1 DAGs
[2023-11-30T02:28:48.098+0200] {logging_mixin.py:154} INFO - [2023-11-30T02:28:48.098+0200] {dag.py:3722} INFO - Setting next_dagrun for example_params_trigger_ui to None, run_after=None
[2023-11-30T02:28:48.122+0200] {processor.py:179} INFO - Processing /home/seva/UCU/AutomatedDataPipelines/Homework1/venv/lib/python3.10/site-packages/airflow/example_dags/example_params_trigger_ui.py took 0.104 seconds
[2023-11-30T02:29:19.410+0200] {processor.py:157} INFO - Started process (PID=4875) to work on /home/seva/UCU/AutomatedDataPipelines/Homework1/venv/lib/python3.10/site-packages/airflow/example_dags/example_params_trigger_ui.py
[2023-11-30T02:29:19.422+0200] {processor.py:829} INFO - Processing file /home/seva/UCU/AutomatedDataPipelines/Homework1/venv/lib/python3.10/site-packages/airflow/example_dags/example_params_trigger_ui.py for tasks to queue
[2023-11-30T02:29:19.422+0200] {logging_mixin.py:154} INFO - [2023-11-30T02:29:19.422+0200] {dagbag.py:536} INFO - Filling up the DagBag from /home/seva/UCU/AutomatedDataPipelines/Homework1/venv/lib/python3.10/site-packages/airflow/example_dags/example_params_trigger_ui.py
[2023-11-30T02:29:19.437+0200] {processor.py:839} INFO - DAG(s) dict_keys(['example_params_trigger_ui']) retrieved from /home/seva/UCU/AutomatedDataPipelines/Homework1/venv/lib/python3.10/site-packages/airflow/example_dags/example_params_trigger_ui.py
[2023-11-30T02:29:19.467+0200] {logging_mixin.py:154} INFO - [2023-11-30T02:29:19.467+0200] {dag.py:2941} INFO - Sync 1 DAGs
[2023-11-30T02:29:19.477+0200] {logging_mixin.py:154} INFO - [2023-11-30T02:29:19.477+0200] {dag.py:3722} INFO - Setting next_dagrun for example_params_trigger_ui to None, run_after=None
[2023-11-30T02:29:19.500+0200] {processor.py:179} INFO - Processing /home/seva/UCU/AutomatedDataPipelines/Homework1/venv/lib/python3.10/site-packages/airflow/example_dags/example_params_trigger_ui.py took 0.093 seconds
[2023-11-30T02:30:02.651+0200] {processor.py:157} INFO - Started process (PID=5048) to work on /home/seva/UCU/AutomatedDataPipelines/Homework1/venv/lib/python3.10/site-packages/airflow/example_dags/example_params_trigger_ui.py
[2023-11-30T02:30:02.663+0200] {processor.py:829} INFO - Processing file /home/seva/UCU/AutomatedDataPipelines/Homework1/venv/lib/python3.10/site-packages/airflow/example_dags/example_params_trigger_ui.py for tasks to queue
[2023-11-30T02:30:02.664+0200] {logging_mixin.py:154} INFO - [2023-11-30T02:30:02.664+0200] {dagbag.py:536} INFO - Filling up the DagBag from /home/seva/UCU/AutomatedDataPipelines/Homework1/venv/lib/python3.10/site-packages/airflow/example_dags/example_params_trigger_ui.py
[2023-11-30T02:30:02.678+0200] {processor.py:839} INFO - DAG(s) dict_keys(['example_params_trigger_ui']) retrieved from /home/seva/UCU/AutomatedDataPipelines/Homework1/venv/lib/python3.10/site-packages/airflow/example_dags/example_params_trigger_ui.py
[2023-11-30T02:30:02.709+0200] {logging_mixin.py:154} INFO - [2023-11-30T02:30:02.709+0200] {dag.py:2941} INFO - Sync 1 DAGs
[2023-11-30T02:30:02.718+0200] {logging_mixin.py:154} INFO - [2023-11-30T02:30:02.718+0200] {dag.py:3722} INFO - Setting next_dagrun for example_params_trigger_ui to None, run_after=None
[2023-11-30T02:30:02.745+0200] {processor.py:179} INFO - Processing /home/seva/UCU/AutomatedDataPipelines/Homework1/venv/lib/python3.10/site-packages/airflow/example_dags/example_params_trigger_ui.py took 0.096 seconds
[2023-11-30T02:30:33.955+0200] {processor.py:157} INFO - Started process (PID=5171) to work on /home/seva/UCU/AutomatedDataPipelines/Homework1/venv/lib/python3.10/site-packages/airflow/example_dags/example_params_trigger_ui.py
[2023-11-30T02:30:33.967+0200] {processor.py:829} INFO - Processing file /home/seva/UCU/AutomatedDataPipelines/Homework1/venv/lib/python3.10/site-packages/airflow/example_dags/example_params_trigger_ui.py for tasks to queue
[2023-11-30T02:30:33.968+0200] {logging_mixin.py:154} INFO - [2023-11-30T02:30:33.967+0200] {dagbag.py:536} INFO - Filling up the DagBag from /home/seva/UCU/AutomatedDataPipelines/Homework1/venv/lib/python3.10/site-packages/airflow/example_dags/example_params_trigger_ui.py
[2023-11-30T02:30:33.981+0200] {processor.py:839} INFO - DAG(s) dict_keys(['example_params_trigger_ui']) retrieved from /home/seva/UCU/AutomatedDataPipelines/Homework1/venv/lib/python3.10/site-packages/airflow/example_dags/example_params_trigger_ui.py
[2023-11-30T02:30:34.014+0200] {logging_mixin.py:154} INFO - [2023-11-30T02:30:34.014+0200] {dag.py:2941} INFO - Sync 1 DAGs
[2023-11-30T02:30:34.023+0200] {logging_mixin.py:154} INFO - [2023-11-30T02:30:34.023+0200] {dag.py:3722} INFO - Setting next_dagrun for example_params_trigger_ui to None, run_after=None
[2023-11-30T02:30:34.049+0200] {processor.py:179} INFO - Processing /home/seva/UCU/AutomatedDataPipelines/Homework1/venv/lib/python3.10/site-packages/airflow/example_dags/example_params_trigger_ui.py took 0.097 seconds
[2023-11-30T02:31:04.239+0200] {processor.py:157} INFO - Started process (PID=5285) to work on /home/seva/UCU/AutomatedDataPipelines/Homework1/venv/lib/python3.10/site-packages/airflow/example_dags/example_params_trigger_ui.py
[2023-11-30T02:31:04.251+0200] {processor.py:829} INFO - Processing file /home/seva/UCU/AutomatedDataPipelines/Homework1/venv/lib/python3.10/site-packages/airflow/example_dags/example_params_trigger_ui.py for tasks to queue
[2023-11-30T02:31:04.252+0200] {logging_mixin.py:154} INFO - [2023-11-30T02:31:04.252+0200] {dagbag.py:536} INFO - Filling up the DagBag from /home/seva/UCU/AutomatedDataPipelines/Homework1/venv/lib/python3.10/site-packages/airflow/example_dags/example_params_trigger_ui.py
[2023-11-30T02:31:04.267+0200] {processor.py:839} INFO - DAG(s) dict_keys(['example_params_trigger_ui']) retrieved from /home/seva/UCU/AutomatedDataPipelines/Homework1/venv/lib/python3.10/site-packages/airflow/example_dags/example_params_trigger_ui.py
[2023-11-30T02:31:04.299+0200] {logging_mixin.py:154} INFO - [2023-11-30T02:31:04.298+0200] {dag.py:2941} INFO - Sync 1 DAGs
[2023-11-30T02:31:04.308+0200] {logging_mixin.py:154} INFO - [2023-11-30T02:31:04.308+0200] {dag.py:3722} INFO - Setting next_dagrun for example_params_trigger_ui to None, run_after=None
[2023-11-30T02:31:04.331+0200] {processor.py:179} INFO - Processing /home/seva/UCU/AutomatedDataPipelines/Homework1/venv/lib/python3.10/site-packages/airflow/example_dags/example_params_trigger_ui.py took 0.095 seconds
[2023-11-30T02:31:35.661+0200] {processor.py:157} INFO - Started process (PID=5414) to work on /home/seva/UCU/AutomatedDataPipelines/Homework1/venv/lib/python3.10/site-packages/airflow/example_dags/example_params_trigger_ui.py
[2023-11-30T02:31:35.672+0200] {processor.py:829} INFO - Processing file /home/seva/UCU/AutomatedDataPipelines/Homework1/venv/lib/python3.10/site-packages/airflow/example_dags/example_params_trigger_ui.py for tasks to queue
[2023-11-30T02:31:35.673+0200] {logging_mixin.py:154} INFO - [2023-11-30T02:31:35.673+0200] {dagbag.py:536} INFO - Filling up the DagBag from /home/seva/UCU/AutomatedDataPipelines/Homework1/venv/lib/python3.10/site-packages/airflow/example_dags/example_params_trigger_ui.py
[2023-11-30T02:31:35.688+0200] {processor.py:839} INFO - DAG(s) dict_keys(['example_params_trigger_ui']) retrieved from /home/seva/UCU/AutomatedDataPipelines/Homework1/venv/lib/python3.10/site-packages/airflow/example_dags/example_params_trigger_ui.py
[2023-11-30T02:31:35.721+0200] {logging_mixin.py:154} INFO - [2023-11-30T02:31:35.720+0200] {dag.py:2941} INFO - Sync 1 DAGs
[2023-11-30T02:31:35.730+0200] {logging_mixin.py:154} INFO - [2023-11-30T02:31:35.730+0200] {dag.py:3722} INFO - Setting next_dagrun for example_params_trigger_ui to None, run_after=None
[2023-11-30T02:31:35.764+0200] {processor.py:179} INFO - Processing /home/seva/UCU/AutomatedDataPipelines/Homework1/venv/lib/python3.10/site-packages/airflow/example_dags/example_params_trigger_ui.py took 0.106 seconds
[2023-11-30T02:32:18.906+0200] {processor.py:157} INFO - Started process (PID=5584) to work on /home/seva/UCU/AutomatedDataPipelines/Homework1/venv/lib/python3.10/site-packages/airflow/example_dags/example_params_trigger_ui.py
[2023-11-30T02:32:18.918+0200] {processor.py:829} INFO - Processing file /home/seva/UCU/AutomatedDataPipelines/Homework1/venv/lib/python3.10/site-packages/airflow/example_dags/example_params_trigger_ui.py for tasks to queue
[2023-11-30T02:32:18.919+0200] {logging_mixin.py:154} INFO - [2023-11-30T02:32:18.918+0200] {dagbag.py:536} INFO - Filling up the DagBag from /home/seva/UCU/AutomatedDataPipelines/Homework1/venv/lib/python3.10/site-packages/airflow/example_dags/example_params_trigger_ui.py
[2023-11-30T02:32:18.942+0200] {processor.py:839} INFO - DAG(s) dict_keys(['example_params_trigger_ui']) retrieved from /home/seva/UCU/AutomatedDataPipelines/Homework1/venv/lib/python3.10/site-packages/airflow/example_dags/example_params_trigger_ui.py
[2023-11-30T02:32:18.980+0200] {logging_mixin.py:154} INFO - [2023-11-30T02:32:18.980+0200] {dag.py:2941} INFO - Sync 1 DAGs
[2023-11-30T02:32:18.989+0200] {logging_mixin.py:154} INFO - [2023-11-30T02:32:18.989+0200] {dag.py:3722} INFO - Setting next_dagrun for example_params_trigger_ui to None, run_after=None
[2023-11-30T02:32:19.014+0200] {processor.py:179} INFO - Processing /home/seva/UCU/AutomatedDataPipelines/Homework1/venv/lib/python3.10/site-packages/airflow/example_dags/example_params_trigger_ui.py took 0.112 seconds
[2023-11-30T02:32:49.762+0200] {processor.py:157} INFO - Started process (PID=5731) to work on /home/seva/UCU/AutomatedDataPipelines/Homework1/venv/lib/python3.10/site-packages/airflow/example_dags/example_params_trigger_ui.py
[2023-11-30T02:32:49.774+0200] {processor.py:829} INFO - Processing file /home/seva/UCU/AutomatedDataPipelines/Homework1/venv/lib/python3.10/site-packages/airflow/example_dags/example_params_trigger_ui.py for tasks to queue
[2023-11-30T02:32:49.775+0200] {logging_mixin.py:154} INFO - [2023-11-30T02:32:49.775+0200] {dagbag.py:536} INFO - Filling up the DagBag from /home/seva/UCU/AutomatedDataPipelines/Homework1/venv/lib/python3.10/site-packages/airflow/example_dags/example_params_trigger_ui.py
[2023-11-30T02:32:49.790+0200] {processor.py:839} INFO - DAG(s) dict_keys(['example_params_trigger_ui']) retrieved from /home/seva/UCU/AutomatedDataPipelines/Homework1/venv/lib/python3.10/site-packages/airflow/example_dags/example_params_trigger_ui.py
[2023-11-30T02:32:49.831+0200] {logging_mixin.py:154} INFO - [2023-11-30T02:32:49.830+0200] {dag.py:2941} INFO - Sync 1 DAGs
[2023-11-30T02:32:49.842+0200] {logging_mixin.py:154} INFO - [2023-11-30T02:32:49.842+0200] {dag.py:3722} INFO - Setting next_dagrun for example_params_trigger_ui to None, run_after=None
[2023-11-30T02:32:49.871+0200] {processor.py:179} INFO - Processing /home/seva/UCU/AutomatedDataPipelines/Homework1/venv/lib/python3.10/site-packages/airflow/example_dags/example_params_trigger_ui.py took 0.112 seconds
[2023-11-30T02:33:21.461+0200] {processor.py:157} INFO - Started process (PID=5858) to work on /home/seva/UCU/AutomatedDataPipelines/Homework1/venv/lib/python3.10/site-packages/airflow/example_dags/example_params_trigger_ui.py
[2023-11-30T02:33:21.473+0200] {processor.py:829} INFO - Processing file /home/seva/UCU/AutomatedDataPipelines/Homework1/venv/lib/python3.10/site-packages/airflow/example_dags/example_params_trigger_ui.py for tasks to queue
[2023-11-30T02:33:21.474+0200] {logging_mixin.py:154} INFO - [2023-11-30T02:33:21.474+0200] {dagbag.py:536} INFO - Filling up the DagBag from /home/seva/UCU/AutomatedDataPipelines/Homework1/venv/lib/python3.10/site-packages/airflow/example_dags/example_params_trigger_ui.py
[2023-11-30T02:33:21.489+0200] {processor.py:839} INFO - DAG(s) dict_keys(['example_params_trigger_ui']) retrieved from /home/seva/UCU/AutomatedDataPipelines/Homework1/venv/lib/python3.10/site-packages/airflow/example_dags/example_params_trigger_ui.py
[2023-11-30T02:33:21.528+0200] {logging_mixin.py:154} INFO - [2023-11-30T02:33:21.528+0200] {dag.py:2941} INFO - Sync 1 DAGs
[2023-11-30T02:33:21.538+0200] {logging_mixin.py:154} INFO - [2023-11-30T02:33:21.538+0200] {dag.py:3722} INFO - Setting next_dagrun for example_params_trigger_ui to None, run_after=None
[2023-11-30T02:33:21.564+0200] {processor.py:179} INFO - Processing /home/seva/UCU/AutomatedDataPipelines/Homework1/venv/lib/python3.10/site-packages/airflow/example_dags/example_params_trigger_ui.py took 0.105 seconds
[2023-11-30T02:33:53.140+0200] {processor.py:157} INFO - Started process (PID=5981) to work on /home/seva/UCU/AutomatedDataPipelines/Homework1/venv/lib/python3.10/site-packages/airflow/example_dags/example_params_trigger_ui.py
[2023-11-30T02:33:53.143+0200] {processor.py:829} INFO - Processing file /home/seva/UCU/AutomatedDataPipelines/Homework1/venv/lib/python3.10/site-packages/airflow/example_dags/example_params_trigger_ui.py for tasks to queue
[2023-11-30T02:33:53.145+0200] {logging_mixin.py:154} INFO - [2023-11-30T02:33:53.144+0200] {dagbag.py:536} INFO - Filling up the DagBag from /home/seva/UCU/AutomatedDataPipelines/Homework1/venv/lib/python3.10/site-packages/airflow/example_dags/example_params_trigger_ui.py
[2023-11-30T02:33:53.172+0200] {processor.py:839} INFO - DAG(s) dict_keys(['example_params_trigger_ui']) retrieved from /home/seva/UCU/AutomatedDataPipelines/Homework1/venv/lib/python3.10/site-packages/airflow/example_dags/example_params_trigger_ui.py
[2023-11-30T02:33:53.219+0200] {logging_mixin.py:154} INFO - [2023-11-30T02:33:53.218+0200] {dag.py:2941} INFO - Sync 1 DAGs
[2023-11-30T02:33:53.236+0200] {logging_mixin.py:154} INFO - [2023-11-30T02:33:53.236+0200] {dag.py:3722} INFO - Setting next_dagrun for example_params_trigger_ui to None, run_after=None
[2023-11-30T02:33:53.275+0200] {processor.py:179} INFO - Processing /home/seva/UCU/AutomatedDataPipelines/Homework1/venv/lib/python3.10/site-packages/airflow/example_dags/example_params_trigger_ui.py took 0.139 seconds
[2023-11-30T02:34:25.173+0200] {processor.py:157} INFO - Started process (PID=6108) to work on /home/seva/UCU/AutomatedDataPipelines/Homework1/venv/lib/python3.10/site-packages/airflow/example_dags/example_params_trigger_ui.py
[2023-11-30T02:34:25.175+0200] {processor.py:829} INFO - Processing file /home/seva/UCU/AutomatedDataPipelines/Homework1/venv/lib/python3.10/site-packages/airflow/example_dags/example_params_trigger_ui.py for tasks to queue
[2023-11-30T02:34:25.178+0200] {logging_mixin.py:154} INFO - [2023-11-30T02:34:25.176+0200] {dagbag.py:536} INFO - Filling up the DagBag from /home/seva/UCU/AutomatedDataPipelines/Homework1/venv/lib/python3.10/site-packages/airflow/example_dags/example_params_trigger_ui.py
[2023-11-30T02:34:25.205+0200] {processor.py:839} INFO - DAG(s) dict_keys(['example_params_trigger_ui']) retrieved from /home/seva/UCU/AutomatedDataPipelines/Homework1/venv/lib/python3.10/site-packages/airflow/example_dags/example_params_trigger_ui.py
[2023-11-30T02:34:25.264+0200] {logging_mixin.py:154} INFO - [2023-11-30T02:34:25.264+0200] {dag.py:2941} INFO - Sync 1 DAGs
[2023-11-30T02:34:25.285+0200] {logging_mixin.py:154} INFO - [2023-11-30T02:34:25.285+0200] {dag.py:3722} INFO - Setting next_dagrun for example_params_trigger_ui to None, run_after=None
[2023-11-30T02:34:25.330+0200] {processor.py:179} INFO - Processing /home/seva/UCU/AutomatedDataPipelines/Homework1/venv/lib/python3.10/site-packages/airflow/example_dags/example_params_trigger_ui.py took 0.162 seconds
[2023-11-30T02:34:59.283+0200] {processor.py:157} INFO - Started process (PID=6248) to work on /home/seva/UCU/AutomatedDataPipelines/Homework1/venv/lib/python3.10/site-packages/airflow/example_dags/example_params_trigger_ui.py
[2023-11-30T02:34:59.286+0200] {processor.py:829} INFO - Processing file /home/seva/UCU/AutomatedDataPipelines/Homework1/venv/lib/python3.10/site-packages/airflow/example_dags/example_params_trigger_ui.py for tasks to queue
[2023-11-30T02:34:59.287+0200] {logging_mixin.py:154} INFO - [2023-11-30T02:34:59.286+0200] {dagbag.py:536} INFO - Filling up the DagBag from /home/seva/UCU/AutomatedDataPipelines/Homework1/venv/lib/python3.10/site-packages/airflow/example_dags/example_params_trigger_ui.py
[2023-11-30T02:34:59.303+0200] {processor.py:839} INFO - DAG(s) dict_keys(['example_params_trigger_ui']) retrieved from /home/seva/UCU/AutomatedDataPipelines/Homework1/venv/lib/python3.10/site-packages/airflow/example_dags/example_params_trigger_ui.py
[2023-11-30T02:34:59.339+0200] {logging_mixin.py:154} INFO - [2023-11-30T02:34:59.339+0200] {dag.py:2941} INFO - Sync 1 DAGs
[2023-11-30T02:34:59.349+0200] {logging_mixin.py:154} INFO - [2023-11-30T02:34:59.348+0200] {dag.py:3722} INFO - Setting next_dagrun for example_params_trigger_ui to None, run_after=None
[2023-11-30T02:34:59.374+0200] {processor.py:179} INFO - Processing /home/seva/UCU/AutomatedDataPipelines/Homework1/venv/lib/python3.10/site-packages/airflow/example_dags/example_params_trigger_ui.py took 0.096 seconds
[2023-11-30T02:35:30.330+0200] {processor.py:157} INFO - Started process (PID=6372) to work on /home/seva/UCU/AutomatedDataPipelines/Homework1/venv/lib/python3.10/site-packages/airflow/example_dags/example_params_trigger_ui.py
[2023-11-30T02:35:30.342+0200] {processor.py:829} INFO - Processing file /home/seva/UCU/AutomatedDataPipelines/Homework1/venv/lib/python3.10/site-packages/airflow/example_dags/example_params_trigger_ui.py for tasks to queue
[2023-11-30T02:35:30.343+0200] {logging_mixin.py:154} INFO - [2023-11-30T02:35:30.343+0200] {dagbag.py:536} INFO - Filling up the DagBag from /home/seva/UCU/AutomatedDataPipelines/Homework1/venv/lib/python3.10/site-packages/airflow/example_dags/example_params_trigger_ui.py
[2023-11-30T02:35:30.358+0200] {processor.py:839} INFO - DAG(s) dict_keys(['example_params_trigger_ui']) retrieved from /home/seva/UCU/AutomatedDataPipelines/Homework1/venv/lib/python3.10/site-packages/airflow/example_dags/example_params_trigger_ui.py
[2023-11-30T02:35:30.390+0200] {logging_mixin.py:154} INFO - [2023-11-30T02:35:30.390+0200] {dag.py:2941} INFO - Sync 1 DAGs
[2023-11-30T02:35:30.399+0200] {logging_mixin.py:154} INFO - [2023-11-30T02:35:30.399+0200] {dag.py:3722} INFO - Setting next_dagrun for example_params_trigger_ui to None, run_after=None
[2023-11-30T02:35:30.426+0200] {processor.py:179} INFO - Processing /home/seva/UCU/AutomatedDataPipelines/Homework1/venv/lib/python3.10/site-packages/airflow/example_dags/example_params_trigger_ui.py took 0.099 seconds
[2023-11-30T02:36:15.617+0200] {processor.py:157} INFO - Started process (PID=6555) to work on /home/seva/UCU/AutomatedDataPipelines/Homework1/venv/lib/python3.10/site-packages/airflow/example_dags/example_params_trigger_ui.py
[2023-11-30T02:36:15.619+0200] {processor.py:829} INFO - Processing file /home/seva/UCU/AutomatedDataPipelines/Homework1/venv/lib/python3.10/site-packages/airflow/example_dags/example_params_trigger_ui.py for tasks to queue
[2023-11-30T02:36:15.620+0200] {logging_mixin.py:154} INFO - [2023-11-30T02:36:15.620+0200] {dagbag.py:536} INFO - Filling up the DagBag from /home/seva/UCU/AutomatedDataPipelines/Homework1/venv/lib/python3.10/site-packages/airflow/example_dags/example_params_trigger_ui.py
[2023-11-30T02:36:15.637+0200] {processor.py:839} INFO - DAG(s) dict_keys(['example_params_trigger_ui']) retrieved from /home/seva/UCU/AutomatedDataPipelines/Homework1/venv/lib/python3.10/site-packages/airflow/example_dags/example_params_trigger_ui.py
[2023-11-30T02:36:15.679+0200] {logging_mixin.py:154} INFO - [2023-11-30T02:36:15.679+0200] {dag.py:2941} INFO - Sync 1 DAGs
[2023-11-30T02:36:15.690+0200] {logging_mixin.py:154} INFO - [2023-11-30T02:36:15.690+0200] {dag.py:3722} INFO - Setting next_dagrun for example_params_trigger_ui to None, run_after=None
[2023-11-30T02:36:15.714+0200] {processor.py:179} INFO - Processing /home/seva/UCU/AutomatedDataPipelines/Homework1/venv/lib/python3.10/site-packages/airflow/example_dags/example_params_trigger_ui.py took 0.101 seconds
[2023-11-30T02:36:46.911+0200] {processor.py:157} INFO - Started process (PID=6676) to work on /home/seva/UCU/AutomatedDataPipelines/Homework1/venv/lib/python3.10/site-packages/airflow/example_dags/example_params_trigger_ui.py
[2023-11-30T02:36:46.923+0200] {processor.py:829} INFO - Processing file /home/seva/UCU/AutomatedDataPipelines/Homework1/venv/lib/python3.10/site-packages/airflow/example_dags/example_params_trigger_ui.py for tasks to queue
[2023-11-30T02:36:46.924+0200] {logging_mixin.py:154} INFO - [2023-11-30T02:36:46.924+0200] {dagbag.py:536} INFO - Filling up the DagBag from /home/seva/UCU/AutomatedDataPipelines/Homework1/venv/lib/python3.10/site-packages/airflow/example_dags/example_params_trigger_ui.py
[2023-11-30T02:36:46.941+0200] {processor.py:839} INFO - DAG(s) dict_keys(['example_params_trigger_ui']) retrieved from /home/seva/UCU/AutomatedDataPipelines/Homework1/venv/lib/python3.10/site-packages/airflow/example_dags/example_params_trigger_ui.py
[2023-11-30T02:36:46.984+0200] {logging_mixin.py:154} INFO - [2023-11-30T02:36:46.983+0200] {dag.py:2941} INFO - Sync 1 DAGs
[2023-11-30T02:36:46.996+0200] {logging_mixin.py:154} INFO - [2023-11-30T02:36:46.996+0200] {dag.py:3722} INFO - Setting next_dagrun for example_params_trigger_ui to None, run_after=None
[2023-11-30T02:36:47.023+0200] {processor.py:179} INFO - Processing /home/seva/UCU/AutomatedDataPipelines/Homework1/venv/lib/python3.10/site-packages/airflow/example_dags/example_params_trigger_ui.py took 0.115 seconds
[2023-11-30T02:37:19.470+0200] {processor.py:157} INFO - Started process (PID=6801) to work on /home/seva/UCU/AutomatedDataPipelines/Homework1/venv/lib/python3.10/site-packages/airflow/example_dags/example_params_trigger_ui.py
[2023-11-30T02:37:19.483+0200] {processor.py:829} INFO - Processing file /home/seva/UCU/AutomatedDataPipelines/Homework1/venv/lib/python3.10/site-packages/airflow/example_dags/example_params_trigger_ui.py for tasks to queue
[2023-11-30T02:37:19.484+0200] {logging_mixin.py:154} INFO - [2023-11-30T02:37:19.483+0200] {dagbag.py:536} INFO - Filling up the DagBag from /home/seva/UCU/AutomatedDataPipelines/Homework1/venv/lib/python3.10/site-packages/airflow/example_dags/example_params_trigger_ui.py
[2023-11-30T02:37:19.499+0200] {processor.py:839} INFO - DAG(s) dict_keys(['example_params_trigger_ui']) retrieved from /home/seva/UCU/AutomatedDataPipelines/Homework1/venv/lib/python3.10/site-packages/airflow/example_dags/example_params_trigger_ui.py
[2023-11-30T02:37:19.541+0200] {logging_mixin.py:154} INFO - [2023-11-30T02:37:19.541+0200] {dag.py:2941} INFO - Sync 1 DAGs
[2023-11-30T02:37:19.555+0200] {logging_mixin.py:154} INFO - [2023-11-30T02:37:19.554+0200] {dag.py:3722} INFO - Setting next_dagrun for example_params_trigger_ui to None, run_after=None
[2023-11-30T02:37:19.581+0200] {processor.py:179} INFO - Processing /home/seva/UCU/AutomatedDataPipelines/Homework1/venv/lib/python3.10/site-packages/airflow/example_dags/example_params_trigger_ui.py took 0.114 seconds
[2023-11-30T02:37:52.719+0200] {processor.py:157} INFO - Started process (PID=6932) to work on /home/seva/UCU/AutomatedDataPipelines/Homework1/venv/lib/python3.10/site-packages/airflow/example_dags/example_params_trigger_ui.py
[2023-11-30T02:37:52.731+0200] {processor.py:829} INFO - Processing file /home/seva/UCU/AutomatedDataPipelines/Homework1/venv/lib/python3.10/site-packages/airflow/example_dags/example_params_trigger_ui.py for tasks to queue
[2023-11-30T02:37:52.732+0200] {logging_mixin.py:154} INFO - [2023-11-30T02:37:52.732+0200] {dagbag.py:536} INFO - Filling up the DagBag from /home/seva/UCU/AutomatedDataPipelines/Homework1/venv/lib/python3.10/site-packages/airflow/example_dags/example_params_trigger_ui.py
[2023-11-30T02:37:52.772+0200] {processor.py:839} INFO - DAG(s) dict_keys(['example_params_trigger_ui']) retrieved from /home/seva/UCU/AutomatedDataPipelines/Homework1/venv/lib/python3.10/site-packages/airflow/example_dags/example_params_trigger_ui.py
[2023-11-30T02:37:52.834+0200] {logging_mixin.py:154} INFO - [2023-11-30T02:37:52.834+0200] {dag.py:2941} INFO - Sync 1 DAGs
[2023-11-30T02:37:52.852+0200] {logging_mixin.py:154} INFO - [2023-11-30T02:37:52.852+0200] {dag.py:3722} INFO - Setting next_dagrun for example_params_trigger_ui to None, run_after=None
[2023-11-30T02:37:52.897+0200] {processor.py:179} INFO - Processing /home/seva/UCU/AutomatedDataPipelines/Homework1/venv/lib/python3.10/site-packages/airflow/example_dags/example_params_trigger_ui.py took 0.181 seconds
[2023-11-30T02:38:27.789+0200] {processor.py:157} INFO - Started process (PID=7189) to work on /home/seva/UCU/AutomatedDataPipelines/Homework1/venv/lib/python3.10/site-packages/airflow/example_dags/example_params_trigger_ui.py
[2023-11-30T02:38:27.792+0200] {processor.py:829} INFO - Processing file /home/seva/UCU/AutomatedDataPipelines/Homework1/venv/lib/python3.10/site-packages/airflow/example_dags/example_params_trigger_ui.py for tasks to queue
[2023-11-30T02:38:27.793+0200] {logging_mixin.py:154} INFO - [2023-11-30T02:38:27.793+0200] {dagbag.py:536} INFO - Filling up the DagBag from /home/seva/UCU/AutomatedDataPipelines/Homework1/venv/lib/python3.10/site-packages/airflow/example_dags/example_params_trigger_ui.py
[2023-11-30T02:38:27.808+0200] {processor.py:839} INFO - DAG(s) dict_keys(['example_params_trigger_ui']) retrieved from /home/seva/UCU/AutomatedDataPipelines/Homework1/venv/lib/python3.10/site-packages/airflow/example_dags/example_params_trigger_ui.py
[2023-11-30T02:38:27.841+0200] {logging_mixin.py:154} INFO - [2023-11-30T02:38:27.841+0200] {dag.py:2941} INFO - Sync 1 DAGs
[2023-11-30T02:38:27.851+0200] {logging_mixin.py:154} INFO - [2023-11-30T02:38:27.851+0200] {dag.py:3722} INFO - Setting next_dagrun for example_params_trigger_ui to None, run_after=None
[2023-11-30T02:38:27.895+0200] {processor.py:179} INFO - Processing /home/seva/UCU/AutomatedDataPipelines/Homework1/venv/lib/python3.10/site-packages/airflow/example_dags/example_params_trigger_ui.py took 0.109 seconds
[2023-11-30T02:39:04.389+0200] {processor.py:157} INFO - Started process (PID=7439) to work on /home/seva/UCU/AutomatedDataPipelines/Homework1/venv/lib/python3.10/site-packages/airflow/example_dags/example_params_trigger_ui.py
[2023-11-30T02:39:04.391+0200] {processor.py:829} INFO - Processing file /home/seva/UCU/AutomatedDataPipelines/Homework1/venv/lib/python3.10/site-packages/airflow/example_dags/example_params_trigger_ui.py for tasks to queue
[2023-11-30T02:39:04.393+0200] {logging_mixin.py:154} INFO - [2023-11-30T02:39:04.392+0200] {dagbag.py:536} INFO - Filling up the DagBag from /home/seva/UCU/AutomatedDataPipelines/Homework1/venv/lib/python3.10/site-packages/airflow/example_dags/example_params_trigger_ui.py
[2023-11-30T02:39:04.412+0200] {processor.py:839} INFO - DAG(s) dict_keys(['example_params_trigger_ui']) retrieved from /home/seva/UCU/AutomatedDataPipelines/Homework1/venv/lib/python3.10/site-packages/airflow/example_dags/example_params_trigger_ui.py
[2023-11-30T02:39:04.453+0200] {logging_mixin.py:154} INFO - [2023-11-30T02:39:04.453+0200] {dag.py:2941} INFO - Sync 1 DAGs
[2023-11-30T02:39:04.466+0200] {logging_mixin.py:154} INFO - [2023-11-30T02:39:04.466+0200] {dag.py:3722} INFO - Setting next_dagrun for example_params_trigger_ui to None, run_after=None
[2023-11-30T02:39:04.490+0200] {processor.py:179} INFO - Processing /home/seva/UCU/AutomatedDataPipelines/Homework1/venv/lib/python3.10/site-packages/airflow/example_dags/example_params_trigger_ui.py took 0.104 seconds
