[2023-11-30T02:13:47.968+0200] {processor.py:157} INFO - Started process (PID=1240) to work on /home/seva/UCU/AutomatedDataPipelines/Homework1/venv/lib/python3.10/site-packages/airflow/example_dags/example_dynamic_task_mapping_with_no_taskflow_operators.py
[2023-11-30T02:13:47.969+0200] {processor.py:829} INFO - Processing file /home/seva/UCU/AutomatedDataPipelines/Homework1/venv/lib/python3.10/site-packages/airflow/example_dags/example_dynamic_task_mapping_with_no_taskflow_operators.py for tasks to queue
[2023-11-30T02:13:47.970+0200] {logging_mixin.py:154} INFO - [2023-11-30T02:13:47.969+0200] {dagbag.py:536} INFO - Filling up the DagBag from /home/seva/UCU/AutomatedDataPipelines/Homework1/venv/lib/python3.10/site-packages/airflow/example_dags/example_dynamic_task_mapping_with_no_taskflow_operators.py
[2023-11-30T02:13:47.978+0200] {processor.py:839} INFO - DAG(s) dict_keys(['example_dynamic_task_mapping_with_no_taskflow_operators']) retrieved from /home/seva/UCU/AutomatedDataPipelines/Homework1/venv/lib/python3.10/site-packages/airflow/example_dags/example_dynamic_task_mapping_with_no_taskflow_operators.py
[2023-11-30T02:13:48.073+0200] {logging_mixin.py:154} INFO - [2023-11-30T02:13:48.072+0200] {manager.py:499} INFO - Created Permission View: %s
[2023-11-30T02:13:48.089+0200] {logging_mixin.py:154} INFO - [2023-11-30T02:13:48.089+0200] {manager.py:499} INFO - Created Permission View: %s
[2023-11-30T02:13:48.104+0200] {logging_mixin.py:154} INFO - [2023-11-30T02:13:48.103+0200] {manager.py:499} INFO - Created Permission View: %s
[2023-11-30T02:13:48.104+0200] {logging_mixin.py:154} INFO - [2023-11-30T02:13:48.104+0200] {dag.py:2941} INFO - Sync 1 DAGs
[2023-11-30T02:13:48.112+0200] {logging_mixin.py:154} INFO - [2023-11-30T02:13:48.112+0200] {dag.py:2963} INFO - Creating ORM DAG for example_dynamic_task_mapping_with_no_taskflow_operators
[2023-11-30T02:13:48.119+0200] {logging_mixin.py:154} INFO - [2023-11-30T02:13:48.118+0200] {dag.py:3722} INFO - Setting next_dagrun for example_dynamic_task_mapping_with_no_taskflow_operators to 2023-11-29T00:13:48.118739+00:00, run_after=2023-11-30T00:13:48.118739+00:00
[2023-11-30T02:13:48.145+0200] {processor.py:179} INFO - Processing /home/seva/UCU/AutomatedDataPipelines/Homework1/venv/lib/python3.10/site-packages/airflow/example_dags/example_dynamic_task_mapping_with_no_taskflow_operators.py took 0.180 seconds
[2023-11-30T02:14:34.377+0200] {processor.py:157} INFO - Started process (PID=1384) to work on /home/seva/UCU/AutomatedDataPipelines/Homework1/venv/lib/python3.10/site-packages/airflow/example_dags/example_dynamic_task_mapping_with_no_taskflow_operators.py
[2023-11-30T02:14:34.379+0200] {processor.py:829} INFO - Processing file /home/seva/UCU/AutomatedDataPipelines/Homework1/venv/lib/python3.10/site-packages/airflow/example_dags/example_dynamic_task_mapping_with_no_taskflow_operators.py for tasks to queue
[2023-11-30T02:14:34.380+0200] {logging_mixin.py:154} INFO - [2023-11-30T02:14:34.379+0200] {dagbag.py:536} INFO - Filling up the DagBag from /home/seva/UCU/AutomatedDataPipelines/Homework1/venv/lib/python3.10/site-packages/airflow/example_dags/example_dynamic_task_mapping_with_no_taskflow_operators.py
[2023-11-30T02:14:34.386+0200] {processor.py:839} INFO - DAG(s) dict_keys(['example_dynamic_task_mapping_with_no_taskflow_operators']) retrieved from /home/seva/UCU/AutomatedDataPipelines/Homework1/venv/lib/python3.10/site-packages/airflow/example_dags/example_dynamic_task_mapping_with_no_taskflow_operators.py
[2023-11-30T02:14:34.399+0200] {logging_mixin.py:154} INFO - [2023-11-30T02:14:34.399+0200] {dag.py:2941} INFO - Sync 1 DAGs
[2023-11-30T02:14:34.416+0200] {logging_mixin.py:154} INFO - [2023-11-30T02:14:34.416+0200] {dag.py:3722} INFO - Setting next_dagrun for example_dynamic_task_mapping_with_no_taskflow_operators to 2023-11-29T00:14:34.415928+00:00, run_after=2023-11-30T00:14:34.415928+00:00
[2023-11-30T02:14:34.439+0200] {processor.py:179} INFO - Processing /home/seva/UCU/AutomatedDataPipelines/Homework1/venv/lib/python3.10/site-packages/airflow/example_dags/example_dynamic_task_mapping_with_no_taskflow_operators.py took 0.064 seconds
[2023-11-30T02:15:23.047+0200] {processor.py:157} INFO - Started process (PID=1561) to work on /home/seva/UCU/AutomatedDataPipelines/Homework1/venv/lib/python3.10/site-packages/airflow/example_dags/example_dynamic_task_mapping_with_no_taskflow_operators.py
[2023-11-30T02:15:23.049+0200] {processor.py:829} INFO - Processing file /home/seva/UCU/AutomatedDataPipelines/Homework1/venv/lib/python3.10/site-packages/airflow/example_dags/example_dynamic_task_mapping_with_no_taskflow_operators.py for tasks to queue
[2023-11-30T02:15:23.050+0200] {logging_mixin.py:154} INFO - [2023-11-30T02:15:23.049+0200] {dagbag.py:536} INFO - Filling up the DagBag from /home/seva/UCU/AutomatedDataPipelines/Homework1/venv/lib/python3.10/site-packages/airflow/example_dags/example_dynamic_task_mapping_with_no_taskflow_operators.py
[2023-11-30T02:15:23.056+0200] {processor.py:839} INFO - DAG(s) dict_keys(['example_dynamic_task_mapping_with_no_taskflow_operators']) retrieved from /home/seva/UCU/AutomatedDataPipelines/Homework1/venv/lib/python3.10/site-packages/airflow/example_dags/example_dynamic_task_mapping_with_no_taskflow_operators.py
[2023-11-30T02:15:23.069+0200] {logging_mixin.py:154} INFO - [2023-11-30T02:15:23.069+0200] {dag.py:2941} INFO - Sync 1 DAGs
[2023-11-30T02:15:23.085+0200] {logging_mixin.py:154} INFO - [2023-11-30T02:15:23.085+0200] {dag.py:3722} INFO - Setting next_dagrun for example_dynamic_task_mapping_with_no_taskflow_operators to 2023-11-29T00:15:23.084986+00:00, run_after=2023-11-30T00:15:23.084986+00:00
[2023-11-30T02:15:23.108+0200] {processor.py:179} INFO - Processing /home/seva/UCU/AutomatedDataPipelines/Homework1/venv/lib/python3.10/site-packages/airflow/example_dags/example_dynamic_task_mapping_with_no_taskflow_operators.py took 0.064 seconds
[2023-11-30T02:16:08.046+0200] {processor.py:157} INFO - Started process (PID=1739) to work on /home/seva/UCU/AutomatedDataPipelines/Homework1/venv/lib/python3.10/site-packages/airflow/example_dags/example_dynamic_task_mapping_with_no_taskflow_operators.py
[2023-11-30T02:16:08.057+0200] {processor.py:829} INFO - Processing file /home/seva/UCU/AutomatedDataPipelines/Homework1/venv/lib/python3.10/site-packages/airflow/example_dags/example_dynamic_task_mapping_with_no_taskflow_operators.py for tasks to queue
[2023-11-30T02:16:08.058+0200] {logging_mixin.py:154} INFO - [2023-11-30T02:16:08.058+0200] {dagbag.py:536} INFO - Filling up the DagBag from /home/seva/UCU/AutomatedDataPipelines/Homework1/venv/lib/python3.10/site-packages/airflow/example_dags/example_dynamic_task_mapping_with_no_taskflow_operators.py
[2023-11-30T02:16:08.065+0200] {processor.py:839} INFO - DAG(s) dict_keys(['example_dynamic_task_mapping_with_no_taskflow_operators']) retrieved from /home/seva/UCU/AutomatedDataPipelines/Homework1/venv/lib/python3.10/site-packages/airflow/example_dags/example_dynamic_task_mapping_with_no_taskflow_operators.py
[2023-11-30T02:16:08.078+0200] {logging_mixin.py:154} INFO - [2023-11-30T02:16:08.078+0200] {dag.py:2941} INFO - Sync 1 DAGs
[2023-11-30T02:16:08.093+0200] {logging_mixin.py:154} INFO - [2023-11-30T02:16:08.093+0200] {dag.py:3722} INFO - Setting next_dagrun for example_dynamic_task_mapping_with_no_taskflow_operators to 2023-11-29T00:16:08.093618+00:00, run_after=2023-11-30T00:16:08.093618+00:00
[2023-11-30T02:16:08.140+0200] {processor.py:179} INFO - Processing /home/seva/UCU/AutomatedDataPipelines/Homework1/venv/lib/python3.10/site-packages/airflow/example_dags/example_dynamic_task_mapping_with_no_taskflow_operators.py took 0.097 seconds
[2023-11-30T02:16:54.608+0200] {processor.py:157} INFO - Started process (PID=1927) to work on /home/seva/UCU/AutomatedDataPipelines/Homework1/venv/lib/python3.10/site-packages/airflow/example_dags/example_dynamic_task_mapping_with_no_taskflow_operators.py
[2023-11-30T02:16:54.620+0200] {processor.py:829} INFO - Processing file /home/seva/UCU/AutomatedDataPipelines/Homework1/venv/lib/python3.10/site-packages/airflow/example_dags/example_dynamic_task_mapping_with_no_taskflow_operators.py for tasks to queue
[2023-11-30T02:16:54.622+0200] {logging_mixin.py:154} INFO - [2023-11-30T02:16:54.621+0200] {dagbag.py:536} INFO - Filling up the DagBag from /home/seva/UCU/AutomatedDataPipelines/Homework1/venv/lib/python3.10/site-packages/airflow/example_dags/example_dynamic_task_mapping_with_no_taskflow_operators.py
[2023-11-30T02:16:54.630+0200] {processor.py:839} INFO - DAG(s) dict_keys(['example_dynamic_task_mapping_with_no_taskflow_operators']) retrieved from /home/seva/UCU/AutomatedDataPipelines/Homework1/venv/lib/python3.10/site-packages/airflow/example_dags/example_dynamic_task_mapping_with_no_taskflow_operators.py
[2023-11-30T02:16:54.643+0200] {logging_mixin.py:154} INFO - [2023-11-30T02:16:54.643+0200] {dag.py:2941} INFO - Sync 1 DAGs
[2023-11-30T02:16:54.658+0200] {logging_mixin.py:154} INFO - [2023-11-30T02:16:54.658+0200] {dag.py:3722} INFO - Setting next_dagrun for example_dynamic_task_mapping_with_no_taskflow_operators to 2023-11-29T00:16:54.658058+00:00, run_after=2023-11-30T00:16:54.658058+00:00
[2023-11-30T02:16:54.689+0200] {processor.py:179} INFO - Processing /home/seva/UCU/AutomatedDataPipelines/Homework1/venv/lib/python3.10/site-packages/airflow/example_dags/example_dynamic_task_mapping_with_no_taskflow_operators.py took 0.083 seconds
[2023-11-30T02:17:38.096+0200] {processor.py:157} INFO - Started process (PID=2107) to work on /home/seva/UCU/AutomatedDataPipelines/Homework1/venv/lib/python3.10/site-packages/airflow/example_dags/example_dynamic_task_mapping_with_no_taskflow_operators.py
[2023-11-30T02:17:38.108+0200] {processor.py:829} INFO - Processing file /home/seva/UCU/AutomatedDataPipelines/Homework1/venv/lib/python3.10/site-packages/airflow/example_dags/example_dynamic_task_mapping_with_no_taskflow_operators.py for tasks to queue
[2023-11-30T02:17:38.109+0200] {logging_mixin.py:154} INFO - [2023-11-30T02:17:38.109+0200] {dagbag.py:536} INFO - Filling up the DagBag from /home/seva/UCU/AutomatedDataPipelines/Homework1/venv/lib/python3.10/site-packages/airflow/example_dags/example_dynamic_task_mapping_with_no_taskflow_operators.py
[2023-11-30T02:17:38.116+0200] {processor.py:839} INFO - DAG(s) dict_keys(['example_dynamic_task_mapping_with_no_taskflow_operators']) retrieved from /home/seva/UCU/AutomatedDataPipelines/Homework1/venv/lib/python3.10/site-packages/airflow/example_dags/example_dynamic_task_mapping_with_no_taskflow_operators.py
[2023-11-30T02:17:38.129+0200] {logging_mixin.py:154} INFO - [2023-11-30T02:17:38.128+0200] {dag.py:2941} INFO - Sync 1 DAGs
[2023-11-30T02:17:38.145+0200] {logging_mixin.py:154} INFO - [2023-11-30T02:17:38.145+0200] {dag.py:3722} INFO - Setting next_dagrun for example_dynamic_task_mapping_with_no_taskflow_operators to 2023-11-29T00:17:38.144873+00:00, run_after=2023-11-30T00:17:38.144873+00:00
[2023-11-30T02:17:38.168+0200] {processor.py:179} INFO - Processing /home/seva/UCU/AutomatedDataPipelines/Homework1/venv/lib/python3.10/site-packages/airflow/example_dags/example_dynamic_task_mapping_with_no_taskflow_operators.py took 0.076 seconds
[2023-11-30T02:18:22.748+0200] {processor.py:157} INFO - Started process (PID=2280) to work on /home/seva/UCU/AutomatedDataPipelines/Homework1/venv/lib/python3.10/site-packages/airflow/example_dags/example_dynamic_task_mapping_with_no_taskflow_operators.py
[2023-11-30T02:18:22.750+0200] {processor.py:829} INFO - Processing file /home/seva/UCU/AutomatedDataPipelines/Homework1/venv/lib/python3.10/site-packages/airflow/example_dags/example_dynamic_task_mapping_with_no_taskflow_operators.py for tasks to queue
[2023-11-30T02:18:22.751+0200] {logging_mixin.py:154} INFO - [2023-11-30T02:18:22.750+0200] {dagbag.py:536} INFO - Filling up the DagBag from /home/seva/UCU/AutomatedDataPipelines/Homework1/venv/lib/python3.10/site-packages/airflow/example_dags/example_dynamic_task_mapping_with_no_taskflow_operators.py
[2023-11-30T02:18:22.758+0200] {processor.py:839} INFO - DAG(s) dict_keys(['example_dynamic_task_mapping_with_no_taskflow_operators']) retrieved from /home/seva/UCU/AutomatedDataPipelines/Homework1/venv/lib/python3.10/site-packages/airflow/example_dags/example_dynamic_task_mapping_with_no_taskflow_operators.py
[2023-11-30T02:18:22.771+0200] {logging_mixin.py:154} INFO - [2023-11-30T02:18:22.771+0200] {dag.py:2941} INFO - Sync 1 DAGs
[2023-11-30T02:18:22.789+0200] {logging_mixin.py:154} INFO - [2023-11-30T02:18:22.789+0200] {dag.py:3722} INFO - Setting next_dagrun for example_dynamic_task_mapping_with_no_taskflow_operators to 2023-11-29T00:18:22.788840+00:00, run_after=2023-11-30T00:18:22.788840+00:00
[2023-11-30T02:18:22.818+0200] {processor.py:179} INFO - Processing /home/seva/UCU/AutomatedDataPipelines/Homework1/venv/lib/python3.10/site-packages/airflow/example_dags/example_dynamic_task_mapping_with_no_taskflow_operators.py took 0.074 seconds
[2023-11-30T02:19:05.110+0200] {processor.py:157} INFO - Started process (PID=2451) to work on /home/seva/UCU/AutomatedDataPipelines/Homework1/venv/lib/python3.10/site-packages/airflow/example_dags/example_dynamic_task_mapping_with_no_taskflow_operators.py
[2023-11-30T02:19:05.112+0200] {processor.py:829} INFO - Processing file /home/seva/UCU/AutomatedDataPipelines/Homework1/venv/lib/python3.10/site-packages/airflow/example_dags/example_dynamic_task_mapping_with_no_taskflow_operators.py for tasks to queue
[2023-11-30T02:19:05.113+0200] {logging_mixin.py:154} INFO - [2023-11-30T02:19:05.113+0200] {dagbag.py:536} INFO - Filling up the DagBag from /home/seva/UCU/AutomatedDataPipelines/Homework1/venv/lib/python3.10/site-packages/airflow/example_dags/example_dynamic_task_mapping_with_no_taskflow_operators.py
[2023-11-30T02:19:05.119+0200] {processor.py:839} INFO - DAG(s) dict_keys(['example_dynamic_task_mapping_with_no_taskflow_operators']) retrieved from /home/seva/UCU/AutomatedDataPipelines/Homework1/venv/lib/python3.10/site-packages/airflow/example_dags/example_dynamic_task_mapping_with_no_taskflow_operators.py
[2023-11-30T02:19:05.132+0200] {logging_mixin.py:154} INFO - [2023-11-30T02:19:05.132+0200] {dag.py:2941} INFO - Sync 1 DAGs
[2023-11-30T02:19:05.148+0200] {logging_mixin.py:154} INFO - [2023-11-30T02:19:05.147+0200] {dag.py:3722} INFO - Setting next_dagrun for example_dynamic_task_mapping_with_no_taskflow_operators to 2023-11-29T00:19:05.147784+00:00, run_after=2023-11-30T00:19:05.147784+00:00
[2023-11-30T02:19:05.173+0200] {processor.py:179} INFO - Processing /home/seva/UCU/AutomatedDataPipelines/Homework1/venv/lib/python3.10/site-packages/airflow/example_dags/example_dynamic_task_mapping_with_no_taskflow_operators.py took 0.065 seconds
[2023-11-30T02:19:48.799+0200] {processor.py:157} INFO - Started process (PID=2625) to work on /home/seva/UCU/AutomatedDataPipelines/Homework1/venv/lib/python3.10/site-packages/airflow/example_dags/example_dynamic_task_mapping_with_no_taskflow_operators.py
[2023-11-30T02:19:48.801+0200] {processor.py:829} INFO - Processing file /home/seva/UCU/AutomatedDataPipelines/Homework1/venv/lib/python3.10/site-packages/airflow/example_dags/example_dynamic_task_mapping_with_no_taskflow_operators.py for tasks to queue
[2023-11-30T02:19:48.803+0200] {logging_mixin.py:154} INFO - [2023-11-30T02:19:48.802+0200] {dagbag.py:536} INFO - Filling up the DagBag from /home/seva/UCU/AutomatedDataPipelines/Homework1/venv/lib/python3.10/site-packages/airflow/example_dags/example_dynamic_task_mapping_with_no_taskflow_operators.py
[2023-11-30T02:19:48.809+0200] {processor.py:839} INFO - DAG(s) dict_keys(['example_dynamic_task_mapping_with_no_taskflow_operators']) retrieved from /home/seva/UCU/AutomatedDataPipelines/Homework1/venv/lib/python3.10/site-packages/airflow/example_dags/example_dynamic_task_mapping_with_no_taskflow_operators.py
[2023-11-30T02:19:48.822+0200] {logging_mixin.py:154} INFO - [2023-11-30T02:19:48.822+0200] {dag.py:2941} INFO - Sync 1 DAGs
[2023-11-30T02:19:48.837+0200] {logging_mixin.py:154} INFO - [2023-11-30T02:19:48.837+0200] {dag.py:3722} INFO - Setting next_dagrun for example_dynamic_task_mapping_with_no_taskflow_operators to 2023-11-29T00:19:48.837393+00:00, run_after=2023-11-30T00:19:48.837393+00:00
[2023-11-30T02:19:48.860+0200] {processor.py:179} INFO - Processing /home/seva/UCU/AutomatedDataPipelines/Homework1/venv/lib/python3.10/site-packages/airflow/example_dags/example_dynamic_task_mapping_with_no_taskflow_operators.py took 0.064 seconds
[2023-11-30T02:20:32.832+0200] {processor.py:157} INFO - Started process (PID=2795) to work on /home/seva/UCU/AutomatedDataPipelines/Homework1/venv/lib/python3.10/site-packages/airflow/example_dags/example_dynamic_task_mapping_with_no_taskflow_operators.py
[2023-11-30T02:20:32.843+0200] {processor.py:829} INFO - Processing file /home/seva/UCU/AutomatedDataPipelines/Homework1/venv/lib/python3.10/site-packages/airflow/example_dags/example_dynamic_task_mapping_with_no_taskflow_operators.py for tasks to queue
[2023-11-30T02:20:32.844+0200] {logging_mixin.py:154} INFO - [2023-11-30T02:20:32.844+0200] {dagbag.py:536} INFO - Filling up the DagBag from /home/seva/UCU/AutomatedDataPipelines/Homework1/venv/lib/python3.10/site-packages/airflow/example_dags/example_dynamic_task_mapping_with_no_taskflow_operators.py
[2023-11-30T02:20:32.851+0200] {processor.py:839} INFO - DAG(s) dict_keys(['example_dynamic_task_mapping_with_no_taskflow_operators']) retrieved from /home/seva/UCU/AutomatedDataPipelines/Homework1/venv/lib/python3.10/site-packages/airflow/example_dags/example_dynamic_task_mapping_with_no_taskflow_operators.py
[2023-11-30T02:20:32.864+0200] {logging_mixin.py:154} INFO - [2023-11-30T02:20:32.864+0200] {dag.py:2941} INFO - Sync 1 DAGs
[2023-11-30T02:20:32.880+0200] {logging_mixin.py:154} INFO - [2023-11-30T02:20:32.879+0200] {dag.py:3722} INFO - Setting next_dagrun for example_dynamic_task_mapping_with_no_taskflow_operators to 2023-11-29T00:20:32.879720+00:00, run_after=2023-11-30T00:20:32.879720+00:00
[2023-11-30T02:20:32.905+0200] {processor.py:179} INFO - Processing /home/seva/UCU/AutomatedDataPipelines/Homework1/venv/lib/python3.10/site-packages/airflow/example_dags/example_dynamic_task_mapping_with_no_taskflow_operators.py took 0.077 seconds
[2023-11-30T02:21:19.219+0200] {processor.py:157} INFO - Started process (PID=2975) to work on /home/seva/UCU/AutomatedDataPipelines/Homework1/venv/lib/python3.10/site-packages/airflow/example_dags/example_dynamic_task_mapping_with_no_taskflow_operators.py
[2023-11-30T02:21:19.231+0200] {processor.py:829} INFO - Processing file /home/seva/UCU/AutomatedDataPipelines/Homework1/venv/lib/python3.10/site-packages/airflow/example_dags/example_dynamic_task_mapping_with_no_taskflow_operators.py for tasks to queue
[2023-11-30T02:21:19.232+0200] {logging_mixin.py:154} INFO - [2023-11-30T02:21:19.232+0200] {dagbag.py:536} INFO - Filling up the DagBag from /home/seva/UCU/AutomatedDataPipelines/Homework1/venv/lib/python3.10/site-packages/airflow/example_dags/example_dynamic_task_mapping_with_no_taskflow_operators.py
[2023-11-30T02:21:19.238+0200] {processor.py:839} INFO - DAG(s) dict_keys(['example_dynamic_task_mapping_with_no_taskflow_operators']) retrieved from /home/seva/UCU/AutomatedDataPipelines/Homework1/venv/lib/python3.10/site-packages/airflow/example_dags/example_dynamic_task_mapping_with_no_taskflow_operators.py
[2023-11-30T02:21:19.250+0200] {logging_mixin.py:154} INFO - [2023-11-30T02:21:19.250+0200] {dag.py:2941} INFO - Sync 1 DAGs
[2023-11-30T02:21:19.266+0200] {logging_mixin.py:154} INFO - [2023-11-30T02:21:19.266+0200] {dag.py:3722} INFO - Setting next_dagrun for example_dynamic_task_mapping_with_no_taskflow_operators to 2023-11-29T00:21:19.265854+00:00, run_after=2023-11-30T00:21:19.265854+00:00
[2023-11-30T02:21:19.290+0200] {processor.py:179} INFO - Processing /home/seva/UCU/AutomatedDataPipelines/Homework1/venv/lib/python3.10/site-packages/airflow/example_dags/example_dynamic_task_mapping_with_no_taskflow_operators.py took 0.074 seconds
[2023-11-30T02:22:00.687+0200] {processor.py:157} INFO - Started process (PID=3145) to work on /home/seva/UCU/AutomatedDataPipelines/Homework1/venv/lib/python3.10/site-packages/airflow/example_dags/example_dynamic_task_mapping_with_no_taskflow_operators.py
[2023-11-30T02:22:00.689+0200] {processor.py:829} INFO - Processing file /home/seva/UCU/AutomatedDataPipelines/Homework1/venv/lib/python3.10/site-packages/airflow/example_dags/example_dynamic_task_mapping_with_no_taskflow_operators.py for tasks to queue
[2023-11-30T02:22:00.690+0200] {logging_mixin.py:154} INFO - [2023-11-30T02:22:00.690+0200] {dagbag.py:536} INFO - Filling up the DagBag from /home/seva/UCU/AutomatedDataPipelines/Homework1/venv/lib/python3.10/site-packages/airflow/example_dags/example_dynamic_task_mapping_with_no_taskflow_operators.py
[2023-11-30T02:22:00.699+0200] {processor.py:839} INFO - DAG(s) dict_keys(['example_dynamic_task_mapping_with_no_taskflow_operators']) retrieved from /home/seva/UCU/AutomatedDataPipelines/Homework1/venv/lib/python3.10/site-packages/airflow/example_dags/example_dynamic_task_mapping_with_no_taskflow_operators.py
[2023-11-30T02:22:00.713+0200] {logging_mixin.py:154} INFO - [2023-11-30T02:22:00.713+0200] {dag.py:2941} INFO - Sync 1 DAGs
[2023-11-30T02:22:00.729+0200] {logging_mixin.py:154} INFO - [2023-11-30T02:22:00.729+0200] {dag.py:3722} INFO - Setting next_dagrun for example_dynamic_task_mapping_with_no_taskflow_operators to 2023-11-29T00:22:00.729078+00:00, run_after=2023-11-30T00:22:00.729078+00:00
[2023-11-30T02:22:00.752+0200] {processor.py:179} INFO - Processing /home/seva/UCU/AutomatedDataPipelines/Homework1/venv/lib/python3.10/site-packages/airflow/example_dags/example_dynamic_task_mapping_with_no_taskflow_operators.py took 0.068 seconds
[2023-11-30T02:22:45.727+0200] {processor.py:157} INFO - Started process (PID=3320) to work on /home/seva/UCU/AutomatedDataPipelines/Homework1/venv/lib/python3.10/site-packages/airflow/example_dags/example_dynamic_task_mapping_with_no_taskflow_operators.py
[2023-11-30T02:22:45.739+0200] {processor.py:829} INFO - Processing file /home/seva/UCU/AutomatedDataPipelines/Homework1/venv/lib/python3.10/site-packages/airflow/example_dags/example_dynamic_task_mapping_with_no_taskflow_operators.py for tasks to queue
[2023-11-30T02:22:45.740+0200] {logging_mixin.py:154} INFO - [2023-11-30T02:22:45.740+0200] {dagbag.py:536} INFO - Filling up the DagBag from /home/seva/UCU/AutomatedDataPipelines/Homework1/venv/lib/python3.10/site-packages/airflow/example_dags/example_dynamic_task_mapping_with_no_taskflow_operators.py
[2023-11-30T02:22:45.747+0200] {processor.py:839} INFO - DAG(s) dict_keys(['example_dynamic_task_mapping_with_no_taskflow_operators']) retrieved from /home/seva/UCU/AutomatedDataPipelines/Homework1/venv/lib/python3.10/site-packages/airflow/example_dags/example_dynamic_task_mapping_with_no_taskflow_operators.py
[2023-11-30T02:22:45.761+0200] {logging_mixin.py:154} INFO - [2023-11-30T02:22:45.760+0200] {dag.py:2941} INFO - Sync 1 DAGs
[2023-11-30T02:22:45.776+0200] {logging_mixin.py:154} INFO - [2023-11-30T02:22:45.776+0200] {dag.py:3722} INFO - Setting next_dagrun for example_dynamic_task_mapping_with_no_taskflow_operators to 2023-11-29T00:22:45.776386+00:00, run_after=2023-11-30T00:22:45.776386+00:00
[2023-11-30T02:22:45.800+0200] {processor.py:179} INFO - Processing /home/seva/UCU/AutomatedDataPipelines/Homework1/venv/lib/python3.10/site-packages/airflow/example_dags/example_dynamic_task_mapping_with_no_taskflow_operators.py took 0.076 seconds
[2023-11-30T02:23:30.070+0200] {processor.py:157} INFO - Started process (PID=3499) to work on /home/seva/UCU/AutomatedDataPipelines/Homework1/venv/lib/python3.10/site-packages/airflow/example_dags/example_dynamic_task_mapping_with_no_taskflow_operators.py
[2023-11-30T02:23:30.083+0200] {processor.py:829} INFO - Processing file /home/seva/UCU/AutomatedDataPipelines/Homework1/venv/lib/python3.10/site-packages/airflow/example_dags/example_dynamic_task_mapping_with_no_taskflow_operators.py for tasks to queue
[2023-11-30T02:23:30.084+0200] {logging_mixin.py:154} INFO - [2023-11-30T02:23:30.083+0200] {dagbag.py:536} INFO - Filling up the DagBag from /home/seva/UCU/AutomatedDataPipelines/Homework1/venv/lib/python3.10/site-packages/airflow/example_dags/example_dynamic_task_mapping_with_no_taskflow_operators.py
[2023-11-30T02:23:30.090+0200] {processor.py:839} INFO - DAG(s) dict_keys(['example_dynamic_task_mapping_with_no_taskflow_operators']) retrieved from /home/seva/UCU/AutomatedDataPipelines/Homework1/venv/lib/python3.10/site-packages/airflow/example_dags/example_dynamic_task_mapping_with_no_taskflow_operators.py
[2023-11-30T02:23:30.102+0200] {logging_mixin.py:154} INFO - [2023-11-30T02:23:30.102+0200] {dag.py:2941} INFO - Sync 1 DAGs
[2023-11-30T02:23:30.119+0200] {logging_mixin.py:154} INFO - [2023-11-30T02:23:30.119+0200] {dag.py:3722} INFO - Setting next_dagrun for example_dynamic_task_mapping_with_no_taskflow_operators to 2023-11-29T00:23:30.119204+00:00, run_after=2023-11-30T00:23:30.119204+00:00
[2023-11-30T02:23:30.141+0200] {processor.py:179} INFO - Processing /home/seva/UCU/AutomatedDataPipelines/Homework1/venv/lib/python3.10/site-packages/airflow/example_dags/example_dynamic_task_mapping_with_no_taskflow_operators.py took 0.074 seconds
[2023-11-30T02:24:14.354+0200] {processor.py:157} INFO - Started process (PID=3670) to work on /home/seva/UCU/AutomatedDataPipelines/Homework1/venv/lib/python3.10/site-packages/airflow/example_dags/example_dynamic_task_mapping_with_no_taskflow_operators.py
[2023-11-30T02:24:14.366+0200] {processor.py:829} INFO - Processing file /home/seva/UCU/AutomatedDataPipelines/Homework1/venv/lib/python3.10/site-packages/airflow/example_dags/example_dynamic_task_mapping_with_no_taskflow_operators.py for tasks to queue
[2023-11-30T02:24:14.367+0200] {logging_mixin.py:154} INFO - [2023-11-30T02:24:14.366+0200] {dagbag.py:536} INFO - Filling up the DagBag from /home/seva/UCU/AutomatedDataPipelines/Homework1/venv/lib/python3.10/site-packages/airflow/example_dags/example_dynamic_task_mapping_with_no_taskflow_operators.py
[2023-11-30T02:24:14.373+0200] {processor.py:839} INFO - DAG(s) dict_keys(['example_dynamic_task_mapping_with_no_taskflow_operators']) retrieved from /home/seva/UCU/AutomatedDataPipelines/Homework1/venv/lib/python3.10/site-packages/airflow/example_dags/example_dynamic_task_mapping_with_no_taskflow_operators.py
[2023-11-30T02:24:14.386+0200] {logging_mixin.py:154} INFO - [2023-11-30T02:24:14.385+0200] {dag.py:2941} INFO - Sync 1 DAGs
[2023-11-30T02:24:14.400+0200] {logging_mixin.py:154} INFO - [2023-11-30T02:24:14.400+0200] {dag.py:3722} INFO - Setting next_dagrun for example_dynamic_task_mapping_with_no_taskflow_operators to 2023-11-29T00:24:14.400368+00:00, run_after=2023-11-30T00:24:14.400368+00:00
[2023-11-30T02:24:14.424+0200] {processor.py:179} INFO - Processing /home/seva/UCU/AutomatedDataPipelines/Homework1/venv/lib/python3.10/site-packages/airflow/example_dags/example_dynamic_task_mapping_with_no_taskflow_operators.py took 0.073 seconds
[2023-11-30T02:25:03.328+0200] {processor.py:157} INFO - Started process (PID=3865) to work on /home/seva/UCU/AutomatedDataPipelines/Homework1/venv/lib/python3.10/site-packages/airflow/example_dags/example_dynamic_task_mapping_with_no_taskflow_operators.py
[2023-11-30T02:25:03.330+0200] {processor.py:829} INFO - Processing file /home/seva/UCU/AutomatedDataPipelines/Homework1/venv/lib/python3.10/site-packages/airflow/example_dags/example_dynamic_task_mapping_with_no_taskflow_operators.py for tasks to queue
[2023-11-30T02:25:03.331+0200] {logging_mixin.py:154} INFO - [2023-11-30T02:25:03.330+0200] {dagbag.py:536} INFO - Filling up the DagBag from /home/seva/UCU/AutomatedDataPipelines/Homework1/venv/lib/python3.10/site-packages/airflow/example_dags/example_dynamic_task_mapping_with_no_taskflow_operators.py
[2023-11-30T02:25:03.337+0200] {processor.py:839} INFO - DAG(s) dict_keys(['example_dynamic_task_mapping_with_no_taskflow_operators']) retrieved from /home/seva/UCU/AutomatedDataPipelines/Homework1/venv/lib/python3.10/site-packages/airflow/example_dags/example_dynamic_task_mapping_with_no_taskflow_operators.py
[2023-11-30T02:25:03.350+0200] {logging_mixin.py:154} INFO - [2023-11-30T02:25:03.350+0200] {dag.py:2941} INFO - Sync 1 DAGs
[2023-11-30T02:25:03.365+0200] {logging_mixin.py:154} INFO - [2023-11-30T02:25:03.365+0200] {dag.py:3722} INFO - Setting next_dagrun for example_dynamic_task_mapping_with_no_taskflow_operators to 2023-11-29T00:25:03.365173+00:00, run_after=2023-11-30T00:25:03.365173+00:00
[2023-11-30T02:25:03.389+0200] {processor.py:179} INFO - Processing /home/seva/UCU/AutomatedDataPipelines/Homework1/venv/lib/python3.10/site-packages/airflow/example_dags/example_dynamic_task_mapping_with_no_taskflow_operators.py took 0.063 seconds
[2023-11-30T02:25:46.026+0200] {processor.py:157} INFO - Started process (PID=4037) to work on /home/seva/UCU/AutomatedDataPipelines/Homework1/venv/lib/python3.10/site-packages/airflow/example_dags/example_dynamic_task_mapping_with_no_taskflow_operators.py
[2023-11-30T02:25:46.038+0200] {processor.py:829} INFO - Processing file /home/seva/UCU/AutomatedDataPipelines/Homework1/venv/lib/python3.10/site-packages/airflow/example_dags/example_dynamic_task_mapping_with_no_taskflow_operators.py for tasks to queue
[2023-11-30T02:25:46.039+0200] {logging_mixin.py:154} INFO - [2023-11-30T02:25:46.038+0200] {dagbag.py:536} INFO - Filling up the DagBag from /home/seva/UCU/AutomatedDataPipelines/Homework1/venv/lib/python3.10/site-packages/airflow/example_dags/example_dynamic_task_mapping_with_no_taskflow_operators.py
[2023-11-30T02:25:46.046+0200] {processor.py:839} INFO - DAG(s) dict_keys(['example_dynamic_task_mapping_with_no_taskflow_operators']) retrieved from /home/seva/UCU/AutomatedDataPipelines/Homework1/venv/lib/python3.10/site-packages/airflow/example_dags/example_dynamic_task_mapping_with_no_taskflow_operators.py
[2023-11-30T02:25:46.058+0200] {logging_mixin.py:154} INFO - [2023-11-30T02:25:46.058+0200] {dag.py:2941} INFO - Sync 1 DAGs
[2023-11-30T02:25:46.074+0200] {logging_mixin.py:154} INFO - [2023-11-30T02:25:46.074+0200] {dag.py:3722} INFO - Setting next_dagrun for example_dynamic_task_mapping_with_no_taskflow_operators to 2023-11-29T00:25:46.073908+00:00, run_after=2023-11-30T00:25:46.073908+00:00
[2023-11-30T02:25:46.099+0200] {processor.py:179} INFO - Processing /home/seva/UCU/AutomatedDataPipelines/Homework1/venv/lib/python3.10/site-packages/airflow/example_dags/example_dynamic_task_mapping_with_no_taskflow_operators.py took 0.077 seconds
[2023-11-30T02:26:31.658+0200] {processor.py:157} INFO - Started process (PID=4214) to work on /home/seva/UCU/AutomatedDataPipelines/Homework1/venv/lib/python3.10/site-packages/airflow/example_dags/example_dynamic_task_mapping_with_no_taskflow_operators.py
[2023-11-30T02:26:31.671+0200] {processor.py:829} INFO - Processing file /home/seva/UCU/AutomatedDataPipelines/Homework1/venv/lib/python3.10/site-packages/airflow/example_dags/example_dynamic_task_mapping_with_no_taskflow_operators.py for tasks to queue
[2023-11-30T02:26:31.672+0200] {logging_mixin.py:154} INFO - [2023-11-30T02:26:31.671+0200] {dagbag.py:536} INFO - Filling up the DagBag from /home/seva/UCU/AutomatedDataPipelines/Homework1/venv/lib/python3.10/site-packages/airflow/example_dags/example_dynamic_task_mapping_with_no_taskflow_operators.py
[2023-11-30T02:26:31.678+0200] {processor.py:839} INFO - DAG(s) dict_keys(['example_dynamic_task_mapping_with_no_taskflow_operators']) retrieved from /home/seva/UCU/AutomatedDataPipelines/Homework1/venv/lib/python3.10/site-packages/airflow/example_dags/example_dynamic_task_mapping_with_no_taskflow_operators.py
[2023-11-30T02:26:31.691+0200] {logging_mixin.py:154} INFO - [2023-11-30T02:26:31.691+0200] {dag.py:2941} INFO - Sync 1 DAGs
[2023-11-30T02:26:31.707+0200] {logging_mixin.py:154} INFO - [2023-11-30T02:26:31.707+0200] {dag.py:3722} INFO - Setting next_dagrun for example_dynamic_task_mapping_with_no_taskflow_operators to 2023-11-29T00:26:31.706892+00:00, run_after=2023-11-30T00:26:31.706892+00:00
[2023-11-30T02:26:31.731+0200] {processor.py:179} INFO - Processing /home/seva/UCU/AutomatedDataPipelines/Homework1/venv/lib/python3.10/site-packages/airflow/example_dags/example_dynamic_task_mapping_with_no_taskflow_operators.py took 0.076 seconds
[2023-11-30T02:27:23.749+0200] {processor.py:157} INFO - Started process (PID=4418) to work on /home/seva/UCU/AutomatedDataPipelines/Homework1/venv/lib/python3.10/site-packages/airflow/example_dags/example_dynamic_task_mapping_with_no_taskflow_operators.py
[2023-11-30T02:27:23.761+0200] {processor.py:829} INFO - Processing file /home/seva/UCU/AutomatedDataPipelines/Homework1/venv/lib/python3.10/site-packages/airflow/example_dags/example_dynamic_task_mapping_with_no_taskflow_operators.py for tasks to queue
[2023-11-30T02:27:23.762+0200] {logging_mixin.py:154} INFO - [2023-11-30T02:27:23.761+0200] {dagbag.py:536} INFO - Filling up the DagBag from /home/seva/UCU/AutomatedDataPipelines/Homework1/venv/lib/python3.10/site-packages/airflow/example_dags/example_dynamic_task_mapping_with_no_taskflow_operators.py
[2023-11-30T02:27:23.769+0200] {processor.py:839} INFO - DAG(s) dict_keys(['example_dynamic_task_mapping_with_no_taskflow_operators']) retrieved from /home/seva/UCU/AutomatedDataPipelines/Homework1/venv/lib/python3.10/site-packages/airflow/example_dags/example_dynamic_task_mapping_with_no_taskflow_operators.py
[2023-11-30T02:27:23.781+0200] {logging_mixin.py:154} INFO - [2023-11-30T02:27:23.781+0200] {dag.py:2941} INFO - Sync 1 DAGs
[2023-11-30T02:27:23.798+0200] {logging_mixin.py:154} INFO - [2023-11-30T02:27:23.798+0200] {dag.py:3722} INFO - Setting next_dagrun for example_dynamic_task_mapping_with_no_taskflow_operators to 2023-11-29T00:27:23.797856+00:00, run_after=2023-11-30T00:27:23.797856+00:00
[2023-11-30T02:27:23.820+0200] {processor.py:179} INFO - Processing /home/seva/UCU/AutomatedDataPipelines/Homework1/venv/lib/python3.10/site-packages/airflow/example_dags/example_dynamic_task_mapping_with_no_taskflow_operators.py took 0.074 seconds
[2023-11-30T02:28:11.378+0200] {processor.py:157} INFO - Started process (PID=4604) to work on /home/seva/UCU/AutomatedDataPipelines/Homework1/venv/lib/python3.10/site-packages/airflow/example_dags/example_dynamic_task_mapping_with_no_taskflow_operators.py
[2023-11-30T02:28:11.389+0200] {processor.py:829} INFO - Processing file /home/seva/UCU/AutomatedDataPipelines/Homework1/venv/lib/python3.10/site-packages/airflow/example_dags/example_dynamic_task_mapping_with_no_taskflow_operators.py for tasks to queue
[2023-11-30T02:28:11.390+0200] {logging_mixin.py:154} INFO - [2023-11-30T02:28:11.390+0200] {dagbag.py:536} INFO - Filling up the DagBag from /home/seva/UCU/AutomatedDataPipelines/Homework1/venv/lib/python3.10/site-packages/airflow/example_dags/example_dynamic_task_mapping_with_no_taskflow_operators.py
[2023-11-30T02:28:11.397+0200] {processor.py:839} INFO - DAG(s) dict_keys(['example_dynamic_task_mapping_with_no_taskflow_operators']) retrieved from /home/seva/UCU/AutomatedDataPipelines/Homework1/venv/lib/python3.10/site-packages/airflow/example_dags/example_dynamic_task_mapping_with_no_taskflow_operators.py
[2023-11-30T02:28:11.411+0200] {logging_mixin.py:154} INFO - [2023-11-30T02:28:11.411+0200] {dag.py:2941} INFO - Sync 1 DAGs
[2023-11-30T02:28:11.428+0200] {logging_mixin.py:154} INFO - [2023-11-30T02:28:11.428+0200] {dag.py:3722} INFO - Setting next_dagrun for example_dynamic_task_mapping_with_no_taskflow_operators to 2023-11-29T00:28:11.427916+00:00, run_after=2023-11-30T00:28:11.427916+00:00
[2023-11-30T02:28:11.451+0200] {processor.py:179} INFO - Processing /home/seva/UCU/AutomatedDataPipelines/Homework1/venv/lib/python3.10/site-packages/airflow/example_dags/example_dynamic_task_mapping_with_no_taskflow_operators.py took 0.077 seconds
[2023-11-30T02:28:54.926+0200] {processor.py:157} INFO - Started process (PID=4775) to work on /home/seva/UCU/AutomatedDataPipelines/Homework1/venv/lib/python3.10/site-packages/airflow/example_dags/example_dynamic_task_mapping_with_no_taskflow_operators.py
[2023-11-30T02:28:54.938+0200] {processor.py:829} INFO - Processing file /home/seva/UCU/AutomatedDataPipelines/Homework1/venv/lib/python3.10/site-packages/airflow/example_dags/example_dynamic_task_mapping_with_no_taskflow_operators.py for tasks to queue
[2023-11-30T02:28:54.939+0200] {logging_mixin.py:154} INFO - [2023-11-30T02:28:54.939+0200] {dagbag.py:536} INFO - Filling up the DagBag from /home/seva/UCU/AutomatedDataPipelines/Homework1/venv/lib/python3.10/site-packages/airflow/example_dags/example_dynamic_task_mapping_with_no_taskflow_operators.py
[2023-11-30T02:28:54.947+0200] {processor.py:839} INFO - DAG(s) dict_keys(['example_dynamic_task_mapping_with_no_taskflow_operators']) retrieved from /home/seva/UCU/AutomatedDataPipelines/Homework1/venv/lib/python3.10/site-packages/airflow/example_dags/example_dynamic_task_mapping_with_no_taskflow_operators.py
[2023-11-30T02:28:54.959+0200] {logging_mixin.py:154} INFO - [2023-11-30T02:28:54.959+0200] {dag.py:2941} INFO - Sync 1 DAGs
[2023-11-30T02:28:54.976+0200] {logging_mixin.py:154} INFO - [2023-11-30T02:28:54.976+0200] {dag.py:3722} INFO - Setting next_dagrun for example_dynamic_task_mapping_with_no_taskflow_operators to 2023-11-29T00:28:54.976242+00:00, run_after=2023-11-30T00:28:54.976242+00:00
[2023-11-30T02:28:55.001+0200] {processor.py:179} INFO - Processing /home/seva/UCU/AutomatedDataPipelines/Homework1/venv/lib/python3.10/site-packages/airflow/example_dags/example_dynamic_task_mapping_with_no_taskflow_operators.py took 0.078 seconds
[2023-11-30T02:29:38.870+0200] {processor.py:157} INFO - Started process (PID=4952) to work on /home/seva/UCU/AutomatedDataPipelines/Homework1/venv/lib/python3.10/site-packages/airflow/example_dags/example_dynamic_task_mapping_with_no_taskflow_operators.py
[2023-11-30T02:29:38.881+0200] {processor.py:829} INFO - Processing file /home/seva/UCU/AutomatedDataPipelines/Homework1/venv/lib/python3.10/site-packages/airflow/example_dags/example_dynamic_task_mapping_with_no_taskflow_operators.py for tasks to queue
[2023-11-30T02:29:38.882+0200] {logging_mixin.py:154} INFO - [2023-11-30T02:29:38.882+0200] {dagbag.py:536} INFO - Filling up the DagBag from /home/seva/UCU/AutomatedDataPipelines/Homework1/venv/lib/python3.10/site-packages/airflow/example_dags/example_dynamic_task_mapping_with_no_taskflow_operators.py
[2023-11-30T02:29:38.889+0200] {processor.py:839} INFO - DAG(s) dict_keys(['example_dynamic_task_mapping_with_no_taskflow_operators']) retrieved from /home/seva/UCU/AutomatedDataPipelines/Homework1/venv/lib/python3.10/site-packages/airflow/example_dags/example_dynamic_task_mapping_with_no_taskflow_operators.py
[2023-11-30T02:29:38.901+0200] {logging_mixin.py:154} INFO - [2023-11-30T02:29:38.901+0200] {dag.py:2941} INFO - Sync 1 DAGs
[2023-11-30T02:29:38.916+0200] {logging_mixin.py:154} INFO - [2023-11-30T02:29:38.916+0200] {dag.py:3722} INFO - Setting next_dagrun for example_dynamic_task_mapping_with_no_taskflow_operators to 2023-11-29T00:29:38.915990+00:00, run_after=2023-11-30T00:29:38.915990+00:00
[2023-11-30T02:29:38.943+0200] {processor.py:179} INFO - Processing /home/seva/UCU/AutomatedDataPipelines/Homework1/venv/lib/python3.10/site-packages/airflow/example_dags/example_dynamic_task_mapping_with_no_taskflow_operators.py took 0.076 seconds
[2023-11-30T02:30:25.281+0200] {processor.py:157} INFO - Started process (PID=5137) to work on /home/seva/UCU/AutomatedDataPipelines/Homework1/venv/lib/python3.10/site-packages/airflow/example_dags/example_dynamic_task_mapping_with_no_taskflow_operators.py
[2023-11-30T02:30:25.283+0200] {processor.py:829} INFO - Processing file /home/seva/UCU/AutomatedDataPipelines/Homework1/venv/lib/python3.10/site-packages/airflow/example_dags/example_dynamic_task_mapping_with_no_taskflow_operators.py for tasks to queue
[2023-11-30T02:30:25.283+0200] {logging_mixin.py:154} INFO - [2023-11-30T02:30:25.283+0200] {dagbag.py:536} INFO - Filling up the DagBag from /home/seva/UCU/AutomatedDataPipelines/Homework1/venv/lib/python3.10/site-packages/airflow/example_dags/example_dynamic_task_mapping_with_no_taskflow_operators.py
[2023-11-30T02:30:25.290+0200] {processor.py:839} INFO - DAG(s) dict_keys(['example_dynamic_task_mapping_with_no_taskflow_operators']) retrieved from /home/seva/UCU/AutomatedDataPipelines/Homework1/venv/lib/python3.10/site-packages/airflow/example_dags/example_dynamic_task_mapping_with_no_taskflow_operators.py
[2023-11-30T02:30:25.302+0200] {logging_mixin.py:154} INFO - [2023-11-30T02:30:25.302+0200] {dag.py:2941} INFO - Sync 1 DAGs
[2023-11-30T02:30:25.318+0200] {logging_mixin.py:154} INFO - [2023-11-30T02:30:25.318+0200] {dag.py:3722} INFO - Setting next_dagrun for example_dynamic_task_mapping_with_no_taskflow_operators to 2023-11-29T00:30:25.318319+00:00, run_after=2023-11-30T00:30:25.318319+00:00
[2023-11-30T02:30:25.342+0200] {processor.py:179} INFO - Processing /home/seva/UCU/AutomatedDataPipelines/Homework1/venv/lib/python3.10/site-packages/airflow/example_dags/example_dynamic_task_mapping_with_no_taskflow_operators.py took 0.064 seconds
[2023-11-30T02:31:11.492+0200] {processor.py:157} INFO - Started process (PID=5316) to work on /home/seva/UCU/AutomatedDataPipelines/Homework1/venv/lib/python3.10/site-packages/airflow/example_dags/example_dynamic_task_mapping_with_no_taskflow_operators.py
[2023-11-30T02:31:11.504+0200] {processor.py:829} INFO - Processing file /home/seva/UCU/AutomatedDataPipelines/Homework1/venv/lib/python3.10/site-packages/airflow/example_dags/example_dynamic_task_mapping_with_no_taskflow_operators.py for tasks to queue
[2023-11-30T02:31:11.505+0200] {logging_mixin.py:154} INFO - [2023-11-30T02:31:11.505+0200] {dagbag.py:536} INFO - Filling up the DagBag from /home/seva/UCU/AutomatedDataPipelines/Homework1/venv/lib/python3.10/site-packages/airflow/example_dags/example_dynamic_task_mapping_with_no_taskflow_operators.py
[2023-11-30T02:31:11.512+0200] {processor.py:839} INFO - DAG(s) dict_keys(['example_dynamic_task_mapping_with_no_taskflow_operators']) retrieved from /home/seva/UCU/AutomatedDataPipelines/Homework1/venv/lib/python3.10/site-packages/airflow/example_dags/example_dynamic_task_mapping_with_no_taskflow_operators.py
[2023-11-30T02:31:11.525+0200] {logging_mixin.py:154} INFO - [2023-11-30T02:31:11.525+0200] {dag.py:2941} INFO - Sync 1 DAGs
[2023-11-30T02:31:11.540+0200] {logging_mixin.py:154} INFO - [2023-11-30T02:31:11.540+0200] {dag.py:3722} INFO - Setting next_dagrun for example_dynamic_task_mapping_with_no_taskflow_operators to 2023-11-29T00:31:11.540463+00:00, run_after=2023-11-30T00:31:11.540463+00:00
[2023-11-30T02:31:11.566+0200] {processor.py:179} INFO - Processing /home/seva/UCU/AutomatedDataPipelines/Homework1/venv/lib/python3.10/site-packages/airflow/example_dags/example_dynamic_task_mapping_with_no_taskflow_operators.py took 0.077 seconds
[2023-11-30T02:31:54.889+0200] {processor.py:157} INFO - Started process (PID=5488) to work on /home/seva/UCU/AutomatedDataPipelines/Homework1/venv/lib/python3.10/site-packages/airflow/example_dags/example_dynamic_task_mapping_with_no_taskflow_operators.py
[2023-11-30T02:31:54.901+0200] {processor.py:829} INFO - Processing file /home/seva/UCU/AutomatedDataPipelines/Homework1/venv/lib/python3.10/site-packages/airflow/example_dags/example_dynamic_task_mapping_with_no_taskflow_operators.py for tasks to queue
[2023-11-30T02:31:54.902+0200] {logging_mixin.py:154} INFO - [2023-11-30T02:31:54.902+0200] {dagbag.py:536} INFO - Filling up the DagBag from /home/seva/UCU/AutomatedDataPipelines/Homework1/venv/lib/python3.10/site-packages/airflow/example_dags/example_dynamic_task_mapping_with_no_taskflow_operators.py
[2023-11-30T02:31:54.909+0200] {processor.py:839} INFO - DAG(s) dict_keys(['example_dynamic_task_mapping_with_no_taskflow_operators']) retrieved from /home/seva/UCU/AutomatedDataPipelines/Homework1/venv/lib/python3.10/site-packages/airflow/example_dags/example_dynamic_task_mapping_with_no_taskflow_operators.py
[2023-11-30T02:31:54.923+0200] {logging_mixin.py:154} INFO - [2023-11-30T02:31:54.923+0200] {dag.py:2941} INFO - Sync 1 DAGs
[2023-11-30T02:31:54.939+0200] {logging_mixin.py:154} INFO - [2023-11-30T02:31:54.938+0200] {dag.py:3722} INFO - Setting next_dagrun for example_dynamic_task_mapping_with_no_taskflow_operators to 2023-11-29T00:31:54.938702+00:00, run_after=2023-11-30T00:31:54.938702+00:00
[2023-11-30T02:31:54.964+0200] {processor.py:179} INFO - Processing /home/seva/UCU/AutomatedDataPipelines/Homework1/venv/lib/python3.10/site-packages/airflow/example_dags/example_dynamic_task_mapping_with_no_taskflow_operators.py took 0.077 seconds
[2023-11-30T02:32:39.624+0200] {processor.py:157} INFO - Started process (PID=5693) to work on /home/seva/UCU/AutomatedDataPipelines/Homework1/venv/lib/python3.10/site-packages/airflow/example_dags/example_dynamic_task_mapping_with_no_taskflow_operators.py
[2023-11-30T02:32:39.637+0200] {processor.py:829} INFO - Processing file /home/seva/UCU/AutomatedDataPipelines/Homework1/venv/lib/python3.10/site-packages/airflow/example_dags/example_dynamic_task_mapping_with_no_taskflow_operators.py for tasks to queue
[2023-11-30T02:32:39.638+0200] {logging_mixin.py:154} INFO - [2023-11-30T02:32:39.637+0200] {dagbag.py:536} INFO - Filling up the DagBag from /home/seva/UCU/AutomatedDataPipelines/Homework1/venv/lib/python3.10/site-packages/airflow/example_dags/example_dynamic_task_mapping_with_no_taskflow_operators.py
[2023-11-30T02:32:39.645+0200] {processor.py:839} INFO - DAG(s) dict_keys(['example_dynamic_task_mapping_with_no_taskflow_operators']) retrieved from /home/seva/UCU/AutomatedDataPipelines/Homework1/venv/lib/python3.10/site-packages/airflow/example_dags/example_dynamic_task_mapping_with_no_taskflow_operators.py
[2023-11-30T02:32:39.659+0200] {logging_mixin.py:154} INFO - [2023-11-30T02:32:39.658+0200] {dag.py:2941} INFO - Sync 1 DAGs
[2023-11-30T02:32:39.674+0200] {logging_mixin.py:154} INFO - [2023-11-30T02:32:39.674+0200] {dag.py:3722} INFO - Setting next_dagrun for example_dynamic_task_mapping_with_no_taskflow_operators to 2023-11-29T00:32:39.674575+00:00, run_after=2023-11-30T00:32:39.674575+00:00
[2023-11-30T02:32:39.701+0200] {processor.py:179} INFO - Processing /home/seva/UCU/AutomatedDataPipelines/Homework1/venv/lib/python3.10/site-packages/airflow/example_dags/example_dynamic_task_mapping_with_no_taskflow_operators.py took 0.080 seconds
[2023-11-30T02:33:26.839+0200] {processor.py:157} INFO - Started process (PID=5876) to work on /home/seva/UCU/AutomatedDataPipelines/Homework1/venv/lib/python3.10/site-packages/airflow/example_dags/example_dynamic_task_mapping_with_no_taskflow_operators.py
[2023-11-30T02:33:26.851+0200] {processor.py:829} INFO - Processing file /home/seva/UCU/AutomatedDataPipelines/Homework1/venv/lib/python3.10/site-packages/airflow/example_dags/example_dynamic_task_mapping_with_no_taskflow_operators.py for tasks to queue
[2023-11-30T02:33:26.852+0200] {logging_mixin.py:154} INFO - [2023-11-30T02:33:26.852+0200] {dagbag.py:536} INFO - Filling up the DagBag from /home/seva/UCU/AutomatedDataPipelines/Homework1/venv/lib/python3.10/site-packages/airflow/example_dags/example_dynamic_task_mapping_with_no_taskflow_operators.py
[2023-11-30T02:33:26.858+0200] {processor.py:839} INFO - DAG(s) dict_keys(['example_dynamic_task_mapping_with_no_taskflow_operators']) retrieved from /home/seva/UCU/AutomatedDataPipelines/Homework1/venv/lib/python3.10/site-packages/airflow/example_dags/example_dynamic_task_mapping_with_no_taskflow_operators.py
[2023-11-30T02:33:26.872+0200] {logging_mixin.py:154} INFO - [2023-11-30T02:33:26.872+0200] {dag.py:2941} INFO - Sync 1 DAGs
[2023-11-30T02:33:26.888+0200] {logging_mixin.py:154} INFO - [2023-11-30T02:33:26.888+0200] {dag.py:3722} INFO - Setting next_dagrun for example_dynamic_task_mapping_with_no_taskflow_operators to 2023-11-29T00:33:26.887970+00:00, run_after=2023-11-30T00:33:26.887970+00:00
[2023-11-30T02:33:26.913+0200] {processor.py:179} INFO - Processing /home/seva/UCU/AutomatedDataPipelines/Homework1/venv/lib/python3.10/site-packages/airflow/example_dags/example_dynamic_task_mapping_with_no_taskflow_operators.py took 0.077 seconds
[2023-11-30T02:34:13.511+0200] {processor.py:157} INFO - Started process (PID=6067) to work on /home/seva/UCU/AutomatedDataPipelines/Homework1/venv/lib/python3.10/site-packages/airflow/example_dags/example_dynamic_task_mapping_with_no_taskflow_operators.py
[2023-11-30T02:34:13.522+0200] {processor.py:829} INFO - Processing file /home/seva/UCU/AutomatedDataPipelines/Homework1/venv/lib/python3.10/site-packages/airflow/example_dags/example_dynamic_task_mapping_with_no_taskflow_operators.py for tasks to queue
[2023-11-30T02:34:13.523+0200] {logging_mixin.py:154} INFO - [2023-11-30T02:34:13.523+0200] {dagbag.py:536} INFO - Filling up the DagBag from /home/seva/UCU/AutomatedDataPipelines/Homework1/venv/lib/python3.10/site-packages/airflow/example_dags/example_dynamic_task_mapping_with_no_taskflow_operators.py
[2023-11-30T02:34:13.530+0200] {processor.py:839} INFO - DAG(s) dict_keys(['example_dynamic_task_mapping_with_no_taskflow_operators']) retrieved from /home/seva/UCU/AutomatedDataPipelines/Homework1/venv/lib/python3.10/site-packages/airflow/example_dags/example_dynamic_task_mapping_with_no_taskflow_operators.py
[2023-11-30T02:34:13.546+0200] {logging_mixin.py:154} INFO - [2023-11-30T02:34:13.545+0200] {dag.py:2941} INFO - Sync 1 DAGs
[2023-11-30T02:34:13.568+0200] {logging_mixin.py:154} INFO - [2023-11-30T02:34:13.568+0200] {dag.py:3722} INFO - Setting next_dagrun for example_dynamic_task_mapping_with_no_taskflow_operators to 2023-11-29T00:34:13.567753+00:00, run_after=2023-11-30T00:34:13.567753+00:00
[2023-11-30T02:34:13.597+0200] {processor.py:179} INFO - Processing /home/seva/UCU/AutomatedDataPipelines/Homework1/venv/lib/python3.10/site-packages/airflow/example_dags/example_dynamic_task_mapping_with_no_taskflow_operators.py took 0.089 seconds
[2023-11-30T02:35:04.553+0200] {processor.py:157} INFO - Started process (PID=6265) to work on /home/seva/UCU/AutomatedDataPipelines/Homework1/venv/lib/python3.10/site-packages/airflow/example_dags/example_dynamic_task_mapping_with_no_taskflow_operators.py
[2023-11-30T02:35:04.565+0200] {processor.py:829} INFO - Processing file /home/seva/UCU/AutomatedDataPipelines/Homework1/venv/lib/python3.10/site-packages/airflow/example_dags/example_dynamic_task_mapping_with_no_taskflow_operators.py for tasks to queue
[2023-11-30T02:35:04.566+0200] {logging_mixin.py:154} INFO - [2023-11-30T02:35:04.565+0200] {dagbag.py:536} INFO - Filling up the DagBag from /home/seva/UCU/AutomatedDataPipelines/Homework1/venv/lib/python3.10/site-packages/airflow/example_dags/example_dynamic_task_mapping_with_no_taskflow_operators.py
[2023-11-30T02:35:04.574+0200] {processor.py:839} INFO - DAG(s) dict_keys(['example_dynamic_task_mapping_with_no_taskflow_operators']) retrieved from /home/seva/UCU/AutomatedDataPipelines/Homework1/venv/lib/python3.10/site-packages/airflow/example_dags/example_dynamic_task_mapping_with_no_taskflow_operators.py
[2023-11-30T02:35:04.589+0200] {logging_mixin.py:154} INFO - [2023-11-30T02:35:04.589+0200] {dag.py:2941} INFO - Sync 1 DAGs
[2023-11-30T02:35:04.607+0200] {logging_mixin.py:154} INFO - [2023-11-30T02:35:04.606+0200] {dag.py:3722} INFO - Setting next_dagrun for example_dynamic_task_mapping_with_no_taskflow_operators to 2023-11-29T00:35:04.606786+00:00, run_after=2023-11-30T00:35:04.606786+00:00
[2023-11-30T02:35:04.632+0200] {processor.py:179} INFO - Processing /home/seva/UCU/AutomatedDataPipelines/Homework1/venv/lib/python3.10/site-packages/airflow/example_dags/example_dynamic_task_mapping_with_no_taskflow_operators.py took 0.083 seconds
[2023-11-30T02:35:49.778+0200] {processor.py:157} INFO - Started process (PID=6448) to work on /home/seva/UCU/AutomatedDataPipelines/Homework1/venv/lib/python3.10/site-packages/airflow/example_dags/example_dynamic_task_mapping_with_no_taskflow_operators.py
[2023-11-30T02:35:49.790+0200] {processor.py:829} INFO - Processing file /home/seva/UCU/AutomatedDataPipelines/Homework1/venv/lib/python3.10/site-packages/airflow/example_dags/example_dynamic_task_mapping_with_no_taskflow_operators.py for tasks to queue
[2023-11-30T02:35:49.791+0200] {logging_mixin.py:154} INFO - [2023-11-30T02:35:49.791+0200] {dagbag.py:536} INFO - Filling up the DagBag from /home/seva/UCU/AutomatedDataPipelines/Homework1/venv/lib/python3.10/site-packages/airflow/example_dags/example_dynamic_task_mapping_with_no_taskflow_operators.py
[2023-11-30T02:35:49.800+0200] {processor.py:839} INFO - DAG(s) dict_keys(['example_dynamic_task_mapping_with_no_taskflow_operators']) retrieved from /home/seva/UCU/AutomatedDataPipelines/Homework1/venv/lib/python3.10/site-packages/airflow/example_dags/example_dynamic_task_mapping_with_no_taskflow_operators.py
[2023-11-30T02:35:49.815+0200] {logging_mixin.py:154} INFO - [2023-11-30T02:35:49.814+0200] {dag.py:2941} INFO - Sync 1 DAGs
[2023-11-30T02:35:49.832+0200] {logging_mixin.py:154} INFO - [2023-11-30T02:35:49.832+0200] {dag.py:3722} INFO - Setting next_dagrun for example_dynamic_task_mapping_with_no_taskflow_operators to 2023-11-29T00:35:49.832242+00:00, run_after=2023-11-30T00:35:49.832242+00:00
[2023-11-30T02:35:49.856+0200] {processor.py:179} INFO - Processing /home/seva/UCU/AutomatedDataPipelines/Homework1/venv/lib/python3.10/site-packages/airflow/example_dags/example_dynamic_task_mapping_with_no_taskflow_operators.py took 0.082 seconds
[2023-11-30T02:36:35.624+0200] {processor.py:157} INFO - Started process (PID=6629) to work on /home/seva/UCU/AutomatedDataPipelines/Homework1/venv/lib/python3.10/site-packages/airflow/example_dags/example_dynamic_task_mapping_with_no_taskflow_operators.py
[2023-11-30T02:36:35.637+0200] {processor.py:829} INFO - Processing file /home/seva/UCU/AutomatedDataPipelines/Homework1/venv/lib/python3.10/site-packages/airflow/example_dags/example_dynamic_task_mapping_with_no_taskflow_operators.py for tasks to queue
[2023-11-30T02:36:35.638+0200] {logging_mixin.py:154} INFO - [2023-11-30T02:36:35.638+0200] {dagbag.py:536} INFO - Filling up the DagBag from /home/seva/UCU/AutomatedDataPipelines/Homework1/venv/lib/python3.10/site-packages/airflow/example_dags/example_dynamic_task_mapping_with_no_taskflow_operators.py
[2023-11-30T02:36:35.644+0200] {processor.py:839} INFO - DAG(s) dict_keys(['example_dynamic_task_mapping_with_no_taskflow_operators']) retrieved from /home/seva/UCU/AutomatedDataPipelines/Homework1/venv/lib/python3.10/site-packages/airflow/example_dags/example_dynamic_task_mapping_with_no_taskflow_operators.py
[2023-11-30T02:36:35.659+0200] {logging_mixin.py:154} INFO - [2023-11-30T02:36:35.658+0200] {dag.py:2941} INFO - Sync 1 DAGs
[2023-11-30T02:36:35.674+0200] {logging_mixin.py:154} INFO - [2023-11-30T02:36:35.674+0200] {dag.py:3722} INFO - Setting next_dagrun for example_dynamic_task_mapping_with_no_taskflow_operators to 2023-11-29T00:36:35.674563+00:00, run_after=2023-11-30T00:36:35.674563+00:00
[2023-11-30T02:36:35.699+0200] {processor.py:179} INFO - Processing /home/seva/UCU/AutomatedDataPipelines/Homework1/venv/lib/python3.10/site-packages/airflow/example_dags/example_dynamic_task_mapping_with_no_taskflow_operators.py took 0.078 seconds
[2023-11-30T02:37:24.486+0200] {processor.py:157} INFO - Started process (PID=6827) to work on /home/seva/UCU/AutomatedDataPipelines/Homework1/venv/lib/python3.10/site-packages/airflow/example_dags/example_dynamic_task_mapping_with_no_taskflow_operators.py
[2023-11-30T02:37:24.497+0200] {processor.py:829} INFO - Processing file /home/seva/UCU/AutomatedDataPipelines/Homework1/venv/lib/python3.10/site-packages/airflow/example_dags/example_dynamic_task_mapping_with_no_taskflow_operators.py for tasks to queue
[2023-11-30T02:37:24.498+0200] {logging_mixin.py:154} INFO - [2023-11-30T02:37:24.498+0200] {dagbag.py:536} INFO - Filling up the DagBag from /home/seva/UCU/AutomatedDataPipelines/Homework1/venv/lib/python3.10/site-packages/airflow/example_dags/example_dynamic_task_mapping_with_no_taskflow_operators.py
[2023-11-30T02:37:24.505+0200] {processor.py:839} INFO - DAG(s) dict_keys(['example_dynamic_task_mapping_with_no_taskflow_operators']) retrieved from /home/seva/UCU/AutomatedDataPipelines/Homework1/venv/lib/python3.10/site-packages/airflow/example_dags/example_dynamic_task_mapping_with_no_taskflow_operators.py
[2023-11-30T02:37:24.522+0200] {logging_mixin.py:154} INFO - [2023-11-30T02:37:24.521+0200] {dag.py:2941} INFO - Sync 1 DAGs
[2023-11-30T02:37:24.543+0200] {logging_mixin.py:154} INFO - [2023-11-30T02:37:24.542+0200] {dag.py:3722} INFO - Setting next_dagrun for example_dynamic_task_mapping_with_no_taskflow_operators to 2023-11-29T00:37:24.542405+00:00, run_after=2023-11-30T00:37:24.542405+00:00
[2023-11-30T02:37:24.571+0200] {processor.py:179} INFO - Processing /home/seva/UCU/AutomatedDataPipelines/Homework1/venv/lib/python3.10/site-packages/airflow/example_dags/example_dynamic_task_mapping_with_no_taskflow_operators.py took 0.088 seconds
[2023-11-30T02:38:15.282+0200] {processor.py:157} INFO - Started process (PID=7060) to work on /home/seva/UCU/AutomatedDataPipelines/Homework1/venv/lib/python3.10/site-packages/airflow/example_dags/example_dynamic_task_mapping_with_no_taskflow_operators.py
[2023-11-30T02:38:15.287+0200] {processor.py:829} INFO - Processing file /home/seva/UCU/AutomatedDataPipelines/Homework1/venv/lib/python3.10/site-packages/airflow/example_dags/example_dynamic_task_mapping_with_no_taskflow_operators.py for tasks to queue
[2023-11-30T02:38:15.292+0200] {logging_mixin.py:154} INFO - [2023-11-30T02:38:15.289+0200] {dagbag.py:536} INFO - Filling up the DagBag from /home/seva/UCU/AutomatedDataPipelines/Homework1/venv/lib/python3.10/site-packages/airflow/example_dags/example_dynamic_task_mapping_with_no_taskflow_operators.py
[2023-11-30T02:38:15.329+0200] {processor.py:839} INFO - DAG(s) dict_keys(['example_dynamic_task_mapping_with_no_taskflow_operators']) retrieved from /home/seva/UCU/AutomatedDataPipelines/Homework1/venv/lib/python3.10/site-packages/airflow/example_dags/example_dynamic_task_mapping_with_no_taskflow_operators.py
[2023-11-30T02:38:15.367+0200] {logging_mixin.py:154} INFO - [2023-11-30T02:38:15.367+0200] {dag.py:2941} INFO - Sync 1 DAGs
[2023-11-30T02:38:15.411+0200] {logging_mixin.py:154} INFO - [2023-11-30T02:38:15.411+0200] {dag.py:3722} INFO - Setting next_dagrun for example_dynamic_task_mapping_with_no_taskflow_operators to 2023-11-29T00:38:15.410733+00:00, run_after=2023-11-30T00:38:15.410733+00:00
[2023-11-30T02:38:15.491+0200] {processor.py:179} INFO - Processing /home/seva/UCU/AutomatedDataPipelines/Homework1/venv/lib/python3.10/site-packages/airflow/example_dags/example_dynamic_task_mapping_with_no_taskflow_operators.py took 0.249 seconds
[2023-11-30T02:39:10.169+0200] {processor.py:157} INFO - Started process (PID=7475) to work on /home/seva/UCU/AutomatedDataPipelines/Homework1/venv/lib/python3.10/site-packages/airflow/example_dags/example_dynamic_task_mapping_with_no_taskflow_operators.py
[2023-11-30T02:39:10.171+0200] {processor.py:829} INFO - Processing file /home/seva/UCU/AutomatedDataPipelines/Homework1/venv/lib/python3.10/site-packages/airflow/example_dags/example_dynamic_task_mapping_with_no_taskflow_operators.py for tasks to queue
[2023-11-30T02:39:10.172+0200] {logging_mixin.py:154} INFO - [2023-11-30T02:39:10.172+0200] {dagbag.py:536} INFO - Filling up the DagBag from /home/seva/UCU/AutomatedDataPipelines/Homework1/venv/lib/python3.10/site-packages/airflow/example_dags/example_dynamic_task_mapping_with_no_taskflow_operators.py
[2023-11-30T02:39:10.178+0200] {processor.py:839} INFO - DAG(s) dict_keys(['example_dynamic_task_mapping_with_no_taskflow_operators']) retrieved from /home/seva/UCU/AutomatedDataPipelines/Homework1/venv/lib/python3.10/site-packages/airflow/example_dags/example_dynamic_task_mapping_with_no_taskflow_operators.py
[2023-11-30T02:39:10.192+0200] {logging_mixin.py:154} INFO - [2023-11-30T02:39:10.192+0200] {dag.py:2941} INFO - Sync 1 DAGs
[2023-11-30T02:39:10.207+0200] {logging_mixin.py:154} INFO - [2023-11-30T02:39:10.207+0200] {dag.py:3722} INFO - Setting next_dagrun for example_dynamic_task_mapping_with_no_taskflow_operators to 2023-11-29T00:39:10.207439+00:00, run_after=2023-11-30T00:39:10.207439+00:00
[2023-11-30T02:39:10.234+0200] {processor.py:179} INFO - Processing /home/seva/UCU/AutomatedDataPipelines/Homework1/venv/lib/python3.10/site-packages/airflow/example_dags/example_dynamic_task_mapping_with_no_taskflow_operators.py took 0.067 seconds
