[2023-11-30T02:13:59.410+0200] {processor.py:157} INFO - Started process (PID=1268) to work on /home/seva/UCU/AutomatedDataPipelines/Homework1/venv/lib/python3.10/site-packages/airflow/example_dags/example_sensor_decorator.py
[2023-11-30T02:13:59.411+0200] {processor.py:829} INFO - Processing file /home/seva/UCU/AutomatedDataPipelines/Homework1/venv/lib/python3.10/site-packages/airflow/example_dags/example_sensor_decorator.py for tasks to queue
[2023-11-30T02:13:59.412+0200] {logging_mixin.py:154} INFO - [2023-11-30T02:13:59.411+0200] {dagbag.py:536} INFO - Filling up the DagBag from /home/seva/UCU/AutomatedDataPipelines/Homework1/venv/lib/python3.10/site-packages/airflow/example_dags/example_sensor_decorator.py
[2023-11-30T02:13:59.417+0200] {processor.py:839} INFO - DAG(s) dict_keys(['example_sensor_decorator']) retrieved from /home/seva/UCU/AutomatedDataPipelines/Homework1/venv/lib/python3.10/site-packages/airflow/example_dags/example_sensor_decorator.py
[2023-11-30T02:13:59.538+0200] {logging_mixin.py:154} INFO - [2023-11-30T02:13:59.538+0200] {manager.py:499} INFO - Created Permission View: %s
[2023-11-30T02:13:59.557+0200] {logging_mixin.py:154} INFO - [2023-11-30T02:13:59.557+0200] {manager.py:499} INFO - Created Permission View: %s
[2023-11-30T02:13:59.573+0200] {logging_mixin.py:154} INFO - [2023-11-30T02:13:59.573+0200] {manager.py:499} INFO - Created Permission View: %s
[2023-11-30T02:13:59.574+0200] {logging_mixin.py:154} INFO - [2023-11-30T02:13:59.574+0200] {dag.py:2941} INFO - Sync 1 DAGs
[2023-11-30T02:13:59.585+0200] {logging_mixin.py:154} INFO - [2023-11-30T02:13:59.585+0200] {dag.py:2963} INFO - Creating ORM DAG for example_sensor_decorator
[2023-11-30T02:13:59.585+0200] {logging_mixin.py:154} INFO - [2023-11-30T02:13:59.585+0200] {dag.py:3722} INFO - Setting next_dagrun for example_sensor_decorator to None, run_after=None
[2023-11-30T02:13:59.611+0200] {processor.py:179} INFO - Processing /home/seva/UCU/AutomatedDataPipelines/Homework1/venv/lib/python3.10/site-packages/airflow/example_dags/example_sensor_decorator.py took 0.204 seconds
[2023-11-30T02:14:44.519+0200] {processor.py:157} INFO - Started process (PID=1420) to work on /home/seva/UCU/AutomatedDataPipelines/Homework1/venv/lib/python3.10/site-packages/airflow/example_dags/example_sensor_decorator.py
[2023-11-30T02:14:44.522+0200] {processor.py:829} INFO - Processing file /home/seva/UCU/AutomatedDataPipelines/Homework1/venv/lib/python3.10/site-packages/airflow/example_dags/example_sensor_decorator.py for tasks to queue
[2023-11-30T02:14:44.523+0200] {logging_mixin.py:154} INFO - [2023-11-30T02:14:44.522+0200] {dagbag.py:536} INFO - Filling up the DagBag from /home/seva/UCU/AutomatedDataPipelines/Homework1/venv/lib/python3.10/site-packages/airflow/example_dags/example_sensor_decorator.py
[2023-11-30T02:14:44.529+0200] {processor.py:839} INFO - DAG(s) dict_keys(['example_sensor_decorator']) retrieved from /home/seva/UCU/AutomatedDataPipelines/Homework1/venv/lib/python3.10/site-packages/airflow/example_dags/example_sensor_decorator.py
[2023-11-30T02:14:44.542+0200] {logging_mixin.py:154} INFO - [2023-11-30T02:14:44.542+0200] {dag.py:2941} INFO - Sync 1 DAGs
[2023-11-30T02:14:44.551+0200] {logging_mixin.py:154} INFO - [2023-11-30T02:14:44.551+0200] {dag.py:3722} INFO - Setting next_dagrun for example_sensor_decorator to None, run_after=None
[2023-11-30T02:14:44.576+0200] {processor.py:179} INFO - Processing /home/seva/UCU/AutomatedDataPipelines/Homework1/venv/lib/python3.10/site-packages/airflow/example_dags/example_sensor_decorator.py took 0.060 seconds
[2023-11-30T02:15:32.784+0200] {processor.py:157} INFO - Started process (PID=1601) to work on /home/seva/UCU/AutomatedDataPipelines/Homework1/venv/lib/python3.10/site-packages/airflow/example_dags/example_sensor_decorator.py
[2023-11-30T02:15:32.794+0200] {processor.py:829} INFO - Processing file /home/seva/UCU/AutomatedDataPipelines/Homework1/venv/lib/python3.10/site-packages/airflow/example_dags/example_sensor_decorator.py for tasks to queue
[2023-11-30T02:15:32.795+0200] {logging_mixin.py:154} INFO - [2023-11-30T02:15:32.795+0200] {dagbag.py:536} INFO - Filling up the DagBag from /home/seva/UCU/AutomatedDataPipelines/Homework1/venv/lib/python3.10/site-packages/airflow/example_dags/example_sensor_decorator.py
[2023-11-30T02:15:32.802+0200] {processor.py:839} INFO - DAG(s) dict_keys(['example_sensor_decorator']) retrieved from /home/seva/UCU/AutomatedDataPipelines/Homework1/venv/lib/python3.10/site-packages/airflow/example_dags/example_sensor_decorator.py
[2023-11-30T02:15:32.816+0200] {logging_mixin.py:154} INFO - [2023-11-30T02:15:32.815+0200] {dag.py:2941} INFO - Sync 1 DAGs
[2023-11-30T02:15:32.825+0200] {logging_mixin.py:154} INFO - [2023-11-30T02:15:32.824+0200] {dag.py:3722} INFO - Setting next_dagrun for example_sensor_decorator to None, run_after=None
[2023-11-30T02:15:32.848+0200] {processor.py:179} INFO - Processing /home/seva/UCU/AutomatedDataPipelines/Homework1/venv/lib/python3.10/site-packages/airflow/example_dags/example_sensor_decorator.py took 0.067 seconds
[2023-11-30T02:16:18.188+0200] {processor.py:157} INFO - Started process (PID=1779) to work on /home/seva/UCU/AutomatedDataPipelines/Homework1/venv/lib/python3.10/site-packages/airflow/example_dags/example_sensor_decorator.py
[2023-11-30T02:16:18.200+0200] {processor.py:829} INFO - Processing file /home/seva/UCU/AutomatedDataPipelines/Homework1/venv/lib/python3.10/site-packages/airflow/example_dags/example_sensor_decorator.py for tasks to queue
[2023-11-30T02:16:18.201+0200] {logging_mixin.py:154} INFO - [2023-11-30T02:16:18.201+0200] {dagbag.py:536} INFO - Filling up the DagBag from /home/seva/UCU/AutomatedDataPipelines/Homework1/venv/lib/python3.10/site-packages/airflow/example_dags/example_sensor_decorator.py
[2023-11-30T02:16:18.207+0200] {processor.py:839} INFO - DAG(s) dict_keys(['example_sensor_decorator']) retrieved from /home/seva/UCU/AutomatedDataPipelines/Homework1/venv/lib/python3.10/site-packages/airflow/example_dags/example_sensor_decorator.py
[2023-11-30T02:16:18.222+0200] {logging_mixin.py:154} INFO - [2023-11-30T02:16:18.222+0200] {dag.py:2941} INFO - Sync 1 DAGs
[2023-11-30T02:16:18.233+0200] {logging_mixin.py:154} INFO - [2023-11-30T02:16:18.233+0200] {dag.py:3722} INFO - Setting next_dagrun for example_sensor_decorator to None, run_after=None
[2023-11-30T02:16:18.282+0200] {processor.py:179} INFO - Processing /home/seva/UCU/AutomatedDataPipelines/Homework1/venv/lib/python3.10/site-packages/airflow/example_dags/example_sensor_decorator.py took 0.096 seconds
[2023-11-30T02:17:03.646+0200] {processor.py:157} INFO - Started process (PID=1964) to work on /home/seva/UCU/AutomatedDataPipelines/Homework1/venv/lib/python3.10/site-packages/airflow/example_dags/example_sensor_decorator.py
[2023-11-30T02:17:03.658+0200] {processor.py:829} INFO - Processing file /home/seva/UCU/AutomatedDataPipelines/Homework1/venv/lib/python3.10/site-packages/airflow/example_dags/example_sensor_decorator.py for tasks to queue
[2023-11-30T02:17:03.659+0200] {logging_mixin.py:154} INFO - [2023-11-30T02:17:03.659+0200] {dagbag.py:536} INFO - Filling up the DagBag from /home/seva/UCU/AutomatedDataPipelines/Homework1/venv/lib/python3.10/site-packages/airflow/example_dags/example_sensor_decorator.py
[2023-11-30T02:17:03.665+0200] {processor.py:839} INFO - DAG(s) dict_keys(['example_sensor_decorator']) retrieved from /home/seva/UCU/AutomatedDataPipelines/Homework1/venv/lib/python3.10/site-packages/airflow/example_dags/example_sensor_decorator.py
[2023-11-30T02:17:03.679+0200] {logging_mixin.py:154} INFO - [2023-11-30T02:17:03.679+0200] {dag.py:2941} INFO - Sync 1 DAGs
[2023-11-30T02:17:03.688+0200] {logging_mixin.py:154} INFO - [2023-11-30T02:17:03.688+0200] {dag.py:3722} INFO - Setting next_dagrun for example_sensor_decorator to None, run_after=None
[2023-11-30T02:17:03.712+0200] {processor.py:179} INFO - Processing /home/seva/UCU/AutomatedDataPipelines/Homework1/venv/lib/python3.10/site-packages/airflow/example_dags/example_sensor_decorator.py took 0.069 seconds
[2023-11-30T02:17:48.246+0200] {processor.py:157} INFO - Started process (PID=2142) to work on /home/seva/UCU/AutomatedDataPipelines/Homework1/venv/lib/python3.10/site-packages/airflow/example_dags/example_sensor_decorator.py
[2023-11-30T02:17:48.260+0200] {processor.py:829} INFO - Processing file /home/seva/UCU/AutomatedDataPipelines/Homework1/venv/lib/python3.10/site-packages/airflow/example_dags/example_sensor_decorator.py for tasks to queue
[2023-11-30T02:17:48.262+0200] {logging_mixin.py:154} INFO - [2023-11-30T02:17:48.261+0200] {dagbag.py:536} INFO - Filling up the DagBag from /home/seva/UCU/AutomatedDataPipelines/Homework1/venv/lib/python3.10/site-packages/airflow/example_dags/example_sensor_decorator.py
[2023-11-30T02:17:48.269+0200] {processor.py:839} INFO - DAG(s) dict_keys(['example_sensor_decorator']) retrieved from /home/seva/UCU/AutomatedDataPipelines/Homework1/venv/lib/python3.10/site-packages/airflow/example_dags/example_sensor_decorator.py
[2023-11-30T02:17:48.289+0200] {logging_mixin.py:154} INFO - [2023-11-30T02:17:48.289+0200] {dag.py:2941} INFO - Sync 1 DAGs
[2023-11-30T02:17:48.303+0200] {logging_mixin.py:154} INFO - [2023-11-30T02:17:48.302+0200] {dag.py:3722} INFO - Setting next_dagrun for example_sensor_decorator to None, run_after=None
[2023-11-30T02:17:48.329+0200] {processor.py:179} INFO - Processing /home/seva/UCU/AutomatedDataPipelines/Homework1/venv/lib/python3.10/site-packages/airflow/example_dags/example_sensor_decorator.py took 0.087 seconds
[2023-11-30T02:18:30.188+0200] {processor.py:157} INFO - Started process (PID=2314) to work on /home/seva/UCU/AutomatedDataPipelines/Homework1/venv/lib/python3.10/site-packages/airflow/example_dags/example_sensor_decorator.py
[2023-11-30T02:18:30.200+0200] {processor.py:829} INFO - Processing file /home/seva/UCU/AutomatedDataPipelines/Homework1/venv/lib/python3.10/site-packages/airflow/example_dags/example_sensor_decorator.py for tasks to queue
[2023-11-30T02:18:30.201+0200] {logging_mixin.py:154} INFO - [2023-11-30T02:18:30.201+0200] {dagbag.py:536} INFO - Filling up the DagBag from /home/seva/UCU/AutomatedDataPipelines/Homework1/venv/lib/python3.10/site-packages/airflow/example_dags/example_sensor_decorator.py
[2023-11-30T02:18:30.207+0200] {processor.py:839} INFO - DAG(s) dict_keys(['example_sensor_decorator']) retrieved from /home/seva/UCU/AutomatedDataPipelines/Homework1/venv/lib/python3.10/site-packages/airflow/example_dags/example_sensor_decorator.py
[2023-11-30T02:18:30.222+0200] {logging_mixin.py:154} INFO - [2023-11-30T02:18:30.222+0200] {dag.py:2941} INFO - Sync 1 DAGs
[2023-11-30T02:18:30.233+0200] {logging_mixin.py:154} INFO - [2023-11-30T02:18:30.233+0200] {dag.py:3722} INFO - Setting next_dagrun for example_sensor_decorator to None, run_after=None
[2023-11-30T02:18:30.258+0200] {processor.py:179} INFO - Processing /home/seva/UCU/AutomatedDataPipelines/Homework1/venv/lib/python3.10/site-packages/airflow/example_dags/example_sensor_decorator.py took 0.072 seconds
[2023-11-30T02:19:16.555+0200] {processor.py:157} INFO - Started process (PID=2492) to work on /home/seva/UCU/AutomatedDataPipelines/Homework1/venv/lib/python3.10/site-packages/airflow/example_dags/example_sensor_decorator.py
[2023-11-30T02:19:16.558+0200] {processor.py:829} INFO - Processing file /home/seva/UCU/AutomatedDataPipelines/Homework1/venv/lib/python3.10/site-packages/airflow/example_dags/example_sensor_decorator.py for tasks to queue
[2023-11-30T02:19:16.559+0200] {logging_mixin.py:154} INFO - [2023-11-30T02:19:16.558+0200] {dagbag.py:536} INFO - Filling up the DagBag from /home/seva/UCU/AutomatedDataPipelines/Homework1/venv/lib/python3.10/site-packages/airflow/example_dags/example_sensor_decorator.py
[2023-11-30T02:19:16.566+0200] {processor.py:839} INFO - DAG(s) dict_keys(['example_sensor_decorator']) retrieved from /home/seva/UCU/AutomatedDataPipelines/Homework1/venv/lib/python3.10/site-packages/airflow/example_dags/example_sensor_decorator.py
[2023-11-30T02:19:16.580+0200] {logging_mixin.py:154} INFO - [2023-11-30T02:19:16.580+0200] {dag.py:2941} INFO - Sync 1 DAGs
[2023-11-30T02:19:16.590+0200] {logging_mixin.py:154} INFO - [2023-11-30T02:19:16.590+0200] {dag.py:3722} INFO - Setting next_dagrun for example_sensor_decorator to None, run_after=None
[2023-11-30T02:19:16.616+0200] {processor.py:179} INFO - Processing /home/seva/UCU/AutomatedDataPipelines/Homework1/venv/lib/python3.10/site-packages/airflow/example_dags/example_sensor_decorator.py took 0.064 seconds
[2023-11-30T02:19:58.946+0200] {processor.py:157} INFO - Started process (PID=2666) to work on /home/seva/UCU/AutomatedDataPipelines/Homework1/venv/lib/python3.10/site-packages/airflow/example_dags/example_sensor_decorator.py
[2023-11-30T02:19:58.948+0200] {processor.py:829} INFO - Processing file /home/seva/UCU/AutomatedDataPipelines/Homework1/venv/lib/python3.10/site-packages/airflow/example_dags/example_sensor_decorator.py for tasks to queue
[2023-11-30T02:19:58.949+0200] {logging_mixin.py:154} INFO - [2023-11-30T02:19:58.948+0200] {dagbag.py:536} INFO - Filling up the DagBag from /home/seva/UCU/AutomatedDataPipelines/Homework1/venv/lib/python3.10/site-packages/airflow/example_dags/example_sensor_decorator.py
[2023-11-30T02:19:58.954+0200] {processor.py:839} INFO - DAG(s) dict_keys(['example_sensor_decorator']) retrieved from /home/seva/UCU/AutomatedDataPipelines/Homework1/venv/lib/python3.10/site-packages/airflow/example_dags/example_sensor_decorator.py
[2023-11-30T02:19:58.968+0200] {logging_mixin.py:154} INFO - [2023-11-30T02:19:58.967+0200] {dag.py:2941} INFO - Sync 1 DAGs
[2023-11-30T02:19:58.978+0200] {logging_mixin.py:154} INFO - [2023-11-30T02:19:58.978+0200] {dag.py:3722} INFO - Setting next_dagrun for example_sensor_decorator to None, run_after=None
[2023-11-30T02:19:59.003+0200] {processor.py:179} INFO - Processing /home/seva/UCU/AutomatedDataPipelines/Homework1/venv/lib/python3.10/site-packages/airflow/example_dags/example_sensor_decorator.py took 0.061 seconds
[2023-11-30T02:20:46.899+0200] {processor.py:157} INFO - Started process (PID=2851) to work on /home/seva/UCU/AutomatedDataPipelines/Homework1/venv/lib/python3.10/site-packages/airflow/example_dags/example_sensor_decorator.py
[2023-11-30T02:20:46.910+0200] {processor.py:829} INFO - Processing file /home/seva/UCU/AutomatedDataPipelines/Homework1/venv/lib/python3.10/site-packages/airflow/example_dags/example_sensor_decorator.py for tasks to queue
[2023-11-30T02:20:46.912+0200] {logging_mixin.py:154} INFO - [2023-11-30T02:20:46.911+0200] {dagbag.py:536} INFO - Filling up the DagBag from /home/seva/UCU/AutomatedDataPipelines/Homework1/venv/lib/python3.10/site-packages/airflow/example_dags/example_sensor_decorator.py
[2023-11-30T02:20:46.918+0200] {processor.py:839} INFO - DAG(s) dict_keys(['example_sensor_decorator']) retrieved from /home/seva/UCU/AutomatedDataPipelines/Homework1/venv/lib/python3.10/site-packages/airflow/example_dags/example_sensor_decorator.py
[2023-11-30T02:20:46.931+0200] {logging_mixin.py:154} INFO - [2023-11-30T02:20:46.931+0200] {dag.py:2941} INFO - Sync 1 DAGs
[2023-11-30T02:20:46.940+0200] {logging_mixin.py:154} INFO - [2023-11-30T02:20:46.940+0200] {dag.py:3722} INFO - Setting next_dagrun for example_sensor_decorator to None, run_after=None
[2023-11-30T02:20:46.981+0200] {processor.py:179} INFO - Processing /home/seva/UCU/AutomatedDataPipelines/Homework1/venv/lib/python3.10/site-packages/airflow/example_dags/example_sensor_decorator.py took 0.086 seconds
[2023-11-30T02:21:30.270+0200] {processor.py:157} INFO - Started process (PID=3024) to work on /home/seva/UCU/AutomatedDataPipelines/Homework1/venv/lib/python3.10/site-packages/airflow/example_dags/example_sensor_decorator.py
[2023-11-30T02:21:30.282+0200] {processor.py:829} INFO - Processing file /home/seva/UCU/AutomatedDataPipelines/Homework1/venv/lib/python3.10/site-packages/airflow/example_dags/example_sensor_decorator.py for tasks to queue
[2023-11-30T02:21:30.284+0200] {logging_mixin.py:154} INFO - [2023-11-30T02:21:30.283+0200] {dagbag.py:536} INFO - Filling up the DagBag from /home/seva/UCU/AutomatedDataPipelines/Homework1/venv/lib/python3.10/site-packages/airflow/example_dags/example_sensor_decorator.py
[2023-11-30T02:21:30.290+0200] {processor.py:839} INFO - DAG(s) dict_keys(['example_sensor_decorator']) retrieved from /home/seva/UCU/AutomatedDataPipelines/Homework1/venv/lib/python3.10/site-packages/airflow/example_dags/example_sensor_decorator.py
[2023-11-30T02:21:30.303+0200] {logging_mixin.py:154} INFO - [2023-11-30T02:21:30.303+0200] {dag.py:2941} INFO - Sync 1 DAGs
[2023-11-30T02:21:30.313+0200] {logging_mixin.py:154} INFO - [2023-11-30T02:21:30.312+0200] {dag.py:3722} INFO - Setting next_dagrun for example_sensor_decorator to None, run_after=None
[2023-11-30T02:21:30.337+0200] {processor.py:179} INFO - Processing /home/seva/UCU/AutomatedDataPipelines/Homework1/venv/lib/python3.10/site-packages/airflow/example_dags/example_sensor_decorator.py took 0.070 seconds
[2023-11-30T02:22:13.098+0200] {processor.py:157} INFO - Started process (PID=3195) to work on /home/seva/UCU/AutomatedDataPipelines/Homework1/venv/lib/python3.10/site-packages/airflow/example_dags/example_sensor_decorator.py
[2023-11-30T02:22:13.099+0200] {processor.py:829} INFO - Processing file /home/seva/UCU/AutomatedDataPipelines/Homework1/venv/lib/python3.10/site-packages/airflow/example_dags/example_sensor_decorator.py for tasks to queue
[2023-11-30T02:22:13.100+0200] {logging_mixin.py:154} INFO - [2023-11-30T02:22:13.100+0200] {dagbag.py:536} INFO - Filling up the DagBag from /home/seva/UCU/AutomatedDataPipelines/Homework1/venv/lib/python3.10/site-packages/airflow/example_dags/example_sensor_decorator.py
[2023-11-30T02:22:13.106+0200] {processor.py:839} INFO - DAG(s) dict_keys(['example_sensor_decorator']) retrieved from /home/seva/UCU/AutomatedDataPipelines/Homework1/venv/lib/python3.10/site-packages/airflow/example_dags/example_sensor_decorator.py
[2023-11-30T02:22:13.120+0200] {logging_mixin.py:154} INFO - [2023-11-30T02:22:13.120+0200] {dag.py:2941} INFO - Sync 1 DAGs
[2023-11-30T02:22:13.130+0200] {logging_mixin.py:154} INFO - [2023-11-30T02:22:13.130+0200] {dag.py:3722} INFO - Setting next_dagrun for example_sensor_decorator to None, run_after=None
[2023-11-30T02:22:13.154+0200] {processor.py:179} INFO - Processing /home/seva/UCU/AutomatedDataPipelines/Homework1/venv/lib/python3.10/site-packages/airflow/example_dags/example_sensor_decorator.py took 0.060 seconds
[2023-11-30T02:23:00.938+0200] {processor.py:157} INFO - Started process (PID=3383) to work on /home/seva/UCU/AutomatedDataPipelines/Homework1/venv/lib/python3.10/site-packages/airflow/example_dags/example_sensor_decorator.py
[2023-11-30T02:23:00.940+0200] {processor.py:829} INFO - Processing file /home/seva/UCU/AutomatedDataPipelines/Homework1/venv/lib/python3.10/site-packages/airflow/example_dags/example_sensor_decorator.py for tasks to queue
[2023-11-30T02:23:00.941+0200] {logging_mixin.py:154} INFO - [2023-11-30T02:23:00.940+0200] {dagbag.py:536} INFO - Filling up the DagBag from /home/seva/UCU/AutomatedDataPipelines/Homework1/venv/lib/python3.10/site-packages/airflow/example_dags/example_sensor_decorator.py
[2023-11-30T02:23:00.947+0200] {processor.py:839} INFO - DAG(s) dict_keys(['example_sensor_decorator']) retrieved from /home/seva/UCU/AutomatedDataPipelines/Homework1/venv/lib/python3.10/site-packages/airflow/example_dags/example_sensor_decorator.py
[2023-11-30T02:23:00.960+0200] {logging_mixin.py:154} INFO - [2023-11-30T02:23:00.960+0200] {dag.py:2941} INFO - Sync 1 DAGs
[2023-11-30T02:23:00.970+0200] {logging_mixin.py:154} INFO - [2023-11-30T02:23:00.970+0200] {dag.py:3722} INFO - Setting next_dagrun for example_sensor_decorator to None, run_after=None
[2023-11-30T02:23:00.995+0200] {processor.py:179} INFO - Processing /home/seva/UCU/AutomatedDataPipelines/Homework1/venv/lib/python3.10/site-packages/airflow/example_dags/example_sensor_decorator.py took 0.060 seconds
[2023-11-30T02:23:43.509+0200] {processor.py:157} INFO - Started process (PID=3549) to work on /home/seva/UCU/AutomatedDataPipelines/Homework1/venv/lib/python3.10/site-packages/airflow/example_dags/example_sensor_decorator.py
[2023-11-30T02:23:43.521+0200] {processor.py:829} INFO - Processing file /home/seva/UCU/AutomatedDataPipelines/Homework1/venv/lib/python3.10/site-packages/airflow/example_dags/example_sensor_decorator.py for tasks to queue
[2023-11-30T02:23:43.522+0200] {logging_mixin.py:154} INFO - [2023-11-30T02:23:43.522+0200] {dagbag.py:536} INFO - Filling up the DagBag from /home/seva/UCU/AutomatedDataPipelines/Homework1/venv/lib/python3.10/site-packages/airflow/example_dags/example_sensor_decorator.py
[2023-11-30T02:23:43.529+0200] {processor.py:839} INFO - DAG(s) dict_keys(['example_sensor_decorator']) retrieved from /home/seva/UCU/AutomatedDataPipelines/Homework1/venv/lib/python3.10/site-packages/airflow/example_dags/example_sensor_decorator.py
[2023-11-30T02:23:43.544+0200] {logging_mixin.py:154} INFO - [2023-11-30T02:23:43.544+0200] {dag.py:2941} INFO - Sync 1 DAGs
[2023-11-30T02:23:43.555+0200] {logging_mixin.py:154} INFO - [2023-11-30T02:23:43.555+0200] {dag.py:3722} INFO - Setting next_dagrun for example_sensor_decorator to None, run_after=None
[2023-11-30T02:23:43.579+0200] {processor.py:179} INFO - Processing /home/seva/UCU/AutomatedDataPipelines/Homework1/venv/lib/python3.10/site-packages/airflow/example_dags/example_sensor_decorator.py took 0.073 seconds
[2023-11-30T02:24:30.633+0200] {processor.py:157} INFO - Started process (PID=3736) to work on /home/seva/UCU/AutomatedDataPipelines/Homework1/venv/lib/python3.10/site-packages/airflow/example_dags/example_sensor_decorator.py
[2023-11-30T02:24:30.645+0200] {processor.py:829} INFO - Processing file /home/seva/UCU/AutomatedDataPipelines/Homework1/venv/lib/python3.10/site-packages/airflow/example_dags/example_sensor_decorator.py for tasks to queue
[2023-11-30T02:24:30.646+0200] {logging_mixin.py:154} INFO - [2023-11-30T02:24:30.646+0200] {dagbag.py:536} INFO - Filling up the DagBag from /home/seva/UCU/AutomatedDataPipelines/Homework1/venv/lib/python3.10/site-packages/airflow/example_dags/example_sensor_decorator.py
[2023-11-30T02:24:30.654+0200] {processor.py:839} INFO - DAG(s) dict_keys(['example_sensor_decorator']) retrieved from /home/seva/UCU/AutomatedDataPipelines/Homework1/venv/lib/python3.10/site-packages/airflow/example_dags/example_sensor_decorator.py
[2023-11-30T02:24:30.667+0200] {logging_mixin.py:154} INFO - [2023-11-30T02:24:30.667+0200] {dag.py:2941} INFO - Sync 1 DAGs
[2023-11-30T02:24:30.676+0200] {logging_mixin.py:154} INFO - [2023-11-30T02:24:30.676+0200] {dag.py:3722} INFO - Setting next_dagrun for example_sensor_decorator to None, run_after=None
[2023-11-30T02:24:30.702+0200] {processor.py:179} INFO - Processing /home/seva/UCU/AutomatedDataPipelines/Homework1/venv/lib/python3.10/site-packages/airflow/example_dags/example_sensor_decorator.py took 0.071 seconds
[2023-11-30T02:25:19.491+0200] {processor.py:157} INFO - Started process (PID=3930) to work on /home/seva/UCU/AutomatedDataPipelines/Homework1/venv/lib/python3.10/site-packages/airflow/example_dags/example_sensor_decorator.py
[2023-11-30T02:25:19.504+0200] {processor.py:829} INFO - Processing file /home/seva/UCU/AutomatedDataPipelines/Homework1/venv/lib/python3.10/site-packages/airflow/example_dags/example_sensor_decorator.py for tasks to queue
[2023-11-30T02:25:19.505+0200] {logging_mixin.py:154} INFO - [2023-11-30T02:25:19.504+0200] {dagbag.py:536} INFO - Filling up the DagBag from /home/seva/UCU/AutomatedDataPipelines/Homework1/venv/lib/python3.10/site-packages/airflow/example_dags/example_sensor_decorator.py
[2023-11-30T02:25:19.511+0200] {processor.py:839} INFO - DAG(s) dict_keys(['example_sensor_decorator']) retrieved from /home/seva/UCU/AutomatedDataPipelines/Homework1/venv/lib/python3.10/site-packages/airflow/example_dags/example_sensor_decorator.py
[2023-11-30T02:25:19.525+0200] {logging_mixin.py:154} INFO - [2023-11-30T02:25:19.525+0200] {dag.py:2941} INFO - Sync 1 DAGs
[2023-11-30T02:25:19.534+0200] {logging_mixin.py:154} INFO - [2023-11-30T02:25:19.534+0200] {dag.py:3722} INFO - Setting next_dagrun for example_sensor_decorator to None, run_after=None
[2023-11-30T02:25:19.568+0200] {processor.py:179} INFO - Processing /home/seva/UCU/AutomatedDataPipelines/Homework1/venv/lib/python3.10/site-packages/airflow/example_dags/example_sensor_decorator.py took 0.079 seconds
[2023-11-30T02:26:00.339+0200] {processor.py:157} INFO - Started process (PID=4093) to work on /home/seva/UCU/AutomatedDataPipelines/Homework1/venv/lib/python3.10/site-packages/airflow/example_dags/example_sensor_decorator.py
[2023-11-30T02:26:00.351+0200] {processor.py:829} INFO - Processing file /home/seva/UCU/AutomatedDataPipelines/Homework1/venv/lib/python3.10/site-packages/airflow/example_dags/example_sensor_decorator.py for tasks to queue
[2023-11-30T02:26:00.352+0200] {logging_mixin.py:154} INFO - [2023-11-30T02:26:00.352+0200] {dagbag.py:536} INFO - Filling up the DagBag from /home/seva/UCU/AutomatedDataPipelines/Homework1/venv/lib/python3.10/site-packages/airflow/example_dags/example_sensor_decorator.py
[2023-11-30T02:26:00.358+0200] {processor.py:839} INFO - DAG(s) dict_keys(['example_sensor_decorator']) retrieved from /home/seva/UCU/AutomatedDataPipelines/Homework1/venv/lib/python3.10/site-packages/airflow/example_dags/example_sensor_decorator.py
[2023-11-30T02:26:00.374+0200] {logging_mixin.py:154} INFO - [2023-11-30T02:26:00.374+0200] {dag.py:2941} INFO - Sync 1 DAGs
[2023-11-30T02:26:00.386+0200] {logging_mixin.py:154} INFO - [2023-11-30T02:26:00.386+0200] {dag.py:3722} INFO - Setting next_dagrun for example_sensor_decorator to None, run_after=None
[2023-11-30T02:26:00.431+0200] {processor.py:179} INFO - Processing /home/seva/UCU/AutomatedDataPipelines/Homework1/venv/lib/python3.10/site-packages/airflow/example_dags/example_sensor_decorator.py took 0.095 seconds
[2023-11-30T02:26:51.236+0200] {processor.py:157} INFO - Started process (PID=4287) to work on /home/seva/UCU/AutomatedDataPipelines/Homework1/venv/lib/python3.10/site-packages/airflow/example_dags/example_sensor_decorator.py
[2023-11-30T02:26:51.247+0200] {processor.py:829} INFO - Processing file /home/seva/UCU/AutomatedDataPipelines/Homework1/venv/lib/python3.10/site-packages/airflow/example_dags/example_sensor_decorator.py for tasks to queue
[2023-11-30T02:26:51.248+0200] {logging_mixin.py:154} INFO - [2023-11-30T02:26:51.247+0200] {dagbag.py:536} INFO - Filling up the DagBag from /home/seva/UCU/AutomatedDataPipelines/Homework1/venv/lib/python3.10/site-packages/airflow/example_dags/example_sensor_decorator.py
[2023-11-30T02:26:51.253+0200] {processor.py:839} INFO - DAG(s) dict_keys(['example_sensor_decorator']) retrieved from /home/seva/UCU/AutomatedDataPipelines/Homework1/venv/lib/python3.10/site-packages/airflow/example_dags/example_sensor_decorator.py
[2023-11-30T02:26:51.267+0200] {logging_mixin.py:154} INFO - [2023-11-30T02:26:51.266+0200] {dag.py:2941} INFO - Sync 1 DAGs
[2023-11-30T02:26:51.276+0200] {logging_mixin.py:154} INFO - [2023-11-30T02:26:51.276+0200] {dag.py:3722} INFO - Setting next_dagrun for example_sensor_decorator to None, run_after=None
[2023-11-30T02:26:51.307+0200] {processor.py:179} INFO - Processing /home/seva/UCU/AutomatedDataPipelines/Homework1/venv/lib/python3.10/site-packages/airflow/example_dags/example_sensor_decorator.py took 0.075 seconds
[2023-11-30T02:27:40.471+0200] {processor.py:157} INFO - Started process (PID=4483) to work on /home/seva/UCU/AutomatedDataPipelines/Homework1/venv/lib/python3.10/site-packages/airflow/example_dags/example_sensor_decorator.py
[2023-11-30T02:27:40.483+0200] {processor.py:829} INFO - Processing file /home/seva/UCU/AutomatedDataPipelines/Homework1/venv/lib/python3.10/site-packages/airflow/example_dags/example_sensor_decorator.py for tasks to queue
[2023-11-30T02:27:40.484+0200] {logging_mixin.py:154} INFO - [2023-11-30T02:27:40.484+0200] {dagbag.py:536} INFO - Filling up the DagBag from /home/seva/UCU/AutomatedDataPipelines/Homework1/venv/lib/python3.10/site-packages/airflow/example_dags/example_sensor_decorator.py
[2023-11-30T02:27:40.491+0200] {processor.py:839} INFO - DAG(s) dict_keys(['example_sensor_decorator']) retrieved from /home/seva/UCU/AutomatedDataPipelines/Homework1/venv/lib/python3.10/site-packages/airflow/example_dags/example_sensor_decorator.py
[2023-11-30T02:27:40.505+0200] {logging_mixin.py:154} INFO - [2023-11-30T02:27:40.504+0200] {dag.py:2941} INFO - Sync 1 DAGs
[2023-11-30T02:27:40.514+0200] {logging_mixin.py:154} INFO - [2023-11-30T02:27:40.514+0200] {dag.py:3722} INFO - Setting next_dagrun for example_sensor_decorator to None, run_after=None
[2023-11-30T02:27:40.539+0200] {processor.py:179} INFO - Processing /home/seva/UCU/AutomatedDataPipelines/Homework1/venv/lib/python3.10/site-packages/airflow/example_dags/example_sensor_decorator.py took 0.071 seconds
[2023-11-30T02:28:25.677+0200] {processor.py:157} INFO - Started process (PID=4662) to work on /home/seva/UCU/AutomatedDataPipelines/Homework1/venv/lib/python3.10/site-packages/airflow/example_dags/example_sensor_decorator.py
[2023-11-30T02:28:25.689+0200] {processor.py:829} INFO - Processing file /home/seva/UCU/AutomatedDataPipelines/Homework1/venv/lib/python3.10/site-packages/airflow/example_dags/example_sensor_decorator.py for tasks to queue
[2023-11-30T02:28:25.690+0200] {logging_mixin.py:154} INFO - [2023-11-30T02:28:25.689+0200] {dagbag.py:536} INFO - Filling up the DagBag from /home/seva/UCU/AutomatedDataPipelines/Homework1/venv/lib/python3.10/site-packages/airflow/example_dags/example_sensor_decorator.py
[2023-11-30T02:28:25.695+0200] {processor.py:839} INFO - DAG(s) dict_keys(['example_sensor_decorator']) retrieved from /home/seva/UCU/AutomatedDataPipelines/Homework1/venv/lib/python3.10/site-packages/airflow/example_dags/example_sensor_decorator.py
[2023-11-30T02:28:25.709+0200] {logging_mixin.py:154} INFO - [2023-11-30T02:28:25.709+0200] {dag.py:2941} INFO - Sync 1 DAGs
[2023-11-30T02:28:25.719+0200] {logging_mixin.py:154} INFO - [2023-11-30T02:28:25.718+0200] {dag.py:3722} INFO - Setting next_dagrun for example_sensor_decorator to None, run_after=None
[2023-11-30T02:28:25.755+0200] {processor.py:179} INFO - Processing /home/seva/UCU/AutomatedDataPipelines/Homework1/venv/lib/python3.10/site-packages/airflow/example_dags/example_sensor_decorator.py took 0.082 seconds
[2023-11-30T02:29:09.102+0200] {processor.py:157} INFO - Started process (PID=4832) to work on /home/seva/UCU/AutomatedDataPipelines/Homework1/venv/lib/python3.10/site-packages/airflow/example_dags/example_sensor_decorator.py
[2023-11-30T02:29:09.110+0200] {processor.py:829} INFO - Processing file /home/seva/UCU/AutomatedDataPipelines/Homework1/venv/lib/python3.10/site-packages/airflow/example_dags/example_sensor_decorator.py for tasks to queue
[2023-11-30T02:29:09.111+0200] {logging_mixin.py:154} INFO - [2023-11-30T02:29:09.111+0200] {dagbag.py:536} INFO - Filling up the DagBag from /home/seva/UCU/AutomatedDataPipelines/Homework1/venv/lib/python3.10/site-packages/airflow/example_dags/example_sensor_decorator.py
[2023-11-30T02:29:09.117+0200] {processor.py:839} INFO - DAG(s) dict_keys(['example_sensor_decorator']) retrieved from /home/seva/UCU/AutomatedDataPipelines/Homework1/venv/lib/python3.10/site-packages/airflow/example_dags/example_sensor_decorator.py
[2023-11-30T02:29:09.130+0200] {logging_mixin.py:154} INFO - [2023-11-30T02:29:09.130+0200] {dag.py:2941} INFO - Sync 1 DAGs
[2023-11-30T02:29:09.140+0200] {logging_mixin.py:154} INFO - [2023-11-30T02:29:09.140+0200] {dag.py:3722} INFO - Setting next_dagrun for example_sensor_decorator to None, run_after=None
[2023-11-30T02:29:09.162+0200] {processor.py:179} INFO - Processing /home/seva/UCU/AutomatedDataPipelines/Homework1/venv/lib/python3.10/site-packages/airflow/example_dags/example_sensor_decorator.py took 0.063 seconds
[2023-11-30T02:29:52.581+0200] {processor.py:157} INFO - Started process (PID=5008) to work on /home/seva/UCU/AutomatedDataPipelines/Homework1/venv/lib/python3.10/site-packages/airflow/example_dags/example_sensor_decorator.py
[2023-11-30T02:29:52.584+0200] {processor.py:829} INFO - Processing file /home/seva/UCU/AutomatedDataPipelines/Homework1/venv/lib/python3.10/site-packages/airflow/example_dags/example_sensor_decorator.py for tasks to queue
[2023-11-30T02:29:52.584+0200] {logging_mixin.py:154} INFO - [2023-11-30T02:29:52.584+0200] {dagbag.py:536} INFO - Filling up the DagBag from /home/seva/UCU/AutomatedDataPipelines/Homework1/venv/lib/python3.10/site-packages/airflow/example_dags/example_sensor_decorator.py
[2023-11-30T02:29:52.590+0200] {processor.py:839} INFO - DAG(s) dict_keys(['example_sensor_decorator']) retrieved from /home/seva/UCU/AutomatedDataPipelines/Homework1/venv/lib/python3.10/site-packages/airflow/example_dags/example_sensor_decorator.py
[2023-11-30T02:29:52.604+0200] {logging_mixin.py:154} INFO - [2023-11-30T02:29:52.604+0200] {dag.py:2941} INFO - Sync 1 DAGs
[2023-11-30T02:29:52.613+0200] {logging_mixin.py:154} INFO - [2023-11-30T02:29:52.613+0200] {dag.py:3722} INFO - Setting next_dagrun for example_sensor_decorator to None, run_after=None
[2023-11-30T02:29:52.637+0200] {processor.py:179} INFO - Processing /home/seva/UCU/AutomatedDataPipelines/Homework1/venv/lib/python3.10/site-packages/airflow/example_dags/example_sensor_decorator.py took 0.059 seconds
[2023-11-30T02:30:38.959+0200] {processor.py:157} INFO - Started process (PID=5188) to work on /home/seva/UCU/AutomatedDataPipelines/Homework1/venv/lib/python3.10/site-packages/airflow/example_dags/example_sensor_decorator.py
[2023-11-30T02:30:38.971+0200] {processor.py:829} INFO - Processing file /home/seva/UCU/AutomatedDataPipelines/Homework1/venv/lib/python3.10/site-packages/airflow/example_dags/example_sensor_decorator.py for tasks to queue
[2023-11-30T02:30:38.973+0200] {logging_mixin.py:154} INFO - [2023-11-30T02:30:38.972+0200] {dagbag.py:536} INFO - Filling up the DagBag from /home/seva/UCU/AutomatedDataPipelines/Homework1/venv/lib/python3.10/site-packages/airflow/example_dags/example_sensor_decorator.py
[2023-11-30T02:30:38.980+0200] {processor.py:839} INFO - DAG(s) dict_keys(['example_sensor_decorator']) retrieved from /home/seva/UCU/AutomatedDataPipelines/Homework1/venv/lib/python3.10/site-packages/airflow/example_dags/example_sensor_decorator.py
[2023-11-30T02:30:38.993+0200] {logging_mixin.py:154} INFO - [2023-11-30T02:30:38.993+0200] {dag.py:2941} INFO - Sync 1 DAGs
[2023-11-30T02:30:39.003+0200] {logging_mixin.py:154} INFO - [2023-11-30T02:30:39.002+0200] {dag.py:3722} INFO - Setting next_dagrun for example_sensor_decorator to None, run_after=None
[2023-11-30T02:30:39.032+0200] {processor.py:179} INFO - Processing /home/seva/UCU/AutomatedDataPipelines/Homework1/venv/lib/python3.10/site-packages/airflow/example_dags/example_sensor_decorator.py took 0.075 seconds
[2023-11-30T02:31:25.790+0200] {processor.py:157} INFO - Started process (PID=5374) to work on /home/seva/UCU/AutomatedDataPipelines/Homework1/venv/lib/python3.10/site-packages/airflow/example_dags/example_sensor_decorator.py
[2023-11-30T02:31:25.801+0200] {processor.py:829} INFO - Processing file /home/seva/UCU/AutomatedDataPipelines/Homework1/venv/lib/python3.10/site-packages/airflow/example_dags/example_sensor_decorator.py for tasks to queue
[2023-11-30T02:31:25.802+0200] {logging_mixin.py:154} INFO - [2023-11-30T02:31:25.802+0200] {dagbag.py:536} INFO - Filling up the DagBag from /home/seva/UCU/AutomatedDataPipelines/Homework1/venv/lib/python3.10/site-packages/airflow/example_dags/example_sensor_decorator.py
[2023-11-30T02:31:25.809+0200] {processor.py:839} INFO - DAG(s) dict_keys(['example_sensor_decorator']) retrieved from /home/seva/UCU/AutomatedDataPipelines/Homework1/venv/lib/python3.10/site-packages/airflow/example_dags/example_sensor_decorator.py
[2023-11-30T02:31:25.823+0200] {logging_mixin.py:154} INFO - [2023-11-30T02:31:25.822+0200] {dag.py:2941} INFO - Sync 1 DAGs
[2023-11-30T02:31:25.831+0200] {logging_mixin.py:154} INFO - [2023-11-30T02:31:25.831+0200] {dag.py:3722} INFO - Setting next_dagrun for example_sensor_decorator to None, run_after=None
[2023-11-30T02:31:25.855+0200] {processor.py:179} INFO - Processing /home/seva/UCU/AutomatedDataPipelines/Homework1/venv/lib/python3.10/site-packages/airflow/example_dags/example_sensor_decorator.py took 0.068 seconds
[2023-11-30T02:32:10.343+0200] {processor.py:157} INFO - Started process (PID=5548) to work on /home/seva/UCU/AutomatedDataPipelines/Homework1/venv/lib/python3.10/site-packages/airflow/example_dags/example_sensor_decorator.py
[2023-11-30T02:32:10.345+0200] {processor.py:829} INFO - Processing file /home/seva/UCU/AutomatedDataPipelines/Homework1/venv/lib/python3.10/site-packages/airflow/example_dags/example_sensor_decorator.py for tasks to queue
[2023-11-30T02:32:10.346+0200] {logging_mixin.py:154} INFO - [2023-11-30T02:32:10.345+0200] {dagbag.py:536} INFO - Filling up the DagBag from /home/seva/UCU/AutomatedDataPipelines/Homework1/venv/lib/python3.10/site-packages/airflow/example_dags/example_sensor_decorator.py
[2023-11-30T02:32:10.352+0200] {processor.py:839} INFO - DAG(s) dict_keys(['example_sensor_decorator']) retrieved from /home/seva/UCU/AutomatedDataPipelines/Homework1/venv/lib/python3.10/site-packages/airflow/example_dags/example_sensor_decorator.py
[2023-11-30T02:32:10.368+0200] {logging_mixin.py:154} INFO - [2023-11-30T02:32:10.368+0200] {dag.py:2941} INFO - Sync 1 DAGs
[2023-11-30T02:32:10.379+0200] {logging_mixin.py:154} INFO - [2023-11-30T02:32:10.379+0200] {dag.py:3722} INFO - Setting next_dagrun for example_sensor_decorator to None, run_after=None
[2023-11-30T02:32:10.404+0200] {processor.py:179} INFO - Processing /home/seva/UCU/AutomatedDataPipelines/Homework1/venv/lib/python3.10/site-packages/airflow/example_dags/example_sensor_decorator.py took 0.065 seconds
[2023-11-30T02:32:57.143+0200] {processor.py:157} INFO - Started process (PID=5762) to work on /home/seva/UCU/AutomatedDataPipelines/Homework1/venv/lib/python3.10/site-packages/airflow/example_dags/example_sensor_decorator.py
[2023-11-30T02:32:57.156+0200] {processor.py:829} INFO - Processing file /home/seva/UCU/AutomatedDataPipelines/Homework1/venv/lib/python3.10/site-packages/airflow/example_dags/example_sensor_decorator.py for tasks to queue
[2023-11-30T02:32:57.157+0200] {logging_mixin.py:154} INFO - [2023-11-30T02:32:57.157+0200] {dagbag.py:536} INFO - Filling up the DagBag from /home/seva/UCU/AutomatedDataPipelines/Homework1/venv/lib/python3.10/site-packages/airflow/example_dags/example_sensor_decorator.py
[2023-11-30T02:32:57.163+0200] {processor.py:839} INFO - DAG(s) dict_keys(['example_sensor_decorator']) retrieved from /home/seva/UCU/AutomatedDataPipelines/Homework1/venv/lib/python3.10/site-packages/airflow/example_dags/example_sensor_decorator.py
[2023-11-30T02:32:57.184+0200] {logging_mixin.py:154} INFO - [2023-11-30T02:32:57.183+0200] {dag.py:2941} INFO - Sync 1 DAGs
[2023-11-30T02:32:57.195+0200] {logging_mixin.py:154} INFO - [2023-11-30T02:32:57.195+0200] {dag.py:3722} INFO - Setting next_dagrun for example_sensor_decorator to None, run_after=None
[2023-11-30T02:32:57.219+0200] {processor.py:179} INFO - Processing /home/seva/UCU/AutomatedDataPipelines/Homework1/venv/lib/python3.10/site-packages/airflow/example_dags/example_sensor_decorator.py took 0.079 seconds
[2023-11-30T02:33:44.132+0200] {processor.py:157} INFO - Started process (PID=5948) to work on /home/seva/UCU/AutomatedDataPipelines/Homework1/venv/lib/python3.10/site-packages/airflow/example_dags/example_sensor_decorator.py
[2023-11-30T02:33:44.144+0200] {processor.py:829} INFO - Processing file /home/seva/UCU/AutomatedDataPipelines/Homework1/venv/lib/python3.10/site-packages/airflow/example_dags/example_sensor_decorator.py for tasks to queue
[2023-11-30T02:33:44.145+0200] {logging_mixin.py:154} INFO - [2023-11-30T02:33:44.144+0200] {dagbag.py:536} INFO - Filling up the DagBag from /home/seva/UCU/AutomatedDataPipelines/Homework1/venv/lib/python3.10/site-packages/airflow/example_dags/example_sensor_decorator.py
[2023-11-30T02:33:44.150+0200] {processor.py:839} INFO - DAG(s) dict_keys(['example_sensor_decorator']) retrieved from /home/seva/UCU/AutomatedDataPipelines/Homework1/venv/lib/python3.10/site-packages/airflow/example_dags/example_sensor_decorator.py
[2023-11-30T02:33:44.165+0200] {logging_mixin.py:154} INFO - [2023-11-30T02:33:44.165+0200] {dag.py:2941} INFO - Sync 1 DAGs
[2023-11-30T02:33:44.184+0200] {logging_mixin.py:154} INFO - [2023-11-30T02:33:44.183+0200] {dag.py:3722} INFO - Setting next_dagrun for example_sensor_decorator to None, run_after=None
[2023-11-30T02:33:44.217+0200] {processor.py:179} INFO - Processing /home/seva/UCU/AutomatedDataPipelines/Homework1/venv/lib/python3.10/site-packages/airflow/example_dags/example_sensor_decorator.py took 0.087 seconds
[2023-11-30T02:34:33.306+0200] {processor.py:157} INFO - Started process (PID=6144) to work on /home/seva/UCU/AutomatedDataPipelines/Homework1/venv/lib/python3.10/site-packages/airflow/example_dags/example_sensor_decorator.py
[2023-11-30T02:34:33.308+0200] {processor.py:829} INFO - Processing file /home/seva/UCU/AutomatedDataPipelines/Homework1/venv/lib/python3.10/site-packages/airflow/example_dags/example_sensor_decorator.py for tasks to queue
[2023-11-30T02:34:33.309+0200] {logging_mixin.py:154} INFO - [2023-11-30T02:34:33.308+0200] {dagbag.py:536} INFO - Filling up the DagBag from /home/seva/UCU/AutomatedDataPipelines/Homework1/venv/lib/python3.10/site-packages/airflow/example_dags/example_sensor_decorator.py
[2023-11-30T02:34:33.315+0200] {processor.py:839} INFO - DAG(s) dict_keys(['example_sensor_decorator']) retrieved from /home/seva/UCU/AutomatedDataPipelines/Homework1/venv/lib/python3.10/site-packages/airflow/example_dags/example_sensor_decorator.py
[2023-11-30T02:34:33.333+0200] {logging_mixin.py:154} INFO - [2023-11-30T02:34:33.332+0200] {dag.py:2941} INFO - Sync 1 DAGs
[2023-11-30T02:34:33.344+0200] {logging_mixin.py:154} INFO - [2023-11-30T02:34:33.344+0200] {dag.py:3722} INFO - Setting next_dagrun for example_sensor_decorator to None, run_after=None
[2023-11-30T02:34:33.369+0200] {processor.py:179} INFO - Processing /home/seva/UCU/AutomatedDataPipelines/Homework1/venv/lib/python3.10/site-packages/airflow/example_dags/example_sensor_decorator.py took 0.066 seconds
[2023-11-30T02:35:22.366+0200] {processor.py:157} INFO - Started process (PID=6339) to work on /home/seva/UCU/AutomatedDataPipelines/Homework1/venv/lib/python3.10/site-packages/airflow/example_dags/example_sensor_decorator.py
[2023-11-30T02:35:22.379+0200] {processor.py:829} INFO - Processing file /home/seva/UCU/AutomatedDataPipelines/Homework1/venv/lib/python3.10/site-packages/airflow/example_dags/example_sensor_decorator.py for tasks to queue
[2023-11-30T02:35:22.380+0200] {logging_mixin.py:154} INFO - [2023-11-30T02:35:22.379+0200] {dagbag.py:536} INFO - Filling up the DagBag from /home/seva/UCU/AutomatedDataPipelines/Homework1/venv/lib/python3.10/site-packages/airflow/example_dags/example_sensor_decorator.py
[2023-11-30T02:35:22.386+0200] {processor.py:839} INFO - DAG(s) dict_keys(['example_sensor_decorator']) retrieved from /home/seva/UCU/AutomatedDataPipelines/Homework1/venv/lib/python3.10/site-packages/airflow/example_dags/example_sensor_decorator.py
[2023-11-30T02:35:22.402+0200] {logging_mixin.py:154} INFO - [2023-11-30T02:35:22.402+0200] {dag.py:2941} INFO - Sync 1 DAGs
[2023-11-30T02:35:22.413+0200] {logging_mixin.py:154} INFO - [2023-11-30T02:35:22.412+0200] {dag.py:3722} INFO - Setting next_dagrun for example_sensor_decorator to None, run_after=None
[2023-11-30T02:35:22.437+0200] {processor.py:179} INFO - Processing /home/seva/UCU/AutomatedDataPipelines/Homework1/venv/lib/python3.10/site-packages/airflow/example_dags/example_sensor_decorator.py took 0.077 seconds
[2023-11-30T02:36:07.488+0200] {processor.py:157} INFO - Started process (PID=6522) to work on /home/seva/UCU/AutomatedDataPipelines/Homework1/venv/lib/python3.10/site-packages/airflow/example_dags/example_sensor_decorator.py
[2023-11-30T02:36:07.490+0200] {processor.py:829} INFO - Processing file /home/seva/UCU/AutomatedDataPipelines/Homework1/venv/lib/python3.10/site-packages/airflow/example_dags/example_sensor_decorator.py for tasks to queue
[2023-11-30T02:36:07.491+0200] {logging_mixin.py:154} INFO - [2023-11-30T02:36:07.491+0200] {dagbag.py:536} INFO - Filling up the DagBag from /home/seva/UCU/AutomatedDataPipelines/Homework1/venv/lib/python3.10/site-packages/airflow/example_dags/example_sensor_decorator.py
[2023-11-30T02:36:07.497+0200] {processor.py:839} INFO - DAG(s) dict_keys(['example_sensor_decorator']) retrieved from /home/seva/UCU/AutomatedDataPipelines/Homework1/venv/lib/python3.10/site-packages/airflow/example_dags/example_sensor_decorator.py
[2023-11-30T02:36:07.511+0200] {logging_mixin.py:154} INFO - [2023-11-30T02:36:07.511+0200] {dag.py:2941} INFO - Sync 1 DAGs
[2023-11-30T02:36:07.521+0200] {logging_mixin.py:154} INFO - [2023-11-30T02:36:07.521+0200] {dag.py:3722} INFO - Setting next_dagrun for example_sensor_decorator to None, run_after=None
[2023-11-30T02:36:07.545+0200] {processor.py:179} INFO - Processing /home/seva/UCU/AutomatedDataPipelines/Homework1/venv/lib/python3.10/site-packages/airflow/example_dags/example_sensor_decorator.py took 0.059 seconds
[2023-11-30T02:36:53.314+0200] {processor.py:157} INFO - Started process (PID=6701) to work on /home/seva/UCU/AutomatedDataPipelines/Homework1/venv/lib/python3.10/site-packages/airflow/example_dags/example_sensor_decorator.py
[2023-11-30T02:36:53.326+0200] {processor.py:829} INFO - Processing file /home/seva/UCU/AutomatedDataPipelines/Homework1/venv/lib/python3.10/site-packages/airflow/example_dags/example_sensor_decorator.py for tasks to queue
[2023-11-30T02:36:53.327+0200] {logging_mixin.py:154} INFO - [2023-11-30T02:36:53.327+0200] {dagbag.py:536} INFO - Filling up the DagBag from /home/seva/UCU/AutomatedDataPipelines/Homework1/venv/lib/python3.10/site-packages/airflow/example_dags/example_sensor_decorator.py
[2023-11-30T02:36:53.333+0200] {processor.py:839} INFO - DAG(s) dict_keys(['example_sensor_decorator']) retrieved from /home/seva/UCU/AutomatedDataPipelines/Homework1/venv/lib/python3.10/site-packages/airflow/example_dags/example_sensor_decorator.py
[2023-11-30T02:36:53.347+0200] {logging_mixin.py:154} INFO - [2023-11-30T02:36:53.347+0200] {dag.py:2941} INFO - Sync 1 DAGs
[2023-11-30T02:36:53.357+0200] {logging_mixin.py:154} INFO - [2023-11-30T02:36:53.357+0200] {dag.py:3722} INFO - Setting next_dagrun for example_sensor_decorator to None, run_after=None
[2023-11-30T02:36:53.381+0200] {processor.py:179} INFO - Processing /home/seva/UCU/AutomatedDataPipelines/Homework1/venv/lib/python3.10/site-packages/airflow/example_dags/example_sensor_decorator.py took 0.070 seconds
[2023-11-30T02:37:43.774+0200] {processor.py:157} INFO - Started process (PID=6899) to work on /home/seva/UCU/AutomatedDataPipelines/Homework1/venv/lib/python3.10/site-packages/airflow/example_dags/example_sensor_decorator.py
[2023-11-30T02:37:43.789+0200] {processor.py:829} INFO - Processing file /home/seva/UCU/AutomatedDataPipelines/Homework1/venv/lib/python3.10/site-packages/airflow/example_dags/example_sensor_decorator.py for tasks to queue
[2023-11-30T02:37:43.791+0200] {logging_mixin.py:154} INFO - [2023-11-30T02:37:43.791+0200] {dagbag.py:536} INFO - Filling up the DagBag from /home/seva/UCU/AutomatedDataPipelines/Homework1/venv/lib/python3.10/site-packages/airflow/example_dags/example_sensor_decorator.py
[2023-11-30T02:37:43.801+0200] {processor.py:839} INFO - DAG(s) dict_keys(['example_sensor_decorator']) retrieved from /home/seva/UCU/AutomatedDataPipelines/Homework1/venv/lib/python3.10/site-packages/airflow/example_dags/example_sensor_decorator.py
[2023-11-30T02:37:43.816+0200] {logging_mixin.py:154} INFO - [2023-11-30T02:37:43.816+0200] {dag.py:2941} INFO - Sync 1 DAGs
[2023-11-30T02:37:43.827+0200] {logging_mixin.py:154} INFO - [2023-11-30T02:37:43.826+0200] {dag.py:3722} INFO - Setting next_dagrun for example_sensor_decorator to None, run_after=None
[2023-11-30T02:37:43.851+0200] {processor.py:179} INFO - Processing /home/seva/UCU/AutomatedDataPipelines/Homework1/venv/lib/python3.10/site-packages/airflow/example_dags/example_sensor_decorator.py took 0.081 seconds
[2023-11-30T02:38:36.295+0200] {processor.py:157} INFO - Started process (PID=7246) to work on /home/seva/UCU/AutomatedDataPipelines/Homework1/venv/lib/python3.10/site-packages/airflow/example_dags/example_sensor_decorator.py
[2023-11-30T02:38:36.307+0200] {processor.py:829} INFO - Processing file /home/seva/UCU/AutomatedDataPipelines/Homework1/venv/lib/python3.10/site-packages/airflow/example_dags/example_sensor_decorator.py for tasks to queue
[2023-11-30T02:38:36.308+0200] {logging_mixin.py:154} INFO - [2023-11-30T02:38:36.308+0200] {dagbag.py:536} INFO - Filling up the DagBag from /home/seva/UCU/AutomatedDataPipelines/Homework1/venv/lib/python3.10/site-packages/airflow/example_dags/example_sensor_decorator.py
[2023-11-30T02:38:36.314+0200] {processor.py:839} INFO - DAG(s) dict_keys(['example_sensor_decorator']) retrieved from /home/seva/UCU/AutomatedDataPipelines/Homework1/venv/lib/python3.10/site-packages/airflow/example_dags/example_sensor_decorator.py
[2023-11-30T02:38:36.328+0200] {logging_mixin.py:154} INFO - [2023-11-30T02:38:36.328+0200] {dag.py:2941} INFO - Sync 1 DAGs
[2023-11-30T02:38:36.338+0200] {logging_mixin.py:154} INFO - [2023-11-30T02:38:36.337+0200] {dag.py:3722} INFO - Setting next_dagrun for example_sensor_decorator to None, run_after=None
[2023-11-30T02:38:36.361+0200] {processor.py:179} INFO - Processing /home/seva/UCU/AutomatedDataPipelines/Homework1/venv/lib/python3.10/site-packages/airflow/example_dags/example_sensor_decorator.py took 0.069 seconds
