[2023-11-30T02:13:55.804+0200] {processor.py:157} INFO - Started process (PID=1259) to work on /home/seva/UCU/AutomatedDataPipelines/Homework1/venv/lib/python3.10/site-packages/airflow/example_dags/example_nested_branch_dag.py
[2023-11-30T02:13:55.805+0200] {processor.py:829} INFO - Processing file /home/seva/UCU/AutomatedDataPipelines/Homework1/venv/lib/python3.10/site-packages/airflow/example_dags/example_nested_branch_dag.py for tasks to queue
[2023-11-30T02:13:55.806+0200] {logging_mixin.py:154} INFO - [2023-11-30T02:13:55.806+0200] {dagbag.py:536} INFO - Filling up the DagBag from /home/seva/UCU/AutomatedDataPipelines/Homework1/venv/lib/python3.10/site-packages/airflow/example_dags/example_nested_branch_dag.py
[2023-11-30T02:13:55.815+0200] {processor.py:839} INFO - DAG(s) dict_keys(['example_nested_branch_dag']) retrieved from /home/seva/UCU/AutomatedDataPipelines/Homework1/venv/lib/python3.10/site-packages/airflow/example_dags/example_nested_branch_dag.py
[2023-11-30T02:13:55.922+0200] {logging_mixin.py:154} INFO - [2023-11-30T02:13:55.922+0200] {manager.py:499} INFO - Created Permission View: %s
[2023-11-30T02:13:55.939+0200] {logging_mixin.py:154} INFO - [2023-11-30T02:13:55.939+0200] {manager.py:499} INFO - Created Permission View: %s
[2023-11-30T02:13:55.954+0200] {logging_mixin.py:154} INFO - [2023-11-30T02:13:55.954+0200] {manager.py:499} INFO - Created Permission View: %s
[2023-11-30T02:13:55.954+0200] {logging_mixin.py:154} INFO - [2023-11-30T02:13:55.954+0200] {dag.py:2941} INFO - Sync 1 DAGs
[2023-11-30T02:13:55.963+0200] {logging_mixin.py:154} INFO - [2023-11-30T02:13:55.963+0200] {dag.py:2963} INFO - Creating ORM DAG for example_nested_branch_dag
[2023-11-30T02:13:55.970+0200] {logging_mixin.py:154} INFO - [2023-11-30T02:13:55.970+0200] {dag.py:3722} INFO - Setting next_dagrun for example_nested_branch_dag to 2023-11-29T00:00:00+00:00, run_after=2023-11-30T00:00:00+00:00
[2023-11-30T02:13:55.996+0200] {processor.py:179} INFO - Processing /home/seva/UCU/AutomatedDataPipelines/Homework1/venv/lib/python3.10/site-packages/airflow/example_dags/example_nested_branch_dag.py took 0.195 seconds
[2023-11-30T02:14:41.136+0200] {processor.py:157} INFO - Started process (PID=1405) to work on /home/seva/UCU/AutomatedDataPipelines/Homework1/venv/lib/python3.10/site-packages/airflow/example_dags/example_nested_branch_dag.py
[2023-11-30T02:14:41.138+0200] {processor.py:829} INFO - Processing file /home/seva/UCU/AutomatedDataPipelines/Homework1/venv/lib/python3.10/site-packages/airflow/example_dags/example_nested_branch_dag.py for tasks to queue
[2023-11-30T02:14:41.139+0200] {logging_mixin.py:154} INFO - [2023-11-30T02:14:41.139+0200] {dagbag.py:536} INFO - Filling up the DagBag from /home/seva/UCU/AutomatedDataPipelines/Homework1/venv/lib/python3.10/site-packages/airflow/example_dags/example_nested_branch_dag.py
[2023-11-30T02:14:41.148+0200] {processor.py:839} INFO - DAG(s) dict_keys(['example_nested_branch_dag']) retrieved from /home/seva/UCU/AutomatedDataPipelines/Homework1/venv/lib/python3.10/site-packages/airflow/example_dags/example_nested_branch_dag.py
[2023-11-30T02:14:41.163+0200] {logging_mixin.py:154} INFO - [2023-11-30T02:14:41.163+0200] {dag.py:2941} INFO - Sync 1 DAGs
[2023-11-30T02:14:41.180+0200] {logging_mixin.py:154} INFO - [2023-11-30T02:14:41.179+0200] {dag.py:3722} INFO - Setting next_dagrun for example_nested_branch_dag to 2023-11-29T00:00:00+00:00, run_after=2023-11-30T00:00:00+00:00
[2023-11-30T02:14:41.204+0200] {processor.py:179} INFO - Processing /home/seva/UCU/AutomatedDataPipelines/Homework1/venv/lib/python3.10/site-packages/airflow/example_dags/example_nested_branch_dag.py took 0.071 seconds
[2023-11-30T02:15:30.034+0200] {processor.py:157} INFO - Started process (PID=1592) to work on /home/seva/UCU/AutomatedDataPipelines/Homework1/venv/lib/python3.10/site-packages/airflow/example_dags/example_nested_branch_dag.py
[2023-11-30T02:15:30.045+0200] {processor.py:829} INFO - Processing file /home/seva/UCU/AutomatedDataPipelines/Homework1/venv/lib/python3.10/site-packages/airflow/example_dags/example_nested_branch_dag.py for tasks to queue
[2023-11-30T02:15:30.046+0200] {logging_mixin.py:154} INFO - [2023-11-30T02:15:30.046+0200] {dagbag.py:536} INFO - Filling up the DagBag from /home/seva/UCU/AutomatedDataPipelines/Homework1/venv/lib/python3.10/site-packages/airflow/example_dags/example_nested_branch_dag.py
[2023-11-30T02:15:30.055+0200] {processor.py:839} INFO - DAG(s) dict_keys(['example_nested_branch_dag']) retrieved from /home/seva/UCU/AutomatedDataPipelines/Homework1/venv/lib/python3.10/site-packages/airflow/example_dags/example_nested_branch_dag.py
[2023-11-30T02:15:30.070+0200] {logging_mixin.py:154} INFO - [2023-11-30T02:15:30.070+0200] {dag.py:2941} INFO - Sync 1 DAGs
[2023-11-30T02:15:30.086+0200] {logging_mixin.py:154} INFO - [2023-11-30T02:15:30.086+0200] {dag.py:3722} INFO - Setting next_dagrun for example_nested_branch_dag to 2023-11-29T00:00:00+00:00, run_after=2023-11-30T00:00:00+00:00
[2023-11-30T02:15:30.135+0200] {processor.py:179} INFO - Processing /home/seva/UCU/AutomatedDataPipelines/Homework1/venv/lib/python3.10/site-packages/airflow/example_dags/example_nested_branch_dag.py took 0.104 seconds
[2023-11-30T02:16:15.258+0200] {processor.py:157} INFO - Started process (PID=1765) to work on /home/seva/UCU/AutomatedDataPipelines/Homework1/venv/lib/python3.10/site-packages/airflow/example_dags/example_nested_branch_dag.py
[2023-11-30T02:16:15.270+0200] {processor.py:829} INFO - Processing file /home/seva/UCU/AutomatedDataPipelines/Homework1/venv/lib/python3.10/site-packages/airflow/example_dags/example_nested_branch_dag.py for tasks to queue
[2023-11-30T02:16:15.272+0200] {logging_mixin.py:154} INFO - [2023-11-30T02:16:15.271+0200] {dagbag.py:536} INFO - Filling up the DagBag from /home/seva/UCU/AutomatedDataPipelines/Homework1/venv/lib/python3.10/site-packages/airflow/example_dags/example_nested_branch_dag.py
[2023-11-30T02:16:15.286+0200] {processor.py:839} INFO - DAG(s) dict_keys(['example_nested_branch_dag']) retrieved from /home/seva/UCU/AutomatedDataPipelines/Homework1/venv/lib/python3.10/site-packages/airflow/example_dags/example_nested_branch_dag.py
[2023-11-30T02:16:15.310+0200] {logging_mixin.py:154} INFO - [2023-11-30T02:16:15.310+0200] {dag.py:2941} INFO - Sync 1 DAGs
[2023-11-30T02:16:15.333+0200] {logging_mixin.py:154} INFO - [2023-11-30T02:16:15.332+0200] {dag.py:3722} INFO - Setting next_dagrun for example_nested_branch_dag to 2023-11-29T00:00:00+00:00, run_after=2023-11-30T00:00:00+00:00
[2023-11-30T02:16:15.362+0200] {processor.py:179} INFO - Processing /home/seva/UCU/AutomatedDataPipelines/Homework1/venv/lib/python3.10/site-packages/airflow/example_dags/example_nested_branch_dag.py took 0.110 seconds
[2023-11-30T02:17:00.219+0200] {processor.py:157} INFO - Started process (PID=1946) to work on /home/seva/UCU/AutomatedDataPipelines/Homework1/venv/lib/python3.10/site-packages/airflow/example_dags/example_nested_branch_dag.py
[2023-11-30T02:17:00.221+0200] {processor.py:829} INFO - Processing file /home/seva/UCU/AutomatedDataPipelines/Homework1/venv/lib/python3.10/site-packages/airflow/example_dags/example_nested_branch_dag.py for tasks to queue
[2023-11-30T02:17:00.222+0200] {logging_mixin.py:154} INFO - [2023-11-30T02:17:00.221+0200] {dagbag.py:536} INFO - Filling up the DagBag from /home/seva/UCU/AutomatedDataPipelines/Homework1/venv/lib/python3.10/site-packages/airflow/example_dags/example_nested_branch_dag.py
[2023-11-30T02:17:00.230+0200] {processor.py:839} INFO - DAG(s) dict_keys(['example_nested_branch_dag']) retrieved from /home/seva/UCU/AutomatedDataPipelines/Homework1/venv/lib/python3.10/site-packages/airflow/example_dags/example_nested_branch_dag.py
[2023-11-30T02:17:00.244+0200] {logging_mixin.py:154} INFO - [2023-11-30T02:17:00.244+0200] {dag.py:2941} INFO - Sync 1 DAGs
[2023-11-30T02:17:00.260+0200] {logging_mixin.py:154} INFO - [2023-11-30T02:17:00.260+0200] {dag.py:3722} INFO - Setting next_dagrun for example_nested_branch_dag to 2023-11-29T00:00:00+00:00, run_after=2023-11-30T00:00:00+00:00
[2023-11-30T02:17:00.288+0200] {processor.py:179} INFO - Processing /home/seva/UCU/AutomatedDataPipelines/Homework1/venv/lib/python3.10/site-packages/airflow/example_dags/example_nested_branch_dag.py took 0.072 seconds
[2023-11-30T02:17:45.201+0200] {processor.py:157} INFO - Started process (PID=2132) to work on /home/seva/UCU/AutomatedDataPipelines/Homework1/venv/lib/python3.10/site-packages/airflow/example_dags/example_nested_branch_dag.py
[2023-11-30T02:17:45.204+0200] {processor.py:829} INFO - Processing file /home/seva/UCU/AutomatedDataPipelines/Homework1/venv/lib/python3.10/site-packages/airflow/example_dags/example_nested_branch_dag.py for tasks to queue
[2023-11-30T02:17:45.207+0200] {logging_mixin.py:154} INFO - [2023-11-30T02:17:45.206+0200] {dagbag.py:536} INFO - Filling up the DagBag from /home/seva/UCU/AutomatedDataPipelines/Homework1/venv/lib/python3.10/site-packages/airflow/example_dags/example_nested_branch_dag.py
[2023-11-30T02:17:45.226+0200] {processor.py:839} INFO - DAG(s) dict_keys(['example_nested_branch_dag']) retrieved from /home/seva/UCU/AutomatedDataPipelines/Homework1/venv/lib/python3.10/site-packages/airflow/example_dags/example_nested_branch_dag.py
[2023-11-30T02:17:45.262+0200] {logging_mixin.py:154} INFO - [2023-11-30T02:17:45.261+0200] {dag.py:2941} INFO - Sync 1 DAGs
[2023-11-30T02:17:45.299+0200] {logging_mixin.py:154} INFO - [2023-11-30T02:17:45.299+0200] {dag.py:3722} INFO - Setting next_dagrun for example_nested_branch_dag to 2023-11-29T00:00:00+00:00, run_after=2023-11-30T00:00:00+00:00
[2023-11-30T02:17:45.339+0200] {processor.py:179} INFO - Processing /home/seva/UCU/AutomatedDataPipelines/Homework1/venv/lib/python3.10/site-packages/airflow/example_dags/example_nested_branch_dag.py took 0.142 seconds
[2023-11-30T02:18:27.570+0200] {processor.py:157} INFO - Started process (PID=2302) to work on /home/seva/UCU/AutomatedDataPipelines/Homework1/venv/lib/python3.10/site-packages/airflow/example_dags/example_nested_branch_dag.py
[2023-11-30T02:18:27.583+0200] {processor.py:829} INFO - Processing file /home/seva/UCU/AutomatedDataPipelines/Homework1/venv/lib/python3.10/site-packages/airflow/example_dags/example_nested_branch_dag.py for tasks to queue
[2023-11-30T02:18:27.584+0200] {logging_mixin.py:154} INFO - [2023-11-30T02:18:27.584+0200] {dagbag.py:536} INFO - Filling up the DagBag from /home/seva/UCU/AutomatedDataPipelines/Homework1/venv/lib/python3.10/site-packages/airflow/example_dags/example_nested_branch_dag.py
[2023-11-30T02:18:27.602+0200] {processor.py:839} INFO - DAG(s) dict_keys(['example_nested_branch_dag']) retrieved from /home/seva/UCU/AutomatedDataPipelines/Homework1/venv/lib/python3.10/site-packages/airflow/example_dags/example_nested_branch_dag.py
[2023-11-30T02:18:27.621+0200] {logging_mixin.py:154} INFO - [2023-11-30T02:18:27.621+0200] {dag.py:2941} INFO - Sync 1 DAGs
[2023-11-30T02:18:27.640+0200] {logging_mixin.py:154} INFO - [2023-11-30T02:18:27.639+0200] {dag.py:3722} INFO - Setting next_dagrun for example_nested_branch_dag to 2023-11-29T00:00:00+00:00, run_after=2023-11-30T00:00:00+00:00
[2023-11-30T02:18:27.665+0200] {processor.py:179} INFO - Processing /home/seva/UCU/AutomatedDataPipelines/Homework1/venv/lib/python3.10/site-packages/airflow/example_dags/example_nested_branch_dag.py took 0.098 seconds
[2023-11-30T02:19:13.774+0200] {processor.py:157} INFO - Started process (PID=2483) to work on /home/seva/UCU/AutomatedDataPipelines/Homework1/venv/lib/python3.10/site-packages/airflow/example_dags/example_nested_branch_dag.py
[2023-11-30T02:19:13.775+0200] {processor.py:829} INFO - Processing file /home/seva/UCU/AutomatedDataPipelines/Homework1/venv/lib/python3.10/site-packages/airflow/example_dags/example_nested_branch_dag.py for tasks to queue
[2023-11-30T02:19:13.776+0200] {logging_mixin.py:154} INFO - [2023-11-30T02:19:13.776+0200] {dagbag.py:536} INFO - Filling up the DagBag from /home/seva/UCU/AutomatedDataPipelines/Homework1/venv/lib/python3.10/site-packages/airflow/example_dags/example_nested_branch_dag.py
[2023-11-30T02:19:13.788+0200] {processor.py:839} INFO - DAG(s) dict_keys(['example_nested_branch_dag']) retrieved from /home/seva/UCU/AutomatedDataPipelines/Homework1/venv/lib/python3.10/site-packages/airflow/example_dags/example_nested_branch_dag.py
[2023-11-30T02:19:13.808+0200] {logging_mixin.py:154} INFO - [2023-11-30T02:19:13.808+0200] {dag.py:2941} INFO - Sync 1 DAGs
[2023-11-30T02:19:13.830+0200] {logging_mixin.py:154} INFO - [2023-11-30T02:19:13.830+0200] {dag.py:3722} INFO - Setting next_dagrun for example_nested_branch_dag to 2023-11-29T00:00:00+00:00, run_after=2023-11-30T00:00:00+00:00
[2023-11-30T02:19:13.855+0200] {processor.py:179} INFO - Processing /home/seva/UCU/AutomatedDataPipelines/Homework1/venv/lib/python3.10/site-packages/airflow/example_dags/example_nested_branch_dag.py took 0.085 seconds
[2023-11-30T02:19:56.555+0200] {processor.py:157} INFO - Started process (PID=2651) to work on /home/seva/UCU/AutomatedDataPipelines/Homework1/venv/lib/python3.10/site-packages/airflow/example_dags/example_nested_branch_dag.py
[2023-11-30T02:19:56.569+0200] {processor.py:829} INFO - Processing file /home/seva/UCU/AutomatedDataPipelines/Homework1/venv/lib/python3.10/site-packages/airflow/example_dags/example_nested_branch_dag.py for tasks to queue
[2023-11-30T02:19:56.571+0200] {logging_mixin.py:154} INFO - [2023-11-30T02:19:56.570+0200] {dagbag.py:536} INFO - Filling up the DagBag from /home/seva/UCU/AutomatedDataPipelines/Homework1/venv/lib/python3.10/site-packages/airflow/example_dags/example_nested_branch_dag.py
[2023-11-30T02:19:56.580+0200] {processor.py:839} INFO - DAG(s) dict_keys(['example_nested_branch_dag']) retrieved from /home/seva/UCU/AutomatedDataPipelines/Homework1/venv/lib/python3.10/site-packages/airflow/example_dags/example_nested_branch_dag.py
[2023-11-30T02:19:56.598+0200] {logging_mixin.py:154} INFO - [2023-11-30T02:19:56.598+0200] {dag.py:2941} INFO - Sync 1 DAGs
[2023-11-30T02:19:56.622+0200] {logging_mixin.py:154} INFO - [2023-11-30T02:19:56.621+0200] {dag.py:3722} INFO - Setting next_dagrun for example_nested_branch_dag to 2023-11-29T00:00:00+00:00, run_after=2023-11-30T00:00:00+00:00
[2023-11-30T02:19:56.647+0200] {processor.py:179} INFO - Processing /home/seva/UCU/AutomatedDataPipelines/Homework1/venv/lib/python3.10/site-packages/airflow/example_dags/example_nested_branch_dag.py took 0.095 seconds
[2023-11-30T02:20:43.486+0200] {processor.py:157} INFO - Started process (PID=2836) to work on /home/seva/UCU/AutomatedDataPipelines/Homework1/venv/lib/python3.10/site-packages/airflow/example_dags/example_nested_branch_dag.py
[2023-11-30T02:20:43.498+0200] {processor.py:829} INFO - Processing file /home/seva/UCU/AutomatedDataPipelines/Homework1/venv/lib/python3.10/site-packages/airflow/example_dags/example_nested_branch_dag.py for tasks to queue
[2023-11-30T02:20:43.499+0200] {logging_mixin.py:154} INFO - [2023-11-30T02:20:43.499+0200] {dagbag.py:536} INFO - Filling up the DagBag from /home/seva/UCU/AutomatedDataPipelines/Homework1/venv/lib/python3.10/site-packages/airflow/example_dags/example_nested_branch_dag.py
[2023-11-30T02:20:43.509+0200] {processor.py:839} INFO - DAG(s) dict_keys(['example_nested_branch_dag']) retrieved from /home/seva/UCU/AutomatedDataPipelines/Homework1/venv/lib/python3.10/site-packages/airflow/example_dags/example_nested_branch_dag.py
[2023-11-30T02:20:43.525+0200] {logging_mixin.py:154} INFO - [2023-11-30T02:20:43.524+0200] {dag.py:2941} INFO - Sync 1 DAGs
[2023-11-30T02:20:43.540+0200] {logging_mixin.py:154} INFO - [2023-11-30T02:20:43.540+0200] {dag.py:3722} INFO - Setting next_dagrun for example_nested_branch_dag to 2023-11-29T00:00:00+00:00, run_after=2023-11-30T00:00:00+00:00
[2023-11-30T02:20:43.564+0200] {processor.py:179} INFO - Processing /home/seva/UCU/AutomatedDataPipelines/Homework1/venv/lib/python3.10/site-packages/airflow/example_dags/example_nested_branch_dag.py took 0.080 seconds
[2023-11-30T02:21:27.849+0200] {processor.py:157} INFO - Started process (PID=3015) to work on /home/seva/UCU/AutomatedDataPipelines/Homework1/venv/lib/python3.10/site-packages/airflow/example_dags/example_nested_branch_dag.py
[2023-11-30T02:21:27.860+0200] {processor.py:829} INFO - Processing file /home/seva/UCU/AutomatedDataPipelines/Homework1/venv/lib/python3.10/site-packages/airflow/example_dags/example_nested_branch_dag.py for tasks to queue
[2023-11-30T02:21:27.862+0200] {logging_mixin.py:154} INFO - [2023-11-30T02:21:27.861+0200] {dagbag.py:536} INFO - Filling up the DagBag from /home/seva/UCU/AutomatedDataPipelines/Homework1/venv/lib/python3.10/site-packages/airflow/example_dags/example_nested_branch_dag.py
[2023-11-30T02:21:27.872+0200] {processor.py:839} INFO - DAG(s) dict_keys(['example_nested_branch_dag']) retrieved from /home/seva/UCU/AutomatedDataPipelines/Homework1/venv/lib/python3.10/site-packages/airflow/example_dags/example_nested_branch_dag.py
[2023-11-30T02:21:27.887+0200] {logging_mixin.py:154} INFO - [2023-11-30T02:21:27.886+0200] {dag.py:2941} INFO - Sync 1 DAGs
[2023-11-30T02:21:27.903+0200] {logging_mixin.py:154} INFO - [2023-11-30T02:21:27.903+0200] {dag.py:3722} INFO - Setting next_dagrun for example_nested_branch_dag to 2023-11-29T00:00:00+00:00, run_after=2023-11-30T00:00:00+00:00
[2023-11-30T02:21:27.927+0200] {processor.py:179} INFO - Processing /home/seva/UCU/AutomatedDataPipelines/Homework1/venv/lib/python3.10/site-packages/airflow/example_dags/example_nested_branch_dag.py took 0.081 seconds
[2023-11-30T02:22:09.672+0200] {processor.py:157} INFO - Started process (PID=3182) to work on /home/seva/UCU/AutomatedDataPipelines/Homework1/venv/lib/python3.10/site-packages/airflow/example_dags/example_nested_branch_dag.py
[2023-11-30T02:22:09.684+0200] {processor.py:829} INFO - Processing file /home/seva/UCU/AutomatedDataPipelines/Homework1/venv/lib/python3.10/site-packages/airflow/example_dags/example_nested_branch_dag.py for tasks to queue
[2023-11-30T02:22:09.685+0200] {logging_mixin.py:154} INFO - [2023-11-30T02:22:09.685+0200] {dagbag.py:536} INFO - Filling up the DagBag from /home/seva/UCU/AutomatedDataPipelines/Homework1/venv/lib/python3.10/site-packages/airflow/example_dags/example_nested_branch_dag.py
[2023-11-30T02:22:09.694+0200] {processor.py:839} INFO - DAG(s) dict_keys(['example_nested_branch_dag']) retrieved from /home/seva/UCU/AutomatedDataPipelines/Homework1/venv/lib/python3.10/site-packages/airflow/example_dags/example_nested_branch_dag.py
[2023-11-30T02:22:09.709+0200] {logging_mixin.py:154} INFO - [2023-11-30T02:22:09.709+0200] {dag.py:2941} INFO - Sync 1 DAGs
[2023-11-30T02:22:09.728+0200] {logging_mixin.py:154} INFO - [2023-11-30T02:22:09.728+0200] {dag.py:3722} INFO - Setting next_dagrun for example_nested_branch_dag to 2023-11-29T00:00:00+00:00, run_after=2023-11-30T00:00:00+00:00
[2023-11-30T02:22:09.753+0200] {processor.py:179} INFO - Processing /home/seva/UCU/AutomatedDataPipelines/Homework1/venv/lib/python3.10/site-packages/airflow/example_dags/example_nested_branch_dag.py took 0.084 seconds
[2023-11-30T02:22:58.310+0200] {processor.py:157} INFO - Started process (PID=3368) to work on /home/seva/UCU/AutomatedDataPipelines/Homework1/venv/lib/python3.10/site-packages/airflow/example_dags/example_nested_branch_dag.py
[2023-11-30T02:22:58.312+0200] {processor.py:829} INFO - Processing file /home/seva/UCU/AutomatedDataPipelines/Homework1/venv/lib/python3.10/site-packages/airflow/example_dags/example_nested_branch_dag.py for tasks to queue
[2023-11-30T02:22:58.313+0200] {logging_mixin.py:154} INFO - [2023-11-30T02:22:58.313+0200] {dagbag.py:536} INFO - Filling up the DagBag from /home/seva/UCU/AutomatedDataPipelines/Homework1/venv/lib/python3.10/site-packages/airflow/example_dags/example_nested_branch_dag.py
[2023-11-30T02:22:58.321+0200] {processor.py:839} INFO - DAG(s) dict_keys(['example_nested_branch_dag']) retrieved from /home/seva/UCU/AutomatedDataPipelines/Homework1/venv/lib/python3.10/site-packages/airflow/example_dags/example_nested_branch_dag.py
[2023-11-30T02:22:58.336+0200] {logging_mixin.py:154} INFO - [2023-11-30T02:22:58.335+0200] {dag.py:2941} INFO - Sync 1 DAGs
[2023-11-30T02:22:58.352+0200] {logging_mixin.py:154} INFO - [2023-11-30T02:22:58.352+0200] {dag.py:3722} INFO - Setting next_dagrun for example_nested_branch_dag to 2023-11-29T00:00:00+00:00, run_after=2023-11-30T00:00:00+00:00
[2023-11-30T02:22:58.376+0200] {processor.py:179} INFO - Processing /home/seva/UCU/AutomatedDataPipelines/Homework1/venv/lib/python3.10/site-packages/airflow/example_dags/example_nested_branch_dag.py took 0.069 seconds
[2023-11-30T02:23:41.773+0200] {processor.py:157} INFO - Started process (PID=3540) to work on /home/seva/UCU/AutomatedDataPipelines/Homework1/venv/lib/python3.10/site-packages/airflow/example_dags/example_nested_branch_dag.py
[2023-11-30T02:23:41.785+0200] {processor.py:829} INFO - Processing file /home/seva/UCU/AutomatedDataPipelines/Homework1/venv/lib/python3.10/site-packages/airflow/example_dags/example_nested_branch_dag.py for tasks to queue
[2023-11-30T02:23:41.786+0200] {logging_mixin.py:154} INFO - [2023-11-30T02:23:41.786+0200] {dagbag.py:536} INFO - Filling up the DagBag from /home/seva/UCU/AutomatedDataPipelines/Homework1/venv/lib/python3.10/site-packages/airflow/example_dags/example_nested_branch_dag.py
[2023-11-30T02:23:41.795+0200] {processor.py:839} INFO - DAG(s) dict_keys(['example_nested_branch_dag']) retrieved from /home/seva/UCU/AutomatedDataPipelines/Homework1/venv/lib/python3.10/site-packages/airflow/example_dags/example_nested_branch_dag.py
[2023-11-30T02:23:41.810+0200] {logging_mixin.py:154} INFO - [2023-11-30T02:23:41.810+0200] {dag.py:2941} INFO - Sync 1 DAGs
[2023-11-30T02:23:41.827+0200] {logging_mixin.py:154} INFO - [2023-11-30T02:23:41.826+0200] {dag.py:3722} INFO - Setting next_dagrun for example_nested_branch_dag to 2023-11-29T00:00:00+00:00, run_after=2023-11-30T00:00:00+00:00
[2023-11-30T02:23:41.852+0200] {processor.py:179} INFO - Processing /home/seva/UCU/AutomatedDataPipelines/Homework1/venv/lib/python3.10/site-packages/airflow/example_dags/example_nested_branch_dag.py took 0.082 seconds
[2023-11-30T02:24:27.848+0200] {processor.py:157} INFO - Started process (PID=3727) to work on /home/seva/UCU/AutomatedDataPipelines/Homework1/venv/lib/python3.10/site-packages/airflow/example_dags/example_nested_branch_dag.py
[2023-11-30T02:24:27.859+0200] {processor.py:829} INFO - Processing file /home/seva/UCU/AutomatedDataPipelines/Homework1/venv/lib/python3.10/site-packages/airflow/example_dags/example_nested_branch_dag.py for tasks to queue
[2023-11-30T02:24:27.860+0200] {logging_mixin.py:154} INFO - [2023-11-30T02:24:27.860+0200] {dagbag.py:536} INFO - Filling up the DagBag from /home/seva/UCU/AutomatedDataPipelines/Homework1/venv/lib/python3.10/site-packages/airflow/example_dags/example_nested_branch_dag.py
[2023-11-30T02:24:27.870+0200] {processor.py:839} INFO - DAG(s) dict_keys(['example_nested_branch_dag']) retrieved from /home/seva/UCU/AutomatedDataPipelines/Homework1/venv/lib/python3.10/site-packages/airflow/example_dags/example_nested_branch_dag.py
[2023-11-30T02:24:27.884+0200] {logging_mixin.py:154} INFO - [2023-11-30T02:24:27.884+0200] {dag.py:2941} INFO - Sync 1 DAGs
[2023-11-30T02:24:27.901+0200] {logging_mixin.py:154} INFO - [2023-11-30T02:24:27.900+0200] {dag.py:3722} INFO - Setting next_dagrun for example_nested_branch_dag to 2023-11-29T00:00:00+00:00, run_after=2023-11-30T00:00:00+00:00
[2023-11-30T02:24:27.927+0200] {processor.py:179} INFO - Processing /home/seva/UCU/AutomatedDataPipelines/Homework1/venv/lib/python3.10/site-packages/airflow/example_dags/example_nested_branch_dag.py took 0.082 seconds
[2023-11-30T02:25:09.789+0200] {processor.py:157} INFO - Started process (PID=3890) to work on /home/seva/UCU/AutomatedDataPipelines/Homework1/venv/lib/python3.10/site-packages/airflow/example_dags/example_nested_branch_dag.py
[2023-11-30T02:25:09.792+0200] {processor.py:829} INFO - Processing file /home/seva/UCU/AutomatedDataPipelines/Homework1/venv/lib/python3.10/site-packages/airflow/example_dags/example_nested_branch_dag.py for tasks to queue
[2023-11-30T02:25:09.793+0200] {logging_mixin.py:154} INFO - [2023-11-30T02:25:09.792+0200] {dagbag.py:536} INFO - Filling up the DagBag from /home/seva/UCU/AutomatedDataPipelines/Homework1/venv/lib/python3.10/site-packages/airflow/example_dags/example_nested_branch_dag.py
[2023-11-30T02:25:09.802+0200] {processor.py:839} INFO - DAG(s) dict_keys(['example_nested_branch_dag']) retrieved from /home/seva/UCU/AutomatedDataPipelines/Homework1/venv/lib/python3.10/site-packages/airflow/example_dags/example_nested_branch_dag.py
[2023-11-30T02:25:09.818+0200] {logging_mixin.py:154} INFO - [2023-11-30T02:25:09.818+0200] {dag.py:2941} INFO - Sync 1 DAGs
[2023-11-30T02:25:09.835+0200] {logging_mixin.py:154} INFO - [2023-11-30T02:25:09.835+0200] {dag.py:3722} INFO - Setting next_dagrun for example_nested_branch_dag to 2023-11-29T00:00:00+00:00, run_after=2023-11-30T00:00:00+00:00
[2023-11-30T02:25:09.858+0200] {processor.py:179} INFO - Processing /home/seva/UCU/AutomatedDataPipelines/Homework1/venv/lib/python3.10/site-packages/airflow/example_dags/example_nested_branch_dag.py took 0.071 seconds
[2023-11-30T02:25:53.567+0200] {processor.py:157} INFO - Started process (PID=4062) to work on /home/seva/UCU/AutomatedDataPipelines/Homework1/venv/lib/python3.10/site-packages/airflow/example_dags/example_nested_branch_dag.py
[2023-11-30T02:25:53.579+0200] {processor.py:829} INFO - Processing file /home/seva/UCU/AutomatedDataPipelines/Homework1/venv/lib/python3.10/site-packages/airflow/example_dags/example_nested_branch_dag.py for tasks to queue
[2023-11-30T02:25:53.580+0200] {logging_mixin.py:154} INFO - [2023-11-30T02:25:53.580+0200] {dagbag.py:536} INFO - Filling up the DagBag from /home/seva/UCU/AutomatedDataPipelines/Homework1/venv/lib/python3.10/site-packages/airflow/example_dags/example_nested_branch_dag.py
[2023-11-30T02:25:53.590+0200] {processor.py:839} INFO - DAG(s) dict_keys(['example_nested_branch_dag']) retrieved from /home/seva/UCU/AutomatedDataPipelines/Homework1/venv/lib/python3.10/site-packages/airflow/example_dags/example_nested_branch_dag.py
[2023-11-30T02:25:53.605+0200] {logging_mixin.py:154} INFO - [2023-11-30T02:25:53.605+0200] {dag.py:2941} INFO - Sync 1 DAGs
[2023-11-30T02:25:53.622+0200] {logging_mixin.py:154} INFO - [2023-11-30T02:25:53.622+0200] {dag.py:3722} INFO - Setting next_dagrun for example_nested_branch_dag to 2023-11-29T00:00:00+00:00, run_after=2023-11-30T00:00:00+00:00
[2023-11-30T02:25:53.648+0200] {processor.py:179} INFO - Processing /home/seva/UCU/AutomatedDataPipelines/Homework1/venv/lib/python3.10/site-packages/airflow/example_dags/example_nested_branch_dag.py took 0.085 seconds
[2023-11-30T02:26:38.653+0200] {processor.py:157} INFO - Started process (PID=4239) to work on /home/seva/UCU/AutomatedDataPipelines/Homework1/venv/lib/python3.10/site-packages/airflow/example_dags/example_nested_branch_dag.py
[2023-11-30T02:26:38.665+0200] {processor.py:829} INFO - Processing file /home/seva/UCU/AutomatedDataPipelines/Homework1/venv/lib/python3.10/site-packages/airflow/example_dags/example_nested_branch_dag.py for tasks to queue
[2023-11-30T02:26:38.666+0200] {logging_mixin.py:154} INFO - [2023-11-30T02:26:38.665+0200] {dagbag.py:536} INFO - Filling up the DagBag from /home/seva/UCU/AutomatedDataPipelines/Homework1/venv/lib/python3.10/site-packages/airflow/example_dags/example_nested_branch_dag.py
[2023-11-30T02:26:38.674+0200] {processor.py:839} INFO - DAG(s) dict_keys(['example_nested_branch_dag']) retrieved from /home/seva/UCU/AutomatedDataPipelines/Homework1/venv/lib/python3.10/site-packages/airflow/example_dags/example_nested_branch_dag.py
[2023-11-30T02:26:38.689+0200] {logging_mixin.py:154} INFO - [2023-11-30T02:26:38.689+0200] {dag.py:2941} INFO - Sync 1 DAGs
[2023-11-30T02:26:38.707+0200] {logging_mixin.py:154} INFO - [2023-11-30T02:26:38.706+0200] {dag.py:3722} INFO - Setting next_dagrun for example_nested_branch_dag to 2023-11-29T00:00:00+00:00, run_after=2023-11-30T00:00:00+00:00
[2023-11-30T02:26:38.731+0200] {processor.py:179} INFO - Processing /home/seva/UCU/AutomatedDataPipelines/Homework1/venv/lib/python3.10/site-packages/airflow/example_dags/example_nested_branch_dag.py took 0.081 seconds
[2023-11-30T02:27:30.152+0200] {processor.py:157} INFO - Started process (PID=4443) to work on /home/seva/UCU/AutomatedDataPipelines/Homework1/venv/lib/python3.10/site-packages/airflow/example_dags/example_nested_branch_dag.py
[2023-11-30T02:27:30.163+0200] {processor.py:829} INFO - Processing file /home/seva/UCU/AutomatedDataPipelines/Homework1/venv/lib/python3.10/site-packages/airflow/example_dags/example_nested_branch_dag.py for tasks to queue
[2023-11-30T02:27:30.165+0200] {logging_mixin.py:154} INFO - [2023-11-30T02:27:30.164+0200] {dagbag.py:536} INFO - Filling up the DagBag from /home/seva/UCU/AutomatedDataPipelines/Homework1/venv/lib/python3.10/site-packages/airflow/example_dags/example_nested_branch_dag.py
[2023-11-30T02:27:30.173+0200] {processor.py:839} INFO - DAG(s) dict_keys(['example_nested_branch_dag']) retrieved from /home/seva/UCU/AutomatedDataPipelines/Homework1/venv/lib/python3.10/site-packages/airflow/example_dags/example_nested_branch_dag.py
[2023-11-30T02:27:30.188+0200] {logging_mixin.py:154} INFO - [2023-11-30T02:27:30.188+0200] {dag.py:2941} INFO - Sync 1 DAGs
[2023-11-30T02:27:30.206+0200] {logging_mixin.py:154} INFO - [2023-11-30T02:27:30.206+0200] {dag.py:3722} INFO - Setting next_dagrun for example_nested_branch_dag to 2023-11-29T00:00:00+00:00, run_after=2023-11-30T00:00:00+00:00
[2023-11-30T02:27:30.230+0200] {processor.py:179} INFO - Processing /home/seva/UCU/AutomatedDataPipelines/Homework1/venv/lib/python3.10/site-packages/airflow/example_dags/example_nested_branch_dag.py took 0.081 seconds
[2023-11-30T02:28:17.728+0200] {processor.py:157} INFO - Started process (PID=4629) to work on /home/seva/UCU/AutomatedDataPipelines/Homework1/venv/lib/python3.10/site-packages/airflow/example_dags/example_nested_branch_dag.py
[2023-11-30T02:28:17.741+0200] {processor.py:829} INFO - Processing file /home/seva/UCU/AutomatedDataPipelines/Homework1/venv/lib/python3.10/site-packages/airflow/example_dags/example_nested_branch_dag.py for tasks to queue
[2023-11-30T02:28:17.743+0200] {logging_mixin.py:154} INFO - [2023-11-30T02:28:17.742+0200] {dagbag.py:536} INFO - Filling up the DagBag from /home/seva/UCU/AutomatedDataPipelines/Homework1/venv/lib/python3.10/site-packages/airflow/example_dags/example_nested_branch_dag.py
[2023-11-30T02:28:17.752+0200] {processor.py:839} INFO - DAG(s) dict_keys(['example_nested_branch_dag']) retrieved from /home/seva/UCU/AutomatedDataPipelines/Homework1/venv/lib/python3.10/site-packages/airflow/example_dags/example_nested_branch_dag.py
[2023-11-30T02:28:17.767+0200] {logging_mixin.py:154} INFO - [2023-11-30T02:28:17.767+0200] {dag.py:2941} INFO - Sync 1 DAGs
[2023-11-30T02:28:17.783+0200] {logging_mixin.py:154} INFO - [2023-11-30T02:28:17.783+0200] {dag.py:3722} INFO - Setting next_dagrun for example_nested_branch_dag to 2023-11-29T00:00:00+00:00, run_after=2023-11-30T00:00:00+00:00
[2023-11-30T02:28:17.821+0200] {processor.py:179} INFO - Processing /home/seva/UCU/AutomatedDataPipelines/Homework1/venv/lib/python3.10/site-packages/airflow/example_dags/example_nested_branch_dag.py took 0.096 seconds
[2023-11-30T02:29:01.656+0200] {processor.py:157} INFO - Started process (PID=4800) to work on /home/seva/UCU/AutomatedDataPipelines/Homework1/venv/lib/python3.10/site-packages/airflow/example_dags/example_nested_branch_dag.py
[2023-11-30T02:29:01.658+0200] {processor.py:829} INFO - Processing file /home/seva/UCU/AutomatedDataPipelines/Homework1/venv/lib/python3.10/site-packages/airflow/example_dags/example_nested_branch_dag.py for tasks to queue
[2023-11-30T02:29:01.659+0200] {logging_mixin.py:154} INFO - [2023-11-30T02:29:01.658+0200] {dagbag.py:536} INFO - Filling up the DagBag from /home/seva/UCU/AutomatedDataPipelines/Homework1/venv/lib/python3.10/site-packages/airflow/example_dags/example_nested_branch_dag.py
[2023-11-30T02:29:01.667+0200] {processor.py:839} INFO - DAG(s) dict_keys(['example_nested_branch_dag']) retrieved from /home/seva/UCU/AutomatedDataPipelines/Homework1/venv/lib/python3.10/site-packages/airflow/example_dags/example_nested_branch_dag.py
[2023-11-30T02:29:01.682+0200] {logging_mixin.py:154} INFO - [2023-11-30T02:29:01.681+0200] {dag.py:2941} INFO - Sync 1 DAGs
[2023-11-30T02:29:01.698+0200] {logging_mixin.py:154} INFO - [2023-11-30T02:29:01.698+0200] {dag.py:3722} INFO - Setting next_dagrun for example_nested_branch_dag to 2023-11-29T00:00:00+00:00, run_after=2023-11-30T00:00:00+00:00
[2023-11-30T02:29:01.722+0200] {processor.py:179} INFO - Processing /home/seva/UCU/AutomatedDataPipelines/Homework1/venv/lib/python3.10/site-packages/airflow/example_dags/example_nested_branch_dag.py took 0.070 seconds
[2023-11-30T02:29:46.296+0200] {processor.py:157} INFO - Started process (PID=4983) to work on /home/seva/UCU/AutomatedDataPipelines/Homework1/venv/lib/python3.10/site-packages/airflow/example_dags/example_nested_branch_dag.py
[2023-11-30T02:29:46.308+0200] {processor.py:829} INFO - Processing file /home/seva/UCU/AutomatedDataPipelines/Homework1/venv/lib/python3.10/site-packages/airflow/example_dags/example_nested_branch_dag.py for tasks to queue
[2023-11-30T02:29:46.309+0200] {logging_mixin.py:154} INFO - [2023-11-30T02:29:46.308+0200] {dagbag.py:536} INFO - Filling up the DagBag from /home/seva/UCU/AutomatedDataPipelines/Homework1/venv/lib/python3.10/site-packages/airflow/example_dags/example_nested_branch_dag.py
[2023-11-30T02:29:46.318+0200] {processor.py:839} INFO - DAG(s) dict_keys(['example_nested_branch_dag']) retrieved from /home/seva/UCU/AutomatedDataPipelines/Homework1/venv/lib/python3.10/site-packages/airflow/example_dags/example_nested_branch_dag.py
[2023-11-30T02:29:46.333+0200] {logging_mixin.py:154} INFO - [2023-11-30T02:29:46.332+0200] {dag.py:2941} INFO - Sync 1 DAGs
[2023-11-30T02:29:46.349+0200] {logging_mixin.py:154} INFO - [2023-11-30T02:29:46.349+0200] {dag.py:3722} INFO - Setting next_dagrun for example_nested_branch_dag to 2023-11-29T00:00:00+00:00, run_after=2023-11-30T00:00:00+00:00
[2023-11-30T02:29:46.373+0200] {processor.py:179} INFO - Processing /home/seva/UCU/AutomatedDataPipelines/Homework1/venv/lib/python3.10/site-packages/airflow/example_dags/example_nested_branch_dag.py took 0.080 seconds
[2023-11-30T02:30:31.520+0200] {processor.py:157} INFO - Started process (PID=5162) to work on /home/seva/UCU/AutomatedDataPipelines/Homework1/venv/lib/python3.10/site-packages/airflow/example_dags/example_nested_branch_dag.py
[2023-11-30T02:30:31.532+0200] {processor.py:829} INFO - Processing file /home/seva/UCU/AutomatedDataPipelines/Homework1/venv/lib/python3.10/site-packages/airflow/example_dags/example_nested_branch_dag.py for tasks to queue
[2023-11-30T02:30:31.533+0200] {logging_mixin.py:154} INFO - [2023-11-30T02:30:31.532+0200] {dagbag.py:536} INFO - Filling up the DagBag from /home/seva/UCU/AutomatedDataPipelines/Homework1/venv/lib/python3.10/site-packages/airflow/example_dags/example_nested_branch_dag.py
[2023-11-30T02:30:31.542+0200] {processor.py:839} INFO - DAG(s) dict_keys(['example_nested_branch_dag']) retrieved from /home/seva/UCU/AutomatedDataPipelines/Homework1/venv/lib/python3.10/site-packages/airflow/example_dags/example_nested_branch_dag.py
[2023-11-30T02:30:31.557+0200] {logging_mixin.py:154} INFO - [2023-11-30T02:30:31.556+0200] {dag.py:2941} INFO - Sync 1 DAGs
[2023-11-30T02:30:31.573+0200] {logging_mixin.py:154} INFO - [2023-11-30T02:30:31.573+0200] {dag.py:3722} INFO - Setting next_dagrun for example_nested_branch_dag to 2023-11-29T00:00:00+00:00, run_after=2023-11-30T00:00:00+00:00
[2023-11-30T02:30:31.597+0200] {processor.py:179} INFO - Processing /home/seva/UCU/AutomatedDataPipelines/Homework1/venv/lib/python3.10/site-packages/airflow/example_dags/example_nested_branch_dag.py took 0.080 seconds
[2023-11-30T02:31:18.238+0200] {processor.py:157} INFO - Started process (PID=5341) to work on /home/seva/UCU/AutomatedDataPipelines/Homework1/venv/lib/python3.10/site-packages/airflow/example_dags/example_nested_branch_dag.py
[2023-11-30T02:31:18.250+0200] {processor.py:829} INFO - Processing file /home/seva/UCU/AutomatedDataPipelines/Homework1/venv/lib/python3.10/site-packages/airflow/example_dags/example_nested_branch_dag.py for tasks to queue
[2023-11-30T02:31:18.252+0200] {logging_mixin.py:154} INFO - [2023-11-30T02:31:18.251+0200] {dagbag.py:536} INFO - Filling up the DagBag from /home/seva/UCU/AutomatedDataPipelines/Homework1/venv/lib/python3.10/site-packages/airflow/example_dags/example_nested_branch_dag.py
[2023-11-30T02:31:18.261+0200] {processor.py:839} INFO - DAG(s) dict_keys(['example_nested_branch_dag']) retrieved from /home/seva/UCU/AutomatedDataPipelines/Homework1/venv/lib/python3.10/site-packages/airflow/example_dags/example_nested_branch_dag.py
[2023-11-30T02:31:18.276+0200] {logging_mixin.py:154} INFO - [2023-11-30T02:31:18.275+0200] {dag.py:2941} INFO - Sync 1 DAGs
[2023-11-30T02:31:18.291+0200] {logging_mixin.py:154} INFO - [2023-11-30T02:31:18.291+0200] {dag.py:3722} INFO - Setting next_dagrun for example_nested_branch_dag to 2023-11-29T00:00:00+00:00, run_after=2023-11-30T00:00:00+00:00
[2023-11-30T02:31:18.327+0200] {processor.py:179} INFO - Processing /home/seva/UCU/AutomatedDataPipelines/Homework1/venv/lib/python3.10/site-packages/airflow/example_dags/example_nested_branch_dag.py took 0.092 seconds
[2023-11-30T02:32:01.433+0200] {processor.py:157} INFO - Started process (PID=5515) to work on /home/seva/UCU/AutomatedDataPipelines/Homework1/venv/lib/python3.10/site-packages/airflow/example_dags/example_nested_branch_dag.py
[2023-11-30T02:32:01.445+0200] {processor.py:829} INFO - Processing file /home/seva/UCU/AutomatedDataPipelines/Homework1/venv/lib/python3.10/site-packages/airflow/example_dags/example_nested_branch_dag.py for tasks to queue
[2023-11-30T02:32:01.446+0200] {logging_mixin.py:154} INFO - [2023-11-30T02:32:01.446+0200] {dagbag.py:536} INFO - Filling up the DagBag from /home/seva/UCU/AutomatedDataPipelines/Homework1/venv/lib/python3.10/site-packages/airflow/example_dags/example_nested_branch_dag.py
[2023-11-30T02:32:01.460+0200] {processor.py:839} INFO - DAG(s) dict_keys(['example_nested_branch_dag']) retrieved from /home/seva/UCU/AutomatedDataPipelines/Homework1/venv/lib/python3.10/site-packages/airflow/example_dags/example_nested_branch_dag.py
[2023-11-30T02:32:01.480+0200] {logging_mixin.py:154} INFO - [2023-11-30T02:32:01.480+0200] {dag.py:2941} INFO - Sync 1 DAGs
[2023-11-30T02:32:01.502+0200] {logging_mixin.py:154} INFO - [2023-11-30T02:32:01.501+0200] {dag.py:3722} INFO - Setting next_dagrun for example_nested_branch_dag to 2023-11-29T00:00:00+00:00, run_after=2023-11-30T00:00:00+00:00
[2023-11-30T02:32:01.528+0200] {processor.py:179} INFO - Processing /home/seva/UCU/AutomatedDataPipelines/Homework1/venv/lib/python3.10/site-packages/airflow/example_dags/example_nested_branch_dag.py took 0.100 seconds
[2023-11-30T02:32:46.620+0200] {processor.py:157} INFO - Started process (PID=5721) to work on /home/seva/UCU/AutomatedDataPipelines/Homework1/venv/lib/python3.10/site-packages/airflow/example_dags/example_nested_branch_dag.py
[2023-11-30T02:32:46.633+0200] {processor.py:829} INFO - Processing file /home/seva/UCU/AutomatedDataPipelines/Homework1/venv/lib/python3.10/site-packages/airflow/example_dags/example_nested_branch_dag.py for tasks to queue
[2023-11-30T02:32:46.634+0200] {logging_mixin.py:154} INFO - [2023-11-30T02:32:46.633+0200] {dagbag.py:536} INFO - Filling up the DagBag from /home/seva/UCU/AutomatedDataPipelines/Homework1/venv/lib/python3.10/site-packages/airflow/example_dags/example_nested_branch_dag.py
[2023-11-30T02:32:46.643+0200] {processor.py:839} INFO - DAG(s) dict_keys(['example_nested_branch_dag']) retrieved from /home/seva/UCU/AutomatedDataPipelines/Homework1/venv/lib/python3.10/site-packages/airflow/example_dags/example_nested_branch_dag.py
[2023-11-30T02:32:46.657+0200] {logging_mixin.py:154} INFO - [2023-11-30T02:32:46.657+0200] {dag.py:2941} INFO - Sync 1 DAGs
[2023-11-30T02:32:46.674+0200] {logging_mixin.py:154} INFO - [2023-11-30T02:32:46.674+0200] {dag.py:3722} INFO - Setting next_dagrun for example_nested_branch_dag to 2023-11-29T00:00:00+00:00, run_after=2023-11-30T00:00:00+00:00
[2023-11-30T02:32:46.698+0200] {processor.py:179} INFO - Processing /home/seva/UCU/AutomatedDataPipelines/Homework1/venv/lib/python3.10/site-packages/airflow/example_dags/example_nested_branch_dag.py took 0.080 seconds
[2023-11-30T02:33:34.084+0200] {processor.py:157} INFO - Started process (PID=5907) to work on /home/seva/UCU/AutomatedDataPipelines/Homework1/venv/lib/python3.10/site-packages/airflow/example_dags/example_nested_branch_dag.py
[2023-11-30T02:33:34.096+0200] {processor.py:829} INFO - Processing file /home/seva/UCU/AutomatedDataPipelines/Homework1/venv/lib/python3.10/site-packages/airflow/example_dags/example_nested_branch_dag.py for tasks to queue
[2023-11-30T02:33:34.097+0200] {logging_mixin.py:154} INFO - [2023-11-30T02:33:34.097+0200] {dagbag.py:536} INFO - Filling up the DagBag from /home/seva/UCU/AutomatedDataPipelines/Homework1/venv/lib/python3.10/site-packages/airflow/example_dags/example_nested_branch_dag.py
[2023-11-30T02:33:34.106+0200] {processor.py:839} INFO - DAG(s) dict_keys(['example_nested_branch_dag']) retrieved from /home/seva/UCU/AutomatedDataPipelines/Homework1/venv/lib/python3.10/site-packages/airflow/example_dags/example_nested_branch_dag.py
[2023-11-30T02:33:34.122+0200] {logging_mixin.py:154} INFO - [2023-11-30T02:33:34.122+0200] {dag.py:2941} INFO - Sync 1 DAGs
[2023-11-30T02:33:34.140+0200] {logging_mixin.py:154} INFO - [2023-11-30T02:33:34.140+0200] {dag.py:3722} INFO - Setting next_dagrun for example_nested_branch_dag to 2023-11-29T00:00:00+00:00, run_after=2023-11-30T00:00:00+00:00
[2023-11-30T02:33:34.165+0200] {processor.py:179} INFO - Processing /home/seva/UCU/AutomatedDataPipelines/Homework1/venv/lib/python3.10/site-packages/airflow/example_dags/example_nested_branch_dag.py took 0.084 seconds
[2023-11-30T02:34:21.366+0200] {processor.py:157} INFO - Started process (PID=6098) to work on /home/seva/UCU/AutomatedDataPipelines/Homework1/venv/lib/python3.10/site-packages/airflow/example_dags/example_nested_branch_dag.py
[2023-11-30T02:34:21.378+0200] {processor.py:829} INFO - Processing file /home/seva/UCU/AutomatedDataPipelines/Homework1/venv/lib/python3.10/site-packages/airflow/example_dags/example_nested_branch_dag.py for tasks to queue
[2023-11-30T02:34:21.380+0200] {logging_mixin.py:154} INFO - [2023-11-30T02:34:21.379+0200] {dagbag.py:536} INFO - Filling up the DagBag from /home/seva/UCU/AutomatedDataPipelines/Homework1/venv/lib/python3.10/site-packages/airflow/example_dags/example_nested_branch_dag.py
[2023-11-30T02:34:21.395+0200] {processor.py:839} INFO - DAG(s) dict_keys(['example_nested_branch_dag']) retrieved from /home/seva/UCU/AutomatedDataPipelines/Homework1/venv/lib/python3.10/site-packages/airflow/example_dags/example_nested_branch_dag.py
[2023-11-30T02:34:21.415+0200] {logging_mixin.py:154} INFO - [2023-11-30T02:34:21.414+0200] {dag.py:2941} INFO - Sync 1 DAGs
[2023-11-30T02:34:21.439+0200] {logging_mixin.py:154} INFO - [2023-11-30T02:34:21.439+0200] {dag.py:3722} INFO - Setting next_dagrun for example_nested_branch_dag to 2023-11-29T00:00:00+00:00, run_after=2023-11-30T00:00:00+00:00
[2023-11-30T02:34:21.470+0200] {processor.py:179} INFO - Processing /home/seva/UCU/AutomatedDataPipelines/Homework1/venv/lib/python3.10/site-packages/airflow/example_dags/example_nested_branch_dag.py took 0.108 seconds
[2023-11-30T02:35:12.100+0200] {processor.py:157} INFO - Started process (PID=6296) to work on /home/seva/UCU/AutomatedDataPipelines/Homework1/venv/lib/python3.10/site-packages/airflow/example_dags/example_nested_branch_dag.py
[2023-11-30T02:35:12.113+0200] {processor.py:829} INFO - Processing file /home/seva/UCU/AutomatedDataPipelines/Homework1/venv/lib/python3.10/site-packages/airflow/example_dags/example_nested_branch_dag.py for tasks to queue
[2023-11-30T02:35:12.115+0200] {logging_mixin.py:154} INFO - [2023-11-30T02:35:12.115+0200] {dagbag.py:536} INFO - Filling up the DagBag from /home/seva/UCU/AutomatedDataPipelines/Homework1/venv/lib/python3.10/site-packages/airflow/example_dags/example_nested_branch_dag.py
[2023-11-30T02:35:12.130+0200] {processor.py:839} INFO - DAG(s) dict_keys(['example_nested_branch_dag']) retrieved from /home/seva/UCU/AutomatedDataPipelines/Homework1/venv/lib/python3.10/site-packages/airflow/example_dags/example_nested_branch_dag.py
[2023-11-30T02:35:12.164+0200] {logging_mixin.py:154} INFO - [2023-11-30T02:35:12.164+0200] {dag.py:2941} INFO - Sync 1 DAGs
[2023-11-30T02:35:12.217+0200] {logging_mixin.py:154} INFO - [2023-11-30T02:35:12.217+0200] {dag.py:3722} INFO - Setting next_dagrun for example_nested_branch_dag to 2023-11-29T00:00:00+00:00, run_after=2023-11-30T00:00:00+00:00
[2023-11-30T02:35:12.247+0200] {processor.py:179} INFO - Processing /home/seva/UCU/AutomatedDataPipelines/Homework1/venv/lib/python3.10/site-packages/airflow/example_dags/example_nested_branch_dag.py took 0.152 seconds
[2023-11-30T02:35:56.188+0200] {processor.py:157} INFO - Started process (PID=6475) to work on /home/seva/UCU/AutomatedDataPipelines/Homework1/venv/lib/python3.10/site-packages/airflow/example_dags/example_nested_branch_dag.py
[2023-11-30T02:35:56.190+0200] {processor.py:829} INFO - Processing file /home/seva/UCU/AutomatedDataPipelines/Homework1/venv/lib/python3.10/site-packages/airflow/example_dags/example_nested_branch_dag.py for tasks to queue
[2023-11-30T02:35:56.191+0200] {logging_mixin.py:154} INFO - [2023-11-30T02:35:56.190+0200] {dagbag.py:536} INFO - Filling up the DagBag from /home/seva/UCU/AutomatedDataPipelines/Homework1/venv/lib/python3.10/site-packages/airflow/example_dags/example_nested_branch_dag.py
[2023-11-30T02:35:56.202+0200] {processor.py:839} INFO - DAG(s) dict_keys(['example_nested_branch_dag']) retrieved from /home/seva/UCU/AutomatedDataPipelines/Homework1/venv/lib/python3.10/site-packages/airflow/example_dags/example_nested_branch_dag.py
[2023-11-30T02:35:56.219+0200] {logging_mixin.py:154} INFO - [2023-11-30T02:35:56.218+0200] {dag.py:2941} INFO - Sync 1 DAGs
[2023-11-30T02:35:56.238+0200] {logging_mixin.py:154} INFO - [2023-11-30T02:35:56.237+0200] {dag.py:3722} INFO - Setting next_dagrun for example_nested_branch_dag to 2023-11-29T00:00:00+00:00, run_after=2023-11-30T00:00:00+00:00
[2023-11-30T02:35:56.266+0200] {processor.py:179} INFO - Processing /home/seva/UCU/AutomatedDataPipelines/Homework1/venv/lib/python3.10/site-packages/airflow/example_dags/example_nested_branch_dag.py took 0.081 seconds
[2023-11-30T02:36:43.158+0200] {processor.py:157} INFO - Started process (PID=6660) to work on /home/seva/UCU/AutomatedDataPipelines/Homework1/venv/lib/python3.10/site-packages/airflow/example_dags/example_nested_branch_dag.py
[2023-11-30T02:36:43.170+0200] {processor.py:829} INFO - Processing file /home/seva/UCU/AutomatedDataPipelines/Homework1/venv/lib/python3.10/site-packages/airflow/example_dags/example_nested_branch_dag.py for tasks to queue
[2023-11-30T02:36:43.171+0200] {logging_mixin.py:154} INFO - [2023-11-30T02:36:43.171+0200] {dagbag.py:536} INFO - Filling up the DagBag from /home/seva/UCU/AutomatedDataPipelines/Homework1/venv/lib/python3.10/site-packages/airflow/example_dags/example_nested_branch_dag.py
[2023-11-30T02:36:43.181+0200] {processor.py:839} INFO - DAG(s) dict_keys(['example_nested_branch_dag']) retrieved from /home/seva/UCU/AutomatedDataPipelines/Homework1/venv/lib/python3.10/site-packages/airflow/example_dags/example_nested_branch_dag.py
[2023-11-30T02:36:43.199+0200] {logging_mixin.py:154} INFO - [2023-11-30T02:36:43.199+0200] {dag.py:2941} INFO - Sync 1 DAGs
[2023-11-30T02:36:43.219+0200] {logging_mixin.py:154} INFO - [2023-11-30T02:36:43.218+0200] {dag.py:3722} INFO - Setting next_dagrun for example_nested_branch_dag to 2023-11-29T00:00:00+00:00, run_after=2023-11-30T00:00:00+00:00
[2023-11-30T02:36:43.247+0200] {processor.py:179} INFO - Processing /home/seva/UCU/AutomatedDataPipelines/Homework1/venv/lib/python3.10/site-packages/airflow/example_dags/example_nested_branch_dag.py took 0.092 seconds
[2023-11-30T02:37:32.008+0200] {processor.py:157} INFO - Started process (PID=6852) to work on /home/seva/UCU/AutomatedDataPipelines/Homework1/venv/lib/python3.10/site-packages/airflow/example_dags/example_nested_branch_dag.py
[2023-11-30T02:37:32.011+0200] {processor.py:829} INFO - Processing file /home/seva/UCU/AutomatedDataPipelines/Homework1/venv/lib/python3.10/site-packages/airflow/example_dags/example_nested_branch_dag.py for tasks to queue
[2023-11-30T02:37:32.012+0200] {logging_mixin.py:154} INFO - [2023-11-30T02:37:32.011+0200] {dagbag.py:536} INFO - Filling up the DagBag from /home/seva/UCU/AutomatedDataPipelines/Homework1/venv/lib/python3.10/site-packages/airflow/example_dags/example_nested_branch_dag.py
[2023-11-30T02:37:32.024+0200] {processor.py:839} INFO - DAG(s) dict_keys(['example_nested_branch_dag']) retrieved from /home/seva/UCU/AutomatedDataPipelines/Homework1/venv/lib/python3.10/site-packages/airflow/example_dags/example_nested_branch_dag.py
[2023-11-30T02:37:32.041+0200] {logging_mixin.py:154} INFO - [2023-11-30T02:37:32.040+0200] {dag.py:2941} INFO - Sync 1 DAGs
[2023-11-30T02:37:32.059+0200] {logging_mixin.py:154} INFO - [2023-11-30T02:37:32.059+0200] {dag.py:3722} INFO - Setting next_dagrun for example_nested_branch_dag to 2023-11-29T00:00:00+00:00, run_after=2023-11-30T00:00:00+00:00
[2023-11-30T02:37:32.083+0200] {processor.py:179} INFO - Processing /home/seva/UCU/AutomatedDataPipelines/Homework1/venv/lib/python3.10/site-packages/airflow/example_dags/example_nested_branch_dag.py took 0.077 seconds
[2023-11-30T02:38:23.655+0200] {processor.py:157} INFO - Started process (PID=7161) to work on /home/seva/UCU/AutomatedDataPipelines/Homework1/venv/lib/python3.10/site-packages/airflow/example_dags/example_nested_branch_dag.py
[2023-11-30T02:38:23.667+0200] {processor.py:829} INFO - Processing file /home/seva/UCU/AutomatedDataPipelines/Homework1/venv/lib/python3.10/site-packages/airflow/example_dags/example_nested_branch_dag.py for tasks to queue
[2023-11-30T02:38:23.668+0200] {logging_mixin.py:154} INFO - [2023-11-30T02:38:23.667+0200] {dagbag.py:536} INFO - Filling up the DagBag from /home/seva/UCU/AutomatedDataPipelines/Homework1/venv/lib/python3.10/site-packages/airflow/example_dags/example_nested_branch_dag.py
[2023-11-30T02:38:23.680+0200] {processor.py:839} INFO - DAG(s) dict_keys(['example_nested_branch_dag']) retrieved from /home/seva/UCU/AutomatedDataPipelines/Homework1/venv/lib/python3.10/site-packages/airflow/example_dags/example_nested_branch_dag.py
[2023-11-30T02:38:23.702+0200] {logging_mixin.py:154} INFO - [2023-11-30T02:38:23.701+0200] {dag.py:2941} INFO - Sync 1 DAGs
[2023-11-30T02:38:23.727+0200] {logging_mixin.py:154} INFO - [2023-11-30T02:38:23.727+0200] {dag.py:3722} INFO - Setting next_dagrun for example_nested_branch_dag to 2023-11-29T00:00:00+00:00, run_after=2023-11-30T00:00:00+00:00
[2023-11-30T02:38:23.754+0200] {processor.py:179} INFO - Processing /home/seva/UCU/AutomatedDataPipelines/Homework1/venv/lib/python3.10/site-packages/airflow/example_dags/example_nested_branch_dag.py took 0.103 seconds
