[2023-11-30T02:13:36.093+0200] {processor.py:157} INFO - Started process (PID=1206) to work on /home/seva/UCU/AutomatedDataPipelines/Homework1/venv/lib/python3.10/site-packages/airflow/example_dags/example_datasets.py
[2023-11-30T02:13:36.094+0200] {processor.py:829} INFO - Processing file /home/seva/UCU/AutomatedDataPipelines/Homework1/venv/lib/python3.10/site-packages/airflow/example_dags/example_datasets.py for tasks to queue
[2023-11-30T02:13:36.095+0200] {logging_mixin.py:154} INFO - [2023-11-30T02:13:36.094+0200] {dagbag.py:536} INFO - Filling up the DagBag from /home/seva/UCU/AutomatedDataPipelines/Homework1/venv/lib/python3.10/site-packages/airflow/example_dags/example_datasets.py
[2023-11-30T02:13:36.106+0200] {processor.py:839} INFO - DAG(s) dict_keys(['dataset_produces_2', 'dataset_produces_1', 'dataset_consumes_1', 'dataset_consumes_1_never_scheduled', 'dataset_consumes_unknown_never_scheduled', 'dataset_consumes_1_and_2']) retrieved from /home/seva/UCU/AutomatedDataPipelines/Homework1/venv/lib/python3.10/site-packages/airflow/example_dags/example_datasets.py
[2023-11-30T02:13:36.203+0200] {logging_mixin.py:154} INFO - [2023-11-30T02:13:36.202+0200] {manager.py:499} INFO - Created Permission View: %s
[2023-11-30T02:13:36.221+0200] {logging_mixin.py:154} INFO - [2023-11-30T02:13:36.220+0200] {manager.py:499} INFO - Created Permission View: %s
[2023-11-30T02:13:36.236+0200] {logging_mixin.py:154} INFO - [2023-11-30T02:13:36.235+0200] {manager.py:499} INFO - Created Permission View: %s
[2023-11-30T02:13:36.263+0200] {logging_mixin.py:154} INFO - [2023-11-30T02:13:36.263+0200] {manager.py:499} INFO - Created Permission View: %s
[2023-11-30T02:13:36.277+0200] {logging_mixin.py:154} INFO - [2023-11-30T02:13:36.277+0200] {manager.py:499} INFO - Created Permission View: %s
[2023-11-30T02:13:36.291+0200] {logging_mixin.py:154} INFO - [2023-11-30T02:13:36.291+0200] {manager.py:499} INFO - Created Permission View: %s
[2023-11-30T02:13:36.325+0200] {logging_mixin.py:154} INFO - [2023-11-30T02:13:36.324+0200] {manager.py:499} INFO - Created Permission View: %s
[2023-11-30T02:13:36.345+0200] {logging_mixin.py:154} INFO - [2023-11-30T02:13:36.345+0200] {manager.py:499} INFO - Created Permission View: %s
[2023-11-30T02:13:36.361+0200] {logging_mixin.py:154} INFO - [2023-11-30T02:13:36.360+0200] {manager.py:499} INFO - Created Permission View: %s
[2023-11-30T02:13:36.400+0200] {logging_mixin.py:154} INFO - [2023-11-30T02:13:36.399+0200] {manager.py:499} INFO - Created Permission View: %s
[2023-11-30T02:13:36.416+0200] {logging_mixin.py:154} INFO - [2023-11-30T02:13:36.415+0200] {manager.py:499} INFO - Created Permission View: %s
[2023-11-30T02:13:36.431+0200] {logging_mixin.py:154} INFO - [2023-11-30T02:13:36.431+0200] {manager.py:499} INFO - Created Permission View: %s
[2023-11-30T02:13:36.467+0200] {logging_mixin.py:154} INFO - [2023-11-30T02:13:36.466+0200] {manager.py:499} INFO - Created Permission View: %s
[2023-11-30T02:13:36.481+0200] {logging_mixin.py:154} INFO - [2023-11-30T02:13:36.480+0200] {manager.py:499} INFO - Created Permission View: %s
[2023-11-30T02:13:36.495+0200] {logging_mixin.py:154} INFO - [2023-11-30T02:13:36.495+0200] {manager.py:499} INFO - Created Permission View: %s
[2023-11-30T02:13:36.528+0200] {logging_mixin.py:154} INFO - [2023-11-30T02:13:36.528+0200] {manager.py:499} INFO - Created Permission View: %s
[2023-11-30T02:13:36.544+0200] {logging_mixin.py:154} INFO - [2023-11-30T02:13:36.544+0200] {manager.py:499} INFO - Created Permission View: %s
[2023-11-30T02:13:36.558+0200] {logging_mixin.py:154} INFO - [2023-11-30T02:13:36.558+0200] {manager.py:499} INFO - Created Permission View: %s
[2023-11-30T02:13:36.559+0200] {logging_mixin.py:154} INFO - [2023-11-30T02:13:36.559+0200] {dag.py:2941} INFO - Sync 6 DAGs
[2023-11-30T02:13:36.568+0200] {logging_mixin.py:154} INFO - [2023-11-30T02:13:36.568+0200] {dag.py:2963} INFO - Creating ORM DAG for dataset_consumes_1_never_scheduled
[2023-11-30T02:13:36.568+0200] {logging_mixin.py:154} INFO - [2023-11-30T02:13:36.568+0200] {dag.py:2963} INFO - Creating ORM DAG for dataset_consumes_1
[2023-11-30T02:13:36.569+0200] {logging_mixin.py:154} INFO - [2023-11-30T02:13:36.569+0200] {dag.py:2963} INFO - Creating ORM DAG for dataset_produces_1
[2023-11-30T02:13:36.569+0200] {logging_mixin.py:154} INFO - [2023-11-30T02:13:36.569+0200] {dag.py:2963} INFO - Creating ORM DAG for dataset_produces_2
[2023-11-30T02:13:36.570+0200] {logging_mixin.py:154} INFO - [2023-11-30T02:13:36.569+0200] {dag.py:2963} INFO - Creating ORM DAG for dataset_consumes_1_and_2
[2023-11-30T02:13:36.570+0200] {logging_mixin.py:154} INFO - [2023-11-30T02:13:36.570+0200] {dag.py:2963} INFO - Creating ORM DAG for dataset_consumes_unknown_never_scheduled
[2023-11-30T02:13:36.577+0200] {logging_mixin.py:154} INFO - [2023-11-30T02:13:36.576+0200] {dag.py:3722} INFO - Setting next_dagrun for dataset_consumes_1 to None, run_after=None
[2023-11-30T02:13:36.577+0200] {logging_mixin.py:154} INFO - [2023-11-30T02:13:36.577+0200] {dag.py:3722} INFO - Setting next_dagrun for dataset_consumes_1_and_2 to None, run_after=None
[2023-11-30T02:13:36.577+0200] {logging_mixin.py:154} INFO - [2023-11-30T02:13:36.577+0200] {dag.py:3722} INFO - Setting next_dagrun for dataset_consumes_1_never_scheduled to None, run_after=None
[2023-11-30T02:13:36.578+0200] {logging_mixin.py:154} INFO - [2023-11-30T02:13:36.578+0200] {dag.py:3722} INFO - Setting next_dagrun for dataset_consumes_unknown_never_scheduled to None, run_after=None
[2023-11-30T02:13:36.580+0200] {logging_mixin.py:154} INFO - [2023-11-30T02:13:36.580+0200] {dag.py:3722} INFO - Setting next_dagrun for dataset_produces_1 to 2023-11-29T00:00:00+00:00, run_after=2023-11-30T00:00:00+00:00
[2023-11-30T02:13:36.580+0200] {logging_mixin.py:154} INFO - [2023-11-30T02:13:36.580+0200] {dag.py:3722} INFO - Setting next_dagrun for dataset_produces_2 to None, run_after=None
[2023-11-30T02:13:36.617+0200] {processor.py:179} INFO - Processing /home/seva/UCU/AutomatedDataPipelines/Homework1/venv/lib/python3.10/site-packages/airflow/example_dags/example_datasets.py took 0.528 seconds
[2023-11-30T02:14:24.232+0200] {processor.py:157} INFO - Started process (PID=1350) to work on /home/seva/UCU/AutomatedDataPipelines/Homework1/venv/lib/python3.10/site-packages/airflow/example_dags/example_datasets.py
[2023-11-30T02:14:24.244+0200] {processor.py:829} INFO - Processing file /home/seva/UCU/AutomatedDataPipelines/Homework1/venv/lib/python3.10/site-packages/airflow/example_dags/example_datasets.py for tasks to queue
[2023-11-30T02:14:24.245+0200] {logging_mixin.py:154} INFO - [2023-11-30T02:14:24.244+0200] {dagbag.py:536} INFO - Filling up the DagBag from /home/seva/UCU/AutomatedDataPipelines/Homework1/venv/lib/python3.10/site-packages/airflow/example_dags/example_datasets.py
[2023-11-30T02:14:24.255+0200] {processor.py:839} INFO - DAG(s) dict_keys(['dataset_consumes_1', 'dataset_consumes_1_and_2', 'dataset_consumes_1_never_scheduled', 'dataset_consumes_unknown_never_scheduled', 'dataset_produces_1', 'dataset_produces_2']) retrieved from /home/seva/UCU/AutomatedDataPipelines/Homework1/venv/lib/python3.10/site-packages/airflow/example_dags/example_datasets.py
[2023-11-30T02:14:24.279+0200] {logging_mixin.py:154} INFO - [2023-11-30T02:14:24.279+0200] {dag.py:2941} INFO - Sync 6 DAGs
[2023-11-30T02:14:24.297+0200] {logging_mixin.py:154} INFO - [2023-11-30T02:14:24.297+0200] {dag.py:3722} INFO - Setting next_dagrun for dataset_consumes_1 to None, run_after=None
[2023-11-30T02:14:24.299+0200] {logging_mixin.py:154} INFO - [2023-11-30T02:14:24.299+0200] {dag.py:3722} INFO - Setting next_dagrun for dataset_consumes_1_and_2 to None, run_after=None
[2023-11-30T02:14:24.300+0200] {logging_mixin.py:154} INFO - [2023-11-30T02:14:24.300+0200] {dag.py:3722} INFO - Setting next_dagrun for dataset_consumes_1_never_scheduled to None, run_after=None
[2023-11-30T02:14:24.301+0200] {logging_mixin.py:154} INFO - [2023-11-30T02:14:24.301+0200] {dag.py:3722} INFO - Setting next_dagrun for dataset_consumes_unknown_never_scheduled to None, run_after=None
[2023-11-30T02:14:24.303+0200] {logging_mixin.py:154} INFO - [2023-11-30T02:14:24.303+0200] {dag.py:3722} INFO - Setting next_dagrun for dataset_produces_1 to 2023-11-29T00:00:00+00:00, run_after=2023-11-30T00:00:00+00:00
[2023-11-30T02:14:24.304+0200] {logging_mixin.py:154} INFO - [2023-11-30T02:14:24.304+0200] {dag.py:3722} INFO - Setting next_dagrun for dataset_produces_2 to None, run_after=None
[2023-11-30T02:14:24.337+0200] {processor.py:179} INFO - Processing /home/seva/UCU/AutomatedDataPipelines/Homework1/venv/lib/python3.10/site-packages/airflow/example_dags/example_datasets.py took 0.109 seconds
[2023-11-30T02:15:11.255+0200] {processor.py:157} INFO - Started process (PID=1518) to work on /home/seva/UCU/AutomatedDataPipelines/Homework1/venv/lib/python3.10/site-packages/airflow/example_dags/example_datasets.py
[2023-11-30T02:15:11.258+0200] {processor.py:829} INFO - Processing file /home/seva/UCU/AutomatedDataPipelines/Homework1/venv/lib/python3.10/site-packages/airflow/example_dags/example_datasets.py for tasks to queue
[2023-11-30T02:15:11.259+0200] {logging_mixin.py:154} INFO - [2023-11-30T02:15:11.258+0200] {dagbag.py:536} INFO - Filling up the DagBag from /home/seva/UCU/AutomatedDataPipelines/Homework1/venv/lib/python3.10/site-packages/airflow/example_dags/example_datasets.py
[2023-11-30T02:15:11.267+0200] {processor.py:839} INFO - DAG(s) dict_keys(['dataset_consumes_1_never_scheduled', 'dataset_consumes_unknown_never_scheduled', 'dataset_consumes_1', 'dataset_produces_2', 'dataset_consumes_1_and_2', 'dataset_produces_1']) retrieved from /home/seva/UCU/AutomatedDataPipelines/Homework1/venv/lib/python3.10/site-packages/airflow/example_dags/example_datasets.py
[2023-11-30T02:15:11.291+0200] {logging_mixin.py:154} INFO - [2023-11-30T02:15:11.291+0200] {dag.py:2941} INFO - Sync 6 DAGs
[2023-11-30T02:15:11.308+0200] {logging_mixin.py:154} INFO - [2023-11-30T02:15:11.307+0200] {dag.py:3722} INFO - Setting next_dagrun for dataset_consumes_1 to None, run_after=None
[2023-11-30T02:15:11.310+0200] {logging_mixin.py:154} INFO - [2023-11-30T02:15:11.310+0200] {dag.py:3722} INFO - Setting next_dagrun for dataset_consumes_1_and_2 to None, run_after=None
[2023-11-30T02:15:11.311+0200] {logging_mixin.py:154} INFO - [2023-11-30T02:15:11.311+0200] {dag.py:3722} INFO - Setting next_dagrun for dataset_consumes_1_never_scheduled to None, run_after=None
[2023-11-30T02:15:11.312+0200] {logging_mixin.py:154} INFO - [2023-11-30T02:15:11.312+0200] {dag.py:3722} INFO - Setting next_dagrun for dataset_consumes_unknown_never_scheduled to None, run_after=None
[2023-11-30T02:15:11.314+0200] {logging_mixin.py:154} INFO - [2023-11-30T02:15:11.314+0200] {dag.py:3722} INFO - Setting next_dagrun for dataset_produces_1 to 2023-11-29T00:00:00+00:00, run_after=2023-11-30T00:00:00+00:00
[2023-11-30T02:15:11.314+0200] {logging_mixin.py:154} INFO - [2023-11-30T02:15:11.314+0200] {dag.py:3722} INFO - Setting next_dagrun for dataset_produces_2 to None, run_after=None
[2023-11-30T02:15:11.343+0200] {processor.py:179} INFO - Processing /home/seva/UCU/AutomatedDataPipelines/Homework1/venv/lib/python3.10/site-packages/airflow/example_dags/example_datasets.py took 0.091 seconds
[2023-11-30T02:15:54.396+0200] {processor.py:157} INFO - Started process (PID=1684) to work on /home/seva/UCU/AutomatedDataPipelines/Homework1/venv/lib/python3.10/site-packages/airflow/example_dags/example_datasets.py
[2023-11-30T02:15:54.408+0200] {processor.py:829} INFO - Processing file /home/seva/UCU/AutomatedDataPipelines/Homework1/venv/lib/python3.10/site-packages/airflow/example_dags/example_datasets.py for tasks to queue
[2023-11-30T02:15:54.409+0200] {logging_mixin.py:154} INFO - [2023-11-30T02:15:54.409+0200] {dagbag.py:536} INFO - Filling up the DagBag from /home/seva/UCU/AutomatedDataPipelines/Homework1/venv/lib/python3.10/site-packages/airflow/example_dags/example_datasets.py
[2023-11-30T02:15:54.417+0200] {processor.py:839} INFO - DAG(s) dict_keys(['dataset_consumes_1', 'dataset_produces_1', 'dataset_consumes_1_never_scheduled', 'dataset_consumes_1_and_2', 'dataset_consumes_unknown_never_scheduled', 'dataset_produces_2']) retrieved from /home/seva/UCU/AutomatedDataPipelines/Homework1/venv/lib/python3.10/site-packages/airflow/example_dags/example_datasets.py
[2023-11-30T02:15:54.439+0200] {logging_mixin.py:154} INFO - [2023-11-30T02:15:54.439+0200] {dag.py:2941} INFO - Sync 6 DAGs
[2023-11-30T02:15:54.456+0200] {logging_mixin.py:154} INFO - [2023-11-30T02:15:54.456+0200] {dag.py:3722} INFO - Setting next_dagrun for dataset_consumes_1 to None, run_after=None
[2023-11-30T02:15:54.458+0200] {logging_mixin.py:154} INFO - [2023-11-30T02:15:54.458+0200] {dag.py:3722} INFO - Setting next_dagrun for dataset_consumes_1_and_2 to None, run_after=None
[2023-11-30T02:15:54.459+0200] {logging_mixin.py:154} INFO - [2023-11-30T02:15:54.459+0200] {dag.py:3722} INFO - Setting next_dagrun for dataset_consumes_1_never_scheduled to None, run_after=None
[2023-11-30T02:15:54.460+0200] {logging_mixin.py:154} INFO - [2023-11-30T02:15:54.460+0200] {dag.py:3722} INFO - Setting next_dagrun for dataset_consumes_unknown_never_scheduled to None, run_after=None
[2023-11-30T02:15:54.462+0200] {logging_mixin.py:154} INFO - [2023-11-30T02:15:54.462+0200] {dag.py:3722} INFO - Setting next_dagrun for dataset_produces_1 to 2023-11-29T00:00:00+00:00, run_after=2023-11-30T00:00:00+00:00
[2023-11-30T02:15:54.463+0200] {logging_mixin.py:154} INFO - [2023-11-30T02:15:54.463+0200] {dag.py:3722} INFO - Setting next_dagrun for dataset_produces_2 to None, run_after=None
[2023-11-30T02:15:54.495+0200] {processor.py:179} INFO - Processing /home/seva/UCU/AutomatedDataPipelines/Homework1/venv/lib/python3.10/site-packages/airflow/example_dags/example_datasets.py took 0.102 seconds
[2023-11-30T02:16:43.344+0200] {processor.py:157} INFO - Started process (PID=1879) to work on /home/seva/UCU/AutomatedDataPipelines/Homework1/venv/lib/python3.10/site-packages/airflow/example_dags/example_datasets.py
[2023-11-30T02:16:43.356+0200] {processor.py:829} INFO - Processing file /home/seva/UCU/AutomatedDataPipelines/Homework1/venv/lib/python3.10/site-packages/airflow/example_dags/example_datasets.py for tasks to queue
[2023-11-30T02:16:43.357+0200] {logging_mixin.py:154} INFO - [2023-11-30T02:16:43.357+0200] {dagbag.py:536} INFO - Filling up the DagBag from /home/seva/UCU/AutomatedDataPipelines/Homework1/venv/lib/python3.10/site-packages/airflow/example_dags/example_datasets.py
[2023-11-30T02:16:43.366+0200] {processor.py:839} INFO - DAG(s) dict_keys(['dataset_consumes_1', 'dataset_consumes_1_and_2', 'dataset_produces_1', 'dataset_consumes_1_never_scheduled', 'dataset_produces_2', 'dataset_consumes_unknown_never_scheduled']) retrieved from /home/seva/UCU/AutomatedDataPipelines/Homework1/venv/lib/python3.10/site-packages/airflow/example_dags/example_datasets.py
[2023-11-30T02:16:43.388+0200] {logging_mixin.py:154} INFO - [2023-11-30T02:16:43.388+0200] {dag.py:2941} INFO - Sync 6 DAGs
[2023-11-30T02:16:43.405+0200] {logging_mixin.py:154} INFO - [2023-11-30T02:16:43.405+0200] {dag.py:3722} INFO - Setting next_dagrun for dataset_consumes_1 to None, run_after=None
[2023-11-30T02:16:43.407+0200] {logging_mixin.py:154} INFO - [2023-11-30T02:16:43.407+0200] {dag.py:3722} INFO - Setting next_dagrun for dataset_consumes_1_and_2 to None, run_after=None
[2023-11-30T02:16:43.407+0200] {logging_mixin.py:154} INFO - [2023-11-30T02:16:43.407+0200] {dag.py:3722} INFO - Setting next_dagrun for dataset_consumes_1_never_scheduled to None, run_after=None
[2023-11-30T02:16:43.408+0200] {logging_mixin.py:154} INFO - [2023-11-30T02:16:43.408+0200] {dag.py:3722} INFO - Setting next_dagrun for dataset_consumes_unknown_never_scheduled to None, run_after=None
[2023-11-30T02:16:43.410+0200] {logging_mixin.py:154} INFO - [2023-11-30T02:16:43.410+0200] {dag.py:3722} INFO - Setting next_dagrun for dataset_produces_1 to 2023-11-29T00:00:00+00:00, run_after=2023-11-30T00:00:00+00:00
[2023-11-30T02:16:43.411+0200] {logging_mixin.py:154} INFO - [2023-11-30T02:16:43.410+0200] {dag.py:3722} INFO - Setting next_dagrun for dataset_produces_2 to None, run_after=None
[2023-11-30T02:16:43.439+0200] {processor.py:179} INFO - Processing /home/seva/UCU/AutomatedDataPipelines/Homework1/venv/lib/python3.10/site-packages/airflow/example_dags/example_datasets.py took 0.099 seconds
[2023-11-30T02:17:25.357+0200] {processor.py:157} INFO - Started process (PID=2047) to work on /home/seva/UCU/AutomatedDataPipelines/Homework1/venv/lib/python3.10/site-packages/airflow/example_dags/example_datasets.py
[2023-11-30T02:17:25.369+0200] {processor.py:829} INFO - Processing file /home/seva/UCU/AutomatedDataPipelines/Homework1/venv/lib/python3.10/site-packages/airflow/example_dags/example_datasets.py for tasks to queue
[2023-11-30T02:17:25.369+0200] {logging_mixin.py:154} INFO - [2023-11-30T02:17:25.369+0200] {dagbag.py:536} INFO - Filling up the DagBag from /home/seva/UCU/AutomatedDataPipelines/Homework1/venv/lib/python3.10/site-packages/airflow/example_dags/example_datasets.py
[2023-11-30T02:17:25.378+0200] {processor.py:839} INFO - DAG(s) dict_keys(['dataset_produces_1', 'dataset_produces_2', 'dataset_consumes_1_never_scheduled', 'dataset_consumes_unknown_never_scheduled', 'dataset_consumes_1_and_2', 'dataset_consumes_1']) retrieved from /home/seva/UCU/AutomatedDataPipelines/Homework1/venv/lib/python3.10/site-packages/airflow/example_dags/example_datasets.py
[2023-11-30T02:17:25.400+0200] {logging_mixin.py:154} INFO - [2023-11-30T02:17:25.399+0200] {dag.py:2941} INFO - Sync 6 DAGs
[2023-11-30T02:17:25.418+0200] {logging_mixin.py:154} INFO - [2023-11-30T02:17:25.418+0200] {dag.py:3722} INFO - Setting next_dagrun for dataset_consumes_1 to None, run_after=None
[2023-11-30T02:17:25.421+0200] {logging_mixin.py:154} INFO - [2023-11-30T02:17:25.420+0200] {dag.py:3722} INFO - Setting next_dagrun for dataset_consumes_1_and_2 to None, run_after=None
[2023-11-30T02:17:25.421+0200] {logging_mixin.py:154} INFO - [2023-11-30T02:17:25.421+0200] {dag.py:3722} INFO - Setting next_dagrun for dataset_consumes_1_never_scheduled to None, run_after=None
[2023-11-30T02:17:25.422+0200] {logging_mixin.py:154} INFO - [2023-11-30T02:17:25.422+0200] {dag.py:3722} INFO - Setting next_dagrun for dataset_consumes_unknown_never_scheduled to None, run_after=None
[2023-11-30T02:17:25.424+0200] {logging_mixin.py:154} INFO - [2023-11-30T02:17:25.424+0200] {dag.py:3722} INFO - Setting next_dagrun for dataset_produces_1 to 2023-11-29T00:00:00+00:00, run_after=2023-11-30T00:00:00+00:00
[2023-11-30T02:17:25.424+0200] {logging_mixin.py:154} INFO - [2023-11-30T02:17:25.424+0200] {dag.py:3722} INFO - Setting next_dagrun for dataset_produces_2 to None, run_after=None
[2023-11-30T02:17:25.455+0200] {processor.py:179} INFO - Processing /home/seva/UCU/AutomatedDataPipelines/Homework1/venv/lib/python3.10/site-packages/airflow/example_dags/example_datasets.py took 0.101 seconds
[2023-11-30T02:18:09.567+0200] {processor.py:157} INFO - Started process (PID=2230) to work on /home/seva/UCU/AutomatedDataPipelines/Homework1/venv/lib/python3.10/site-packages/airflow/example_dags/example_datasets.py
[2023-11-30T02:18:09.569+0200] {processor.py:829} INFO - Processing file /home/seva/UCU/AutomatedDataPipelines/Homework1/venv/lib/python3.10/site-packages/airflow/example_dags/example_datasets.py for tasks to queue
[2023-11-30T02:18:09.570+0200] {logging_mixin.py:154} INFO - [2023-11-30T02:18:09.569+0200] {dagbag.py:536} INFO - Filling up the DagBag from /home/seva/UCU/AutomatedDataPipelines/Homework1/venv/lib/python3.10/site-packages/airflow/example_dags/example_datasets.py
[2023-11-30T02:18:09.580+0200] {processor.py:839} INFO - DAG(s) dict_keys(['dataset_consumes_1_never_scheduled', 'dataset_produces_2', 'dataset_produces_1', 'dataset_consumes_unknown_never_scheduled', 'dataset_consumes_1_and_2', 'dataset_consumes_1']) retrieved from /home/seva/UCU/AutomatedDataPipelines/Homework1/venv/lib/python3.10/site-packages/airflow/example_dags/example_datasets.py
[2023-11-30T02:18:09.611+0200] {logging_mixin.py:154} INFO - [2023-11-30T02:18:09.610+0200] {dag.py:2941} INFO - Sync 6 DAGs
[2023-11-30T02:18:09.631+0200] {logging_mixin.py:154} INFO - [2023-11-30T02:18:09.631+0200] {dag.py:3722} INFO - Setting next_dagrun for dataset_consumes_1 to None, run_after=None
[2023-11-30T02:18:09.635+0200] {logging_mixin.py:154} INFO - [2023-11-30T02:18:09.635+0200] {dag.py:3722} INFO - Setting next_dagrun for dataset_consumes_1_and_2 to None, run_after=None
[2023-11-30T02:18:09.636+0200] {logging_mixin.py:154} INFO - [2023-11-30T02:18:09.635+0200] {dag.py:3722} INFO - Setting next_dagrun for dataset_consumes_1_never_scheduled to None, run_after=None
[2023-11-30T02:18:09.636+0200] {logging_mixin.py:154} INFO - [2023-11-30T02:18:09.636+0200] {dag.py:3722} INFO - Setting next_dagrun for dataset_consumes_unknown_never_scheduled to None, run_after=None
[2023-11-30T02:18:09.639+0200] {logging_mixin.py:154} INFO - [2023-11-30T02:18:09.638+0200] {dag.py:3722} INFO - Setting next_dagrun for dataset_produces_1 to 2023-11-29T00:00:00+00:00, run_after=2023-11-30T00:00:00+00:00
[2023-11-30T02:18:09.639+0200] {logging_mixin.py:154} INFO - [2023-11-30T02:18:09.639+0200] {dag.py:3722} INFO - Setting next_dagrun for dataset_produces_2 to None, run_after=None
[2023-11-30T02:18:09.671+0200] {processor.py:179} INFO - Processing /home/seva/UCU/AutomatedDataPipelines/Homework1/venv/lib/python3.10/site-packages/airflow/example_dags/example_datasets.py took 0.108 seconds
[2023-11-30T02:18:50.791+0200] {processor.py:157} INFO - Started process (PID=2394) to work on /home/seva/UCU/AutomatedDataPipelines/Homework1/venv/lib/python3.10/site-packages/airflow/example_dags/example_datasets.py
[2023-11-30T02:18:50.803+0200] {processor.py:829} INFO - Processing file /home/seva/UCU/AutomatedDataPipelines/Homework1/venv/lib/python3.10/site-packages/airflow/example_dags/example_datasets.py for tasks to queue
[2023-11-30T02:18:50.804+0200] {logging_mixin.py:154} INFO - [2023-11-30T02:18:50.804+0200] {dagbag.py:536} INFO - Filling up the DagBag from /home/seva/UCU/AutomatedDataPipelines/Homework1/venv/lib/python3.10/site-packages/airflow/example_dags/example_datasets.py
[2023-11-30T02:18:50.813+0200] {processor.py:839} INFO - DAG(s) dict_keys(['dataset_consumes_1_and_2', 'dataset_produces_2', 'dataset_consumes_1_never_scheduled', 'dataset_consumes_1', 'dataset_consumes_unknown_never_scheduled', 'dataset_produces_1']) retrieved from /home/seva/UCU/AutomatedDataPipelines/Homework1/venv/lib/python3.10/site-packages/airflow/example_dags/example_datasets.py
[2023-11-30T02:18:50.835+0200] {logging_mixin.py:154} INFO - [2023-11-30T02:18:50.834+0200] {dag.py:2941} INFO - Sync 6 DAGs
[2023-11-30T02:18:50.851+0200] {logging_mixin.py:154} INFO - [2023-11-30T02:18:50.850+0200] {dag.py:3722} INFO - Setting next_dagrun for dataset_consumes_1 to None, run_after=None
[2023-11-30T02:18:50.853+0200] {logging_mixin.py:154} INFO - [2023-11-30T02:18:50.853+0200] {dag.py:3722} INFO - Setting next_dagrun for dataset_consumes_1_and_2 to None, run_after=None
[2023-11-30T02:18:50.854+0200] {logging_mixin.py:154} INFO - [2023-11-30T02:18:50.854+0200] {dag.py:3722} INFO - Setting next_dagrun for dataset_consumes_1_never_scheduled to None, run_after=None
[2023-11-30T02:18:50.855+0200] {logging_mixin.py:154} INFO - [2023-11-30T02:18:50.855+0200] {dag.py:3722} INFO - Setting next_dagrun for dataset_consumes_unknown_never_scheduled to None, run_after=None
[2023-11-30T02:18:50.856+0200] {logging_mixin.py:154} INFO - [2023-11-30T02:18:50.856+0200] {dag.py:3722} INFO - Setting next_dagrun for dataset_produces_1 to 2023-11-29T00:00:00+00:00, run_after=2023-11-30T00:00:00+00:00
[2023-11-30T02:18:50.857+0200] {logging_mixin.py:154} INFO - [2023-11-30T02:18:50.857+0200] {dag.py:3722} INFO - Setting next_dagrun for dataset_produces_2 to None, run_after=None
[2023-11-30T02:18:50.888+0200] {processor.py:179} INFO - Processing /home/seva/UCU/AutomatedDataPipelines/Homework1/venv/lib/python3.10/site-packages/airflow/example_dags/example_datasets.py took 0.099 seconds
[2023-11-30T02:19:38.305+0200] {processor.py:157} INFO - Started process (PID=2583) to work on /home/seva/UCU/AutomatedDataPipelines/Homework1/venv/lib/python3.10/site-packages/airflow/example_dags/example_datasets.py
[2023-11-30T02:19:38.318+0200] {processor.py:829} INFO - Processing file /home/seva/UCU/AutomatedDataPipelines/Homework1/venv/lib/python3.10/site-packages/airflow/example_dags/example_datasets.py for tasks to queue
[2023-11-30T02:19:38.319+0200] {logging_mixin.py:154} INFO - [2023-11-30T02:19:38.318+0200] {dagbag.py:536} INFO - Filling up the DagBag from /home/seva/UCU/AutomatedDataPipelines/Homework1/venv/lib/python3.10/site-packages/airflow/example_dags/example_datasets.py
[2023-11-30T02:19:38.327+0200] {processor.py:839} INFO - DAG(s) dict_keys(['dataset_produces_2', 'dataset_produces_1', 'dataset_consumes_unknown_never_scheduled', 'dataset_consumes_1_never_scheduled', 'dataset_consumes_1', 'dataset_consumes_1_and_2']) retrieved from /home/seva/UCU/AutomatedDataPipelines/Homework1/venv/lib/python3.10/site-packages/airflow/example_dags/example_datasets.py
[2023-11-30T02:19:38.349+0200] {logging_mixin.py:154} INFO - [2023-11-30T02:19:38.349+0200] {dag.py:2941} INFO - Sync 6 DAGs
[2023-11-30T02:19:38.365+0200] {logging_mixin.py:154} INFO - [2023-11-30T02:19:38.365+0200] {dag.py:3722} INFO - Setting next_dagrun for dataset_consumes_1 to None, run_after=None
[2023-11-30T02:19:38.367+0200] {logging_mixin.py:154} INFO - [2023-11-30T02:19:38.367+0200] {dag.py:3722} INFO - Setting next_dagrun for dataset_consumes_1_and_2 to None, run_after=None
[2023-11-30T02:19:38.368+0200] {logging_mixin.py:154} INFO - [2023-11-30T02:19:38.368+0200] {dag.py:3722} INFO - Setting next_dagrun for dataset_consumes_1_never_scheduled to None, run_after=None
[2023-11-30T02:19:38.368+0200] {logging_mixin.py:154} INFO - [2023-11-30T02:19:38.368+0200] {dag.py:3722} INFO - Setting next_dagrun for dataset_consumes_unknown_never_scheduled to None, run_after=None
[2023-11-30T02:19:38.370+0200] {logging_mixin.py:154} INFO - [2023-11-30T02:19:38.370+0200] {dag.py:3722} INFO - Setting next_dagrun for dataset_produces_1 to 2023-11-29T00:00:00+00:00, run_after=2023-11-30T00:00:00+00:00
[2023-11-30T02:19:38.371+0200] {logging_mixin.py:154} INFO - [2023-11-30T02:19:38.370+0200] {dag.py:3722} INFO - Setting next_dagrun for dataset_produces_2 to None, run_after=None
[2023-11-30T02:19:38.411+0200] {processor.py:179} INFO - Processing /home/seva/UCU/AutomatedDataPipelines/Homework1/venv/lib/python3.10/site-packages/airflow/example_dags/example_datasets.py took 0.109 seconds
[2023-11-30T02:20:20.475+0200] {processor.py:157} INFO - Started process (PID=2747) to work on /home/seva/UCU/AutomatedDataPipelines/Homework1/venv/lib/python3.10/site-packages/airflow/example_dags/example_datasets.py
[2023-11-30T02:20:20.487+0200] {processor.py:829} INFO - Processing file /home/seva/UCU/AutomatedDataPipelines/Homework1/venv/lib/python3.10/site-packages/airflow/example_dags/example_datasets.py for tasks to queue
[2023-11-30T02:20:20.488+0200] {logging_mixin.py:154} INFO - [2023-11-30T02:20:20.488+0200] {dagbag.py:536} INFO - Filling up the DagBag from /home/seva/UCU/AutomatedDataPipelines/Homework1/venv/lib/python3.10/site-packages/airflow/example_dags/example_datasets.py
[2023-11-30T02:20:20.497+0200] {processor.py:839} INFO - DAG(s) dict_keys(['dataset_consumes_unknown_never_scheduled', 'dataset_produces_2', 'dataset_consumes_1_never_scheduled', 'dataset_consumes_1', 'dataset_consumes_1_and_2', 'dataset_produces_1']) retrieved from /home/seva/UCU/AutomatedDataPipelines/Homework1/venv/lib/python3.10/site-packages/airflow/example_dags/example_datasets.py
[2023-11-30T02:20:20.519+0200] {logging_mixin.py:154} INFO - [2023-11-30T02:20:20.519+0200] {dag.py:2941} INFO - Sync 6 DAGs
[2023-11-30T02:20:20.536+0200] {logging_mixin.py:154} INFO - [2023-11-30T02:20:20.536+0200] {dag.py:3722} INFO - Setting next_dagrun for dataset_consumes_1 to None, run_after=None
[2023-11-30T02:20:20.538+0200] {logging_mixin.py:154} INFO - [2023-11-30T02:20:20.538+0200] {dag.py:3722} INFO - Setting next_dagrun for dataset_consumes_1_and_2 to None, run_after=None
[2023-11-30T02:20:20.539+0200] {logging_mixin.py:154} INFO - [2023-11-30T02:20:20.539+0200] {dag.py:3722} INFO - Setting next_dagrun for dataset_consumes_1_never_scheduled to None, run_after=None
[2023-11-30T02:20:20.539+0200] {logging_mixin.py:154} INFO - [2023-11-30T02:20:20.539+0200] {dag.py:3722} INFO - Setting next_dagrun for dataset_consumes_unknown_never_scheduled to None, run_after=None
[2023-11-30T02:20:20.541+0200] {logging_mixin.py:154} INFO - [2023-11-30T02:20:20.541+0200] {dag.py:3722} INFO - Setting next_dagrun for dataset_produces_1 to 2023-11-29T00:00:00+00:00, run_after=2023-11-30T00:00:00+00:00
[2023-11-30T02:20:20.542+0200] {logging_mixin.py:154} INFO - [2023-11-30T02:20:20.542+0200] {dag.py:3722} INFO - Setting next_dagrun for dataset_produces_2 to None, run_after=None
[2023-11-30T02:20:20.589+0200] {processor.py:179} INFO - Processing /home/seva/UCU/AutomatedDataPipelines/Homework1/venv/lib/python3.10/site-packages/airflow/example_dags/example_datasets.py took 0.116 seconds
[2023-11-30T02:21:06.138+0200] {processor.py:157} INFO - Started process (PID=2925) to work on /home/seva/UCU/AutomatedDataPipelines/Homework1/venv/lib/python3.10/site-packages/airflow/example_dags/example_datasets.py
[2023-11-30T02:21:06.140+0200] {processor.py:829} INFO - Processing file /home/seva/UCU/AutomatedDataPipelines/Homework1/venv/lib/python3.10/site-packages/airflow/example_dags/example_datasets.py for tasks to queue
[2023-11-30T02:21:06.141+0200] {logging_mixin.py:154} INFO - [2023-11-30T02:21:06.140+0200] {dagbag.py:536} INFO - Filling up the DagBag from /home/seva/UCU/AutomatedDataPipelines/Homework1/venv/lib/python3.10/site-packages/airflow/example_dags/example_datasets.py
[2023-11-30T02:21:06.149+0200] {processor.py:839} INFO - DAG(s) dict_keys(['dataset_consumes_1_and_2', 'dataset_produces_1', 'dataset_consumes_unknown_never_scheduled', 'dataset_consumes_1_never_scheduled', 'dataset_produces_2', 'dataset_consumes_1']) retrieved from /home/seva/UCU/AutomatedDataPipelines/Homework1/venv/lib/python3.10/site-packages/airflow/example_dags/example_datasets.py
[2023-11-30T02:21:06.170+0200] {logging_mixin.py:154} INFO - [2023-11-30T02:21:06.170+0200] {dag.py:2941} INFO - Sync 6 DAGs
[2023-11-30T02:21:06.187+0200] {logging_mixin.py:154} INFO - [2023-11-30T02:21:06.186+0200] {dag.py:3722} INFO - Setting next_dagrun for dataset_consumes_1 to None, run_after=None
[2023-11-30T02:21:06.189+0200] {logging_mixin.py:154} INFO - [2023-11-30T02:21:06.188+0200] {dag.py:3722} INFO - Setting next_dagrun for dataset_consumes_1_and_2 to None, run_after=None
[2023-11-30T02:21:06.189+0200] {logging_mixin.py:154} INFO - [2023-11-30T02:21:06.189+0200] {dag.py:3722} INFO - Setting next_dagrun for dataset_consumes_1_never_scheduled to None, run_after=None
[2023-11-30T02:21:06.190+0200] {logging_mixin.py:154} INFO - [2023-11-30T02:21:06.190+0200] {dag.py:3722} INFO - Setting next_dagrun for dataset_consumes_unknown_never_scheduled to None, run_after=None
[2023-11-30T02:21:06.192+0200] {logging_mixin.py:154} INFO - [2023-11-30T02:21:06.191+0200] {dag.py:3722} INFO - Setting next_dagrun for dataset_produces_1 to 2023-11-29T00:00:00+00:00, run_after=2023-11-30T00:00:00+00:00
[2023-11-30T02:21:06.193+0200] {logging_mixin.py:154} INFO - [2023-11-30T02:21:06.192+0200] {dag.py:3722} INFO - Setting next_dagrun for dataset_produces_2 to None, run_after=None
[2023-11-30T02:21:06.220+0200] {processor.py:179} INFO - Processing /home/seva/UCU/AutomatedDataPipelines/Homework1/venv/lib/python3.10/site-packages/airflow/example_dags/example_datasets.py took 0.085 seconds
[2023-11-30T02:21:48.972+0200] {processor.py:157} INFO - Started process (PID=3097) to work on /home/seva/UCU/AutomatedDataPipelines/Homework1/venv/lib/python3.10/site-packages/airflow/example_dags/example_datasets.py
[2023-11-30T02:21:48.984+0200] {processor.py:829} INFO - Processing file /home/seva/UCU/AutomatedDataPipelines/Homework1/venv/lib/python3.10/site-packages/airflow/example_dags/example_datasets.py for tasks to queue
[2023-11-30T02:21:48.985+0200] {logging_mixin.py:154} INFO - [2023-11-30T02:21:48.985+0200] {dagbag.py:536} INFO - Filling up the DagBag from /home/seva/UCU/AutomatedDataPipelines/Homework1/venv/lib/python3.10/site-packages/airflow/example_dags/example_datasets.py
[2023-11-30T02:21:48.994+0200] {processor.py:839} INFO - DAG(s) dict_keys(['dataset_produces_1', 'dataset_consumes_1_and_2', 'dataset_consumes_1', 'dataset_consumes_1_never_scheduled', 'dataset_consumes_unknown_never_scheduled', 'dataset_produces_2']) retrieved from /home/seva/UCU/AutomatedDataPipelines/Homework1/venv/lib/python3.10/site-packages/airflow/example_dags/example_datasets.py
[2023-11-30T02:21:49.016+0200] {logging_mixin.py:154} INFO - [2023-11-30T02:21:49.016+0200] {dag.py:2941} INFO - Sync 6 DAGs
[2023-11-30T02:21:49.031+0200] {logging_mixin.py:154} INFO - [2023-11-30T02:21:49.031+0200] {dag.py:3722} INFO - Setting next_dagrun for dataset_consumes_1 to None, run_after=None
[2023-11-30T02:21:49.034+0200] {logging_mixin.py:154} INFO - [2023-11-30T02:21:49.034+0200] {dag.py:3722} INFO - Setting next_dagrun for dataset_consumes_1_and_2 to None, run_after=None
[2023-11-30T02:21:49.034+0200] {logging_mixin.py:154} INFO - [2023-11-30T02:21:49.034+0200] {dag.py:3722} INFO - Setting next_dagrun for dataset_consumes_1_never_scheduled to None, run_after=None
[2023-11-30T02:21:49.035+0200] {logging_mixin.py:154} INFO - [2023-11-30T02:21:49.035+0200] {dag.py:3722} INFO - Setting next_dagrun for dataset_consumes_unknown_never_scheduled to None, run_after=None
[2023-11-30T02:21:49.037+0200] {logging_mixin.py:154} INFO - [2023-11-30T02:21:49.037+0200] {dag.py:3722} INFO - Setting next_dagrun for dataset_produces_1 to 2023-11-29T00:00:00+00:00, run_after=2023-11-30T00:00:00+00:00
[2023-11-30T02:21:49.037+0200] {logging_mixin.py:154} INFO - [2023-11-30T02:21:49.037+0200] {dag.py:3722} INFO - Setting next_dagrun for dataset_produces_2 to None, run_after=None
[2023-11-30T02:21:49.083+0200] {processor.py:179} INFO - Processing /home/seva/UCU/AutomatedDataPipelines/Homework1/venv/lib/python3.10/site-packages/airflow/example_dags/example_datasets.py took 0.114 seconds
[2023-11-30T02:22:31.103+0200] {processor.py:157} INFO - Started process (PID=3264) to work on /home/seva/UCU/AutomatedDataPipelines/Homework1/venv/lib/python3.10/site-packages/airflow/example_dags/example_datasets.py
[2023-11-30T02:22:31.114+0200] {processor.py:829} INFO - Processing file /home/seva/UCU/AutomatedDataPipelines/Homework1/venv/lib/python3.10/site-packages/airflow/example_dags/example_datasets.py for tasks to queue
[2023-11-30T02:22:31.115+0200] {logging_mixin.py:154} INFO - [2023-11-30T02:22:31.115+0200] {dagbag.py:536} INFO - Filling up the DagBag from /home/seva/UCU/AutomatedDataPipelines/Homework1/venv/lib/python3.10/site-packages/airflow/example_dags/example_datasets.py
[2023-11-30T02:22:31.123+0200] {processor.py:839} INFO - DAG(s) dict_keys(['dataset_produces_1', 'dataset_consumes_1', 'dataset_produces_2', 'dataset_consumes_1_and_2', 'dataset_consumes_unknown_never_scheduled', 'dataset_consumes_1_never_scheduled']) retrieved from /home/seva/UCU/AutomatedDataPipelines/Homework1/venv/lib/python3.10/site-packages/airflow/example_dags/example_datasets.py
[2023-11-30T02:22:31.145+0200] {logging_mixin.py:154} INFO - [2023-11-30T02:22:31.144+0200] {dag.py:2941} INFO - Sync 6 DAGs
[2023-11-30T02:22:31.160+0200] {logging_mixin.py:154} INFO - [2023-11-30T02:22:31.159+0200] {dag.py:3722} INFO - Setting next_dagrun for dataset_consumes_1 to None, run_after=None
[2023-11-30T02:22:31.162+0200] {logging_mixin.py:154} INFO - [2023-11-30T02:22:31.162+0200] {dag.py:3722} INFO - Setting next_dagrun for dataset_consumes_1_and_2 to None, run_after=None
[2023-11-30T02:22:31.163+0200] {logging_mixin.py:154} INFO - [2023-11-30T02:22:31.163+0200] {dag.py:3722} INFO - Setting next_dagrun for dataset_consumes_1_never_scheduled to None, run_after=None
[2023-11-30T02:22:31.164+0200] {logging_mixin.py:154} INFO - [2023-11-30T02:22:31.163+0200] {dag.py:3722} INFO - Setting next_dagrun for dataset_consumes_unknown_never_scheduled to None, run_after=None
[2023-11-30T02:22:31.166+0200] {logging_mixin.py:154} INFO - [2023-11-30T02:22:31.165+0200] {dag.py:3722} INFO - Setting next_dagrun for dataset_produces_1 to 2023-11-29T00:00:00+00:00, run_after=2023-11-30T00:00:00+00:00
[2023-11-30T02:22:31.166+0200] {logging_mixin.py:154} INFO - [2023-11-30T02:22:31.166+0200] {dag.py:3722} INFO - Setting next_dagrun for dataset_produces_2 to None, run_after=None
[2023-11-30T02:22:31.195+0200] {processor.py:179} INFO - Processing /home/seva/UCU/AutomatedDataPipelines/Homework1/venv/lib/python3.10/site-packages/airflow/example_dags/example_datasets.py took 0.095 seconds
[2023-11-30T02:23:17.896+0200] {processor.py:157} INFO - Started process (PID=3450) to work on /home/seva/UCU/AutomatedDataPipelines/Homework1/venv/lib/python3.10/site-packages/airflow/example_dags/example_datasets.py
[2023-11-30T02:23:17.907+0200] {processor.py:829} INFO - Processing file /home/seva/UCU/AutomatedDataPipelines/Homework1/venv/lib/python3.10/site-packages/airflow/example_dags/example_datasets.py for tasks to queue
[2023-11-30T02:23:17.908+0200] {logging_mixin.py:154} INFO - [2023-11-30T02:23:17.908+0200] {dagbag.py:536} INFO - Filling up the DagBag from /home/seva/UCU/AutomatedDataPipelines/Homework1/venv/lib/python3.10/site-packages/airflow/example_dags/example_datasets.py
[2023-11-30T02:23:17.917+0200] {processor.py:839} INFO - DAG(s) dict_keys(['dataset_consumes_1', 'dataset_consumes_1_and_2', 'dataset_consumes_unknown_never_scheduled', 'dataset_produces_1', 'dataset_consumes_1_never_scheduled', 'dataset_produces_2']) retrieved from /home/seva/UCU/AutomatedDataPipelines/Homework1/venv/lib/python3.10/site-packages/airflow/example_dags/example_datasets.py
[2023-11-30T02:23:17.939+0200] {logging_mixin.py:154} INFO - [2023-11-30T02:23:17.939+0200] {dag.py:2941} INFO - Sync 6 DAGs
[2023-11-30T02:23:17.955+0200] {logging_mixin.py:154} INFO - [2023-11-30T02:23:17.955+0200] {dag.py:3722} INFO - Setting next_dagrun for dataset_consumes_1 to None, run_after=None
[2023-11-30T02:23:17.957+0200] {logging_mixin.py:154} INFO - [2023-11-30T02:23:17.957+0200] {dag.py:3722} INFO - Setting next_dagrun for dataset_consumes_1_and_2 to None, run_after=None
[2023-11-30T02:23:17.958+0200] {logging_mixin.py:154} INFO - [2023-11-30T02:23:17.958+0200] {dag.py:3722} INFO - Setting next_dagrun for dataset_consumes_1_never_scheduled to None, run_after=None
[2023-11-30T02:23:17.959+0200] {logging_mixin.py:154} INFO - [2023-11-30T02:23:17.959+0200] {dag.py:3722} INFO - Setting next_dagrun for dataset_consumes_unknown_never_scheduled to None, run_after=None
[2023-11-30T02:23:17.960+0200] {logging_mixin.py:154} INFO - [2023-11-30T02:23:17.960+0200] {dag.py:3722} INFO - Setting next_dagrun for dataset_produces_1 to 2023-11-29T00:00:00+00:00, run_after=2023-11-30T00:00:00+00:00
[2023-11-30T02:23:17.961+0200] {logging_mixin.py:154} INFO - [2023-11-30T02:23:17.961+0200] {dag.py:3722} INFO - Setting next_dagrun for dataset_produces_2 to None, run_after=None
[2023-11-30T02:23:17.992+0200] {processor.py:179} INFO - Processing /home/seva/UCU/AutomatedDataPipelines/Homework1/venv/lib/python3.10/site-packages/airflow/example_dags/example_datasets.py took 0.099 seconds
[2023-11-30T02:24:01.496+0200] {processor.py:157} INFO - Started process (PID=3621) to work on /home/seva/UCU/AutomatedDataPipelines/Homework1/venv/lib/python3.10/site-packages/airflow/example_dags/example_datasets.py
[2023-11-30T02:24:01.508+0200] {processor.py:829} INFO - Processing file /home/seva/UCU/AutomatedDataPipelines/Homework1/venv/lib/python3.10/site-packages/airflow/example_dags/example_datasets.py for tasks to queue
[2023-11-30T02:24:01.509+0200] {logging_mixin.py:154} INFO - [2023-11-30T02:24:01.509+0200] {dagbag.py:536} INFO - Filling up the DagBag from /home/seva/UCU/AutomatedDataPipelines/Homework1/venv/lib/python3.10/site-packages/airflow/example_dags/example_datasets.py
[2023-11-30T02:24:01.518+0200] {processor.py:839} INFO - DAG(s) dict_keys(['dataset_consumes_1_and_2', 'dataset_produces_1', 'dataset_consumes_1_never_scheduled', 'dataset_consumes_1', 'dataset_consumes_unknown_never_scheduled', 'dataset_produces_2']) retrieved from /home/seva/UCU/AutomatedDataPipelines/Homework1/venv/lib/python3.10/site-packages/airflow/example_dags/example_datasets.py
[2023-11-30T02:24:01.539+0200] {logging_mixin.py:154} INFO - [2023-11-30T02:24:01.539+0200] {dag.py:2941} INFO - Sync 6 DAGs
[2023-11-30T02:24:01.556+0200] {logging_mixin.py:154} INFO - [2023-11-30T02:24:01.556+0200] {dag.py:3722} INFO - Setting next_dagrun for dataset_consumes_1 to None, run_after=None
[2023-11-30T02:24:01.558+0200] {logging_mixin.py:154} INFO - [2023-11-30T02:24:01.558+0200] {dag.py:3722} INFO - Setting next_dagrun for dataset_consumes_1_and_2 to None, run_after=None
[2023-11-30T02:24:01.559+0200] {logging_mixin.py:154} INFO - [2023-11-30T02:24:01.558+0200] {dag.py:3722} INFO - Setting next_dagrun for dataset_consumes_1_never_scheduled to None, run_after=None
[2023-11-30T02:24:01.559+0200] {logging_mixin.py:154} INFO - [2023-11-30T02:24:01.559+0200] {dag.py:3722} INFO - Setting next_dagrun for dataset_consumes_unknown_never_scheduled to None, run_after=None
[2023-11-30T02:24:01.561+0200] {logging_mixin.py:154} INFO - [2023-11-30T02:24:01.561+0200] {dag.py:3722} INFO - Setting next_dagrun for dataset_produces_1 to 2023-11-29T00:00:00+00:00, run_after=2023-11-30T00:00:00+00:00
[2023-11-30T02:24:01.561+0200] {logging_mixin.py:154} INFO - [2023-11-30T02:24:01.561+0200] {dag.py:3722} INFO - Setting next_dagrun for dataset_produces_2 to None, run_after=None
[2023-11-30T02:24:01.594+0200] {processor.py:179} INFO - Processing /home/seva/UCU/AutomatedDataPipelines/Homework1/venv/lib/python3.10/site-packages/airflow/example_dags/example_datasets.py took 0.101 seconds
[2023-11-30T02:24:49.184+0200] {processor.py:157} INFO - Started process (PID=3808) to work on /home/seva/UCU/AutomatedDataPipelines/Homework1/venv/lib/python3.10/site-packages/airflow/example_dags/example_datasets.py
[2023-11-30T02:24:49.195+0200] {processor.py:829} INFO - Processing file /home/seva/UCU/AutomatedDataPipelines/Homework1/venv/lib/python3.10/site-packages/airflow/example_dags/example_datasets.py for tasks to queue
[2023-11-30T02:24:49.196+0200] {logging_mixin.py:154} INFO - [2023-11-30T02:24:49.196+0200] {dagbag.py:536} INFO - Filling up the DagBag from /home/seva/UCU/AutomatedDataPipelines/Homework1/venv/lib/python3.10/site-packages/airflow/example_dags/example_datasets.py
[2023-11-30T02:24:49.204+0200] {processor.py:839} INFO - DAG(s) dict_keys(['dataset_consumes_1', 'dataset_consumes_unknown_never_scheduled', 'dataset_consumes_1_and_2', 'dataset_produces_2', 'dataset_produces_1', 'dataset_consumes_1_never_scheduled']) retrieved from /home/seva/UCU/AutomatedDataPipelines/Homework1/venv/lib/python3.10/site-packages/airflow/example_dags/example_datasets.py
[2023-11-30T02:24:49.227+0200] {logging_mixin.py:154} INFO - [2023-11-30T02:24:49.227+0200] {dag.py:2941} INFO - Sync 6 DAGs
[2023-11-30T02:24:49.242+0200] {logging_mixin.py:154} INFO - [2023-11-30T02:24:49.242+0200] {dag.py:3722} INFO - Setting next_dagrun for dataset_consumes_1 to None, run_after=None
[2023-11-30T02:24:49.245+0200] {logging_mixin.py:154} INFO - [2023-11-30T02:24:49.245+0200] {dag.py:3722} INFO - Setting next_dagrun for dataset_consumes_1_and_2 to None, run_after=None
[2023-11-30T02:24:49.246+0200] {logging_mixin.py:154} INFO - [2023-11-30T02:24:49.246+0200] {dag.py:3722} INFO - Setting next_dagrun for dataset_consumes_1_never_scheduled to None, run_after=None
[2023-11-30T02:24:49.247+0200] {logging_mixin.py:154} INFO - [2023-11-30T02:24:49.247+0200] {dag.py:3722} INFO - Setting next_dagrun for dataset_consumes_unknown_never_scheduled to None, run_after=None
[2023-11-30T02:24:49.249+0200] {logging_mixin.py:154} INFO - [2023-11-30T02:24:49.249+0200] {dag.py:3722} INFO - Setting next_dagrun for dataset_produces_1 to 2023-11-29T00:00:00+00:00, run_after=2023-11-30T00:00:00+00:00
[2023-11-30T02:24:49.249+0200] {logging_mixin.py:154} INFO - [2023-11-30T02:24:49.249+0200] {dag.py:3722} INFO - Setting next_dagrun for dataset_produces_2 to None, run_after=None
[2023-11-30T02:24:49.281+0200] {processor.py:179} INFO - Processing /home/seva/UCU/AutomatedDataPipelines/Homework1/venv/lib/python3.10/site-packages/airflow/example_dags/example_datasets.py took 0.100 seconds
[2023-11-30T02:25:31.618+0200] {processor.py:157} INFO - Started process (PID=3980) to work on /home/seva/UCU/AutomatedDataPipelines/Homework1/venv/lib/python3.10/site-packages/airflow/example_dags/example_datasets.py
[2023-11-30T02:25:31.630+0200] {processor.py:829} INFO - Processing file /home/seva/UCU/AutomatedDataPipelines/Homework1/venv/lib/python3.10/site-packages/airflow/example_dags/example_datasets.py for tasks to queue
[2023-11-30T02:25:31.631+0200] {logging_mixin.py:154} INFO - [2023-11-30T02:25:31.631+0200] {dagbag.py:536} INFO - Filling up the DagBag from /home/seva/UCU/AutomatedDataPipelines/Homework1/venv/lib/python3.10/site-packages/airflow/example_dags/example_datasets.py
[2023-11-30T02:25:31.639+0200] {processor.py:839} INFO - DAG(s) dict_keys(['dataset_consumes_1_never_scheduled', 'dataset_consumes_1', 'dataset_produces_1', 'dataset_consumes_1_and_2', 'dataset_produces_2', 'dataset_consumes_unknown_never_scheduled']) retrieved from /home/seva/UCU/AutomatedDataPipelines/Homework1/venv/lib/python3.10/site-packages/airflow/example_dags/example_datasets.py
[2023-11-30T02:25:31.660+0200] {logging_mixin.py:154} INFO - [2023-11-30T02:25:31.660+0200] {dag.py:2941} INFO - Sync 6 DAGs
[2023-11-30T02:25:31.676+0200] {logging_mixin.py:154} INFO - [2023-11-30T02:25:31.676+0200] {dag.py:3722} INFO - Setting next_dagrun for dataset_consumes_1 to None, run_after=None
[2023-11-30T02:25:31.679+0200] {logging_mixin.py:154} INFO - [2023-11-30T02:25:31.678+0200] {dag.py:3722} INFO - Setting next_dagrun for dataset_consumes_1_and_2 to None, run_after=None
[2023-11-30T02:25:31.679+0200] {logging_mixin.py:154} INFO - [2023-11-30T02:25:31.679+0200] {dag.py:3722} INFO - Setting next_dagrun for dataset_consumes_1_never_scheduled to None, run_after=None
[2023-11-30T02:25:31.680+0200] {logging_mixin.py:154} INFO - [2023-11-30T02:25:31.680+0200] {dag.py:3722} INFO - Setting next_dagrun for dataset_consumes_unknown_never_scheduled to None, run_after=None
[2023-11-30T02:25:31.681+0200] {logging_mixin.py:154} INFO - [2023-11-30T02:25:31.681+0200] {dag.py:3722} INFO - Setting next_dagrun for dataset_produces_1 to 2023-11-29T00:00:00+00:00, run_after=2023-11-30T00:00:00+00:00
[2023-11-30T02:25:31.682+0200] {logging_mixin.py:154} INFO - [2023-11-30T02:25:31.682+0200] {dag.py:3722} INFO - Setting next_dagrun for dataset_produces_2 to None, run_after=None
[2023-11-30T02:25:31.719+0200] {processor.py:179} INFO - Processing /home/seva/UCU/AutomatedDataPipelines/Homework1/venv/lib/python3.10/site-packages/airflow/example_dags/example_datasets.py took 0.104 seconds
[2023-11-30T02:26:12.787+0200] {processor.py:157} INFO - Started process (PID=4142) to work on /home/seva/UCU/AutomatedDataPipelines/Homework1/venv/lib/python3.10/site-packages/airflow/example_dags/example_datasets.py
[2023-11-30T02:26:12.798+0200] {processor.py:829} INFO - Processing file /home/seva/UCU/AutomatedDataPipelines/Homework1/venv/lib/python3.10/site-packages/airflow/example_dags/example_datasets.py for tasks to queue
[2023-11-30T02:26:12.800+0200] {logging_mixin.py:154} INFO - [2023-11-30T02:26:12.799+0200] {dagbag.py:536} INFO - Filling up the DagBag from /home/seva/UCU/AutomatedDataPipelines/Homework1/venv/lib/python3.10/site-packages/airflow/example_dags/example_datasets.py
[2023-11-30T02:26:12.808+0200] {processor.py:839} INFO - DAG(s) dict_keys(['dataset_produces_1', 'dataset_produces_2', 'dataset_consumes_1', 'dataset_consumes_1_never_scheduled', 'dataset_consumes_unknown_never_scheduled', 'dataset_consumes_1_and_2']) retrieved from /home/seva/UCU/AutomatedDataPipelines/Homework1/venv/lib/python3.10/site-packages/airflow/example_dags/example_datasets.py
[2023-11-30T02:26:12.831+0200] {logging_mixin.py:154} INFO - [2023-11-30T02:26:12.830+0200] {dag.py:2941} INFO - Sync 6 DAGs
[2023-11-30T02:26:12.847+0200] {logging_mixin.py:154} INFO - [2023-11-30T02:26:12.847+0200] {dag.py:3722} INFO - Setting next_dagrun for dataset_consumes_1 to None, run_after=None
[2023-11-30T02:26:12.850+0200] {logging_mixin.py:154} INFO - [2023-11-30T02:26:12.850+0200] {dag.py:3722} INFO - Setting next_dagrun for dataset_consumes_1_and_2 to None, run_after=None
[2023-11-30T02:26:12.851+0200] {logging_mixin.py:154} INFO - [2023-11-30T02:26:12.850+0200] {dag.py:3722} INFO - Setting next_dagrun for dataset_consumes_1_never_scheduled to None, run_after=None
[2023-11-30T02:26:12.851+0200] {logging_mixin.py:154} INFO - [2023-11-30T02:26:12.851+0200] {dag.py:3722} INFO - Setting next_dagrun for dataset_consumes_unknown_never_scheduled to None, run_after=None
[2023-11-30T02:26:12.853+0200] {logging_mixin.py:154} INFO - [2023-11-30T02:26:12.853+0200] {dag.py:3722} INFO - Setting next_dagrun for dataset_produces_1 to 2023-11-29T00:00:00+00:00, run_after=2023-11-30T00:00:00+00:00
[2023-11-30T02:26:12.853+0200] {logging_mixin.py:154} INFO - [2023-11-30T02:26:12.853+0200] {dag.py:3722} INFO - Setting next_dagrun for dataset_produces_2 to None, run_after=None
[2023-11-30T02:26:12.914+0200] {processor.py:179} INFO - Processing /home/seva/UCU/AutomatedDataPipelines/Homework1/venv/lib/python3.10/site-packages/airflow/example_dags/example_datasets.py took 0.130 seconds
[2023-11-30T02:27:04.311+0200] {processor.py:157} INFO - Started process (PID=4344) to work on /home/seva/UCU/AutomatedDataPipelines/Homework1/venv/lib/python3.10/site-packages/airflow/example_dags/example_datasets.py
[2023-11-30T02:27:04.330+0200] {processor.py:829} INFO - Processing file /home/seva/UCU/AutomatedDataPipelines/Homework1/venv/lib/python3.10/site-packages/airflow/example_dags/example_datasets.py for tasks to queue
[2023-11-30T02:27:04.332+0200] {logging_mixin.py:154} INFO - [2023-11-30T02:27:04.331+0200] {dagbag.py:536} INFO - Filling up the DagBag from /home/seva/UCU/AutomatedDataPipelines/Homework1/venv/lib/python3.10/site-packages/airflow/example_dags/example_datasets.py
[2023-11-30T02:27:04.341+0200] {processor.py:839} INFO - DAG(s) dict_keys(['dataset_consumes_1_and_2', 'dataset_produces_1', 'dataset_consumes_1', 'dataset_produces_2', 'dataset_consumes_1_never_scheduled', 'dataset_consumes_unknown_never_scheduled']) retrieved from /home/seva/UCU/AutomatedDataPipelines/Homework1/venv/lib/python3.10/site-packages/airflow/example_dags/example_datasets.py
[2023-11-30T02:27:04.363+0200] {logging_mixin.py:154} INFO - [2023-11-30T02:27:04.363+0200] {dag.py:2941} INFO - Sync 6 DAGs
[2023-11-30T02:27:04.380+0200] {logging_mixin.py:154} INFO - [2023-11-30T02:27:04.379+0200] {dag.py:3722} INFO - Setting next_dagrun for dataset_consumes_1 to None, run_after=None
[2023-11-30T02:27:04.382+0200] {logging_mixin.py:154} INFO - [2023-11-30T02:27:04.382+0200] {dag.py:3722} INFO - Setting next_dagrun for dataset_consumes_1_and_2 to None, run_after=None
[2023-11-30T02:27:04.382+0200] {logging_mixin.py:154} INFO - [2023-11-30T02:27:04.382+0200] {dag.py:3722} INFO - Setting next_dagrun for dataset_consumes_1_never_scheduled to None, run_after=None
[2023-11-30T02:27:04.383+0200] {logging_mixin.py:154} INFO - [2023-11-30T02:27:04.383+0200] {dag.py:3722} INFO - Setting next_dagrun for dataset_consumes_unknown_never_scheduled to None, run_after=None
[2023-11-30T02:27:04.385+0200] {logging_mixin.py:154} INFO - [2023-11-30T02:27:04.385+0200] {dag.py:3722} INFO - Setting next_dagrun for dataset_produces_1 to 2023-11-29T00:00:00+00:00, run_after=2023-11-30T00:00:00+00:00
[2023-11-30T02:27:04.386+0200] {logging_mixin.py:154} INFO - [2023-11-30T02:27:04.386+0200] {dag.py:3722} INFO - Setting next_dagrun for dataset_produces_2 to None, run_after=None
[2023-11-30T02:27:04.425+0200] {processor.py:179} INFO - Processing /home/seva/UCU/AutomatedDataPipelines/Homework1/venv/lib/python3.10/site-packages/airflow/example_dags/example_datasets.py took 0.117 seconds
[2023-11-30T02:27:53.056+0200] {processor.py:157} INFO - Started process (PID=4531) to work on /home/seva/UCU/AutomatedDataPipelines/Homework1/venv/lib/python3.10/site-packages/airflow/example_dags/example_datasets.py
[2023-11-30T02:27:53.068+0200] {processor.py:829} INFO - Processing file /home/seva/UCU/AutomatedDataPipelines/Homework1/venv/lib/python3.10/site-packages/airflow/example_dags/example_datasets.py for tasks to queue
[2023-11-30T02:27:53.069+0200] {logging_mixin.py:154} INFO - [2023-11-30T02:27:53.068+0200] {dagbag.py:536} INFO - Filling up the DagBag from /home/seva/UCU/AutomatedDataPipelines/Homework1/venv/lib/python3.10/site-packages/airflow/example_dags/example_datasets.py
[2023-11-30T02:27:53.077+0200] {processor.py:839} INFO - DAG(s) dict_keys(['dataset_consumes_1_never_scheduled', 'dataset_produces_1', 'dataset_consumes_1', 'dataset_produces_2', 'dataset_consumes_unknown_never_scheduled', 'dataset_consumes_1_and_2']) retrieved from /home/seva/UCU/AutomatedDataPipelines/Homework1/venv/lib/python3.10/site-packages/airflow/example_dags/example_datasets.py
[2023-11-30T02:27:53.099+0200] {logging_mixin.py:154} INFO - [2023-11-30T02:27:53.098+0200] {dag.py:2941} INFO - Sync 6 DAGs
[2023-11-30T02:27:53.115+0200] {logging_mixin.py:154} INFO - [2023-11-30T02:27:53.114+0200] {dag.py:3722} INFO - Setting next_dagrun for dataset_consumes_1 to None, run_after=None
[2023-11-30T02:27:53.117+0200] {logging_mixin.py:154} INFO - [2023-11-30T02:27:53.117+0200] {dag.py:3722} INFO - Setting next_dagrun for dataset_consumes_1_and_2 to None, run_after=None
[2023-11-30T02:27:53.118+0200] {logging_mixin.py:154} INFO - [2023-11-30T02:27:53.118+0200] {dag.py:3722} INFO - Setting next_dagrun for dataset_consumes_1_never_scheduled to None, run_after=None
[2023-11-30T02:27:53.118+0200] {logging_mixin.py:154} INFO - [2023-11-30T02:27:53.118+0200] {dag.py:3722} INFO - Setting next_dagrun for dataset_consumes_unknown_never_scheduled to None, run_after=None
[2023-11-30T02:27:53.120+0200] {logging_mixin.py:154} INFO - [2023-11-30T02:27:53.120+0200] {dag.py:3722} INFO - Setting next_dagrun for dataset_produces_1 to 2023-11-29T00:00:00+00:00, run_after=2023-11-30T00:00:00+00:00
[2023-11-30T02:27:53.121+0200] {logging_mixin.py:154} INFO - [2023-11-30T02:27:53.121+0200] {dag.py:3722} INFO - Setting next_dagrun for dataset_produces_2 to None, run_after=None
[2023-11-30T02:27:53.150+0200] {processor.py:179} INFO - Processing /home/seva/UCU/AutomatedDataPipelines/Homework1/venv/lib/python3.10/site-packages/airflow/example_dags/example_datasets.py took 0.097 seconds
[2023-11-30T02:28:35.980+0200] {processor.py:157} INFO - Started process (PID=4703) to work on /home/seva/UCU/AutomatedDataPipelines/Homework1/venv/lib/python3.10/site-packages/airflow/example_dags/example_datasets.py
[2023-11-30T02:28:35.982+0200] {processor.py:829} INFO - Processing file /home/seva/UCU/AutomatedDataPipelines/Homework1/venv/lib/python3.10/site-packages/airflow/example_dags/example_datasets.py for tasks to queue
[2023-11-30T02:28:35.983+0200] {logging_mixin.py:154} INFO - [2023-11-30T02:28:35.983+0200] {dagbag.py:536} INFO - Filling up the DagBag from /home/seva/UCU/AutomatedDataPipelines/Homework1/venv/lib/python3.10/site-packages/airflow/example_dags/example_datasets.py
[2023-11-30T02:28:35.991+0200] {processor.py:839} INFO - DAG(s) dict_keys(['dataset_produces_1', 'dataset_consumes_unknown_never_scheduled', 'dataset_produces_2', 'dataset_consumes_1', 'dataset_consumes_1_never_scheduled', 'dataset_consumes_1_and_2']) retrieved from /home/seva/UCU/AutomatedDataPipelines/Homework1/venv/lib/python3.10/site-packages/airflow/example_dags/example_datasets.py
[2023-11-30T02:28:36.014+0200] {logging_mixin.py:154} INFO - [2023-11-30T02:28:36.013+0200] {dag.py:2941} INFO - Sync 6 DAGs
[2023-11-30T02:28:36.030+0200] {logging_mixin.py:154} INFO - [2023-11-30T02:28:36.030+0200] {dag.py:3722} INFO - Setting next_dagrun for dataset_consumes_1 to None, run_after=None
[2023-11-30T02:28:36.033+0200] {logging_mixin.py:154} INFO - [2023-11-30T02:28:36.033+0200] {dag.py:3722} INFO - Setting next_dagrun for dataset_consumes_1_and_2 to None, run_after=None
[2023-11-30T02:28:36.033+0200] {logging_mixin.py:154} INFO - [2023-11-30T02:28:36.033+0200] {dag.py:3722} INFO - Setting next_dagrun for dataset_consumes_1_never_scheduled to None, run_after=None
[2023-11-30T02:28:36.034+0200] {logging_mixin.py:154} INFO - [2023-11-30T02:28:36.034+0200] {dag.py:3722} INFO - Setting next_dagrun for dataset_consumes_unknown_never_scheduled to None, run_after=None
[2023-11-30T02:28:36.036+0200] {logging_mixin.py:154} INFO - [2023-11-30T02:28:36.036+0200] {dag.py:3722} INFO - Setting next_dagrun for dataset_produces_1 to 2023-11-29T00:00:00+00:00, run_after=2023-11-30T00:00:00+00:00
[2023-11-30T02:28:36.037+0200] {logging_mixin.py:154} INFO - [2023-11-30T02:28:36.037+0200] {dag.py:3722} INFO - Setting next_dagrun for dataset_produces_2 to None, run_after=None
[2023-11-30T02:28:36.067+0200] {processor.py:179} INFO - Processing /home/seva/UCU/AutomatedDataPipelines/Homework1/venv/lib/python3.10/site-packages/airflow/example_dags/example_datasets.py took 0.090 seconds
[2023-11-30T02:29:23.422+0200] {processor.py:157} INFO - Started process (PID=4891) to work on /home/seva/UCU/AutomatedDataPipelines/Homework1/venv/lib/python3.10/site-packages/airflow/example_dags/example_datasets.py
[2023-11-30T02:29:23.434+0200] {processor.py:829} INFO - Processing file /home/seva/UCU/AutomatedDataPipelines/Homework1/venv/lib/python3.10/site-packages/airflow/example_dags/example_datasets.py for tasks to queue
[2023-11-30T02:29:23.435+0200] {logging_mixin.py:154} INFO - [2023-11-30T02:29:23.434+0200] {dagbag.py:536} INFO - Filling up the DagBag from /home/seva/UCU/AutomatedDataPipelines/Homework1/venv/lib/python3.10/site-packages/airflow/example_dags/example_datasets.py
[2023-11-30T02:29:23.443+0200] {processor.py:839} INFO - DAG(s) dict_keys(['dataset_consumes_1_never_scheduled', 'dataset_produces_2', 'dataset_consumes_1', 'dataset_consumes_1_and_2', 'dataset_produces_1', 'dataset_consumes_unknown_never_scheduled']) retrieved from /home/seva/UCU/AutomatedDataPipelines/Homework1/venv/lib/python3.10/site-packages/airflow/example_dags/example_datasets.py
[2023-11-30T02:29:23.466+0200] {logging_mixin.py:154} INFO - [2023-11-30T02:29:23.466+0200] {dag.py:2941} INFO - Sync 6 DAGs
[2023-11-30T02:29:23.482+0200] {logging_mixin.py:154} INFO - [2023-11-30T02:29:23.481+0200] {dag.py:3722} INFO - Setting next_dagrun for dataset_consumes_1 to None, run_after=None
[2023-11-30T02:29:23.484+0200] {logging_mixin.py:154} INFO - [2023-11-30T02:29:23.484+0200] {dag.py:3722} INFO - Setting next_dagrun for dataset_consumes_1_and_2 to None, run_after=None
[2023-11-30T02:29:23.485+0200] {logging_mixin.py:154} INFO - [2023-11-30T02:29:23.485+0200] {dag.py:3722} INFO - Setting next_dagrun for dataset_consumes_1_never_scheduled to None, run_after=None
[2023-11-30T02:29:23.486+0200] {logging_mixin.py:154} INFO - [2023-11-30T02:29:23.485+0200] {dag.py:3722} INFO - Setting next_dagrun for dataset_consumes_unknown_never_scheduled to None, run_after=None
[2023-11-30T02:29:23.488+0200] {logging_mixin.py:154} INFO - [2023-11-30T02:29:23.488+0200] {dag.py:3722} INFO - Setting next_dagrun for dataset_produces_1 to 2023-11-29T00:00:00+00:00, run_after=2023-11-30T00:00:00+00:00
[2023-11-30T02:29:23.488+0200] {logging_mixin.py:154} INFO - [2023-11-30T02:29:23.488+0200] {dag.py:3722} INFO - Setting next_dagrun for dataset_produces_2 to None, run_after=None
[2023-11-30T02:29:23.520+0200] {processor.py:179} INFO - Processing /home/seva/UCU/AutomatedDataPipelines/Homework1/venv/lib/python3.10/site-packages/airflow/example_dags/example_datasets.py took 0.101 seconds
[2023-11-30T02:30:06.900+0200] {processor.py:157} INFO - Started process (PID=5064) to work on /home/seva/UCU/AutomatedDataPipelines/Homework1/venv/lib/python3.10/site-packages/airflow/example_dags/example_datasets.py
[2023-11-30T02:30:06.902+0200] {processor.py:829} INFO - Processing file /home/seva/UCU/AutomatedDataPipelines/Homework1/venv/lib/python3.10/site-packages/airflow/example_dags/example_datasets.py for tasks to queue
[2023-11-30T02:30:06.903+0200] {logging_mixin.py:154} INFO - [2023-11-30T02:30:06.903+0200] {dagbag.py:536} INFO - Filling up the DagBag from /home/seva/UCU/AutomatedDataPipelines/Homework1/venv/lib/python3.10/site-packages/airflow/example_dags/example_datasets.py
[2023-11-30T02:30:06.911+0200] {processor.py:839} INFO - DAG(s) dict_keys(['dataset_produces_2', 'dataset_consumes_1_never_scheduled', 'dataset_produces_1', 'dataset_consumes_1_and_2', 'dataset_consumes_unknown_never_scheduled', 'dataset_consumes_1']) retrieved from /home/seva/UCU/AutomatedDataPipelines/Homework1/venv/lib/python3.10/site-packages/airflow/example_dags/example_datasets.py
[2023-11-30T02:30:06.934+0200] {logging_mixin.py:154} INFO - [2023-11-30T02:30:06.934+0200] {dag.py:2941} INFO - Sync 6 DAGs
[2023-11-30T02:30:06.950+0200] {logging_mixin.py:154} INFO - [2023-11-30T02:30:06.950+0200] {dag.py:3722} INFO - Setting next_dagrun for dataset_consumes_1 to None, run_after=None
[2023-11-30T02:30:06.953+0200] {logging_mixin.py:154} INFO - [2023-11-30T02:30:06.952+0200] {dag.py:3722} INFO - Setting next_dagrun for dataset_consumes_1_and_2 to None, run_after=None
[2023-11-30T02:30:06.953+0200] {logging_mixin.py:154} INFO - [2023-11-30T02:30:06.953+0200] {dag.py:3722} INFO - Setting next_dagrun for dataset_consumes_1_never_scheduled to None, run_after=None
[2023-11-30T02:30:06.954+0200] {logging_mixin.py:154} INFO - [2023-11-30T02:30:06.954+0200] {dag.py:3722} INFO - Setting next_dagrun for dataset_consumes_unknown_never_scheduled to None, run_after=None
[2023-11-30T02:30:06.956+0200] {logging_mixin.py:154} INFO - [2023-11-30T02:30:06.956+0200] {dag.py:3722} INFO - Setting next_dagrun for dataset_produces_1 to 2023-11-29T00:00:00+00:00, run_after=2023-11-30T00:00:00+00:00
[2023-11-30T02:30:06.957+0200] {logging_mixin.py:154} INFO - [2023-11-30T02:30:06.957+0200] {dag.py:3722} INFO - Setting next_dagrun for dataset_produces_2 to None, run_after=None
[2023-11-30T02:30:06.989+0200] {processor.py:179} INFO - Processing /home/seva/UCU/AutomatedDataPipelines/Homework1/venv/lib/python3.10/site-packages/airflow/example_dags/example_datasets.py took 0.092 seconds
[2023-11-30T02:30:52.025+0200] {processor.py:157} INFO - Started process (PID=5240) to work on /home/seva/UCU/AutomatedDataPipelines/Homework1/venv/lib/python3.10/site-packages/airflow/example_dags/example_datasets.py
[2023-11-30T02:30:52.027+0200] {processor.py:829} INFO - Processing file /home/seva/UCU/AutomatedDataPipelines/Homework1/venv/lib/python3.10/site-packages/airflow/example_dags/example_datasets.py for tasks to queue
[2023-11-30T02:30:52.028+0200] {logging_mixin.py:154} INFO - [2023-11-30T02:30:52.028+0200] {dagbag.py:536} INFO - Filling up the DagBag from /home/seva/UCU/AutomatedDataPipelines/Homework1/venv/lib/python3.10/site-packages/airflow/example_dags/example_datasets.py
[2023-11-30T02:30:52.039+0200] {processor.py:839} INFO - DAG(s) dict_keys(['dataset_produces_2', 'dataset_consumes_1', 'dataset_produces_1', 'dataset_consumes_unknown_never_scheduled', 'dataset_consumes_1_never_scheduled', 'dataset_consumes_1_and_2']) retrieved from /home/seva/UCU/AutomatedDataPipelines/Homework1/venv/lib/python3.10/site-packages/airflow/example_dags/example_datasets.py
[2023-11-30T02:30:52.068+0200] {logging_mixin.py:154} INFO - [2023-11-30T02:30:52.068+0200] {dag.py:2941} INFO - Sync 6 DAGs
[2023-11-30T02:30:52.084+0200] {logging_mixin.py:154} INFO - [2023-11-30T02:30:52.084+0200] {dag.py:3722} INFO - Setting next_dagrun for dataset_consumes_1 to None, run_after=None
[2023-11-30T02:30:52.087+0200] {logging_mixin.py:154} INFO - [2023-11-30T02:30:52.087+0200] {dag.py:3722} INFO - Setting next_dagrun for dataset_consumes_1_and_2 to None, run_after=None
[2023-11-30T02:30:52.088+0200] {logging_mixin.py:154} INFO - [2023-11-30T02:30:52.088+0200] {dag.py:3722} INFO - Setting next_dagrun for dataset_consumes_1_never_scheduled to None, run_after=None
[2023-11-30T02:30:52.088+0200] {logging_mixin.py:154} INFO - [2023-11-30T02:30:52.088+0200] {dag.py:3722} INFO - Setting next_dagrun for dataset_consumes_unknown_never_scheduled to None, run_after=None
[2023-11-30T02:30:52.090+0200] {logging_mixin.py:154} INFO - [2023-11-30T02:30:52.090+0200] {dag.py:3722} INFO - Setting next_dagrun for dataset_produces_1 to 2023-11-29T00:00:00+00:00, run_after=2023-11-30T00:00:00+00:00
[2023-11-30T02:30:52.091+0200] {logging_mixin.py:154} INFO - [2023-11-30T02:30:52.091+0200] {dag.py:3722} INFO - Setting next_dagrun for dataset_produces_2 to None, run_after=None
[2023-11-30T02:30:52.122+0200] {processor.py:179} INFO - Processing /home/seva/UCU/AutomatedDataPipelines/Homework1/venv/lib/python3.10/site-packages/airflow/example_dags/example_datasets.py took 0.101 seconds
[2023-11-30T02:31:38.239+0200] {processor.py:157} INFO - Started process (PID=5423) to work on /home/seva/UCU/AutomatedDataPipelines/Homework1/venv/lib/python3.10/site-packages/airflow/example_dags/example_datasets.py
[2023-11-30T02:31:38.251+0200] {processor.py:829} INFO - Processing file /home/seva/UCU/AutomatedDataPipelines/Homework1/venv/lib/python3.10/site-packages/airflow/example_dags/example_datasets.py for tasks to queue
[2023-11-30T02:31:38.252+0200] {logging_mixin.py:154} INFO - [2023-11-30T02:31:38.252+0200] {dagbag.py:536} INFO - Filling up the DagBag from /home/seva/UCU/AutomatedDataPipelines/Homework1/venv/lib/python3.10/site-packages/airflow/example_dags/example_datasets.py
[2023-11-30T02:31:38.261+0200] {processor.py:839} INFO - DAG(s) dict_keys(['dataset_consumes_1', 'dataset_consumes_1_and_2', 'dataset_consumes_1_never_scheduled', 'dataset_produces_2', 'dataset_produces_1', 'dataset_consumes_unknown_never_scheduled']) retrieved from /home/seva/UCU/AutomatedDataPipelines/Homework1/venv/lib/python3.10/site-packages/airflow/example_dags/example_datasets.py
[2023-11-30T02:31:38.283+0200] {logging_mixin.py:154} INFO - [2023-11-30T02:31:38.283+0200] {dag.py:2941} INFO - Sync 6 DAGs
[2023-11-30T02:31:38.299+0200] {logging_mixin.py:154} INFO - [2023-11-30T02:31:38.299+0200] {dag.py:3722} INFO - Setting next_dagrun for dataset_consumes_1 to None, run_after=None
[2023-11-30T02:31:38.301+0200] {logging_mixin.py:154} INFO - [2023-11-30T02:31:38.301+0200] {dag.py:3722} INFO - Setting next_dagrun for dataset_consumes_1_and_2 to None, run_after=None
[2023-11-30T02:31:38.302+0200] {logging_mixin.py:154} INFO - [2023-11-30T02:31:38.302+0200] {dag.py:3722} INFO - Setting next_dagrun for dataset_consumes_1_never_scheduled to None, run_after=None
[2023-11-30T02:31:38.302+0200] {logging_mixin.py:154} INFO - [2023-11-30T02:31:38.302+0200] {dag.py:3722} INFO - Setting next_dagrun for dataset_consumes_unknown_never_scheduled to None, run_after=None
[2023-11-30T02:31:38.305+0200] {logging_mixin.py:154} INFO - [2023-11-30T02:31:38.304+0200] {dag.py:3722} INFO - Setting next_dagrun for dataset_produces_1 to 2023-11-29T00:00:00+00:00, run_after=2023-11-30T00:00:00+00:00
[2023-11-30T02:31:38.305+0200] {logging_mixin.py:154} INFO - [2023-11-30T02:31:38.305+0200] {dag.py:3722} INFO - Setting next_dagrun for dataset_produces_2 to None, run_after=None
[2023-11-30T02:31:38.335+0200] {processor.py:179} INFO - Processing /home/seva/UCU/AutomatedDataPipelines/Homework1/venv/lib/python3.10/site-packages/airflow/example_dags/example_datasets.py took 0.098 seconds
[2023-11-30T02:32:21.627+0200] {processor.py:157} INFO - Started process (PID=5596) to work on /home/seva/UCU/AutomatedDataPipelines/Homework1/venv/lib/python3.10/site-packages/airflow/example_dags/example_datasets.py
[2023-11-30T02:32:21.639+0200] {processor.py:829} INFO - Processing file /home/seva/UCU/AutomatedDataPipelines/Homework1/venv/lib/python3.10/site-packages/airflow/example_dags/example_datasets.py for tasks to queue
[2023-11-30T02:32:21.640+0200] {logging_mixin.py:154} INFO - [2023-11-30T02:32:21.640+0200] {dagbag.py:536} INFO - Filling up the DagBag from /home/seva/UCU/AutomatedDataPipelines/Homework1/venv/lib/python3.10/site-packages/airflow/example_dags/example_datasets.py
[2023-11-30T02:32:21.650+0200] {processor.py:839} INFO - DAG(s) dict_keys(['dataset_produces_1', 'dataset_consumes_1_and_2', 'dataset_consumes_unknown_never_scheduled', 'dataset_produces_2', 'dataset_consumes_1_never_scheduled', 'dataset_consumes_1']) retrieved from /home/seva/UCU/AutomatedDataPipelines/Homework1/venv/lib/python3.10/site-packages/airflow/example_dags/example_datasets.py
[2023-11-30T02:32:21.677+0200] {logging_mixin.py:154} INFO - [2023-11-30T02:32:21.676+0200] {dag.py:2941} INFO - Sync 6 DAGs
[2023-11-30T02:32:21.695+0200] {logging_mixin.py:154} INFO - [2023-11-30T02:32:21.694+0200] {dag.py:3722} INFO - Setting next_dagrun for dataset_consumes_1 to None, run_after=None
[2023-11-30T02:32:21.698+0200] {logging_mixin.py:154} INFO - [2023-11-30T02:32:21.698+0200] {dag.py:3722} INFO - Setting next_dagrun for dataset_consumes_1_and_2 to None, run_after=None
[2023-11-30T02:32:21.699+0200] {logging_mixin.py:154} INFO - [2023-11-30T02:32:21.698+0200] {dag.py:3722} INFO - Setting next_dagrun for dataset_consumes_1_never_scheduled to None, run_after=None
[2023-11-30T02:32:21.699+0200] {logging_mixin.py:154} INFO - [2023-11-30T02:32:21.699+0200] {dag.py:3722} INFO - Setting next_dagrun for dataset_consumes_unknown_never_scheduled to None, run_after=None
[2023-11-30T02:32:21.701+0200] {logging_mixin.py:154} INFO - [2023-11-30T02:32:21.701+0200] {dag.py:3722} INFO - Setting next_dagrun for dataset_produces_1 to 2023-11-29T00:00:00+00:00, run_after=2023-11-30T00:00:00+00:00
[2023-11-30T02:32:21.702+0200] {logging_mixin.py:154} INFO - [2023-11-30T02:32:21.702+0200] {dag.py:3722} INFO - Setting next_dagrun for dataset_produces_2 to None, run_after=None
[2023-11-30T02:32:21.737+0200] {processor.py:179} INFO - Processing /home/seva/UCU/AutomatedDataPipelines/Homework1/venv/lib/python3.10/site-packages/airflow/example_dags/example_datasets.py took 0.114 seconds
[2023-11-30T02:33:08.892+0200] {processor.py:157} INFO - Started process (PID=5810) to work on /home/seva/UCU/AutomatedDataPipelines/Homework1/venv/lib/python3.10/site-packages/airflow/example_dags/example_datasets.py
[2023-11-30T02:33:08.900+0200] {processor.py:829} INFO - Processing file /home/seva/UCU/AutomatedDataPipelines/Homework1/venv/lib/python3.10/site-packages/airflow/example_dags/example_datasets.py for tasks to queue
[2023-11-30T02:33:08.901+0200] {logging_mixin.py:154} INFO - [2023-11-30T02:33:08.901+0200] {dagbag.py:536} INFO - Filling up the DagBag from /home/seva/UCU/AutomatedDataPipelines/Homework1/venv/lib/python3.10/site-packages/airflow/example_dags/example_datasets.py
[2023-11-30T02:33:08.910+0200] {processor.py:839} INFO - DAG(s) dict_keys(['dataset_produces_1', 'dataset_produces_2', 'dataset_consumes_1', 'dataset_consumes_1_and_2', 'dataset_consumes_1_never_scheduled', 'dataset_consumes_unknown_never_scheduled']) retrieved from /home/seva/UCU/AutomatedDataPipelines/Homework1/venv/lib/python3.10/site-packages/airflow/example_dags/example_datasets.py
[2023-11-30T02:33:08.935+0200] {logging_mixin.py:154} INFO - [2023-11-30T02:33:08.935+0200] {dag.py:2941} INFO - Sync 6 DAGs
[2023-11-30T02:33:08.951+0200] {logging_mixin.py:154} INFO - [2023-11-30T02:33:08.951+0200] {dag.py:3722} INFO - Setting next_dagrun for dataset_consumes_1 to None, run_after=None
[2023-11-30T02:33:08.954+0200] {logging_mixin.py:154} INFO - [2023-11-30T02:33:08.954+0200] {dag.py:3722} INFO - Setting next_dagrun for dataset_consumes_1_and_2 to None, run_after=None
[2023-11-30T02:33:08.955+0200] {logging_mixin.py:154} INFO - [2023-11-30T02:33:08.955+0200] {dag.py:3722} INFO - Setting next_dagrun for dataset_consumes_1_never_scheduled to None, run_after=None
[2023-11-30T02:33:08.955+0200] {logging_mixin.py:154} INFO - [2023-11-30T02:33:08.955+0200] {dag.py:3722} INFO - Setting next_dagrun for dataset_consumes_unknown_never_scheduled to None, run_after=None
[2023-11-30T02:33:08.957+0200] {logging_mixin.py:154} INFO - [2023-11-30T02:33:08.957+0200] {dag.py:3722} INFO - Setting next_dagrun for dataset_produces_1 to 2023-11-29T00:00:00+00:00, run_after=2023-11-30T00:00:00+00:00
[2023-11-30T02:33:08.958+0200] {logging_mixin.py:154} INFO - [2023-11-30T02:33:08.958+0200] {dag.py:3722} INFO - Setting next_dagrun for dataset_produces_2 to None, run_after=None
[2023-11-30T02:33:08.991+0200] {processor.py:179} INFO - Processing /home/seva/UCU/AutomatedDataPipelines/Homework1/venv/lib/python3.10/site-packages/airflow/example_dags/example_datasets.py took 0.102 seconds
[2023-11-30T02:33:56.698+0200] {processor.py:157} INFO - Started process (PID=5996) to work on /home/seva/UCU/AutomatedDataPipelines/Homework1/venv/lib/python3.10/site-packages/airflow/example_dags/example_datasets.py
[2023-11-30T02:33:56.701+0200] {processor.py:829} INFO - Processing file /home/seva/UCU/AutomatedDataPipelines/Homework1/venv/lib/python3.10/site-packages/airflow/example_dags/example_datasets.py for tasks to queue
[2023-11-30T02:33:56.702+0200] {logging_mixin.py:154} INFO - [2023-11-30T02:33:56.701+0200] {dagbag.py:536} INFO - Filling up the DagBag from /home/seva/UCU/AutomatedDataPipelines/Homework1/venv/lib/python3.10/site-packages/airflow/example_dags/example_datasets.py
[2023-11-30T02:33:56.714+0200] {processor.py:839} INFO - DAG(s) dict_keys(['dataset_consumes_1_and_2', 'dataset_produces_1', 'dataset_produces_2', 'dataset_consumes_unknown_never_scheduled', 'dataset_consumes_1_never_scheduled', 'dataset_consumes_1']) retrieved from /home/seva/UCU/AutomatedDataPipelines/Homework1/venv/lib/python3.10/site-packages/airflow/example_dags/example_datasets.py
[2023-11-30T02:33:56.746+0200] {logging_mixin.py:154} INFO - [2023-11-30T02:33:56.746+0200] {dag.py:2941} INFO - Sync 6 DAGs
[2023-11-30T02:33:56.770+0200] {logging_mixin.py:154} INFO - [2023-11-30T02:33:56.770+0200] {dag.py:3722} INFO - Setting next_dagrun for dataset_consumes_1 to None, run_after=None
[2023-11-30T02:33:56.773+0200] {logging_mixin.py:154} INFO - [2023-11-30T02:33:56.773+0200] {dag.py:3722} INFO - Setting next_dagrun for dataset_consumes_1_and_2 to None, run_after=None
[2023-11-30T02:33:56.774+0200] {logging_mixin.py:154} INFO - [2023-11-30T02:33:56.774+0200] {dag.py:3722} INFO - Setting next_dagrun for dataset_consumes_1_never_scheduled to None, run_after=None
[2023-11-30T02:33:56.775+0200] {logging_mixin.py:154} INFO - [2023-11-30T02:33:56.775+0200] {dag.py:3722} INFO - Setting next_dagrun for dataset_consumes_unknown_never_scheduled to None, run_after=None
[2023-11-30T02:33:56.779+0200] {logging_mixin.py:154} INFO - [2023-11-30T02:33:56.779+0200] {dag.py:3722} INFO - Setting next_dagrun for dataset_produces_1 to 2023-11-29T00:00:00+00:00, run_after=2023-11-30T00:00:00+00:00
[2023-11-30T02:33:56.781+0200] {logging_mixin.py:154} INFO - [2023-11-30T02:33:56.780+0200] {dag.py:3722} INFO - Setting next_dagrun for dataset_produces_2 to None, run_after=None
[2023-11-30T02:33:56.817+0200] {processor.py:179} INFO - Processing /home/seva/UCU/AutomatedDataPipelines/Homework1/venv/lib/python3.10/site-packages/airflow/example_dags/example_datasets.py took 0.124 seconds
[2023-11-30T02:34:47.611+0200] {processor.py:157} INFO - Started process (PID=6200) to work on /home/seva/UCU/AutomatedDataPipelines/Homework1/venv/lib/python3.10/site-packages/airflow/example_dags/example_datasets.py
[2023-11-30T02:34:47.624+0200] {processor.py:829} INFO - Processing file /home/seva/UCU/AutomatedDataPipelines/Homework1/venv/lib/python3.10/site-packages/airflow/example_dags/example_datasets.py for tasks to queue
[2023-11-30T02:34:47.625+0200] {logging_mixin.py:154} INFO - [2023-11-30T02:34:47.624+0200] {dagbag.py:536} INFO - Filling up the DagBag from /home/seva/UCU/AutomatedDataPipelines/Homework1/venv/lib/python3.10/site-packages/airflow/example_dags/example_datasets.py
[2023-11-30T02:34:47.634+0200] {processor.py:839} INFO - DAG(s) dict_keys(['dataset_consumes_1_and_2', 'dataset_consumes_1_never_scheduled', 'dataset_produces_2', 'dataset_produces_1', 'dataset_consumes_unknown_never_scheduled', 'dataset_consumes_1']) retrieved from /home/seva/UCU/AutomatedDataPipelines/Homework1/venv/lib/python3.10/site-packages/airflow/example_dags/example_datasets.py
[2023-11-30T02:34:47.657+0200] {logging_mixin.py:154} INFO - [2023-11-30T02:34:47.657+0200] {dag.py:2941} INFO - Sync 6 DAGs
[2023-11-30T02:34:47.673+0200] {logging_mixin.py:154} INFO - [2023-11-30T02:34:47.673+0200] {dag.py:3722} INFO - Setting next_dagrun for dataset_consumes_1 to None, run_after=None
[2023-11-30T02:34:47.675+0200] {logging_mixin.py:154} INFO - [2023-11-30T02:34:47.675+0200] {dag.py:3722} INFO - Setting next_dagrun for dataset_consumes_1_and_2 to None, run_after=None
[2023-11-30T02:34:47.675+0200] {logging_mixin.py:154} INFO - [2023-11-30T02:34:47.675+0200] {dag.py:3722} INFO - Setting next_dagrun for dataset_consumes_1_never_scheduled to None, run_after=None
[2023-11-30T02:34:47.676+0200] {logging_mixin.py:154} INFO - [2023-11-30T02:34:47.676+0200] {dag.py:3722} INFO - Setting next_dagrun for dataset_consumes_unknown_never_scheduled to None, run_after=None
[2023-11-30T02:34:47.678+0200] {logging_mixin.py:154} INFO - [2023-11-30T02:34:47.678+0200] {dag.py:3722} INFO - Setting next_dagrun for dataset_produces_1 to 2023-11-29T00:00:00+00:00, run_after=2023-11-30T00:00:00+00:00
[2023-11-30T02:34:47.679+0200] {logging_mixin.py:154} INFO - [2023-11-30T02:34:47.679+0200] {dag.py:3722} INFO - Setting next_dagrun for dataset_produces_2 to None, run_after=None
[2023-11-30T02:34:47.710+0200] {processor.py:179} INFO - Processing /home/seva/UCU/AutomatedDataPipelines/Homework1/venv/lib/python3.10/site-packages/airflow/example_dags/example_datasets.py took 0.101 seconds
[2023-11-30T02:35:33.649+0200] {processor.py:157} INFO - Started process (PID=6381) to work on /home/seva/UCU/AutomatedDataPipelines/Homework1/venv/lib/python3.10/site-packages/airflow/example_dags/example_datasets.py
[2023-11-30T02:35:33.661+0200] {processor.py:829} INFO - Processing file /home/seva/UCU/AutomatedDataPipelines/Homework1/venv/lib/python3.10/site-packages/airflow/example_dags/example_datasets.py for tasks to queue
[2023-11-30T02:35:33.662+0200] {logging_mixin.py:154} INFO - [2023-11-30T02:35:33.661+0200] {dagbag.py:536} INFO - Filling up the DagBag from /home/seva/UCU/AutomatedDataPipelines/Homework1/venv/lib/python3.10/site-packages/airflow/example_dags/example_datasets.py
[2023-11-30T02:35:33.671+0200] {processor.py:839} INFO - DAG(s) dict_keys(['dataset_consumes_unknown_never_scheduled', 'dataset_produces_2', 'dataset_consumes_1_never_scheduled', 'dataset_consumes_1_and_2', 'dataset_consumes_1', 'dataset_produces_1']) retrieved from /home/seva/UCU/AutomatedDataPipelines/Homework1/venv/lib/python3.10/site-packages/airflow/example_dags/example_datasets.py
[2023-11-30T02:35:33.697+0200] {logging_mixin.py:154} INFO - [2023-11-30T02:35:33.697+0200] {dag.py:2941} INFO - Sync 6 DAGs
[2023-11-30T02:35:33.717+0200] {logging_mixin.py:154} INFO - [2023-11-30T02:35:33.716+0200] {dag.py:3722} INFO - Setting next_dagrun for dataset_consumes_1 to None, run_after=None
[2023-11-30T02:35:33.720+0200] {logging_mixin.py:154} INFO - [2023-11-30T02:35:33.720+0200] {dag.py:3722} INFO - Setting next_dagrun for dataset_consumes_1_and_2 to None, run_after=None
[2023-11-30T02:35:33.721+0200] {logging_mixin.py:154} INFO - [2023-11-30T02:35:33.721+0200] {dag.py:3722} INFO - Setting next_dagrun for dataset_consumes_1_never_scheduled to None, run_after=None
[2023-11-30T02:35:33.721+0200] {logging_mixin.py:154} INFO - [2023-11-30T02:35:33.721+0200] {dag.py:3722} INFO - Setting next_dagrun for dataset_consumes_unknown_never_scheduled to None, run_after=None
[2023-11-30T02:35:33.724+0200] {logging_mixin.py:154} INFO - [2023-11-30T02:35:33.724+0200] {dag.py:3722} INFO - Setting next_dagrun for dataset_produces_1 to 2023-11-29T00:00:00+00:00, run_after=2023-11-30T00:00:00+00:00
[2023-11-30T02:35:33.725+0200] {logging_mixin.py:154} INFO - [2023-11-30T02:35:33.725+0200] {dag.py:3722} INFO - Setting next_dagrun for dataset_produces_2 to None, run_after=None
[2023-11-30T02:35:33.759+0200] {processor.py:179} INFO - Processing /home/seva/UCU/AutomatedDataPipelines/Homework1/venv/lib/python3.10/site-packages/airflow/example_dags/example_datasets.py took 0.114 seconds
[2023-11-30T02:36:19.147+0200] {processor.py:157} INFO - Started process (PID=6564) to work on /home/seva/UCU/AutomatedDataPipelines/Homework1/venv/lib/python3.10/site-packages/airflow/example_dags/example_datasets.py
[2023-11-30T02:36:19.149+0200] {processor.py:829} INFO - Processing file /home/seva/UCU/AutomatedDataPipelines/Homework1/venv/lib/python3.10/site-packages/airflow/example_dags/example_datasets.py for tasks to queue
[2023-11-30T02:36:19.150+0200] {logging_mixin.py:154} INFO - [2023-11-30T02:36:19.150+0200] {dagbag.py:536} INFO - Filling up the DagBag from /home/seva/UCU/AutomatedDataPipelines/Homework1/venv/lib/python3.10/site-packages/airflow/example_dags/example_datasets.py
[2023-11-30T02:36:19.158+0200] {processor.py:839} INFO - DAG(s) dict_keys(['dataset_consumes_unknown_never_scheduled', 'dataset_produces_2', 'dataset_produces_1', 'dataset_consumes_1', 'dataset_consumes_1_never_scheduled', 'dataset_consumes_1_and_2']) retrieved from /home/seva/UCU/AutomatedDataPipelines/Homework1/venv/lib/python3.10/site-packages/airflow/example_dags/example_datasets.py
[2023-11-30T02:36:19.183+0200] {logging_mixin.py:154} INFO - [2023-11-30T02:36:19.183+0200] {dag.py:2941} INFO - Sync 6 DAGs
[2023-11-30T02:36:19.201+0200] {logging_mixin.py:154} INFO - [2023-11-30T02:36:19.201+0200] {dag.py:3722} INFO - Setting next_dagrun for dataset_consumes_1 to None, run_after=None
[2023-11-30T02:36:19.204+0200] {logging_mixin.py:154} INFO - [2023-11-30T02:36:19.203+0200] {dag.py:3722} INFO - Setting next_dagrun for dataset_consumes_1_and_2 to None, run_after=None
[2023-11-30T02:36:19.204+0200] {logging_mixin.py:154} INFO - [2023-11-30T02:36:19.204+0200] {dag.py:3722} INFO - Setting next_dagrun for dataset_consumes_1_never_scheduled to None, run_after=None
[2023-11-30T02:36:19.205+0200] {logging_mixin.py:154} INFO - [2023-11-30T02:36:19.205+0200] {dag.py:3722} INFO - Setting next_dagrun for dataset_consumes_unknown_never_scheduled to None, run_after=None
[2023-11-30T02:36:19.207+0200] {logging_mixin.py:154} INFO - [2023-11-30T02:36:19.206+0200] {dag.py:3722} INFO - Setting next_dagrun for dataset_produces_1 to 2023-11-29T00:00:00+00:00, run_after=2023-11-30T00:00:00+00:00
[2023-11-30T02:36:19.207+0200] {logging_mixin.py:154} INFO - [2023-11-30T02:36:19.207+0200] {dag.py:3722} INFO - Setting next_dagrun for dataset_produces_2 to None, run_after=None
[2023-11-30T02:36:19.240+0200] {processor.py:179} INFO - Processing /home/seva/UCU/AutomatedDataPipelines/Homework1/venv/lib/python3.10/site-packages/airflow/example_dags/example_datasets.py took 0.097 seconds
[2023-11-30T02:37:07.040+0200] {processor.py:157} INFO - Started process (PID=6753) to work on /home/seva/UCU/AutomatedDataPipelines/Homework1/venv/lib/python3.10/site-packages/airflow/example_dags/example_datasets.py
[2023-11-30T02:37:07.053+0200] {processor.py:829} INFO - Processing file /home/seva/UCU/AutomatedDataPipelines/Homework1/venv/lib/python3.10/site-packages/airflow/example_dags/example_datasets.py for tasks to queue
[2023-11-30T02:37:07.054+0200] {logging_mixin.py:154} INFO - [2023-11-30T02:37:07.053+0200] {dagbag.py:536} INFO - Filling up the DagBag from /home/seva/UCU/AutomatedDataPipelines/Homework1/venv/lib/python3.10/site-packages/airflow/example_dags/example_datasets.py
[2023-11-30T02:37:07.065+0200] {processor.py:839} INFO - DAG(s) dict_keys(['dataset_produces_2', 'dataset_consumes_1_and_2', 'dataset_consumes_1_never_scheduled', 'dataset_produces_1', 'dataset_consumes_1', 'dataset_consumes_unknown_never_scheduled']) retrieved from /home/seva/UCU/AutomatedDataPipelines/Homework1/venv/lib/python3.10/site-packages/airflow/example_dags/example_datasets.py
[2023-11-30T02:37:07.097+0200] {logging_mixin.py:154} INFO - [2023-11-30T02:37:07.096+0200] {dag.py:2941} INFO - Sync 6 DAGs
[2023-11-30T02:37:07.118+0200] {logging_mixin.py:154} INFO - [2023-11-30T02:37:07.118+0200] {dag.py:3722} INFO - Setting next_dagrun for dataset_consumes_1 to None, run_after=None
[2023-11-30T02:37:07.121+0200] {logging_mixin.py:154} INFO - [2023-11-30T02:37:07.121+0200] {dag.py:3722} INFO - Setting next_dagrun for dataset_consumes_1_and_2 to None, run_after=None
[2023-11-30T02:37:07.123+0200] {logging_mixin.py:154} INFO - [2023-11-30T02:37:07.123+0200] {dag.py:3722} INFO - Setting next_dagrun for dataset_consumes_1_never_scheduled to None, run_after=None
[2023-11-30T02:37:07.124+0200] {logging_mixin.py:154} INFO - [2023-11-30T02:37:07.124+0200] {dag.py:3722} INFO - Setting next_dagrun for dataset_consumes_unknown_never_scheduled to None, run_after=None
[2023-11-30T02:37:07.128+0200] {logging_mixin.py:154} INFO - [2023-11-30T02:37:07.127+0200] {dag.py:3722} INFO - Setting next_dagrun for dataset_produces_1 to 2023-11-29T00:00:00+00:00, run_after=2023-11-30T00:00:00+00:00
[2023-11-30T02:37:07.129+0200] {logging_mixin.py:154} INFO - [2023-11-30T02:37:07.129+0200] {dag.py:3722} INFO - Setting next_dagrun for dataset_produces_2 to None, run_after=None
[2023-11-30T02:37:07.163+0200] {processor.py:179} INFO - Processing /home/seva/UCU/AutomatedDataPipelines/Homework1/venv/lib/python3.10/site-packages/airflow/example_dags/example_datasets.py took 0.126 seconds
[2023-11-30T02:37:58.064+0200] {processor.py:157} INFO - Started process (PID=6955) to work on /home/seva/UCU/AutomatedDataPipelines/Homework1/venv/lib/python3.10/site-packages/airflow/example_dags/example_datasets.py
[2023-11-30T02:37:58.076+0200] {processor.py:829} INFO - Processing file /home/seva/UCU/AutomatedDataPipelines/Homework1/venv/lib/python3.10/site-packages/airflow/example_dags/example_datasets.py for tasks to queue
[2023-11-30T02:37:58.077+0200] {logging_mixin.py:154} INFO - [2023-11-30T02:37:58.077+0200] {dagbag.py:536} INFO - Filling up the DagBag from /home/seva/UCU/AutomatedDataPipelines/Homework1/venv/lib/python3.10/site-packages/airflow/example_dags/example_datasets.py
[2023-11-30T02:37:58.086+0200] {processor.py:839} INFO - DAG(s) dict_keys(['dataset_consumes_1_and_2', 'dataset_consumes_unknown_never_scheduled', 'dataset_consumes_1_never_scheduled', 'dataset_produces_2', 'dataset_produces_1', 'dataset_consumes_1']) retrieved from /home/seva/UCU/AutomatedDataPipelines/Homework1/venv/lib/python3.10/site-packages/airflow/example_dags/example_datasets.py
[2023-11-30T02:37:58.110+0200] {logging_mixin.py:154} INFO - [2023-11-30T02:37:58.110+0200] {dag.py:2941} INFO - Sync 6 DAGs
[2023-11-30T02:37:58.127+0200] {logging_mixin.py:154} INFO - [2023-11-30T02:37:58.127+0200] {dag.py:3722} INFO - Setting next_dagrun for dataset_consumes_1 to None, run_after=None
[2023-11-30T02:37:58.131+0200] {logging_mixin.py:154} INFO - [2023-11-30T02:37:58.131+0200] {dag.py:3722} INFO - Setting next_dagrun for dataset_consumes_1_and_2 to None, run_after=None
[2023-11-30T02:37:58.132+0200] {logging_mixin.py:154} INFO - [2023-11-30T02:37:58.132+0200] {dag.py:3722} INFO - Setting next_dagrun for dataset_consumes_1_never_scheduled to None, run_after=None
[2023-11-30T02:37:58.132+0200] {logging_mixin.py:154} INFO - [2023-11-30T02:37:58.132+0200] {dag.py:3722} INFO - Setting next_dagrun for dataset_consumes_unknown_never_scheduled to None, run_after=None
[2023-11-30T02:37:58.134+0200] {logging_mixin.py:154} INFO - [2023-11-30T02:37:58.134+0200] {dag.py:3722} INFO - Setting next_dagrun for dataset_produces_1 to 2023-11-29T00:00:00+00:00, run_after=2023-11-30T00:00:00+00:00
[2023-11-30T02:37:58.135+0200] {logging_mixin.py:154} INFO - [2023-11-30T02:37:58.135+0200] {dag.py:3722} INFO - Setting next_dagrun for dataset_produces_2 to None, run_after=None
[2023-11-30T02:37:58.188+0200] {processor.py:179} INFO - Processing /home/seva/UCU/AutomatedDataPipelines/Homework1/venv/lib/python3.10/site-packages/airflow/example_dags/example_datasets.py took 0.127 seconds
[2023-11-30T02:38:51.566+0200] {processor.py:157} INFO - Started process (PID=7348) to work on /home/seva/UCU/AutomatedDataPipelines/Homework1/venv/lib/python3.10/site-packages/airflow/example_dags/example_datasets.py
[2023-11-30T02:38:51.578+0200] {processor.py:829} INFO - Processing file /home/seva/UCU/AutomatedDataPipelines/Homework1/venv/lib/python3.10/site-packages/airflow/example_dags/example_datasets.py for tasks to queue
[2023-11-30T02:38:51.579+0200] {logging_mixin.py:154} INFO - [2023-11-30T02:38:51.578+0200] {dagbag.py:536} INFO - Filling up the DagBag from /home/seva/UCU/AutomatedDataPipelines/Homework1/venv/lib/python3.10/site-packages/airflow/example_dags/example_datasets.py
[2023-11-30T02:38:51.589+0200] {processor.py:839} INFO - DAG(s) dict_keys(['dataset_consumes_unknown_never_scheduled', 'dataset_consumes_1', 'dataset_consumes_1_never_scheduled', 'dataset_consumes_1_and_2', 'dataset_produces_1', 'dataset_produces_2']) retrieved from /home/seva/UCU/AutomatedDataPipelines/Homework1/venv/lib/python3.10/site-packages/airflow/example_dags/example_datasets.py
[2023-11-30T02:38:51.621+0200] {logging_mixin.py:154} INFO - [2023-11-30T02:38:51.620+0200] {dag.py:2941} INFO - Sync 6 DAGs
[2023-11-30T02:38:51.645+0200] {logging_mixin.py:154} INFO - [2023-11-30T02:38:51.645+0200] {dag.py:3722} INFO - Setting next_dagrun for dataset_consumes_1 to None, run_after=None
[2023-11-30T02:38:51.649+0200] {logging_mixin.py:154} INFO - [2023-11-30T02:38:51.649+0200] {dag.py:3722} INFO - Setting next_dagrun for dataset_consumes_1_and_2 to None, run_after=None
[2023-11-30T02:38:51.650+0200] {logging_mixin.py:154} INFO - [2023-11-30T02:38:51.650+0200] {dag.py:3722} INFO - Setting next_dagrun for dataset_consumes_1_never_scheduled to None, run_after=None
[2023-11-30T02:38:51.651+0200] {logging_mixin.py:154} INFO - [2023-11-30T02:38:51.651+0200] {dag.py:3722} INFO - Setting next_dagrun for dataset_consumes_unknown_never_scheduled to None, run_after=None
[2023-11-30T02:38:51.654+0200] {logging_mixin.py:154} INFO - [2023-11-30T02:38:51.654+0200] {dag.py:3722} INFO - Setting next_dagrun for dataset_produces_1 to 2023-11-29T00:00:00+00:00, run_after=2023-11-30T00:00:00+00:00
[2023-11-30T02:38:51.656+0200] {logging_mixin.py:154} INFO - [2023-11-30T02:38:51.655+0200] {dag.py:3722} INFO - Setting next_dagrun for dataset_produces_2 to None, run_after=None
[2023-11-30T02:38:51.690+0200] {processor.py:179} INFO - Processing /home/seva/UCU/AutomatedDataPipelines/Homework1/venv/lib/python3.10/site-packages/airflow/example_dags/example_datasets.py took 0.127 seconds
