[2023-11-30T02:13:42.828+0200] {processor.py:157} INFO - Started process (PID=1223) to work on /home/seva/UCU/AutomatedDataPipelines/Homework1/venv/lib/python3.10/site-packages/airflow/example_dags/example_branch_python_dop_operator_3.py
[2023-11-30T02:13:42.830+0200] {processor.py:829} INFO - Processing file /home/seva/UCU/AutomatedDataPipelines/Homework1/venv/lib/python3.10/site-packages/airflow/example_dags/example_branch_python_dop_operator_3.py for tasks to queue
[2023-11-30T02:13:42.831+0200] {logging_mixin.py:154} INFO - [2023-11-30T02:13:42.830+0200] {dagbag.py:536} INFO - Filling up the DagBag from /home/seva/UCU/AutomatedDataPipelines/Homework1/venv/lib/python3.10/site-packages/airflow/example_dags/example_branch_python_dop_operator_3.py
[2023-11-30T02:13:42.839+0200] {processor.py:839} INFO - DAG(s) dict_keys(['example_branch_dop_operator_v3']) retrieved from /home/seva/UCU/AutomatedDataPipelines/Homework1/venv/lib/python3.10/site-packages/airflow/example_dags/example_branch_python_dop_operator_3.py
[2023-11-30T02:13:42.952+0200] {logging_mixin.py:154} INFO - [2023-11-30T02:13:42.952+0200] {manager.py:499} INFO - Created Permission View: %s
[2023-11-30T02:13:42.969+0200] {logging_mixin.py:154} INFO - [2023-11-30T02:13:42.968+0200] {manager.py:499} INFO - Created Permission View: %s
[2023-11-30T02:13:42.985+0200] {logging_mixin.py:154} INFO - [2023-11-30T02:13:42.984+0200] {manager.py:499} INFO - Created Permission View: %s
[2023-11-30T02:13:42.985+0200] {logging_mixin.py:154} INFO - [2023-11-30T02:13:42.985+0200] {dag.py:2941} INFO - Sync 1 DAGs
[2023-11-30T02:13:42.994+0200] {logging_mixin.py:154} INFO - [2023-11-30T02:13:42.994+0200] {dag.py:2963} INFO - Creating ORM DAG for example_branch_dop_operator_v3
[2023-11-30T02:13:43.006+0200] {logging_mixin.py:154} INFO - [2023-11-30T02:13:43.006+0200] {dag.py:3722} INFO - Setting next_dagrun for example_branch_dop_operator_v3 to 2023-11-30T00:12:00+00:00, run_after=2023-11-30T00:13:00+00:00
[2023-11-30T02:13:43.036+0200] {processor.py:179} INFO - Processing /home/seva/UCU/AutomatedDataPipelines/Homework1/venv/lib/python3.10/site-packages/airflow/example_dags/example_branch_python_dop_operator_3.py took 0.210 seconds
[2023-11-30T02:14:29.221+0200] {processor.py:157} INFO - Started process (PID=1367) to work on /home/seva/UCU/AutomatedDataPipelines/Homework1/venv/lib/python3.10/site-packages/airflow/example_dags/example_branch_python_dop_operator_3.py
[2023-11-30T02:14:29.234+0200] {processor.py:829} INFO - Processing file /home/seva/UCU/AutomatedDataPipelines/Homework1/venv/lib/python3.10/site-packages/airflow/example_dags/example_branch_python_dop_operator_3.py for tasks to queue
[2023-11-30T02:14:29.235+0200] {logging_mixin.py:154} INFO - [2023-11-30T02:14:29.234+0200] {dagbag.py:536} INFO - Filling up the DagBag from /home/seva/UCU/AutomatedDataPipelines/Homework1/venv/lib/python3.10/site-packages/airflow/example_dags/example_branch_python_dop_operator_3.py
[2023-11-30T02:14:29.244+0200] {processor.py:839} INFO - DAG(s) dict_keys(['example_branch_dop_operator_v3']) retrieved from /home/seva/UCU/AutomatedDataPipelines/Homework1/venv/lib/python3.10/site-packages/airflow/example_dags/example_branch_python_dop_operator_3.py
[2023-11-30T02:14:29.257+0200] {logging_mixin.py:154} INFO - [2023-11-30T02:14:29.257+0200] {dag.py:2941} INFO - Sync 1 DAGs
[2023-11-30T02:14:29.276+0200] {logging_mixin.py:154} INFO - [2023-11-30T02:14:29.276+0200] {dag.py:3722} INFO - Setting next_dagrun for example_branch_dop_operator_v3 to 2023-11-30T00:13:00+00:00, run_after=2023-11-30T00:14:00+00:00
[2023-11-30T02:14:29.300+0200] {processor.py:179} INFO - Processing /home/seva/UCU/AutomatedDataPipelines/Homework1/venv/lib/python3.10/site-packages/airflow/example_dags/example_branch_python_dop_operator_3.py took 0.082 seconds
[2023-11-30T02:15:16.194+0200] {processor.py:157} INFO - Started process (PID=1535) to work on /home/seva/UCU/AutomatedDataPipelines/Homework1/venv/lib/python3.10/site-packages/airflow/example_dags/example_branch_python_dop_operator_3.py
[2023-11-30T02:15:16.206+0200] {processor.py:829} INFO - Processing file /home/seva/UCU/AutomatedDataPipelines/Homework1/venv/lib/python3.10/site-packages/airflow/example_dags/example_branch_python_dop_operator_3.py for tasks to queue
[2023-11-30T02:15:16.208+0200] {logging_mixin.py:154} INFO - [2023-11-30T02:15:16.207+0200] {dagbag.py:536} INFO - Filling up the DagBag from /home/seva/UCU/AutomatedDataPipelines/Homework1/venv/lib/python3.10/site-packages/airflow/example_dags/example_branch_python_dop_operator_3.py
[2023-11-30T02:15:16.216+0200] {processor.py:839} INFO - DAG(s) dict_keys(['example_branch_dop_operator_v3']) retrieved from /home/seva/UCU/AutomatedDataPipelines/Homework1/venv/lib/python3.10/site-packages/airflow/example_dags/example_branch_python_dop_operator_3.py
[2023-11-30T02:15:16.230+0200] {logging_mixin.py:154} INFO - [2023-11-30T02:15:16.230+0200] {dag.py:2941} INFO - Sync 1 DAGs
[2023-11-30T02:15:16.249+0200] {logging_mixin.py:154} INFO - [2023-11-30T02:15:16.249+0200] {dag.py:3722} INFO - Setting next_dagrun for example_branch_dop_operator_v3 to 2023-11-30T00:14:00+00:00, run_after=2023-11-30T00:15:00+00:00
[2023-11-30T02:15:16.272+0200] {processor.py:179} INFO - Processing /home/seva/UCU/AutomatedDataPipelines/Homework1/venv/lib/python3.10/site-packages/airflow/example_dags/example_branch_python_dop_operator_3.py took 0.081 seconds
[2023-11-30T02:15:59.696+0200] {processor.py:157} INFO - Started process (PID=1707) to work on /home/seva/UCU/AutomatedDataPipelines/Homework1/venv/lib/python3.10/site-packages/airflow/example_dags/example_branch_python_dop_operator_3.py
[2023-11-30T02:15:59.698+0200] {processor.py:829} INFO - Processing file /home/seva/UCU/AutomatedDataPipelines/Homework1/venv/lib/python3.10/site-packages/airflow/example_dags/example_branch_python_dop_operator_3.py for tasks to queue
[2023-11-30T02:15:59.699+0200] {logging_mixin.py:154} INFO - [2023-11-30T02:15:59.698+0200] {dagbag.py:536} INFO - Filling up the DagBag from /home/seva/UCU/AutomatedDataPipelines/Homework1/venv/lib/python3.10/site-packages/airflow/example_dags/example_branch_python_dop_operator_3.py
[2023-11-30T02:15:59.707+0200] {processor.py:839} INFO - DAG(s) dict_keys(['example_branch_dop_operator_v3']) retrieved from /home/seva/UCU/AutomatedDataPipelines/Homework1/venv/lib/python3.10/site-packages/airflow/example_dags/example_branch_python_dop_operator_3.py
[2023-11-30T02:15:59.721+0200] {logging_mixin.py:154} INFO - [2023-11-30T02:15:59.721+0200] {dag.py:2941} INFO - Sync 1 DAGs
[2023-11-30T02:15:59.739+0200] {logging_mixin.py:154} INFO - [2023-11-30T02:15:59.739+0200] {dag.py:3722} INFO - Setting next_dagrun for example_branch_dop_operator_v3 to 2023-11-30T00:14:00+00:00, run_after=2023-11-30T00:15:00+00:00
[2023-11-30T02:15:59.762+0200] {processor.py:179} INFO - Processing /home/seva/UCU/AutomatedDataPipelines/Homework1/venv/lib/python3.10/site-packages/airflow/example_dags/example_branch_python_dop_operator_3.py took 0.069 seconds
[2023-11-30T02:16:47.444+0200] {processor.py:157} INFO - Started process (PID=1896) to work on /home/seva/UCU/AutomatedDataPipelines/Homework1/venv/lib/python3.10/site-packages/airflow/example_dags/example_branch_python_dop_operator_3.py
[2023-11-30T02:16:47.447+0200] {processor.py:829} INFO - Processing file /home/seva/UCU/AutomatedDataPipelines/Homework1/venv/lib/python3.10/site-packages/airflow/example_dags/example_branch_python_dop_operator_3.py for tasks to queue
[2023-11-30T02:16:47.448+0200] {logging_mixin.py:154} INFO - [2023-11-30T02:16:47.447+0200] {dagbag.py:536} INFO - Filling up the DagBag from /home/seva/UCU/AutomatedDataPipelines/Homework1/venv/lib/python3.10/site-packages/airflow/example_dags/example_branch_python_dop_operator_3.py
[2023-11-30T02:16:47.455+0200] {processor.py:839} INFO - DAG(s) dict_keys(['example_branch_dop_operator_v3']) retrieved from /home/seva/UCU/AutomatedDataPipelines/Homework1/venv/lib/python3.10/site-packages/airflow/example_dags/example_branch_python_dop_operator_3.py
[2023-11-30T02:16:47.469+0200] {logging_mixin.py:154} INFO - [2023-11-30T02:16:47.469+0200] {dag.py:2941} INFO - Sync 1 DAGs
[2023-11-30T02:16:47.488+0200] {logging_mixin.py:154} INFO - [2023-11-30T02:16:47.488+0200] {dag.py:3722} INFO - Setting next_dagrun for example_branch_dop_operator_v3 to 2023-11-30T00:15:00+00:00, run_after=2023-11-30T00:16:00+00:00
[2023-11-30T02:16:47.510+0200] {processor.py:179} INFO - Processing /home/seva/UCU/AutomatedDataPipelines/Homework1/venv/lib/python3.10/site-packages/airflow/example_dags/example_branch_python_dop_operator_3.py took 0.069 seconds
[2023-11-30T02:17:30.233+0200] {processor.py:157} INFO - Started process (PID=2075) to work on /home/seva/UCU/AutomatedDataPipelines/Homework1/venv/lib/python3.10/site-packages/airflow/example_dags/example_branch_python_dop_operator_3.py
[2023-11-30T02:17:30.245+0200] {processor.py:829} INFO - Processing file /home/seva/UCU/AutomatedDataPipelines/Homework1/venv/lib/python3.10/site-packages/airflow/example_dags/example_branch_python_dop_operator_3.py for tasks to queue
[2023-11-30T02:17:30.246+0200] {logging_mixin.py:154} INFO - [2023-11-30T02:17:30.245+0200] {dagbag.py:536} INFO - Filling up the DagBag from /home/seva/UCU/AutomatedDataPipelines/Homework1/venv/lib/python3.10/site-packages/airflow/example_dags/example_branch_python_dop_operator_3.py
[2023-11-30T02:17:30.255+0200] {processor.py:839} INFO - DAG(s) dict_keys(['example_branch_dop_operator_v3']) retrieved from /home/seva/UCU/AutomatedDataPipelines/Homework1/venv/lib/python3.10/site-packages/airflow/example_dags/example_branch_python_dop_operator_3.py
[2023-11-30T02:17:30.268+0200] {logging_mixin.py:154} INFO - [2023-11-30T02:17:30.268+0200] {dag.py:2941} INFO - Sync 1 DAGs
[2023-11-30T02:17:30.287+0200] {logging_mixin.py:154} INFO - [2023-11-30T02:17:30.287+0200] {dag.py:3722} INFO - Setting next_dagrun for example_branch_dop_operator_v3 to 2023-11-30T00:16:00+00:00, run_after=2023-11-30T00:17:00+00:00
[2023-11-30T02:17:30.312+0200] {processor.py:179} INFO - Processing /home/seva/UCU/AutomatedDataPipelines/Homework1/venv/lib/python3.10/site-packages/airflow/example_dags/example_branch_python_dop_operator_3.py took 0.082 seconds
[2023-11-30T02:18:14.734+0200] {processor.py:157} INFO - Started process (PID=2247) to work on /home/seva/UCU/AutomatedDataPipelines/Homework1/venv/lib/python3.10/site-packages/airflow/example_dags/example_branch_python_dop_operator_3.py
[2023-11-30T02:18:14.737+0200] {processor.py:829} INFO - Processing file /home/seva/UCU/AutomatedDataPipelines/Homework1/venv/lib/python3.10/site-packages/airflow/example_dags/example_branch_python_dop_operator_3.py for tasks to queue
[2023-11-30T02:18:14.738+0200] {logging_mixin.py:154} INFO - [2023-11-30T02:18:14.738+0200] {dagbag.py:536} INFO - Filling up the DagBag from /home/seva/UCU/AutomatedDataPipelines/Homework1/venv/lib/python3.10/site-packages/airflow/example_dags/example_branch_python_dop_operator_3.py
[2023-11-30T02:18:14.747+0200] {processor.py:839} INFO - DAG(s) dict_keys(['example_branch_dop_operator_v3']) retrieved from /home/seva/UCU/AutomatedDataPipelines/Homework1/venv/lib/python3.10/site-packages/airflow/example_dags/example_branch_python_dop_operator_3.py
[2023-11-30T02:18:14.762+0200] {logging_mixin.py:154} INFO - [2023-11-30T02:18:14.762+0200] {dag.py:2941} INFO - Sync 1 DAGs
[2023-11-30T02:18:14.783+0200] {logging_mixin.py:154} INFO - [2023-11-30T02:18:14.783+0200] {dag.py:3722} INFO - Setting next_dagrun for example_branch_dop_operator_v3 to 2023-11-30T00:17:00+00:00, run_after=2023-11-30T00:18:00+00:00
[2023-11-30T02:18:14.808+0200] {processor.py:179} INFO - Processing /home/seva/UCU/AutomatedDataPipelines/Homework1/venv/lib/python3.10/site-packages/airflow/example_dags/example_branch_python_dop_operator_3.py took 0.077 seconds
[2023-11-30T02:18:59.961+0200] {processor.py:157} INFO - Started process (PID=2428) to work on /home/seva/UCU/AutomatedDataPipelines/Homework1/venv/lib/python3.10/site-packages/airflow/example_dags/example_branch_python_dop_operator_3.py
[2023-11-30T02:18:59.972+0200] {processor.py:829} INFO - Processing file /home/seva/UCU/AutomatedDataPipelines/Homework1/venv/lib/python3.10/site-packages/airflow/example_dags/example_branch_python_dop_operator_3.py for tasks to queue
[2023-11-30T02:18:59.973+0200] {logging_mixin.py:154} INFO - [2023-11-30T02:18:59.973+0200] {dagbag.py:536} INFO - Filling up the DagBag from /home/seva/UCU/AutomatedDataPipelines/Homework1/venv/lib/python3.10/site-packages/airflow/example_dags/example_branch_python_dop_operator_3.py
[2023-11-30T02:18:59.981+0200] {processor.py:839} INFO - DAG(s) dict_keys(['example_branch_dop_operator_v3']) retrieved from /home/seva/UCU/AutomatedDataPipelines/Homework1/venv/lib/python3.10/site-packages/airflow/example_dags/example_branch_python_dop_operator_3.py
[2023-11-30T02:18:59.995+0200] {logging_mixin.py:154} INFO - [2023-11-30T02:18:59.995+0200] {dag.py:2941} INFO - Sync 1 DAGs
[2023-11-30T02:19:00.017+0200] {logging_mixin.py:154} INFO - [2023-11-30T02:19:00.016+0200] {dag.py:3722} INFO - Setting next_dagrun for example_branch_dop_operator_v3 to 2023-11-30T00:18:00+00:00, run_after=2023-11-30T00:19:00+00:00
[2023-11-30T02:19:00.040+0200] {processor.py:179} INFO - Processing /home/seva/UCU/AutomatedDataPipelines/Homework1/venv/lib/python3.10/site-packages/airflow/example_dags/example_branch_python_dop_operator_3.py took 0.082 seconds
[2023-11-30T02:19:43.956+0200] {processor.py:157} INFO - Started process (PID=2602) to work on /home/seva/UCU/AutomatedDataPipelines/Homework1/venv/lib/python3.10/site-packages/airflow/example_dags/example_branch_python_dop_operator_3.py
[2023-11-30T02:19:43.959+0200] {processor.py:829} INFO - Processing file /home/seva/UCU/AutomatedDataPipelines/Homework1/venv/lib/python3.10/site-packages/airflow/example_dags/example_branch_python_dop_operator_3.py for tasks to queue
[2023-11-30T02:19:43.960+0200] {logging_mixin.py:154} INFO - [2023-11-30T02:19:43.959+0200] {dagbag.py:536} INFO - Filling up the DagBag from /home/seva/UCU/AutomatedDataPipelines/Homework1/venv/lib/python3.10/site-packages/airflow/example_dags/example_branch_python_dop_operator_3.py
[2023-11-30T02:19:43.967+0200] {processor.py:839} INFO - DAG(s) dict_keys(['example_branch_dop_operator_v3']) retrieved from /home/seva/UCU/AutomatedDataPipelines/Homework1/venv/lib/python3.10/site-packages/airflow/example_dags/example_branch_python_dop_operator_3.py
[2023-11-30T02:19:43.983+0200] {logging_mixin.py:154} INFO - [2023-11-30T02:19:43.982+0200] {dag.py:2941} INFO - Sync 1 DAGs
[2023-11-30T02:19:44.001+0200] {logging_mixin.py:154} INFO - [2023-11-30T02:19:44.000+0200] {dag.py:3722} INFO - Setting next_dagrun for example_branch_dop_operator_v3 to 2023-11-30T00:18:00+00:00, run_after=2023-11-30T00:19:00+00:00
[2023-11-30T02:19:44.025+0200] {processor.py:179} INFO - Processing /home/seva/UCU/AutomatedDataPipelines/Homework1/venv/lib/python3.10/site-packages/airflow/example_dags/example_branch_python_dop_operator_3.py took 0.071 seconds
[2023-11-30T02:20:27.105+0200] {processor.py:157} INFO - Started process (PID=2772) to work on /home/seva/UCU/AutomatedDataPipelines/Homework1/venv/lib/python3.10/site-packages/airflow/example_dags/example_branch_python_dop_operator_3.py
[2023-11-30T02:20:27.117+0200] {processor.py:829} INFO - Processing file /home/seva/UCU/AutomatedDataPipelines/Homework1/venv/lib/python3.10/site-packages/airflow/example_dags/example_branch_python_dop_operator_3.py for tasks to queue
[2023-11-30T02:20:27.118+0200] {logging_mixin.py:154} INFO - [2023-11-30T02:20:27.117+0200] {dagbag.py:536} INFO - Filling up the DagBag from /home/seva/UCU/AutomatedDataPipelines/Homework1/venv/lib/python3.10/site-packages/airflow/example_dags/example_branch_python_dop_operator_3.py
[2023-11-30T02:20:27.129+0200] {processor.py:839} INFO - DAG(s) dict_keys(['example_branch_dop_operator_v3']) retrieved from /home/seva/UCU/AutomatedDataPipelines/Homework1/venv/lib/python3.10/site-packages/airflow/example_dags/example_branch_python_dop_operator_3.py
[2023-11-30T02:20:27.146+0200] {logging_mixin.py:154} INFO - [2023-11-30T02:20:27.146+0200] {dag.py:2941} INFO - Sync 1 DAGs
[2023-11-30T02:20:27.167+0200] {logging_mixin.py:154} INFO - [2023-11-30T02:20:27.166+0200] {dag.py:3722} INFO - Setting next_dagrun for example_branch_dop_operator_v3 to 2023-11-30T00:19:00+00:00, run_after=2023-11-30T00:20:00+00:00
[2023-11-30T02:20:27.209+0200] {processor.py:179} INFO - Processing /home/seva/UCU/AutomatedDataPipelines/Homework1/venv/lib/python3.10/site-packages/airflow/example_dags/example_branch_python_dop_operator_3.py took 0.108 seconds
[2023-11-30T02:21:14.066+0200] {processor.py:157} INFO - Started process (PID=2958) to work on /home/seva/UCU/AutomatedDataPipelines/Homework1/venv/lib/python3.10/site-packages/airflow/example_dags/example_branch_python_dop_operator_3.py
[2023-11-30T02:21:14.078+0200] {processor.py:829} INFO - Processing file /home/seva/UCU/AutomatedDataPipelines/Homework1/venv/lib/python3.10/site-packages/airflow/example_dags/example_branch_python_dop_operator_3.py for tasks to queue
[2023-11-30T02:21:14.079+0200] {logging_mixin.py:154} INFO - [2023-11-30T02:21:14.079+0200] {dagbag.py:536} INFO - Filling up the DagBag from /home/seva/UCU/AutomatedDataPipelines/Homework1/venv/lib/python3.10/site-packages/airflow/example_dags/example_branch_python_dop_operator_3.py
[2023-11-30T02:21:14.088+0200] {processor.py:839} INFO - DAG(s) dict_keys(['example_branch_dop_operator_v3']) retrieved from /home/seva/UCU/AutomatedDataPipelines/Homework1/venv/lib/python3.10/site-packages/airflow/example_dags/example_branch_python_dop_operator_3.py
[2023-11-30T02:21:14.101+0200] {logging_mixin.py:154} INFO - [2023-11-30T02:21:14.101+0200] {dag.py:2941} INFO - Sync 1 DAGs
[2023-11-30T02:21:14.121+0200] {logging_mixin.py:154} INFO - [2023-11-30T02:21:14.121+0200] {dag.py:3722} INFO - Setting next_dagrun for example_branch_dop_operator_v3 to 2023-11-30T00:20:00+00:00, run_after=2023-11-30T00:21:00+00:00
[2023-11-30T02:21:14.146+0200] {processor.py:179} INFO - Processing /home/seva/UCU/AutomatedDataPipelines/Homework1/venv/lib/python3.10/site-packages/airflow/example_dags/example_branch_python_dop_operator_3.py took 0.083 seconds
[2023-11-30T02:21:56.523+0200] {processor.py:157} INFO - Started process (PID=3128) to work on /home/seva/UCU/AutomatedDataPipelines/Homework1/venv/lib/python3.10/site-packages/airflow/example_dags/example_branch_python_dop_operator_3.py
[2023-11-30T02:21:56.535+0200] {processor.py:829} INFO - Processing file /home/seva/UCU/AutomatedDataPipelines/Homework1/venv/lib/python3.10/site-packages/airflow/example_dags/example_branch_python_dop_operator_3.py for tasks to queue
[2023-11-30T02:21:56.536+0200] {logging_mixin.py:154} INFO - [2023-11-30T02:21:56.535+0200] {dagbag.py:536} INFO - Filling up the DagBag from /home/seva/UCU/AutomatedDataPipelines/Homework1/venv/lib/python3.10/site-packages/airflow/example_dags/example_branch_python_dop_operator_3.py
[2023-11-30T02:21:56.547+0200] {processor.py:839} INFO - DAG(s) dict_keys(['example_branch_dop_operator_v3']) retrieved from /home/seva/UCU/AutomatedDataPipelines/Homework1/venv/lib/python3.10/site-packages/airflow/example_dags/example_branch_python_dop_operator_3.py
[2023-11-30T02:21:56.566+0200] {logging_mixin.py:154} INFO - [2023-11-30T02:21:56.566+0200] {dag.py:2941} INFO - Sync 1 DAGs
[2023-11-30T02:21:56.586+0200] {logging_mixin.py:154} INFO - [2023-11-30T02:21:56.586+0200] {dag.py:3722} INFO - Setting next_dagrun for example_branch_dop_operator_v3 to 2023-11-30T00:20:00+00:00, run_after=2023-11-30T00:21:00+00:00
[2023-11-30T02:21:56.611+0200] {processor.py:179} INFO - Processing /home/seva/UCU/AutomatedDataPipelines/Homework1/venv/lib/python3.10/site-packages/airflow/example_dags/example_branch_python_dop_operator_3.py took 0.092 seconds
[2023-11-30T02:22:40.577+0200] {processor.py:157} INFO - Started process (PID=3303) to work on /home/seva/UCU/AutomatedDataPipelines/Homework1/venv/lib/python3.10/site-packages/airflow/example_dags/example_branch_python_dop_operator_3.py
[2023-11-30T02:22:40.579+0200] {processor.py:829} INFO - Processing file /home/seva/UCU/AutomatedDataPipelines/Homework1/venv/lib/python3.10/site-packages/airflow/example_dags/example_branch_python_dop_operator_3.py for tasks to queue
[2023-11-30T02:22:40.580+0200] {logging_mixin.py:154} INFO - [2023-11-30T02:22:40.580+0200] {dagbag.py:536} INFO - Filling up the DagBag from /home/seva/UCU/AutomatedDataPipelines/Homework1/venv/lib/python3.10/site-packages/airflow/example_dags/example_branch_python_dop_operator_3.py
[2023-11-30T02:22:40.593+0200] {processor.py:839} INFO - DAG(s) dict_keys(['example_branch_dop_operator_v3']) retrieved from /home/seva/UCU/AutomatedDataPipelines/Homework1/venv/lib/python3.10/site-packages/airflow/example_dags/example_branch_python_dop_operator_3.py
[2023-11-30T02:22:40.613+0200] {logging_mixin.py:154} INFO - [2023-11-30T02:22:40.613+0200] {dag.py:2941} INFO - Sync 1 DAGs
[2023-11-30T02:22:40.639+0200] {logging_mixin.py:154} INFO - [2023-11-30T02:22:40.638+0200] {dag.py:3722} INFO - Setting next_dagrun for example_branch_dop_operator_v3 to 2023-11-30T00:21:00+00:00, run_after=2023-11-30T00:22:00+00:00
[2023-11-30T02:22:40.663+0200] {processor.py:179} INFO - Processing /home/seva/UCU/AutomatedDataPipelines/Homework1/venv/lib/python3.10/site-packages/airflow/example_dags/example_branch_python_dop_operator_3.py took 0.089 seconds
[2023-11-30T02:23:23.066+0200] {processor.py:157} INFO - Started process (PID=3467) to work on /home/seva/UCU/AutomatedDataPipelines/Homework1/venv/lib/python3.10/site-packages/airflow/example_dags/example_branch_python_dop_operator_3.py
[2023-11-30T02:23:23.078+0200] {processor.py:829} INFO - Processing file /home/seva/UCU/AutomatedDataPipelines/Homework1/venv/lib/python3.10/site-packages/airflow/example_dags/example_branch_python_dop_operator_3.py for tasks to queue
[2023-11-30T02:23:23.079+0200] {logging_mixin.py:154} INFO - [2023-11-30T02:23:23.079+0200] {dagbag.py:536} INFO - Filling up the DagBag from /home/seva/UCU/AutomatedDataPipelines/Homework1/venv/lib/python3.10/site-packages/airflow/example_dags/example_branch_python_dop_operator_3.py
[2023-11-30T02:23:23.087+0200] {processor.py:839} INFO - DAG(s) dict_keys(['example_branch_dop_operator_v3']) retrieved from /home/seva/UCU/AutomatedDataPipelines/Homework1/venv/lib/python3.10/site-packages/airflow/example_dags/example_branch_python_dop_operator_3.py
[2023-11-30T02:23:23.101+0200] {logging_mixin.py:154} INFO - [2023-11-30T02:23:23.101+0200] {dag.py:2941} INFO - Sync 1 DAGs
[2023-11-30T02:23:23.120+0200] {logging_mixin.py:154} INFO - [2023-11-30T02:23:23.120+0200] {dag.py:3722} INFO - Setting next_dagrun for example_branch_dop_operator_v3 to 2023-11-30T00:22:00+00:00, run_after=2023-11-30T00:23:00+00:00
[2023-11-30T02:23:23.164+0200] {processor.py:179} INFO - Processing /home/seva/UCU/AutomatedDataPipelines/Homework1/venv/lib/python3.10/site-packages/airflow/example_dags/example_branch_python_dop_operator_3.py took 0.101 seconds
[2023-11-30T02:24:06.361+0200] {processor.py:157} INFO - Started process (PID=3638) to work on /home/seva/UCU/AutomatedDataPipelines/Homework1/venv/lib/python3.10/site-packages/airflow/example_dags/example_branch_python_dop_operator_3.py
[2023-11-30T02:24:06.373+0200] {processor.py:829} INFO - Processing file /home/seva/UCU/AutomatedDataPipelines/Homework1/venv/lib/python3.10/site-packages/airflow/example_dags/example_branch_python_dop_operator_3.py for tasks to queue
[2023-11-30T02:24:06.374+0200] {logging_mixin.py:154} INFO - [2023-11-30T02:24:06.374+0200] {dagbag.py:536} INFO - Filling up the DagBag from /home/seva/UCU/AutomatedDataPipelines/Homework1/venv/lib/python3.10/site-packages/airflow/example_dags/example_branch_python_dop_operator_3.py
[2023-11-30T02:24:06.382+0200] {processor.py:839} INFO - DAG(s) dict_keys(['example_branch_dop_operator_v3']) retrieved from /home/seva/UCU/AutomatedDataPipelines/Homework1/venv/lib/python3.10/site-packages/airflow/example_dags/example_branch_python_dop_operator_3.py
[2023-11-30T02:24:06.396+0200] {logging_mixin.py:154} INFO - [2023-11-30T02:24:06.395+0200] {dag.py:2941} INFO - Sync 1 DAGs
[2023-11-30T02:24:06.414+0200] {logging_mixin.py:154} INFO - [2023-11-30T02:24:06.414+0200] {dag.py:3722} INFO - Setting next_dagrun for example_branch_dop_operator_v3 to 2023-11-30T00:23:00+00:00, run_after=2023-11-30T00:24:00+00:00
[2023-11-30T02:24:06.441+0200] {processor.py:179} INFO - Processing /home/seva/UCU/AutomatedDataPipelines/Homework1/venv/lib/python3.10/site-packages/airflow/example_dags/example_branch_python_dop_operator_3.py took 0.082 seconds
[2023-11-30T02:24:54.330+0200] {processor.py:157} INFO - Started process (PID=3831) to work on /home/seva/UCU/AutomatedDataPipelines/Homework1/venv/lib/python3.10/site-packages/airflow/example_dags/example_branch_python_dop_operator_3.py
[2023-11-30T02:24:54.342+0200] {processor.py:829} INFO - Processing file /home/seva/UCU/AutomatedDataPipelines/Homework1/venv/lib/python3.10/site-packages/airflow/example_dags/example_branch_python_dop_operator_3.py for tasks to queue
[2023-11-30T02:24:54.343+0200] {logging_mixin.py:154} INFO - [2023-11-30T02:24:54.342+0200] {dagbag.py:536} INFO - Filling up the DagBag from /home/seva/UCU/AutomatedDataPipelines/Homework1/venv/lib/python3.10/site-packages/airflow/example_dags/example_branch_python_dop_operator_3.py
[2023-11-30T02:24:54.351+0200] {processor.py:839} INFO - DAG(s) dict_keys(['example_branch_dop_operator_v3']) retrieved from /home/seva/UCU/AutomatedDataPipelines/Homework1/venv/lib/python3.10/site-packages/airflow/example_dags/example_branch_python_dop_operator_3.py
[2023-11-30T02:24:54.365+0200] {logging_mixin.py:154} INFO - [2023-11-30T02:24:54.364+0200] {dag.py:2941} INFO - Sync 1 DAGs
[2023-11-30T02:24:54.384+0200] {logging_mixin.py:154} INFO - [2023-11-30T02:24:54.384+0200] {dag.py:3722} INFO - Setting next_dagrun for example_branch_dop_operator_v3 to 2023-11-30T00:23:00+00:00, run_after=2023-11-30T00:24:00+00:00
[2023-11-30T02:24:54.408+0200] {processor.py:179} INFO - Processing /home/seva/UCU/AutomatedDataPipelines/Homework1/venv/lib/python3.10/site-packages/airflow/example_dags/example_branch_python_dop_operator_3.py took 0.080 seconds
[2023-11-30T02:25:36.769+0200] {processor.py:157} INFO - Started process (PID=3997) to work on /home/seva/UCU/AutomatedDataPipelines/Homework1/venv/lib/python3.10/site-packages/airflow/example_dags/example_branch_python_dop_operator_3.py
[2023-11-30T02:25:36.780+0200] {processor.py:829} INFO - Processing file /home/seva/UCU/AutomatedDataPipelines/Homework1/venv/lib/python3.10/site-packages/airflow/example_dags/example_branch_python_dop_operator_3.py for tasks to queue
[2023-11-30T02:25:36.781+0200] {logging_mixin.py:154} INFO - [2023-11-30T02:25:36.781+0200] {dagbag.py:536} INFO - Filling up the DagBag from /home/seva/UCU/AutomatedDataPipelines/Homework1/venv/lib/python3.10/site-packages/airflow/example_dags/example_branch_python_dop_operator_3.py
[2023-11-30T02:25:36.790+0200] {processor.py:839} INFO - DAG(s) dict_keys(['example_branch_dop_operator_v3']) retrieved from /home/seva/UCU/AutomatedDataPipelines/Homework1/venv/lib/python3.10/site-packages/airflow/example_dags/example_branch_python_dop_operator_3.py
[2023-11-30T02:25:36.803+0200] {logging_mixin.py:154} INFO - [2023-11-30T02:25:36.803+0200] {dag.py:2941} INFO - Sync 1 DAGs
[2023-11-30T02:25:36.822+0200] {logging_mixin.py:154} INFO - [2023-11-30T02:25:36.822+0200] {dag.py:3722} INFO - Setting next_dagrun for example_branch_dop_operator_v3 to 2023-11-30T00:24:00+00:00, run_after=2023-11-30T00:25:00+00:00
[2023-11-30T02:25:36.846+0200] {processor.py:179} INFO - Processing /home/seva/UCU/AutomatedDataPipelines/Homework1/venv/lib/python3.10/site-packages/airflow/example_dags/example_branch_python_dop_operator_3.py took 0.080 seconds
[2023-11-30T02:26:17.935+0200] {processor.py:157} INFO - Started process (PID=4159) to work on /home/seva/UCU/AutomatedDataPipelines/Homework1/venv/lib/python3.10/site-packages/airflow/example_dags/example_branch_python_dop_operator_3.py
[2023-11-30T02:26:17.937+0200] {processor.py:829} INFO - Processing file /home/seva/UCU/AutomatedDataPipelines/Homework1/venv/lib/python3.10/site-packages/airflow/example_dags/example_branch_python_dop_operator_3.py for tasks to queue
[2023-11-30T02:26:17.938+0200] {logging_mixin.py:154} INFO - [2023-11-30T02:26:17.938+0200] {dagbag.py:536} INFO - Filling up the DagBag from /home/seva/UCU/AutomatedDataPipelines/Homework1/venv/lib/python3.10/site-packages/airflow/example_dags/example_branch_python_dop_operator_3.py
[2023-11-30T02:26:17.946+0200] {processor.py:839} INFO - DAG(s) dict_keys(['example_branch_dop_operator_v3']) retrieved from /home/seva/UCU/AutomatedDataPipelines/Homework1/venv/lib/python3.10/site-packages/airflow/example_dags/example_branch_python_dop_operator_3.py
[2023-11-30T02:26:17.959+0200] {logging_mixin.py:154} INFO - [2023-11-30T02:26:17.959+0200] {dag.py:2941} INFO - Sync 1 DAGs
[2023-11-30T02:26:17.980+0200] {logging_mixin.py:154} INFO - [2023-11-30T02:26:17.980+0200] {dag.py:3722} INFO - Setting next_dagrun for example_branch_dop_operator_v3 to 2023-11-30T00:25:00+00:00, run_after=2023-11-30T00:26:00+00:00
[2023-11-30T02:26:18.005+0200] {processor.py:179} INFO - Processing /home/seva/UCU/AutomatedDataPipelines/Homework1/venv/lib/python3.10/site-packages/airflow/example_dags/example_branch_python_dop_operator_3.py took 0.074 seconds
[2023-11-30T02:27:09.443+0200] {processor.py:157} INFO - Started process (PID=4361) to work on /home/seva/UCU/AutomatedDataPipelines/Homework1/venv/lib/python3.10/site-packages/airflow/example_dags/example_branch_python_dop_operator_3.py
[2023-11-30T02:27:09.455+0200] {processor.py:829} INFO - Processing file /home/seva/UCU/AutomatedDataPipelines/Homework1/venv/lib/python3.10/site-packages/airflow/example_dags/example_branch_python_dop_operator_3.py for tasks to queue
[2023-11-30T02:27:09.456+0200] {logging_mixin.py:154} INFO - [2023-11-30T02:27:09.456+0200] {dagbag.py:536} INFO - Filling up the DagBag from /home/seva/UCU/AutomatedDataPipelines/Homework1/venv/lib/python3.10/site-packages/airflow/example_dags/example_branch_python_dop_operator_3.py
[2023-11-30T02:27:09.464+0200] {processor.py:839} INFO - DAG(s) dict_keys(['example_branch_dop_operator_v3']) retrieved from /home/seva/UCU/AutomatedDataPipelines/Homework1/venv/lib/python3.10/site-packages/airflow/example_dags/example_branch_python_dop_operator_3.py
[2023-11-30T02:27:09.478+0200] {logging_mixin.py:154} INFO - [2023-11-30T02:27:09.478+0200] {dag.py:2941} INFO - Sync 1 DAGs
[2023-11-30T02:27:09.497+0200] {logging_mixin.py:154} INFO - [2023-11-30T02:27:09.497+0200] {dag.py:3722} INFO - Setting next_dagrun for example_branch_dop_operator_v3 to 2023-11-30T00:26:00+00:00, run_after=2023-11-30T00:27:00+00:00
[2023-11-30T02:27:09.524+0200] {processor.py:179} INFO - Processing /home/seva/UCU/AutomatedDataPipelines/Homework1/venv/lib/python3.10/site-packages/airflow/example_dags/example_branch_python_dop_operator_3.py took 0.084 seconds
[2023-11-30T02:27:57.851+0200] {processor.py:157} INFO - Started process (PID=4548) to work on /home/seva/UCU/AutomatedDataPipelines/Homework1/venv/lib/python3.10/site-packages/airflow/example_dags/example_branch_python_dop_operator_3.py
[2023-11-30T02:27:57.863+0200] {processor.py:829} INFO - Processing file /home/seva/UCU/AutomatedDataPipelines/Homework1/venv/lib/python3.10/site-packages/airflow/example_dags/example_branch_python_dop_operator_3.py for tasks to queue
[2023-11-30T02:27:57.864+0200] {logging_mixin.py:154} INFO - [2023-11-30T02:27:57.864+0200] {dagbag.py:536} INFO - Filling up the DagBag from /home/seva/UCU/AutomatedDataPipelines/Homework1/venv/lib/python3.10/site-packages/airflow/example_dags/example_branch_python_dop_operator_3.py
[2023-11-30T02:27:57.872+0200] {processor.py:839} INFO - DAG(s) dict_keys(['example_branch_dop_operator_v3']) retrieved from /home/seva/UCU/AutomatedDataPipelines/Homework1/venv/lib/python3.10/site-packages/airflow/example_dags/example_branch_python_dop_operator_3.py
[2023-11-30T02:27:57.886+0200] {logging_mixin.py:154} INFO - [2023-11-30T02:27:57.886+0200] {dag.py:2941} INFO - Sync 1 DAGs
[2023-11-30T02:27:57.904+0200] {logging_mixin.py:154} INFO - [2023-11-30T02:27:57.904+0200] {dag.py:3722} INFO - Setting next_dagrun for example_branch_dop_operator_v3 to 2023-11-30T00:26:00+00:00, run_after=2023-11-30T00:27:00+00:00
[2023-11-30T02:27:57.926+0200] {processor.py:179} INFO - Processing /home/seva/UCU/AutomatedDataPipelines/Homework1/venv/lib/python3.10/site-packages/airflow/example_dags/example_branch_python_dop_operator_3.py took 0.078 seconds
[2023-11-30T02:28:40.798+0200] {processor.py:157} INFO - Started process (PID=4720) to work on /home/seva/UCU/AutomatedDataPipelines/Homework1/venv/lib/python3.10/site-packages/airflow/example_dags/example_branch_python_dop_operator_3.py
[2023-11-30T02:28:40.801+0200] {processor.py:829} INFO - Processing file /home/seva/UCU/AutomatedDataPipelines/Homework1/venv/lib/python3.10/site-packages/airflow/example_dags/example_branch_python_dop_operator_3.py for tasks to queue
[2023-11-30T02:28:40.802+0200] {logging_mixin.py:154} INFO - [2023-11-30T02:28:40.802+0200] {dagbag.py:536} INFO - Filling up the DagBag from /home/seva/UCU/AutomatedDataPipelines/Homework1/venv/lib/python3.10/site-packages/airflow/example_dags/example_branch_python_dop_operator_3.py
[2023-11-30T02:28:40.817+0200] {processor.py:839} INFO - DAG(s) dict_keys(['example_branch_dop_operator_v3']) retrieved from /home/seva/UCU/AutomatedDataPipelines/Homework1/venv/lib/python3.10/site-packages/airflow/example_dags/example_branch_python_dop_operator_3.py
[2023-11-30T02:28:40.859+0200] {logging_mixin.py:154} INFO - [2023-11-30T02:28:40.858+0200] {dag.py:2941} INFO - Sync 1 DAGs
[2023-11-30T02:28:40.908+0200] {logging_mixin.py:154} INFO - [2023-11-30T02:28:40.907+0200] {dag.py:3722} INFO - Setting next_dagrun for example_branch_dop_operator_v3 to 2023-11-30T00:27:00+00:00, run_after=2023-11-30T00:28:00+00:00
[2023-11-30T02:28:41.032+0200] {processor.py:179} INFO - Processing /home/seva/UCU/AutomatedDataPipelines/Homework1/venv/lib/python3.10/site-packages/airflow/example_dags/example_branch_python_dop_operator_3.py took 0.241 seconds
[2023-11-30T02:29:27.420+0200] {processor.py:157} INFO - Started process (PID=4910) to work on /home/seva/UCU/AutomatedDataPipelines/Homework1/venv/lib/python3.10/site-packages/airflow/example_dags/example_branch_python_dop_operator_3.py
[2023-11-30T02:29:27.432+0200] {processor.py:829} INFO - Processing file /home/seva/UCU/AutomatedDataPipelines/Homework1/venv/lib/python3.10/site-packages/airflow/example_dags/example_branch_python_dop_operator_3.py for tasks to queue
[2023-11-30T02:29:27.433+0200] {logging_mixin.py:154} INFO - [2023-11-30T02:29:27.432+0200] {dagbag.py:536} INFO - Filling up the DagBag from /home/seva/UCU/AutomatedDataPipelines/Homework1/venv/lib/python3.10/site-packages/airflow/example_dags/example_branch_python_dop_operator_3.py
[2023-11-30T02:29:27.441+0200] {processor.py:839} INFO - DAG(s) dict_keys(['example_branch_dop_operator_v3']) retrieved from /home/seva/UCU/AutomatedDataPipelines/Homework1/venv/lib/python3.10/site-packages/airflow/example_dags/example_branch_python_dop_operator_3.py
[2023-11-30T02:29:27.454+0200] {logging_mixin.py:154} INFO - [2023-11-30T02:29:27.454+0200] {dag.py:2941} INFO - Sync 1 DAGs
[2023-11-30T02:29:27.472+0200] {logging_mixin.py:154} INFO - [2023-11-30T02:29:27.472+0200] {dag.py:3722} INFO - Setting next_dagrun for example_branch_dop_operator_v3 to 2023-11-30T00:28:00+00:00, run_after=2023-11-30T00:29:00+00:00
[2023-11-30T02:29:27.496+0200] {processor.py:179} INFO - Processing /home/seva/UCU/AutomatedDataPipelines/Homework1/venv/lib/python3.10/site-packages/airflow/example_dags/example_branch_python_dop_operator_3.py took 0.078 seconds
[2023-11-30T02:30:12.043+0200] {processor.py:157} INFO - Started process (PID=5081) to work on /home/seva/UCU/AutomatedDataPipelines/Homework1/venv/lib/python3.10/site-packages/airflow/example_dags/example_branch_python_dop_operator_3.py
[2023-11-30T02:30:12.055+0200] {processor.py:829} INFO - Processing file /home/seva/UCU/AutomatedDataPipelines/Homework1/venv/lib/python3.10/site-packages/airflow/example_dags/example_branch_python_dop_operator_3.py for tasks to queue
[2023-11-30T02:30:12.056+0200] {logging_mixin.py:154} INFO - [2023-11-30T02:30:12.056+0200] {dagbag.py:536} INFO - Filling up the DagBag from /home/seva/UCU/AutomatedDataPipelines/Homework1/venv/lib/python3.10/site-packages/airflow/example_dags/example_branch_python_dop_operator_3.py
[2023-11-30T02:30:12.065+0200] {processor.py:839} INFO - DAG(s) dict_keys(['example_branch_dop_operator_v3']) retrieved from /home/seva/UCU/AutomatedDataPipelines/Homework1/venv/lib/python3.10/site-packages/airflow/example_dags/example_branch_python_dop_operator_3.py
[2023-11-30T02:30:12.079+0200] {logging_mixin.py:154} INFO - [2023-11-30T02:30:12.078+0200] {dag.py:2941} INFO - Sync 1 DAGs
[2023-11-30T02:30:12.098+0200] {logging_mixin.py:154} INFO - [2023-11-30T02:30:12.098+0200] {dag.py:3722} INFO - Setting next_dagrun for example_branch_dop_operator_v3 to 2023-11-30T00:29:00+00:00, run_after=2023-11-30T00:30:00+00:00
[2023-11-30T02:30:12.126+0200] {processor.py:179} INFO - Processing /home/seva/UCU/AutomatedDataPipelines/Homework1/venv/lib/python3.10/site-packages/airflow/example_dags/example_branch_python_dop_operator_3.py took 0.086 seconds
[2023-11-30T02:30:57.173+0200] {processor.py:157} INFO - Started process (PID=5260) to work on /home/seva/UCU/AutomatedDataPipelines/Homework1/venv/lib/python3.10/site-packages/airflow/example_dags/example_branch_python_dop_operator_3.py
[2023-11-30T02:30:57.185+0200] {processor.py:829} INFO - Processing file /home/seva/UCU/AutomatedDataPipelines/Homework1/venv/lib/python3.10/site-packages/airflow/example_dags/example_branch_python_dop_operator_3.py for tasks to queue
[2023-11-30T02:30:57.186+0200] {logging_mixin.py:154} INFO - [2023-11-30T02:30:57.186+0200] {dagbag.py:536} INFO - Filling up the DagBag from /home/seva/UCU/AutomatedDataPipelines/Homework1/venv/lib/python3.10/site-packages/airflow/example_dags/example_branch_python_dop_operator_3.py
[2023-11-30T02:30:57.195+0200] {processor.py:839} INFO - DAG(s) dict_keys(['example_branch_dop_operator_v3']) retrieved from /home/seva/UCU/AutomatedDataPipelines/Homework1/venv/lib/python3.10/site-packages/airflow/example_dags/example_branch_python_dop_operator_3.py
[2023-11-30T02:30:57.208+0200] {logging_mixin.py:154} INFO - [2023-11-30T02:30:57.208+0200] {dag.py:2941} INFO - Sync 1 DAGs
[2023-11-30T02:30:57.228+0200] {logging_mixin.py:154} INFO - [2023-11-30T02:30:57.228+0200] {dag.py:3722} INFO - Setting next_dagrun for example_branch_dop_operator_v3 to 2023-11-30T00:29:00+00:00, run_after=2023-11-30T00:30:00+00:00
[2023-11-30T02:30:57.253+0200] {processor.py:179} INFO - Processing /home/seva/UCU/AutomatedDataPipelines/Homework1/venv/lib/python3.10/site-packages/airflow/example_dags/example_branch_python_dop_operator_3.py took 0.083 seconds
[2023-11-30T02:31:43.332+0200] {processor.py:157} INFO - Started process (PID=5440) to work on /home/seva/UCU/AutomatedDataPipelines/Homework1/venv/lib/python3.10/site-packages/airflow/example_dags/example_branch_python_dop_operator_3.py
[2023-11-30T02:31:43.343+0200] {processor.py:829} INFO - Processing file /home/seva/UCU/AutomatedDataPipelines/Homework1/venv/lib/python3.10/site-packages/airflow/example_dags/example_branch_python_dop_operator_3.py for tasks to queue
[2023-11-30T02:31:43.344+0200] {logging_mixin.py:154} INFO - [2023-11-30T02:31:43.344+0200] {dagbag.py:536} INFO - Filling up the DagBag from /home/seva/UCU/AutomatedDataPipelines/Homework1/venv/lib/python3.10/site-packages/airflow/example_dags/example_branch_python_dop_operator_3.py
[2023-11-30T02:31:43.352+0200] {processor.py:839} INFO - DAG(s) dict_keys(['example_branch_dop_operator_v3']) retrieved from /home/seva/UCU/AutomatedDataPipelines/Homework1/venv/lib/python3.10/site-packages/airflow/example_dags/example_branch_python_dop_operator_3.py
[2023-11-30T02:31:43.366+0200] {logging_mixin.py:154} INFO - [2023-11-30T02:31:43.365+0200] {dag.py:2941} INFO - Sync 1 DAGs
[2023-11-30T02:31:43.385+0200] {logging_mixin.py:154} INFO - [2023-11-30T02:31:43.384+0200] {dag.py:3722} INFO - Setting next_dagrun for example_branch_dop_operator_v3 to 2023-11-30T00:30:00+00:00, run_after=2023-11-30T00:31:00+00:00
[2023-11-30T02:31:43.409+0200] {processor.py:179} INFO - Processing /home/seva/UCU/AutomatedDataPipelines/Homework1/venv/lib/python3.10/site-packages/airflow/example_dags/example_branch_python_dop_operator_3.py took 0.080 seconds
[2023-11-30T02:32:26.714+0200] {processor.py:157} INFO - Started process (PID=5634) to work on /home/seva/UCU/AutomatedDataPipelines/Homework1/venv/lib/python3.10/site-packages/airflow/example_dags/example_branch_python_dop_operator_3.py
[2023-11-30T02:32:26.716+0200] {processor.py:829} INFO - Processing file /home/seva/UCU/AutomatedDataPipelines/Homework1/venv/lib/python3.10/site-packages/airflow/example_dags/example_branch_python_dop_operator_3.py for tasks to queue
[2023-11-30T02:32:26.717+0200] {logging_mixin.py:154} INFO - [2023-11-30T02:32:26.716+0200] {dagbag.py:536} INFO - Filling up the DagBag from /home/seva/UCU/AutomatedDataPipelines/Homework1/venv/lib/python3.10/site-packages/airflow/example_dags/example_branch_python_dop_operator_3.py
[2023-11-30T02:32:26.728+0200] {processor.py:839} INFO - DAG(s) dict_keys(['example_branch_dop_operator_v3']) retrieved from /home/seva/UCU/AutomatedDataPipelines/Homework1/venv/lib/python3.10/site-packages/airflow/example_dags/example_branch_python_dop_operator_3.py
[2023-11-30T02:32:26.745+0200] {logging_mixin.py:154} INFO - [2023-11-30T02:32:26.744+0200] {dag.py:2941} INFO - Sync 1 DAGs
[2023-11-30T02:32:26.768+0200] {logging_mixin.py:154} INFO - [2023-11-30T02:32:26.768+0200] {dag.py:3722} INFO - Setting next_dagrun for example_branch_dop_operator_v3 to 2023-11-30T00:31:00+00:00, run_after=2023-11-30T00:32:00+00:00
[2023-11-30T02:32:26.798+0200] {processor.py:179} INFO - Processing /home/seva/UCU/AutomatedDataPipelines/Homework1/venv/lib/python3.10/site-packages/airflow/example_dags/example_branch_python_dop_operator_3.py took 0.089 seconds
[2023-11-30T02:33:14.139+0200] {processor.py:157} INFO - Started process (PID=5827) to work on /home/seva/UCU/AutomatedDataPipelines/Homework1/venv/lib/python3.10/site-packages/airflow/example_dags/example_branch_python_dop_operator_3.py
[2023-11-30T02:33:14.141+0200] {processor.py:829} INFO - Processing file /home/seva/UCU/AutomatedDataPipelines/Homework1/venv/lib/python3.10/site-packages/airflow/example_dags/example_branch_python_dop_operator_3.py for tasks to queue
[2023-11-30T02:33:14.142+0200] {logging_mixin.py:154} INFO - [2023-11-30T02:33:14.142+0200] {dagbag.py:536} INFO - Filling up the DagBag from /home/seva/UCU/AutomatedDataPipelines/Homework1/venv/lib/python3.10/site-packages/airflow/example_dags/example_branch_python_dop_operator_3.py
[2023-11-30T02:33:14.150+0200] {processor.py:839} INFO - DAG(s) dict_keys(['example_branch_dop_operator_v3']) retrieved from /home/seva/UCU/AutomatedDataPipelines/Homework1/venv/lib/python3.10/site-packages/airflow/example_dags/example_branch_python_dop_operator_3.py
[2023-11-30T02:33:14.163+0200] {logging_mixin.py:154} INFO - [2023-11-30T02:33:14.163+0200] {dag.py:2941} INFO - Sync 1 DAGs
[2023-11-30T02:33:14.186+0200] {logging_mixin.py:154} INFO - [2023-11-30T02:33:14.186+0200] {dag.py:3722} INFO - Setting next_dagrun for example_branch_dop_operator_v3 to 2023-11-30T00:32:00+00:00, run_after=2023-11-30T00:33:00+00:00
[2023-11-30T02:33:14.216+0200] {processor.py:179} INFO - Processing /home/seva/UCU/AutomatedDataPipelines/Homework1/venv/lib/python3.10/site-packages/airflow/example_dags/example_branch_python_dop_operator_3.py took 0.080 seconds
[2023-11-30T02:34:00.987+0200] {processor.py:157} INFO - Started process (PID=6013) to work on /home/seva/UCU/AutomatedDataPipelines/Homework1/venv/lib/python3.10/site-packages/airflow/example_dags/example_branch_python_dop_operator_3.py
[2023-11-30T02:34:00.989+0200] {processor.py:829} INFO - Processing file /home/seva/UCU/AutomatedDataPipelines/Homework1/venv/lib/python3.10/site-packages/airflow/example_dags/example_branch_python_dop_operator_3.py for tasks to queue
[2023-11-30T02:34:00.990+0200] {logging_mixin.py:154} INFO - [2023-11-30T02:34:00.989+0200] {dagbag.py:536} INFO - Filling up the DagBag from /home/seva/UCU/AutomatedDataPipelines/Homework1/venv/lib/python3.10/site-packages/airflow/example_dags/example_branch_python_dop_operator_3.py
[2023-11-30T02:34:01.001+0200] {processor.py:839} INFO - DAG(s) dict_keys(['example_branch_dop_operator_v3']) retrieved from /home/seva/UCU/AutomatedDataPipelines/Homework1/venv/lib/python3.10/site-packages/airflow/example_dags/example_branch_python_dop_operator_3.py
[2023-11-30T02:34:01.020+0200] {logging_mixin.py:154} INFO - [2023-11-30T02:34:01.019+0200] {dag.py:2941} INFO - Sync 1 DAGs
[2023-11-30T02:34:01.062+0200] {logging_mixin.py:154} INFO - [2023-11-30T02:34:01.062+0200] {dag.py:3722} INFO - Setting next_dagrun for example_branch_dop_operator_v3 to 2023-11-30T00:33:00+00:00, run_after=2023-11-30T00:34:00+00:00
[2023-11-30T02:34:01.102+0200] {processor.py:179} INFO - Processing /home/seva/UCU/AutomatedDataPipelines/Homework1/venv/lib/python3.10/site-packages/airflow/example_dags/example_branch_python_dop_operator_3.py took 0.119 seconds
[2023-11-30T02:34:51.991+0200] {processor.py:157} INFO - Started process (PID=6217) to work on /home/seva/UCU/AutomatedDataPipelines/Homework1/venv/lib/python3.10/site-packages/airflow/example_dags/example_branch_python_dop_operator_3.py
[2023-11-30T02:34:52.004+0200] {processor.py:829} INFO - Processing file /home/seva/UCU/AutomatedDataPipelines/Homework1/venv/lib/python3.10/site-packages/airflow/example_dags/example_branch_python_dop_operator_3.py for tasks to queue
[2023-11-30T02:34:52.005+0200] {logging_mixin.py:154} INFO - [2023-11-30T02:34:52.004+0200] {dagbag.py:536} INFO - Filling up the DagBag from /home/seva/UCU/AutomatedDataPipelines/Homework1/venv/lib/python3.10/site-packages/airflow/example_dags/example_branch_python_dop_operator_3.py
[2023-11-30T02:34:52.013+0200] {processor.py:839} INFO - DAG(s) dict_keys(['example_branch_dop_operator_v3']) retrieved from /home/seva/UCU/AutomatedDataPipelines/Homework1/venv/lib/python3.10/site-packages/airflow/example_dags/example_branch_python_dop_operator_3.py
[2023-11-30T02:34:52.029+0200] {logging_mixin.py:154} INFO - [2023-11-30T02:34:52.028+0200] {dag.py:2941} INFO - Sync 1 DAGs
[2023-11-30T02:34:52.048+0200] {logging_mixin.py:154} INFO - [2023-11-30T02:34:52.048+0200] {dag.py:3722} INFO - Setting next_dagrun for example_branch_dop_operator_v3 to 2023-11-30T00:33:00+00:00, run_after=2023-11-30T00:34:00+00:00
[2023-11-30T02:34:52.073+0200] {processor.py:179} INFO - Processing /home/seva/UCU/AutomatedDataPipelines/Homework1/venv/lib/python3.10/site-packages/airflow/example_dags/example_branch_python_dop_operator_3.py took 0.085 seconds
[2023-11-30T02:35:38.335+0200] {processor.py:157} INFO - Started process (PID=6404) to work on /home/seva/UCU/AutomatedDataPipelines/Homework1/venv/lib/python3.10/site-packages/airflow/example_dags/example_branch_python_dop_operator_3.py
[2023-11-30T02:35:38.347+0200] {processor.py:829} INFO - Processing file /home/seva/UCU/AutomatedDataPipelines/Homework1/venv/lib/python3.10/site-packages/airflow/example_dags/example_branch_python_dop_operator_3.py for tasks to queue
[2023-11-30T02:35:38.348+0200] {logging_mixin.py:154} INFO - [2023-11-30T02:35:38.347+0200] {dagbag.py:536} INFO - Filling up the DagBag from /home/seva/UCU/AutomatedDataPipelines/Homework1/venv/lib/python3.10/site-packages/airflow/example_dags/example_branch_python_dop_operator_3.py
[2023-11-30T02:35:38.356+0200] {processor.py:839} INFO - DAG(s) dict_keys(['example_branch_dop_operator_v3']) retrieved from /home/seva/UCU/AutomatedDataPipelines/Homework1/venv/lib/python3.10/site-packages/airflow/example_dags/example_branch_python_dop_operator_3.py
[2023-11-30T02:35:38.371+0200] {logging_mixin.py:154} INFO - [2023-11-30T02:35:38.370+0200] {dag.py:2941} INFO - Sync 1 DAGs
[2023-11-30T02:35:38.389+0200] {logging_mixin.py:154} INFO - [2023-11-30T02:35:38.389+0200] {dag.py:3722} INFO - Setting next_dagrun for example_branch_dop_operator_v3 to 2023-11-30T00:34:00+00:00, run_after=2023-11-30T00:35:00+00:00
[2023-11-30T02:35:38.413+0200] {processor.py:179} INFO - Processing /home/seva/UCU/AutomatedDataPipelines/Homework1/venv/lib/python3.10/site-packages/airflow/example_dags/example_branch_python_dop_operator_3.py took 0.082 seconds
[2023-11-30T02:36:23.207+0200] {processor.py:157} INFO - Started process (PID=6581) to work on /home/seva/UCU/AutomatedDataPipelines/Homework1/venv/lib/python3.10/site-packages/airflow/example_dags/example_branch_python_dop_operator_3.py
[2023-11-30T02:36:23.219+0200] {processor.py:829} INFO - Processing file /home/seva/UCU/AutomatedDataPipelines/Homework1/venv/lib/python3.10/site-packages/airflow/example_dags/example_branch_python_dop_operator_3.py for tasks to queue
[2023-11-30T02:36:23.220+0200] {logging_mixin.py:154} INFO - [2023-11-30T02:36:23.219+0200] {dagbag.py:536} INFO - Filling up the DagBag from /home/seva/UCU/AutomatedDataPipelines/Homework1/venv/lib/python3.10/site-packages/airflow/example_dags/example_branch_python_dop_operator_3.py
[2023-11-30T02:36:23.229+0200] {processor.py:839} INFO - DAG(s) dict_keys(['example_branch_dop_operator_v3']) retrieved from /home/seva/UCU/AutomatedDataPipelines/Homework1/venv/lib/python3.10/site-packages/airflow/example_dags/example_branch_python_dop_operator_3.py
[2023-11-30T02:36:23.245+0200] {logging_mixin.py:154} INFO - [2023-11-30T02:36:23.245+0200] {dag.py:2941} INFO - Sync 1 DAGs
[2023-11-30T02:36:23.265+0200] {logging_mixin.py:154} INFO - [2023-11-30T02:36:23.265+0200] {dag.py:3722} INFO - Setting next_dagrun for example_branch_dop_operator_v3 to 2023-11-30T00:35:00+00:00, run_after=2023-11-30T00:36:00+00:00
[2023-11-30T02:36:23.290+0200] {processor.py:179} INFO - Processing /home/seva/UCU/AutomatedDataPipelines/Homework1/venv/lib/python3.10/site-packages/airflow/example_dags/example_branch_python_dop_operator_3.py took 0.086 seconds
[2023-11-30T02:37:12.601+0200] {processor.py:157} INFO - Started process (PID=6776) to work on /home/seva/UCU/AutomatedDataPipelines/Homework1/venv/lib/python3.10/site-packages/airflow/example_dags/example_branch_python_dop_operator_3.py
[2023-11-30T02:37:12.614+0200] {processor.py:829} INFO - Processing file /home/seva/UCU/AutomatedDataPipelines/Homework1/venv/lib/python3.10/site-packages/airflow/example_dags/example_branch_python_dop_operator_3.py for tasks to queue
[2023-11-30T02:37:12.615+0200] {logging_mixin.py:154} INFO - [2023-11-30T02:37:12.615+0200] {dagbag.py:536} INFO - Filling up the DagBag from /home/seva/UCU/AutomatedDataPipelines/Homework1/venv/lib/python3.10/site-packages/airflow/example_dags/example_branch_python_dop_operator_3.py
[2023-11-30T02:37:12.629+0200] {processor.py:839} INFO - DAG(s) dict_keys(['example_branch_dop_operator_v3']) retrieved from /home/seva/UCU/AutomatedDataPipelines/Homework1/venv/lib/python3.10/site-packages/airflow/example_dags/example_branch_python_dop_operator_3.py
[2023-11-30T02:37:12.653+0200] {logging_mixin.py:154} INFO - [2023-11-30T02:37:12.653+0200] {dag.py:2941} INFO - Sync 1 DAGs
[2023-11-30T02:37:12.687+0200] {logging_mixin.py:154} INFO - [2023-11-30T02:37:12.687+0200] {dag.py:3722} INFO - Setting next_dagrun for example_branch_dop_operator_v3 to 2023-11-30T00:36:00+00:00, run_after=2023-11-30T00:37:00+00:00
[2023-11-30T02:37:12.728+0200] {processor.py:179} INFO - Processing /home/seva/UCU/AutomatedDataPipelines/Homework1/venv/lib/python3.10/site-packages/airflow/example_dags/example_branch_python_dop_operator_3.py took 0.132 seconds
[2023-11-30T02:38:03.210+0200] {processor.py:157} INFO - Started process (PID=6972) to work on /home/seva/UCU/AutomatedDataPipelines/Homework1/venv/lib/python3.10/site-packages/airflow/example_dags/example_branch_python_dop_operator_3.py
[2023-11-30T02:38:03.222+0200] {processor.py:829} INFO - Processing file /home/seva/UCU/AutomatedDataPipelines/Homework1/venv/lib/python3.10/site-packages/airflow/example_dags/example_branch_python_dop_operator_3.py for tasks to queue
[2023-11-30T02:38:03.223+0200] {logging_mixin.py:154} INFO - [2023-11-30T02:38:03.223+0200] {dagbag.py:536} INFO - Filling up the DagBag from /home/seva/UCU/AutomatedDataPipelines/Homework1/venv/lib/python3.10/site-packages/airflow/example_dags/example_branch_python_dop_operator_3.py
[2023-11-30T02:38:03.234+0200] {processor.py:839} INFO - DAG(s) dict_keys(['example_branch_dop_operator_v3']) retrieved from /home/seva/UCU/AutomatedDataPipelines/Homework1/venv/lib/python3.10/site-packages/airflow/example_dags/example_branch_python_dop_operator_3.py
[2023-11-30T02:38:03.251+0200] {logging_mixin.py:154} INFO - [2023-11-30T02:38:03.251+0200] {dag.py:2941} INFO - Sync 1 DAGs
[2023-11-30T02:38:03.277+0200] {logging_mixin.py:154} INFO - [2023-11-30T02:38:03.276+0200] {dag.py:3722} INFO - Setting next_dagrun for example_branch_dop_operator_v3 to 2023-11-30T00:37:00+00:00, run_after=2023-11-30T00:38:00+00:00
[2023-11-30T02:38:03.301+0200] {processor.py:179} INFO - Processing /home/seva/UCU/AutomatedDataPipelines/Homework1/venv/lib/python3.10/site-packages/airflow/example_dags/example_branch_python_dop_operator_3.py took 0.095 seconds
[2023-11-30T02:38:56.680+0200] {processor.py:157} INFO - Started process (PID=7389) to work on /home/seva/UCU/AutomatedDataPipelines/Homework1/venv/lib/python3.10/site-packages/airflow/example_dags/example_branch_python_dop_operator_3.py
[2023-11-30T02:38:56.692+0200] {processor.py:829} INFO - Processing file /home/seva/UCU/AutomatedDataPipelines/Homework1/venv/lib/python3.10/site-packages/airflow/example_dags/example_branch_python_dop_operator_3.py for tasks to queue
[2023-11-30T02:38:56.694+0200] {logging_mixin.py:154} INFO - [2023-11-30T02:38:56.693+0200] {dagbag.py:536} INFO - Filling up the DagBag from /home/seva/UCU/AutomatedDataPipelines/Homework1/venv/lib/python3.10/site-packages/airflow/example_dags/example_branch_python_dop_operator_3.py
[2023-11-30T02:38:56.702+0200] {processor.py:839} INFO - DAG(s) dict_keys(['example_branch_dop_operator_v3']) retrieved from /home/seva/UCU/AutomatedDataPipelines/Homework1/venv/lib/python3.10/site-packages/airflow/example_dags/example_branch_python_dop_operator_3.py
[2023-11-30T02:38:56.717+0200] {logging_mixin.py:154} INFO - [2023-11-30T02:38:56.717+0200] {dag.py:2941} INFO - Sync 1 DAGs
[2023-11-30T02:38:56.740+0200] {logging_mixin.py:154} INFO - [2023-11-30T02:38:56.740+0200] {dag.py:3722} INFO - Setting next_dagrun for example_branch_dop_operator_v3 to 2023-11-30T00:37:00+00:00, run_after=2023-11-30T00:38:00+00:00
[2023-11-30T02:38:56.767+0200] {processor.py:179} INFO - Processing /home/seva/UCU/AutomatedDataPipelines/Homework1/venv/lib/python3.10/site-packages/airflow/example_dags/example_branch_python_dop_operator_3.py took 0.090 seconds
