[2023-11-30T02:14:03.849+0200] {processor.py:157} INFO - Started process (PID=1285) to work on /home/seva/UCU/AutomatedDataPipelines/Homework1/venv/lib/python3.10/site-packages/airflow/example_dags/example_latest_only.py
[2023-11-30T02:14:03.850+0200] {processor.py:829} INFO - Processing file /home/seva/UCU/AutomatedDataPipelines/Homework1/venv/lib/python3.10/site-packages/airflow/example_dags/example_latest_only.py for tasks to queue
[2023-11-30T02:14:03.851+0200] {logging_mixin.py:154} INFO - [2023-11-30T02:14:03.850+0200] {dagbag.py:536} INFO - Filling up the DagBag from /home/seva/UCU/AutomatedDataPipelines/Homework1/venv/lib/python3.10/site-packages/airflow/example_dags/example_latest_only.py
[2023-11-30T02:14:03.856+0200] {processor.py:839} INFO - DAG(s) dict_keys(['latest_only']) retrieved from /home/seva/UCU/AutomatedDataPipelines/Homework1/venv/lib/python3.10/site-packages/airflow/example_dags/example_latest_only.py
[2023-11-30T02:14:03.962+0200] {logging_mixin.py:154} INFO - [2023-11-30T02:14:03.961+0200] {manager.py:499} INFO - Created Permission View: %s
[2023-11-30T02:14:03.978+0200] {logging_mixin.py:154} INFO - [2023-11-30T02:14:03.978+0200] {manager.py:499} INFO - Created Permission View: %s
[2023-11-30T02:14:03.994+0200] {logging_mixin.py:154} INFO - [2023-11-30T02:14:03.993+0200] {manager.py:499} INFO - Created Permission View: %s
[2023-11-30T02:14:03.994+0200] {logging_mixin.py:154} INFO - [2023-11-30T02:14:03.994+0200] {dag.py:2941} INFO - Sync 1 DAGs
[2023-11-30T02:14:04.003+0200] {logging_mixin.py:154} INFO - [2023-11-30T02:14:04.003+0200] {dag.py:2963} INFO - Creating ORM DAG for latest_only
[2023-11-30T02:14:04.010+0200] {logging_mixin.py:154} INFO - [2023-11-30T02:14:04.009+0200] {dag.py:3722} INFO - Setting next_dagrun for latest_only to 2023-11-29T20:14:04.009740+00:00, run_after=2023-11-30T00:14:04.009740+00:00
[2023-11-30T02:14:04.036+0200] {processor.py:179} INFO - Processing /home/seva/UCU/AutomatedDataPipelines/Homework1/venv/lib/python3.10/site-packages/airflow/example_dags/example_latest_only.py took 0.190 seconds
[2023-11-30T02:14:52.696+0200] {processor.py:157} INFO - Started process (PID=1446) to work on /home/seva/UCU/AutomatedDataPipelines/Homework1/venv/lib/python3.10/site-packages/airflow/example_dags/example_latest_only.py
[2023-11-30T02:14:52.709+0200] {processor.py:829} INFO - Processing file /home/seva/UCU/AutomatedDataPipelines/Homework1/venv/lib/python3.10/site-packages/airflow/example_dags/example_latest_only.py for tasks to queue
[2023-11-30T02:14:52.710+0200] {logging_mixin.py:154} INFO - [2023-11-30T02:14:52.709+0200] {dagbag.py:536} INFO - Filling up the DagBag from /home/seva/UCU/AutomatedDataPipelines/Homework1/venv/lib/python3.10/site-packages/airflow/example_dags/example_latest_only.py
[2023-11-30T02:14:52.715+0200] {processor.py:839} INFO - DAG(s) dict_keys(['latest_only']) retrieved from /home/seva/UCU/AutomatedDataPipelines/Homework1/venv/lib/python3.10/site-packages/airflow/example_dags/example_latest_only.py
[2023-11-30T02:14:52.729+0200] {logging_mixin.py:154} INFO - [2023-11-30T02:14:52.729+0200] {dag.py:2941} INFO - Sync 1 DAGs
[2023-11-30T02:14:52.745+0200] {logging_mixin.py:154} INFO - [2023-11-30T02:14:52.745+0200] {dag.py:3722} INFO - Setting next_dagrun for latest_only to 2023-11-29T20:14:52.744844+00:00, run_after=2023-11-30T00:14:52.744844+00:00
[2023-11-30T02:14:52.770+0200] {processor.py:179} INFO - Processing /home/seva/UCU/AutomatedDataPipelines/Homework1/venv/lib/python3.10/site-packages/airflow/example_dags/example_latest_only.py took 0.077 seconds
[2023-11-30T02:15:39.252+0200] {processor.py:157} INFO - Started process (PID=1627) to work on /home/seva/UCU/AutomatedDataPipelines/Homework1/venv/lib/python3.10/site-packages/airflow/example_dags/example_latest_only.py
[2023-11-30T02:15:39.254+0200] {processor.py:829} INFO - Processing file /home/seva/UCU/AutomatedDataPipelines/Homework1/venv/lib/python3.10/site-packages/airflow/example_dags/example_latest_only.py for tasks to queue
[2023-11-30T02:15:39.255+0200] {logging_mixin.py:154} INFO - [2023-11-30T02:15:39.255+0200] {dagbag.py:536} INFO - Filling up the DagBag from /home/seva/UCU/AutomatedDataPipelines/Homework1/venv/lib/python3.10/site-packages/airflow/example_dags/example_latest_only.py
[2023-11-30T02:15:39.260+0200] {processor.py:839} INFO - DAG(s) dict_keys(['latest_only']) retrieved from /home/seva/UCU/AutomatedDataPipelines/Homework1/venv/lib/python3.10/site-packages/airflow/example_dags/example_latest_only.py
[2023-11-30T02:15:39.274+0200] {logging_mixin.py:154} INFO - [2023-11-30T02:15:39.273+0200] {dag.py:2941} INFO - Sync 1 DAGs
[2023-11-30T02:15:39.289+0200] {logging_mixin.py:154} INFO - [2023-11-30T02:15:39.289+0200] {dag.py:3722} INFO - Setting next_dagrun for latest_only to 2023-11-29T20:15:39.288827+00:00, run_after=2023-11-30T00:15:39.288827+00:00
[2023-11-30T02:15:39.313+0200] {processor.py:179} INFO - Processing /home/seva/UCU/AutomatedDataPipelines/Homework1/venv/lib/python3.10/site-packages/airflow/example_dags/example_latest_only.py took 0.065 seconds
[2023-11-30T02:16:25.920+0200] {processor.py:157} INFO - Started process (PID=1813) to work on /home/seva/UCU/AutomatedDataPipelines/Homework1/venv/lib/python3.10/site-packages/airflow/example_dags/example_latest_only.py
[2023-11-30T02:16:25.932+0200] {processor.py:829} INFO - Processing file /home/seva/UCU/AutomatedDataPipelines/Homework1/venv/lib/python3.10/site-packages/airflow/example_dags/example_latest_only.py for tasks to queue
[2023-11-30T02:16:25.932+0200] {logging_mixin.py:154} INFO - [2023-11-30T02:16:25.932+0200] {dagbag.py:536} INFO - Filling up the DagBag from /home/seva/UCU/AutomatedDataPipelines/Homework1/venv/lib/python3.10/site-packages/airflow/example_dags/example_latest_only.py
[2023-11-30T02:16:25.937+0200] {processor.py:839} INFO - DAG(s) dict_keys(['latest_only']) retrieved from /home/seva/UCU/AutomatedDataPipelines/Homework1/venv/lib/python3.10/site-packages/airflow/example_dags/example_latest_only.py
[2023-11-30T02:16:25.951+0200] {logging_mixin.py:154} INFO - [2023-11-30T02:16:25.951+0200] {dag.py:2941} INFO - Sync 1 DAGs
[2023-11-30T02:16:25.967+0200] {logging_mixin.py:154} INFO - [2023-11-30T02:16:25.967+0200] {dag.py:3722} INFO - Setting next_dagrun for latest_only to 2023-11-29T20:16:25.966929+00:00, run_after=2023-11-30T00:16:25.966929+00:00
[2023-11-30T02:16:26.010+0200] {processor.py:179} INFO - Processing /home/seva/UCU/AutomatedDataPipelines/Homework1/venv/lib/python3.10/site-packages/airflow/example_dags/example_latest_only.py took 0.093 seconds
[2023-11-30T02:17:09.944+0200] {processor.py:157} INFO - Started process (PID=1988) to work on /home/seva/UCU/AutomatedDataPipelines/Homework1/venv/lib/python3.10/site-packages/airflow/example_dags/example_latest_only.py
[2023-11-30T02:17:09.947+0200] {processor.py:829} INFO - Processing file /home/seva/UCU/AutomatedDataPipelines/Homework1/venv/lib/python3.10/site-packages/airflow/example_dags/example_latest_only.py for tasks to queue
[2023-11-30T02:17:09.947+0200] {logging_mixin.py:154} INFO - [2023-11-30T02:17:09.947+0200] {dagbag.py:536} INFO - Filling up the DagBag from /home/seva/UCU/AutomatedDataPipelines/Homework1/venv/lib/python3.10/site-packages/airflow/example_dags/example_latest_only.py
[2023-11-30T02:17:09.952+0200] {processor.py:839} INFO - DAG(s) dict_keys(['latest_only']) retrieved from /home/seva/UCU/AutomatedDataPipelines/Homework1/venv/lib/python3.10/site-packages/airflow/example_dags/example_latest_only.py
[2023-11-30T02:17:09.968+0200] {logging_mixin.py:154} INFO - [2023-11-30T02:17:09.968+0200] {dag.py:2941} INFO - Sync 1 DAGs
[2023-11-30T02:17:09.984+0200] {logging_mixin.py:154} INFO - [2023-11-30T02:17:09.984+0200] {dag.py:3722} INFO - Setting next_dagrun for latest_only to 2023-11-29T20:17:09.983966+00:00, run_after=2023-11-30T00:17:09.983966+00:00
[2023-11-30T02:17:10.008+0200] {processor.py:179} INFO - Processing /home/seva/UCU/AutomatedDataPipelines/Homework1/venv/lib/python3.10/site-packages/airflow/example_dags/example_latest_only.py took 0.067 seconds
[2023-11-30T02:17:53.111+0200] {processor.py:157} INFO - Started process (PID=2165) to work on /home/seva/UCU/AutomatedDataPipelines/Homework1/venv/lib/python3.10/site-packages/airflow/example_dags/example_latest_only.py
[2023-11-30T02:17:53.113+0200] {processor.py:829} INFO - Processing file /home/seva/UCU/AutomatedDataPipelines/Homework1/venv/lib/python3.10/site-packages/airflow/example_dags/example_latest_only.py for tasks to queue
[2023-11-30T02:17:53.114+0200] {logging_mixin.py:154} INFO - [2023-11-30T02:17:53.113+0200] {dagbag.py:536} INFO - Filling up the DagBag from /home/seva/UCU/AutomatedDataPipelines/Homework1/venv/lib/python3.10/site-packages/airflow/example_dags/example_latest_only.py
[2023-11-30T02:17:53.120+0200] {processor.py:839} INFO - DAG(s) dict_keys(['latest_only']) retrieved from /home/seva/UCU/AutomatedDataPipelines/Homework1/venv/lib/python3.10/site-packages/airflow/example_dags/example_latest_only.py
[2023-11-30T02:17:53.142+0200] {logging_mixin.py:154} INFO - [2023-11-30T02:17:53.141+0200] {dag.py:2941} INFO - Sync 1 DAGs
[2023-11-30T02:17:53.168+0200] {logging_mixin.py:154} INFO - [2023-11-30T02:17:53.168+0200] {dag.py:3722} INFO - Setting next_dagrun for latest_only to 2023-11-29T20:17:53.168347+00:00, run_after=2023-11-30T00:17:53.168347+00:00
[2023-11-30T02:17:53.196+0200] {processor.py:179} INFO - Processing /home/seva/UCU/AutomatedDataPipelines/Homework1/venv/lib/python3.10/site-packages/airflow/example_dags/example_latest_only.py took 0.089 seconds
[2023-11-30T02:18:35.337+0200] {processor.py:157} INFO - Started process (PID=2331) to work on /home/seva/UCU/AutomatedDataPipelines/Homework1/venv/lib/python3.10/site-packages/airflow/example_dags/example_latest_only.py
[2023-11-30T02:18:35.348+0200] {processor.py:829} INFO - Processing file /home/seva/UCU/AutomatedDataPipelines/Homework1/venv/lib/python3.10/site-packages/airflow/example_dags/example_latest_only.py for tasks to queue
[2023-11-30T02:18:35.349+0200] {logging_mixin.py:154} INFO - [2023-11-30T02:18:35.349+0200] {dagbag.py:536} INFO - Filling up the DagBag from /home/seva/UCU/AutomatedDataPipelines/Homework1/venv/lib/python3.10/site-packages/airflow/example_dags/example_latest_only.py
[2023-11-30T02:18:35.355+0200] {processor.py:839} INFO - DAG(s) dict_keys(['latest_only']) retrieved from /home/seva/UCU/AutomatedDataPipelines/Homework1/venv/lib/python3.10/site-packages/airflow/example_dags/example_latest_only.py
[2023-11-30T02:18:35.368+0200] {logging_mixin.py:154} INFO - [2023-11-30T02:18:35.368+0200] {dag.py:2941} INFO - Sync 1 DAGs
[2023-11-30T02:18:35.383+0200] {logging_mixin.py:154} INFO - [2023-11-30T02:18:35.383+0200] {dag.py:3722} INFO - Setting next_dagrun for latest_only to 2023-11-29T20:18:35.383273+00:00, run_after=2023-11-30T00:18:35.383273+00:00
[2023-11-30T02:18:35.408+0200] {processor.py:179} INFO - Processing /home/seva/UCU/AutomatedDataPipelines/Homework1/venv/lib/python3.10/site-packages/airflow/example_dags/example_latest_only.py took 0.074 seconds
[2023-11-30T02:19:21.708+0200] {processor.py:157} INFO - Started process (PID=2515) to work on /home/seva/UCU/AutomatedDataPipelines/Homework1/venv/lib/python3.10/site-packages/airflow/example_dags/example_latest_only.py
[2023-11-30T02:19:21.711+0200] {processor.py:829} INFO - Processing file /home/seva/UCU/AutomatedDataPipelines/Homework1/venv/lib/python3.10/site-packages/airflow/example_dags/example_latest_only.py for tasks to queue
[2023-11-30T02:19:21.712+0200] {logging_mixin.py:154} INFO - [2023-11-30T02:19:21.711+0200] {dagbag.py:536} INFO - Filling up the DagBag from /home/seva/UCU/AutomatedDataPipelines/Homework1/venv/lib/python3.10/site-packages/airflow/example_dags/example_latest_only.py
[2023-11-30T02:19:21.717+0200] {processor.py:839} INFO - DAG(s) dict_keys(['latest_only']) retrieved from /home/seva/UCU/AutomatedDataPipelines/Homework1/venv/lib/python3.10/site-packages/airflow/example_dags/example_latest_only.py
[2023-11-30T02:19:21.732+0200] {logging_mixin.py:154} INFO - [2023-11-30T02:19:21.731+0200] {dag.py:2941} INFO - Sync 1 DAGs
[2023-11-30T02:19:21.748+0200] {logging_mixin.py:154} INFO - [2023-11-30T02:19:21.747+0200] {dag.py:3722} INFO - Setting next_dagrun for latest_only to 2023-11-29T20:19:21.747776+00:00, run_after=2023-11-30T00:19:21.747776+00:00
[2023-11-30T02:19:21.770+0200] {processor.py:179} INFO - Processing /home/seva/UCU/AutomatedDataPipelines/Homework1/venv/lib/python3.10/site-packages/airflow/example_dags/example_latest_only.py took 0.065 seconds
[2023-11-30T02:20:03.983+0200] {processor.py:157} INFO - Started process (PID=2683) to work on /home/seva/UCU/AutomatedDataPipelines/Homework1/venv/lib/python3.10/site-packages/airflow/example_dags/example_latest_only.py
[2023-11-30T02:20:03.994+0200] {processor.py:829} INFO - Processing file /home/seva/UCU/AutomatedDataPipelines/Homework1/venv/lib/python3.10/site-packages/airflow/example_dags/example_latest_only.py for tasks to queue
[2023-11-30T02:20:03.995+0200] {logging_mixin.py:154} INFO - [2023-11-30T02:20:03.995+0200] {dagbag.py:536} INFO - Filling up the DagBag from /home/seva/UCU/AutomatedDataPipelines/Homework1/venv/lib/python3.10/site-packages/airflow/example_dags/example_latest_only.py
[2023-11-30T02:20:04.001+0200] {processor.py:839} INFO - DAG(s) dict_keys(['latest_only']) retrieved from /home/seva/UCU/AutomatedDataPipelines/Homework1/venv/lib/python3.10/site-packages/airflow/example_dags/example_latest_only.py
[2023-11-30T02:20:04.016+0200] {logging_mixin.py:154} INFO - [2023-11-30T02:20:04.016+0200] {dag.py:2941} INFO - Sync 1 DAGs
[2023-11-30T02:20:04.031+0200] {logging_mixin.py:154} INFO - [2023-11-30T02:20:04.031+0200] {dag.py:3722} INFO - Setting next_dagrun for latest_only to 2023-11-29T20:20:04.030899+00:00, run_after=2023-11-30T00:20:04.030899+00:00
[2023-11-30T02:20:04.057+0200] {processor.py:179} INFO - Processing /home/seva/UCU/AutomatedDataPipelines/Homework1/venv/lib/python3.10/site-packages/airflow/example_dags/example_latest_only.py took 0.077 seconds
[2023-11-30T02:20:50.896+0200] {processor.py:157} INFO - Started process (PID=2868) to work on /home/seva/UCU/AutomatedDataPipelines/Homework1/venv/lib/python3.10/site-packages/airflow/example_dags/example_latest_only.py
[2023-11-30T02:20:50.908+0200] {processor.py:829} INFO - Processing file /home/seva/UCU/AutomatedDataPipelines/Homework1/venv/lib/python3.10/site-packages/airflow/example_dags/example_latest_only.py for tasks to queue
[2023-11-30T02:20:50.910+0200] {logging_mixin.py:154} INFO - [2023-11-30T02:20:50.909+0200] {dagbag.py:536} INFO - Filling up the DagBag from /home/seva/UCU/AutomatedDataPipelines/Homework1/venv/lib/python3.10/site-packages/airflow/example_dags/example_latest_only.py
[2023-11-30T02:20:50.917+0200] {processor.py:839} INFO - DAG(s) dict_keys(['latest_only']) retrieved from /home/seva/UCU/AutomatedDataPipelines/Homework1/venv/lib/python3.10/site-packages/airflow/example_dags/example_latest_only.py
[2023-11-30T02:20:50.931+0200] {logging_mixin.py:154} INFO - [2023-11-30T02:20:50.930+0200] {dag.py:2941} INFO - Sync 1 DAGs
[2023-11-30T02:20:50.946+0200] {logging_mixin.py:154} INFO - [2023-11-30T02:20:50.946+0200] {dag.py:3722} INFO - Setting next_dagrun for latest_only to 2023-11-29T20:20:50.946551+00:00, run_after=2023-11-30T00:20:50.946551+00:00
[2023-11-30T02:20:50.972+0200] {processor.py:179} INFO - Processing /home/seva/UCU/AutomatedDataPipelines/Homework1/venv/lib/python3.10/site-packages/airflow/example_dags/example_latest_only.py took 0.079 seconds
[2023-11-30T02:21:35.805+0200] {processor.py:157} INFO - Started process (PID=3041) to work on /home/seva/UCU/AutomatedDataPipelines/Homework1/venv/lib/python3.10/site-packages/airflow/example_dags/example_latest_only.py
[2023-11-30T02:21:35.817+0200] {processor.py:829} INFO - Processing file /home/seva/UCU/AutomatedDataPipelines/Homework1/venv/lib/python3.10/site-packages/airflow/example_dags/example_latest_only.py for tasks to queue
[2023-11-30T02:21:35.818+0200] {logging_mixin.py:154} INFO - [2023-11-30T02:21:35.818+0200] {dagbag.py:536} INFO - Filling up the DagBag from /home/seva/UCU/AutomatedDataPipelines/Homework1/venv/lib/python3.10/site-packages/airflow/example_dags/example_latest_only.py
[2023-11-30T02:21:35.824+0200] {processor.py:839} INFO - DAG(s) dict_keys(['latest_only']) retrieved from /home/seva/UCU/AutomatedDataPipelines/Homework1/venv/lib/python3.10/site-packages/airflow/example_dags/example_latest_only.py
[2023-11-30T02:21:35.841+0200] {logging_mixin.py:154} INFO - [2023-11-30T02:21:35.840+0200] {dag.py:2941} INFO - Sync 1 DAGs
[2023-11-30T02:21:35.863+0200] {logging_mixin.py:154} INFO - [2023-11-30T02:21:35.863+0200] {dag.py:3722} INFO - Setting next_dagrun for latest_only to 2023-11-29T20:21:35.862699+00:00, run_after=2023-11-30T00:21:35.862699+00:00
[2023-11-30T02:21:35.888+0200] {processor.py:179} INFO - Processing /home/seva/UCU/AutomatedDataPipelines/Homework1/venv/lib/python3.10/site-packages/airflow/example_dags/example_latest_only.py took 0.087 seconds
[2023-11-30T02:22:17.111+0200] {processor.py:157} INFO - Started process (PID=3208) to work on /home/seva/UCU/AutomatedDataPipelines/Homework1/venv/lib/python3.10/site-packages/airflow/example_dags/example_latest_only.py
[2023-11-30T02:22:17.124+0200] {processor.py:829} INFO - Processing file /home/seva/UCU/AutomatedDataPipelines/Homework1/venv/lib/python3.10/site-packages/airflow/example_dags/example_latest_only.py for tasks to queue
[2023-11-30T02:22:17.125+0200] {logging_mixin.py:154} INFO - [2023-11-30T02:22:17.124+0200] {dagbag.py:536} INFO - Filling up the DagBag from /home/seva/UCU/AutomatedDataPipelines/Homework1/venv/lib/python3.10/site-packages/airflow/example_dags/example_latest_only.py
[2023-11-30T02:22:17.129+0200] {processor.py:839} INFO - DAG(s) dict_keys(['latest_only']) retrieved from /home/seva/UCU/AutomatedDataPipelines/Homework1/venv/lib/python3.10/site-packages/airflow/example_dags/example_latest_only.py
[2023-11-30T02:22:17.143+0200] {logging_mixin.py:154} INFO - [2023-11-30T02:22:17.143+0200] {dag.py:2941} INFO - Sync 1 DAGs
[2023-11-30T02:22:17.159+0200] {logging_mixin.py:154} INFO - [2023-11-30T02:22:17.158+0200] {dag.py:3722} INFO - Setting next_dagrun for latest_only to 2023-11-29T20:22:17.158727+00:00, run_after=2023-11-30T00:22:17.158727+00:00
[2023-11-30T02:22:17.185+0200] {processor.py:179} INFO - Processing /home/seva/UCU/AutomatedDataPipelines/Homework1/venv/lib/python3.10/site-packages/airflow/example_dags/example_latest_only.py took 0.077 seconds
[2023-11-30T02:23:05.040+0200] {processor.py:157} INFO - Started process (PID=3400) to work on /home/seva/UCU/AutomatedDataPipelines/Homework1/venv/lib/python3.10/site-packages/airflow/example_dags/example_latest_only.py
[2023-11-30T02:23:05.042+0200] {processor.py:829} INFO - Processing file /home/seva/UCU/AutomatedDataPipelines/Homework1/venv/lib/python3.10/site-packages/airflow/example_dags/example_latest_only.py for tasks to queue
[2023-11-30T02:23:05.043+0200] {logging_mixin.py:154} INFO - [2023-11-30T02:23:05.042+0200] {dagbag.py:536} INFO - Filling up the DagBag from /home/seva/UCU/AutomatedDataPipelines/Homework1/venv/lib/python3.10/site-packages/airflow/example_dags/example_latest_only.py
[2023-11-30T02:23:05.048+0200] {processor.py:839} INFO - DAG(s) dict_keys(['latest_only']) retrieved from /home/seva/UCU/AutomatedDataPipelines/Homework1/venv/lib/python3.10/site-packages/airflow/example_dags/example_latest_only.py
[2023-11-30T02:23:05.063+0200] {logging_mixin.py:154} INFO - [2023-11-30T02:23:05.063+0200] {dag.py:2941} INFO - Sync 1 DAGs
[2023-11-30T02:23:05.079+0200] {logging_mixin.py:154} INFO - [2023-11-30T02:23:05.078+0200] {dag.py:3722} INFO - Setting next_dagrun for latest_only to 2023-11-29T20:23:05.078761+00:00, run_after=2023-11-30T00:23:05.078761+00:00
[2023-11-30T02:23:05.104+0200] {processor.py:179} INFO - Processing /home/seva/UCU/AutomatedDataPipelines/Homework1/venv/lib/python3.10/site-packages/airflow/example_dags/example_latest_only.py took 0.066 seconds
[2023-11-30T02:23:48.640+0200] {processor.py:157} INFO - Started process (PID=3572) to work on /home/seva/UCU/AutomatedDataPipelines/Homework1/venv/lib/python3.10/site-packages/airflow/example_dags/example_latest_only.py
[2023-11-30T02:23:48.652+0200] {processor.py:829} INFO - Processing file /home/seva/UCU/AutomatedDataPipelines/Homework1/venv/lib/python3.10/site-packages/airflow/example_dags/example_latest_only.py for tasks to queue
[2023-11-30T02:23:48.653+0200] {logging_mixin.py:154} INFO - [2023-11-30T02:23:48.653+0200] {dagbag.py:536} INFO - Filling up the DagBag from /home/seva/UCU/AutomatedDataPipelines/Homework1/venv/lib/python3.10/site-packages/airflow/example_dags/example_latest_only.py
[2023-11-30T02:23:48.658+0200] {processor.py:839} INFO - DAG(s) dict_keys(['latest_only']) retrieved from /home/seva/UCU/AutomatedDataPipelines/Homework1/venv/lib/python3.10/site-packages/airflow/example_dags/example_latest_only.py
[2023-11-30T02:23:48.671+0200] {logging_mixin.py:154} INFO - [2023-11-30T02:23:48.671+0200] {dag.py:2941} INFO - Sync 1 DAGs
[2023-11-30T02:23:48.687+0200] {logging_mixin.py:154} INFO - [2023-11-30T02:23:48.686+0200] {dag.py:3722} INFO - Setting next_dagrun for latest_only to 2023-11-29T20:23:48.686778+00:00, run_after=2023-11-30T00:23:48.686778+00:00
[2023-11-30T02:23:48.710+0200] {processor.py:179} INFO - Processing /home/seva/UCU/AutomatedDataPipelines/Homework1/venv/lib/python3.10/site-packages/airflow/example_dags/example_latest_only.py took 0.072 seconds
[2023-11-30T02:24:36.158+0200] {processor.py:157} INFO - Started process (PID=3759) to work on /home/seva/UCU/AutomatedDataPipelines/Homework1/venv/lib/python3.10/site-packages/airflow/example_dags/example_latest_only.py
[2023-11-30T02:24:36.169+0200] {processor.py:829} INFO - Processing file /home/seva/UCU/AutomatedDataPipelines/Homework1/venv/lib/python3.10/site-packages/airflow/example_dags/example_latest_only.py for tasks to queue
[2023-11-30T02:24:36.170+0200] {logging_mixin.py:154} INFO - [2023-11-30T02:24:36.170+0200] {dagbag.py:536} INFO - Filling up the DagBag from /home/seva/UCU/AutomatedDataPipelines/Homework1/venv/lib/python3.10/site-packages/airflow/example_dags/example_latest_only.py
[2023-11-30T02:24:36.176+0200] {processor.py:839} INFO - DAG(s) dict_keys(['latest_only']) retrieved from /home/seva/UCU/AutomatedDataPipelines/Homework1/venv/lib/python3.10/site-packages/airflow/example_dags/example_latest_only.py
[2023-11-30T02:24:36.189+0200] {logging_mixin.py:154} INFO - [2023-11-30T02:24:36.189+0200] {dag.py:2941} INFO - Sync 1 DAGs
[2023-11-30T02:24:36.205+0200] {logging_mixin.py:154} INFO - [2023-11-30T02:24:36.204+0200] {dag.py:3722} INFO - Setting next_dagrun for latest_only to 2023-11-29T20:24:36.204654+00:00, run_after=2023-11-30T00:24:36.204654+00:00
[2023-11-30T02:24:36.230+0200] {processor.py:179} INFO - Processing /home/seva/UCU/AutomatedDataPipelines/Homework1/venv/lib/python3.10/site-packages/airflow/example_dags/example_latest_only.py took 0.075 seconds
[2023-11-30T02:25:23.706+0200] {processor.py:157} INFO - Started process (PID=3947) to work on /home/seva/UCU/AutomatedDataPipelines/Homework1/venv/lib/python3.10/site-packages/airflow/example_dags/example_latest_only.py
[2023-11-30T02:25:23.708+0200] {processor.py:829} INFO - Processing file /home/seva/UCU/AutomatedDataPipelines/Homework1/venv/lib/python3.10/site-packages/airflow/example_dags/example_latest_only.py for tasks to queue
[2023-11-30T02:25:23.709+0200] {logging_mixin.py:154} INFO - [2023-11-30T02:25:23.708+0200] {dagbag.py:536} INFO - Filling up the DagBag from /home/seva/UCU/AutomatedDataPipelines/Homework1/venv/lib/python3.10/site-packages/airflow/example_dags/example_latest_only.py
[2023-11-30T02:25:23.714+0200] {processor.py:839} INFO - DAG(s) dict_keys(['latest_only']) retrieved from /home/seva/UCU/AutomatedDataPipelines/Homework1/venv/lib/python3.10/site-packages/airflow/example_dags/example_latest_only.py
[2023-11-30T02:25:23.728+0200] {logging_mixin.py:154} INFO - [2023-11-30T02:25:23.728+0200] {dag.py:2941} INFO - Sync 1 DAGs
[2023-11-30T02:25:23.742+0200] {logging_mixin.py:154} INFO - [2023-11-30T02:25:23.742+0200] {dag.py:3722} INFO - Setting next_dagrun for latest_only to 2023-11-29T20:25:23.742101+00:00, run_after=2023-11-30T00:25:23.742101+00:00
[2023-11-30T02:25:23.766+0200] {processor.py:179} INFO - Processing /home/seva/UCU/AutomatedDataPipelines/Homework1/venv/lib/python3.10/site-packages/airflow/example_dags/example_latest_only.py took 0.063 seconds
[2023-11-30T02:26:05.185+0200] {processor.py:157} INFO - Started process (PID=4110) to work on /home/seva/UCU/AutomatedDataPipelines/Homework1/venv/lib/python3.10/site-packages/airflow/example_dags/example_latest_only.py
[2023-11-30T02:26:05.197+0200] {processor.py:829} INFO - Processing file /home/seva/UCU/AutomatedDataPipelines/Homework1/venv/lib/python3.10/site-packages/airflow/example_dags/example_latest_only.py for tasks to queue
[2023-11-30T02:26:05.198+0200] {logging_mixin.py:154} INFO - [2023-11-30T02:26:05.198+0200] {dagbag.py:536} INFO - Filling up the DagBag from /home/seva/UCU/AutomatedDataPipelines/Homework1/venv/lib/python3.10/site-packages/airflow/example_dags/example_latest_only.py
[2023-11-30T02:26:05.204+0200] {processor.py:839} INFO - DAG(s) dict_keys(['latest_only']) retrieved from /home/seva/UCU/AutomatedDataPipelines/Homework1/venv/lib/python3.10/site-packages/airflow/example_dags/example_latest_only.py
[2023-11-30T02:26:05.218+0200] {logging_mixin.py:154} INFO - [2023-11-30T02:26:05.217+0200] {dag.py:2941} INFO - Sync 1 DAGs
[2023-11-30T02:26:05.233+0200] {logging_mixin.py:154} INFO - [2023-11-30T02:26:05.233+0200] {dag.py:3722} INFO - Setting next_dagrun for latest_only to 2023-11-29T20:26:05.233034+00:00, run_after=2023-11-30T00:26:05.233034+00:00
[2023-11-30T02:26:05.267+0200] {processor.py:179} INFO - Processing /home/seva/UCU/AutomatedDataPipelines/Homework1/venv/lib/python3.10/site-packages/airflow/example_dags/example_latest_only.py took 0.085 seconds
[2023-11-30T02:26:55.784+0200] {processor.py:157} INFO - Started process (PID=4306) to work on /home/seva/UCU/AutomatedDataPipelines/Homework1/venv/lib/python3.10/site-packages/airflow/example_dags/example_latest_only.py
[2023-11-30T02:26:55.796+0200] {processor.py:829} INFO - Processing file /home/seva/UCU/AutomatedDataPipelines/Homework1/venv/lib/python3.10/site-packages/airflow/example_dags/example_latest_only.py for tasks to queue
[2023-11-30T02:26:55.797+0200] {logging_mixin.py:154} INFO - [2023-11-30T02:26:55.797+0200] {dagbag.py:536} INFO - Filling up the DagBag from /home/seva/UCU/AutomatedDataPipelines/Homework1/venv/lib/python3.10/site-packages/airflow/example_dags/example_latest_only.py
[2023-11-30T02:26:55.804+0200] {processor.py:839} INFO - DAG(s) dict_keys(['latest_only']) retrieved from /home/seva/UCU/AutomatedDataPipelines/Homework1/venv/lib/python3.10/site-packages/airflow/example_dags/example_latest_only.py
[2023-11-30T02:26:55.821+0200] {logging_mixin.py:154} INFO - [2023-11-30T02:26:55.821+0200] {dag.py:2941} INFO - Sync 1 DAGs
[2023-11-30T02:26:55.838+0200] {logging_mixin.py:154} INFO - [2023-11-30T02:26:55.838+0200] {dag.py:3722} INFO - Setting next_dagrun for latest_only to 2023-11-29T20:26:55.838260+00:00, run_after=2023-11-30T00:26:55.838260+00:00
[2023-11-30T02:26:55.862+0200] {processor.py:179} INFO - Processing /home/seva/UCU/AutomatedDataPipelines/Homework1/venv/lib/python3.10/site-packages/airflow/example_dags/example_latest_only.py took 0.081 seconds
[2023-11-30T02:27:45.435+0200] {processor.py:157} INFO - Started process (PID=4500) to work on /home/seva/UCU/AutomatedDataPipelines/Homework1/venv/lib/python3.10/site-packages/airflow/example_dags/example_latest_only.py
[2023-11-30T02:27:45.447+0200] {processor.py:829} INFO - Processing file /home/seva/UCU/AutomatedDataPipelines/Homework1/venv/lib/python3.10/site-packages/airflow/example_dags/example_latest_only.py for tasks to queue
[2023-11-30T02:27:45.448+0200] {logging_mixin.py:154} INFO - [2023-11-30T02:27:45.448+0200] {dagbag.py:536} INFO - Filling up the DagBag from /home/seva/UCU/AutomatedDataPipelines/Homework1/venv/lib/python3.10/site-packages/airflow/example_dags/example_latest_only.py
[2023-11-30T02:27:45.453+0200] {processor.py:839} INFO - DAG(s) dict_keys(['latest_only']) retrieved from /home/seva/UCU/AutomatedDataPipelines/Homework1/venv/lib/python3.10/site-packages/airflow/example_dags/example_latest_only.py
[2023-11-30T02:27:45.467+0200] {logging_mixin.py:154} INFO - [2023-11-30T02:27:45.467+0200] {dag.py:2941} INFO - Sync 1 DAGs
[2023-11-30T02:27:45.483+0200] {logging_mixin.py:154} INFO - [2023-11-30T02:27:45.483+0200] {dag.py:3722} INFO - Setting next_dagrun for latest_only to 2023-11-29T20:27:45.482957+00:00, run_after=2023-11-30T00:27:45.482957+00:00
[2023-11-30T02:27:45.509+0200] {processor.py:179} INFO - Processing /home/seva/UCU/AutomatedDataPipelines/Homework1/venv/lib/python3.10/site-packages/airflow/example_dags/example_latest_only.py took 0.077 seconds
[2023-11-30T02:28:30.561+0200] {processor.py:157} INFO - Started process (PID=4679) to work on /home/seva/UCU/AutomatedDataPipelines/Homework1/venv/lib/python3.10/site-packages/airflow/example_dags/example_latest_only.py
[2023-11-30T02:28:30.574+0200] {processor.py:829} INFO - Processing file /home/seva/UCU/AutomatedDataPipelines/Homework1/venv/lib/python3.10/site-packages/airflow/example_dags/example_latest_only.py for tasks to queue
[2023-11-30T02:28:30.574+0200] {logging_mixin.py:154} INFO - [2023-11-30T02:28:30.574+0200] {dagbag.py:536} INFO - Filling up the DagBag from /home/seva/UCU/AutomatedDataPipelines/Homework1/venv/lib/python3.10/site-packages/airflow/example_dags/example_latest_only.py
[2023-11-30T02:28:30.579+0200] {processor.py:839} INFO - DAG(s) dict_keys(['latest_only']) retrieved from /home/seva/UCU/AutomatedDataPipelines/Homework1/venv/lib/python3.10/site-packages/airflow/example_dags/example_latest_only.py
[2023-11-30T02:28:30.592+0200] {logging_mixin.py:154} INFO - [2023-11-30T02:28:30.592+0200] {dag.py:2941} INFO - Sync 1 DAGs
[2023-11-30T02:28:30.608+0200] {logging_mixin.py:154} INFO - [2023-11-30T02:28:30.608+0200] {dag.py:3722} INFO - Setting next_dagrun for latest_only to 2023-11-29T20:28:30.608073+00:00, run_after=2023-11-30T00:28:30.608073+00:00
[2023-11-30T02:28:30.633+0200] {processor.py:179} INFO - Processing /home/seva/UCU/AutomatedDataPipelines/Homework1/venv/lib/python3.10/site-packages/airflow/example_dags/example_latest_only.py took 0.075 seconds
[2023-11-30T02:29:14.252+0200] {processor.py:157} INFO - Started process (PID=4851) to work on /home/seva/UCU/AutomatedDataPipelines/Homework1/venv/lib/python3.10/site-packages/airflow/example_dags/example_latest_only.py
[2023-11-30T02:29:14.263+0200] {processor.py:829} INFO - Processing file /home/seva/UCU/AutomatedDataPipelines/Homework1/venv/lib/python3.10/site-packages/airflow/example_dags/example_latest_only.py for tasks to queue
[2023-11-30T02:29:14.264+0200] {logging_mixin.py:154} INFO - [2023-11-30T02:29:14.264+0200] {dagbag.py:536} INFO - Filling up the DagBag from /home/seva/UCU/AutomatedDataPipelines/Homework1/venv/lib/python3.10/site-packages/airflow/example_dags/example_latest_only.py
[2023-11-30T02:29:14.269+0200] {processor.py:839} INFO - DAG(s) dict_keys(['latest_only']) retrieved from /home/seva/UCU/AutomatedDataPipelines/Homework1/venv/lib/python3.10/site-packages/airflow/example_dags/example_latest_only.py
[2023-11-30T02:29:14.283+0200] {logging_mixin.py:154} INFO - [2023-11-30T02:29:14.282+0200] {dag.py:2941} INFO - Sync 1 DAGs
[2023-11-30T02:29:14.298+0200] {logging_mixin.py:154} INFO - [2023-11-30T02:29:14.298+0200] {dag.py:3722} INFO - Setting next_dagrun for latest_only to 2023-11-29T20:29:14.298076+00:00, run_after=2023-11-30T00:29:14.298076+00:00
[2023-11-30T02:29:14.322+0200] {processor.py:179} INFO - Processing /home/seva/UCU/AutomatedDataPipelines/Homework1/venv/lib/python3.10/site-packages/airflow/example_dags/example_latest_only.py took 0.073 seconds
[2023-11-30T02:29:57.285+0200] {processor.py:157} INFO - Started process (PID=5025) to work on /home/seva/UCU/AutomatedDataPipelines/Homework1/venv/lib/python3.10/site-packages/airflow/example_dags/example_latest_only.py
[2023-11-30T02:29:57.297+0200] {processor.py:829} INFO - Processing file /home/seva/UCU/AutomatedDataPipelines/Homework1/venv/lib/python3.10/site-packages/airflow/example_dags/example_latest_only.py for tasks to queue
[2023-11-30T02:29:57.298+0200] {logging_mixin.py:154} INFO - [2023-11-30T02:29:57.298+0200] {dagbag.py:536} INFO - Filling up the DagBag from /home/seva/UCU/AutomatedDataPipelines/Homework1/venv/lib/python3.10/site-packages/airflow/example_dags/example_latest_only.py
[2023-11-30T02:29:57.304+0200] {processor.py:839} INFO - DAG(s) dict_keys(['latest_only']) retrieved from /home/seva/UCU/AutomatedDataPipelines/Homework1/venv/lib/python3.10/site-packages/airflow/example_dags/example_latest_only.py
[2023-11-30T02:29:57.320+0200] {logging_mixin.py:154} INFO - [2023-11-30T02:29:57.320+0200] {dag.py:2941} INFO - Sync 1 DAGs
[2023-11-30T02:29:57.337+0200] {logging_mixin.py:154} INFO - [2023-11-30T02:29:57.337+0200] {dag.py:3722} INFO - Setting next_dagrun for latest_only to 2023-11-29T20:29:57.336840+00:00, run_after=2023-11-30T00:29:57.336840+00:00
[2023-11-30T02:29:57.361+0200] {processor.py:179} INFO - Processing /home/seva/UCU/AutomatedDataPipelines/Homework1/venv/lib/python3.10/site-packages/airflow/example_dags/example_latest_only.py took 0.079 seconds
[2023-11-30T02:30:43.994+0200] {processor.py:157} INFO - Started process (PID=5211) to work on /home/seva/UCU/AutomatedDataPipelines/Homework1/venv/lib/python3.10/site-packages/airflow/example_dags/example_latest_only.py
[2023-11-30T02:30:44.006+0200] {processor.py:829} INFO - Processing file /home/seva/UCU/AutomatedDataPipelines/Homework1/venv/lib/python3.10/site-packages/airflow/example_dags/example_latest_only.py for tasks to queue
[2023-11-30T02:30:44.007+0200] {logging_mixin.py:154} INFO - [2023-11-30T02:30:44.007+0200] {dagbag.py:536} INFO - Filling up the DagBag from /home/seva/UCU/AutomatedDataPipelines/Homework1/venv/lib/python3.10/site-packages/airflow/example_dags/example_latest_only.py
[2023-11-30T02:30:44.012+0200] {processor.py:839} INFO - DAG(s) dict_keys(['latest_only']) retrieved from /home/seva/UCU/AutomatedDataPipelines/Homework1/venv/lib/python3.10/site-packages/airflow/example_dags/example_latest_only.py
[2023-11-30T02:30:44.028+0200] {logging_mixin.py:154} INFO - [2023-11-30T02:30:44.027+0200] {dag.py:2941} INFO - Sync 1 DAGs
[2023-11-30T02:30:44.043+0200] {logging_mixin.py:154} INFO - [2023-11-30T02:30:44.043+0200] {dag.py:3722} INFO - Setting next_dagrun for latest_only to 2023-11-29T20:30:44.043015+00:00, run_after=2023-11-30T00:30:44.043015+00:00
[2023-11-30T02:30:44.069+0200] {processor.py:179} INFO - Processing /home/seva/UCU/AutomatedDataPipelines/Homework1/venv/lib/python3.10/site-packages/airflow/example_dags/example_latest_only.py took 0.077 seconds
[2023-11-30T02:31:30.797+0200] {processor.py:157} INFO - Started process (PID=5391) to work on /home/seva/UCU/AutomatedDataPipelines/Homework1/venv/lib/python3.10/site-packages/airflow/example_dags/example_latest_only.py
[2023-11-30T02:31:30.799+0200] {processor.py:829} INFO - Processing file /home/seva/UCU/AutomatedDataPipelines/Homework1/venv/lib/python3.10/site-packages/airflow/example_dags/example_latest_only.py for tasks to queue
[2023-11-30T02:31:30.800+0200] {logging_mixin.py:154} INFO - [2023-11-30T02:31:30.800+0200] {dagbag.py:536} INFO - Filling up the DagBag from /home/seva/UCU/AutomatedDataPipelines/Homework1/venv/lib/python3.10/site-packages/airflow/example_dags/example_latest_only.py
[2023-11-30T02:31:30.804+0200] {processor.py:839} INFO - DAG(s) dict_keys(['latest_only']) retrieved from /home/seva/UCU/AutomatedDataPipelines/Homework1/venv/lib/python3.10/site-packages/airflow/example_dags/example_latest_only.py
[2023-11-30T02:31:30.818+0200] {logging_mixin.py:154} INFO - [2023-11-30T02:31:30.818+0200] {dag.py:2941} INFO - Sync 1 DAGs
[2023-11-30T02:31:30.834+0200] {logging_mixin.py:154} INFO - [2023-11-30T02:31:30.834+0200] {dag.py:3722} INFO - Setting next_dagrun for latest_only to 2023-11-29T20:31:30.833885+00:00, run_after=2023-11-30T00:31:30.833885+00:00
[2023-11-30T02:31:30.858+0200] {processor.py:179} INFO - Processing /home/seva/UCU/AutomatedDataPipelines/Homework1/venv/lib/python3.10/site-packages/airflow/example_dags/example_latest_only.py took 0.064 seconds
[2023-11-30T02:32:15.495+0200] {processor.py:157} INFO - Started process (PID=5571) to work on /home/seva/UCU/AutomatedDataPipelines/Homework1/venv/lib/python3.10/site-packages/airflow/example_dags/example_latest_only.py
[2023-11-30T02:32:15.507+0200] {processor.py:829} INFO - Processing file /home/seva/UCU/AutomatedDataPipelines/Homework1/venv/lib/python3.10/site-packages/airflow/example_dags/example_latest_only.py for tasks to queue
[2023-11-30T02:32:15.508+0200] {logging_mixin.py:154} INFO - [2023-11-30T02:32:15.508+0200] {dagbag.py:536} INFO - Filling up the DagBag from /home/seva/UCU/AutomatedDataPipelines/Homework1/venv/lib/python3.10/site-packages/airflow/example_dags/example_latest_only.py
[2023-11-30T02:32:15.514+0200] {processor.py:839} INFO - DAG(s) dict_keys(['latest_only']) retrieved from /home/seva/UCU/AutomatedDataPipelines/Homework1/venv/lib/python3.10/site-packages/airflow/example_dags/example_latest_only.py
[2023-11-30T02:32:15.532+0200] {logging_mixin.py:154} INFO - [2023-11-30T02:32:15.532+0200] {dag.py:2941} INFO - Sync 1 DAGs
[2023-11-30T02:32:15.551+0200] {logging_mixin.py:154} INFO - [2023-11-30T02:32:15.550+0200] {dag.py:3722} INFO - Setting next_dagrun for latest_only to 2023-11-29T20:32:15.550673+00:00, run_after=2023-11-30T00:32:15.550673+00:00
[2023-11-30T02:32:15.573+0200] {processor.py:179} INFO - Processing /home/seva/UCU/AutomatedDataPipelines/Homework1/venv/lib/python3.10/site-packages/airflow/example_dags/example_latest_only.py took 0.082 seconds
[2023-11-30T02:33:02.207+0200] {processor.py:157} INFO - Started process (PID=5779) to work on /home/seva/UCU/AutomatedDataPipelines/Homework1/venv/lib/python3.10/site-packages/airflow/example_dags/example_latest_only.py
[2023-11-30T02:33:02.219+0200] {processor.py:829} INFO - Processing file /home/seva/UCU/AutomatedDataPipelines/Homework1/venv/lib/python3.10/site-packages/airflow/example_dags/example_latest_only.py for tasks to queue
[2023-11-30T02:33:02.220+0200] {logging_mixin.py:154} INFO - [2023-11-30T02:33:02.220+0200] {dagbag.py:536} INFO - Filling up the DagBag from /home/seva/UCU/AutomatedDataPipelines/Homework1/venv/lib/python3.10/site-packages/airflow/example_dags/example_latest_only.py
[2023-11-30T02:33:02.225+0200] {processor.py:839} INFO - DAG(s) dict_keys(['latest_only']) retrieved from /home/seva/UCU/AutomatedDataPipelines/Homework1/venv/lib/python3.10/site-packages/airflow/example_dags/example_latest_only.py
[2023-11-30T02:33:02.239+0200] {logging_mixin.py:154} INFO - [2023-11-30T02:33:02.239+0200] {dag.py:2941} INFO - Sync 1 DAGs
[2023-11-30T02:33:02.255+0200] {logging_mixin.py:154} INFO - [2023-11-30T02:33:02.255+0200] {dag.py:3722} INFO - Setting next_dagrun for latest_only to 2023-11-29T20:33:02.255553+00:00, run_after=2023-11-30T00:33:02.255553+00:00
[2023-11-30T02:33:02.280+0200] {processor.py:179} INFO - Processing /home/seva/UCU/AutomatedDataPipelines/Homework1/venv/lib/python3.10/site-packages/airflow/example_dags/example_latest_only.py took 0.076 seconds
[2023-11-30T02:33:49.698+0200] {processor.py:157} INFO - Started process (PID=5965) to work on /home/seva/UCU/AutomatedDataPipelines/Homework1/venv/lib/python3.10/site-packages/airflow/example_dags/example_latest_only.py
[2023-11-30T02:33:49.711+0200] {processor.py:829} INFO - Processing file /home/seva/UCU/AutomatedDataPipelines/Homework1/venv/lib/python3.10/site-packages/airflow/example_dags/example_latest_only.py for tasks to queue
[2023-11-30T02:33:49.712+0200] {logging_mixin.py:154} INFO - [2023-11-30T02:33:49.712+0200] {dagbag.py:536} INFO - Filling up the DagBag from /home/seva/UCU/AutomatedDataPipelines/Homework1/venv/lib/python3.10/site-packages/airflow/example_dags/example_latest_only.py
[2023-11-30T02:33:49.719+0200] {processor.py:839} INFO - DAG(s) dict_keys(['latest_only']) retrieved from /home/seva/UCU/AutomatedDataPipelines/Homework1/venv/lib/python3.10/site-packages/airflow/example_dags/example_latest_only.py
[2023-11-30T02:33:49.743+0200] {logging_mixin.py:154} INFO - [2023-11-30T02:33:49.742+0200] {dag.py:2941} INFO - Sync 1 DAGs
[2023-11-30T02:33:49.763+0200] {logging_mixin.py:154} INFO - [2023-11-30T02:33:49.762+0200] {dag.py:3722} INFO - Setting next_dagrun for latest_only to 2023-11-29T20:33:49.762546+00:00, run_after=2023-11-30T00:33:49.762546+00:00
[2023-11-30T02:33:49.796+0200] {processor.py:179} INFO - Processing /home/seva/UCU/AutomatedDataPipelines/Homework1/venv/lib/python3.10/site-packages/airflow/example_dags/example_latest_only.py took 0.105 seconds
[2023-11-30T02:34:38.460+0200] {processor.py:157} INFO - Started process (PID=6167) to work on /home/seva/UCU/AutomatedDataPipelines/Homework1/venv/lib/python3.10/site-packages/airflow/example_dags/example_latest_only.py
[2023-11-30T02:34:38.472+0200] {processor.py:829} INFO - Processing file /home/seva/UCU/AutomatedDataPipelines/Homework1/venv/lib/python3.10/site-packages/airflow/example_dags/example_latest_only.py for tasks to queue
[2023-11-30T02:34:38.472+0200] {logging_mixin.py:154} INFO - [2023-11-30T02:34:38.472+0200] {dagbag.py:536} INFO - Filling up the DagBag from /home/seva/UCU/AutomatedDataPipelines/Homework1/venv/lib/python3.10/site-packages/airflow/example_dags/example_latest_only.py
[2023-11-30T02:34:38.478+0200] {processor.py:839} INFO - DAG(s) dict_keys(['latest_only']) retrieved from /home/seva/UCU/AutomatedDataPipelines/Homework1/venv/lib/python3.10/site-packages/airflow/example_dags/example_latest_only.py
[2023-11-30T02:34:38.492+0200] {logging_mixin.py:154} INFO - [2023-11-30T02:34:38.492+0200] {dag.py:2941} INFO - Sync 1 DAGs
[2023-11-30T02:34:38.509+0200] {logging_mixin.py:154} INFO - [2023-11-30T02:34:38.508+0200] {dag.py:3722} INFO - Setting next_dagrun for latest_only to 2023-11-29T20:34:38.508653+00:00, run_after=2023-11-30T00:34:38.508653+00:00
[2023-11-30T02:34:38.533+0200] {processor.py:179} INFO - Processing /home/seva/UCU/AutomatedDataPipelines/Homework1/venv/lib/python3.10/site-packages/airflow/example_dags/example_latest_only.py took 0.077 seconds
[2023-11-30T02:35:26.085+0200] {processor.py:157} INFO - Started process (PID=6356) to work on /home/seva/UCU/AutomatedDataPipelines/Homework1/venv/lib/python3.10/site-packages/airflow/example_dags/example_latest_only.py
[2023-11-30T02:35:26.097+0200] {processor.py:829} INFO - Processing file /home/seva/UCU/AutomatedDataPipelines/Homework1/venv/lib/python3.10/site-packages/airflow/example_dags/example_latest_only.py for tasks to queue
[2023-11-30T02:35:26.098+0200] {logging_mixin.py:154} INFO - [2023-11-30T02:35:26.097+0200] {dagbag.py:536} INFO - Filling up the DagBag from /home/seva/UCU/AutomatedDataPipelines/Homework1/venv/lib/python3.10/site-packages/airflow/example_dags/example_latest_only.py
[2023-11-30T02:35:26.103+0200] {processor.py:839} INFO - DAG(s) dict_keys(['latest_only']) retrieved from /home/seva/UCU/AutomatedDataPipelines/Homework1/venv/lib/python3.10/site-packages/airflow/example_dags/example_latest_only.py
[2023-11-30T02:35:26.116+0200] {logging_mixin.py:154} INFO - [2023-11-30T02:35:26.116+0200] {dag.py:2941} INFO - Sync 1 DAGs
[2023-11-30T02:35:26.134+0200] {logging_mixin.py:154} INFO - [2023-11-30T02:35:26.133+0200] {dag.py:3722} INFO - Setting next_dagrun for latest_only to 2023-11-29T20:35:26.133700+00:00, run_after=2023-11-30T00:35:26.133700+00:00
[2023-11-30T02:35:26.158+0200] {processor.py:179} INFO - Processing /home/seva/UCU/AutomatedDataPipelines/Homework1/venv/lib/python3.10/site-packages/airflow/example_dags/example_latest_only.py took 0.077 seconds
[2023-11-30T02:36:12.751+0200] {processor.py:157} INFO - Started process (PID=6539) to work on /home/seva/UCU/AutomatedDataPipelines/Homework1/venv/lib/python3.10/site-packages/airflow/example_dags/example_latest_only.py
[2023-11-30T02:36:12.763+0200] {processor.py:829} INFO - Processing file /home/seva/UCU/AutomatedDataPipelines/Homework1/venv/lib/python3.10/site-packages/airflow/example_dags/example_latest_only.py for tasks to queue
[2023-11-30T02:36:12.764+0200] {logging_mixin.py:154} INFO - [2023-11-30T02:36:12.764+0200] {dagbag.py:536} INFO - Filling up the DagBag from /home/seva/UCU/AutomatedDataPipelines/Homework1/venv/lib/python3.10/site-packages/airflow/example_dags/example_latest_only.py
[2023-11-30T02:36:12.769+0200] {processor.py:839} INFO - DAG(s) dict_keys(['latest_only']) retrieved from /home/seva/UCU/AutomatedDataPipelines/Homework1/venv/lib/python3.10/site-packages/airflow/example_dags/example_latest_only.py
[2023-11-30T02:36:12.785+0200] {logging_mixin.py:154} INFO - [2023-11-30T02:36:12.785+0200] {dag.py:2941} INFO - Sync 1 DAGs
[2023-11-30T02:36:12.802+0200] {logging_mixin.py:154} INFO - [2023-11-30T02:36:12.802+0200] {dag.py:3722} INFO - Setting next_dagrun for latest_only to 2023-11-29T20:36:12.802241+00:00, run_after=2023-11-30T00:36:12.802241+00:00
[2023-11-30T02:36:12.827+0200] {processor.py:179} INFO - Processing /home/seva/UCU/AutomatedDataPipelines/Homework1/venv/lib/python3.10/site-packages/airflow/example_dags/example_latest_only.py took 0.080 seconds
[2023-11-30T02:36:58.461+0200] {processor.py:157} INFO - Started process (PID=6721) to work on /home/seva/UCU/AutomatedDataPipelines/Homework1/venv/lib/python3.10/site-packages/airflow/example_dags/example_latest_only.py
[2023-11-30T02:36:58.475+0200] {processor.py:829} INFO - Processing file /home/seva/UCU/AutomatedDataPipelines/Homework1/venv/lib/python3.10/site-packages/airflow/example_dags/example_latest_only.py for tasks to queue
[2023-11-30T02:36:58.477+0200] {logging_mixin.py:154} INFO - [2023-11-30T02:36:58.477+0200] {dagbag.py:536} INFO - Filling up the DagBag from /home/seva/UCU/AutomatedDataPipelines/Homework1/venv/lib/python3.10/site-packages/airflow/example_dags/example_latest_only.py
[2023-11-30T02:36:58.487+0200] {processor.py:839} INFO - DAG(s) dict_keys(['latest_only']) retrieved from /home/seva/UCU/AutomatedDataPipelines/Homework1/venv/lib/python3.10/site-packages/airflow/example_dags/example_latest_only.py
[2023-11-30T02:36:58.517+0200] {logging_mixin.py:154} INFO - [2023-11-30T02:36:58.516+0200] {dag.py:2941} INFO - Sync 1 DAGs
[2023-11-30T02:36:58.552+0200] {logging_mixin.py:154} INFO - [2023-11-30T02:36:58.552+0200] {dag.py:3722} INFO - Setting next_dagrun for latest_only to 2023-11-29T20:36:58.551968+00:00, run_after=2023-11-30T00:36:58.551968+00:00
[2023-11-30T02:36:58.594+0200] {processor.py:179} INFO - Processing /home/seva/UCU/AutomatedDataPipelines/Homework1/venv/lib/python3.10/site-packages/airflow/example_dags/example_latest_only.py took 0.139 seconds
[2023-11-30T02:37:48.068+0200] {processor.py:157} INFO - Started process (PID=6916) to work on /home/seva/UCU/AutomatedDataPipelines/Homework1/venv/lib/python3.10/site-packages/airflow/example_dags/example_latest_only.py
[2023-11-30T02:37:48.071+0200] {processor.py:829} INFO - Processing file /home/seva/UCU/AutomatedDataPipelines/Homework1/venv/lib/python3.10/site-packages/airflow/example_dags/example_latest_only.py for tasks to queue
[2023-11-30T02:37:48.074+0200] {logging_mixin.py:154} INFO - [2023-11-30T02:37:48.072+0200] {dagbag.py:536} INFO - Filling up the DagBag from /home/seva/UCU/AutomatedDataPipelines/Homework1/venv/lib/python3.10/site-packages/airflow/example_dags/example_latest_only.py
[2023-11-30T02:37:48.087+0200] {processor.py:839} INFO - DAG(s) dict_keys(['latest_only']) retrieved from /home/seva/UCU/AutomatedDataPipelines/Homework1/venv/lib/python3.10/site-packages/airflow/example_dags/example_latest_only.py
[2023-11-30T02:37:48.109+0200] {logging_mixin.py:154} INFO - [2023-11-30T02:37:48.109+0200] {dag.py:2941} INFO - Sync 1 DAGs
[2023-11-30T02:37:48.146+0200] {logging_mixin.py:154} INFO - [2023-11-30T02:37:48.145+0200] {dag.py:3722} INFO - Setting next_dagrun for latest_only to 2023-11-29T20:37:48.144761+00:00, run_after=2023-11-30T00:37:48.144761+00:00
[2023-11-30T02:37:48.184+0200] {processor.py:179} INFO - Processing /home/seva/UCU/AutomatedDataPipelines/Homework1/venv/lib/python3.10/site-packages/airflow/example_dags/example_latest_only.py took 0.122 seconds
[2023-11-30T02:38:41.445+0200] {processor.py:157} INFO - Started process (PID=7286) to work on /home/seva/UCU/AutomatedDataPipelines/Homework1/venv/lib/python3.10/site-packages/airflow/example_dags/example_latest_only.py
[2023-11-30T02:38:41.447+0200] {processor.py:829} INFO - Processing file /home/seva/UCU/AutomatedDataPipelines/Homework1/venv/lib/python3.10/site-packages/airflow/example_dags/example_latest_only.py for tasks to queue
[2023-11-30T02:38:41.448+0200] {logging_mixin.py:154} INFO - [2023-11-30T02:38:41.448+0200] {dagbag.py:536} INFO - Filling up the DagBag from /home/seva/UCU/AutomatedDataPipelines/Homework1/venv/lib/python3.10/site-packages/airflow/example_dags/example_latest_only.py
[2023-11-30T02:38:41.455+0200] {processor.py:839} INFO - DAG(s) dict_keys(['latest_only']) retrieved from /home/seva/UCU/AutomatedDataPipelines/Homework1/venv/lib/python3.10/site-packages/airflow/example_dags/example_latest_only.py
[2023-11-30T02:38:41.475+0200] {logging_mixin.py:154} INFO - [2023-11-30T02:38:41.474+0200] {dag.py:2941} INFO - Sync 1 DAGs
[2023-11-30T02:38:41.498+0200] {logging_mixin.py:154} INFO - [2023-11-30T02:38:41.497+0200] {dag.py:3722} INFO - Setting next_dagrun for latest_only to 2023-11-29T20:38:41.497502+00:00, run_after=2023-11-30T00:38:41.497502+00:00
[2023-11-30T02:38:41.523+0200] {processor.py:179} INFO - Processing /home/seva/UCU/AutomatedDataPipelines/Homework1/venv/lib/python3.10/site-packages/airflow/example_dags/example_latest_only.py took 0.082 seconds
