[2023-11-30T02:13:46.629+0200] {processor.py:157} INFO - Started process (PID=1233) to work on /home/seva/UCU/AutomatedDataPipelines/Homework1/venv/lib/python3.10/site-packages/airflow/example_dags/example_external_task_marker_dag.py
[2023-11-30T02:13:46.630+0200] {processor.py:829} INFO - Processing file /home/seva/UCU/AutomatedDataPipelines/Homework1/venv/lib/python3.10/site-packages/airflow/example_dags/example_external_task_marker_dag.py for tasks to queue
[2023-11-30T02:13:46.631+0200] {logging_mixin.py:154} INFO - [2023-11-30T02:13:46.631+0200] {dagbag.py:536} INFO - Filling up the DagBag from /home/seva/UCU/AutomatedDataPipelines/Homework1/venv/lib/python3.10/site-packages/airflow/example_dags/example_external_task_marker_dag.py
[2023-11-30T02:13:46.638+0200] {processor.py:839} INFO - DAG(s) dict_keys(['example_external_task_marker_parent', 'example_external_task_marker_child']) retrieved from /home/seva/UCU/AutomatedDataPipelines/Homework1/venv/lib/python3.10/site-packages/airflow/example_dags/example_external_task_marker_dag.py
[2023-11-30T02:13:46.781+0200] {logging_mixin.py:154} INFO - [2023-11-30T02:13:46.781+0200] {manager.py:499} INFO - Created Permission View: %s
[2023-11-30T02:13:46.797+0200] {logging_mixin.py:154} INFO - [2023-11-30T02:13:46.796+0200] {manager.py:499} INFO - Created Permission View: %s
[2023-11-30T02:13:46.810+0200] {logging_mixin.py:154} INFO - [2023-11-30T02:13:46.810+0200] {manager.py:499} INFO - Created Permission View: %s
[2023-11-30T02:13:46.843+0200] {logging_mixin.py:154} INFO - [2023-11-30T02:13:46.843+0200] {manager.py:499} INFO - Created Permission View: %s
[2023-11-30T02:13:46.858+0200] {logging_mixin.py:154} INFO - [2023-11-30T02:13:46.857+0200] {manager.py:499} INFO - Created Permission View: %s
[2023-11-30T02:13:46.872+0200] {logging_mixin.py:154} INFO - [2023-11-30T02:13:46.872+0200] {manager.py:499} INFO - Created Permission View: %s
[2023-11-30T02:13:46.872+0200] {logging_mixin.py:154} INFO - [2023-11-30T02:13:46.872+0200] {dag.py:2941} INFO - Sync 2 DAGs
[2023-11-30T02:13:46.881+0200] {logging_mixin.py:154} INFO - [2023-11-30T02:13:46.881+0200] {dag.py:2963} INFO - Creating ORM DAG for example_external_task_marker_parent
[2023-11-30T02:13:46.881+0200] {logging_mixin.py:154} INFO - [2023-11-30T02:13:46.881+0200] {dag.py:2963} INFO - Creating ORM DAG for example_external_task_marker_child
[2023-11-30T02:13:46.882+0200] {logging_mixin.py:154} INFO - [2023-11-30T02:13:46.881+0200] {dag.py:3722} INFO - Setting next_dagrun for example_external_task_marker_child to None, run_after=None
[2023-11-30T02:13:46.882+0200] {logging_mixin.py:154} INFO - [2023-11-30T02:13:46.882+0200] {dag.py:3722} INFO - Setting next_dagrun for example_external_task_marker_parent to None, run_after=None
[2023-11-30T02:13:46.909+0200] {processor.py:179} INFO - Processing /home/seva/UCU/AutomatedDataPipelines/Homework1/venv/lib/python3.10/site-packages/airflow/example_dags/example_external_task_marker_dag.py took 0.283 seconds
[2023-11-30T02:14:33.242+0200] {processor.py:157} INFO - Started process (PID=1377) to work on /home/seva/UCU/AutomatedDataPipelines/Homework1/venv/lib/python3.10/site-packages/airflow/example_dags/example_external_task_marker_dag.py
[2023-11-30T02:14:33.254+0200] {processor.py:829} INFO - Processing file /home/seva/UCU/AutomatedDataPipelines/Homework1/venv/lib/python3.10/site-packages/airflow/example_dags/example_external_task_marker_dag.py for tasks to queue
[2023-11-30T02:14:33.256+0200] {logging_mixin.py:154} INFO - [2023-11-30T02:14:33.255+0200] {dagbag.py:536} INFO - Filling up the DagBag from /home/seva/UCU/AutomatedDataPipelines/Homework1/venv/lib/python3.10/site-packages/airflow/example_dags/example_external_task_marker_dag.py
[2023-11-30T02:14:33.262+0200] {processor.py:839} INFO - DAG(s) dict_keys(['example_external_task_marker_parent', 'example_external_task_marker_child']) retrieved from /home/seva/UCU/AutomatedDataPipelines/Homework1/venv/lib/python3.10/site-packages/airflow/example_dags/example_external_task_marker_dag.py
[2023-11-30T02:14:33.279+0200] {logging_mixin.py:154} INFO - [2023-11-30T02:14:33.279+0200] {dag.py:2941} INFO - Sync 2 DAGs
[2023-11-30T02:14:33.288+0200] {logging_mixin.py:154} INFO - [2023-11-30T02:14:33.288+0200] {dag.py:3722} INFO - Setting next_dagrun for example_external_task_marker_child to None, run_after=None
[2023-11-30T02:14:33.291+0200] {logging_mixin.py:154} INFO - [2023-11-30T02:14:33.291+0200] {dag.py:3722} INFO - Setting next_dagrun for example_external_task_marker_parent to None, run_after=None
[2023-11-30T02:14:33.321+0200] {processor.py:179} INFO - Processing /home/seva/UCU/AutomatedDataPipelines/Homework1/venv/lib/python3.10/site-packages/airflow/example_dags/example_external_task_marker_dag.py took 0.081 seconds
[2023-11-30T02:15:22.906+0200] {processor.py:157} INFO - Started process (PID=1560) to work on /home/seva/UCU/AutomatedDataPipelines/Homework1/venv/lib/python3.10/site-packages/airflow/example_dags/example_external_task_marker_dag.py
[2023-11-30T02:15:22.918+0200] {processor.py:829} INFO - Processing file /home/seva/UCU/AutomatedDataPipelines/Homework1/venv/lib/python3.10/site-packages/airflow/example_dags/example_external_task_marker_dag.py for tasks to queue
[2023-11-30T02:15:22.919+0200] {logging_mixin.py:154} INFO - [2023-11-30T02:15:22.919+0200] {dagbag.py:536} INFO - Filling up the DagBag from /home/seva/UCU/AutomatedDataPipelines/Homework1/venv/lib/python3.10/site-packages/airflow/example_dags/example_external_task_marker_dag.py
[2023-11-30T02:15:22.926+0200] {processor.py:839} INFO - DAG(s) dict_keys(['example_external_task_marker_child', 'example_external_task_marker_parent']) retrieved from /home/seva/UCU/AutomatedDataPipelines/Homework1/venv/lib/python3.10/site-packages/airflow/example_dags/example_external_task_marker_dag.py
[2023-11-30T02:15:22.943+0200] {logging_mixin.py:154} INFO - [2023-11-30T02:15:22.943+0200] {dag.py:2941} INFO - Sync 2 DAGs
[2023-11-30T02:15:22.952+0200] {logging_mixin.py:154} INFO - [2023-11-30T02:15:22.952+0200] {dag.py:3722} INFO - Setting next_dagrun for example_external_task_marker_child to None, run_after=None
[2023-11-30T02:15:22.955+0200] {logging_mixin.py:154} INFO - [2023-11-30T02:15:22.955+0200] {dag.py:3722} INFO - Setting next_dagrun for example_external_task_marker_parent to None, run_after=None
[2023-11-30T02:15:22.979+0200] {processor.py:179} INFO - Processing /home/seva/UCU/AutomatedDataPipelines/Homework1/venv/lib/python3.10/site-packages/airflow/example_dags/example_external_task_marker_dag.py took 0.076 seconds
[2023-11-30T02:16:06.904+0200] {processor.py:157} INFO - Started process (PID=1732) to work on /home/seva/UCU/AutomatedDataPipelines/Homework1/venv/lib/python3.10/site-packages/airflow/example_dags/example_external_task_marker_dag.py
[2023-11-30T02:16:06.916+0200] {processor.py:829} INFO - Processing file /home/seva/UCU/AutomatedDataPipelines/Homework1/venv/lib/python3.10/site-packages/airflow/example_dags/example_external_task_marker_dag.py for tasks to queue
[2023-11-30T02:16:06.917+0200] {logging_mixin.py:154} INFO - [2023-11-30T02:16:06.917+0200] {dagbag.py:536} INFO - Filling up the DagBag from /home/seva/UCU/AutomatedDataPipelines/Homework1/venv/lib/python3.10/site-packages/airflow/example_dags/example_external_task_marker_dag.py
[2023-11-30T02:16:06.923+0200] {processor.py:839} INFO - DAG(s) dict_keys(['example_external_task_marker_child', 'example_external_task_marker_parent']) retrieved from /home/seva/UCU/AutomatedDataPipelines/Homework1/venv/lib/python3.10/site-packages/airflow/example_dags/example_external_task_marker_dag.py
[2023-11-30T02:16:06.939+0200] {logging_mixin.py:154} INFO - [2023-11-30T02:16:06.938+0200] {dag.py:2941} INFO - Sync 2 DAGs
[2023-11-30T02:16:06.948+0200] {logging_mixin.py:154} INFO - [2023-11-30T02:16:06.948+0200] {dag.py:3722} INFO - Setting next_dagrun for example_external_task_marker_child to None, run_after=None
[2023-11-30T02:16:06.951+0200] {logging_mixin.py:154} INFO - [2023-11-30T02:16:06.951+0200] {dag.py:3722} INFO - Setting next_dagrun for example_external_task_marker_parent to None, run_after=None
[2023-11-30T02:16:06.973+0200] {processor.py:179} INFO - Processing /home/seva/UCU/AutomatedDataPipelines/Homework1/venv/lib/python3.10/site-packages/airflow/example_dags/example_external_task_marker_dag.py took 0.072 seconds
[2023-11-30T02:16:53.471+0200] {processor.py:157} INFO - Started process (PID=1920) to work on /home/seva/UCU/AutomatedDataPipelines/Homework1/venv/lib/python3.10/site-packages/airflow/example_dags/example_external_task_marker_dag.py
[2023-11-30T02:16:53.482+0200] {processor.py:829} INFO - Processing file /home/seva/UCU/AutomatedDataPipelines/Homework1/venv/lib/python3.10/site-packages/airflow/example_dags/example_external_task_marker_dag.py for tasks to queue
[2023-11-30T02:16:53.484+0200] {logging_mixin.py:154} INFO - [2023-11-30T02:16:53.483+0200] {dagbag.py:536} INFO - Filling up the DagBag from /home/seva/UCU/AutomatedDataPipelines/Homework1/venv/lib/python3.10/site-packages/airflow/example_dags/example_external_task_marker_dag.py
[2023-11-30T02:16:53.489+0200] {processor.py:839} INFO - DAG(s) dict_keys(['example_external_task_marker_child', 'example_external_task_marker_parent']) retrieved from /home/seva/UCU/AutomatedDataPipelines/Homework1/venv/lib/python3.10/site-packages/airflow/example_dags/example_external_task_marker_dag.py
[2023-11-30T02:16:53.506+0200] {logging_mixin.py:154} INFO - [2023-11-30T02:16:53.506+0200] {dag.py:2941} INFO - Sync 2 DAGs
[2023-11-30T02:16:53.515+0200] {logging_mixin.py:154} INFO - [2023-11-30T02:16:53.515+0200] {dag.py:3722} INFO - Setting next_dagrun for example_external_task_marker_child to None, run_after=None
[2023-11-30T02:16:53.517+0200] {logging_mixin.py:154} INFO - [2023-11-30T02:16:53.517+0200] {dag.py:3722} INFO - Setting next_dagrun for example_external_task_marker_parent to None, run_after=None
[2023-11-30T02:16:53.538+0200] {processor.py:179} INFO - Processing /home/seva/UCU/AutomatedDataPipelines/Homework1/venv/lib/python3.10/site-packages/airflow/example_dags/example_external_task_marker_dag.py took 0.070 seconds
[2023-11-30T02:17:36.955+0200] {processor.py:157} INFO - Started process (PID=2100) to work on /home/seva/UCU/AutomatedDataPipelines/Homework1/venv/lib/python3.10/site-packages/airflow/example_dags/example_external_task_marker_dag.py
[2023-11-30T02:17:36.966+0200] {processor.py:829} INFO - Processing file /home/seva/UCU/AutomatedDataPipelines/Homework1/venv/lib/python3.10/site-packages/airflow/example_dags/example_external_task_marker_dag.py for tasks to queue
[2023-11-30T02:17:36.967+0200] {logging_mixin.py:154} INFO - [2023-11-30T02:17:36.967+0200] {dagbag.py:536} INFO - Filling up the DagBag from /home/seva/UCU/AutomatedDataPipelines/Homework1/venv/lib/python3.10/site-packages/airflow/example_dags/example_external_task_marker_dag.py
[2023-11-30T02:17:36.974+0200] {processor.py:839} INFO - DAG(s) dict_keys(['example_external_task_marker_child', 'example_external_task_marker_parent']) retrieved from /home/seva/UCU/AutomatedDataPipelines/Homework1/venv/lib/python3.10/site-packages/airflow/example_dags/example_external_task_marker_dag.py
[2023-11-30T02:17:36.991+0200] {logging_mixin.py:154} INFO - [2023-11-30T02:17:36.991+0200] {dag.py:2941} INFO - Sync 2 DAGs
[2023-11-30T02:17:37.000+0200] {logging_mixin.py:154} INFO - [2023-11-30T02:17:37.000+0200] {dag.py:3722} INFO - Setting next_dagrun for example_external_task_marker_child to None, run_after=None
[2023-11-30T02:17:37.003+0200] {logging_mixin.py:154} INFO - [2023-11-30T02:17:37.003+0200] {dag.py:3722} INFO - Setting next_dagrun for example_external_task_marker_parent to None, run_after=None
[2023-11-30T02:17:37.027+0200] {processor.py:179} INFO - Processing /home/seva/UCU/AutomatedDataPipelines/Homework1/venv/lib/python3.10/site-packages/airflow/example_dags/example_external_task_marker_dag.py took 0.075 seconds
[2023-11-30T02:18:22.165+0200] {processor.py:157} INFO - Started process (PID=2279) to work on /home/seva/UCU/AutomatedDataPipelines/Homework1/venv/lib/python3.10/site-packages/airflow/example_dags/example_external_task_marker_dag.py
[2023-11-30T02:18:22.167+0200] {processor.py:829} INFO - Processing file /home/seva/UCU/AutomatedDataPipelines/Homework1/venv/lib/python3.10/site-packages/airflow/example_dags/example_external_task_marker_dag.py for tasks to queue
[2023-11-30T02:18:22.168+0200] {logging_mixin.py:154} INFO - [2023-11-30T02:18:22.167+0200] {dagbag.py:536} INFO - Filling up the DagBag from /home/seva/UCU/AutomatedDataPipelines/Homework1/venv/lib/python3.10/site-packages/airflow/example_dags/example_external_task_marker_dag.py
[2023-11-30T02:18:22.173+0200] {processor.py:839} INFO - DAG(s) dict_keys(['example_external_task_marker_parent', 'example_external_task_marker_child']) retrieved from /home/seva/UCU/AutomatedDataPipelines/Homework1/venv/lib/python3.10/site-packages/airflow/example_dags/example_external_task_marker_dag.py
[2023-11-30T02:18:22.192+0200] {logging_mixin.py:154} INFO - [2023-11-30T02:18:22.192+0200] {dag.py:2941} INFO - Sync 2 DAGs
[2023-11-30T02:18:22.201+0200] {logging_mixin.py:154} INFO - [2023-11-30T02:18:22.201+0200] {dag.py:3722} INFO - Setting next_dagrun for example_external_task_marker_child to None, run_after=None
[2023-11-30T02:18:22.204+0200] {logging_mixin.py:154} INFO - [2023-11-30T02:18:22.204+0200] {dag.py:3722} INFO - Setting next_dagrun for example_external_task_marker_parent to None, run_after=None
[2023-11-30T02:18:22.227+0200] {processor.py:179} INFO - Processing /home/seva/UCU/AutomatedDataPipelines/Homework1/venv/lib/python3.10/site-packages/airflow/example_dags/example_external_task_marker_dag.py took 0.064 seconds
[2023-11-30T02:19:03.959+0200] {processor.py:157} INFO - Started process (PID=2444) to work on /home/seva/UCU/AutomatedDataPipelines/Homework1/venv/lib/python3.10/site-packages/airflow/example_dags/example_external_task_marker_dag.py
[2023-11-30T02:19:03.969+0200] {processor.py:829} INFO - Processing file /home/seva/UCU/AutomatedDataPipelines/Homework1/venv/lib/python3.10/site-packages/airflow/example_dags/example_external_task_marker_dag.py for tasks to queue
[2023-11-30T02:19:03.970+0200] {logging_mixin.py:154} INFO - [2023-11-30T02:19:03.970+0200] {dagbag.py:536} INFO - Filling up the DagBag from /home/seva/UCU/AutomatedDataPipelines/Homework1/venv/lib/python3.10/site-packages/airflow/example_dags/example_external_task_marker_dag.py
[2023-11-30T02:19:03.976+0200] {processor.py:839} INFO - DAG(s) dict_keys(['example_external_task_marker_parent', 'example_external_task_marker_child']) retrieved from /home/seva/UCU/AutomatedDataPipelines/Homework1/venv/lib/python3.10/site-packages/airflow/example_dags/example_external_task_marker_dag.py
[2023-11-30T02:19:03.993+0200] {logging_mixin.py:154} INFO - [2023-11-30T02:19:03.992+0200] {dag.py:2941} INFO - Sync 2 DAGs
[2023-11-30T02:19:04.002+0200] {logging_mixin.py:154} INFO - [2023-11-30T02:19:04.002+0200] {dag.py:3722} INFO - Setting next_dagrun for example_external_task_marker_child to None, run_after=None
[2023-11-30T02:19:04.005+0200] {logging_mixin.py:154} INFO - [2023-11-30T02:19:04.004+0200] {dag.py:3722} INFO - Setting next_dagrun for example_external_task_marker_parent to None, run_after=None
[2023-11-30T02:19:04.027+0200] {processor.py:179} INFO - Processing /home/seva/UCU/AutomatedDataPipelines/Homework1/venv/lib/python3.10/site-packages/airflow/example_dags/example_external_task_marker_dag.py took 0.070 seconds
[2023-11-30T02:19:48.525+0200] {processor.py:157} INFO - Started process (PID=2624) to work on /home/seva/UCU/AutomatedDataPipelines/Homework1/venv/lib/python3.10/site-packages/airflow/example_dags/example_external_task_marker_dag.py
[2023-11-30T02:19:48.527+0200] {processor.py:829} INFO - Processing file /home/seva/UCU/AutomatedDataPipelines/Homework1/venv/lib/python3.10/site-packages/airflow/example_dags/example_external_task_marker_dag.py for tasks to queue
[2023-11-30T02:19:48.528+0200] {logging_mixin.py:154} INFO - [2023-11-30T02:19:48.527+0200] {dagbag.py:536} INFO - Filling up the DagBag from /home/seva/UCU/AutomatedDataPipelines/Homework1/venv/lib/python3.10/site-packages/airflow/example_dags/example_external_task_marker_dag.py
[2023-11-30T02:19:48.533+0200] {processor.py:839} INFO - DAG(s) dict_keys(['example_external_task_marker_child', 'example_external_task_marker_parent']) retrieved from /home/seva/UCU/AutomatedDataPipelines/Homework1/venv/lib/python3.10/site-packages/airflow/example_dags/example_external_task_marker_dag.py
[2023-11-30T02:19:48.549+0200] {logging_mixin.py:154} INFO - [2023-11-30T02:19:48.549+0200] {dag.py:2941} INFO - Sync 2 DAGs
[2023-11-30T02:19:48.558+0200] {logging_mixin.py:154} INFO - [2023-11-30T02:19:48.558+0200] {dag.py:3722} INFO - Setting next_dagrun for example_external_task_marker_child to None, run_after=None
[2023-11-30T02:19:48.560+0200] {logging_mixin.py:154} INFO - [2023-11-30T02:19:48.560+0200] {dag.py:3722} INFO - Setting next_dagrun for example_external_task_marker_parent to None, run_after=None
[2023-11-30T02:19:48.584+0200] {processor.py:179} INFO - Processing /home/seva/UCU/AutomatedDataPipelines/Homework1/venv/lib/python3.10/site-packages/airflow/example_dags/example_external_task_marker_dag.py took 0.062 seconds
[2023-11-30T02:20:31.683+0200] {processor.py:157} INFO - Started process (PID=2788) to work on /home/seva/UCU/AutomatedDataPipelines/Homework1/venv/lib/python3.10/site-packages/airflow/example_dags/example_external_task_marker_dag.py
[2023-11-30T02:20:31.685+0200] {processor.py:829} INFO - Processing file /home/seva/UCU/AutomatedDataPipelines/Homework1/venv/lib/python3.10/site-packages/airflow/example_dags/example_external_task_marker_dag.py for tasks to queue
[2023-11-30T02:20:31.686+0200] {logging_mixin.py:154} INFO - [2023-11-30T02:20:31.685+0200] {dagbag.py:536} INFO - Filling up the DagBag from /home/seva/UCU/AutomatedDataPipelines/Homework1/venv/lib/python3.10/site-packages/airflow/example_dags/example_external_task_marker_dag.py
[2023-11-30T02:20:31.693+0200] {processor.py:839} INFO - DAG(s) dict_keys(['example_external_task_marker_parent', 'example_external_task_marker_child']) retrieved from /home/seva/UCU/AutomatedDataPipelines/Homework1/venv/lib/python3.10/site-packages/airflow/example_dags/example_external_task_marker_dag.py
[2023-11-30T02:20:31.716+0200] {logging_mixin.py:154} INFO - [2023-11-30T02:20:31.716+0200] {dag.py:2941} INFO - Sync 2 DAGs
[2023-11-30T02:20:31.727+0200] {logging_mixin.py:154} INFO - [2023-11-30T02:20:31.726+0200] {dag.py:3722} INFO - Setting next_dagrun for example_external_task_marker_child to None, run_after=None
[2023-11-30T02:20:31.730+0200] {logging_mixin.py:154} INFO - [2023-11-30T02:20:31.729+0200] {dag.py:3722} INFO - Setting next_dagrun for example_external_task_marker_parent to None, run_after=None
[2023-11-30T02:20:31.751+0200] {processor.py:179} INFO - Processing /home/seva/UCU/AutomatedDataPipelines/Homework1/venv/lib/python3.10/site-packages/airflow/example_dags/example_external_task_marker_dag.py took 0.071 seconds
[2023-11-30T02:21:18.068+0200] {processor.py:157} INFO - Started process (PID=2974) to work on /home/seva/UCU/AutomatedDataPipelines/Homework1/venv/lib/python3.10/site-packages/airflow/example_dags/example_external_task_marker_dag.py
[2023-11-30T02:21:18.080+0200] {processor.py:829} INFO - Processing file /home/seva/UCU/AutomatedDataPipelines/Homework1/venv/lib/python3.10/site-packages/airflow/example_dags/example_external_task_marker_dag.py for tasks to queue
[2023-11-30T02:21:18.081+0200] {logging_mixin.py:154} INFO - [2023-11-30T02:21:18.081+0200] {dagbag.py:536} INFO - Filling up the DagBag from /home/seva/UCU/AutomatedDataPipelines/Homework1/venv/lib/python3.10/site-packages/airflow/example_dags/example_external_task_marker_dag.py
[2023-11-30T02:21:18.087+0200] {processor.py:839} INFO - DAG(s) dict_keys(['example_external_task_marker_child', 'example_external_task_marker_parent']) retrieved from /home/seva/UCU/AutomatedDataPipelines/Homework1/venv/lib/python3.10/site-packages/airflow/example_dags/example_external_task_marker_dag.py
[2023-11-30T02:21:18.104+0200] {logging_mixin.py:154} INFO - [2023-11-30T02:21:18.104+0200] {dag.py:2941} INFO - Sync 2 DAGs
[2023-11-30T02:21:18.115+0200] {logging_mixin.py:154} INFO - [2023-11-30T02:21:18.114+0200] {dag.py:3722} INFO - Setting next_dagrun for example_external_task_marker_child to None, run_after=None
[2023-11-30T02:21:18.117+0200] {logging_mixin.py:154} INFO - [2023-11-30T02:21:18.117+0200] {dag.py:3722} INFO - Setting next_dagrun for example_external_task_marker_parent to None, run_after=None
[2023-11-30T02:21:18.140+0200] {processor.py:179} INFO - Processing /home/seva/UCU/AutomatedDataPipelines/Homework1/venv/lib/python3.10/site-packages/airflow/example_dags/example_external_task_marker_dag.py took 0.075 seconds
[2023-11-30T02:22:00.418+0200] {processor.py:157} INFO - Started process (PID=3141) to work on /home/seva/UCU/AutomatedDataPipelines/Homework1/venv/lib/python3.10/site-packages/airflow/example_dags/example_external_task_marker_dag.py
[2023-11-30T02:22:00.430+0200] {processor.py:829} INFO - Processing file /home/seva/UCU/AutomatedDataPipelines/Homework1/venv/lib/python3.10/site-packages/airflow/example_dags/example_external_task_marker_dag.py for tasks to queue
[2023-11-30T02:22:00.431+0200] {logging_mixin.py:154} INFO - [2023-11-30T02:22:00.431+0200] {dagbag.py:536} INFO - Filling up the DagBag from /home/seva/UCU/AutomatedDataPipelines/Homework1/venv/lib/python3.10/site-packages/airflow/example_dags/example_external_task_marker_dag.py
[2023-11-30T02:22:00.437+0200] {processor.py:839} INFO - DAG(s) dict_keys(['example_external_task_marker_child', 'example_external_task_marker_parent']) retrieved from /home/seva/UCU/AutomatedDataPipelines/Homework1/venv/lib/python3.10/site-packages/airflow/example_dags/example_external_task_marker_dag.py
[2023-11-30T02:22:00.455+0200] {logging_mixin.py:154} INFO - [2023-11-30T02:22:00.455+0200] {dag.py:2941} INFO - Sync 2 DAGs
[2023-11-30T02:22:00.466+0200] {logging_mixin.py:154} INFO - [2023-11-30T02:22:00.466+0200] {dag.py:3722} INFO - Setting next_dagrun for example_external_task_marker_child to None, run_after=None
[2023-11-30T02:22:00.468+0200] {logging_mixin.py:154} INFO - [2023-11-30T02:22:00.468+0200] {dag.py:3722} INFO - Setting next_dagrun for example_external_task_marker_parent to None, run_after=None
[2023-11-30T02:22:00.490+0200] {processor.py:179} INFO - Processing /home/seva/UCU/AutomatedDataPipelines/Homework1/venv/lib/python3.10/site-packages/airflow/example_dags/example_external_task_marker_dag.py took 0.075 seconds
[2023-11-30T02:22:44.658+0200] {processor.py:157} INFO - Started process (PID=3319) to work on /home/seva/UCU/AutomatedDataPipelines/Homework1/venv/lib/python3.10/site-packages/airflow/example_dags/example_external_task_marker_dag.py
[2023-11-30T02:22:44.669+0200] {processor.py:829} INFO - Processing file /home/seva/UCU/AutomatedDataPipelines/Homework1/venv/lib/python3.10/site-packages/airflow/example_dags/example_external_task_marker_dag.py for tasks to queue
[2023-11-30T02:22:44.670+0200] {logging_mixin.py:154} INFO - [2023-11-30T02:22:44.670+0200] {dagbag.py:536} INFO - Filling up the DagBag from /home/seva/UCU/AutomatedDataPipelines/Homework1/venv/lib/python3.10/site-packages/airflow/example_dags/example_external_task_marker_dag.py
[2023-11-30T02:22:44.676+0200] {processor.py:839} INFO - DAG(s) dict_keys(['example_external_task_marker_child', 'example_external_task_marker_parent']) retrieved from /home/seva/UCU/AutomatedDataPipelines/Homework1/venv/lib/python3.10/site-packages/airflow/example_dags/example_external_task_marker_dag.py
[2023-11-30T02:22:44.692+0200] {logging_mixin.py:154} INFO - [2023-11-30T02:22:44.692+0200] {dag.py:2941} INFO - Sync 2 DAGs
[2023-11-30T02:22:44.701+0200] {logging_mixin.py:154} INFO - [2023-11-30T02:22:44.701+0200] {dag.py:3722} INFO - Setting next_dagrun for example_external_task_marker_child to None, run_after=None
[2023-11-30T02:22:44.704+0200] {logging_mixin.py:154} INFO - [2023-11-30T02:22:44.703+0200] {dag.py:3722} INFO - Setting next_dagrun for example_external_task_marker_parent to None, run_after=None
[2023-11-30T02:22:44.726+0200] {processor.py:179} INFO - Processing /home/seva/UCU/AutomatedDataPipelines/Homework1/venv/lib/python3.10/site-packages/airflow/example_dags/example_external_task_marker_dag.py took 0.071 seconds
[2023-11-30T02:23:28.935+0200] {processor.py:157} INFO - Started process (PID=3492) to work on /home/seva/UCU/AutomatedDataPipelines/Homework1/venv/lib/python3.10/site-packages/airflow/example_dags/example_external_task_marker_dag.py
[2023-11-30T02:23:28.948+0200] {processor.py:829} INFO - Processing file /home/seva/UCU/AutomatedDataPipelines/Homework1/venv/lib/python3.10/site-packages/airflow/example_dags/example_external_task_marker_dag.py for tasks to queue
[2023-11-30T02:23:28.949+0200] {logging_mixin.py:154} INFO - [2023-11-30T02:23:28.948+0200] {dagbag.py:536} INFO - Filling up the DagBag from /home/seva/UCU/AutomatedDataPipelines/Homework1/venv/lib/python3.10/site-packages/airflow/example_dags/example_external_task_marker_dag.py
[2023-11-30T02:23:28.955+0200] {processor.py:839} INFO - DAG(s) dict_keys(['example_external_task_marker_parent', 'example_external_task_marker_child']) retrieved from /home/seva/UCU/AutomatedDataPipelines/Homework1/venv/lib/python3.10/site-packages/airflow/example_dags/example_external_task_marker_dag.py
[2023-11-30T02:23:28.973+0200] {logging_mixin.py:154} INFO - [2023-11-30T02:23:28.973+0200] {dag.py:2941} INFO - Sync 2 DAGs
[2023-11-30T02:23:28.982+0200] {logging_mixin.py:154} INFO - [2023-11-30T02:23:28.982+0200] {dag.py:3722} INFO - Setting next_dagrun for example_external_task_marker_child to None, run_after=None
[2023-11-30T02:23:28.985+0200] {logging_mixin.py:154} INFO - [2023-11-30T02:23:28.985+0200] {dag.py:3722} INFO - Setting next_dagrun for example_external_task_marker_parent to None, run_after=None
[2023-11-30T02:23:29.026+0200] {processor.py:179} INFO - Processing /home/seva/UCU/AutomatedDataPipelines/Homework1/venv/lib/python3.10/site-packages/airflow/example_dags/example_external_task_marker_dag.py took 0.094 seconds
[2023-11-30T02:24:13.254+0200] {processor.py:157} INFO - Started process (PID=3669) to work on /home/seva/UCU/AutomatedDataPipelines/Homework1/venv/lib/python3.10/site-packages/airflow/example_dags/example_external_task_marker_dag.py
[2023-11-30T02:24:13.257+0200] {processor.py:829} INFO - Processing file /home/seva/UCU/AutomatedDataPipelines/Homework1/venv/lib/python3.10/site-packages/airflow/example_dags/example_external_task_marker_dag.py for tasks to queue
[2023-11-30T02:24:13.258+0200] {logging_mixin.py:154} INFO - [2023-11-30T02:24:13.257+0200] {dagbag.py:536} INFO - Filling up the DagBag from /home/seva/UCU/AutomatedDataPipelines/Homework1/venv/lib/python3.10/site-packages/airflow/example_dags/example_external_task_marker_dag.py
[2023-11-30T02:24:13.263+0200] {processor.py:839} INFO - DAG(s) dict_keys(['example_external_task_marker_child', 'example_external_task_marker_parent']) retrieved from /home/seva/UCU/AutomatedDataPipelines/Homework1/venv/lib/python3.10/site-packages/airflow/example_dags/example_external_task_marker_dag.py
[2023-11-30T02:24:13.279+0200] {logging_mixin.py:154} INFO - [2023-11-30T02:24:13.279+0200] {dag.py:2941} INFO - Sync 2 DAGs
[2023-11-30T02:24:13.289+0200] {logging_mixin.py:154} INFO - [2023-11-30T02:24:13.288+0200] {dag.py:3722} INFO - Setting next_dagrun for example_external_task_marker_child to None, run_after=None
[2023-11-30T02:24:13.291+0200] {logging_mixin.py:154} INFO - [2023-11-30T02:24:13.291+0200] {dag.py:3722} INFO - Setting next_dagrun for example_external_task_marker_parent to None, run_after=None
[2023-11-30T02:24:13.315+0200] {processor.py:179} INFO - Processing /home/seva/UCU/AutomatedDataPipelines/Homework1/venv/lib/python3.10/site-packages/airflow/example_dags/example_external_task_marker_dag.py took 0.064 seconds
[2023-11-30T02:25:03.188+0200] {processor.py:157} INFO - Started process (PID=3864) to work on /home/seva/UCU/AutomatedDataPipelines/Homework1/venv/lib/python3.10/site-packages/airflow/example_dags/example_external_task_marker_dag.py
[2023-11-30T02:25:03.190+0200] {processor.py:829} INFO - Processing file /home/seva/UCU/AutomatedDataPipelines/Homework1/venv/lib/python3.10/site-packages/airflow/example_dags/example_external_task_marker_dag.py for tasks to queue
[2023-11-30T02:25:03.190+0200] {logging_mixin.py:154} INFO - [2023-11-30T02:25:03.190+0200] {dagbag.py:536} INFO - Filling up the DagBag from /home/seva/UCU/AutomatedDataPipelines/Homework1/venv/lib/python3.10/site-packages/airflow/example_dags/example_external_task_marker_dag.py
[2023-11-30T02:25:03.196+0200] {processor.py:839} INFO - DAG(s) dict_keys(['example_external_task_marker_parent', 'example_external_task_marker_child']) retrieved from /home/seva/UCU/AutomatedDataPipelines/Homework1/venv/lib/python3.10/site-packages/airflow/example_dags/example_external_task_marker_dag.py
[2023-11-30T02:25:03.213+0200] {logging_mixin.py:154} INFO - [2023-11-30T02:25:03.213+0200] {dag.py:2941} INFO - Sync 2 DAGs
[2023-11-30T02:25:03.222+0200] {logging_mixin.py:154} INFO - [2023-11-30T02:25:03.222+0200] {dag.py:3722} INFO - Setting next_dagrun for example_external_task_marker_child to None, run_after=None
[2023-11-30T02:25:03.225+0200] {logging_mixin.py:154} INFO - [2023-11-30T02:25:03.225+0200] {dag.py:3722} INFO - Setting next_dagrun for example_external_task_marker_parent to None, run_after=None
[2023-11-30T02:25:03.249+0200] {processor.py:179} INFO - Processing /home/seva/UCU/AutomatedDataPipelines/Homework1/venv/lib/python3.10/site-packages/airflow/example_dags/example_external_task_marker_dag.py took 0.064 seconds
[2023-11-30T02:25:45.199+0200] {processor.py:157} INFO - Started process (PID=4030) to work on /home/seva/UCU/AutomatedDataPipelines/Homework1/venv/lib/python3.10/site-packages/airflow/example_dags/example_external_task_marker_dag.py
[2023-11-30T02:25:45.211+0200] {processor.py:829} INFO - Processing file /home/seva/UCU/AutomatedDataPipelines/Homework1/venv/lib/python3.10/site-packages/airflow/example_dags/example_external_task_marker_dag.py for tasks to queue
[2023-11-30T02:25:45.212+0200] {logging_mixin.py:154} INFO - [2023-11-30T02:25:45.212+0200] {dagbag.py:536} INFO - Filling up the DagBag from /home/seva/UCU/AutomatedDataPipelines/Homework1/venv/lib/python3.10/site-packages/airflow/example_dags/example_external_task_marker_dag.py
[2023-11-30T02:25:45.218+0200] {processor.py:839} INFO - DAG(s) dict_keys(['example_external_task_marker_parent', 'example_external_task_marker_child']) retrieved from /home/seva/UCU/AutomatedDataPipelines/Homework1/venv/lib/python3.10/site-packages/airflow/example_dags/example_external_task_marker_dag.py
[2023-11-30T02:25:45.234+0200] {logging_mixin.py:154} INFO - [2023-11-30T02:25:45.234+0200] {dag.py:2941} INFO - Sync 2 DAGs
[2023-11-30T02:25:45.243+0200] {logging_mixin.py:154} INFO - [2023-11-30T02:25:45.243+0200] {dag.py:3722} INFO - Setting next_dagrun for example_external_task_marker_child to None, run_after=None
[2023-11-30T02:25:45.246+0200] {logging_mixin.py:154} INFO - [2023-11-30T02:25:45.245+0200] {dag.py:3722} INFO - Setting next_dagrun for example_external_task_marker_parent to None, run_after=None
[2023-11-30T02:25:45.280+0200] {processor.py:179} INFO - Processing /home/seva/UCU/AutomatedDataPipelines/Homework1/venv/lib/python3.10/site-packages/airflow/example_dags/example_external_task_marker_dag.py took 0.084 seconds
[2023-11-30T02:26:30.520+0200] {processor.py:157} INFO - Started process (PID=4207) to work on /home/seva/UCU/AutomatedDataPipelines/Homework1/venv/lib/python3.10/site-packages/airflow/example_dags/example_external_task_marker_dag.py
[2023-11-30T02:26:30.531+0200] {processor.py:829} INFO - Processing file /home/seva/UCU/AutomatedDataPipelines/Homework1/venv/lib/python3.10/site-packages/airflow/example_dags/example_external_task_marker_dag.py for tasks to queue
[2023-11-30T02:26:30.532+0200] {logging_mixin.py:154} INFO - [2023-11-30T02:26:30.532+0200] {dagbag.py:536} INFO - Filling up the DagBag from /home/seva/UCU/AutomatedDataPipelines/Homework1/venv/lib/python3.10/site-packages/airflow/example_dags/example_external_task_marker_dag.py
[2023-11-30T02:26:30.539+0200] {processor.py:839} INFO - DAG(s) dict_keys(['example_external_task_marker_parent', 'example_external_task_marker_child']) retrieved from /home/seva/UCU/AutomatedDataPipelines/Homework1/venv/lib/python3.10/site-packages/airflow/example_dags/example_external_task_marker_dag.py
[2023-11-30T02:26:30.555+0200] {logging_mixin.py:154} INFO - [2023-11-30T02:26:30.555+0200] {dag.py:2941} INFO - Sync 2 DAGs
[2023-11-30T02:26:30.563+0200] {logging_mixin.py:154} INFO - [2023-11-30T02:26:30.563+0200] {dag.py:3722} INFO - Setting next_dagrun for example_external_task_marker_child to None, run_after=None
[2023-11-30T02:26:30.566+0200] {logging_mixin.py:154} INFO - [2023-11-30T02:26:30.566+0200] {dag.py:3722} INFO - Setting next_dagrun for example_external_task_marker_parent to None, run_after=None
[2023-11-30T02:26:30.598+0200] {processor.py:179} INFO - Processing /home/seva/UCU/AutomatedDataPipelines/Homework1/venv/lib/python3.10/site-packages/airflow/example_dags/example_external_task_marker_dag.py took 0.081 seconds
[2023-11-30T02:27:23.164+0200] {processor.py:157} INFO - Started process (PID=4417) to work on /home/seva/UCU/AutomatedDataPipelines/Homework1/venv/lib/python3.10/site-packages/airflow/example_dags/example_external_task_marker_dag.py
[2023-11-30T02:27:23.176+0200] {processor.py:829} INFO - Processing file /home/seva/UCU/AutomatedDataPipelines/Homework1/venv/lib/python3.10/site-packages/airflow/example_dags/example_external_task_marker_dag.py for tasks to queue
[2023-11-30T02:27:23.177+0200] {logging_mixin.py:154} INFO - [2023-11-30T02:27:23.177+0200] {dagbag.py:536} INFO - Filling up the DagBag from /home/seva/UCU/AutomatedDataPipelines/Homework1/venv/lib/python3.10/site-packages/airflow/example_dags/example_external_task_marker_dag.py
[2023-11-30T02:27:23.182+0200] {processor.py:839} INFO - DAG(s) dict_keys(['example_external_task_marker_child', 'example_external_task_marker_parent']) retrieved from /home/seva/UCU/AutomatedDataPipelines/Homework1/venv/lib/python3.10/site-packages/airflow/example_dags/example_external_task_marker_dag.py
[2023-11-30T02:27:23.198+0200] {logging_mixin.py:154} INFO - [2023-11-30T02:27:23.198+0200] {dag.py:2941} INFO - Sync 2 DAGs
[2023-11-30T02:27:23.208+0200] {logging_mixin.py:154} INFO - [2023-11-30T02:27:23.207+0200] {dag.py:3722} INFO - Setting next_dagrun for example_external_task_marker_child to None, run_after=None
[2023-11-30T02:27:23.210+0200] {logging_mixin.py:154} INFO - [2023-11-30T02:27:23.210+0200] {dag.py:3722} INFO - Setting next_dagrun for example_external_task_marker_parent to None, run_after=None
[2023-11-30T02:27:23.246+0200] {processor.py:179} INFO - Processing /home/seva/UCU/AutomatedDataPipelines/Homework1/venv/lib/python3.10/site-packages/airflow/example_dags/example_external_task_marker_dag.py took 0.085 seconds
[2023-11-30T02:28:10.229+0200] {processor.py:157} INFO - Started process (PID=4597) to work on /home/seva/UCU/AutomatedDataPipelines/Homework1/venv/lib/python3.10/site-packages/airflow/example_dags/example_external_task_marker_dag.py
[2023-11-30T02:28:10.241+0200] {processor.py:829} INFO - Processing file /home/seva/UCU/AutomatedDataPipelines/Homework1/venv/lib/python3.10/site-packages/airflow/example_dags/example_external_task_marker_dag.py for tasks to queue
[2023-11-30T02:28:10.242+0200] {logging_mixin.py:154} INFO - [2023-11-30T02:28:10.242+0200] {dagbag.py:536} INFO - Filling up the DagBag from /home/seva/UCU/AutomatedDataPipelines/Homework1/venv/lib/python3.10/site-packages/airflow/example_dags/example_external_task_marker_dag.py
[2023-11-30T02:28:10.248+0200] {processor.py:839} INFO - DAG(s) dict_keys(['example_external_task_marker_child', 'example_external_task_marker_parent']) retrieved from /home/seva/UCU/AutomatedDataPipelines/Homework1/venv/lib/python3.10/site-packages/airflow/example_dags/example_external_task_marker_dag.py
[2023-11-30T02:28:10.264+0200] {logging_mixin.py:154} INFO - [2023-11-30T02:28:10.264+0200] {dag.py:2941} INFO - Sync 2 DAGs
[2023-11-30T02:28:10.274+0200] {logging_mixin.py:154} INFO - [2023-11-30T02:28:10.274+0200] {dag.py:3722} INFO - Setting next_dagrun for example_external_task_marker_child to None, run_after=None
[2023-11-30T02:28:10.277+0200] {logging_mixin.py:154} INFO - [2023-11-30T02:28:10.277+0200] {dag.py:3722} INFO - Setting next_dagrun for example_external_task_marker_parent to None, run_after=None
[2023-11-30T02:28:10.300+0200] {processor.py:179} INFO - Processing /home/seva/UCU/AutomatedDataPipelines/Homework1/venv/lib/python3.10/site-packages/airflow/example_dags/example_external_task_marker_dag.py took 0.074 seconds
[2023-11-30T02:28:53.790+0200] {processor.py:157} INFO - Started process (PID=4768) to work on /home/seva/UCU/AutomatedDataPipelines/Homework1/venv/lib/python3.10/site-packages/airflow/example_dags/example_external_task_marker_dag.py
[2023-11-30T02:28:53.802+0200] {processor.py:829} INFO - Processing file /home/seva/UCU/AutomatedDataPipelines/Homework1/venv/lib/python3.10/site-packages/airflow/example_dags/example_external_task_marker_dag.py for tasks to queue
[2023-11-30T02:28:53.803+0200] {logging_mixin.py:154} INFO - [2023-11-30T02:28:53.803+0200] {dagbag.py:536} INFO - Filling up the DagBag from /home/seva/UCU/AutomatedDataPipelines/Homework1/venv/lib/python3.10/site-packages/airflow/example_dags/example_external_task_marker_dag.py
[2023-11-30T02:28:53.809+0200] {processor.py:839} INFO - DAG(s) dict_keys(['example_external_task_marker_child', 'example_external_task_marker_parent']) retrieved from /home/seva/UCU/AutomatedDataPipelines/Homework1/venv/lib/python3.10/site-packages/airflow/example_dags/example_external_task_marker_dag.py
[2023-11-30T02:28:53.827+0200] {logging_mixin.py:154} INFO - [2023-11-30T02:28:53.827+0200] {dag.py:2941} INFO - Sync 2 DAGs
[2023-11-30T02:28:53.836+0200] {logging_mixin.py:154} INFO - [2023-11-30T02:28:53.836+0200] {dag.py:3722} INFO - Setting next_dagrun for example_external_task_marker_child to None, run_after=None
[2023-11-30T02:28:53.838+0200] {logging_mixin.py:154} INFO - [2023-11-30T02:28:53.838+0200] {dag.py:3722} INFO - Setting next_dagrun for example_external_task_marker_parent to None, run_after=None
[2023-11-30T02:28:53.863+0200] {processor.py:179} INFO - Processing /home/seva/UCU/AutomatedDataPipelines/Homework1/venv/lib/python3.10/site-packages/airflow/example_dags/example_external_task_marker_dag.py took 0.076 seconds
[2023-11-30T02:29:37.718+0200] {processor.py:157} INFO - Started process (PID=4951) to work on /home/seva/UCU/AutomatedDataPipelines/Homework1/venv/lib/python3.10/site-packages/airflow/example_dags/example_external_task_marker_dag.py
[2023-11-30T02:29:37.730+0200] {processor.py:829} INFO - Processing file /home/seva/UCU/AutomatedDataPipelines/Homework1/venv/lib/python3.10/site-packages/airflow/example_dags/example_external_task_marker_dag.py for tasks to queue
[2023-11-30T02:29:37.731+0200] {logging_mixin.py:154} INFO - [2023-11-30T02:29:37.730+0200] {dagbag.py:536} INFO - Filling up the DagBag from /home/seva/UCU/AutomatedDataPipelines/Homework1/venv/lib/python3.10/site-packages/airflow/example_dags/example_external_task_marker_dag.py
[2023-11-30T02:29:37.737+0200] {processor.py:839} INFO - DAG(s) dict_keys(['example_external_task_marker_child', 'example_external_task_marker_parent']) retrieved from /home/seva/UCU/AutomatedDataPipelines/Homework1/venv/lib/python3.10/site-packages/airflow/example_dags/example_external_task_marker_dag.py
[2023-11-30T02:29:37.753+0200] {logging_mixin.py:154} INFO - [2023-11-30T02:29:37.753+0200] {dag.py:2941} INFO - Sync 2 DAGs
[2023-11-30T02:29:37.762+0200] {logging_mixin.py:154} INFO - [2023-11-30T02:29:37.762+0200] {dag.py:3722} INFO - Setting next_dagrun for example_external_task_marker_child to None, run_after=None
[2023-11-30T02:29:37.764+0200] {logging_mixin.py:154} INFO - [2023-11-30T02:29:37.764+0200] {dag.py:3722} INFO - Setting next_dagrun for example_external_task_marker_parent to None, run_after=None
[2023-11-30T02:29:37.789+0200] {processor.py:179} INFO - Processing /home/seva/UCU/AutomatedDataPipelines/Homework1/venv/lib/python3.10/site-packages/airflow/example_dags/example_external_task_marker_dag.py took 0.074 seconds
[2023-11-30T02:30:25.129+0200] {processor.py:157} INFO - Started process (PID=5131) to work on /home/seva/UCU/AutomatedDataPipelines/Homework1/venv/lib/python3.10/site-packages/airflow/example_dags/example_external_task_marker_dag.py
[2023-11-30T02:30:25.141+0200] {processor.py:829} INFO - Processing file /home/seva/UCU/AutomatedDataPipelines/Homework1/venv/lib/python3.10/site-packages/airflow/example_dags/example_external_task_marker_dag.py for tasks to queue
[2023-11-30T02:30:25.142+0200] {logging_mixin.py:154} INFO - [2023-11-30T02:30:25.142+0200] {dagbag.py:536} INFO - Filling up the DagBag from /home/seva/UCU/AutomatedDataPipelines/Homework1/venv/lib/python3.10/site-packages/airflow/example_dags/example_external_task_marker_dag.py
[2023-11-30T02:30:25.149+0200] {processor.py:839} INFO - DAG(s) dict_keys(['example_external_task_marker_child', 'example_external_task_marker_parent']) retrieved from /home/seva/UCU/AutomatedDataPipelines/Homework1/venv/lib/python3.10/site-packages/airflow/example_dags/example_external_task_marker_dag.py
[2023-11-30T02:30:25.172+0200] {logging_mixin.py:154} INFO - [2023-11-30T02:30:25.172+0200] {dag.py:2941} INFO - Sync 2 DAGs
[2023-11-30T02:30:25.184+0200] {logging_mixin.py:154} INFO - [2023-11-30T02:30:25.184+0200] {dag.py:3722} INFO - Setting next_dagrun for example_external_task_marker_child to None, run_after=None
[2023-11-30T02:30:25.187+0200] {logging_mixin.py:154} INFO - [2023-11-30T02:30:25.187+0200] {dag.py:3722} INFO - Setting next_dagrun for example_external_task_marker_parent to None, run_after=None
[2023-11-30T02:30:25.210+0200] {processor.py:179} INFO - Processing /home/seva/UCU/AutomatedDataPipelines/Homework1/venv/lib/python3.10/site-packages/airflow/example_dags/example_external_task_marker_dag.py took 0.085 seconds
[2023-11-30T02:31:10.339+0200] {processor.py:157} INFO - Started process (PID=5309) to work on /home/seva/UCU/AutomatedDataPipelines/Homework1/venv/lib/python3.10/site-packages/airflow/example_dags/example_external_task_marker_dag.py
[2023-11-30T02:31:10.341+0200] {processor.py:829} INFO - Processing file /home/seva/UCU/AutomatedDataPipelines/Homework1/venv/lib/python3.10/site-packages/airflow/example_dags/example_external_task_marker_dag.py for tasks to queue
[2023-11-30T02:31:10.342+0200] {logging_mixin.py:154} INFO - [2023-11-30T02:31:10.341+0200] {dagbag.py:536} INFO - Filling up the DagBag from /home/seva/UCU/AutomatedDataPipelines/Homework1/venv/lib/python3.10/site-packages/airflow/example_dags/example_external_task_marker_dag.py
[2023-11-30T02:31:10.347+0200] {processor.py:839} INFO - DAG(s) dict_keys(['example_external_task_marker_child', 'example_external_task_marker_parent']) retrieved from /home/seva/UCU/AutomatedDataPipelines/Homework1/venv/lib/python3.10/site-packages/airflow/example_dags/example_external_task_marker_dag.py
[2023-11-30T02:31:10.363+0200] {logging_mixin.py:154} INFO - [2023-11-30T02:31:10.363+0200] {dag.py:2941} INFO - Sync 2 DAGs
[2023-11-30T02:31:10.373+0200] {logging_mixin.py:154} INFO - [2023-11-30T02:31:10.373+0200] {dag.py:3722} INFO - Setting next_dagrun for example_external_task_marker_child to None, run_after=None
[2023-11-30T02:31:10.375+0200] {logging_mixin.py:154} INFO - [2023-11-30T02:31:10.375+0200] {dag.py:3722} INFO - Setting next_dagrun for example_external_task_marker_parent to None, run_after=None
[2023-11-30T02:31:10.398+0200] {processor.py:179} INFO - Processing /home/seva/UCU/AutomatedDataPipelines/Homework1/venv/lib/python3.10/site-packages/airflow/example_dags/example_external_task_marker_dag.py took 0.062 seconds
[2023-11-30T02:31:53.752+0200] {processor.py:157} INFO - Started process (PID=5481) to work on /home/seva/UCU/AutomatedDataPipelines/Homework1/venv/lib/python3.10/site-packages/airflow/example_dags/example_external_task_marker_dag.py
[2023-11-30T02:31:53.764+0200] {processor.py:829} INFO - Processing file /home/seva/UCU/AutomatedDataPipelines/Homework1/venv/lib/python3.10/site-packages/airflow/example_dags/example_external_task_marker_dag.py for tasks to queue
[2023-11-30T02:31:53.765+0200] {logging_mixin.py:154} INFO - [2023-11-30T02:31:53.765+0200] {dagbag.py:536} INFO - Filling up the DagBag from /home/seva/UCU/AutomatedDataPipelines/Homework1/venv/lib/python3.10/site-packages/airflow/example_dags/example_external_task_marker_dag.py
[2023-11-30T02:31:53.771+0200] {processor.py:839} INFO - DAG(s) dict_keys(['example_external_task_marker_child', 'example_external_task_marker_parent']) retrieved from /home/seva/UCU/AutomatedDataPipelines/Homework1/venv/lib/python3.10/site-packages/airflow/example_dags/example_external_task_marker_dag.py
[2023-11-30T02:31:53.793+0200] {logging_mixin.py:154} INFO - [2023-11-30T02:31:53.793+0200] {dag.py:2941} INFO - Sync 2 DAGs
[2023-11-30T02:31:53.804+0200] {logging_mixin.py:154} INFO - [2023-11-30T02:31:53.803+0200] {dag.py:3722} INFO - Setting next_dagrun for example_external_task_marker_child to None, run_after=None
[2023-11-30T02:31:53.806+0200] {logging_mixin.py:154} INFO - [2023-11-30T02:31:53.806+0200] {dag.py:3722} INFO - Setting next_dagrun for example_external_task_marker_parent to None, run_after=None
[2023-11-30T02:31:53.841+0200] {processor.py:179} INFO - Processing /home/seva/UCU/AutomatedDataPipelines/Homework1/venv/lib/python3.10/site-packages/airflow/example_dags/example_external_task_marker_dag.py took 0.093 seconds
[2023-11-30T02:32:39.198+0200] {processor.py:157} INFO - Started process (PID=5689) to work on /home/seva/UCU/AutomatedDataPipelines/Homework1/venv/lib/python3.10/site-packages/airflow/example_dags/example_external_task_marker_dag.py
[2023-11-30T02:32:39.209+0200] {processor.py:829} INFO - Processing file /home/seva/UCU/AutomatedDataPipelines/Homework1/venv/lib/python3.10/site-packages/airflow/example_dags/example_external_task_marker_dag.py for tasks to queue
[2023-11-30T02:32:39.211+0200] {logging_mixin.py:154} INFO - [2023-11-30T02:32:39.210+0200] {dagbag.py:536} INFO - Filling up the DagBag from /home/seva/UCU/AutomatedDataPipelines/Homework1/venv/lib/python3.10/site-packages/airflow/example_dags/example_external_task_marker_dag.py
[2023-11-30T02:32:39.216+0200] {processor.py:839} INFO - DAG(s) dict_keys(['example_external_task_marker_child', 'example_external_task_marker_parent']) retrieved from /home/seva/UCU/AutomatedDataPipelines/Homework1/venv/lib/python3.10/site-packages/airflow/example_dags/example_external_task_marker_dag.py
[2023-11-30T02:32:39.233+0200] {logging_mixin.py:154} INFO - [2023-11-30T02:32:39.233+0200] {dag.py:2941} INFO - Sync 2 DAGs
[2023-11-30T02:32:39.243+0200] {logging_mixin.py:154} INFO - [2023-11-30T02:32:39.242+0200] {dag.py:3722} INFO - Setting next_dagrun for example_external_task_marker_child to None, run_after=None
[2023-11-30T02:32:39.245+0200] {logging_mixin.py:154} INFO - [2023-11-30T02:32:39.245+0200] {dag.py:3722} INFO - Setting next_dagrun for example_external_task_marker_parent to None, run_after=None
[2023-11-30T02:32:39.268+0200] {processor.py:179} INFO - Processing /home/seva/UCU/AutomatedDataPipelines/Homework1/venv/lib/python3.10/site-packages/airflow/example_dags/example_external_task_marker_dag.py took 0.073 seconds
[2023-11-30T02:33:25.695+0200] {processor.py:157} INFO - Started process (PID=5875) to work on /home/seva/UCU/AutomatedDataPipelines/Homework1/venv/lib/python3.10/site-packages/airflow/example_dags/example_external_task_marker_dag.py
[2023-11-30T02:33:25.708+0200] {processor.py:829} INFO - Processing file /home/seva/UCU/AutomatedDataPipelines/Homework1/venv/lib/python3.10/site-packages/airflow/example_dags/example_external_task_marker_dag.py for tasks to queue
[2023-11-30T02:33:25.709+0200] {logging_mixin.py:154} INFO - [2023-11-30T02:33:25.708+0200] {dagbag.py:536} INFO - Filling up the DagBag from /home/seva/UCU/AutomatedDataPipelines/Homework1/venv/lib/python3.10/site-packages/airflow/example_dags/example_external_task_marker_dag.py
[2023-11-30T02:33:25.714+0200] {processor.py:839} INFO - DAG(s) dict_keys(['example_external_task_marker_parent', 'example_external_task_marker_child']) retrieved from /home/seva/UCU/AutomatedDataPipelines/Homework1/venv/lib/python3.10/site-packages/airflow/example_dags/example_external_task_marker_dag.py
[2023-11-30T02:33:25.731+0200] {logging_mixin.py:154} INFO - [2023-11-30T02:33:25.731+0200] {dag.py:2941} INFO - Sync 2 DAGs
[2023-11-30T02:33:25.740+0200] {logging_mixin.py:154} INFO - [2023-11-30T02:33:25.740+0200] {dag.py:3722} INFO - Setting next_dagrun for example_external_task_marker_child to None, run_after=None
[2023-11-30T02:33:25.743+0200] {logging_mixin.py:154} INFO - [2023-11-30T02:33:25.742+0200] {dag.py:3722} INFO - Setting next_dagrun for example_external_task_marker_parent to None, run_after=None
[2023-11-30T02:33:25.768+0200] {processor.py:179} INFO - Processing /home/seva/UCU/AutomatedDataPipelines/Homework1/venv/lib/python3.10/site-packages/airflow/example_dags/example_external_task_marker_dag.py took 0.075 seconds
[2023-11-30T02:34:12.368+0200] {processor.py:157} INFO - Started process (PID=6058) to work on /home/seva/UCU/AutomatedDataPipelines/Homework1/venv/lib/python3.10/site-packages/airflow/example_dags/example_external_task_marker_dag.py
[2023-11-30T02:34:12.380+0200] {processor.py:829} INFO - Processing file /home/seva/UCU/AutomatedDataPipelines/Homework1/venv/lib/python3.10/site-packages/airflow/example_dags/example_external_task_marker_dag.py for tasks to queue
[2023-11-30T02:34:12.381+0200] {logging_mixin.py:154} INFO - [2023-11-30T02:34:12.381+0200] {dagbag.py:536} INFO - Filling up the DagBag from /home/seva/UCU/AutomatedDataPipelines/Homework1/venv/lib/python3.10/site-packages/airflow/example_dags/example_external_task_marker_dag.py
[2023-11-30T02:34:12.389+0200] {processor.py:839} INFO - DAG(s) dict_keys(['example_external_task_marker_parent', 'example_external_task_marker_child']) retrieved from /home/seva/UCU/AutomatedDataPipelines/Homework1/venv/lib/python3.10/site-packages/airflow/example_dags/example_external_task_marker_dag.py
[2023-11-30T02:34:12.408+0200] {logging_mixin.py:154} INFO - [2023-11-30T02:34:12.408+0200] {dag.py:2941} INFO - Sync 2 DAGs
[2023-11-30T02:34:12.428+0200] {logging_mixin.py:154} INFO - [2023-11-30T02:34:12.428+0200] {dag.py:3722} INFO - Setting next_dagrun for example_external_task_marker_child to None, run_after=None
[2023-11-30T02:34:12.432+0200] {logging_mixin.py:154} INFO - [2023-11-30T02:34:12.432+0200] {dag.py:3722} INFO - Setting next_dagrun for example_external_task_marker_parent to None, run_after=None
[2023-11-30T02:34:12.457+0200] {processor.py:179} INFO - Processing /home/seva/UCU/AutomatedDataPipelines/Homework1/venv/lib/python3.10/site-packages/airflow/example_dags/example_external_task_marker_dag.py took 0.093 seconds
[2023-11-30T02:35:03.277+0200] {processor.py:157} INFO - Started process (PID=6264) to work on /home/seva/UCU/AutomatedDataPipelines/Homework1/venv/lib/python3.10/site-packages/airflow/example_dags/example_external_task_marker_dag.py
[2023-11-30T02:35:03.290+0200] {processor.py:829} INFO - Processing file /home/seva/UCU/AutomatedDataPipelines/Homework1/venv/lib/python3.10/site-packages/airflow/example_dags/example_external_task_marker_dag.py for tasks to queue
[2023-11-30T02:35:03.291+0200] {logging_mixin.py:154} INFO - [2023-11-30T02:35:03.291+0200] {dagbag.py:536} INFO - Filling up the DagBag from /home/seva/UCU/AutomatedDataPipelines/Homework1/venv/lib/python3.10/site-packages/airflow/example_dags/example_external_task_marker_dag.py
[2023-11-30T02:35:03.303+0200] {processor.py:839} INFO - DAG(s) dict_keys(['example_external_task_marker_parent', 'example_external_task_marker_child']) retrieved from /home/seva/UCU/AutomatedDataPipelines/Homework1/venv/lib/python3.10/site-packages/airflow/example_dags/example_external_task_marker_dag.py
[2023-11-30T02:35:03.356+0200] {logging_mixin.py:154} INFO - [2023-11-30T02:35:03.355+0200] {dag.py:2941} INFO - Sync 2 DAGs
[2023-11-30T02:35:03.376+0200] {logging_mixin.py:154} INFO - [2023-11-30T02:35:03.375+0200] {dag.py:3722} INFO - Setting next_dagrun for example_external_task_marker_child to None, run_after=None
[2023-11-30T02:35:03.386+0200] {logging_mixin.py:154} INFO - [2023-11-30T02:35:03.384+0200] {dag.py:3722} INFO - Setting next_dagrun for example_external_task_marker_parent to None, run_after=None
[2023-11-30T02:35:03.439+0200] {processor.py:179} INFO - Processing /home/seva/UCU/AutomatedDataPipelines/Homework1/venv/lib/python3.10/site-packages/airflow/example_dags/example_external_task_marker_dag.py took 0.167 seconds
[2023-11-30T02:35:49.197+0200] {processor.py:157} INFO - Started process (PID=6447) to work on /home/seva/UCU/AutomatedDataPipelines/Homework1/venv/lib/python3.10/site-packages/airflow/example_dags/example_external_task_marker_dag.py
[2023-11-30T02:35:49.208+0200] {processor.py:829} INFO - Processing file /home/seva/UCU/AutomatedDataPipelines/Homework1/venv/lib/python3.10/site-packages/airflow/example_dags/example_external_task_marker_dag.py for tasks to queue
[2023-11-30T02:35:49.209+0200] {logging_mixin.py:154} INFO - [2023-11-30T02:35:49.209+0200] {dagbag.py:536} INFO - Filling up the DagBag from /home/seva/UCU/AutomatedDataPipelines/Homework1/venv/lib/python3.10/site-packages/airflow/example_dags/example_external_task_marker_dag.py
[2023-11-30T02:35:49.216+0200] {processor.py:839} INFO - DAG(s) dict_keys(['example_external_task_marker_child', 'example_external_task_marker_parent']) retrieved from /home/seva/UCU/AutomatedDataPipelines/Homework1/venv/lib/python3.10/site-packages/airflow/example_dags/example_external_task_marker_dag.py
[2023-11-30T02:35:49.232+0200] {logging_mixin.py:154} INFO - [2023-11-30T02:35:49.232+0200] {dag.py:2941} INFO - Sync 2 DAGs
[2023-11-30T02:35:49.241+0200] {logging_mixin.py:154} INFO - [2023-11-30T02:35:49.241+0200] {dag.py:3722} INFO - Setting next_dagrun for example_external_task_marker_child to None, run_after=None
[2023-11-30T02:35:49.244+0200] {logging_mixin.py:154} INFO - [2023-11-30T02:35:49.243+0200] {dag.py:3722} INFO - Setting next_dagrun for example_external_task_marker_parent to None, run_after=None
[2023-11-30T02:35:49.266+0200] {processor.py:179} INFO - Processing /home/seva/UCU/AutomatedDataPipelines/Homework1/venv/lib/python3.10/site-packages/airflow/example_dags/example_external_task_marker_dag.py took 0.071 seconds
[2023-11-30T02:36:34.485+0200] {processor.py:157} INFO - Started process (PID=6628) to work on /home/seva/UCU/AutomatedDataPipelines/Homework1/venv/lib/python3.10/site-packages/airflow/example_dags/example_external_task_marker_dag.py
[2023-11-30T02:36:34.497+0200] {processor.py:829} INFO - Processing file /home/seva/UCU/AutomatedDataPipelines/Homework1/venv/lib/python3.10/site-packages/airflow/example_dags/example_external_task_marker_dag.py for tasks to queue
[2023-11-30T02:36:34.498+0200] {logging_mixin.py:154} INFO - [2023-11-30T02:36:34.497+0200] {dagbag.py:536} INFO - Filling up the DagBag from /home/seva/UCU/AutomatedDataPipelines/Homework1/venv/lib/python3.10/site-packages/airflow/example_dags/example_external_task_marker_dag.py
[2023-11-30T02:36:34.504+0200] {processor.py:839} INFO - DAG(s) dict_keys(['example_external_task_marker_parent', 'example_external_task_marker_child']) retrieved from /home/seva/UCU/AutomatedDataPipelines/Homework1/venv/lib/python3.10/site-packages/airflow/example_dags/example_external_task_marker_dag.py
[2023-11-30T02:36:34.520+0200] {logging_mixin.py:154} INFO - [2023-11-30T02:36:34.519+0200] {dag.py:2941} INFO - Sync 2 DAGs
[2023-11-30T02:36:34.530+0200] {logging_mixin.py:154} INFO - [2023-11-30T02:36:34.530+0200] {dag.py:3722} INFO - Setting next_dagrun for example_external_task_marker_child to None, run_after=None
[2023-11-30T02:36:34.532+0200] {logging_mixin.py:154} INFO - [2023-11-30T02:36:34.532+0200] {dag.py:3722} INFO - Setting next_dagrun for example_external_task_marker_parent to None, run_after=None
[2023-11-30T02:36:34.558+0200] {processor.py:179} INFO - Processing /home/seva/UCU/AutomatedDataPipelines/Homework1/venv/lib/python3.10/site-packages/airflow/example_dags/example_external_task_marker_dag.py took 0.075 seconds
[2023-11-30T02:37:24.035+0200] {processor.py:157} INFO - Started process (PID=6826) to work on /home/seva/UCU/AutomatedDataPipelines/Homework1/venv/lib/python3.10/site-packages/airflow/example_dags/example_external_task_marker_dag.py
[2023-11-30T02:37:24.047+0200] {processor.py:829} INFO - Processing file /home/seva/UCU/AutomatedDataPipelines/Homework1/venv/lib/python3.10/site-packages/airflow/example_dags/example_external_task_marker_dag.py for tasks to queue
[2023-11-30T02:37:24.049+0200] {logging_mixin.py:154} INFO - [2023-11-30T02:37:24.048+0200] {dagbag.py:536} INFO - Filling up the DagBag from /home/seva/UCU/AutomatedDataPipelines/Homework1/venv/lib/python3.10/site-packages/airflow/example_dags/example_external_task_marker_dag.py
[2023-11-30T02:37:24.055+0200] {processor.py:839} INFO - DAG(s) dict_keys(['example_external_task_marker_parent', 'example_external_task_marker_child']) retrieved from /home/seva/UCU/AutomatedDataPipelines/Homework1/venv/lib/python3.10/site-packages/airflow/example_dags/example_external_task_marker_dag.py
[2023-11-30T02:37:24.081+0200] {logging_mixin.py:154} INFO - [2023-11-30T02:37:24.081+0200] {dag.py:2941} INFO - Sync 2 DAGs
[2023-11-30T02:37:24.091+0200] {logging_mixin.py:154} INFO - [2023-11-30T02:37:24.091+0200] {dag.py:3722} INFO - Setting next_dagrun for example_external_task_marker_child to None, run_after=None
[2023-11-30T02:37:24.096+0200] {logging_mixin.py:154} INFO - [2023-11-30T02:37:24.096+0200] {dag.py:3722} INFO - Setting next_dagrun for example_external_task_marker_parent to None, run_after=None
[2023-11-30T02:37:24.123+0200] {processor.py:179} INFO - Processing /home/seva/UCU/AutomatedDataPipelines/Homework1/venv/lib/python3.10/site-packages/airflow/example_dags/example_external_task_marker_dag.py took 0.092 seconds
[2023-11-30T02:38:14.766+0200] {processor.py:157} INFO - Started process (PID=7059) to work on /home/seva/UCU/AutomatedDataPipelines/Homework1/venv/lib/python3.10/site-packages/airflow/example_dags/example_external_task_marker_dag.py
[2023-11-30T02:38:14.780+0200] {processor.py:829} INFO - Processing file /home/seva/UCU/AutomatedDataPipelines/Homework1/venv/lib/python3.10/site-packages/airflow/example_dags/example_external_task_marker_dag.py for tasks to queue
[2023-11-30T02:38:14.781+0200] {logging_mixin.py:154} INFO - [2023-11-30T02:38:14.780+0200] {dagbag.py:536} INFO - Filling up the DagBag from /home/seva/UCU/AutomatedDataPipelines/Homework1/venv/lib/python3.10/site-packages/airflow/example_dags/example_external_task_marker_dag.py
[2023-11-30T02:38:14.789+0200] {processor.py:839} INFO - DAG(s) dict_keys(['example_external_task_marker_parent', 'example_external_task_marker_child']) retrieved from /home/seva/UCU/AutomatedDataPipelines/Homework1/venv/lib/python3.10/site-packages/airflow/example_dags/example_external_task_marker_dag.py
[2023-11-30T02:38:14.820+0200] {logging_mixin.py:154} INFO - [2023-11-30T02:38:14.819+0200] {dag.py:2941} INFO - Sync 2 DAGs
[2023-11-30T02:38:14.839+0200] {logging_mixin.py:154} INFO - [2023-11-30T02:38:14.839+0200] {dag.py:3722} INFO - Setting next_dagrun for example_external_task_marker_child to None, run_after=None
[2023-11-30T02:38:14.845+0200] {logging_mixin.py:154} INFO - [2023-11-30T02:38:14.845+0200] {dag.py:3722} INFO - Setting next_dagrun for example_external_task_marker_parent to None, run_after=None
[2023-11-30T02:38:14.879+0200] {processor.py:179} INFO - Processing /home/seva/UCU/AutomatedDataPipelines/Homework1/venv/lib/python3.10/site-packages/airflow/example_dags/example_external_task_marker_dag.py took 0.117 seconds
[2023-11-30T02:39:00.286+0200] {processor.py:157} INFO - Started process (PID=7411) to work on /home/seva/UCU/AutomatedDataPipelines/Homework1/venv/lib/python3.10/site-packages/airflow/example_dags/example_external_task_marker_dag.py
[2023-11-30T02:39:00.288+0200] {processor.py:829} INFO - Processing file /home/seva/UCU/AutomatedDataPipelines/Homework1/venv/lib/python3.10/site-packages/airflow/example_dags/example_external_task_marker_dag.py for tasks to queue
[2023-11-30T02:39:00.289+0200] {logging_mixin.py:154} INFO - [2023-11-30T02:39:00.289+0200] {dagbag.py:536} INFO - Filling up the DagBag from /home/seva/UCU/AutomatedDataPipelines/Homework1/venv/lib/python3.10/site-packages/airflow/example_dags/example_external_task_marker_dag.py
[2023-11-30T02:39:00.295+0200] {processor.py:839} INFO - DAG(s) dict_keys(['example_external_task_marker_parent', 'example_external_task_marker_child']) retrieved from /home/seva/UCU/AutomatedDataPipelines/Homework1/venv/lib/python3.10/site-packages/airflow/example_dags/example_external_task_marker_dag.py
[2023-11-30T02:39:00.312+0200] {logging_mixin.py:154} INFO - [2023-11-30T02:39:00.312+0200] {dag.py:2941} INFO - Sync 2 DAGs
[2023-11-30T02:39:00.322+0200] {logging_mixin.py:154} INFO - [2023-11-30T02:39:00.321+0200] {dag.py:3722} INFO - Setting next_dagrun for example_external_task_marker_child to None, run_after=None
[2023-11-30T02:39:00.325+0200] {logging_mixin.py:154} INFO - [2023-11-30T02:39:00.324+0200] {dag.py:3722} INFO - Setting next_dagrun for example_external_task_marker_parent to None, run_after=None
[2023-11-30T02:39:00.377+0200] {processor.py:179} INFO - Processing /home/seva/UCU/AutomatedDataPipelines/Homework1/venv/lib/python3.10/site-packages/airflow/example_dags/example_external_task_marker_dag.py took 0.094 seconds
