[2023-11-30T02:13:37.736+0200] {processor.py:157} INFO - Started process (PID=1213) to work on /home/seva/UCU/AutomatedDataPipelines/Homework1/venv/lib/python3.10/site-packages/airflow/example_dags/example_params_ui_tutorial.py
[2023-11-30T02:13:37.737+0200] {processor.py:829} INFO - Processing file /home/seva/UCU/AutomatedDataPipelines/Homework1/venv/lib/python3.10/site-packages/airflow/example_dags/example_params_ui_tutorial.py for tasks to queue
[2023-11-30T02:13:37.738+0200] {logging_mixin.py:154} INFO - [2023-11-30T02:13:37.737+0200] {dagbag.py:536} INFO - Filling up the DagBag from /home/seva/UCU/AutomatedDataPipelines/Homework1/venv/lib/python3.10/site-packages/airflow/example_dags/example_params_ui_tutorial.py
[2023-11-30T02:13:37.772+0200] {processor.py:839} INFO - DAG(s) dict_keys(['example_params_ui_tutorial']) retrieved from /home/seva/UCU/AutomatedDataPipelines/Homework1/venv/lib/python3.10/site-packages/airflow/example_dags/example_params_ui_tutorial.py
[2023-11-30T02:13:37.949+0200] {logging_mixin.py:154} INFO - [2023-11-30T02:13:37.949+0200] {manager.py:499} INFO - Created Permission View: %s
[2023-11-30T02:13:37.966+0200] {logging_mixin.py:154} INFO - [2023-11-30T02:13:37.965+0200] {manager.py:499} INFO - Created Permission View: %s
[2023-11-30T02:13:37.983+0200] {logging_mixin.py:154} INFO - [2023-11-30T02:13:37.983+0200] {manager.py:499} INFO - Created Permission View: %s
[2023-11-30T02:13:37.984+0200] {logging_mixin.py:154} INFO - [2023-11-30T02:13:37.983+0200] {dag.py:2941} INFO - Sync 1 DAGs
[2023-11-30T02:13:37.993+0200] {logging_mixin.py:154} INFO - [2023-11-30T02:13:37.993+0200] {dag.py:2963} INFO - Creating ORM DAG for example_params_ui_tutorial
[2023-11-30T02:13:37.993+0200] {logging_mixin.py:154} INFO - [2023-11-30T02:13:37.993+0200] {dag.py:3722} INFO - Setting next_dagrun for example_params_ui_tutorial to None, run_after=None
[2023-11-30T02:13:38.022+0200] {processor.py:179} INFO - Processing /home/seva/UCU/AutomatedDataPipelines/Homework1/venv/lib/python3.10/site-packages/airflow/example_dags/example_params_ui_tutorial.py took 0.289 seconds
[2023-11-30T02:14:25.476+0200] {processor.py:157} INFO - Started process (PID=1351) to work on /home/seva/UCU/AutomatedDataPipelines/Homework1/venv/lib/python3.10/site-packages/airflow/example_dags/example_params_ui_tutorial.py
[2023-11-30T02:14:25.488+0200] {processor.py:829} INFO - Processing file /home/seva/UCU/AutomatedDataPipelines/Homework1/venv/lib/python3.10/site-packages/airflow/example_dags/example_params_ui_tutorial.py for tasks to queue
[2023-11-30T02:14:25.489+0200] {logging_mixin.py:154} INFO - [2023-11-30T02:14:25.489+0200] {dagbag.py:536} INFO - Filling up the DagBag from /home/seva/UCU/AutomatedDataPipelines/Homework1/venv/lib/python3.10/site-packages/airflow/example_dags/example_params_ui_tutorial.py
[2023-11-30T02:14:25.519+0200] {processor.py:839} INFO - DAG(s) dict_keys(['example_params_ui_tutorial']) retrieved from /home/seva/UCU/AutomatedDataPipelines/Homework1/venv/lib/python3.10/site-packages/airflow/example_dags/example_params_ui_tutorial.py
[2023-11-30T02:14:25.561+0200] {logging_mixin.py:154} INFO - [2023-11-30T02:14:25.560+0200] {dag.py:2941} INFO - Sync 1 DAGs
[2023-11-30T02:14:25.569+0200] {logging_mixin.py:154} INFO - [2023-11-30T02:14:25.569+0200] {dag.py:3722} INFO - Setting next_dagrun for example_params_ui_tutorial to None, run_after=None
[2023-11-30T02:14:25.594+0200] {processor.py:179} INFO - Processing /home/seva/UCU/AutomatedDataPipelines/Homework1/venv/lib/python3.10/site-packages/airflow/example_dags/example_params_ui_tutorial.py took 0.120 seconds
[2023-11-30T02:15:12.155+0200] {processor.py:157} INFO - Started process (PID=1519) to work on /home/seva/UCU/AutomatedDataPipelines/Homework1/venv/lib/python3.10/site-packages/airflow/example_dags/example_params_ui_tutorial.py
[2023-11-30T02:15:12.166+0200] {processor.py:829} INFO - Processing file /home/seva/UCU/AutomatedDataPipelines/Homework1/venv/lib/python3.10/site-packages/airflow/example_dags/example_params_ui_tutorial.py for tasks to queue
[2023-11-30T02:15:12.167+0200] {logging_mixin.py:154} INFO - [2023-11-30T02:15:12.167+0200] {dagbag.py:536} INFO - Filling up the DagBag from /home/seva/UCU/AutomatedDataPipelines/Homework1/venv/lib/python3.10/site-packages/airflow/example_dags/example_params_ui_tutorial.py
[2023-11-30T02:15:12.197+0200] {processor.py:839} INFO - DAG(s) dict_keys(['example_params_ui_tutorial']) retrieved from /home/seva/UCU/AutomatedDataPipelines/Homework1/venv/lib/python3.10/site-packages/airflow/example_dags/example_params_ui_tutorial.py
[2023-11-30T02:15:12.238+0200] {logging_mixin.py:154} INFO - [2023-11-30T02:15:12.237+0200] {dag.py:2941} INFO - Sync 1 DAGs
[2023-11-30T02:15:12.247+0200] {logging_mixin.py:154} INFO - [2023-11-30T02:15:12.247+0200] {dag.py:3722} INFO - Setting next_dagrun for example_params_ui_tutorial to None, run_after=None
[2023-11-30T02:15:12.296+0200] {processor.py:179} INFO - Processing /home/seva/UCU/AutomatedDataPipelines/Homework1/venv/lib/python3.10/site-packages/airflow/example_dags/example_params_ui_tutorial.py took 0.144 seconds
[2023-11-30T02:15:55.514+0200] {processor.py:157} INFO - Started process (PID=1691) to work on /home/seva/UCU/AutomatedDataPipelines/Homework1/venv/lib/python3.10/site-packages/airflow/example_dags/example_params_ui_tutorial.py
[2023-11-30T02:15:55.525+0200] {processor.py:829} INFO - Processing file /home/seva/UCU/AutomatedDataPipelines/Homework1/venv/lib/python3.10/site-packages/airflow/example_dags/example_params_ui_tutorial.py for tasks to queue
[2023-11-30T02:15:55.526+0200] {logging_mixin.py:154} INFO - [2023-11-30T02:15:55.526+0200] {dagbag.py:536} INFO - Filling up the DagBag from /home/seva/UCU/AutomatedDataPipelines/Homework1/venv/lib/python3.10/site-packages/airflow/example_dags/example_params_ui_tutorial.py
[2023-11-30T02:15:55.555+0200] {processor.py:839} INFO - DAG(s) dict_keys(['example_params_ui_tutorial']) retrieved from /home/seva/UCU/AutomatedDataPipelines/Homework1/venv/lib/python3.10/site-packages/airflow/example_dags/example_params_ui_tutorial.py
[2023-11-30T02:15:55.594+0200] {logging_mixin.py:154} INFO - [2023-11-30T02:15:55.594+0200] {dag.py:2941} INFO - Sync 1 DAGs
[2023-11-30T02:15:55.603+0200] {logging_mixin.py:154} INFO - [2023-11-30T02:15:55.603+0200] {dag.py:3722} INFO - Setting next_dagrun for example_params_ui_tutorial to None, run_after=None
[2023-11-30T02:15:55.628+0200] {processor.py:179} INFO - Processing /home/seva/UCU/AutomatedDataPipelines/Homework1/venv/lib/python3.10/site-packages/airflow/example_dags/example_params_ui_tutorial.py took 0.118 seconds
[2023-11-30T02:16:44.586+0200] {processor.py:157} INFO - Started process (PID=1886) to work on /home/seva/UCU/AutomatedDataPipelines/Homework1/venv/lib/python3.10/site-packages/airflow/example_dags/example_params_ui_tutorial.py
[2023-11-30T02:16:44.598+0200] {processor.py:829} INFO - Processing file /home/seva/UCU/AutomatedDataPipelines/Homework1/venv/lib/python3.10/site-packages/airflow/example_dags/example_params_ui_tutorial.py for tasks to queue
[2023-11-30T02:16:44.598+0200] {logging_mixin.py:154} INFO - [2023-11-30T02:16:44.598+0200] {dagbag.py:536} INFO - Filling up the DagBag from /home/seva/UCU/AutomatedDataPipelines/Homework1/venv/lib/python3.10/site-packages/airflow/example_dags/example_params_ui_tutorial.py
[2023-11-30T02:16:44.628+0200] {processor.py:839} INFO - DAG(s) dict_keys(['example_params_ui_tutorial']) retrieved from /home/seva/UCU/AutomatedDataPipelines/Homework1/venv/lib/python3.10/site-packages/airflow/example_dags/example_params_ui_tutorial.py
[2023-11-30T02:16:44.669+0200] {logging_mixin.py:154} INFO - [2023-11-30T02:16:44.669+0200] {dag.py:2941} INFO - Sync 1 DAGs
[2023-11-30T02:16:44.678+0200] {logging_mixin.py:154} INFO - [2023-11-30T02:16:44.677+0200] {dag.py:3722} INFO - Setting next_dagrun for example_params_ui_tutorial to None, run_after=None
[2023-11-30T02:16:44.700+0200] {processor.py:179} INFO - Processing /home/seva/UCU/AutomatedDataPipelines/Homework1/venv/lib/python3.10/site-packages/airflow/example_dags/example_params_ui_tutorial.py took 0.117 seconds
[2023-11-30T02:17:26.086+0200] {processor.py:157} INFO - Started process (PID=2054) to work on /home/seva/UCU/AutomatedDataPipelines/Homework1/venv/lib/python3.10/site-packages/airflow/example_dags/example_params_ui_tutorial.py
[2023-11-30T02:17:26.098+0200] {processor.py:829} INFO - Processing file /home/seva/UCU/AutomatedDataPipelines/Homework1/venv/lib/python3.10/site-packages/airflow/example_dags/example_params_ui_tutorial.py for tasks to queue
[2023-11-30T02:17:26.099+0200] {logging_mixin.py:154} INFO - [2023-11-30T02:17:26.098+0200] {dagbag.py:536} INFO - Filling up the DagBag from /home/seva/UCU/AutomatedDataPipelines/Homework1/venv/lib/python3.10/site-packages/airflow/example_dags/example_params_ui_tutorial.py
[2023-11-30T02:17:26.128+0200] {processor.py:839} INFO - DAG(s) dict_keys(['example_params_ui_tutorial']) retrieved from /home/seva/UCU/AutomatedDataPipelines/Homework1/venv/lib/python3.10/site-packages/airflow/example_dags/example_params_ui_tutorial.py
[2023-11-30T02:17:26.168+0200] {logging_mixin.py:154} INFO - [2023-11-30T02:17:26.167+0200] {dag.py:2941} INFO - Sync 1 DAGs
[2023-11-30T02:17:26.177+0200] {logging_mixin.py:154} INFO - [2023-11-30T02:17:26.176+0200] {dag.py:3722} INFO - Setting next_dagrun for example_params_ui_tutorial to None, run_after=None
[2023-11-30T02:17:26.203+0200] {processor.py:179} INFO - Processing /home/seva/UCU/AutomatedDataPipelines/Homework1/venv/lib/python3.10/site-packages/airflow/example_dags/example_params_ui_tutorial.py took 0.119 seconds
[2023-11-30T02:18:10.804+0200] {processor.py:157} INFO - Started process (PID=2231) to work on /home/seva/UCU/AutomatedDataPipelines/Homework1/venv/lib/python3.10/site-packages/airflow/example_dags/example_params_ui_tutorial.py
[2023-11-30T02:18:10.806+0200] {processor.py:829} INFO - Processing file /home/seva/UCU/AutomatedDataPipelines/Homework1/venv/lib/python3.10/site-packages/airflow/example_dags/example_params_ui_tutorial.py for tasks to queue
[2023-11-30T02:18:10.807+0200] {logging_mixin.py:154} INFO - [2023-11-30T02:18:10.807+0200] {dagbag.py:536} INFO - Filling up the DagBag from /home/seva/UCU/AutomatedDataPipelines/Homework1/venv/lib/python3.10/site-packages/airflow/example_dags/example_params_ui_tutorial.py
[2023-11-30T02:18:10.845+0200] {processor.py:839} INFO - DAG(s) dict_keys(['example_params_ui_tutorial']) retrieved from /home/seva/UCU/AutomatedDataPipelines/Homework1/venv/lib/python3.10/site-packages/airflow/example_dags/example_params_ui_tutorial.py
[2023-11-30T02:18:10.896+0200] {logging_mixin.py:154} INFO - [2023-11-30T02:18:10.896+0200] {dag.py:2941} INFO - Sync 1 DAGs
[2023-11-30T02:18:10.908+0200] {logging_mixin.py:154} INFO - [2023-11-30T02:18:10.907+0200] {dag.py:3722} INFO - Setting next_dagrun for example_params_ui_tutorial to None, run_after=None
[2023-11-30T02:18:10.932+0200] {processor.py:179} INFO - Processing /home/seva/UCU/AutomatedDataPipelines/Homework1/venv/lib/python3.10/site-packages/airflow/example_dags/example_params_ui_tutorial.py took 0.132 seconds
[2023-11-30T02:18:52.032+0200] {processor.py:157} INFO - Started process (PID=2395) to work on /home/seva/UCU/AutomatedDataPipelines/Homework1/venv/lib/python3.10/site-packages/airflow/example_dags/example_params_ui_tutorial.py
[2023-11-30T02:18:52.044+0200] {processor.py:829} INFO - Processing file /home/seva/UCU/AutomatedDataPipelines/Homework1/venv/lib/python3.10/site-packages/airflow/example_dags/example_params_ui_tutorial.py for tasks to queue
[2023-11-30T02:18:52.045+0200] {logging_mixin.py:154} INFO - [2023-11-30T02:18:52.045+0200] {dagbag.py:536} INFO - Filling up the DagBag from /home/seva/UCU/AutomatedDataPipelines/Homework1/venv/lib/python3.10/site-packages/airflow/example_dags/example_params_ui_tutorial.py
[2023-11-30T02:18:52.075+0200] {processor.py:839} INFO - DAG(s) dict_keys(['example_params_ui_tutorial']) retrieved from /home/seva/UCU/AutomatedDataPipelines/Homework1/venv/lib/python3.10/site-packages/airflow/example_dags/example_params_ui_tutorial.py
[2023-11-30T02:18:52.116+0200] {logging_mixin.py:154} INFO - [2023-11-30T02:18:52.116+0200] {dag.py:2941} INFO - Sync 1 DAGs
[2023-11-30T02:18:52.126+0200] {logging_mixin.py:154} INFO - [2023-11-30T02:18:52.126+0200] {dag.py:3722} INFO - Setting next_dagrun for example_params_ui_tutorial to None, run_after=None
[2023-11-30T02:18:52.150+0200] {processor.py:179} INFO - Processing /home/seva/UCU/AutomatedDataPipelines/Homework1/venv/lib/python3.10/site-packages/airflow/example_dags/example_params_ui_tutorial.py took 0.122 seconds
[2023-11-30T02:19:38.557+0200] {processor.py:157} INFO - Started process (PID=2584) to work on /home/seva/UCU/AutomatedDataPipelines/Homework1/venv/lib/python3.10/site-packages/airflow/example_dags/example_params_ui_tutorial.py
[2023-11-30T02:19:38.559+0200] {processor.py:829} INFO - Processing file /home/seva/UCU/AutomatedDataPipelines/Homework1/venv/lib/python3.10/site-packages/airflow/example_dags/example_params_ui_tutorial.py for tasks to queue
[2023-11-30T02:19:38.560+0200] {logging_mixin.py:154} INFO - [2023-11-30T02:19:38.559+0200] {dagbag.py:536} INFO - Filling up the DagBag from /home/seva/UCU/AutomatedDataPipelines/Homework1/venv/lib/python3.10/site-packages/airflow/example_dags/example_params_ui_tutorial.py
[2023-11-30T02:19:38.589+0200] {processor.py:839} INFO - DAG(s) dict_keys(['example_params_ui_tutorial']) retrieved from /home/seva/UCU/AutomatedDataPipelines/Homework1/venv/lib/python3.10/site-packages/airflow/example_dags/example_params_ui_tutorial.py
[2023-11-30T02:19:38.632+0200] {logging_mixin.py:154} INFO - [2023-11-30T02:19:38.632+0200] {dag.py:2941} INFO - Sync 1 DAGs
[2023-11-30T02:19:38.641+0200] {logging_mixin.py:154} INFO - [2023-11-30T02:19:38.641+0200] {dag.py:3722} INFO - Setting next_dagrun for example_params_ui_tutorial to None, run_after=None
[2023-11-30T02:19:38.666+0200] {processor.py:179} INFO - Processing /home/seva/UCU/AutomatedDataPipelines/Homework1/venv/lib/python3.10/site-packages/airflow/example_dags/example_params_ui_tutorial.py took 0.111 seconds
[2023-11-30T02:20:21.272+0200] {processor.py:157} INFO - Started process (PID=2748) to work on /home/seva/UCU/AutomatedDataPipelines/Homework1/venv/lib/python3.10/site-packages/airflow/example_dags/example_params_ui_tutorial.py
[2023-11-30T02:20:21.275+0200] {processor.py:829} INFO - Processing file /home/seva/UCU/AutomatedDataPipelines/Homework1/venv/lib/python3.10/site-packages/airflow/example_dags/example_params_ui_tutorial.py for tasks to queue
[2023-11-30T02:20:21.275+0200] {logging_mixin.py:154} INFO - [2023-11-30T02:20:21.275+0200] {dagbag.py:536} INFO - Filling up the DagBag from /home/seva/UCU/AutomatedDataPipelines/Homework1/venv/lib/python3.10/site-packages/airflow/example_dags/example_params_ui_tutorial.py
[2023-11-30T02:20:21.304+0200] {processor.py:839} INFO - DAG(s) dict_keys(['example_params_ui_tutorial']) retrieved from /home/seva/UCU/AutomatedDataPipelines/Homework1/venv/lib/python3.10/site-packages/airflow/example_dags/example_params_ui_tutorial.py
[2023-11-30T02:20:21.348+0200] {logging_mixin.py:154} INFO - [2023-11-30T02:20:21.348+0200] {dag.py:2941} INFO - Sync 1 DAGs
[2023-11-30T02:20:21.357+0200] {logging_mixin.py:154} INFO - [2023-11-30T02:20:21.357+0200] {dag.py:3722} INFO - Setting next_dagrun for example_params_ui_tutorial to None, run_after=None
[2023-11-30T02:20:21.379+0200] {processor.py:179} INFO - Processing /home/seva/UCU/AutomatedDataPipelines/Homework1/venv/lib/python3.10/site-packages/airflow/example_dags/example_params_ui_tutorial.py took 0.110 seconds
[2023-11-30T02:21:07.275+0200] {processor.py:157} INFO - Started process (PID=2932) to work on /home/seva/UCU/AutomatedDataPipelines/Homework1/venv/lib/python3.10/site-packages/airflow/example_dags/example_params_ui_tutorial.py
[2023-11-30T02:21:07.287+0200] {processor.py:829} INFO - Processing file /home/seva/UCU/AutomatedDataPipelines/Homework1/venv/lib/python3.10/site-packages/airflow/example_dags/example_params_ui_tutorial.py for tasks to queue
[2023-11-30T02:21:07.288+0200] {logging_mixin.py:154} INFO - [2023-11-30T02:21:07.288+0200] {dagbag.py:536} INFO - Filling up the DagBag from /home/seva/UCU/AutomatedDataPipelines/Homework1/venv/lib/python3.10/site-packages/airflow/example_dags/example_params_ui_tutorial.py
[2023-11-30T02:21:07.318+0200] {processor.py:839} INFO - DAG(s) dict_keys(['example_params_ui_tutorial']) retrieved from /home/seva/UCU/AutomatedDataPipelines/Homework1/venv/lib/python3.10/site-packages/airflow/example_dags/example_params_ui_tutorial.py
[2023-11-30T02:21:07.358+0200] {logging_mixin.py:154} INFO - [2023-11-30T02:21:07.358+0200] {dag.py:2941} INFO - Sync 1 DAGs
[2023-11-30T02:21:07.367+0200] {logging_mixin.py:154} INFO - [2023-11-30T02:21:07.367+0200] {dag.py:3722} INFO - Setting next_dagrun for example_params_ui_tutorial to None, run_after=None
[2023-11-30T02:21:07.392+0200] {processor.py:179} INFO - Processing /home/seva/UCU/AutomatedDataPipelines/Homework1/venv/lib/python3.10/site-packages/airflow/example_dags/example_params_ui_tutorial.py took 0.120 seconds
[2023-11-30T02:21:50.229+0200] {processor.py:157} INFO - Started process (PID=3098) to work on /home/seva/UCU/AutomatedDataPipelines/Homework1/venv/lib/python3.10/site-packages/airflow/example_dags/example_params_ui_tutorial.py
[2023-11-30T02:21:50.231+0200] {processor.py:829} INFO - Processing file /home/seva/UCU/AutomatedDataPipelines/Homework1/venv/lib/python3.10/site-packages/airflow/example_dags/example_params_ui_tutorial.py for tasks to queue
[2023-11-30T02:21:50.233+0200] {logging_mixin.py:154} INFO - [2023-11-30T02:21:50.232+0200] {dagbag.py:536} INFO - Filling up the DagBag from /home/seva/UCU/AutomatedDataPipelines/Homework1/venv/lib/python3.10/site-packages/airflow/example_dags/example_params_ui_tutorial.py
[2023-11-30T02:21:50.261+0200] {processor.py:839} INFO - DAG(s) dict_keys(['example_params_ui_tutorial']) retrieved from /home/seva/UCU/AutomatedDataPipelines/Homework1/venv/lib/python3.10/site-packages/airflow/example_dags/example_params_ui_tutorial.py
[2023-11-30T02:21:50.310+0200] {logging_mixin.py:154} INFO - [2023-11-30T02:21:50.310+0200] {dag.py:2941} INFO - Sync 1 DAGs
[2023-11-30T02:21:50.323+0200] {logging_mixin.py:154} INFO - [2023-11-30T02:21:50.323+0200] {dag.py:3722} INFO - Setting next_dagrun for example_params_ui_tutorial to None, run_after=None
[2023-11-30T02:21:50.349+0200] {processor.py:179} INFO - Processing /home/seva/UCU/AutomatedDataPipelines/Homework1/venv/lib/python3.10/site-packages/airflow/example_dags/example_params_ui_tutorial.py took 0.122 seconds
[2023-11-30T02:22:32.245+0200] {processor.py:157} INFO - Started process (PID=3271) to work on /home/seva/UCU/AutomatedDataPipelines/Homework1/venv/lib/python3.10/site-packages/airflow/example_dags/example_params_ui_tutorial.py
[2023-11-30T02:22:32.257+0200] {processor.py:829} INFO - Processing file /home/seva/UCU/AutomatedDataPipelines/Homework1/venv/lib/python3.10/site-packages/airflow/example_dags/example_params_ui_tutorial.py for tasks to queue
[2023-11-30T02:22:32.258+0200] {logging_mixin.py:154} INFO - [2023-11-30T02:22:32.257+0200] {dagbag.py:536} INFO - Filling up the DagBag from /home/seva/UCU/AutomatedDataPipelines/Homework1/venv/lib/python3.10/site-packages/airflow/example_dags/example_params_ui_tutorial.py
[2023-11-30T02:22:32.288+0200] {processor.py:839} INFO - DAG(s) dict_keys(['example_params_ui_tutorial']) retrieved from /home/seva/UCU/AutomatedDataPipelines/Homework1/venv/lib/python3.10/site-packages/airflow/example_dags/example_params_ui_tutorial.py
[2023-11-30T02:22:32.330+0200] {logging_mixin.py:154} INFO - [2023-11-30T02:22:32.330+0200] {dag.py:2941} INFO - Sync 1 DAGs
[2023-11-30T02:22:32.339+0200] {logging_mixin.py:154} INFO - [2023-11-30T02:22:32.339+0200] {dag.py:3722} INFO - Setting next_dagrun for example_params_ui_tutorial to None, run_after=None
[2023-11-30T02:22:32.363+0200] {processor.py:179} INFO - Processing /home/seva/UCU/AutomatedDataPipelines/Homework1/venv/lib/python3.10/site-packages/airflow/example_dags/example_params_ui_tutorial.py took 0.121 seconds
[2023-11-30T02:23:19.135+0200] {processor.py:157} INFO - Started process (PID=3454) to work on /home/seva/UCU/AutomatedDataPipelines/Homework1/venv/lib/python3.10/site-packages/airflow/example_dags/example_params_ui_tutorial.py
[2023-11-30T02:23:19.147+0200] {processor.py:829} INFO - Processing file /home/seva/UCU/AutomatedDataPipelines/Homework1/venv/lib/python3.10/site-packages/airflow/example_dags/example_params_ui_tutorial.py for tasks to queue
[2023-11-30T02:23:19.148+0200] {logging_mixin.py:154} INFO - [2023-11-30T02:23:19.147+0200] {dagbag.py:536} INFO - Filling up the DagBag from /home/seva/UCU/AutomatedDataPipelines/Homework1/venv/lib/python3.10/site-packages/airflow/example_dags/example_params_ui_tutorial.py
[2023-11-30T02:23:19.182+0200] {processor.py:839} INFO - DAG(s) dict_keys(['example_params_ui_tutorial']) retrieved from /home/seva/UCU/AutomatedDataPipelines/Homework1/venv/lib/python3.10/site-packages/airflow/example_dags/example_params_ui_tutorial.py
[2023-11-30T02:23:19.225+0200] {logging_mixin.py:154} INFO - [2023-11-30T02:23:19.224+0200] {dag.py:2941} INFO - Sync 1 DAGs
[2023-11-30T02:23:19.234+0200] {logging_mixin.py:154} INFO - [2023-11-30T02:23:19.234+0200] {dag.py:3722} INFO - Setting next_dagrun for example_params_ui_tutorial to None, run_after=None
[2023-11-30T02:23:19.258+0200] {processor.py:179} INFO - Processing /home/seva/UCU/AutomatedDataPipelines/Homework1/venv/lib/python3.10/site-packages/airflow/example_dags/example_params_ui_tutorial.py took 0.127 seconds
[2023-11-30T02:24:02.402+0200] {processor.py:157} INFO - Started process (PID=3622) to work on /home/seva/UCU/AutomatedDataPipelines/Homework1/venv/lib/python3.10/site-packages/airflow/example_dags/example_params_ui_tutorial.py
[2023-11-30T02:24:02.414+0200] {processor.py:829} INFO - Processing file /home/seva/UCU/AutomatedDataPipelines/Homework1/venv/lib/python3.10/site-packages/airflow/example_dags/example_params_ui_tutorial.py for tasks to queue
[2023-11-30T02:24:02.415+0200] {logging_mixin.py:154} INFO - [2023-11-30T02:24:02.415+0200] {dagbag.py:536} INFO - Filling up the DagBag from /home/seva/UCU/AutomatedDataPipelines/Homework1/venv/lib/python3.10/site-packages/airflow/example_dags/example_params_ui_tutorial.py
[2023-11-30T02:24:02.442+0200] {processor.py:839} INFO - DAG(s) dict_keys(['example_params_ui_tutorial']) retrieved from /home/seva/UCU/AutomatedDataPipelines/Homework1/venv/lib/python3.10/site-packages/airflow/example_dags/example_params_ui_tutorial.py
[2023-11-30T02:24:02.482+0200] {logging_mixin.py:154} INFO - [2023-11-30T02:24:02.481+0200] {dag.py:2941} INFO - Sync 1 DAGs
[2023-11-30T02:24:02.490+0200] {logging_mixin.py:154} INFO - [2023-11-30T02:24:02.490+0200] {dag.py:3722} INFO - Setting next_dagrun for example_params_ui_tutorial to None, run_after=None
[2023-11-30T02:24:02.516+0200] {processor.py:179} INFO - Processing /home/seva/UCU/AutomatedDataPipelines/Homework1/venv/lib/python3.10/site-packages/airflow/example_dags/example_params_ui_tutorial.py took 0.117 seconds
[2023-11-30T02:24:50.443+0200] {processor.py:157} INFO - Started process (PID=3815) to work on /home/seva/UCU/AutomatedDataPipelines/Homework1/venv/lib/python3.10/site-packages/airflow/example_dags/example_params_ui_tutorial.py
[2023-11-30T02:24:50.455+0200] {processor.py:829} INFO - Processing file /home/seva/UCU/AutomatedDataPipelines/Homework1/venv/lib/python3.10/site-packages/airflow/example_dags/example_params_ui_tutorial.py for tasks to queue
[2023-11-30T02:24:50.456+0200] {logging_mixin.py:154} INFO - [2023-11-30T02:24:50.456+0200] {dagbag.py:536} INFO - Filling up the DagBag from /home/seva/UCU/AutomatedDataPipelines/Homework1/venv/lib/python3.10/site-packages/airflow/example_dags/example_params_ui_tutorial.py
[2023-11-30T02:24:50.486+0200] {processor.py:839} INFO - DAG(s) dict_keys(['example_params_ui_tutorial']) retrieved from /home/seva/UCU/AutomatedDataPipelines/Homework1/venv/lib/python3.10/site-packages/airflow/example_dags/example_params_ui_tutorial.py
[2023-11-30T02:24:50.529+0200] {logging_mixin.py:154} INFO - [2023-11-30T02:24:50.529+0200] {dag.py:2941} INFO - Sync 1 DAGs
[2023-11-30T02:24:50.538+0200] {logging_mixin.py:154} INFO - [2023-11-30T02:24:50.538+0200] {dag.py:3722} INFO - Setting next_dagrun for example_params_ui_tutorial to None, run_after=None
[2023-11-30T02:24:50.562+0200] {processor.py:179} INFO - Processing /home/seva/UCU/AutomatedDataPipelines/Homework1/venv/lib/python3.10/site-packages/airflow/example_dags/example_params_ui_tutorial.py took 0.122 seconds
[2023-11-30T02:25:32.859+0200] {processor.py:157} INFO - Started process (PID=3981) to work on /home/seva/UCU/AutomatedDataPipelines/Homework1/venv/lib/python3.10/site-packages/airflow/example_dags/example_params_ui_tutorial.py
[2023-11-30T02:25:32.871+0200] {processor.py:829} INFO - Processing file /home/seva/UCU/AutomatedDataPipelines/Homework1/venv/lib/python3.10/site-packages/airflow/example_dags/example_params_ui_tutorial.py for tasks to queue
[2023-11-30T02:25:32.872+0200] {logging_mixin.py:154} INFO - [2023-11-30T02:25:32.872+0200] {dagbag.py:536} INFO - Filling up the DagBag from /home/seva/UCU/AutomatedDataPipelines/Homework1/venv/lib/python3.10/site-packages/airflow/example_dags/example_params_ui_tutorial.py
[2023-11-30T02:25:32.902+0200] {processor.py:839} INFO - DAG(s) dict_keys(['example_params_ui_tutorial']) retrieved from /home/seva/UCU/AutomatedDataPipelines/Homework1/venv/lib/python3.10/site-packages/airflow/example_dags/example_params_ui_tutorial.py
[2023-11-30T02:25:32.943+0200] {logging_mixin.py:154} INFO - [2023-11-30T02:25:32.943+0200] {dag.py:2941} INFO - Sync 1 DAGs
[2023-11-30T02:25:32.952+0200] {logging_mixin.py:154} INFO - [2023-11-30T02:25:32.952+0200] {dag.py:3722} INFO - Setting next_dagrun for example_params_ui_tutorial to None, run_after=None
[2023-11-30T02:25:32.975+0200] {processor.py:179} INFO - Processing /home/seva/UCU/AutomatedDataPipelines/Homework1/venv/lib/python3.10/site-packages/airflow/example_dags/example_params_ui_tutorial.py took 0.119 seconds
[2023-11-30T02:26:14.030+0200] {processor.py:157} INFO - Started process (PID=4143) to work on /home/seva/UCU/AutomatedDataPipelines/Homework1/venv/lib/python3.10/site-packages/airflow/example_dags/example_params_ui_tutorial.py
[2023-11-30T02:26:14.033+0200] {processor.py:829} INFO - Processing file /home/seva/UCU/AutomatedDataPipelines/Homework1/venv/lib/python3.10/site-packages/airflow/example_dags/example_params_ui_tutorial.py for tasks to queue
[2023-11-30T02:26:14.034+0200] {logging_mixin.py:154} INFO - [2023-11-30T02:26:14.033+0200] {dagbag.py:536} INFO - Filling up the DagBag from /home/seva/UCU/AutomatedDataPipelines/Homework1/venv/lib/python3.10/site-packages/airflow/example_dags/example_params_ui_tutorial.py
[2023-11-30T02:26:14.064+0200] {processor.py:839} INFO - DAG(s) dict_keys(['example_params_ui_tutorial']) retrieved from /home/seva/UCU/AutomatedDataPipelines/Homework1/venv/lib/python3.10/site-packages/airflow/example_dags/example_params_ui_tutorial.py
[2023-11-30T02:26:14.105+0200] {logging_mixin.py:154} INFO - [2023-11-30T02:26:14.105+0200] {dag.py:2941} INFO - Sync 1 DAGs
[2023-11-30T02:26:14.114+0200] {logging_mixin.py:154} INFO - [2023-11-30T02:26:14.114+0200] {dag.py:3722} INFO - Setting next_dagrun for example_params_ui_tutorial to None, run_after=None
[2023-11-30T02:26:14.139+0200] {processor.py:179} INFO - Processing /home/seva/UCU/AutomatedDataPipelines/Homework1/venv/lib/python3.10/site-packages/airflow/example_dags/example_params_ui_tutorial.py took 0.112 seconds
[2023-11-30T02:27:04.779+0200] {processor.py:157} INFO - Started process (PID=4345) to work on /home/seva/UCU/AutomatedDataPipelines/Homework1/venv/lib/python3.10/site-packages/airflow/example_dags/example_params_ui_tutorial.py
[2023-11-30T02:27:04.791+0200] {processor.py:829} INFO - Processing file /home/seva/UCU/AutomatedDataPipelines/Homework1/venv/lib/python3.10/site-packages/airflow/example_dags/example_params_ui_tutorial.py for tasks to queue
[2023-11-30T02:27:04.792+0200] {logging_mixin.py:154} INFO - [2023-11-30T02:27:04.791+0200] {dagbag.py:536} INFO - Filling up the DagBag from /home/seva/UCU/AutomatedDataPipelines/Homework1/venv/lib/python3.10/site-packages/airflow/example_dags/example_params_ui_tutorial.py
[2023-11-30T02:27:04.822+0200] {processor.py:839} INFO - DAG(s) dict_keys(['example_params_ui_tutorial']) retrieved from /home/seva/UCU/AutomatedDataPipelines/Homework1/venv/lib/python3.10/site-packages/airflow/example_dags/example_params_ui_tutorial.py
[2023-11-30T02:27:04.863+0200] {logging_mixin.py:154} INFO - [2023-11-30T02:27:04.863+0200] {dag.py:2941} INFO - Sync 1 DAGs
[2023-11-30T02:27:04.872+0200] {logging_mixin.py:154} INFO - [2023-11-30T02:27:04.872+0200] {dag.py:3722} INFO - Setting next_dagrun for example_params_ui_tutorial to None, run_after=None
[2023-11-30T02:27:04.897+0200] {processor.py:179} INFO - Processing /home/seva/UCU/AutomatedDataPipelines/Homework1/venv/lib/python3.10/site-packages/airflow/example_dags/example_params_ui_tutorial.py took 0.120 seconds
[2023-11-30T02:27:54.198+0200] {processor.py:157} INFO - Started process (PID=4538) to work on /home/seva/UCU/AutomatedDataPipelines/Homework1/venv/lib/python3.10/site-packages/airflow/example_dags/example_params_ui_tutorial.py
[2023-11-30T02:27:54.211+0200] {processor.py:829} INFO - Processing file /home/seva/UCU/AutomatedDataPipelines/Homework1/venv/lib/python3.10/site-packages/airflow/example_dags/example_params_ui_tutorial.py for tasks to queue
[2023-11-30T02:27:54.212+0200] {logging_mixin.py:154} INFO - [2023-11-30T02:27:54.211+0200] {dagbag.py:536} INFO - Filling up the DagBag from /home/seva/UCU/AutomatedDataPipelines/Homework1/venv/lib/python3.10/site-packages/airflow/example_dags/example_params_ui_tutorial.py
[2023-11-30T02:27:54.242+0200] {processor.py:839} INFO - DAG(s) dict_keys(['example_params_ui_tutorial']) retrieved from /home/seva/UCU/AutomatedDataPipelines/Homework1/venv/lib/python3.10/site-packages/airflow/example_dags/example_params_ui_tutorial.py
[2023-11-30T02:27:54.283+0200] {logging_mixin.py:154} INFO - [2023-11-30T02:27:54.282+0200] {dag.py:2941} INFO - Sync 1 DAGs
[2023-11-30T02:27:54.291+0200] {logging_mixin.py:154} INFO - [2023-11-30T02:27:54.291+0200] {dag.py:3722} INFO - Setting next_dagrun for example_params_ui_tutorial to None, run_after=None
[2023-11-30T02:27:54.331+0200] {processor.py:179} INFO - Processing /home/seva/UCU/AutomatedDataPipelines/Homework1/venv/lib/python3.10/site-packages/airflow/example_dags/example_params_ui_tutorial.py took 0.137 seconds
[2023-11-30T02:28:36.135+0200] {processor.py:157} INFO - Started process (PID=4704) to work on /home/seva/UCU/AutomatedDataPipelines/Homework1/venv/lib/python3.10/site-packages/airflow/example_dags/example_params_ui_tutorial.py
[2023-11-30T02:28:36.137+0200] {processor.py:829} INFO - Processing file /home/seva/UCU/AutomatedDataPipelines/Homework1/venv/lib/python3.10/site-packages/airflow/example_dags/example_params_ui_tutorial.py for tasks to queue
[2023-11-30T02:28:36.138+0200] {logging_mixin.py:154} INFO - [2023-11-30T02:28:36.138+0200] {dagbag.py:536} INFO - Filling up the DagBag from /home/seva/UCU/AutomatedDataPipelines/Homework1/venv/lib/python3.10/site-packages/airflow/example_dags/example_params_ui_tutorial.py
[2023-11-30T02:28:36.168+0200] {processor.py:839} INFO - DAG(s) dict_keys(['example_params_ui_tutorial']) retrieved from /home/seva/UCU/AutomatedDataPipelines/Homework1/venv/lib/python3.10/site-packages/airflow/example_dags/example_params_ui_tutorial.py
[2023-11-30T02:28:36.208+0200] {logging_mixin.py:154} INFO - [2023-11-30T02:28:36.208+0200] {dag.py:2941} INFO - Sync 1 DAGs
[2023-11-30T02:28:36.217+0200] {logging_mixin.py:154} INFO - [2023-11-30T02:28:36.217+0200] {dag.py:3722} INFO - Setting next_dagrun for example_params_ui_tutorial to None, run_after=None
[2023-11-30T02:28:36.242+0200] {processor.py:179} INFO - Processing /home/seva/UCU/AutomatedDataPipelines/Homework1/venv/lib/python3.10/site-packages/airflow/example_dags/example_params_ui_tutorial.py took 0.110 seconds
[2023-11-30T02:29:23.902+0200] {processor.py:157} INFO - Started process (PID=4892) to work on /home/seva/UCU/AutomatedDataPipelines/Homework1/venv/lib/python3.10/site-packages/airflow/example_dags/example_params_ui_tutorial.py
[2023-11-30T02:29:23.914+0200] {processor.py:829} INFO - Processing file /home/seva/UCU/AutomatedDataPipelines/Homework1/venv/lib/python3.10/site-packages/airflow/example_dags/example_params_ui_tutorial.py for tasks to queue
[2023-11-30T02:29:23.915+0200] {logging_mixin.py:154} INFO - [2023-11-30T02:29:23.914+0200] {dagbag.py:536} INFO - Filling up the DagBag from /home/seva/UCU/AutomatedDataPipelines/Homework1/venv/lib/python3.10/site-packages/airflow/example_dags/example_params_ui_tutorial.py
[2023-11-30T02:29:23.943+0200] {processor.py:839} INFO - DAG(s) dict_keys(['example_params_ui_tutorial']) retrieved from /home/seva/UCU/AutomatedDataPipelines/Homework1/venv/lib/python3.10/site-packages/airflow/example_dags/example_params_ui_tutorial.py
[2023-11-30T02:29:23.987+0200] {logging_mixin.py:154} INFO - [2023-11-30T02:29:23.987+0200] {dag.py:2941} INFO - Sync 1 DAGs
[2023-11-30T02:29:23.996+0200] {logging_mixin.py:154} INFO - [2023-11-30T02:29:23.996+0200] {dag.py:3722} INFO - Setting next_dagrun for example_params_ui_tutorial to None, run_after=None
[2023-11-30T02:29:24.019+0200] {processor.py:179} INFO - Processing /home/seva/UCU/AutomatedDataPipelines/Homework1/venv/lib/python3.10/site-packages/airflow/example_dags/example_params_ui_tutorial.py took 0.120 seconds
[2023-11-30T02:30:07.421+0200] {processor.py:157} INFO - Started process (PID=5065) to work on /home/seva/UCU/AutomatedDataPipelines/Homework1/venv/lib/python3.10/site-packages/airflow/example_dags/example_params_ui_tutorial.py
[2023-11-30T02:30:07.432+0200] {processor.py:829} INFO - Processing file /home/seva/UCU/AutomatedDataPipelines/Homework1/venv/lib/python3.10/site-packages/airflow/example_dags/example_params_ui_tutorial.py for tasks to queue
[2023-11-30T02:30:07.433+0200] {logging_mixin.py:154} INFO - [2023-11-30T02:30:07.433+0200] {dagbag.py:536} INFO - Filling up the DagBag from /home/seva/UCU/AutomatedDataPipelines/Homework1/venv/lib/python3.10/site-packages/airflow/example_dags/example_params_ui_tutorial.py
[2023-11-30T02:30:07.462+0200] {processor.py:839} INFO - DAG(s) dict_keys(['example_params_ui_tutorial']) retrieved from /home/seva/UCU/AutomatedDataPipelines/Homework1/venv/lib/python3.10/site-packages/airflow/example_dags/example_params_ui_tutorial.py
[2023-11-30T02:30:07.502+0200] {logging_mixin.py:154} INFO - [2023-11-30T02:30:07.501+0200] {dag.py:2941} INFO - Sync 1 DAGs
[2023-11-30T02:30:07.511+0200] {logging_mixin.py:154} INFO - [2023-11-30T02:30:07.511+0200] {dag.py:3722} INFO - Setting next_dagrun for example_params_ui_tutorial to None, run_after=None
[2023-11-30T02:30:07.535+0200] {processor.py:179} INFO - Processing /home/seva/UCU/AutomatedDataPipelines/Homework1/venv/lib/python3.10/site-packages/airflow/example_dags/example_params_ui_tutorial.py took 0.116 seconds
[2023-11-30T02:30:53.263+0200] {processor.py:157} INFO - Started process (PID=5244) to work on /home/seva/UCU/AutomatedDataPipelines/Homework1/venv/lib/python3.10/site-packages/airflow/example_dags/example_params_ui_tutorial.py
[2023-11-30T02:30:53.275+0200] {processor.py:829} INFO - Processing file /home/seva/UCU/AutomatedDataPipelines/Homework1/venv/lib/python3.10/site-packages/airflow/example_dags/example_params_ui_tutorial.py for tasks to queue
[2023-11-30T02:30:53.276+0200] {logging_mixin.py:154} INFO - [2023-11-30T02:30:53.276+0200] {dagbag.py:536} INFO - Filling up the DagBag from /home/seva/UCU/AutomatedDataPipelines/Homework1/venv/lib/python3.10/site-packages/airflow/example_dags/example_params_ui_tutorial.py
[2023-11-30T02:30:53.306+0200] {processor.py:839} INFO - DAG(s) dict_keys(['example_params_ui_tutorial']) retrieved from /home/seva/UCU/AutomatedDataPipelines/Homework1/venv/lib/python3.10/site-packages/airflow/example_dags/example_params_ui_tutorial.py
[2023-11-30T02:30:53.347+0200] {logging_mixin.py:154} INFO - [2023-11-30T02:30:53.347+0200] {dag.py:2941} INFO - Sync 1 DAGs
[2023-11-30T02:30:53.356+0200] {logging_mixin.py:154} INFO - [2023-11-30T02:30:53.356+0200] {dag.py:3722} INFO - Setting next_dagrun for example_params_ui_tutorial to None, run_after=None
[2023-11-30T02:30:53.380+0200] {processor.py:179} INFO - Processing /home/seva/UCU/AutomatedDataPipelines/Homework1/venv/lib/python3.10/site-packages/airflow/example_dags/example_params_ui_tutorial.py took 0.120 seconds
[2023-11-30T02:31:38.657+0200] {processor.py:157} INFO - Started process (PID=5424) to work on /home/seva/UCU/AutomatedDataPipelines/Homework1/venv/lib/python3.10/site-packages/airflow/example_dags/example_params_ui_tutorial.py
[2023-11-30T02:31:38.668+0200] {processor.py:829} INFO - Processing file /home/seva/UCU/AutomatedDataPipelines/Homework1/venv/lib/python3.10/site-packages/airflow/example_dags/example_params_ui_tutorial.py for tasks to queue
[2023-11-30T02:31:38.669+0200] {logging_mixin.py:154} INFO - [2023-11-30T02:31:38.669+0200] {dagbag.py:536} INFO - Filling up the DagBag from /home/seva/UCU/AutomatedDataPipelines/Homework1/venv/lib/python3.10/site-packages/airflow/example_dags/example_params_ui_tutorial.py
[2023-11-30T02:31:38.699+0200] {processor.py:839} INFO - DAG(s) dict_keys(['example_params_ui_tutorial']) retrieved from /home/seva/UCU/AutomatedDataPipelines/Homework1/venv/lib/python3.10/site-packages/airflow/example_dags/example_params_ui_tutorial.py
[2023-11-30T02:31:38.741+0200] {logging_mixin.py:154} INFO - [2023-11-30T02:31:38.740+0200] {dag.py:2941} INFO - Sync 1 DAGs
[2023-11-30T02:31:38.750+0200] {logging_mixin.py:154} INFO - [2023-11-30T02:31:38.750+0200] {dag.py:3722} INFO - Setting next_dagrun for example_params_ui_tutorial to None, run_after=None
[2023-11-30T02:31:38.773+0200] {processor.py:179} INFO - Processing /home/seva/UCU/AutomatedDataPipelines/Homework1/venv/lib/python3.10/site-packages/airflow/example_dags/example_params_ui_tutorial.py took 0.119 seconds
[2023-11-30T02:32:22.389+0200] {processor.py:157} INFO - Started process (PID=5597) to work on /home/seva/UCU/AutomatedDataPipelines/Homework1/venv/lib/python3.10/site-packages/airflow/example_dags/example_params_ui_tutorial.py
[2023-11-30T02:32:22.393+0200] {processor.py:829} INFO - Processing file /home/seva/UCU/AutomatedDataPipelines/Homework1/venv/lib/python3.10/site-packages/airflow/example_dags/example_params_ui_tutorial.py for tasks to queue
[2023-11-30T02:32:22.395+0200] {logging_mixin.py:154} INFO - [2023-11-30T02:32:22.394+0200] {dagbag.py:536} INFO - Filling up the DagBag from /home/seva/UCU/AutomatedDataPipelines/Homework1/venv/lib/python3.10/site-packages/airflow/example_dags/example_params_ui_tutorial.py
[2023-11-30T02:32:22.505+0200] {processor.py:839} INFO - DAG(s) dict_keys(['example_params_ui_tutorial']) retrieved from /home/seva/UCU/AutomatedDataPipelines/Homework1/venv/lib/python3.10/site-packages/airflow/example_dags/example_params_ui_tutorial.py
[2023-11-30T02:32:22.594+0200] {logging_mixin.py:154} INFO - [2023-11-30T02:32:22.593+0200] {dag.py:2941} INFO - Sync 1 DAGs
[2023-11-30T02:32:22.609+0200] {logging_mixin.py:154} INFO - [2023-11-30T02:32:22.608+0200] {dag.py:3722} INFO - Setting next_dagrun for example_params_ui_tutorial to None, run_after=None
[2023-11-30T02:32:22.644+0200] {processor.py:179} INFO - Processing /home/seva/UCU/AutomatedDataPipelines/Homework1/venv/lib/python3.10/site-packages/airflow/example_dags/example_params_ui_tutorial.py took 0.269 seconds
[2023-11-30T02:33:10.068+0200] {processor.py:157} INFO - Started process (PID=5811) to work on /home/seva/UCU/AutomatedDataPipelines/Homework1/venv/lib/python3.10/site-packages/airflow/example_dags/example_params_ui_tutorial.py
[2023-11-30T02:33:10.080+0200] {processor.py:829} INFO - Processing file /home/seva/UCU/AutomatedDataPipelines/Homework1/venv/lib/python3.10/site-packages/airflow/example_dags/example_params_ui_tutorial.py for tasks to queue
[2023-11-30T02:33:10.081+0200] {logging_mixin.py:154} INFO - [2023-11-30T02:33:10.080+0200] {dagbag.py:536} INFO - Filling up the DagBag from /home/seva/UCU/AutomatedDataPipelines/Homework1/venv/lib/python3.10/site-packages/airflow/example_dags/example_params_ui_tutorial.py
[2023-11-30T02:33:10.111+0200] {processor.py:839} INFO - DAG(s) dict_keys(['example_params_ui_tutorial']) retrieved from /home/seva/UCU/AutomatedDataPipelines/Homework1/venv/lib/python3.10/site-packages/airflow/example_dags/example_params_ui_tutorial.py
[2023-11-30T02:33:10.157+0200] {logging_mixin.py:154} INFO - [2023-11-30T02:33:10.157+0200] {dag.py:2941} INFO - Sync 1 DAGs
[2023-11-30T02:33:10.166+0200] {logging_mixin.py:154} INFO - [2023-11-30T02:33:10.166+0200] {dag.py:3722} INFO - Setting next_dagrun for example_params_ui_tutorial to None, run_after=None
[2023-11-30T02:33:10.190+0200] {processor.py:179} INFO - Processing /home/seva/UCU/AutomatedDataPipelines/Homework1/venv/lib/python3.10/site-packages/airflow/example_dags/example_params_ui_tutorial.py took 0.126 seconds
[2023-11-30T02:33:57.939+0200] {processor.py:157} INFO - Started process (PID=5997) to work on /home/seva/UCU/AutomatedDataPipelines/Homework1/venv/lib/python3.10/site-packages/airflow/example_dags/example_params_ui_tutorial.py
[2023-11-30T02:33:57.952+0200] {processor.py:829} INFO - Processing file /home/seva/UCU/AutomatedDataPipelines/Homework1/venv/lib/python3.10/site-packages/airflow/example_dags/example_params_ui_tutorial.py for tasks to queue
[2023-11-30T02:33:57.953+0200] {logging_mixin.py:154} INFO - [2023-11-30T02:33:57.952+0200] {dagbag.py:536} INFO - Filling up the DagBag from /home/seva/UCU/AutomatedDataPipelines/Homework1/venv/lib/python3.10/site-packages/airflow/example_dags/example_params_ui_tutorial.py
[2023-11-30T02:33:57.988+0200] {processor.py:839} INFO - DAG(s) dict_keys(['example_params_ui_tutorial']) retrieved from /home/seva/UCU/AutomatedDataPipelines/Homework1/venv/lib/python3.10/site-packages/airflow/example_dags/example_params_ui_tutorial.py
[2023-11-30T02:33:58.041+0200] {logging_mixin.py:154} INFO - [2023-11-30T02:33:58.041+0200] {dag.py:2941} INFO - Sync 1 DAGs
[2023-11-30T02:33:58.052+0200] {logging_mixin.py:154} INFO - [2023-11-30T02:33:58.052+0200] {dag.py:3722} INFO - Setting next_dagrun for example_params_ui_tutorial to None, run_after=None
[2023-11-30T02:33:58.082+0200] {processor.py:179} INFO - Processing /home/seva/UCU/AutomatedDataPipelines/Homework1/venv/lib/python3.10/site-packages/airflow/example_dags/example_params_ui_tutorial.py took 0.146 seconds
[2023-11-30T02:34:48.870+0200] {processor.py:157} INFO - Started process (PID=6207) to work on /home/seva/UCU/AutomatedDataPipelines/Homework1/venv/lib/python3.10/site-packages/airflow/example_dags/example_params_ui_tutorial.py
[2023-11-30T02:34:48.873+0200] {processor.py:829} INFO - Processing file /home/seva/UCU/AutomatedDataPipelines/Homework1/venv/lib/python3.10/site-packages/airflow/example_dags/example_params_ui_tutorial.py for tasks to queue
[2023-11-30T02:34:48.874+0200] {logging_mixin.py:154} INFO - [2023-11-30T02:34:48.873+0200] {dagbag.py:536} INFO - Filling up the DagBag from /home/seva/UCU/AutomatedDataPipelines/Homework1/venv/lib/python3.10/site-packages/airflow/example_dags/example_params_ui_tutorial.py
[2023-11-30T02:34:48.916+0200] {processor.py:839} INFO - DAG(s) dict_keys(['example_params_ui_tutorial']) retrieved from /home/seva/UCU/AutomatedDataPipelines/Homework1/venv/lib/python3.10/site-packages/airflow/example_dags/example_params_ui_tutorial.py
[2023-11-30T02:34:48.963+0200] {logging_mixin.py:154} INFO - [2023-11-30T02:34:48.963+0200] {dag.py:2941} INFO - Sync 1 DAGs
[2023-11-30T02:34:48.973+0200] {logging_mixin.py:154} INFO - [2023-11-30T02:34:48.973+0200] {dag.py:3722} INFO - Setting next_dagrun for example_params_ui_tutorial to None, run_after=None
[2023-11-30T02:34:48.999+0200] {processor.py:179} INFO - Processing /home/seva/UCU/AutomatedDataPipelines/Homework1/venv/lib/python3.10/site-packages/airflow/example_dags/example_params_ui_tutorial.py took 0.132 seconds
[2023-11-30T02:35:34.329+0200] {processor.py:157} INFO - Started process (PID=6388) to work on /home/seva/UCU/AutomatedDataPipelines/Homework1/venv/lib/python3.10/site-packages/airflow/example_dags/example_params_ui_tutorial.py
[2023-11-30T02:35:34.341+0200] {processor.py:829} INFO - Processing file /home/seva/UCU/AutomatedDataPipelines/Homework1/venv/lib/python3.10/site-packages/airflow/example_dags/example_params_ui_tutorial.py for tasks to queue
[2023-11-30T02:35:34.342+0200] {logging_mixin.py:154} INFO - [2023-11-30T02:35:34.342+0200] {dagbag.py:536} INFO - Filling up the DagBag from /home/seva/UCU/AutomatedDataPipelines/Homework1/venv/lib/python3.10/site-packages/airflow/example_dags/example_params_ui_tutorial.py
[2023-11-30T02:35:34.374+0200] {processor.py:839} INFO - DAG(s) dict_keys(['example_params_ui_tutorial']) retrieved from /home/seva/UCU/AutomatedDataPipelines/Homework1/venv/lib/python3.10/site-packages/airflow/example_dags/example_params_ui_tutorial.py
[2023-11-30T02:35:34.422+0200] {logging_mixin.py:154} INFO - [2023-11-30T02:35:34.421+0200] {dag.py:2941} INFO - Sync 1 DAGs
[2023-11-30T02:35:34.433+0200] {logging_mixin.py:154} INFO - [2023-11-30T02:35:34.433+0200] {dag.py:3722} INFO - Setting next_dagrun for example_params_ui_tutorial to None, run_after=None
[2023-11-30T02:35:34.457+0200] {processor.py:179} INFO - Processing /home/seva/UCU/AutomatedDataPipelines/Homework1/venv/lib/python3.10/site-packages/airflow/example_dags/example_params_ui_tutorial.py took 0.132 seconds
[2023-11-30T02:36:20.285+0200] {processor.py:157} INFO - Started process (PID=6571) to work on /home/seva/UCU/AutomatedDataPipelines/Homework1/venv/lib/python3.10/site-packages/airflow/example_dags/example_params_ui_tutorial.py
[2023-11-30T02:36:20.296+0200] {processor.py:829} INFO - Processing file /home/seva/UCU/AutomatedDataPipelines/Homework1/venv/lib/python3.10/site-packages/airflow/example_dags/example_params_ui_tutorial.py for tasks to queue
[2023-11-30T02:36:20.297+0200] {logging_mixin.py:154} INFO - [2023-11-30T02:36:20.297+0200] {dagbag.py:536} INFO - Filling up the DagBag from /home/seva/UCU/AutomatedDataPipelines/Homework1/venv/lib/python3.10/site-packages/airflow/example_dags/example_params_ui_tutorial.py
[2023-11-30T02:36:20.329+0200] {processor.py:839} INFO - DAG(s) dict_keys(['example_params_ui_tutorial']) retrieved from /home/seva/UCU/AutomatedDataPipelines/Homework1/venv/lib/python3.10/site-packages/airflow/example_dags/example_params_ui_tutorial.py
[2023-11-30T02:36:20.373+0200] {logging_mixin.py:154} INFO - [2023-11-30T02:36:20.373+0200] {dag.py:2941} INFO - Sync 1 DAGs
[2023-11-30T02:36:20.383+0200] {logging_mixin.py:154} INFO - [2023-11-30T02:36:20.383+0200] {dag.py:3722} INFO - Setting next_dagrun for example_params_ui_tutorial to None, run_after=None
[2023-11-30T02:36:20.408+0200] {processor.py:179} INFO - Processing /home/seva/UCU/AutomatedDataPipelines/Homework1/venv/lib/python3.10/site-packages/airflow/example_dags/example_params_ui_tutorial.py took 0.127 seconds
[2023-11-30T02:37:07.721+0200] {processor.py:157} INFO - Started process (PID=6760) to work on /home/seva/UCU/AutomatedDataPipelines/Homework1/venv/lib/python3.10/site-packages/airflow/example_dags/example_params_ui_tutorial.py
[2023-11-30T02:37:07.734+0200] {processor.py:829} INFO - Processing file /home/seva/UCU/AutomatedDataPipelines/Homework1/venv/lib/python3.10/site-packages/airflow/example_dags/example_params_ui_tutorial.py for tasks to queue
[2023-11-30T02:37:07.735+0200] {logging_mixin.py:154} INFO - [2023-11-30T02:37:07.734+0200] {dagbag.py:536} INFO - Filling up the DagBag from /home/seva/UCU/AutomatedDataPipelines/Homework1/venv/lib/python3.10/site-packages/airflow/example_dags/example_params_ui_tutorial.py
[2023-11-30T02:37:07.765+0200] {processor.py:839} INFO - DAG(s) dict_keys(['example_params_ui_tutorial']) retrieved from /home/seva/UCU/AutomatedDataPipelines/Homework1/venv/lib/python3.10/site-packages/airflow/example_dags/example_params_ui_tutorial.py
[2023-11-30T02:37:07.806+0200] {logging_mixin.py:154} INFO - [2023-11-30T02:37:07.806+0200] {dag.py:2941} INFO - Sync 1 DAGs
[2023-11-30T02:37:07.816+0200] {logging_mixin.py:154} INFO - [2023-11-30T02:37:07.815+0200] {dag.py:3722} INFO - Setting next_dagrun for example_params_ui_tutorial to None, run_after=None
[2023-11-30T02:37:07.841+0200] {processor.py:179} INFO - Processing /home/seva/UCU/AutomatedDataPipelines/Homework1/venv/lib/python3.10/site-packages/airflow/example_dags/example_params_ui_tutorial.py took 0.124 seconds
[2023-11-30T02:37:59.308+0200] {processor.py:157} INFO - Started process (PID=6956) to work on /home/seva/UCU/AutomatedDataPipelines/Homework1/venv/lib/python3.10/site-packages/airflow/example_dags/example_params_ui_tutorial.py
[2023-11-30T02:37:59.310+0200] {processor.py:829} INFO - Processing file /home/seva/UCU/AutomatedDataPipelines/Homework1/venv/lib/python3.10/site-packages/airflow/example_dags/example_params_ui_tutorial.py for tasks to queue
[2023-11-30T02:37:59.310+0200] {logging_mixin.py:154} INFO - [2023-11-30T02:37:59.310+0200] {dagbag.py:536} INFO - Filling up the DagBag from /home/seva/UCU/AutomatedDataPipelines/Homework1/venv/lib/python3.10/site-packages/airflow/example_dags/example_params_ui_tutorial.py
[2023-11-30T02:37:59.340+0200] {processor.py:839} INFO - DAG(s) dict_keys(['example_params_ui_tutorial']) retrieved from /home/seva/UCU/AutomatedDataPipelines/Homework1/venv/lib/python3.10/site-packages/airflow/example_dags/example_params_ui_tutorial.py
[2023-11-30T02:37:59.384+0200] {logging_mixin.py:154} INFO - [2023-11-30T02:37:59.384+0200] {dag.py:2941} INFO - Sync 1 DAGs
[2023-11-30T02:37:59.397+0200] {logging_mixin.py:154} INFO - [2023-11-30T02:37:59.397+0200] {dag.py:3722} INFO - Setting next_dagrun for example_params_ui_tutorial to None, run_after=None
[2023-11-30T02:37:59.424+0200] {processor.py:179} INFO - Processing /home/seva/UCU/AutomatedDataPipelines/Homework1/venv/lib/python3.10/site-packages/airflow/example_dags/example_params_ui_tutorial.py took 0.118 seconds
[2023-11-30T02:38:52.850+0200] {processor.py:157} INFO - Started process (PID=7361) to work on /home/seva/UCU/AutomatedDataPipelines/Homework1/venv/lib/python3.10/site-packages/airflow/example_dags/example_params_ui_tutorial.py
[2023-11-30T02:38:52.863+0200] {processor.py:829} INFO - Processing file /home/seva/UCU/AutomatedDataPipelines/Homework1/venv/lib/python3.10/site-packages/airflow/example_dags/example_params_ui_tutorial.py for tasks to queue
[2023-11-30T02:38:52.865+0200] {logging_mixin.py:154} INFO - [2023-11-30T02:38:52.864+0200] {dagbag.py:536} INFO - Filling up the DagBag from /home/seva/UCU/AutomatedDataPipelines/Homework1/venv/lib/python3.10/site-packages/airflow/example_dags/example_params_ui_tutorial.py
[2023-11-30T02:38:52.902+0200] {processor.py:839} INFO - DAG(s) dict_keys(['example_params_ui_tutorial']) retrieved from /home/seva/UCU/AutomatedDataPipelines/Homework1/venv/lib/python3.10/site-packages/airflow/example_dags/example_params_ui_tutorial.py
[2023-11-30T02:38:52.960+0200] {logging_mixin.py:154} INFO - [2023-11-30T02:38:52.960+0200] {dag.py:2941} INFO - Sync 1 DAGs
[2023-11-30T02:38:52.971+0200] {logging_mixin.py:154} INFO - [2023-11-30T02:38:52.971+0200] {dag.py:3722} INFO - Setting next_dagrun for example_params_ui_tutorial to None, run_after=None
[2023-11-30T02:38:53.002+0200] {processor.py:179} INFO - Processing /home/seva/UCU/AutomatedDataPipelines/Homework1/venv/lib/python3.10/site-packages/airflow/example_dags/example_params_ui_tutorial.py took 0.158 seconds
