[2023-11-30T02:13:31.764+0200] {processor.py:157} INFO - Started process (PID=1196) to work on /home/seva/UCU/AutomatedDataPipelines/Homework1/venv/lib/python3.10/site-packages/airflow/example_dags/example_setup_teardown_taskflow.py
[2023-11-30T02:13:31.765+0200] {processor.py:829} INFO - Processing file /home/seva/UCU/AutomatedDataPipelines/Homework1/venv/lib/python3.10/site-packages/airflow/example_dags/example_setup_teardown_taskflow.py for tasks to queue
[2023-11-30T02:13:31.766+0200] {logging_mixin.py:154} INFO - [2023-11-30T02:13:31.766+0200] {dagbag.py:536} INFO - Filling up the DagBag from /home/seva/UCU/AutomatedDataPipelines/Homework1/venv/lib/python3.10/site-packages/airflow/example_dags/example_setup_teardown_taskflow.py
[2023-11-30T02:13:31.777+0200] {processor.py:839} INFO - DAG(s) dict_keys(['example_setup_teardown_taskflow']) retrieved from /home/seva/UCU/AutomatedDataPipelines/Homework1/venv/lib/python3.10/site-packages/airflow/example_dags/example_setup_teardown_taskflow.py
[2023-11-30T02:13:31.891+0200] {logging_mixin.py:154} INFO - [2023-11-30T02:13:31.890+0200] {manager.py:499} INFO - Created Permission View: %s
[2023-11-30T02:13:31.906+0200] {logging_mixin.py:154} INFO - [2023-11-30T02:13:31.906+0200] {manager.py:499} INFO - Created Permission View: %s
[2023-11-30T02:13:31.923+0200] {logging_mixin.py:154} INFO - [2023-11-30T02:13:31.922+0200] {manager.py:499} INFO - Created Permission View: %s
[2023-11-30T02:13:31.923+0200] {logging_mixin.py:154} INFO - [2023-11-30T02:13:31.923+0200] {dag.py:2941} INFO - Sync 1 DAGs
[2023-11-30T02:13:31.935+0200] {logging_mixin.py:154} INFO - [2023-11-30T02:13:31.934+0200] {dag.py:2963} INFO - Creating ORM DAG for example_setup_teardown_taskflow
[2023-11-30T02:13:31.944+0200] {logging_mixin.py:154} INFO - [2023-11-30T02:13:31.943+0200] {dag.py:3722} INFO - Setting next_dagrun for example_setup_teardown_taskflow to 2023-11-29T00:13:31.943712+00:00, run_after=2023-11-30T00:13:31.943712+00:00
[2023-11-30T02:13:31.970+0200] {processor.py:179} INFO - Processing /home/seva/UCU/AutomatedDataPipelines/Homework1/venv/lib/python3.10/site-packages/airflow/example_dags/example_setup_teardown_taskflow.py took 0.209 seconds
[2023-11-30T02:14:20.652+0200] {processor.py:157} INFO - Started process (PID=1334) to work on /home/seva/UCU/AutomatedDataPipelines/Homework1/venv/lib/python3.10/site-packages/airflow/example_dags/example_setup_teardown_taskflow.py
[2023-11-30T02:14:20.655+0200] {processor.py:829} INFO - Processing file /home/seva/UCU/AutomatedDataPipelines/Homework1/venv/lib/python3.10/site-packages/airflow/example_dags/example_setup_teardown_taskflow.py for tasks to queue
[2023-11-30T02:14:20.656+0200] {logging_mixin.py:154} INFO - [2023-11-30T02:14:20.656+0200] {dagbag.py:536} INFO - Filling up the DagBag from /home/seva/UCU/AutomatedDataPipelines/Homework1/venv/lib/python3.10/site-packages/airflow/example_dags/example_setup_teardown_taskflow.py
[2023-11-30T02:14:20.665+0200] {processor.py:839} INFO - DAG(s) dict_keys(['example_setup_teardown_taskflow']) retrieved from /home/seva/UCU/AutomatedDataPipelines/Homework1/venv/lib/python3.10/site-packages/airflow/example_dags/example_setup_teardown_taskflow.py
[2023-11-30T02:14:20.679+0200] {logging_mixin.py:154} INFO - [2023-11-30T02:14:20.679+0200] {dag.py:2941} INFO - Sync 1 DAGs
[2023-11-30T02:14:20.695+0200] {logging_mixin.py:154} INFO - [2023-11-30T02:14:20.695+0200] {dag.py:3722} INFO - Setting next_dagrun for example_setup_teardown_taskflow to 2023-11-29T00:14:20.694974+00:00, run_after=2023-11-30T00:14:20.694974+00:00
[2023-11-30T02:14:20.720+0200] {processor.py:179} INFO - Processing /home/seva/UCU/AutomatedDataPipelines/Homework1/venv/lib/python3.10/site-packages/airflow/example_dags/example_setup_teardown_taskflow.py took 0.071 seconds
[2023-11-30T02:15:07.000+0200] {processor.py:157} INFO - Started process (PID=1502) to work on /home/seva/UCU/AutomatedDataPipelines/Homework1/venv/lib/python3.10/site-packages/airflow/example_dags/example_setup_teardown_taskflow.py
[2023-11-30T02:15:07.011+0200] {processor.py:829} INFO - Processing file /home/seva/UCU/AutomatedDataPipelines/Homework1/venv/lib/python3.10/site-packages/airflow/example_dags/example_setup_teardown_taskflow.py for tasks to queue
[2023-11-30T02:15:07.013+0200] {logging_mixin.py:154} INFO - [2023-11-30T02:15:07.012+0200] {dagbag.py:536} INFO - Filling up the DagBag from /home/seva/UCU/AutomatedDataPipelines/Homework1/venv/lib/python3.10/site-packages/airflow/example_dags/example_setup_teardown_taskflow.py
[2023-11-30T02:15:07.022+0200] {processor.py:839} INFO - DAG(s) dict_keys(['example_setup_teardown_taskflow']) retrieved from /home/seva/UCU/AutomatedDataPipelines/Homework1/venv/lib/python3.10/site-packages/airflow/example_dags/example_setup_teardown_taskflow.py
[2023-11-30T02:15:07.036+0200] {logging_mixin.py:154} INFO - [2023-11-30T02:15:07.036+0200] {dag.py:2941} INFO - Sync 1 DAGs
[2023-11-30T02:15:07.055+0200] {logging_mixin.py:154} INFO - [2023-11-30T02:15:07.055+0200] {dag.py:3722} INFO - Setting next_dagrun for example_setup_teardown_taskflow to 2023-11-29T00:15:07.055019+00:00, run_after=2023-11-30T00:15:07.055019+00:00
[2023-11-30T02:15:07.077+0200] {processor.py:179} INFO - Processing /home/seva/UCU/AutomatedDataPipelines/Homework1/venv/lib/python3.10/site-packages/airflow/example_dags/example_setup_teardown_taskflow.py took 0.080 seconds
[2023-11-30T02:15:50.528+0200] {processor.py:157} INFO - Started process (PID=1674) to work on /home/seva/UCU/AutomatedDataPipelines/Homework1/venv/lib/python3.10/site-packages/airflow/example_dags/example_setup_teardown_taskflow.py
[2023-11-30T02:15:50.539+0200] {processor.py:829} INFO - Processing file /home/seva/UCU/AutomatedDataPipelines/Homework1/venv/lib/python3.10/site-packages/airflow/example_dags/example_setup_teardown_taskflow.py for tasks to queue
[2023-11-30T02:15:50.540+0200] {logging_mixin.py:154} INFO - [2023-11-30T02:15:50.540+0200] {dagbag.py:536} INFO - Filling up the DagBag from /home/seva/UCU/AutomatedDataPipelines/Homework1/venv/lib/python3.10/site-packages/airflow/example_dags/example_setup_teardown_taskflow.py
[2023-11-30T02:15:50.549+0200] {processor.py:839} INFO - DAG(s) dict_keys(['example_setup_teardown_taskflow']) retrieved from /home/seva/UCU/AutomatedDataPipelines/Homework1/venv/lib/python3.10/site-packages/airflow/example_dags/example_setup_teardown_taskflow.py
[2023-11-30T02:15:50.564+0200] {logging_mixin.py:154} INFO - [2023-11-30T02:15:50.564+0200] {dag.py:2941} INFO - Sync 1 DAGs
[2023-11-30T02:15:50.580+0200] {logging_mixin.py:154} INFO - [2023-11-30T02:15:50.580+0200] {dag.py:3722} INFO - Setting next_dagrun for example_setup_teardown_taskflow to 2023-11-29T00:15:50.580028+00:00, run_after=2023-11-30T00:15:50.580028+00:00
[2023-11-30T02:15:50.605+0200] {processor.py:179} INFO - Processing /home/seva/UCU/AutomatedDataPipelines/Homework1/venv/lib/python3.10/site-packages/airflow/example_dags/example_setup_teardown_taskflow.py took 0.080 seconds
[2023-11-30T02:16:39.746+0200] {processor.py:157} INFO - Started process (PID=1863) to work on /home/seva/UCU/AutomatedDataPipelines/Homework1/venv/lib/python3.10/site-packages/airflow/example_dags/example_setup_teardown_taskflow.py
[2023-11-30T02:16:39.748+0200] {processor.py:829} INFO - Processing file /home/seva/UCU/AutomatedDataPipelines/Homework1/venv/lib/python3.10/site-packages/airflow/example_dags/example_setup_teardown_taskflow.py for tasks to queue
[2023-11-30T02:16:39.748+0200] {logging_mixin.py:154} INFO - [2023-11-30T02:16:39.748+0200] {dagbag.py:536} INFO - Filling up the DagBag from /home/seva/UCU/AutomatedDataPipelines/Homework1/venv/lib/python3.10/site-packages/airflow/example_dags/example_setup_teardown_taskflow.py
[2023-11-30T02:16:39.757+0200] {processor.py:839} INFO - DAG(s) dict_keys(['example_setup_teardown_taskflow']) retrieved from /home/seva/UCU/AutomatedDataPipelines/Homework1/venv/lib/python3.10/site-packages/airflow/example_dags/example_setup_teardown_taskflow.py
[2023-11-30T02:16:39.771+0200] {logging_mixin.py:154} INFO - [2023-11-30T02:16:39.771+0200] {dag.py:2941} INFO - Sync 1 DAGs
[2023-11-30T02:16:39.787+0200] {logging_mixin.py:154} INFO - [2023-11-30T02:16:39.787+0200] {dag.py:3722} INFO - Setting next_dagrun for example_setup_teardown_taskflow to 2023-11-29T00:16:39.787225+00:00, run_after=2023-11-30T00:16:39.787225+00:00
[2023-11-30T02:16:39.811+0200] {processor.py:179} INFO - Processing /home/seva/UCU/AutomatedDataPipelines/Homework1/venv/lib/python3.10/site-packages/airflow/example_dags/example_setup_teardown_taskflow.py took 0.068 seconds
[2023-11-30T02:17:22.086+0200] {processor.py:157} INFO - Started process (PID=2037) to work on /home/seva/UCU/AutomatedDataPipelines/Homework1/venv/lib/python3.10/site-packages/airflow/example_dags/example_setup_teardown_taskflow.py
[2023-11-30T02:17:22.098+0200] {processor.py:829} INFO - Processing file /home/seva/UCU/AutomatedDataPipelines/Homework1/venv/lib/python3.10/site-packages/airflow/example_dags/example_setup_teardown_taskflow.py for tasks to queue
[2023-11-30T02:17:22.099+0200] {logging_mixin.py:154} INFO - [2023-11-30T02:17:22.098+0200] {dagbag.py:536} INFO - Filling up the DagBag from /home/seva/UCU/AutomatedDataPipelines/Homework1/venv/lib/python3.10/site-packages/airflow/example_dags/example_setup_teardown_taskflow.py
[2023-11-30T02:17:22.108+0200] {processor.py:839} INFO - DAG(s) dict_keys(['example_setup_teardown_taskflow']) retrieved from /home/seva/UCU/AutomatedDataPipelines/Homework1/venv/lib/python3.10/site-packages/airflow/example_dags/example_setup_teardown_taskflow.py
[2023-11-30T02:17:22.122+0200] {logging_mixin.py:154} INFO - [2023-11-30T02:17:22.122+0200] {dag.py:2941} INFO - Sync 1 DAGs
[2023-11-30T02:17:22.137+0200] {logging_mixin.py:154} INFO - [2023-11-30T02:17:22.137+0200] {dag.py:3722} INFO - Setting next_dagrun for example_setup_teardown_taskflow to 2023-11-29T00:17:22.136901+00:00, run_after=2023-11-30T00:17:22.136901+00:00
[2023-11-30T02:17:22.160+0200] {processor.py:179} INFO - Processing /home/seva/UCU/AutomatedDataPipelines/Homework1/venv/lib/python3.10/site-packages/airflow/example_dags/example_setup_teardown_taskflow.py took 0.077 seconds
[2023-11-30T02:18:05.693+0200] {processor.py:157} INFO - Started process (PID=2214) to work on /home/seva/UCU/AutomatedDataPipelines/Homework1/venv/lib/python3.10/site-packages/airflow/example_dags/example_setup_teardown_taskflow.py
[2023-11-30T02:18:05.695+0200] {processor.py:829} INFO - Processing file /home/seva/UCU/AutomatedDataPipelines/Homework1/venv/lib/python3.10/site-packages/airflow/example_dags/example_setup_teardown_taskflow.py for tasks to queue
[2023-11-30T02:18:05.696+0200] {logging_mixin.py:154} INFO - [2023-11-30T02:18:05.696+0200] {dagbag.py:536} INFO - Filling up the DagBag from /home/seva/UCU/AutomatedDataPipelines/Homework1/venv/lib/python3.10/site-packages/airflow/example_dags/example_setup_teardown_taskflow.py
[2023-11-30T02:18:05.706+0200] {processor.py:839} INFO - DAG(s) dict_keys(['example_setup_teardown_taskflow']) retrieved from /home/seva/UCU/AutomatedDataPipelines/Homework1/venv/lib/python3.10/site-packages/airflow/example_dags/example_setup_teardown_taskflow.py
[2023-11-30T02:18:05.725+0200] {logging_mixin.py:154} INFO - [2023-11-30T02:18:05.724+0200] {dag.py:2941} INFO - Sync 1 DAGs
[2023-11-30T02:18:05.746+0200] {logging_mixin.py:154} INFO - [2023-11-30T02:18:05.746+0200] {dag.py:3722} INFO - Setting next_dagrun for example_setup_teardown_taskflow to 2023-11-29T00:18:05.746200+00:00, run_after=2023-11-30T00:18:05.746200+00:00
[2023-11-30T02:18:05.769+0200] {processor.py:179} INFO - Processing /home/seva/UCU/AutomatedDataPipelines/Homework1/venv/lib/python3.10/site-packages/airflow/example_dags/example_setup_teardown_taskflow.py took 0.080 seconds
[2023-11-30T02:18:46.777+0200] {processor.py:157} INFO - Started process (PID=2378) to work on /home/seva/UCU/AutomatedDataPipelines/Homework1/venv/lib/python3.10/site-packages/airflow/example_dags/example_setup_teardown_taskflow.py
[2023-11-30T02:18:46.787+0200] {processor.py:829} INFO - Processing file /home/seva/UCU/AutomatedDataPipelines/Homework1/venv/lib/python3.10/site-packages/airflow/example_dags/example_setup_teardown_taskflow.py for tasks to queue
[2023-11-30T02:18:46.788+0200] {logging_mixin.py:154} INFO - [2023-11-30T02:18:46.787+0200] {dagbag.py:536} INFO - Filling up the DagBag from /home/seva/UCU/AutomatedDataPipelines/Homework1/venv/lib/python3.10/site-packages/airflow/example_dags/example_setup_teardown_taskflow.py
[2023-11-30T02:18:46.796+0200] {processor.py:839} INFO - DAG(s) dict_keys(['example_setup_teardown_taskflow']) retrieved from /home/seva/UCU/AutomatedDataPipelines/Homework1/venv/lib/python3.10/site-packages/airflow/example_dags/example_setup_teardown_taskflow.py
[2023-11-30T02:18:46.812+0200] {logging_mixin.py:154} INFO - [2023-11-30T02:18:46.811+0200] {dag.py:2941} INFO - Sync 1 DAGs
[2023-11-30T02:18:46.827+0200] {logging_mixin.py:154} INFO - [2023-11-30T02:18:46.827+0200] {dag.py:3722} INFO - Setting next_dagrun for example_setup_teardown_taskflow to 2023-11-29T00:18:46.827364+00:00, run_after=2023-11-30T00:18:46.827364+00:00
[2023-11-30T02:18:46.854+0200] {processor.py:179} INFO - Processing /home/seva/UCU/AutomatedDataPipelines/Homework1/venv/lib/python3.10/site-packages/airflow/example_dags/example_setup_teardown_taskflow.py took 0.080 seconds
[2023-11-30T02:19:34.285+0200] {processor.py:157} INFO - Started process (PID=2567) to work on /home/seva/UCU/AutomatedDataPipelines/Homework1/venv/lib/python3.10/site-packages/airflow/example_dags/example_setup_teardown_taskflow.py
[2023-11-30T02:19:34.297+0200] {processor.py:829} INFO - Processing file /home/seva/UCU/AutomatedDataPipelines/Homework1/venv/lib/python3.10/site-packages/airflow/example_dags/example_setup_teardown_taskflow.py for tasks to queue
[2023-11-30T02:19:34.298+0200] {logging_mixin.py:154} INFO - [2023-11-30T02:19:34.298+0200] {dagbag.py:536} INFO - Filling up the DagBag from /home/seva/UCU/AutomatedDataPipelines/Homework1/venv/lib/python3.10/site-packages/airflow/example_dags/example_setup_teardown_taskflow.py
[2023-11-30T02:19:34.307+0200] {processor.py:839} INFO - DAG(s) dict_keys(['example_setup_teardown_taskflow']) retrieved from /home/seva/UCU/AutomatedDataPipelines/Homework1/venv/lib/python3.10/site-packages/airflow/example_dags/example_setup_teardown_taskflow.py
[2023-11-30T02:19:34.324+0200] {logging_mixin.py:154} INFO - [2023-11-30T02:19:34.324+0200] {dag.py:2941} INFO - Sync 1 DAGs
[2023-11-30T02:19:34.340+0200] {logging_mixin.py:154} INFO - [2023-11-30T02:19:34.340+0200] {dag.py:3722} INFO - Setting next_dagrun for example_setup_teardown_taskflow to 2023-11-29T00:19:34.340420+00:00, run_after=2023-11-30T00:19:34.340420+00:00
[2023-11-30T02:19:34.367+0200] {processor.py:179} INFO - Processing /home/seva/UCU/AutomatedDataPipelines/Homework1/venv/lib/python3.10/site-packages/airflow/example_dags/example_setup_teardown_taskflow.py took 0.085 seconds
[2023-11-30T02:20:16.116+0200] {processor.py:157} INFO - Started process (PID=2731) to work on /home/seva/UCU/AutomatedDataPipelines/Homework1/venv/lib/python3.10/site-packages/airflow/example_dags/example_setup_teardown_taskflow.py
[2023-11-30T02:20:16.118+0200] {processor.py:829} INFO - Processing file /home/seva/UCU/AutomatedDataPipelines/Homework1/venv/lib/python3.10/site-packages/airflow/example_dags/example_setup_teardown_taskflow.py for tasks to queue
[2023-11-30T02:20:16.119+0200] {logging_mixin.py:154} INFO - [2023-11-30T02:20:16.119+0200] {dagbag.py:536} INFO - Filling up the DagBag from /home/seva/UCU/AutomatedDataPipelines/Homework1/venv/lib/python3.10/site-packages/airflow/example_dags/example_setup_teardown_taskflow.py
[2023-11-30T02:20:16.128+0200] {processor.py:839} INFO - DAG(s) dict_keys(['example_setup_teardown_taskflow']) retrieved from /home/seva/UCU/AutomatedDataPipelines/Homework1/venv/lib/python3.10/site-packages/airflow/example_dags/example_setup_teardown_taskflow.py
[2023-11-30T02:20:16.142+0200] {logging_mixin.py:154} INFO - [2023-11-30T02:20:16.141+0200] {dag.py:2941} INFO - Sync 1 DAGs
[2023-11-30T02:20:16.157+0200] {logging_mixin.py:154} INFO - [2023-11-30T02:20:16.157+0200] {dag.py:3722} INFO - Setting next_dagrun for example_setup_teardown_taskflow to 2023-11-29T00:20:16.157087+00:00, run_after=2023-11-30T00:20:16.157087+00:00
[2023-11-30T02:20:16.181+0200] {processor.py:179} INFO - Processing /home/seva/UCU/AutomatedDataPipelines/Homework1/venv/lib/python3.10/site-packages/airflow/example_dags/example_setup_teardown_taskflow.py took 0.067 seconds
[2023-11-30T02:21:02.137+0200] {processor.py:157} INFO - Started process (PID=2909) to work on /home/seva/UCU/AutomatedDataPipelines/Homework1/venv/lib/python3.10/site-packages/airflow/example_dags/example_setup_teardown_taskflow.py
[2023-11-30T02:21:02.148+0200] {processor.py:829} INFO - Processing file /home/seva/UCU/AutomatedDataPipelines/Homework1/venv/lib/python3.10/site-packages/airflow/example_dags/example_setup_teardown_taskflow.py for tasks to queue
[2023-11-30T02:21:02.149+0200] {logging_mixin.py:154} INFO - [2023-11-30T02:21:02.149+0200] {dagbag.py:536} INFO - Filling up the DagBag from /home/seva/UCU/AutomatedDataPipelines/Homework1/venv/lib/python3.10/site-packages/airflow/example_dags/example_setup_teardown_taskflow.py
[2023-11-30T02:21:02.158+0200] {processor.py:839} INFO - DAG(s) dict_keys(['example_setup_teardown_taskflow']) retrieved from /home/seva/UCU/AutomatedDataPipelines/Homework1/venv/lib/python3.10/site-packages/airflow/example_dags/example_setup_teardown_taskflow.py
[2023-11-30T02:21:02.171+0200] {logging_mixin.py:154} INFO - [2023-11-30T02:21:02.171+0200] {dag.py:2941} INFO - Sync 1 DAGs
[2023-11-30T02:21:02.187+0200] {logging_mixin.py:154} INFO - [2023-11-30T02:21:02.187+0200] {dag.py:3722} INFO - Setting next_dagrun for example_setup_teardown_taskflow to 2023-11-29T00:21:02.187230+00:00, run_after=2023-11-30T00:21:02.187230+00:00
[2023-11-30T02:21:02.213+0200] {processor.py:179} INFO - Processing /home/seva/UCU/AutomatedDataPipelines/Homework1/venv/lib/python3.10/site-packages/airflow/example_dags/example_setup_teardown_taskflow.py took 0.079 seconds
[2023-11-30T02:21:44.975+0200] {processor.py:157} INFO - Started process (PID=3081) to work on /home/seva/UCU/AutomatedDataPipelines/Homework1/venv/lib/python3.10/site-packages/airflow/example_dags/example_setup_teardown_taskflow.py
[2023-11-30T02:21:44.987+0200] {processor.py:829} INFO - Processing file /home/seva/UCU/AutomatedDataPipelines/Homework1/venv/lib/python3.10/site-packages/airflow/example_dags/example_setup_teardown_taskflow.py for tasks to queue
[2023-11-30T02:21:44.988+0200] {logging_mixin.py:154} INFO - [2023-11-30T02:21:44.988+0200] {dagbag.py:536} INFO - Filling up the DagBag from /home/seva/UCU/AutomatedDataPipelines/Homework1/venv/lib/python3.10/site-packages/airflow/example_dags/example_setup_teardown_taskflow.py
[2023-11-30T02:21:44.997+0200] {processor.py:839} INFO - DAG(s) dict_keys(['example_setup_teardown_taskflow']) retrieved from /home/seva/UCU/AutomatedDataPipelines/Homework1/venv/lib/python3.10/site-packages/airflow/example_dags/example_setup_teardown_taskflow.py
[2023-11-30T02:21:45.010+0200] {logging_mixin.py:154} INFO - [2023-11-30T02:21:45.010+0200] {dag.py:2941} INFO - Sync 1 DAGs
[2023-11-30T02:21:45.026+0200] {logging_mixin.py:154} INFO - [2023-11-30T02:21:45.026+0200] {dag.py:3722} INFO - Setting next_dagrun for example_setup_teardown_taskflow to 2023-11-29T00:21:45.026464+00:00, run_after=2023-11-30T00:21:45.026464+00:00
[2023-11-30T02:21:45.050+0200] {processor.py:179} INFO - Processing /home/seva/UCU/AutomatedDataPipelines/Homework1/venv/lib/python3.10/site-packages/airflow/example_dags/example_setup_teardown_taskflow.py took 0.078 seconds
[2023-11-30T02:22:27.415+0200] {processor.py:157} INFO - Started process (PID=3248) to work on /home/seva/UCU/AutomatedDataPipelines/Homework1/venv/lib/python3.10/site-packages/airflow/example_dags/example_setup_teardown_taskflow.py
[2023-11-30T02:22:27.426+0200] {processor.py:829} INFO - Processing file /home/seva/UCU/AutomatedDataPipelines/Homework1/venv/lib/python3.10/site-packages/airflow/example_dags/example_setup_teardown_taskflow.py for tasks to queue
[2023-11-30T02:22:27.427+0200] {logging_mixin.py:154} INFO - [2023-11-30T02:22:27.427+0200] {dagbag.py:536} INFO - Filling up the DagBag from /home/seva/UCU/AutomatedDataPipelines/Homework1/venv/lib/python3.10/site-packages/airflow/example_dags/example_setup_teardown_taskflow.py
[2023-11-30T02:22:27.437+0200] {processor.py:839} INFO - DAG(s) dict_keys(['example_setup_teardown_taskflow']) retrieved from /home/seva/UCU/AutomatedDataPipelines/Homework1/venv/lib/python3.10/site-packages/airflow/example_dags/example_setup_teardown_taskflow.py
[2023-11-30T02:22:27.450+0200] {logging_mixin.py:154} INFO - [2023-11-30T02:22:27.450+0200] {dag.py:2941} INFO - Sync 1 DAGs
[2023-11-30T02:22:27.466+0200] {logging_mixin.py:154} INFO - [2023-11-30T02:22:27.466+0200] {dag.py:3722} INFO - Setting next_dagrun for example_setup_teardown_taskflow to 2023-11-29T00:22:27.466267+00:00, run_after=2023-11-30T00:22:27.466267+00:00
[2023-11-30T02:22:27.489+0200] {processor.py:179} INFO - Processing /home/seva/UCU/AutomatedDataPipelines/Homework1/venv/lib/python3.10/site-packages/airflow/example_dags/example_setup_teardown_taskflow.py took 0.078 seconds
[2023-11-30T02:23:13.798+0200] {processor.py:157} INFO - Started process (PID=3434) to work on /home/seva/UCU/AutomatedDataPipelines/Homework1/venv/lib/python3.10/site-packages/airflow/example_dags/example_setup_teardown_taskflow.py
[2023-11-30T02:23:13.810+0200] {processor.py:829} INFO - Processing file /home/seva/UCU/AutomatedDataPipelines/Homework1/venv/lib/python3.10/site-packages/airflow/example_dags/example_setup_teardown_taskflow.py for tasks to queue
[2023-11-30T02:23:13.811+0200] {logging_mixin.py:154} INFO - [2023-11-30T02:23:13.811+0200] {dagbag.py:536} INFO - Filling up the DagBag from /home/seva/UCU/AutomatedDataPipelines/Homework1/venv/lib/python3.10/site-packages/airflow/example_dags/example_setup_teardown_taskflow.py
[2023-11-30T02:23:13.820+0200] {processor.py:839} INFO - DAG(s) dict_keys(['example_setup_teardown_taskflow']) retrieved from /home/seva/UCU/AutomatedDataPipelines/Homework1/venv/lib/python3.10/site-packages/airflow/example_dags/example_setup_teardown_taskflow.py
[2023-11-30T02:23:13.833+0200] {logging_mixin.py:154} INFO - [2023-11-30T02:23:13.833+0200] {dag.py:2941} INFO - Sync 1 DAGs
[2023-11-30T02:23:13.849+0200] {logging_mixin.py:154} INFO - [2023-11-30T02:23:13.849+0200] {dag.py:3722} INFO - Setting next_dagrun for example_setup_teardown_taskflow to 2023-11-29T00:23:13.849079+00:00, run_after=2023-11-30T00:23:13.849079+00:00
[2023-11-30T02:23:13.872+0200] {processor.py:179} INFO - Processing /home/seva/UCU/AutomatedDataPipelines/Homework1/venv/lib/python3.10/site-packages/airflow/example_dags/example_setup_teardown_taskflow.py took 0.077 seconds
[2023-11-30T02:23:57.792+0200] {processor.py:157} INFO - Started process (PID=3605) to work on /home/seva/UCU/AutomatedDataPipelines/Homework1/venv/lib/python3.10/site-packages/airflow/example_dags/example_setup_teardown_taskflow.py
[2023-11-30T02:23:57.804+0200] {processor.py:829} INFO - Processing file /home/seva/UCU/AutomatedDataPipelines/Homework1/venv/lib/python3.10/site-packages/airflow/example_dags/example_setup_teardown_taskflow.py for tasks to queue
[2023-11-30T02:23:57.805+0200] {logging_mixin.py:154} INFO - [2023-11-30T02:23:57.805+0200] {dagbag.py:536} INFO - Filling up the DagBag from /home/seva/UCU/AutomatedDataPipelines/Homework1/venv/lib/python3.10/site-packages/airflow/example_dags/example_setup_teardown_taskflow.py
[2023-11-30T02:23:57.815+0200] {processor.py:839} INFO - DAG(s) dict_keys(['example_setup_teardown_taskflow']) retrieved from /home/seva/UCU/AutomatedDataPipelines/Homework1/venv/lib/python3.10/site-packages/airflow/example_dags/example_setup_teardown_taskflow.py
[2023-11-30T02:23:57.830+0200] {logging_mixin.py:154} INFO - [2023-11-30T02:23:57.829+0200] {dag.py:2941} INFO - Sync 1 DAGs
[2023-11-30T02:23:57.845+0200] {logging_mixin.py:154} INFO - [2023-11-30T02:23:57.845+0200] {dag.py:3722} INFO - Setting next_dagrun for example_setup_teardown_taskflow to 2023-11-29T00:23:57.845009+00:00, run_after=2023-11-30T00:23:57.845009+00:00
[2023-11-30T02:23:57.869+0200] {processor.py:179} INFO - Processing /home/seva/UCU/AutomatedDataPipelines/Homework1/venv/lib/python3.10/site-packages/airflow/example_dags/example_setup_teardown_taskflow.py took 0.080 seconds
[2023-11-30T02:24:44.634+0200] {processor.py:157} INFO - Started process (PID=3792) to work on /home/seva/UCU/AutomatedDataPipelines/Homework1/venv/lib/python3.10/site-packages/airflow/example_dags/example_setup_teardown_taskflow.py
[2023-11-30T02:24:44.636+0200] {processor.py:829} INFO - Processing file /home/seva/UCU/AutomatedDataPipelines/Homework1/venv/lib/python3.10/site-packages/airflow/example_dags/example_setup_teardown_taskflow.py for tasks to queue
[2023-11-30T02:24:44.637+0200] {logging_mixin.py:154} INFO - [2023-11-30T02:24:44.637+0200] {dagbag.py:536} INFO - Filling up the DagBag from /home/seva/UCU/AutomatedDataPipelines/Homework1/venv/lib/python3.10/site-packages/airflow/example_dags/example_setup_teardown_taskflow.py
[2023-11-30T02:24:44.646+0200] {processor.py:839} INFO - DAG(s) dict_keys(['example_setup_teardown_taskflow']) retrieved from /home/seva/UCU/AutomatedDataPipelines/Homework1/venv/lib/python3.10/site-packages/airflow/example_dags/example_setup_teardown_taskflow.py
[2023-11-30T02:24:44.660+0200] {logging_mixin.py:154} INFO - [2023-11-30T02:24:44.660+0200] {dag.py:2941} INFO - Sync 1 DAGs
[2023-11-30T02:24:44.676+0200] {logging_mixin.py:154} INFO - [2023-11-30T02:24:44.676+0200] {dag.py:3722} INFO - Setting next_dagrun for example_setup_teardown_taskflow to 2023-11-29T00:24:44.676059+00:00, run_after=2023-11-30T00:24:44.676059+00:00
[2023-11-30T02:24:44.699+0200] {processor.py:179} INFO - Processing /home/seva/UCU/AutomatedDataPipelines/Homework1/venv/lib/python3.10/site-packages/airflow/example_dags/example_setup_teardown_taskflow.py took 0.068 seconds
[2023-11-30T02:25:28.750+0200] {processor.py:157} INFO - Started process (PID=3964) to work on /home/seva/UCU/AutomatedDataPipelines/Homework1/venv/lib/python3.10/site-packages/airflow/example_dags/example_setup_teardown_taskflow.py
[2023-11-30T02:25:28.761+0200] {processor.py:829} INFO - Processing file /home/seva/UCU/AutomatedDataPipelines/Homework1/venv/lib/python3.10/site-packages/airflow/example_dags/example_setup_teardown_taskflow.py for tasks to queue
[2023-11-30T02:25:28.762+0200] {logging_mixin.py:154} INFO - [2023-11-30T02:25:28.762+0200] {dagbag.py:536} INFO - Filling up the DagBag from /home/seva/UCU/AutomatedDataPipelines/Homework1/venv/lib/python3.10/site-packages/airflow/example_dags/example_setup_teardown_taskflow.py
[2023-11-30T02:25:28.771+0200] {processor.py:839} INFO - DAG(s) dict_keys(['example_setup_teardown_taskflow']) retrieved from /home/seva/UCU/AutomatedDataPipelines/Homework1/venv/lib/python3.10/site-packages/airflow/example_dags/example_setup_teardown_taskflow.py
[2023-11-30T02:25:28.786+0200] {logging_mixin.py:154} INFO - [2023-11-30T02:25:28.786+0200] {dag.py:2941} INFO - Sync 1 DAGs
[2023-11-30T02:25:28.800+0200] {logging_mixin.py:154} INFO - [2023-11-30T02:25:28.800+0200] {dag.py:3722} INFO - Setting next_dagrun for example_setup_teardown_taskflow to 2023-11-29T00:25:28.800292+00:00, run_after=2023-11-30T00:25:28.800292+00:00
[2023-11-30T02:25:28.826+0200] {processor.py:179} INFO - Processing /home/seva/UCU/AutomatedDataPipelines/Homework1/venv/lib/python3.10/site-packages/airflow/example_dags/example_setup_teardown_taskflow.py took 0.079 seconds
[2023-11-30T02:26:08.777+0200] {processor.py:157} INFO - Started process (PID=4126) to work on /home/seva/UCU/AutomatedDataPipelines/Homework1/venv/lib/python3.10/site-packages/airflow/example_dags/example_setup_teardown_taskflow.py
[2023-11-30T02:26:08.789+0200] {processor.py:829} INFO - Processing file /home/seva/UCU/AutomatedDataPipelines/Homework1/venv/lib/python3.10/site-packages/airflow/example_dags/example_setup_teardown_taskflow.py for tasks to queue
[2023-11-30T02:26:08.790+0200] {logging_mixin.py:154} INFO - [2023-11-30T02:26:08.790+0200] {dagbag.py:536} INFO - Filling up the DagBag from /home/seva/UCU/AutomatedDataPipelines/Homework1/venv/lib/python3.10/site-packages/airflow/example_dags/example_setup_teardown_taskflow.py
[2023-11-30T02:26:08.799+0200] {processor.py:839} INFO - DAG(s) dict_keys(['example_setup_teardown_taskflow']) retrieved from /home/seva/UCU/AutomatedDataPipelines/Homework1/venv/lib/python3.10/site-packages/airflow/example_dags/example_setup_teardown_taskflow.py
[2023-11-30T02:26:08.813+0200] {logging_mixin.py:154} INFO - [2023-11-30T02:26:08.813+0200] {dag.py:2941} INFO - Sync 1 DAGs
[2023-11-30T02:26:08.829+0200] {logging_mixin.py:154} INFO - [2023-11-30T02:26:08.829+0200] {dag.py:3722} INFO - Setting next_dagrun for example_setup_teardown_taskflow to 2023-11-29T00:26:08.829283+00:00, run_after=2023-11-30T00:26:08.829283+00:00
[2023-11-30T02:26:08.852+0200] {processor.py:179} INFO - Processing /home/seva/UCU/AutomatedDataPipelines/Homework1/venv/lib/python3.10/site-packages/airflow/example_dags/example_setup_teardown_taskflow.py took 0.077 seconds
[2023-11-30T02:26:44.501+0200] {processor.py:157} INFO - Started process (PID=4263) to work on /home/seva/UCU/AutomatedDataPipelines/Homework1/venv/lib/python3.10/site-packages/airflow/example_dags/example_setup_teardown_taskflow.py
[2023-11-30T02:26:44.503+0200] {processor.py:829} INFO - Processing file /home/seva/UCU/AutomatedDataPipelines/Homework1/venv/lib/python3.10/site-packages/airflow/example_dags/example_setup_teardown_taskflow.py for tasks to queue
[2023-11-30T02:26:44.504+0200] {logging_mixin.py:154} INFO - [2023-11-30T02:26:44.504+0200] {dagbag.py:536} INFO - Filling up the DagBag from /home/seva/UCU/AutomatedDataPipelines/Homework1/venv/lib/python3.10/site-packages/airflow/example_dags/example_setup_teardown_taskflow.py
[2023-11-30T02:26:44.513+0200] {processor.py:839} INFO - DAG(s) dict_keys(['example_setup_teardown_taskflow']) retrieved from /home/seva/UCU/AutomatedDataPipelines/Homework1/venv/lib/python3.10/site-packages/airflow/example_dags/example_setup_teardown_taskflow.py
[2023-11-30T02:26:44.528+0200] {logging_mixin.py:154} INFO - [2023-11-30T02:26:44.527+0200] {dag.py:2941} INFO - Sync 1 DAGs
[2023-11-30T02:26:44.544+0200] {logging_mixin.py:154} INFO - [2023-11-30T02:26:44.543+0200] {dag.py:3722} INFO - Setting next_dagrun for example_setup_teardown_taskflow to 2023-11-29T00:26:44.543518+00:00, run_after=2023-11-30T00:26:44.543518+00:00
[2023-11-30T02:26:44.570+0200] {processor.py:179} INFO - Processing /home/seva/UCU/AutomatedDataPipelines/Homework1/venv/lib/python3.10/site-packages/airflow/example_dags/example_setup_teardown_taskflow.py took 0.071 seconds
[2023-11-30T02:27:19.752+0200] {processor.py:157} INFO - Started process (PID=4402) to work on /home/seva/UCU/AutomatedDataPipelines/Homework1/venv/lib/python3.10/site-packages/airflow/example_dags/example_setup_teardown_taskflow.py
[2023-11-30T02:27:19.763+0200] {processor.py:829} INFO - Processing file /home/seva/UCU/AutomatedDataPipelines/Homework1/venv/lib/python3.10/site-packages/airflow/example_dags/example_setup_teardown_taskflow.py for tasks to queue
[2023-11-30T02:27:19.765+0200] {logging_mixin.py:154} INFO - [2023-11-30T02:27:19.764+0200] {dagbag.py:536} INFO - Filling up the DagBag from /home/seva/UCU/AutomatedDataPipelines/Homework1/venv/lib/python3.10/site-packages/airflow/example_dags/example_setup_teardown_taskflow.py
[2023-11-30T02:27:19.774+0200] {processor.py:839} INFO - DAG(s) dict_keys(['example_setup_teardown_taskflow']) retrieved from /home/seva/UCU/AutomatedDataPipelines/Homework1/venv/lib/python3.10/site-packages/airflow/example_dags/example_setup_teardown_taskflow.py
[2023-11-30T02:27:19.788+0200] {logging_mixin.py:154} INFO - [2023-11-30T02:27:19.788+0200] {dag.py:2941} INFO - Sync 1 DAGs
[2023-11-30T02:27:19.805+0200] {logging_mixin.py:154} INFO - [2023-11-30T02:27:19.805+0200] {dag.py:3722} INFO - Setting next_dagrun for example_setup_teardown_taskflow to 2023-11-29T00:27:19.804776+00:00, run_after=2023-11-30T00:27:19.804776+00:00
[2023-11-30T02:27:19.845+0200] {processor.py:179} INFO - Processing /home/seva/UCU/AutomatedDataPipelines/Homework1/venv/lib/python3.10/site-packages/airflow/example_dags/example_setup_teardown_taskflow.py took 0.097 seconds
[2023-11-30T02:28:06.856+0200] {processor.py:157} INFO - Started process (PID=4588) to work on /home/seva/UCU/AutomatedDataPipelines/Homework1/venv/lib/python3.10/site-packages/airflow/example_dags/example_setup_teardown_taskflow.py
[2023-11-30T02:28:06.868+0200] {processor.py:829} INFO - Processing file /home/seva/UCU/AutomatedDataPipelines/Homework1/venv/lib/python3.10/site-packages/airflow/example_dags/example_setup_teardown_taskflow.py for tasks to queue
[2023-11-30T02:28:06.870+0200] {logging_mixin.py:154} INFO - [2023-11-30T02:28:06.869+0200] {dagbag.py:536} INFO - Filling up the DagBag from /home/seva/UCU/AutomatedDataPipelines/Homework1/venv/lib/python3.10/site-packages/airflow/example_dags/example_setup_teardown_taskflow.py
[2023-11-30T02:28:06.879+0200] {processor.py:839} INFO - DAG(s) dict_keys(['example_setup_teardown_taskflow']) retrieved from /home/seva/UCU/AutomatedDataPipelines/Homework1/venv/lib/python3.10/site-packages/airflow/example_dags/example_setup_teardown_taskflow.py
[2023-11-30T02:28:06.893+0200] {logging_mixin.py:154} INFO - [2023-11-30T02:28:06.893+0200] {dag.py:2941} INFO - Sync 1 DAGs
[2023-11-30T02:28:06.909+0200] {logging_mixin.py:154} INFO - [2023-11-30T02:28:06.909+0200] {dag.py:3722} INFO - Setting next_dagrun for example_setup_teardown_taskflow to 2023-11-29T00:28:06.909610+00:00, run_after=2023-11-30T00:28:06.909610+00:00
[2023-11-30T02:28:06.948+0200] {processor.py:179} INFO - Processing /home/seva/UCU/AutomatedDataPipelines/Homework1/venv/lib/python3.10/site-packages/airflow/example_dags/example_setup_teardown_taskflow.py took 0.096 seconds
[2023-11-30T02:28:50.397+0200] {processor.py:157} INFO - Started process (PID=4759) to work on /home/seva/UCU/AutomatedDataPipelines/Homework1/venv/lib/python3.10/site-packages/airflow/example_dags/example_setup_teardown_taskflow.py
[2023-11-30T02:28:50.409+0200] {processor.py:829} INFO - Processing file /home/seva/UCU/AutomatedDataPipelines/Homework1/venv/lib/python3.10/site-packages/airflow/example_dags/example_setup_teardown_taskflow.py for tasks to queue
[2023-11-30T02:28:50.410+0200] {logging_mixin.py:154} INFO - [2023-11-30T02:28:50.409+0200] {dagbag.py:536} INFO - Filling up the DagBag from /home/seva/UCU/AutomatedDataPipelines/Homework1/venv/lib/python3.10/site-packages/airflow/example_dags/example_setup_teardown_taskflow.py
[2023-11-30T02:28:50.418+0200] {processor.py:839} INFO - DAG(s) dict_keys(['example_setup_teardown_taskflow']) retrieved from /home/seva/UCU/AutomatedDataPipelines/Homework1/venv/lib/python3.10/site-packages/airflow/example_dags/example_setup_teardown_taskflow.py
[2023-11-30T02:28:50.432+0200] {logging_mixin.py:154} INFO - [2023-11-30T02:28:50.432+0200] {dag.py:2941} INFO - Sync 1 DAGs
[2023-11-30T02:28:50.449+0200] {logging_mixin.py:154} INFO - [2023-11-30T02:28:50.449+0200] {dag.py:3722} INFO - Setting next_dagrun for example_setup_teardown_taskflow to 2023-11-29T00:28:50.449427+00:00, run_after=2023-11-30T00:28:50.449427+00:00
[2023-11-30T02:28:50.472+0200] {processor.py:179} INFO - Processing /home/seva/UCU/AutomatedDataPipelines/Homework1/venv/lib/python3.10/site-packages/airflow/example_dags/example_setup_teardown_taskflow.py took 0.078 seconds
[2023-11-30T02:29:34.853+0200] {processor.py:157} INFO - Started process (PID=4936) to work on /home/seva/UCU/AutomatedDataPipelines/Homework1/venv/lib/python3.10/site-packages/airflow/example_dags/example_setup_teardown_taskflow.py
[2023-11-30T02:29:34.865+0200] {processor.py:829} INFO - Processing file /home/seva/UCU/AutomatedDataPipelines/Homework1/venv/lib/python3.10/site-packages/airflow/example_dags/example_setup_teardown_taskflow.py for tasks to queue
[2023-11-30T02:29:34.866+0200] {logging_mixin.py:154} INFO - [2023-11-30T02:29:34.865+0200] {dagbag.py:536} INFO - Filling up the DagBag from /home/seva/UCU/AutomatedDataPipelines/Homework1/venv/lib/python3.10/site-packages/airflow/example_dags/example_setup_teardown_taskflow.py
[2023-11-30T02:29:34.876+0200] {processor.py:839} INFO - DAG(s) dict_keys(['example_setup_teardown_taskflow']) retrieved from /home/seva/UCU/AutomatedDataPipelines/Homework1/venv/lib/python3.10/site-packages/airflow/example_dags/example_setup_teardown_taskflow.py
[2023-11-30T02:29:34.890+0200] {logging_mixin.py:154} INFO - [2023-11-30T02:29:34.890+0200] {dag.py:2941} INFO - Sync 1 DAGs
[2023-11-30T02:29:34.905+0200] {logging_mixin.py:154} INFO - [2023-11-30T02:29:34.905+0200] {dag.py:3722} INFO - Setting next_dagrun for example_setup_teardown_taskflow to 2023-11-29T00:29:34.905080+00:00, run_after=2023-11-30T00:29:34.905080+00:00
[2023-11-30T02:29:34.930+0200] {processor.py:179} INFO - Processing /home/seva/UCU/AutomatedDataPipelines/Homework1/venv/lib/python3.10/site-packages/airflow/example_dags/example_setup_teardown_taskflow.py took 0.080 seconds
[2023-11-30T02:30:22.246+0200] {processor.py:157} INFO - Started process (PID=5121) to work on /home/seva/UCU/AutomatedDataPipelines/Homework1/venv/lib/python3.10/site-packages/airflow/example_dags/example_setup_teardown_taskflow.py
[2023-11-30T02:30:22.258+0200] {processor.py:829} INFO - Processing file /home/seva/UCU/AutomatedDataPipelines/Homework1/venv/lib/python3.10/site-packages/airflow/example_dags/example_setup_teardown_taskflow.py for tasks to queue
[2023-11-30T02:30:22.259+0200] {logging_mixin.py:154} INFO - [2023-11-30T02:30:22.258+0200] {dagbag.py:536} INFO - Filling up the DagBag from /home/seva/UCU/AutomatedDataPipelines/Homework1/venv/lib/python3.10/site-packages/airflow/example_dags/example_setup_teardown_taskflow.py
[2023-11-30T02:30:22.269+0200] {processor.py:839} INFO - DAG(s) dict_keys(['example_setup_teardown_taskflow']) retrieved from /home/seva/UCU/AutomatedDataPipelines/Homework1/venv/lib/python3.10/site-packages/airflow/example_dags/example_setup_teardown_taskflow.py
[2023-11-30T02:30:22.282+0200] {logging_mixin.py:154} INFO - [2023-11-30T02:30:22.282+0200] {dag.py:2941} INFO - Sync 1 DAGs
[2023-11-30T02:30:22.298+0200] {logging_mixin.py:154} INFO - [2023-11-30T02:30:22.298+0200] {dag.py:3722} INFO - Setting next_dagrun for example_setup_teardown_taskflow to 2023-11-29T00:30:22.297971+00:00, run_after=2023-11-30T00:30:22.297971+00:00
[2023-11-30T02:30:22.322+0200] {processor.py:179} INFO - Processing /home/seva/UCU/AutomatedDataPipelines/Homework1/venv/lib/python3.10/site-packages/airflow/example_dags/example_setup_teardown_taskflow.py took 0.079 seconds
[2023-11-30T02:31:07.477+0200] {processor.py:157} INFO - Started process (PID=5300) to work on /home/seva/UCU/AutomatedDataPipelines/Homework1/venv/lib/python3.10/site-packages/airflow/example_dags/example_setup_teardown_taskflow.py
[2023-11-30T02:31:07.489+0200] {processor.py:829} INFO - Processing file /home/seva/UCU/AutomatedDataPipelines/Homework1/venv/lib/python3.10/site-packages/airflow/example_dags/example_setup_teardown_taskflow.py for tasks to queue
[2023-11-30T02:31:07.490+0200] {logging_mixin.py:154} INFO - [2023-11-30T02:31:07.490+0200] {dagbag.py:536} INFO - Filling up the DagBag from /home/seva/UCU/AutomatedDataPipelines/Homework1/venv/lib/python3.10/site-packages/airflow/example_dags/example_setup_teardown_taskflow.py
[2023-11-30T02:31:07.500+0200] {processor.py:839} INFO - DAG(s) dict_keys(['example_setup_teardown_taskflow']) retrieved from /home/seva/UCU/AutomatedDataPipelines/Homework1/venv/lib/python3.10/site-packages/airflow/example_dags/example_setup_teardown_taskflow.py
[2023-11-30T02:31:07.513+0200] {logging_mixin.py:154} INFO - [2023-11-30T02:31:07.513+0200] {dag.py:2941} INFO - Sync 1 DAGs
[2023-11-30T02:31:07.529+0200] {logging_mixin.py:154} INFO - [2023-11-30T02:31:07.529+0200] {dag.py:3722} INFO - Setting next_dagrun for example_setup_teardown_taskflow to 2023-11-29T00:31:07.529543+00:00, run_after=2023-11-30T00:31:07.529543+00:00
[2023-11-30T02:31:07.553+0200] {processor.py:179} INFO - Processing /home/seva/UCU/AutomatedDataPipelines/Homework1/venv/lib/python3.10/site-packages/airflow/example_dags/example_setup_teardown_taskflow.py took 0.079 seconds
[2023-11-30T02:31:51.292+0200] {processor.py:157} INFO - Started process (PID=5472) to work on /home/seva/UCU/AutomatedDataPipelines/Homework1/venv/lib/python3.10/site-packages/airflow/example_dags/example_setup_teardown_taskflow.py
[2023-11-30T02:31:51.294+0200] {processor.py:829} INFO - Processing file /home/seva/UCU/AutomatedDataPipelines/Homework1/venv/lib/python3.10/site-packages/airflow/example_dags/example_setup_teardown_taskflow.py for tasks to queue
[2023-11-30T02:31:51.295+0200] {logging_mixin.py:154} INFO - [2023-11-30T02:31:51.295+0200] {dagbag.py:536} INFO - Filling up the DagBag from /home/seva/UCU/AutomatedDataPipelines/Homework1/venv/lib/python3.10/site-packages/airflow/example_dags/example_setup_teardown_taskflow.py
[2023-11-30T02:31:51.305+0200] {processor.py:839} INFO - DAG(s) dict_keys(['example_setup_teardown_taskflow']) retrieved from /home/seva/UCU/AutomatedDataPipelines/Homework1/venv/lib/python3.10/site-packages/airflow/example_dags/example_setup_teardown_taskflow.py
[2023-11-30T02:31:51.322+0200] {logging_mixin.py:154} INFO - [2023-11-30T02:31:51.322+0200] {dag.py:2941} INFO - Sync 1 DAGs
[2023-11-30T02:31:51.340+0200] {logging_mixin.py:154} INFO - [2023-11-30T02:31:51.340+0200] {dag.py:3722} INFO - Setting next_dagrun for example_setup_teardown_taskflow to 2023-11-29T00:31:51.340109+00:00, run_after=2023-11-30T00:31:51.340109+00:00
[2023-11-30T02:31:51.366+0200] {processor.py:179} INFO - Processing /home/seva/UCU/AutomatedDataPipelines/Homework1/venv/lib/python3.10/site-packages/airflow/example_dags/example_setup_teardown_taskflow.py took 0.077 seconds
[2023-11-30T02:32:36.327+0200] {processor.py:157} INFO - Started process (PID=5677) to work on /home/seva/UCU/AutomatedDataPipelines/Homework1/venv/lib/python3.10/site-packages/airflow/example_dags/example_setup_teardown_taskflow.py
[2023-11-30T02:32:36.339+0200] {processor.py:829} INFO - Processing file /home/seva/UCU/AutomatedDataPipelines/Homework1/venv/lib/python3.10/site-packages/airflow/example_dags/example_setup_teardown_taskflow.py for tasks to queue
[2023-11-30T02:32:36.341+0200] {logging_mixin.py:154} INFO - [2023-11-30T02:32:36.340+0200] {dagbag.py:536} INFO - Filling up the DagBag from /home/seva/UCU/AutomatedDataPipelines/Homework1/venv/lib/python3.10/site-packages/airflow/example_dags/example_setup_teardown_taskflow.py
[2023-11-30T02:32:36.352+0200] {processor.py:839} INFO - DAG(s) dict_keys(['example_setup_teardown_taskflow']) retrieved from /home/seva/UCU/AutomatedDataPipelines/Homework1/venv/lib/python3.10/site-packages/airflow/example_dags/example_setup_teardown_taskflow.py
[2023-11-30T02:32:36.367+0200] {logging_mixin.py:154} INFO - [2023-11-30T02:32:36.366+0200] {dag.py:2941} INFO - Sync 1 DAGs
[2023-11-30T02:32:36.382+0200] {logging_mixin.py:154} INFO - [2023-11-30T02:32:36.382+0200] {dag.py:3722} INFO - Setting next_dagrun for example_setup_teardown_taskflow to 2023-11-29T00:32:36.381828+00:00, run_after=2023-11-30T00:32:36.381828+00:00
[2023-11-30T02:32:36.405+0200] {processor.py:179} INFO - Processing /home/seva/UCU/AutomatedDataPipelines/Homework1/venv/lib/python3.10/site-packages/airflow/example_dags/example_setup_teardown_taskflow.py took 0.082 seconds
[2023-11-30T02:33:23.484+0200] {processor.py:157} INFO - Started process (PID=5866) to work on /home/seva/UCU/AutomatedDataPipelines/Homework1/venv/lib/python3.10/site-packages/airflow/example_dags/example_setup_teardown_taskflow.py
[2023-11-30T02:33:23.495+0200] {processor.py:829} INFO - Processing file /home/seva/UCU/AutomatedDataPipelines/Homework1/venv/lib/python3.10/site-packages/airflow/example_dags/example_setup_teardown_taskflow.py for tasks to queue
[2023-11-30T02:33:23.496+0200] {logging_mixin.py:154} INFO - [2023-11-30T02:33:23.496+0200] {dagbag.py:536} INFO - Filling up the DagBag from /home/seva/UCU/AutomatedDataPipelines/Homework1/venv/lib/python3.10/site-packages/airflow/example_dags/example_setup_teardown_taskflow.py
[2023-11-30T02:33:23.505+0200] {processor.py:839} INFO - DAG(s) dict_keys(['example_setup_teardown_taskflow']) retrieved from /home/seva/UCU/AutomatedDataPipelines/Homework1/venv/lib/python3.10/site-packages/airflow/example_dags/example_setup_teardown_taskflow.py
[2023-11-30T02:33:23.520+0200] {logging_mixin.py:154} INFO - [2023-11-30T02:33:23.520+0200] {dag.py:2941} INFO - Sync 1 DAGs
[2023-11-30T02:33:23.535+0200] {logging_mixin.py:154} INFO - [2023-11-30T02:33:23.535+0200] {dag.py:3722} INFO - Setting next_dagrun for example_setup_teardown_taskflow to 2023-11-29T00:33:23.534951+00:00, run_after=2023-11-30T00:33:23.534951+00:00
[2023-11-30T02:33:23.557+0200] {processor.py:179} INFO - Processing /home/seva/UCU/AutomatedDataPipelines/Homework1/venv/lib/python3.10/site-packages/airflow/example_dags/example_setup_teardown_taskflow.py took 0.076 seconds
[2023-11-30T02:34:09.601+0200] {processor.py:157} INFO - Started process (PID=6047) to work on /home/seva/UCU/AutomatedDataPipelines/Homework1/venv/lib/python3.10/site-packages/airflow/example_dags/example_setup_teardown_taskflow.py
[2023-11-30T02:34:09.613+0200] {processor.py:829} INFO - Processing file /home/seva/UCU/AutomatedDataPipelines/Homework1/venv/lib/python3.10/site-packages/airflow/example_dags/example_setup_teardown_taskflow.py for tasks to queue
[2023-11-30T02:34:09.614+0200] {logging_mixin.py:154} INFO - [2023-11-30T02:34:09.614+0200] {dagbag.py:536} INFO - Filling up the DagBag from /home/seva/UCU/AutomatedDataPipelines/Homework1/venv/lib/python3.10/site-packages/airflow/example_dags/example_setup_teardown_taskflow.py
[2023-11-30T02:34:09.626+0200] {processor.py:839} INFO - DAG(s) dict_keys(['example_setup_teardown_taskflow']) retrieved from /home/seva/UCU/AutomatedDataPipelines/Homework1/venv/lib/python3.10/site-packages/airflow/example_dags/example_setup_teardown_taskflow.py
[2023-11-30T02:34:09.644+0200] {logging_mixin.py:154} INFO - [2023-11-30T02:34:09.644+0200] {dag.py:2941} INFO - Sync 1 DAGs
[2023-11-30T02:34:09.665+0200] {logging_mixin.py:154} INFO - [2023-11-30T02:34:09.665+0200] {dag.py:3722} INFO - Setting next_dagrun for example_setup_teardown_taskflow to 2023-11-29T00:34:09.664991+00:00, run_after=2023-11-30T00:34:09.664991+00:00
[2023-11-30T02:34:09.689+0200] {processor.py:179} INFO - Processing /home/seva/UCU/AutomatedDataPipelines/Homework1/venv/lib/python3.10/site-packages/airflow/example_dags/example_setup_teardown_taskflow.py took 0.091 seconds
[2023-11-30T02:34:44.757+0200] {processor.py:157} INFO - Started process (PID=6191) to work on /home/seva/UCU/AutomatedDataPipelines/Homework1/venv/lib/python3.10/site-packages/airflow/example_dags/example_setup_teardown_taskflow.py
[2023-11-30T02:34:44.770+0200] {processor.py:829} INFO - Processing file /home/seva/UCU/AutomatedDataPipelines/Homework1/venv/lib/python3.10/site-packages/airflow/example_dags/example_setup_teardown_taskflow.py for tasks to queue
[2023-11-30T02:34:44.771+0200] {logging_mixin.py:154} INFO - [2023-11-30T02:34:44.771+0200] {dagbag.py:536} INFO - Filling up the DagBag from /home/seva/UCU/AutomatedDataPipelines/Homework1/venv/lib/python3.10/site-packages/airflow/example_dags/example_setup_teardown_taskflow.py
[2023-11-30T02:34:44.783+0200] {processor.py:839} INFO - DAG(s) dict_keys(['example_setup_teardown_taskflow']) retrieved from /home/seva/UCU/AutomatedDataPipelines/Homework1/venv/lib/python3.10/site-packages/airflow/example_dags/example_setup_teardown_taskflow.py
[2023-11-30T02:34:44.803+0200] {logging_mixin.py:154} INFO - [2023-11-30T02:34:44.803+0200] {dag.py:2941} INFO - Sync 1 DAGs
[2023-11-30T02:34:44.822+0200] {logging_mixin.py:154} INFO - [2023-11-30T02:34:44.822+0200] {dag.py:3722} INFO - Setting next_dagrun for example_setup_teardown_taskflow to 2023-11-29T00:34:44.822103+00:00, run_after=2023-11-30T00:34:44.822103+00:00
[2023-11-30T02:34:44.858+0200] {processor.py:179} INFO - Processing /home/seva/UCU/AutomatedDataPipelines/Homework1/venv/lib/python3.10/site-packages/airflow/example_dags/example_setup_teardown_taskflow.py took 0.104 seconds
[2023-11-30T02:35:18.860+0200] {processor.py:157} INFO - Started process (PID=6323) to work on /home/seva/UCU/AutomatedDataPipelines/Homework1/venv/lib/python3.10/site-packages/airflow/example_dags/example_setup_teardown_taskflow.py
[2023-11-30T02:35:18.861+0200] {processor.py:829} INFO - Processing file /home/seva/UCU/AutomatedDataPipelines/Homework1/venv/lib/python3.10/site-packages/airflow/example_dags/example_setup_teardown_taskflow.py for tasks to queue
[2023-11-30T02:35:18.862+0200] {logging_mixin.py:154} INFO - [2023-11-30T02:35:18.862+0200] {dagbag.py:536} INFO - Filling up the DagBag from /home/seva/UCU/AutomatedDataPipelines/Homework1/venv/lib/python3.10/site-packages/airflow/example_dags/example_setup_teardown_taskflow.py
[2023-11-30T02:35:18.871+0200] {processor.py:839} INFO - DAG(s) dict_keys(['example_setup_teardown_taskflow']) retrieved from /home/seva/UCU/AutomatedDataPipelines/Homework1/venv/lib/python3.10/site-packages/airflow/example_dags/example_setup_teardown_taskflow.py
[2023-11-30T02:35:18.886+0200] {logging_mixin.py:154} INFO - [2023-11-30T02:35:18.886+0200] {dag.py:2941} INFO - Sync 1 DAGs
[2023-11-30T02:35:18.903+0200] {logging_mixin.py:154} INFO - [2023-11-30T02:35:18.903+0200] {dag.py:3722} INFO - Setting next_dagrun for example_setup_teardown_taskflow to 2023-11-29T00:35:18.903164+00:00, run_after=2023-11-30T00:35:18.903164+00:00
[2023-11-30T02:35:18.931+0200] {processor.py:179} INFO - Processing /home/seva/UCU/AutomatedDataPipelines/Homework1/venv/lib/python3.10/site-packages/airflow/example_dags/example_setup_teardown_taskflow.py took 0.075 seconds
[2023-11-30T02:36:02.929+0200] {processor.py:157} INFO - Started process (PID=6500) to work on /home/seva/UCU/AutomatedDataPipelines/Homework1/venv/lib/python3.10/site-packages/airflow/example_dags/example_setup_teardown_taskflow.py
[2023-11-30T02:36:02.941+0200] {processor.py:829} INFO - Processing file /home/seva/UCU/AutomatedDataPipelines/Homework1/venv/lib/python3.10/site-packages/airflow/example_dags/example_setup_teardown_taskflow.py for tasks to queue
[2023-11-30T02:36:02.942+0200] {logging_mixin.py:154} INFO - [2023-11-30T02:36:02.941+0200] {dagbag.py:536} INFO - Filling up the DagBag from /home/seva/UCU/AutomatedDataPipelines/Homework1/venv/lib/python3.10/site-packages/airflow/example_dags/example_setup_teardown_taskflow.py
[2023-11-30T02:36:02.953+0200] {processor.py:839} INFO - DAG(s) dict_keys(['example_setup_teardown_taskflow']) retrieved from /home/seva/UCU/AutomatedDataPipelines/Homework1/venv/lib/python3.10/site-packages/airflow/example_dags/example_setup_teardown_taskflow.py
[2023-11-30T02:36:02.973+0200] {logging_mixin.py:154} INFO - [2023-11-30T02:36:02.972+0200] {dag.py:2941} INFO - Sync 1 DAGs
[2023-11-30T02:36:02.992+0200] {logging_mixin.py:154} INFO - [2023-11-30T02:36:02.992+0200] {dag.py:3722} INFO - Setting next_dagrun for example_setup_teardown_taskflow to 2023-11-29T00:36:02.992022+00:00, run_after=2023-11-30T00:36:02.992022+00:00
[2023-11-30T02:36:03.016+0200] {processor.py:179} INFO - Processing /home/seva/UCU/AutomatedDataPipelines/Homework1/venv/lib/python3.10/site-packages/airflow/example_dags/example_setup_teardown_taskflow.py took 0.091 seconds
[2023-11-30T02:36:50.450+0200] {processor.py:157} INFO - Started process (PID=6685) to work on /home/seva/UCU/AutomatedDataPipelines/Homework1/venv/lib/python3.10/site-packages/airflow/example_dags/example_setup_teardown_taskflow.py
[2023-11-30T02:36:50.463+0200] {processor.py:829} INFO - Processing file /home/seva/UCU/AutomatedDataPipelines/Homework1/venv/lib/python3.10/site-packages/airflow/example_dags/example_setup_teardown_taskflow.py for tasks to queue
[2023-11-30T02:36:50.464+0200] {logging_mixin.py:154} INFO - [2023-11-30T02:36:50.463+0200] {dagbag.py:536} INFO - Filling up the DagBag from /home/seva/UCU/AutomatedDataPipelines/Homework1/venv/lib/python3.10/site-packages/airflow/example_dags/example_setup_teardown_taskflow.py
[2023-11-30T02:36:50.473+0200] {processor.py:839} INFO - DAG(s) dict_keys(['example_setup_teardown_taskflow']) retrieved from /home/seva/UCU/AutomatedDataPipelines/Homework1/venv/lib/python3.10/site-packages/airflow/example_dags/example_setup_teardown_taskflow.py
[2023-11-30T02:36:50.489+0200] {logging_mixin.py:154} INFO - [2023-11-30T02:36:50.489+0200] {dag.py:2941} INFO - Sync 1 DAGs
[2023-11-30T02:36:50.507+0200] {logging_mixin.py:154} INFO - [2023-11-30T02:36:50.506+0200] {dag.py:3722} INFO - Setting next_dagrun for example_setup_teardown_taskflow to 2023-11-29T00:36:50.506814+00:00, run_after=2023-11-30T00:36:50.506814+00:00
[2023-11-30T02:36:50.537+0200] {processor.py:179} INFO - Processing /home/seva/UCU/AutomatedDataPipelines/Homework1/venv/lib/python3.10/site-packages/airflow/example_dags/example_setup_teardown_taskflow.py took 0.091 seconds
[2023-11-30T02:37:37.433+0200] {processor.py:157} INFO - Started process (PID=6876) to work on /home/seva/UCU/AutomatedDataPipelines/Homework1/venv/lib/python3.10/site-packages/airflow/example_dags/example_setup_teardown_taskflow.py
[2023-11-30T02:37:37.438+0200] {processor.py:829} INFO - Processing file /home/seva/UCU/AutomatedDataPipelines/Homework1/venv/lib/python3.10/site-packages/airflow/example_dags/example_setup_teardown_taskflow.py for tasks to queue
[2023-11-30T02:37:37.442+0200] {logging_mixin.py:154} INFO - [2023-11-30T02:37:37.440+0200] {dagbag.py:536} INFO - Filling up the DagBag from /home/seva/UCU/AutomatedDataPipelines/Homework1/venv/lib/python3.10/site-packages/airflow/example_dags/example_setup_teardown_taskflow.py
[2023-11-30T02:37:37.469+0200] {processor.py:839} INFO - DAG(s) dict_keys(['example_setup_teardown_taskflow']) retrieved from /home/seva/UCU/AutomatedDataPipelines/Homework1/venv/lib/python3.10/site-packages/airflow/example_dags/example_setup_teardown_taskflow.py
[2023-11-30T02:37:37.492+0200] {logging_mixin.py:154} INFO - [2023-11-30T02:37:37.492+0200] {dag.py:2941} INFO - Sync 1 DAGs
[2023-11-30T02:37:37.533+0200] {logging_mixin.py:154} INFO - [2023-11-30T02:37:37.533+0200] {dag.py:3722} INFO - Setting next_dagrun for example_setup_teardown_taskflow to 2023-11-29T00:37:37.532769+00:00, run_after=2023-11-30T00:37:37.532769+00:00
[2023-11-30T02:37:37.580+0200] {processor.py:179} INFO - Processing /home/seva/UCU/AutomatedDataPipelines/Homework1/venv/lib/python3.10/site-packages/airflow/example_dags/example_setup_teardown_taskflow.py took 0.154 seconds
[2023-11-30T02:38:12.377+0200] {processor.py:157} INFO - Started process (PID=7013) to work on /home/seva/UCU/AutomatedDataPipelines/Homework1/venv/lib/python3.10/site-packages/airflow/example_dags/example_setup_teardown_taskflow.py
[2023-11-30T02:38:12.379+0200] {processor.py:829} INFO - Processing file /home/seva/UCU/AutomatedDataPipelines/Homework1/venv/lib/python3.10/site-packages/airflow/example_dags/example_setup_teardown_taskflow.py for tasks to queue
[2023-11-30T02:38:12.380+0200] {logging_mixin.py:154} INFO - [2023-11-30T02:38:12.380+0200] {dagbag.py:536} INFO - Filling up the DagBag from /home/seva/UCU/AutomatedDataPipelines/Homework1/venv/lib/python3.10/site-packages/airflow/example_dags/example_setup_teardown_taskflow.py
[2023-11-30T02:38:12.392+0200] {processor.py:839} INFO - DAG(s) dict_keys(['example_setup_teardown_taskflow']) retrieved from /home/seva/UCU/AutomatedDataPipelines/Homework1/venv/lib/python3.10/site-packages/airflow/example_dags/example_setup_teardown_taskflow.py
[2023-11-30T02:38:12.415+0200] {logging_mixin.py:154} INFO - [2023-11-30T02:38:12.415+0200] {dag.py:2941} INFO - Sync 1 DAGs
[2023-11-30T02:38:12.440+0200] {logging_mixin.py:154} INFO - [2023-11-30T02:38:12.439+0200] {dag.py:3722} INFO - Setting next_dagrun for example_setup_teardown_taskflow to 2023-11-29T00:38:12.439621+00:00, run_after=2023-11-30T00:38:12.439621+00:00
[2023-11-30T02:38:12.462+0200] {processor.py:179} INFO - Processing /home/seva/UCU/AutomatedDataPipelines/Homework1/venv/lib/python3.10/site-packages/airflow/example_dags/example_setup_teardown_taskflow.py took 0.089 seconds
[2023-11-30T02:38:48.977+0200] {processor.py:157} INFO - Started process (PID=7334) to work on /home/seva/UCU/AutomatedDataPipelines/Homework1/venv/lib/python3.10/site-packages/airflow/example_dags/example_setup_teardown_taskflow.py
[2023-11-30T02:38:48.993+0200] {processor.py:829} INFO - Processing file /home/seva/UCU/AutomatedDataPipelines/Homework1/venv/lib/python3.10/site-packages/airflow/example_dags/example_setup_teardown_taskflow.py for tasks to queue
[2023-11-30T02:38:48.995+0200] {logging_mixin.py:154} INFO - [2023-11-30T02:38:48.995+0200] {dagbag.py:536} INFO - Filling up the DagBag from /home/seva/UCU/AutomatedDataPipelines/Homework1/venv/lib/python3.10/site-packages/airflow/example_dags/example_setup_teardown_taskflow.py
[2023-11-30T02:38:49.012+0200] {processor.py:839} INFO - DAG(s) dict_keys(['example_setup_teardown_taskflow']) retrieved from /home/seva/UCU/AutomatedDataPipelines/Homework1/venv/lib/python3.10/site-packages/airflow/example_dags/example_setup_teardown_taskflow.py
[2023-11-30T02:38:49.053+0200] {logging_mixin.py:154} INFO - [2023-11-30T02:38:49.053+0200] {dag.py:2941} INFO - Sync 1 DAGs
[2023-11-30T02:38:49.108+0200] {logging_mixin.py:154} INFO - [2023-11-30T02:38:49.107+0200] {dag.py:3722} INFO - Setting next_dagrun for example_setup_teardown_taskflow to 2023-11-29T00:38:49.107250+00:00, run_after=2023-11-30T00:38:49.107250+00:00
[2023-11-30T02:38:49.171+0200] {processor.py:179} INFO - Processing /home/seva/UCU/AutomatedDataPipelines/Homework1/venv/lib/python3.10/site-packages/airflow/example_dags/example_setup_teardown_taskflow.py took 0.203 seconds
