[2023-11-30T02:13:53.032+0200] {processor.py:157} INFO - Started process (PID=1250) to work on /home/seva/UCU/AutomatedDataPipelines/Homework1/venv/lib/python3.10/site-packages/airflow/example_dags/example_short_circuit_decorator.py
[2023-11-30T02:13:53.033+0200] {processor.py:829} INFO - Processing file /home/seva/UCU/AutomatedDataPipelines/Homework1/venv/lib/python3.10/site-packages/airflow/example_dags/example_short_circuit_decorator.py for tasks to queue
[2023-11-30T02:13:53.034+0200] {logging_mixin.py:154} INFO - [2023-11-30T02:13:53.034+0200] {dagbag.py:536} INFO - Filling up the DagBag from /home/seva/UCU/AutomatedDataPipelines/Homework1/venv/lib/python3.10/site-packages/airflow/example_dags/example_short_circuit_decorator.py
[2023-11-30T02:13:53.044+0200] {processor.py:839} INFO - DAG(s) dict_keys(['example_short_circuit_decorator']) retrieved from /home/seva/UCU/AutomatedDataPipelines/Homework1/venv/lib/python3.10/site-packages/airflow/example_dags/example_short_circuit_decorator.py
[2023-11-30T02:13:53.181+0200] {logging_mixin.py:154} INFO - [2023-11-30T02:13:53.181+0200] {manager.py:499} INFO - Created Permission View: %s
[2023-11-30T02:13:53.200+0200] {logging_mixin.py:154} INFO - [2023-11-30T02:13:53.200+0200] {manager.py:499} INFO - Created Permission View: %s
[2023-11-30T02:13:53.214+0200] {logging_mixin.py:154} INFO - [2023-11-30T02:13:53.214+0200] {manager.py:499} INFO - Created Permission View: %s
[2023-11-30T02:13:53.215+0200] {logging_mixin.py:154} INFO - [2023-11-30T02:13:53.215+0200] {dag.py:2941} INFO - Sync 1 DAGs
[2023-11-30T02:13:53.223+0200] {logging_mixin.py:154} INFO - [2023-11-30T02:13:53.223+0200] {dag.py:2963} INFO - Creating ORM DAG for example_short_circuit_decorator
[2023-11-30T02:13:53.230+0200] {logging_mixin.py:154} INFO - [2023-11-30T02:13:53.230+0200] {dag.py:3722} INFO - Setting next_dagrun for example_short_circuit_decorator to 2023-11-29T00:13:53.230015+00:00, run_after=2023-11-30T00:13:53.230015+00:00
[2023-11-30T02:13:53.256+0200] {processor.py:179} INFO - Processing /home/seva/UCU/AutomatedDataPipelines/Homework1/venv/lib/python3.10/site-packages/airflow/example_dags/example_short_circuit_decorator.py took 0.227 seconds
[2023-11-30T02:14:38.403+0200] {processor.py:157} INFO - Started process (PID=1394) to work on /home/seva/UCU/AutomatedDataPipelines/Homework1/venv/lib/python3.10/site-packages/airflow/example_dags/example_short_circuit_decorator.py
[2023-11-30T02:14:38.415+0200] {processor.py:829} INFO - Processing file /home/seva/UCU/AutomatedDataPipelines/Homework1/venv/lib/python3.10/site-packages/airflow/example_dags/example_short_circuit_decorator.py for tasks to queue
[2023-11-30T02:14:38.416+0200] {logging_mixin.py:154} INFO - [2023-11-30T02:14:38.415+0200] {dagbag.py:536} INFO - Filling up the DagBag from /home/seva/UCU/AutomatedDataPipelines/Homework1/venv/lib/python3.10/site-packages/airflow/example_dags/example_short_circuit_decorator.py
[2023-11-30T02:14:38.425+0200] {processor.py:839} INFO - DAG(s) dict_keys(['example_short_circuit_decorator']) retrieved from /home/seva/UCU/AutomatedDataPipelines/Homework1/venv/lib/python3.10/site-packages/airflow/example_dags/example_short_circuit_decorator.py
[2023-11-30T02:14:38.441+0200] {logging_mixin.py:154} INFO - [2023-11-30T02:14:38.441+0200] {dag.py:2941} INFO - Sync 1 DAGs
[2023-11-30T02:14:38.458+0200] {logging_mixin.py:154} INFO - [2023-11-30T02:14:38.458+0200] {dag.py:3722} INFO - Setting next_dagrun for example_short_circuit_decorator to 2023-11-29T00:14:38.458108+00:00, run_after=2023-11-30T00:14:38.458108+00:00
[2023-11-30T02:14:38.482+0200] {processor.py:179} INFO - Processing /home/seva/UCU/AutomatedDataPipelines/Homework1/venv/lib/python3.10/site-packages/airflow/example_dags/example_short_circuit_decorator.py took 0.082 seconds
[2023-11-30T02:15:27.472+0200] {processor.py:157} INFO - Started process (PID=1577) to work on /home/seva/UCU/AutomatedDataPipelines/Homework1/venv/lib/python3.10/site-packages/airflow/example_dags/example_short_circuit_decorator.py
[2023-11-30T02:15:27.484+0200] {processor.py:829} INFO - Processing file /home/seva/UCU/AutomatedDataPipelines/Homework1/venv/lib/python3.10/site-packages/airflow/example_dags/example_short_circuit_decorator.py for tasks to queue
[2023-11-30T02:15:27.485+0200] {logging_mixin.py:154} INFO - [2023-11-30T02:15:27.484+0200] {dagbag.py:536} INFO - Filling up the DagBag from /home/seva/UCU/AutomatedDataPipelines/Homework1/venv/lib/python3.10/site-packages/airflow/example_dags/example_short_circuit_decorator.py
[2023-11-30T02:15:27.494+0200] {processor.py:839} INFO - DAG(s) dict_keys(['example_short_circuit_decorator']) retrieved from /home/seva/UCU/AutomatedDataPipelines/Homework1/venv/lib/python3.10/site-packages/airflow/example_dags/example_short_circuit_decorator.py
[2023-11-30T02:15:27.511+0200] {logging_mixin.py:154} INFO - [2023-11-30T02:15:27.511+0200] {dag.py:2941} INFO - Sync 1 DAGs
[2023-11-30T02:15:27.528+0200] {logging_mixin.py:154} INFO - [2023-11-30T02:15:27.527+0200] {dag.py:3722} INFO - Setting next_dagrun for example_short_circuit_decorator to 2023-11-29T00:15:27.527649+00:00, run_after=2023-11-30T00:15:27.527649+00:00
[2023-11-30T02:15:27.552+0200] {processor.py:179} INFO - Processing /home/seva/UCU/AutomatedDataPipelines/Homework1/venv/lib/python3.10/site-packages/airflow/example_dags/example_short_circuit_decorator.py took 0.083 seconds
[2023-11-30T02:16:11.918+0200] {processor.py:157} INFO - Started process (PID=1755) to work on /home/seva/UCU/AutomatedDataPipelines/Homework1/venv/lib/python3.10/site-packages/airflow/example_dags/example_short_circuit_decorator.py
[2023-11-30T02:16:11.931+0200] {processor.py:829} INFO - Processing file /home/seva/UCU/AutomatedDataPipelines/Homework1/venv/lib/python3.10/site-packages/airflow/example_dags/example_short_circuit_decorator.py for tasks to queue
[2023-11-30T02:16:11.932+0200] {logging_mixin.py:154} INFO - [2023-11-30T02:16:11.931+0200] {dagbag.py:536} INFO - Filling up the DagBag from /home/seva/UCU/AutomatedDataPipelines/Homework1/venv/lib/python3.10/site-packages/airflow/example_dags/example_short_circuit_decorator.py
[2023-11-30T02:16:11.940+0200] {processor.py:839} INFO - DAG(s) dict_keys(['example_short_circuit_decorator']) retrieved from /home/seva/UCU/AutomatedDataPipelines/Homework1/venv/lib/python3.10/site-packages/airflow/example_dags/example_short_circuit_decorator.py
[2023-11-30T02:16:11.957+0200] {logging_mixin.py:154} INFO - [2023-11-30T02:16:11.956+0200] {dag.py:2941} INFO - Sync 1 DAGs
[2023-11-30T02:16:11.975+0200] {logging_mixin.py:154} INFO - [2023-11-30T02:16:11.974+0200] {dag.py:3722} INFO - Setting next_dagrun for example_short_circuit_decorator to 2023-11-29T00:16:11.974675+00:00, run_after=2023-11-30T00:16:11.974675+00:00
[2023-11-30T02:16:12.020+0200] {processor.py:179} INFO - Processing /home/seva/UCU/AutomatedDataPipelines/Homework1/venv/lib/python3.10/site-packages/airflow/example_dags/example_short_circuit_decorator.py took 0.104 seconds
[2023-11-30T02:16:57.586+0200] {processor.py:157} INFO - Started process (PID=1937) to work on /home/seva/UCU/AutomatedDataPipelines/Homework1/venv/lib/python3.10/site-packages/airflow/example_dags/example_short_circuit_decorator.py
[2023-11-30T02:16:57.598+0200] {processor.py:829} INFO - Processing file /home/seva/UCU/AutomatedDataPipelines/Homework1/venv/lib/python3.10/site-packages/airflow/example_dags/example_short_circuit_decorator.py for tasks to queue
[2023-11-30T02:16:57.599+0200] {logging_mixin.py:154} INFO - [2023-11-30T02:16:57.598+0200] {dagbag.py:536} INFO - Filling up the DagBag from /home/seva/UCU/AutomatedDataPipelines/Homework1/venv/lib/python3.10/site-packages/airflow/example_dags/example_short_circuit_decorator.py
[2023-11-30T02:16:57.607+0200] {processor.py:839} INFO - DAG(s) dict_keys(['example_short_circuit_decorator']) retrieved from /home/seva/UCU/AutomatedDataPipelines/Homework1/venv/lib/python3.10/site-packages/airflow/example_dags/example_short_circuit_decorator.py
[2023-11-30T02:16:57.623+0200] {logging_mixin.py:154} INFO - [2023-11-30T02:16:57.623+0200] {dag.py:2941} INFO - Sync 1 DAGs
[2023-11-30T02:16:57.639+0200] {logging_mixin.py:154} INFO - [2023-11-30T02:16:57.638+0200] {dag.py:3722} INFO - Setting next_dagrun for example_short_circuit_decorator to 2023-11-29T00:16:57.638823+00:00, run_after=2023-11-30T00:16:57.638823+00:00
[2023-11-30T02:16:57.664+0200] {processor.py:179} INFO - Processing /home/seva/UCU/AutomatedDataPipelines/Homework1/venv/lib/python3.10/site-packages/airflow/example_dags/example_short_circuit_decorator.py took 0.081 seconds
[2023-11-30T02:17:41.655+0200] {processor.py:157} INFO - Started process (PID=2117) to work on /home/seva/UCU/AutomatedDataPipelines/Homework1/venv/lib/python3.10/site-packages/airflow/example_dags/example_short_circuit_decorator.py
[2023-11-30T02:17:41.657+0200] {processor.py:829} INFO - Processing file /home/seva/UCU/AutomatedDataPipelines/Homework1/venv/lib/python3.10/site-packages/airflow/example_dags/example_short_circuit_decorator.py for tasks to queue
[2023-11-30T02:17:41.658+0200] {logging_mixin.py:154} INFO - [2023-11-30T02:17:41.657+0200] {dagbag.py:536} INFO - Filling up the DagBag from /home/seva/UCU/AutomatedDataPipelines/Homework1/venv/lib/python3.10/site-packages/airflow/example_dags/example_short_circuit_decorator.py
[2023-11-30T02:17:41.666+0200] {processor.py:839} INFO - DAG(s) dict_keys(['example_short_circuit_decorator']) retrieved from /home/seva/UCU/AutomatedDataPipelines/Homework1/venv/lib/python3.10/site-packages/airflow/example_dags/example_short_circuit_decorator.py
[2023-11-30T02:17:41.681+0200] {logging_mixin.py:154} INFO - [2023-11-30T02:17:41.681+0200] {dag.py:2941} INFO - Sync 1 DAGs
[2023-11-30T02:17:41.698+0200] {logging_mixin.py:154} INFO - [2023-11-30T02:17:41.697+0200] {dag.py:3722} INFO - Setting next_dagrun for example_short_circuit_decorator to 2023-11-29T00:17:41.697649+00:00, run_after=2023-11-30T00:17:41.697649+00:00
[2023-11-30T02:17:41.720+0200] {processor.py:179} INFO - Processing /home/seva/UCU/AutomatedDataPipelines/Homework1/venv/lib/python3.10/site-packages/airflow/example_dags/example_short_circuit_decorator.py took 0.069 seconds
[2023-11-30T02:18:25.753+0200] {processor.py:157} INFO - Started process (PID=2296) to work on /home/seva/UCU/AutomatedDataPipelines/Homework1/venv/lib/python3.10/site-packages/airflow/example_dags/example_short_circuit_decorator.py
[2023-11-30T02:18:25.755+0200] {processor.py:829} INFO - Processing file /home/seva/UCU/AutomatedDataPipelines/Homework1/venv/lib/python3.10/site-packages/airflow/example_dags/example_short_circuit_decorator.py for tasks to queue
[2023-11-30T02:18:25.756+0200] {logging_mixin.py:154} INFO - [2023-11-30T02:18:25.756+0200] {dagbag.py:536} INFO - Filling up the DagBag from /home/seva/UCU/AutomatedDataPipelines/Homework1/venv/lib/python3.10/site-packages/airflow/example_dags/example_short_circuit_decorator.py
[2023-11-30T02:18:25.765+0200] {processor.py:839} INFO - DAG(s) dict_keys(['example_short_circuit_decorator']) retrieved from /home/seva/UCU/AutomatedDataPipelines/Homework1/venv/lib/python3.10/site-packages/airflow/example_dags/example_short_circuit_decorator.py
[2023-11-30T02:18:25.781+0200] {logging_mixin.py:154} INFO - [2023-11-30T02:18:25.781+0200] {dag.py:2941} INFO - Sync 1 DAGs
[2023-11-30T02:18:25.799+0200] {logging_mixin.py:154} INFO - [2023-11-30T02:18:25.798+0200] {dag.py:3722} INFO - Setting next_dagrun for example_short_circuit_decorator to 2023-11-29T00:18:25.798765+00:00, run_after=2023-11-30T00:18:25.798765+00:00
[2023-11-30T02:18:25.823+0200] {processor.py:179} INFO - Processing /home/seva/UCU/AutomatedDataPipelines/Homework1/venv/lib/python3.10/site-packages/airflow/example_dags/example_short_circuit_decorator.py took 0.073 seconds
[2023-11-30T02:19:09.112+0200] {processor.py:157} INFO - Started process (PID=2467) to work on /home/seva/UCU/AutomatedDataPipelines/Homework1/venv/lib/python3.10/site-packages/airflow/example_dags/example_short_circuit_decorator.py
[2023-11-30T02:19:09.114+0200] {processor.py:829} INFO - Processing file /home/seva/UCU/AutomatedDataPipelines/Homework1/venv/lib/python3.10/site-packages/airflow/example_dags/example_short_circuit_decorator.py for tasks to queue
[2023-11-30T02:19:09.115+0200] {logging_mixin.py:154} INFO - [2023-11-30T02:19:09.115+0200] {dagbag.py:536} INFO - Filling up the DagBag from /home/seva/UCU/AutomatedDataPipelines/Homework1/venv/lib/python3.10/site-packages/airflow/example_dags/example_short_circuit_decorator.py
[2023-11-30T02:19:09.124+0200] {processor.py:839} INFO - DAG(s) dict_keys(['example_short_circuit_decorator']) retrieved from /home/seva/UCU/AutomatedDataPipelines/Homework1/venv/lib/python3.10/site-packages/airflow/example_dags/example_short_circuit_decorator.py
[2023-11-30T02:19:09.139+0200] {logging_mixin.py:154} INFO - [2023-11-30T02:19:09.139+0200] {dag.py:2941} INFO - Sync 1 DAGs
[2023-11-30T02:19:09.155+0200] {logging_mixin.py:154} INFO - [2023-11-30T02:19:09.155+0200] {dag.py:3722} INFO - Setting next_dagrun for example_short_circuit_decorator to 2023-11-29T00:19:09.155523+00:00, run_after=2023-11-30T00:19:09.155523+00:00
[2023-11-30T02:19:09.180+0200] {processor.py:179} INFO - Processing /home/seva/UCU/AutomatedDataPipelines/Homework1/venv/lib/python3.10/site-packages/airflow/example_dags/example_short_circuit_decorator.py took 0.071 seconds
[2023-11-30T02:19:52.535+0200] {processor.py:157} INFO - Started process (PID=2641) to work on /home/seva/UCU/AutomatedDataPipelines/Homework1/venv/lib/python3.10/site-packages/airflow/example_dags/example_short_circuit_decorator.py
[2023-11-30T02:19:52.547+0200] {processor.py:829} INFO - Processing file /home/seva/UCU/AutomatedDataPipelines/Homework1/venv/lib/python3.10/site-packages/airflow/example_dags/example_short_circuit_decorator.py for tasks to queue
[2023-11-30T02:19:52.548+0200] {logging_mixin.py:154} INFO - [2023-11-30T02:19:52.548+0200] {dagbag.py:536} INFO - Filling up the DagBag from /home/seva/UCU/AutomatedDataPipelines/Homework1/venv/lib/python3.10/site-packages/airflow/example_dags/example_short_circuit_decorator.py
[2023-11-30T02:19:52.558+0200] {processor.py:839} INFO - DAG(s) dict_keys(['example_short_circuit_decorator']) retrieved from /home/seva/UCU/AutomatedDataPipelines/Homework1/venv/lib/python3.10/site-packages/airflow/example_dags/example_short_circuit_decorator.py
[2023-11-30T02:19:52.573+0200] {logging_mixin.py:154} INFO - [2023-11-30T02:19:52.572+0200] {dag.py:2941} INFO - Sync 1 DAGs
[2023-11-30T02:19:52.591+0200] {logging_mixin.py:154} INFO - [2023-11-30T02:19:52.590+0200] {dag.py:3722} INFO - Setting next_dagrun for example_short_circuit_decorator to 2023-11-29T00:19:52.590656+00:00, run_after=2023-11-30T00:19:52.590656+00:00
[2023-11-30T02:19:52.615+0200] {processor.py:179} INFO - Processing /home/seva/UCU/AutomatedDataPipelines/Homework1/venv/lib/python3.10/site-packages/airflow/example_dags/example_short_circuit_decorator.py took 0.083 seconds
[2023-11-30T02:20:36.837+0200] {processor.py:157} INFO - Started process (PID=2811) to work on /home/seva/UCU/AutomatedDataPipelines/Homework1/venv/lib/python3.10/site-packages/airflow/example_dags/example_short_circuit_decorator.py
[2023-11-30T02:20:36.849+0200] {processor.py:829} INFO - Processing file /home/seva/UCU/AutomatedDataPipelines/Homework1/venv/lib/python3.10/site-packages/airflow/example_dags/example_short_circuit_decorator.py for tasks to queue
[2023-11-30T02:20:36.850+0200] {logging_mixin.py:154} INFO - [2023-11-30T02:20:36.850+0200] {dagbag.py:536} INFO - Filling up the DagBag from /home/seva/UCU/AutomatedDataPipelines/Homework1/venv/lib/python3.10/site-packages/airflow/example_dags/example_short_circuit_decorator.py
[2023-11-30T02:20:36.859+0200] {processor.py:839} INFO - DAG(s) dict_keys(['example_short_circuit_decorator']) retrieved from /home/seva/UCU/AutomatedDataPipelines/Homework1/venv/lib/python3.10/site-packages/airflow/example_dags/example_short_circuit_decorator.py
[2023-11-30T02:20:36.874+0200] {logging_mixin.py:154} INFO - [2023-11-30T02:20:36.874+0200] {dag.py:2941} INFO - Sync 1 DAGs
[2023-11-30T02:20:36.889+0200] {logging_mixin.py:154} INFO - [2023-11-30T02:20:36.889+0200] {dag.py:3722} INFO - Setting next_dagrun for example_short_circuit_decorator to 2023-11-29T00:20:36.888966+00:00, run_after=2023-11-30T00:20:36.888966+00:00
[2023-11-30T02:20:36.930+0200] {processor.py:179} INFO - Processing /home/seva/UCU/AutomatedDataPipelines/Homework1/venv/lib/python3.10/site-packages/airflow/example_dags/example_short_circuit_decorator.py took 0.096 seconds
[2023-11-30T02:21:23.218+0200] {processor.py:157} INFO - Started process (PID=2991) to work on /home/seva/UCU/AutomatedDataPipelines/Homework1/venv/lib/python3.10/site-packages/airflow/example_dags/example_short_circuit_decorator.py
[2023-11-30T02:21:23.230+0200] {processor.py:829} INFO - Processing file /home/seva/UCU/AutomatedDataPipelines/Homework1/venv/lib/python3.10/site-packages/airflow/example_dags/example_short_circuit_decorator.py for tasks to queue
[2023-11-30T02:21:23.231+0200] {logging_mixin.py:154} INFO - [2023-11-30T02:21:23.231+0200] {dagbag.py:536} INFO - Filling up the DagBag from /home/seva/UCU/AutomatedDataPipelines/Homework1/venv/lib/python3.10/site-packages/airflow/example_dags/example_short_circuit_decorator.py
[2023-11-30T02:21:23.239+0200] {processor.py:839} INFO - DAG(s) dict_keys(['example_short_circuit_decorator']) retrieved from /home/seva/UCU/AutomatedDataPipelines/Homework1/venv/lib/python3.10/site-packages/airflow/example_dags/example_short_circuit_decorator.py
[2023-11-30T02:21:23.254+0200] {logging_mixin.py:154} INFO - [2023-11-30T02:21:23.254+0200] {dag.py:2941} INFO - Sync 1 DAGs
[2023-11-30T02:21:23.269+0200] {logging_mixin.py:154} INFO - [2023-11-30T02:21:23.269+0200] {dag.py:3722} INFO - Setting next_dagrun for example_short_circuit_decorator to 2023-11-29T00:21:23.269410+00:00, run_after=2023-11-30T00:21:23.269410+00:00
[2023-11-30T02:21:23.294+0200] {processor.py:179} INFO - Processing /home/seva/UCU/AutomatedDataPipelines/Homework1/venv/lib/python3.10/site-packages/airflow/example_dags/example_short_circuit_decorator.py took 0.079 seconds
[2023-11-30T02:22:04.419+0200] {processor.py:157} INFO - Started process (PID=3159) to work on /home/seva/UCU/AutomatedDataPipelines/Homework1/venv/lib/python3.10/site-packages/airflow/example_dags/example_short_circuit_decorator.py
[2023-11-30T02:22:04.431+0200] {processor.py:829} INFO - Processing file /home/seva/UCU/AutomatedDataPipelines/Homework1/venv/lib/python3.10/site-packages/airflow/example_dags/example_short_circuit_decorator.py for tasks to queue
[2023-11-30T02:22:04.433+0200] {logging_mixin.py:154} INFO - [2023-11-30T02:22:04.432+0200] {dagbag.py:536} INFO - Filling up the DagBag from /home/seva/UCU/AutomatedDataPipelines/Homework1/venv/lib/python3.10/site-packages/airflow/example_dags/example_short_circuit_decorator.py
[2023-11-30T02:22:04.442+0200] {processor.py:839} INFO - DAG(s) dict_keys(['example_short_circuit_decorator']) retrieved from /home/seva/UCU/AutomatedDataPipelines/Homework1/venv/lib/python3.10/site-packages/airflow/example_dags/example_short_circuit_decorator.py
[2023-11-30T02:22:04.457+0200] {logging_mixin.py:154} INFO - [2023-11-30T02:22:04.456+0200] {dag.py:2941} INFO - Sync 1 DAGs
[2023-11-30T02:22:04.472+0200] {logging_mixin.py:154} INFO - [2023-11-30T02:22:04.472+0200] {dag.py:3722} INFO - Setting next_dagrun for example_short_circuit_decorator to 2023-11-29T00:22:04.472481+00:00, run_after=2023-11-30T00:22:04.472481+00:00
[2023-11-30T02:22:04.515+0200] {processor.py:179} INFO - Processing /home/seva/UCU/AutomatedDataPipelines/Homework1/venv/lib/python3.10/site-packages/airflow/example_dags/example_short_circuit_decorator.py took 0.099 seconds
[2023-11-30T02:22:50.287+0200] {processor.py:157} INFO - Started process (PID=3339) to work on /home/seva/UCU/AutomatedDataPipelines/Homework1/venv/lib/python3.10/site-packages/airflow/example_dags/example_short_circuit_decorator.py
[2023-11-30T02:22:50.299+0200] {processor.py:829} INFO - Processing file /home/seva/UCU/AutomatedDataPipelines/Homework1/venv/lib/python3.10/site-packages/airflow/example_dags/example_short_circuit_decorator.py for tasks to queue
[2023-11-30T02:22:50.300+0200] {logging_mixin.py:154} INFO - [2023-11-30T02:22:50.300+0200] {dagbag.py:536} INFO - Filling up the DagBag from /home/seva/UCU/AutomatedDataPipelines/Homework1/venv/lib/python3.10/site-packages/airflow/example_dags/example_short_circuit_decorator.py
[2023-11-30T02:22:50.309+0200] {processor.py:839} INFO - DAG(s) dict_keys(['example_short_circuit_decorator']) retrieved from /home/seva/UCU/AutomatedDataPipelines/Homework1/venv/lib/python3.10/site-packages/airflow/example_dags/example_short_circuit_decorator.py
[2023-11-30T02:22:50.325+0200] {logging_mixin.py:154} INFO - [2023-11-30T02:22:50.325+0200] {dag.py:2941} INFO - Sync 1 DAGs
[2023-11-30T02:22:50.340+0200] {logging_mixin.py:154} INFO - [2023-11-30T02:22:50.340+0200] {dag.py:3722} INFO - Setting next_dagrun for example_short_circuit_decorator to 2023-11-29T00:22:50.340560+00:00, run_after=2023-11-30T00:22:50.340560+00:00
[2023-11-30T02:22:50.364+0200] {processor.py:179} INFO - Processing /home/seva/UCU/AutomatedDataPipelines/Homework1/venv/lib/python3.10/site-packages/airflow/example_dags/example_short_circuit_decorator.py took 0.080 seconds
[2023-11-30T02:23:34.440+0200] {processor.py:157} INFO - Started process (PID=3515) to work on /home/seva/UCU/AutomatedDataPipelines/Homework1/venv/lib/python3.10/site-packages/airflow/example_dags/example_short_circuit_decorator.py
[2023-11-30T02:23:34.453+0200] {processor.py:829} INFO - Processing file /home/seva/UCU/AutomatedDataPipelines/Homework1/venv/lib/python3.10/site-packages/airflow/example_dags/example_short_circuit_decorator.py for tasks to queue
[2023-11-30T02:23:34.454+0200] {logging_mixin.py:154} INFO - [2023-11-30T02:23:34.454+0200] {dagbag.py:536} INFO - Filling up the DagBag from /home/seva/UCU/AutomatedDataPipelines/Homework1/venv/lib/python3.10/site-packages/airflow/example_dags/example_short_circuit_decorator.py
[2023-11-30T02:23:34.465+0200] {processor.py:839} INFO - DAG(s) dict_keys(['example_short_circuit_decorator']) retrieved from /home/seva/UCU/AutomatedDataPipelines/Homework1/venv/lib/python3.10/site-packages/airflow/example_dags/example_short_circuit_decorator.py
[2023-11-30T02:23:34.479+0200] {logging_mixin.py:154} INFO - [2023-11-30T02:23:34.479+0200] {dag.py:2941} INFO - Sync 1 DAGs
[2023-11-30T02:23:34.494+0200] {logging_mixin.py:154} INFO - [2023-11-30T02:23:34.494+0200] {dag.py:3722} INFO - Setting next_dagrun for example_short_circuit_decorator to 2023-11-29T00:23:34.494514+00:00, run_after=2023-11-30T00:23:34.494514+00:00
[2023-11-30T02:23:34.518+0200] {processor.py:179} INFO - Processing /home/seva/UCU/AutomatedDataPipelines/Homework1/venv/lib/python3.10/site-packages/airflow/example_dags/example_short_circuit_decorator.py took 0.081 seconds
[2023-11-30T02:24:18.407+0200] {processor.py:157} INFO - Started process (PID=3686) to work on /home/seva/UCU/AutomatedDataPipelines/Homework1/venv/lib/python3.10/site-packages/airflow/example_dags/example_short_circuit_decorator.py
[2023-11-30T02:24:18.419+0200] {processor.py:829} INFO - Processing file /home/seva/UCU/AutomatedDataPipelines/Homework1/venv/lib/python3.10/site-packages/airflow/example_dags/example_short_circuit_decorator.py for tasks to queue
[2023-11-30T02:24:18.420+0200] {logging_mixin.py:154} INFO - [2023-11-30T02:24:18.420+0200] {dagbag.py:536} INFO - Filling up the DagBag from /home/seva/UCU/AutomatedDataPipelines/Homework1/venv/lib/python3.10/site-packages/airflow/example_dags/example_short_circuit_decorator.py
[2023-11-30T02:24:18.429+0200] {processor.py:839} INFO - DAG(s) dict_keys(['example_short_circuit_decorator']) retrieved from /home/seva/UCU/AutomatedDataPipelines/Homework1/venv/lib/python3.10/site-packages/airflow/example_dags/example_short_circuit_decorator.py
[2023-11-30T02:24:18.443+0200] {logging_mixin.py:154} INFO - [2023-11-30T02:24:18.442+0200] {dag.py:2941} INFO - Sync 1 DAGs
[2023-11-30T02:24:18.458+0200] {logging_mixin.py:154} INFO - [2023-11-30T02:24:18.458+0200] {dag.py:3722} INFO - Setting next_dagrun for example_short_circuit_decorator to 2023-11-29T00:24:18.458095+00:00, run_after=2023-11-30T00:24:18.458095+00:00
[2023-11-30T02:24:18.500+0200] {processor.py:179} INFO - Processing /home/seva/UCU/AutomatedDataPipelines/Homework1/venv/lib/python3.10/site-packages/airflow/example_dags/example_short_circuit_decorator.py took 0.095 seconds
[2023-11-30T02:25:06.924+0200] {processor.py:157} INFO - Started process (PID=3881) to work on /home/seva/UCU/AutomatedDataPipelines/Homework1/venv/lib/python3.10/site-packages/airflow/example_dags/example_short_circuit_decorator.py
[2023-11-30T02:25:06.936+0200] {processor.py:829} INFO - Processing file /home/seva/UCU/AutomatedDataPipelines/Homework1/venv/lib/python3.10/site-packages/airflow/example_dags/example_short_circuit_decorator.py for tasks to queue
[2023-11-30T02:25:06.937+0200] {logging_mixin.py:154} INFO - [2023-11-30T02:25:06.937+0200] {dagbag.py:536} INFO - Filling up the DagBag from /home/seva/UCU/AutomatedDataPipelines/Homework1/venv/lib/python3.10/site-packages/airflow/example_dags/example_short_circuit_decorator.py
[2023-11-30T02:25:06.946+0200] {processor.py:839} INFO - DAG(s) dict_keys(['example_short_circuit_decorator']) retrieved from /home/seva/UCU/AutomatedDataPipelines/Homework1/venv/lib/python3.10/site-packages/airflow/example_dags/example_short_circuit_decorator.py
[2023-11-30T02:25:06.960+0200] {logging_mixin.py:154} INFO - [2023-11-30T02:25:06.960+0200] {dag.py:2941} INFO - Sync 1 DAGs
[2023-11-30T02:25:06.977+0200] {logging_mixin.py:154} INFO - [2023-11-30T02:25:06.977+0200] {dag.py:3722} INFO - Setting next_dagrun for example_short_circuit_decorator to 2023-11-29T00:25:06.977551+00:00, run_after=2023-11-30T00:25:06.977551+00:00
[2023-11-30T02:25:07.001+0200] {processor.py:179} INFO - Processing /home/seva/UCU/AutomatedDataPipelines/Homework1/venv/lib/python3.10/site-packages/airflow/example_dags/example_short_circuit_decorator.py took 0.080 seconds
[2023-11-30T02:25:50.584+0200] {processor.py:157} INFO - Started process (PID=4053) to work on /home/seva/UCU/AutomatedDataPipelines/Homework1/venv/lib/python3.10/site-packages/airflow/example_dags/example_short_circuit_decorator.py
[2023-11-30T02:25:50.596+0200] {processor.py:829} INFO - Processing file /home/seva/UCU/AutomatedDataPipelines/Homework1/venv/lib/python3.10/site-packages/airflow/example_dags/example_short_circuit_decorator.py for tasks to queue
[2023-11-30T02:25:50.597+0200] {logging_mixin.py:154} INFO - [2023-11-30T02:25:50.597+0200] {dagbag.py:536} INFO - Filling up the DagBag from /home/seva/UCU/AutomatedDataPipelines/Homework1/venv/lib/python3.10/site-packages/airflow/example_dags/example_short_circuit_decorator.py
[2023-11-30T02:25:50.606+0200] {processor.py:839} INFO - DAG(s) dict_keys(['example_short_circuit_decorator']) retrieved from /home/seva/UCU/AutomatedDataPipelines/Homework1/venv/lib/python3.10/site-packages/airflow/example_dags/example_short_circuit_decorator.py
[2023-11-30T02:25:50.621+0200] {logging_mixin.py:154} INFO - [2023-11-30T02:25:50.620+0200] {dag.py:2941} INFO - Sync 1 DAGs
[2023-11-30T02:25:50.636+0200] {logging_mixin.py:154} INFO - [2023-11-30T02:25:50.636+0200] {dag.py:3722} INFO - Setting next_dagrun for example_short_circuit_decorator to 2023-11-29T00:25:50.636333+00:00, run_after=2023-11-30T00:25:50.636333+00:00
[2023-11-30T02:25:50.661+0200] {processor.py:179} INFO - Processing /home/seva/UCU/AutomatedDataPipelines/Homework1/venv/lib/python3.10/site-packages/airflow/example_dags/example_short_circuit_decorator.py took 0.080 seconds
[2023-11-30T02:26:35.505+0200] {processor.py:157} INFO - Started process (PID=4230) to work on /home/seva/UCU/AutomatedDataPipelines/Homework1/venv/lib/python3.10/site-packages/airflow/example_dags/example_short_circuit_decorator.py
[2023-11-30T02:26:35.517+0200] {processor.py:829} INFO - Processing file /home/seva/UCU/AutomatedDataPipelines/Homework1/venv/lib/python3.10/site-packages/airflow/example_dags/example_short_circuit_decorator.py for tasks to queue
[2023-11-30T02:26:35.518+0200] {logging_mixin.py:154} INFO - [2023-11-30T02:26:35.517+0200] {dagbag.py:536} INFO - Filling up the DagBag from /home/seva/UCU/AutomatedDataPipelines/Homework1/venv/lib/python3.10/site-packages/airflow/example_dags/example_short_circuit_decorator.py
[2023-11-30T02:26:35.526+0200] {processor.py:839} INFO - DAG(s) dict_keys(['example_short_circuit_decorator']) retrieved from /home/seva/UCU/AutomatedDataPipelines/Homework1/venv/lib/python3.10/site-packages/airflow/example_dags/example_short_circuit_decorator.py
[2023-11-30T02:26:35.541+0200] {logging_mixin.py:154} INFO - [2023-11-30T02:26:35.541+0200] {dag.py:2941} INFO - Sync 1 DAGs
[2023-11-30T02:26:35.557+0200] {logging_mixin.py:154} INFO - [2023-11-30T02:26:35.557+0200] {dag.py:3722} INFO - Setting next_dagrun for example_short_circuit_decorator to 2023-11-29T00:26:35.556933+00:00, run_after=2023-11-30T00:26:35.556933+00:00
[2023-11-30T02:26:35.593+0200] {processor.py:179} INFO - Processing /home/seva/UCU/AutomatedDataPipelines/Homework1/venv/lib/python3.10/site-packages/airflow/example_dags/example_short_circuit_decorator.py took 0.091 seconds
[2023-11-30T02:27:27.434+0200] {processor.py:157} INFO - Started process (PID=4434) to work on /home/seva/UCU/AutomatedDataPipelines/Homework1/venv/lib/python3.10/site-packages/airflow/example_dags/example_short_circuit_decorator.py
[2023-11-30T02:27:27.445+0200] {processor.py:829} INFO - Processing file /home/seva/UCU/AutomatedDataPipelines/Homework1/venv/lib/python3.10/site-packages/airflow/example_dags/example_short_circuit_decorator.py for tasks to queue
[2023-11-30T02:27:27.446+0200] {logging_mixin.py:154} INFO - [2023-11-30T02:27:27.446+0200] {dagbag.py:536} INFO - Filling up the DagBag from /home/seva/UCU/AutomatedDataPipelines/Homework1/venv/lib/python3.10/site-packages/airflow/example_dags/example_short_circuit_decorator.py
[2023-11-30T02:27:27.455+0200] {processor.py:839} INFO - DAG(s) dict_keys(['example_short_circuit_decorator']) retrieved from /home/seva/UCU/AutomatedDataPipelines/Homework1/venv/lib/python3.10/site-packages/airflow/example_dags/example_short_circuit_decorator.py
[2023-11-30T02:27:27.470+0200] {logging_mixin.py:154} INFO - [2023-11-30T02:27:27.470+0200] {dag.py:2941} INFO - Sync 1 DAGs
[2023-11-30T02:27:27.486+0200] {logging_mixin.py:154} INFO - [2023-11-30T02:27:27.486+0200] {dag.py:3722} INFO - Setting next_dagrun for example_short_circuit_decorator to 2023-11-29T00:27:27.486022+00:00, run_after=2023-11-30T00:27:27.486022+00:00
[2023-11-30T02:27:27.523+0200] {processor.py:179} INFO - Processing /home/seva/UCU/AutomatedDataPipelines/Homework1/venv/lib/python3.10/site-packages/airflow/example_dags/example_short_circuit_decorator.py took 0.093 seconds
[2023-11-30T02:28:15.378+0200] {processor.py:157} INFO - Started process (PID=4620) to work on /home/seva/UCU/AutomatedDataPipelines/Homework1/venv/lib/python3.10/site-packages/airflow/example_dags/example_short_circuit_decorator.py
[2023-11-30T02:28:15.390+0200] {processor.py:829} INFO - Processing file /home/seva/UCU/AutomatedDataPipelines/Homework1/venv/lib/python3.10/site-packages/airflow/example_dags/example_short_circuit_decorator.py for tasks to queue
[2023-11-30T02:28:15.392+0200] {logging_mixin.py:154} INFO - [2023-11-30T02:28:15.391+0200] {dagbag.py:536} INFO - Filling up the DagBag from /home/seva/UCU/AutomatedDataPipelines/Homework1/venv/lib/python3.10/site-packages/airflow/example_dags/example_short_circuit_decorator.py
[2023-11-30T02:28:15.401+0200] {processor.py:839} INFO - DAG(s) dict_keys(['example_short_circuit_decorator']) retrieved from /home/seva/UCU/AutomatedDataPipelines/Homework1/venv/lib/python3.10/site-packages/airflow/example_dags/example_short_circuit_decorator.py
[2023-11-30T02:28:15.416+0200] {logging_mixin.py:154} INFO - [2023-11-30T02:28:15.416+0200] {dag.py:2941} INFO - Sync 1 DAGs
[2023-11-30T02:28:15.431+0200] {logging_mixin.py:154} INFO - [2023-11-30T02:28:15.431+0200] {dag.py:3722} INFO - Setting next_dagrun for example_short_circuit_decorator to 2023-11-29T00:28:15.431509+00:00, run_after=2023-11-30T00:28:15.431509+00:00
[2023-11-30T02:28:15.455+0200] {processor.py:179} INFO - Processing /home/seva/UCU/AutomatedDataPipelines/Homework1/venv/lib/python3.10/site-packages/airflow/example_dags/example_short_circuit_decorator.py took 0.080 seconds
[2023-11-30T02:28:58.792+0200] {processor.py:157} INFO - Started process (PID=4791) to work on /home/seva/UCU/AutomatedDataPipelines/Homework1/venv/lib/python3.10/site-packages/airflow/example_dags/example_short_circuit_decorator.py
[2023-11-30T02:28:58.804+0200] {processor.py:829} INFO - Processing file /home/seva/UCU/AutomatedDataPipelines/Homework1/venv/lib/python3.10/site-packages/airflow/example_dags/example_short_circuit_decorator.py for tasks to queue
[2023-11-30T02:28:58.805+0200] {logging_mixin.py:154} INFO - [2023-11-30T02:28:58.805+0200] {dagbag.py:536} INFO - Filling up the DagBag from /home/seva/UCU/AutomatedDataPipelines/Homework1/venv/lib/python3.10/site-packages/airflow/example_dags/example_short_circuit_decorator.py
[2023-11-30T02:28:58.814+0200] {processor.py:839} INFO - DAG(s) dict_keys(['example_short_circuit_decorator']) retrieved from /home/seva/UCU/AutomatedDataPipelines/Homework1/venv/lib/python3.10/site-packages/airflow/example_dags/example_short_circuit_decorator.py
[2023-11-30T02:28:58.830+0200] {logging_mixin.py:154} INFO - [2023-11-30T02:28:58.830+0200] {dag.py:2941} INFO - Sync 1 DAGs
[2023-11-30T02:28:58.848+0200] {logging_mixin.py:154} INFO - [2023-11-30T02:28:58.848+0200] {dag.py:3722} INFO - Setting next_dagrun for example_short_circuit_decorator to 2023-11-29T00:28:58.848135+00:00, run_after=2023-11-30T00:28:58.848135+00:00
[2023-11-30T02:28:58.872+0200] {processor.py:179} INFO - Processing /home/seva/UCU/AutomatedDataPipelines/Homework1/venv/lib/python3.10/site-packages/airflow/example_dags/example_short_circuit_decorator.py took 0.083 seconds
[2023-11-30T02:29:42.868+0200] {processor.py:157} INFO - Started process (PID=4968) to work on /home/seva/UCU/AutomatedDataPipelines/Homework1/venv/lib/python3.10/site-packages/airflow/example_dags/example_short_circuit_decorator.py
[2023-11-30T02:29:42.870+0200] {processor.py:829} INFO - Processing file /home/seva/UCU/AutomatedDataPipelines/Homework1/venv/lib/python3.10/site-packages/airflow/example_dags/example_short_circuit_decorator.py for tasks to queue
[2023-11-30T02:29:42.871+0200] {logging_mixin.py:154} INFO - [2023-11-30T02:29:42.871+0200] {dagbag.py:536} INFO - Filling up the DagBag from /home/seva/UCU/AutomatedDataPipelines/Homework1/venv/lib/python3.10/site-packages/airflow/example_dags/example_short_circuit_decorator.py
[2023-11-30T02:29:42.879+0200] {processor.py:839} INFO - DAG(s) dict_keys(['example_short_circuit_decorator']) retrieved from /home/seva/UCU/AutomatedDataPipelines/Homework1/venv/lib/python3.10/site-packages/airflow/example_dags/example_short_circuit_decorator.py
[2023-11-30T02:29:42.894+0200] {logging_mixin.py:154} INFO - [2023-11-30T02:29:42.894+0200] {dag.py:2941} INFO - Sync 1 DAGs
[2023-11-30T02:29:42.911+0200] {logging_mixin.py:154} INFO - [2023-11-30T02:29:42.910+0200] {dag.py:3722} INFO - Setting next_dagrun for example_short_circuit_decorator to 2023-11-29T00:29:42.910694+00:00, run_after=2023-11-30T00:29:42.910694+00:00
[2023-11-30T02:29:42.934+0200] {processor.py:179} INFO - Processing /home/seva/UCU/AutomatedDataPipelines/Homework1/venv/lib/python3.10/site-packages/airflow/example_dags/example_short_circuit_decorator.py took 0.069 seconds
[2023-11-30T02:30:28.952+0200] {processor.py:157} INFO - Started process (PID=5147) to work on /home/seva/UCU/AutomatedDataPipelines/Homework1/venv/lib/python3.10/site-packages/airflow/example_dags/example_short_circuit_decorator.py
[2023-11-30T02:30:28.964+0200] {processor.py:829} INFO - Processing file /home/seva/UCU/AutomatedDataPipelines/Homework1/venv/lib/python3.10/site-packages/airflow/example_dags/example_short_circuit_decorator.py for tasks to queue
[2023-11-30T02:30:28.965+0200] {logging_mixin.py:154} INFO - [2023-11-30T02:30:28.964+0200] {dagbag.py:536} INFO - Filling up the DagBag from /home/seva/UCU/AutomatedDataPipelines/Homework1/venv/lib/python3.10/site-packages/airflow/example_dags/example_short_circuit_decorator.py
[2023-11-30T02:30:28.973+0200] {processor.py:839} INFO - DAG(s) dict_keys(['example_short_circuit_decorator']) retrieved from /home/seva/UCU/AutomatedDataPipelines/Homework1/venv/lib/python3.10/site-packages/airflow/example_dags/example_short_circuit_decorator.py
[2023-11-30T02:30:28.989+0200] {logging_mixin.py:154} INFO - [2023-11-30T02:30:28.988+0200] {dag.py:2941} INFO - Sync 1 DAGs
[2023-11-30T02:30:29.004+0200] {logging_mixin.py:154} INFO - [2023-11-30T02:30:29.004+0200] {dag.py:3722} INFO - Setting next_dagrun for example_short_circuit_decorator to 2023-11-29T00:30:29.004311+00:00, run_after=2023-11-30T00:30:29.004311+00:00
[2023-11-30T02:30:29.030+0200] {processor.py:179} INFO - Processing /home/seva/UCU/AutomatedDataPipelines/Homework1/venv/lib/python3.10/site-packages/airflow/example_dags/example_short_circuit_decorator.py took 0.081 seconds
[2023-11-30T02:31:15.492+0200] {processor.py:157} INFO - Started process (PID=5332) to work on /home/seva/UCU/AutomatedDataPipelines/Homework1/venv/lib/python3.10/site-packages/airflow/example_dags/example_short_circuit_decorator.py
[2023-11-30T02:31:15.503+0200] {processor.py:829} INFO - Processing file /home/seva/UCU/AutomatedDataPipelines/Homework1/venv/lib/python3.10/site-packages/airflow/example_dags/example_short_circuit_decorator.py for tasks to queue
[2023-11-30T02:31:15.504+0200] {logging_mixin.py:154} INFO - [2023-11-30T02:31:15.504+0200] {dagbag.py:536} INFO - Filling up the DagBag from /home/seva/UCU/AutomatedDataPipelines/Homework1/venv/lib/python3.10/site-packages/airflow/example_dags/example_short_circuit_decorator.py
[2023-11-30T02:31:15.513+0200] {processor.py:839} INFO - DAG(s) dict_keys(['example_short_circuit_decorator']) retrieved from /home/seva/UCU/AutomatedDataPipelines/Homework1/venv/lib/python3.10/site-packages/airflow/example_dags/example_short_circuit_decorator.py
[2023-11-30T02:31:15.528+0200] {logging_mixin.py:154} INFO - [2023-11-30T02:31:15.528+0200] {dag.py:2941} INFO - Sync 1 DAGs
[2023-11-30T02:31:15.543+0200] {logging_mixin.py:154} INFO - [2023-11-30T02:31:15.543+0200] {dag.py:3722} INFO - Setting next_dagrun for example_short_circuit_decorator to 2023-11-29T00:31:15.543279+00:00, run_after=2023-11-30T00:31:15.543279+00:00
[2023-11-30T02:31:15.568+0200] {processor.py:179} INFO - Processing /home/seva/UCU/AutomatedDataPipelines/Homework1/venv/lib/python3.10/site-packages/airflow/example_dags/example_short_circuit_decorator.py took 0.079 seconds
[2023-11-30T02:31:58.901+0200] {processor.py:157} INFO - Started process (PID=5504) to work on /home/seva/UCU/AutomatedDataPipelines/Homework1/venv/lib/python3.10/site-packages/airflow/example_dags/example_short_circuit_decorator.py
[2023-11-30T02:31:58.913+0200] {processor.py:829} INFO - Processing file /home/seva/UCU/AutomatedDataPipelines/Homework1/venv/lib/python3.10/site-packages/airflow/example_dags/example_short_circuit_decorator.py for tasks to queue
[2023-11-30T02:31:58.914+0200] {logging_mixin.py:154} INFO - [2023-11-30T02:31:58.914+0200] {dagbag.py:536} INFO - Filling up the DagBag from /home/seva/UCU/AutomatedDataPipelines/Homework1/venv/lib/python3.10/site-packages/airflow/example_dags/example_short_circuit_decorator.py
[2023-11-30T02:31:58.923+0200] {processor.py:839} INFO - DAG(s) dict_keys(['example_short_circuit_decorator']) retrieved from /home/seva/UCU/AutomatedDataPipelines/Homework1/venv/lib/python3.10/site-packages/airflow/example_dags/example_short_circuit_decorator.py
[2023-11-30T02:31:58.938+0200] {logging_mixin.py:154} INFO - [2023-11-30T02:31:58.938+0200] {dag.py:2941} INFO - Sync 1 DAGs
[2023-11-30T02:31:58.954+0200] {logging_mixin.py:154} INFO - [2023-11-30T02:31:58.954+0200] {dag.py:3722} INFO - Setting next_dagrun for example_short_circuit_decorator to 2023-11-29T00:31:58.954283+00:00, run_after=2023-11-30T00:31:58.954283+00:00
[2023-11-30T02:31:58.980+0200] {processor.py:179} INFO - Processing /home/seva/UCU/AutomatedDataPipelines/Homework1/venv/lib/python3.10/site-packages/airflow/example_dags/example_short_circuit_decorator.py took 0.081 seconds
[2023-11-30T02:32:43.197+0200] {processor.py:157} INFO - Started process (PID=5706) to work on /home/seva/UCU/AutomatedDataPipelines/Homework1/venv/lib/python3.10/site-packages/airflow/example_dags/example_short_circuit_decorator.py
[2023-11-30T02:32:43.199+0200] {processor.py:829} INFO - Processing file /home/seva/UCU/AutomatedDataPipelines/Homework1/venv/lib/python3.10/site-packages/airflow/example_dags/example_short_circuit_decorator.py for tasks to queue
[2023-11-30T02:32:43.199+0200] {logging_mixin.py:154} INFO - [2023-11-30T02:32:43.199+0200] {dagbag.py:536} INFO - Filling up the DagBag from /home/seva/UCU/AutomatedDataPipelines/Homework1/venv/lib/python3.10/site-packages/airflow/example_dags/example_short_circuit_decorator.py
[2023-11-30T02:32:43.208+0200] {processor.py:839} INFO - DAG(s) dict_keys(['example_short_circuit_decorator']) retrieved from /home/seva/UCU/AutomatedDataPipelines/Homework1/venv/lib/python3.10/site-packages/airflow/example_dags/example_short_circuit_decorator.py
[2023-11-30T02:32:43.223+0200] {logging_mixin.py:154} INFO - [2023-11-30T02:32:43.223+0200] {dag.py:2941} INFO - Sync 1 DAGs
[2023-11-30T02:32:43.239+0200] {logging_mixin.py:154} INFO - [2023-11-30T02:32:43.239+0200] {dag.py:3722} INFO - Setting next_dagrun for example_short_circuit_decorator to 2023-11-29T00:32:43.239072+00:00, run_after=2023-11-30T00:32:43.239072+00:00
[2023-11-30T02:32:43.263+0200] {processor.py:179} INFO - Processing /home/seva/UCU/AutomatedDataPipelines/Homework1/venv/lib/python3.10/site-packages/airflow/example_dags/example_short_circuit_decorator.py took 0.069 seconds
[2023-11-30T02:33:30.459+0200] {processor.py:157} INFO - Started process (PID=5892) to work on /home/seva/UCU/AutomatedDataPipelines/Homework1/venv/lib/python3.10/site-packages/airflow/example_dags/example_short_circuit_decorator.py
[2023-11-30T02:33:30.471+0200] {processor.py:829} INFO - Processing file /home/seva/UCU/AutomatedDataPipelines/Homework1/venv/lib/python3.10/site-packages/airflow/example_dags/example_short_circuit_decorator.py for tasks to queue
[2023-11-30T02:33:30.472+0200] {logging_mixin.py:154} INFO - [2023-11-30T02:33:30.472+0200] {dagbag.py:536} INFO - Filling up the DagBag from /home/seva/UCU/AutomatedDataPipelines/Homework1/venv/lib/python3.10/site-packages/airflow/example_dags/example_short_circuit_decorator.py
[2023-11-30T02:33:30.483+0200] {processor.py:839} INFO - DAG(s) dict_keys(['example_short_circuit_decorator']) retrieved from /home/seva/UCU/AutomatedDataPipelines/Homework1/venv/lib/python3.10/site-packages/airflow/example_dags/example_short_circuit_decorator.py
[2023-11-30T02:33:30.502+0200] {logging_mixin.py:154} INFO - [2023-11-30T02:33:30.502+0200] {dag.py:2941} INFO - Sync 1 DAGs
[2023-11-30T02:33:30.521+0200] {logging_mixin.py:154} INFO - [2023-11-30T02:33:30.520+0200] {dag.py:3722} INFO - Setting next_dagrun for example_short_circuit_decorator to 2023-11-29T00:33:30.520731+00:00, run_after=2023-11-30T00:33:30.520731+00:00
[2023-11-30T02:33:30.553+0200] {processor.py:179} INFO - Processing /home/seva/UCU/AutomatedDataPipelines/Homework1/venv/lib/python3.10/site-packages/airflow/example_dags/example_short_circuit_decorator.py took 0.098 seconds
[2023-11-30T02:34:17.640+0200] {processor.py:157} INFO - Started process (PID=6083) to work on /home/seva/UCU/AutomatedDataPipelines/Homework1/venv/lib/python3.10/site-packages/airflow/example_dags/example_short_circuit_decorator.py
[2023-11-30T02:34:17.652+0200] {processor.py:829} INFO - Processing file /home/seva/UCU/AutomatedDataPipelines/Homework1/venv/lib/python3.10/site-packages/airflow/example_dags/example_short_circuit_decorator.py for tasks to queue
[2023-11-30T02:34:17.654+0200] {logging_mixin.py:154} INFO - [2023-11-30T02:34:17.654+0200] {dagbag.py:536} INFO - Filling up the DagBag from /home/seva/UCU/AutomatedDataPipelines/Homework1/venv/lib/python3.10/site-packages/airflow/example_dags/example_short_circuit_decorator.py
[2023-11-30T02:34:17.667+0200] {processor.py:839} INFO - DAG(s) dict_keys(['example_short_circuit_decorator']) retrieved from /home/seva/UCU/AutomatedDataPipelines/Homework1/venv/lib/python3.10/site-packages/airflow/example_dags/example_short_circuit_decorator.py
[2023-11-30T02:34:17.691+0200] {logging_mixin.py:154} INFO - [2023-11-30T02:34:17.691+0200] {dag.py:2941} INFO - Sync 1 DAGs
[2023-11-30T02:34:17.718+0200] {logging_mixin.py:154} INFO - [2023-11-30T02:34:17.717+0200] {dag.py:3722} INFO - Setting next_dagrun for example_short_circuit_decorator to 2023-11-29T00:34:17.717231+00:00, run_after=2023-11-30T00:34:17.717231+00:00
[2023-11-30T02:34:17.754+0200] {processor.py:179} INFO - Processing /home/seva/UCU/AutomatedDataPipelines/Homework1/venv/lib/python3.10/site-packages/airflow/example_dags/example_short_circuit_decorator.py took 0.117 seconds
[2023-11-30T02:35:08.550+0200] {processor.py:157} INFO - Started process (PID=6281) to work on /home/seva/UCU/AutomatedDataPipelines/Homework1/venv/lib/python3.10/site-packages/airflow/example_dags/example_short_circuit_decorator.py
[2023-11-30T02:35:08.552+0200] {processor.py:829} INFO - Processing file /home/seva/UCU/AutomatedDataPipelines/Homework1/venv/lib/python3.10/site-packages/airflow/example_dags/example_short_circuit_decorator.py for tasks to queue
[2023-11-30T02:35:08.553+0200] {logging_mixin.py:154} INFO - [2023-11-30T02:35:08.553+0200] {dagbag.py:536} INFO - Filling up the DagBag from /home/seva/UCU/AutomatedDataPipelines/Homework1/venv/lib/python3.10/site-packages/airflow/example_dags/example_short_circuit_decorator.py
[2023-11-30T02:35:08.562+0200] {processor.py:839} INFO - DAG(s) dict_keys(['example_short_circuit_decorator']) retrieved from /home/seva/UCU/AutomatedDataPipelines/Homework1/venv/lib/python3.10/site-packages/airflow/example_dags/example_short_circuit_decorator.py
[2023-11-30T02:35:08.580+0200] {logging_mixin.py:154} INFO - [2023-11-30T02:35:08.579+0200] {dag.py:2941} INFO - Sync 1 DAGs
[2023-11-30T02:35:08.596+0200] {logging_mixin.py:154} INFO - [2023-11-30T02:35:08.596+0200] {dag.py:3722} INFO - Setting next_dagrun for example_short_circuit_decorator to 2023-11-29T00:35:08.595842+00:00, run_after=2023-11-30T00:35:08.595842+00:00
[2023-11-30T02:35:08.620+0200] {processor.py:179} INFO - Processing /home/seva/UCU/AutomatedDataPipelines/Homework1/venv/lib/python3.10/site-packages/airflow/example_dags/example_short_circuit_decorator.py took 0.074 seconds
[2023-11-30T02:35:52.787+0200] {processor.py:157} INFO - Started process (PID=6464) to work on /home/seva/UCU/AutomatedDataPipelines/Homework1/venv/lib/python3.10/site-packages/airflow/example_dags/example_short_circuit_decorator.py
[2023-11-30T02:35:52.790+0200] {processor.py:829} INFO - Processing file /home/seva/UCU/AutomatedDataPipelines/Homework1/venv/lib/python3.10/site-packages/airflow/example_dags/example_short_circuit_decorator.py for tasks to queue
[2023-11-30T02:35:52.791+0200] {logging_mixin.py:154} INFO - [2023-11-30T02:35:52.790+0200] {dagbag.py:536} INFO - Filling up the DagBag from /home/seva/UCU/AutomatedDataPipelines/Homework1/venv/lib/python3.10/site-packages/airflow/example_dags/example_short_circuit_decorator.py
[2023-11-30T02:35:52.801+0200] {processor.py:839} INFO - DAG(s) dict_keys(['example_short_circuit_decorator']) retrieved from /home/seva/UCU/AutomatedDataPipelines/Homework1/venv/lib/python3.10/site-packages/airflow/example_dags/example_short_circuit_decorator.py
[2023-11-30T02:35:52.820+0200] {logging_mixin.py:154} INFO - [2023-11-30T02:35:52.820+0200] {dag.py:2941} INFO - Sync 1 DAGs
[2023-11-30T02:35:52.836+0200] {logging_mixin.py:154} INFO - [2023-11-30T02:35:52.836+0200] {dag.py:3722} INFO - Setting next_dagrun for example_short_circuit_decorator to 2023-11-29T00:35:52.836333+00:00, run_after=2023-11-30T00:35:52.836333+00:00
[2023-11-30T02:35:52.860+0200] {processor.py:179} INFO - Processing /home/seva/UCU/AutomatedDataPipelines/Homework1/venv/lib/python3.10/site-packages/airflow/example_dags/example_short_circuit_decorator.py took 0.076 seconds
[2023-11-30T02:36:40.182+0200] {processor.py:157} INFO - Started process (PID=6645) to work on /home/seva/UCU/AutomatedDataPipelines/Homework1/venv/lib/python3.10/site-packages/airflow/example_dags/example_short_circuit_decorator.py
[2023-11-30T02:36:40.184+0200] {processor.py:829} INFO - Processing file /home/seva/UCU/AutomatedDataPipelines/Homework1/venv/lib/python3.10/site-packages/airflow/example_dags/example_short_circuit_decorator.py for tasks to queue
[2023-11-30T02:36:40.185+0200] {logging_mixin.py:154} INFO - [2023-11-30T02:36:40.185+0200] {dagbag.py:536} INFO - Filling up the DagBag from /home/seva/UCU/AutomatedDataPipelines/Homework1/venv/lib/python3.10/site-packages/airflow/example_dags/example_short_circuit_decorator.py
[2023-11-30T02:36:40.194+0200] {processor.py:839} INFO - DAG(s) dict_keys(['example_short_circuit_decorator']) retrieved from /home/seva/UCU/AutomatedDataPipelines/Homework1/venv/lib/python3.10/site-packages/airflow/example_dags/example_short_circuit_decorator.py
[2023-11-30T02:36:40.212+0200] {logging_mixin.py:154} INFO - [2023-11-30T02:36:40.211+0200] {dag.py:2941} INFO - Sync 1 DAGs
[2023-11-30T02:36:40.231+0200] {logging_mixin.py:154} INFO - [2023-11-30T02:36:40.231+0200] {dag.py:3722} INFO - Setting next_dagrun for example_short_circuit_decorator to 2023-11-29T00:36:40.231074+00:00, run_after=2023-11-30T00:36:40.231074+00:00
[2023-11-30T02:36:40.258+0200] {processor.py:179} INFO - Processing /home/seva/UCU/AutomatedDataPipelines/Homework1/venv/lib/python3.10/site-packages/airflow/example_dags/example_short_circuit_decorator.py took 0.080 seconds
[2023-11-30T02:37:28.581+0200] {processor.py:157} INFO - Started process (PID=6843) to work on /home/seva/UCU/AutomatedDataPipelines/Homework1/venv/lib/python3.10/site-packages/airflow/example_dags/example_short_circuit_decorator.py
[2023-11-30T02:37:28.583+0200] {processor.py:829} INFO - Processing file /home/seva/UCU/AutomatedDataPipelines/Homework1/venv/lib/python3.10/site-packages/airflow/example_dags/example_short_circuit_decorator.py for tasks to queue
[2023-11-30T02:37:28.584+0200] {logging_mixin.py:154} INFO - [2023-11-30T02:37:28.583+0200] {dagbag.py:536} INFO - Filling up the DagBag from /home/seva/UCU/AutomatedDataPipelines/Homework1/venv/lib/python3.10/site-packages/airflow/example_dags/example_short_circuit_decorator.py
[2023-11-30T02:37:28.593+0200] {processor.py:839} INFO - DAG(s) dict_keys(['example_short_circuit_decorator']) retrieved from /home/seva/UCU/AutomatedDataPipelines/Homework1/venv/lib/python3.10/site-packages/airflow/example_dags/example_short_circuit_decorator.py
[2023-11-30T02:37:28.611+0200] {logging_mixin.py:154} INFO - [2023-11-30T02:37:28.611+0200] {dag.py:2941} INFO - Sync 1 DAGs
[2023-11-30T02:37:28.628+0200] {logging_mixin.py:154} INFO - [2023-11-30T02:37:28.628+0200] {dag.py:3722} INFO - Setting next_dagrun for example_short_circuit_decorator to 2023-11-29T00:37:28.628189+00:00, run_after=2023-11-30T00:37:28.628189+00:00
[2023-11-30T02:37:28.651+0200] {processor.py:179} INFO - Processing /home/seva/UCU/AutomatedDataPipelines/Homework1/venv/lib/python3.10/site-packages/airflow/example_dags/example_short_circuit_decorator.py took 0.074 seconds
[2023-11-30T02:38:20.640+0200] {processor.py:157} INFO - Started process (PID=7141) to work on /home/seva/UCU/AutomatedDataPipelines/Homework1/venv/lib/python3.10/site-packages/airflow/example_dags/example_short_circuit_decorator.py
[2023-11-30T02:38:20.675+0200] {processor.py:829} INFO - Processing file /home/seva/UCU/AutomatedDataPipelines/Homework1/venv/lib/python3.10/site-packages/airflow/example_dags/example_short_circuit_decorator.py for tasks to queue
[2023-11-30T02:38:20.677+0200] {logging_mixin.py:154} INFO - [2023-11-30T02:38:20.676+0200] {dagbag.py:536} INFO - Filling up the DagBag from /home/seva/UCU/AutomatedDataPipelines/Homework1/venv/lib/python3.10/site-packages/airflow/example_dags/example_short_circuit_decorator.py
[2023-11-30T02:38:20.695+0200] {processor.py:839} INFO - DAG(s) dict_keys(['example_short_circuit_decorator']) retrieved from /home/seva/UCU/AutomatedDataPipelines/Homework1/venv/lib/python3.10/site-packages/airflow/example_dags/example_short_circuit_decorator.py
[2023-11-30T02:38:20.721+0200] {logging_mixin.py:154} INFO - [2023-11-30T02:38:20.721+0200] {dag.py:2941} INFO - Sync 1 DAGs
[2023-11-30T02:38:20.747+0200] {logging_mixin.py:154} INFO - [2023-11-30T02:38:20.746+0200] {dag.py:3722} INFO - Setting next_dagrun for example_short_circuit_decorator to 2023-11-29T00:38:20.746761+00:00, run_after=2023-11-30T00:38:20.746761+00:00
[2023-11-30T02:38:20.778+0200] {processor.py:179} INFO - Processing /home/seva/UCU/AutomatedDataPipelines/Homework1/venv/lib/python3.10/site-packages/airflow/example_dags/example_short_circuit_decorator.py took 0.142 seconds
