[2023-11-30T02:13:50.455+0200] {processor.py:157} INFO - Started process (PID=1248) to work on /home/seva/UCU/AutomatedDataPipelines/Homework1/venv/lib/python3.10/site-packages/airflow/example_dags/example_xcom.py
[2023-11-30T02:13:50.456+0200] {processor.py:829} INFO - Processing file /home/seva/UCU/AutomatedDataPipelines/Homework1/venv/lib/python3.10/site-packages/airflow/example_dags/example_xcom.py for tasks to queue
[2023-11-30T02:13:50.457+0200] {logging_mixin.py:154} INFO - [2023-11-30T02:13:50.456+0200] {dagbag.py:536} INFO - Filling up the DagBag from /home/seva/UCU/AutomatedDataPipelines/Homework1/venv/lib/python3.10/site-packages/airflow/example_dags/example_xcom.py
[2023-11-30T02:13:50.463+0200] {processor.py:839} INFO - DAG(s) dict_keys(['example_xcom']) retrieved from /home/seva/UCU/AutomatedDataPipelines/Homework1/venv/lib/python3.10/site-packages/airflow/example_dags/example_xcom.py
[2023-11-30T02:13:50.571+0200] {logging_mixin.py:154} INFO - [2023-11-30T02:13:50.571+0200] {manager.py:499} INFO - Created Permission View: %s
[2023-11-30T02:13:50.587+0200] {logging_mixin.py:154} INFO - [2023-11-30T02:13:50.587+0200] {manager.py:499} INFO - Created Permission View: %s
[2023-11-30T02:13:50.602+0200] {logging_mixin.py:154} INFO - [2023-11-30T02:13:50.602+0200] {manager.py:499} INFO - Created Permission View: %s
[2023-11-30T02:13:50.603+0200] {logging_mixin.py:154} INFO - [2023-11-30T02:13:50.603+0200] {dag.py:2941} INFO - Sync 1 DAGs
[2023-11-30T02:13:50.611+0200] {logging_mixin.py:154} INFO - [2023-11-30T02:13:50.611+0200] {dag.py:2963} INFO - Creating ORM DAG for example_xcom
[2023-11-30T02:13:50.617+0200] {logging_mixin.py:154} INFO - [2023-11-30T02:13:50.617+0200] {dag.py:3722} INFO - Setting next_dagrun for example_xcom to 2021-01-01T00:00:00+00:00, run_after=2021-01-01T00:00:00+00:00
[2023-11-30T02:13:50.644+0200] {processor.py:179} INFO - Processing /home/seva/UCU/AutomatedDataPipelines/Homework1/venv/lib/python3.10/site-packages/airflow/example_dags/example_xcom.py took 0.191 seconds
[2023-11-30T02:14:36.101+0200] {processor.py:157} INFO - Started process (PID=1386) to work on /home/seva/UCU/AutomatedDataPipelines/Homework1/venv/lib/python3.10/site-packages/airflow/example_dags/example_xcom.py
[2023-11-30T02:14:36.114+0200] {processor.py:829} INFO - Processing file /home/seva/UCU/AutomatedDataPipelines/Homework1/venv/lib/python3.10/site-packages/airflow/example_dags/example_xcom.py for tasks to queue
[2023-11-30T02:14:36.115+0200] {logging_mixin.py:154} INFO - [2023-11-30T02:14:36.114+0200] {dagbag.py:536} INFO - Filling up the DagBag from /home/seva/UCU/AutomatedDataPipelines/Homework1/venv/lib/python3.10/site-packages/airflow/example_dags/example_xcom.py
[2023-11-30T02:14:36.122+0200] {processor.py:839} INFO - DAG(s) dict_keys(['example_xcom']) retrieved from /home/seva/UCU/AutomatedDataPipelines/Homework1/venv/lib/python3.10/site-packages/airflow/example_dags/example_xcom.py
[2023-11-30T02:14:36.138+0200] {logging_mixin.py:154} INFO - [2023-11-30T02:14:36.138+0200] {dag.py:2941} INFO - Sync 1 DAGs
[2023-11-30T02:14:36.155+0200] {logging_mixin.py:154} INFO - [2023-11-30T02:14:36.155+0200] {dag.py:3722} INFO - Setting next_dagrun for example_xcom to 2021-01-01T00:00:00+00:00, run_after=2021-01-01T00:00:00+00:00
[2023-11-30T02:14:36.179+0200] {processor.py:179} INFO - Processing /home/seva/UCU/AutomatedDataPipelines/Homework1/venv/lib/python3.10/site-packages/airflow/example_dags/example_xcom.py took 0.081 seconds
[2023-11-30T02:15:25.191+0200] {processor.py:157} INFO - Started process (PID=1569) to work on /home/seva/UCU/AutomatedDataPipelines/Homework1/venv/lib/python3.10/site-packages/airflow/example_dags/example_xcom.py
[2023-11-30T02:15:25.204+0200] {processor.py:829} INFO - Processing file /home/seva/UCU/AutomatedDataPipelines/Homework1/venv/lib/python3.10/site-packages/airflow/example_dags/example_xcom.py for tasks to queue
[2023-11-30T02:15:25.205+0200] {logging_mixin.py:154} INFO - [2023-11-30T02:15:25.205+0200] {dagbag.py:536} INFO - Filling up the DagBag from /home/seva/UCU/AutomatedDataPipelines/Homework1/venv/lib/python3.10/site-packages/airflow/example_dags/example_xcom.py
[2023-11-30T02:15:25.213+0200] {processor.py:839} INFO - DAG(s) dict_keys(['example_xcom']) retrieved from /home/seva/UCU/AutomatedDataPipelines/Homework1/venv/lib/python3.10/site-packages/airflow/example_dags/example_xcom.py
[2023-11-30T02:15:25.227+0200] {logging_mixin.py:154} INFO - [2023-11-30T02:15:25.227+0200] {dag.py:2941} INFO - Sync 1 DAGs
[2023-11-30T02:15:25.244+0200] {logging_mixin.py:154} INFO - [2023-11-30T02:15:25.244+0200] {dag.py:3722} INFO - Setting next_dagrun for example_xcom to 2021-01-01T00:00:00+00:00, run_after=2021-01-01T00:00:00+00:00
[2023-11-30T02:15:25.267+0200] {processor.py:179} INFO - Processing /home/seva/UCU/AutomatedDataPipelines/Homework1/venv/lib/python3.10/site-packages/airflow/example_dags/example_xcom.py took 0.079 seconds
[2023-11-30T02:16:09.638+0200] {processor.py:157} INFO - Started process (PID=1747) to work on /home/seva/UCU/AutomatedDataPipelines/Homework1/venv/lib/python3.10/site-packages/airflow/example_dags/example_xcom.py
[2023-11-30T02:16:09.662+0200] {processor.py:829} INFO - Processing file /home/seva/UCU/AutomatedDataPipelines/Homework1/venv/lib/python3.10/site-packages/airflow/example_dags/example_xcom.py for tasks to queue
[2023-11-30T02:16:09.664+0200] {logging_mixin.py:154} INFO - [2023-11-30T02:16:09.663+0200] {dagbag.py:536} INFO - Filling up the DagBag from /home/seva/UCU/AutomatedDataPipelines/Homework1/venv/lib/python3.10/site-packages/airflow/example_dags/example_xcom.py
[2023-11-30T02:16:09.673+0200] {processor.py:839} INFO - DAG(s) dict_keys(['example_xcom']) retrieved from /home/seva/UCU/AutomatedDataPipelines/Homework1/venv/lib/python3.10/site-packages/airflow/example_dags/example_xcom.py
[2023-11-30T02:16:09.687+0200] {logging_mixin.py:154} INFO - [2023-11-30T02:16:09.687+0200] {dag.py:2941} INFO - Sync 1 DAGs
[2023-11-30T02:16:09.704+0200] {logging_mixin.py:154} INFO - [2023-11-30T02:16:09.704+0200] {dag.py:3722} INFO - Setting next_dagrun for example_xcom to 2021-01-01T00:00:00+00:00, run_after=2021-01-01T00:00:00+00:00
[2023-11-30T02:16:09.728+0200] {processor.py:179} INFO - Processing /home/seva/UCU/AutomatedDataPipelines/Homework1/venv/lib/python3.10/site-packages/airflow/example_dags/example_xcom.py took 0.093 seconds
[2023-11-30T02:16:56.217+0200] {processor.py:157} INFO - Started process (PID=1929) to work on /home/seva/UCU/AutomatedDataPipelines/Homework1/venv/lib/python3.10/site-packages/airflow/example_dags/example_xcom.py
[2023-11-30T02:16:56.224+0200] {processor.py:829} INFO - Processing file /home/seva/UCU/AutomatedDataPipelines/Homework1/venv/lib/python3.10/site-packages/airflow/example_dags/example_xcom.py for tasks to queue
[2023-11-30T02:16:56.225+0200] {logging_mixin.py:154} INFO - [2023-11-30T02:16:56.225+0200] {dagbag.py:536} INFO - Filling up the DagBag from /home/seva/UCU/AutomatedDataPipelines/Homework1/venv/lib/python3.10/site-packages/airflow/example_dags/example_xcom.py
[2023-11-30T02:16:56.231+0200] {processor.py:839} INFO - DAG(s) dict_keys(['example_xcom']) retrieved from /home/seva/UCU/AutomatedDataPipelines/Homework1/venv/lib/python3.10/site-packages/airflow/example_dags/example_xcom.py
[2023-11-30T02:16:56.246+0200] {logging_mixin.py:154} INFO - [2023-11-30T02:16:56.245+0200] {dag.py:2941} INFO - Sync 1 DAGs
[2023-11-30T02:16:56.260+0200] {logging_mixin.py:154} INFO - [2023-11-30T02:16:56.260+0200] {dag.py:3722} INFO - Setting next_dagrun for example_xcom to 2021-01-01T00:00:00+00:00, run_after=2021-01-01T00:00:00+00:00
[2023-11-30T02:16:56.299+0200] {processor.py:179} INFO - Processing /home/seva/UCU/AutomatedDataPipelines/Homework1/venv/lib/python3.10/site-packages/airflow/example_dags/example_xcom.py took 0.084 seconds
[2023-11-30T02:17:40.369+0200] {processor.py:157} INFO - Started process (PID=2115) to work on /home/seva/UCU/AutomatedDataPipelines/Homework1/venv/lib/python3.10/site-packages/airflow/example_dags/example_xcom.py
[2023-11-30T02:17:40.381+0200] {processor.py:829} INFO - Processing file /home/seva/UCU/AutomatedDataPipelines/Homework1/venv/lib/python3.10/site-packages/airflow/example_dags/example_xcom.py for tasks to queue
[2023-11-30T02:17:40.382+0200] {logging_mixin.py:154} INFO - [2023-11-30T02:17:40.382+0200] {dagbag.py:536} INFO - Filling up the DagBag from /home/seva/UCU/AutomatedDataPipelines/Homework1/venv/lib/python3.10/site-packages/airflow/example_dags/example_xcom.py
[2023-11-30T02:17:40.389+0200] {processor.py:839} INFO - DAG(s) dict_keys(['example_xcom']) retrieved from /home/seva/UCU/AutomatedDataPipelines/Homework1/venv/lib/python3.10/site-packages/airflow/example_dags/example_xcom.py
[2023-11-30T02:17:40.403+0200] {logging_mixin.py:154} INFO - [2023-11-30T02:17:40.403+0200] {dag.py:2941} INFO - Sync 1 DAGs
[2023-11-30T02:17:40.421+0200] {logging_mixin.py:154} INFO - [2023-11-30T02:17:40.420+0200] {dag.py:3722} INFO - Setting next_dagrun for example_xcom to 2021-01-01T00:00:00+00:00, run_after=2021-01-01T00:00:00+00:00
[2023-11-30T02:17:40.447+0200] {processor.py:179} INFO - Processing /home/seva/UCU/AutomatedDataPipelines/Homework1/venv/lib/python3.10/site-packages/airflow/example_dags/example_xcom.py took 0.080 seconds
[2023-11-30T02:18:23.476+0200] {processor.py:157} INFO - Started process (PID=2288) to work on /home/seva/UCU/AutomatedDataPipelines/Homework1/venv/lib/python3.10/site-packages/airflow/example_dags/example_xcom.py
[2023-11-30T02:18:23.478+0200] {processor.py:829} INFO - Processing file /home/seva/UCU/AutomatedDataPipelines/Homework1/venv/lib/python3.10/site-packages/airflow/example_dags/example_xcom.py for tasks to queue
[2023-11-30T02:18:23.479+0200] {logging_mixin.py:154} INFO - [2023-11-30T02:18:23.479+0200] {dagbag.py:536} INFO - Filling up the DagBag from /home/seva/UCU/AutomatedDataPipelines/Homework1/venv/lib/python3.10/site-packages/airflow/example_dags/example_xcom.py
[2023-11-30T02:18:23.487+0200] {processor.py:839} INFO - DAG(s) dict_keys(['example_xcom']) retrieved from /home/seva/UCU/AutomatedDataPipelines/Homework1/venv/lib/python3.10/site-packages/airflow/example_dags/example_xcom.py
[2023-11-30T02:18:23.504+0200] {logging_mixin.py:154} INFO - [2023-11-30T02:18:23.504+0200] {dag.py:2941} INFO - Sync 1 DAGs
[2023-11-30T02:18:23.522+0200] {logging_mixin.py:154} INFO - [2023-11-30T02:18:23.522+0200] {dag.py:3722} INFO - Setting next_dagrun for example_xcom to 2021-01-01T00:00:00+00:00, run_after=2021-01-01T00:00:00+00:00
[2023-11-30T02:18:23.547+0200] {processor.py:179} INFO - Processing /home/seva/UCU/AutomatedDataPipelines/Homework1/venv/lib/python3.10/site-packages/airflow/example_dags/example_xcom.py took 0.074 seconds
[2023-11-30T02:19:07.387+0200] {processor.py:157} INFO - Started process (PID=2459) to work on /home/seva/UCU/AutomatedDataPipelines/Homework1/venv/lib/python3.10/site-packages/airflow/example_dags/example_xcom.py
[2023-11-30T02:19:07.389+0200] {processor.py:829} INFO - Processing file /home/seva/UCU/AutomatedDataPipelines/Homework1/venv/lib/python3.10/site-packages/airflow/example_dags/example_xcom.py for tasks to queue
[2023-11-30T02:19:07.390+0200] {logging_mixin.py:154} INFO - [2023-11-30T02:19:07.390+0200] {dagbag.py:536} INFO - Filling up the DagBag from /home/seva/UCU/AutomatedDataPipelines/Homework1/venv/lib/python3.10/site-packages/airflow/example_dags/example_xcom.py
[2023-11-30T02:19:07.397+0200] {processor.py:839} INFO - DAG(s) dict_keys(['example_xcom']) retrieved from /home/seva/UCU/AutomatedDataPipelines/Homework1/venv/lib/python3.10/site-packages/airflow/example_dags/example_xcom.py
[2023-11-30T02:19:07.412+0200] {logging_mixin.py:154} INFO - [2023-11-30T02:19:07.412+0200] {dag.py:2941} INFO - Sync 1 DAGs
[2023-11-30T02:19:07.427+0200] {logging_mixin.py:154} INFO - [2023-11-30T02:19:07.427+0200] {dag.py:3722} INFO - Setting next_dagrun for example_xcom to 2021-01-01T00:00:00+00:00, run_after=2021-01-01T00:00:00+00:00
[2023-11-30T02:19:07.450+0200] {processor.py:179} INFO - Processing /home/seva/UCU/AutomatedDataPipelines/Homework1/venv/lib/python3.10/site-packages/airflow/example_dags/example_xcom.py took 0.066 seconds
[2023-11-30T02:19:50.252+0200] {processor.py:157} INFO - Started process (PID=2627) to work on /home/seva/UCU/AutomatedDataPipelines/Homework1/venv/lib/python3.10/site-packages/airflow/example_dags/example_xcom.py
[2023-11-30T02:19:50.263+0200] {processor.py:829} INFO - Processing file /home/seva/UCU/AutomatedDataPipelines/Homework1/venv/lib/python3.10/site-packages/airflow/example_dags/example_xcom.py for tasks to queue
[2023-11-30T02:19:50.264+0200] {logging_mixin.py:154} INFO - [2023-11-30T02:19:50.264+0200] {dagbag.py:536} INFO - Filling up the DagBag from /home/seva/UCU/AutomatedDataPipelines/Homework1/venv/lib/python3.10/site-packages/airflow/example_dags/example_xcom.py
[2023-11-30T02:19:50.272+0200] {processor.py:839} INFO - DAG(s) dict_keys(['example_xcom']) retrieved from /home/seva/UCU/AutomatedDataPipelines/Homework1/venv/lib/python3.10/site-packages/airflow/example_dags/example_xcom.py
[2023-11-30T02:19:50.286+0200] {logging_mixin.py:154} INFO - [2023-11-30T02:19:50.285+0200] {dag.py:2941} INFO - Sync 1 DAGs
[2023-11-30T02:19:50.300+0200] {logging_mixin.py:154} INFO - [2023-11-30T02:19:50.300+0200] {dag.py:3722} INFO - Setting next_dagrun for example_xcom to 2021-01-01T00:00:00+00:00, run_after=2021-01-01T00:00:00+00:00
[2023-11-30T02:19:50.335+0200] {processor.py:179} INFO - Processing /home/seva/UCU/AutomatedDataPipelines/Homework1/venv/lib/python3.10/site-packages/airflow/example_dags/example_xcom.py took 0.086 seconds
[2023-11-30T02:20:35.107+0200] {processor.py:157} INFO - Started process (PID=2803) to work on /home/seva/UCU/AutomatedDataPipelines/Homework1/venv/lib/python3.10/site-packages/airflow/example_dags/example_xcom.py
[2023-11-30T02:20:35.110+0200] {processor.py:829} INFO - Processing file /home/seva/UCU/AutomatedDataPipelines/Homework1/venv/lib/python3.10/site-packages/airflow/example_dags/example_xcom.py for tasks to queue
[2023-11-30T02:20:35.111+0200] {logging_mixin.py:154} INFO - [2023-11-30T02:20:35.110+0200] {dagbag.py:536} INFO - Filling up the DagBag from /home/seva/UCU/AutomatedDataPipelines/Homework1/venv/lib/python3.10/site-packages/airflow/example_dags/example_xcom.py
[2023-11-30T02:20:35.117+0200] {processor.py:839} INFO - DAG(s) dict_keys(['example_xcom']) retrieved from /home/seva/UCU/AutomatedDataPipelines/Homework1/venv/lib/python3.10/site-packages/airflow/example_dags/example_xcom.py
[2023-11-30T02:20:35.131+0200] {logging_mixin.py:154} INFO - [2023-11-30T02:20:35.130+0200] {dag.py:2941} INFO - Sync 1 DAGs
[2023-11-30T02:20:35.146+0200] {logging_mixin.py:154} INFO - [2023-11-30T02:20:35.146+0200] {dag.py:3722} INFO - Setting next_dagrun for example_xcom to 2021-01-01T00:00:00+00:00, run_after=2021-01-01T00:00:00+00:00
[2023-11-30T02:20:35.169+0200] {processor.py:179} INFO - Processing /home/seva/UCU/AutomatedDataPipelines/Homework1/venv/lib/python3.10/site-packages/airflow/example_dags/example_xcom.py took 0.065 seconds
[2023-11-30T02:21:21.272+0200] {processor.py:157} INFO - Started process (PID=2983) to work on /home/seva/UCU/AutomatedDataPipelines/Homework1/venv/lib/python3.10/site-packages/airflow/example_dags/example_xcom.py
[2023-11-30T02:21:21.284+0200] {processor.py:829} INFO - Processing file /home/seva/UCU/AutomatedDataPipelines/Homework1/venv/lib/python3.10/site-packages/airflow/example_dags/example_xcom.py for tasks to queue
[2023-11-30T02:21:21.285+0200] {logging_mixin.py:154} INFO - [2023-11-30T02:21:21.285+0200] {dagbag.py:536} INFO - Filling up the DagBag from /home/seva/UCU/AutomatedDataPipelines/Homework1/venv/lib/python3.10/site-packages/airflow/example_dags/example_xcom.py
[2023-11-30T02:21:21.292+0200] {processor.py:839} INFO - DAG(s) dict_keys(['example_xcom']) retrieved from /home/seva/UCU/AutomatedDataPipelines/Homework1/venv/lib/python3.10/site-packages/airflow/example_dags/example_xcom.py
[2023-11-30T02:21:21.307+0200] {logging_mixin.py:154} INFO - [2023-11-30T02:21:21.306+0200] {dag.py:2941} INFO - Sync 1 DAGs
[2023-11-30T02:21:21.322+0200] {logging_mixin.py:154} INFO - [2023-11-30T02:21:21.321+0200] {dag.py:3722} INFO - Setting next_dagrun for example_xcom to 2021-01-01T00:00:00+00:00, run_after=2021-01-01T00:00:00+00:00
[2023-11-30T02:21:21.361+0200] {processor.py:179} INFO - Processing /home/seva/UCU/AutomatedDataPipelines/Homework1/venv/lib/python3.10/site-packages/airflow/example_dags/example_xcom.py took 0.093 seconds
[2023-11-30T02:22:02.969+0200] {processor.py:157} INFO - Started process (PID=3157) to work on /home/seva/UCU/AutomatedDataPipelines/Homework1/venv/lib/python3.10/site-packages/airflow/example_dags/example_xcom.py
[2023-11-30T02:22:02.981+0200] {processor.py:829} INFO - Processing file /home/seva/UCU/AutomatedDataPipelines/Homework1/venv/lib/python3.10/site-packages/airflow/example_dags/example_xcom.py for tasks to queue
[2023-11-30T02:22:02.982+0200] {logging_mixin.py:154} INFO - [2023-11-30T02:22:02.981+0200] {dagbag.py:536} INFO - Filling up the DagBag from /home/seva/UCU/AutomatedDataPipelines/Homework1/venv/lib/python3.10/site-packages/airflow/example_dags/example_xcom.py
[2023-11-30T02:22:02.989+0200] {processor.py:839} INFO - DAG(s) dict_keys(['example_xcom']) retrieved from /home/seva/UCU/AutomatedDataPipelines/Homework1/venv/lib/python3.10/site-packages/airflow/example_dags/example_xcom.py
[2023-11-30T02:22:03.003+0200] {logging_mixin.py:154} INFO - [2023-11-30T02:22:03.003+0200] {dag.py:2941} INFO - Sync 1 DAGs
[2023-11-30T02:22:03.019+0200] {logging_mixin.py:154} INFO - [2023-11-30T02:22:03.019+0200] {dag.py:3722} INFO - Setting next_dagrun for example_xcom to 2021-01-01T00:00:00+00:00, run_after=2021-01-01T00:00:00+00:00
[2023-11-30T02:22:03.044+0200] {processor.py:179} INFO - Processing /home/seva/UCU/AutomatedDataPipelines/Homework1/venv/lib/python3.10/site-packages/airflow/example_dags/example_xcom.py took 0.078 seconds
[2023-11-30T02:22:48.010+0200] {processor.py:157} INFO - Started process (PID=3328) to work on /home/seva/UCU/AutomatedDataPipelines/Homework1/venv/lib/python3.10/site-packages/airflow/example_dags/example_xcom.py
[2023-11-30T02:22:48.022+0200] {processor.py:829} INFO - Processing file /home/seva/UCU/AutomatedDataPipelines/Homework1/venv/lib/python3.10/site-packages/airflow/example_dags/example_xcom.py for tasks to queue
[2023-11-30T02:22:48.023+0200] {logging_mixin.py:154} INFO - [2023-11-30T02:22:48.023+0200] {dagbag.py:536} INFO - Filling up the DagBag from /home/seva/UCU/AutomatedDataPipelines/Homework1/venv/lib/python3.10/site-packages/airflow/example_dags/example_xcom.py
[2023-11-30T02:22:48.029+0200] {processor.py:839} INFO - DAG(s) dict_keys(['example_xcom']) retrieved from /home/seva/UCU/AutomatedDataPipelines/Homework1/venv/lib/python3.10/site-packages/airflow/example_dags/example_xcom.py
[2023-11-30T02:22:48.044+0200] {logging_mixin.py:154} INFO - [2023-11-30T02:22:48.044+0200] {dag.py:2941} INFO - Sync 1 DAGs
[2023-11-30T02:22:48.058+0200] {logging_mixin.py:154} INFO - [2023-11-30T02:22:48.058+0200] {dag.py:3722} INFO - Setting next_dagrun for example_xcom to 2021-01-01T00:00:00+00:00, run_after=2021-01-01T00:00:00+00:00
[2023-11-30T02:22:48.081+0200] {processor.py:179} INFO - Processing /home/seva/UCU/AutomatedDataPipelines/Homework1/venv/lib/python3.10/site-packages/airflow/example_dags/example_xcom.py took 0.074 seconds
[2023-11-30T02:23:32.047+0200] {processor.py:157} INFO - Started process (PID=3507) to work on /home/seva/UCU/AutomatedDataPipelines/Homework1/venv/lib/python3.10/site-packages/airflow/example_dags/example_xcom.py
[2023-11-30T02:23:32.049+0200] {processor.py:829} INFO - Processing file /home/seva/UCU/AutomatedDataPipelines/Homework1/venv/lib/python3.10/site-packages/airflow/example_dags/example_xcom.py for tasks to queue
[2023-11-30T02:23:32.050+0200] {logging_mixin.py:154} INFO - [2023-11-30T02:23:32.050+0200] {dagbag.py:536} INFO - Filling up the DagBag from /home/seva/UCU/AutomatedDataPipelines/Homework1/venv/lib/python3.10/site-packages/airflow/example_dags/example_xcom.py
[2023-11-30T02:23:32.057+0200] {processor.py:839} INFO - DAG(s) dict_keys(['example_xcom']) retrieved from /home/seva/UCU/AutomatedDataPipelines/Homework1/venv/lib/python3.10/site-packages/airflow/example_dags/example_xcom.py
[2023-11-30T02:23:32.070+0200] {logging_mixin.py:154} INFO - [2023-11-30T02:23:32.070+0200] {dag.py:2941} INFO - Sync 1 DAGs
[2023-11-30T02:23:32.086+0200] {logging_mixin.py:154} INFO - [2023-11-30T02:23:32.086+0200] {dag.py:3722} INFO - Setting next_dagrun for example_xcom to 2021-01-01T00:00:00+00:00, run_after=2021-01-01T00:00:00+00:00
[2023-11-30T02:23:32.108+0200] {processor.py:179} INFO - Processing /home/seva/UCU/AutomatedDataPipelines/Homework1/venv/lib/python3.10/site-packages/airflow/example_dags/example_xcom.py took 0.064 seconds
[2023-11-30T02:24:16.629+0200] {processor.py:157} INFO - Started process (PID=3678) to work on /home/seva/UCU/AutomatedDataPipelines/Homework1/venv/lib/python3.10/site-packages/airflow/example_dags/example_xcom.py
[2023-11-30T02:24:16.641+0200] {processor.py:829} INFO - Processing file /home/seva/UCU/AutomatedDataPipelines/Homework1/venv/lib/python3.10/site-packages/airflow/example_dags/example_xcom.py for tasks to queue
[2023-11-30T02:24:16.642+0200] {logging_mixin.py:154} INFO - [2023-11-30T02:24:16.641+0200] {dagbag.py:536} INFO - Filling up the DagBag from /home/seva/UCU/AutomatedDataPipelines/Homework1/venv/lib/python3.10/site-packages/airflow/example_dags/example_xcom.py
[2023-11-30T02:24:16.648+0200] {processor.py:839} INFO - DAG(s) dict_keys(['example_xcom']) retrieved from /home/seva/UCU/AutomatedDataPipelines/Homework1/venv/lib/python3.10/site-packages/airflow/example_dags/example_xcom.py
[2023-11-30T02:24:16.662+0200] {logging_mixin.py:154} INFO - [2023-11-30T02:24:16.662+0200] {dag.py:2941} INFO - Sync 1 DAGs
[2023-11-30T02:24:16.677+0200] {logging_mixin.py:154} INFO - [2023-11-30T02:24:16.677+0200] {dag.py:3722} INFO - Setting next_dagrun for example_xcom to 2021-01-01T00:00:00+00:00, run_after=2021-01-01T00:00:00+00:00
[2023-11-30T02:24:16.702+0200] {processor.py:179} INFO - Processing /home/seva/UCU/AutomatedDataPipelines/Homework1/venv/lib/python3.10/site-packages/airflow/example_dags/example_xcom.py took 0.076 seconds
[2023-11-30T02:25:04.635+0200] {processor.py:157} INFO - Started process (PID=3873) to work on /home/seva/UCU/AutomatedDataPipelines/Homework1/venv/lib/python3.10/site-packages/airflow/example_dags/example_xcom.py
[2023-11-30T02:25:04.637+0200] {processor.py:829} INFO - Processing file /home/seva/UCU/AutomatedDataPipelines/Homework1/venv/lib/python3.10/site-packages/airflow/example_dags/example_xcom.py for tasks to queue
[2023-11-30T02:25:04.638+0200] {logging_mixin.py:154} INFO - [2023-11-30T02:25:04.638+0200] {dagbag.py:536} INFO - Filling up the DagBag from /home/seva/UCU/AutomatedDataPipelines/Homework1/venv/lib/python3.10/site-packages/airflow/example_dags/example_xcom.py
[2023-11-30T02:25:04.645+0200] {processor.py:839} INFO - DAG(s) dict_keys(['example_xcom']) retrieved from /home/seva/UCU/AutomatedDataPipelines/Homework1/venv/lib/python3.10/site-packages/airflow/example_dags/example_xcom.py
[2023-11-30T02:25:04.659+0200] {logging_mixin.py:154} INFO - [2023-11-30T02:25:04.659+0200] {dag.py:2941} INFO - Sync 1 DAGs
[2023-11-30T02:25:04.675+0200] {logging_mixin.py:154} INFO - [2023-11-30T02:25:04.675+0200] {dag.py:3722} INFO - Setting next_dagrun for example_xcom to 2021-01-01T00:00:00+00:00, run_after=2021-01-01T00:00:00+00:00
[2023-11-30T02:25:04.700+0200] {processor.py:179} INFO - Processing /home/seva/UCU/AutomatedDataPipelines/Homework1/venv/lib/python3.10/site-packages/airflow/example_dags/example_xcom.py took 0.068 seconds
[2023-11-30T02:25:48.312+0200] {processor.py:157} INFO - Started process (PID=4045) to work on /home/seva/UCU/AutomatedDataPipelines/Homework1/venv/lib/python3.10/site-packages/airflow/example_dags/example_xcom.py
[2023-11-30T02:25:48.324+0200] {processor.py:829} INFO - Processing file /home/seva/UCU/AutomatedDataPipelines/Homework1/venv/lib/python3.10/site-packages/airflow/example_dags/example_xcom.py for tasks to queue
[2023-11-30T02:25:48.325+0200] {logging_mixin.py:154} INFO - [2023-11-30T02:25:48.325+0200] {dagbag.py:536} INFO - Filling up the DagBag from /home/seva/UCU/AutomatedDataPipelines/Homework1/venv/lib/python3.10/site-packages/airflow/example_dags/example_xcom.py
[2023-11-30T02:25:48.332+0200] {processor.py:839} INFO - DAG(s) dict_keys(['example_xcom']) retrieved from /home/seva/UCU/AutomatedDataPipelines/Homework1/venv/lib/python3.10/site-packages/airflow/example_dags/example_xcom.py
[2023-11-30T02:25:48.346+0200] {logging_mixin.py:154} INFO - [2023-11-30T02:25:48.346+0200] {dag.py:2941} INFO - Sync 1 DAGs
[2023-11-30T02:25:48.361+0200] {logging_mixin.py:154} INFO - [2023-11-30T02:25:48.361+0200] {dag.py:3722} INFO - Setting next_dagrun for example_xcom to 2021-01-01T00:00:00+00:00, run_after=2021-01-01T00:00:00+00:00
[2023-11-30T02:25:48.385+0200] {processor.py:179} INFO - Processing /home/seva/UCU/AutomatedDataPipelines/Homework1/venv/lib/python3.10/site-packages/airflow/example_dags/example_xcom.py took 0.076 seconds
[2023-11-30T02:26:33.399+0200] {processor.py:157} INFO - Started process (PID=4222) to work on /home/seva/UCU/AutomatedDataPipelines/Homework1/venv/lib/python3.10/site-packages/airflow/example_dags/example_xcom.py
[2023-11-30T02:26:33.401+0200] {processor.py:829} INFO - Processing file /home/seva/UCU/AutomatedDataPipelines/Homework1/venv/lib/python3.10/site-packages/airflow/example_dags/example_xcom.py for tasks to queue
[2023-11-30T02:26:33.402+0200] {logging_mixin.py:154} INFO - [2023-11-30T02:26:33.402+0200] {dagbag.py:536} INFO - Filling up the DagBag from /home/seva/UCU/AutomatedDataPipelines/Homework1/venv/lib/python3.10/site-packages/airflow/example_dags/example_xcom.py
[2023-11-30T02:26:33.409+0200] {processor.py:839} INFO - DAG(s) dict_keys(['example_xcom']) retrieved from /home/seva/UCU/AutomatedDataPipelines/Homework1/venv/lib/python3.10/site-packages/airflow/example_dags/example_xcom.py
[2023-11-30T02:26:33.424+0200] {logging_mixin.py:154} INFO - [2023-11-30T02:26:33.424+0200] {dag.py:2941} INFO - Sync 1 DAGs
[2023-11-30T02:26:33.439+0200] {logging_mixin.py:154} INFO - [2023-11-30T02:26:33.439+0200] {dag.py:3722} INFO - Setting next_dagrun for example_xcom to 2021-01-01T00:00:00+00:00, run_after=2021-01-01T00:00:00+00:00
[2023-11-30T02:26:33.463+0200] {processor.py:179} INFO - Processing /home/seva/UCU/AutomatedDataPipelines/Homework1/venv/lib/python3.10/site-packages/airflow/example_dags/example_xcom.py took 0.066 seconds
[2023-11-30T02:27:25.156+0200] {processor.py:157} INFO - Started process (PID=4426) to work on /home/seva/UCU/AutomatedDataPipelines/Homework1/venv/lib/python3.10/site-packages/airflow/example_dags/example_xcom.py
[2023-11-30T02:27:25.164+0200] {processor.py:829} INFO - Processing file /home/seva/UCU/AutomatedDataPipelines/Homework1/venv/lib/python3.10/site-packages/airflow/example_dags/example_xcom.py for tasks to queue
[2023-11-30T02:27:25.165+0200] {logging_mixin.py:154} INFO - [2023-11-30T02:27:25.164+0200] {dagbag.py:536} INFO - Filling up the DagBag from /home/seva/UCU/AutomatedDataPipelines/Homework1/venv/lib/python3.10/site-packages/airflow/example_dags/example_xcom.py
[2023-11-30T02:27:25.171+0200] {processor.py:839} INFO - DAG(s) dict_keys(['example_xcom']) retrieved from /home/seva/UCU/AutomatedDataPipelines/Homework1/venv/lib/python3.10/site-packages/airflow/example_dags/example_xcom.py
[2023-11-30T02:27:25.185+0200] {logging_mixin.py:154} INFO - [2023-11-30T02:27:25.185+0200] {dag.py:2941} INFO - Sync 1 DAGs
[2023-11-30T02:27:25.201+0200] {logging_mixin.py:154} INFO - [2023-11-30T02:27:25.201+0200] {dag.py:3722} INFO - Setting next_dagrun for example_xcom to 2021-01-01T00:00:00+00:00, run_after=2021-01-01T00:00:00+00:00
[2023-11-30T02:27:25.226+0200] {processor.py:179} INFO - Processing /home/seva/UCU/AutomatedDataPipelines/Homework1/venv/lib/python3.10/site-packages/airflow/example_dags/example_xcom.py took 0.073 seconds
[2023-11-30T02:28:13.646+0200] {processor.py:157} INFO - Started process (PID=4612) to work on /home/seva/UCU/AutomatedDataPipelines/Homework1/venv/lib/python3.10/site-packages/airflow/example_dags/example_xcom.py
[2023-11-30T02:28:13.658+0200] {processor.py:829} INFO - Processing file /home/seva/UCU/AutomatedDataPipelines/Homework1/venv/lib/python3.10/site-packages/airflow/example_dags/example_xcom.py for tasks to queue
[2023-11-30T02:28:13.659+0200] {logging_mixin.py:154} INFO - [2023-11-30T02:28:13.659+0200] {dagbag.py:536} INFO - Filling up the DagBag from /home/seva/UCU/AutomatedDataPipelines/Homework1/venv/lib/python3.10/site-packages/airflow/example_dags/example_xcom.py
[2023-11-30T02:28:13.667+0200] {processor.py:839} INFO - DAG(s) dict_keys(['example_xcom']) retrieved from /home/seva/UCU/AutomatedDataPipelines/Homework1/venv/lib/python3.10/site-packages/airflow/example_dags/example_xcom.py
[2023-11-30T02:28:13.680+0200] {logging_mixin.py:154} INFO - [2023-11-30T02:28:13.680+0200] {dag.py:2941} INFO - Sync 1 DAGs
[2023-11-30T02:28:13.696+0200] {logging_mixin.py:154} INFO - [2023-11-30T02:28:13.696+0200] {dag.py:3722} INFO - Setting next_dagrun for example_xcom to 2021-01-01T00:00:00+00:00, run_after=2021-01-01T00:00:00+00:00
[2023-11-30T02:28:13.721+0200] {processor.py:179} INFO - Processing /home/seva/UCU/AutomatedDataPipelines/Homework1/venv/lib/python3.10/site-packages/airflow/example_dags/example_xcom.py took 0.078 seconds
[2023-11-30T02:28:56.499+0200] {processor.py:157} INFO - Started process (PID=4783) to work on /home/seva/UCU/AutomatedDataPipelines/Homework1/venv/lib/python3.10/site-packages/airflow/example_dags/example_xcom.py
[2023-11-30T02:28:56.502+0200] {processor.py:829} INFO - Processing file /home/seva/UCU/AutomatedDataPipelines/Homework1/venv/lib/python3.10/site-packages/airflow/example_dags/example_xcom.py for tasks to queue
[2023-11-30T02:28:56.503+0200] {logging_mixin.py:154} INFO - [2023-11-30T02:28:56.502+0200] {dagbag.py:536} INFO - Filling up the DagBag from /home/seva/UCU/AutomatedDataPipelines/Homework1/venv/lib/python3.10/site-packages/airflow/example_dags/example_xcom.py
[2023-11-30T02:28:56.510+0200] {processor.py:839} INFO - DAG(s) dict_keys(['example_xcom']) retrieved from /home/seva/UCU/AutomatedDataPipelines/Homework1/venv/lib/python3.10/site-packages/airflow/example_dags/example_xcom.py
[2023-11-30T02:28:56.524+0200] {logging_mixin.py:154} INFO - [2023-11-30T02:28:56.524+0200] {dag.py:2941} INFO - Sync 1 DAGs
[2023-11-30T02:28:56.540+0200] {logging_mixin.py:154} INFO - [2023-11-30T02:28:56.540+0200] {dag.py:3722} INFO - Setting next_dagrun for example_xcom to 2021-01-01T00:00:00+00:00, run_after=2021-01-01T00:00:00+00:00
[2023-11-30T02:28:56.564+0200] {processor.py:179} INFO - Processing /home/seva/UCU/AutomatedDataPipelines/Homework1/venv/lib/python3.10/site-packages/airflow/example_dags/example_xcom.py took 0.067 seconds
[2023-11-30T02:29:41.143+0200] {processor.py:157} INFO - Started process (PID=4960) to work on /home/seva/UCU/AutomatedDataPipelines/Homework1/venv/lib/python3.10/site-packages/airflow/example_dags/example_xcom.py
[2023-11-30T02:29:41.154+0200] {processor.py:829} INFO - Processing file /home/seva/UCU/AutomatedDataPipelines/Homework1/venv/lib/python3.10/site-packages/airflow/example_dags/example_xcom.py for tasks to queue
[2023-11-30T02:29:41.155+0200] {logging_mixin.py:154} INFO - [2023-11-30T02:29:41.155+0200] {dagbag.py:536} INFO - Filling up the DagBag from /home/seva/UCU/AutomatedDataPipelines/Homework1/venv/lib/python3.10/site-packages/airflow/example_dags/example_xcom.py
[2023-11-30T02:29:41.162+0200] {processor.py:839} INFO - DAG(s) dict_keys(['example_xcom']) retrieved from /home/seva/UCU/AutomatedDataPipelines/Homework1/venv/lib/python3.10/site-packages/airflow/example_dags/example_xcom.py
[2023-11-30T02:29:41.177+0200] {logging_mixin.py:154} INFO - [2023-11-30T02:29:41.177+0200] {dag.py:2941} INFO - Sync 1 DAGs
[2023-11-30T02:29:41.192+0200] {logging_mixin.py:154} INFO - [2023-11-30T02:29:41.192+0200] {dag.py:3722} INFO - Setting next_dagrun for example_xcom to 2021-01-01T00:00:00+00:00, run_after=2021-01-01T00:00:00+00:00
[2023-11-30T02:29:41.215+0200] {processor.py:179} INFO - Processing /home/seva/UCU/AutomatedDataPipelines/Homework1/venv/lib/python3.10/site-packages/airflow/example_dags/example_xcom.py took 0.075 seconds
[2023-11-30T02:30:27.560+0200] {processor.py:157} INFO - Started process (PID=5145) to work on /home/seva/UCU/AutomatedDataPipelines/Homework1/venv/lib/python3.10/site-packages/airflow/example_dags/example_xcom.py
[2023-11-30T02:30:27.572+0200] {processor.py:829} INFO - Processing file /home/seva/UCU/AutomatedDataPipelines/Homework1/venv/lib/python3.10/site-packages/airflow/example_dags/example_xcom.py for tasks to queue
[2023-11-30T02:30:27.573+0200] {logging_mixin.py:154} INFO - [2023-11-30T02:30:27.572+0200] {dagbag.py:536} INFO - Filling up the DagBag from /home/seva/UCU/AutomatedDataPipelines/Homework1/venv/lib/python3.10/site-packages/airflow/example_dags/example_xcom.py
[2023-11-30T02:30:27.580+0200] {processor.py:839} INFO - DAG(s) dict_keys(['example_xcom']) retrieved from /home/seva/UCU/AutomatedDataPipelines/Homework1/venv/lib/python3.10/site-packages/airflow/example_dags/example_xcom.py
[2023-11-30T02:30:27.594+0200] {logging_mixin.py:154} INFO - [2023-11-30T02:30:27.594+0200] {dag.py:2941} INFO - Sync 1 DAGs
[2023-11-30T02:30:27.610+0200] {logging_mixin.py:154} INFO - [2023-11-30T02:30:27.610+0200] {dag.py:3722} INFO - Setting next_dagrun for example_xcom to 2021-01-01T00:00:00+00:00, run_after=2021-01-01T00:00:00+00:00
[2023-11-30T02:30:27.637+0200] {processor.py:179} INFO - Processing /home/seva/UCU/AutomatedDataPipelines/Homework1/venv/lib/python3.10/site-packages/airflow/example_dags/example_xcom.py took 0.079 seconds
[2023-11-30T02:31:13.764+0200] {processor.py:157} INFO - Started process (PID=5324) to work on /home/seva/UCU/AutomatedDataPipelines/Homework1/venv/lib/python3.10/site-packages/airflow/example_dags/example_xcom.py
[2023-11-30T02:31:13.776+0200] {processor.py:829} INFO - Processing file /home/seva/UCU/AutomatedDataPipelines/Homework1/venv/lib/python3.10/site-packages/airflow/example_dags/example_xcom.py for tasks to queue
[2023-11-30T02:31:13.777+0200] {logging_mixin.py:154} INFO - [2023-11-30T02:31:13.777+0200] {dagbag.py:536} INFO - Filling up the DagBag from /home/seva/UCU/AutomatedDataPipelines/Homework1/venv/lib/python3.10/site-packages/airflow/example_dags/example_xcom.py
[2023-11-30T02:31:13.784+0200] {processor.py:839} INFO - DAG(s) dict_keys(['example_xcom']) retrieved from /home/seva/UCU/AutomatedDataPipelines/Homework1/venv/lib/python3.10/site-packages/airflow/example_dags/example_xcom.py
[2023-11-30T02:31:13.798+0200] {logging_mixin.py:154} INFO - [2023-11-30T02:31:13.798+0200] {dag.py:2941} INFO - Sync 1 DAGs
[2023-11-30T02:31:13.813+0200] {logging_mixin.py:154} INFO - [2023-11-30T02:31:13.813+0200] {dag.py:3722} INFO - Setting next_dagrun for example_xcom to 2021-01-01T00:00:00+00:00, run_after=2021-01-01T00:00:00+00:00
[2023-11-30T02:31:13.836+0200] {processor.py:179} INFO - Processing /home/seva/UCU/AutomatedDataPipelines/Homework1/venv/lib/python3.10/site-packages/airflow/example_dags/example_xcom.py took 0.075 seconds
[2023-11-30T02:31:56.614+0200] {processor.py:157} INFO - Started process (PID=5496) to work on /home/seva/UCU/AutomatedDataPipelines/Homework1/venv/lib/python3.10/site-packages/airflow/example_dags/example_xcom.py
[2023-11-30T02:31:56.626+0200] {processor.py:829} INFO - Processing file /home/seva/UCU/AutomatedDataPipelines/Homework1/venv/lib/python3.10/site-packages/airflow/example_dags/example_xcom.py for tasks to queue
[2023-11-30T02:31:56.627+0200] {logging_mixin.py:154} INFO - [2023-11-30T02:31:56.626+0200] {dagbag.py:536} INFO - Filling up the DagBag from /home/seva/UCU/AutomatedDataPipelines/Homework1/venv/lib/python3.10/site-packages/airflow/example_dags/example_xcom.py
[2023-11-30T02:31:56.634+0200] {processor.py:839} INFO - DAG(s) dict_keys(['example_xcom']) retrieved from /home/seva/UCU/AutomatedDataPipelines/Homework1/venv/lib/python3.10/site-packages/airflow/example_dags/example_xcom.py
[2023-11-30T02:31:56.650+0200] {logging_mixin.py:154} INFO - [2023-11-30T02:31:56.649+0200] {dag.py:2941} INFO - Sync 1 DAGs
[2023-11-30T02:31:56.665+0200] {logging_mixin.py:154} INFO - [2023-11-30T02:31:56.665+0200] {dag.py:3722} INFO - Setting next_dagrun for example_xcom to 2021-01-01T00:00:00+00:00, run_after=2021-01-01T00:00:00+00:00
[2023-11-30T02:31:56.695+0200] {processor.py:179} INFO - Processing /home/seva/UCU/AutomatedDataPipelines/Homework1/venv/lib/python3.10/site-packages/airflow/example_dags/example_xcom.py took 0.085 seconds
[2023-11-30T02:32:41.900+0200] {processor.py:157} INFO - Started process (PID=5704) to work on /home/seva/UCU/AutomatedDataPipelines/Homework1/venv/lib/python3.10/site-packages/airflow/example_dags/example_xcom.py
[2023-11-30T02:32:41.911+0200] {processor.py:829} INFO - Processing file /home/seva/UCU/AutomatedDataPipelines/Homework1/venv/lib/python3.10/site-packages/airflow/example_dags/example_xcom.py for tasks to queue
[2023-11-30T02:32:41.912+0200] {logging_mixin.py:154} INFO - [2023-11-30T02:32:41.912+0200] {dagbag.py:536} INFO - Filling up the DagBag from /home/seva/UCU/AutomatedDataPipelines/Homework1/venv/lib/python3.10/site-packages/airflow/example_dags/example_xcom.py
[2023-11-30T02:32:41.920+0200] {processor.py:839} INFO - DAG(s) dict_keys(['example_xcom']) retrieved from /home/seva/UCU/AutomatedDataPipelines/Homework1/venv/lib/python3.10/site-packages/airflow/example_dags/example_xcom.py
[2023-11-30T02:32:41.935+0200] {logging_mixin.py:154} INFO - [2023-11-30T02:32:41.935+0200] {dag.py:2941} INFO - Sync 1 DAGs
[2023-11-30T02:32:41.951+0200] {logging_mixin.py:154} INFO - [2023-11-30T02:32:41.951+0200] {dag.py:3722} INFO - Setting next_dagrun for example_xcom to 2021-01-01T00:00:00+00:00, run_after=2021-01-01T00:00:00+00:00
[2023-11-30T02:32:41.975+0200] {processor.py:179} INFO - Processing /home/seva/UCU/AutomatedDataPipelines/Homework1/venv/lib/python3.10/site-packages/airflow/example_dags/example_xcom.py took 0.078 seconds
[2023-11-30T02:33:29.115+0200] {processor.py:157} INFO - Started process (PID=5884) to work on /home/seva/UCU/AutomatedDataPipelines/Homework1/venv/lib/python3.10/site-packages/airflow/example_dags/example_xcom.py
[2023-11-30T02:33:29.127+0200] {processor.py:829} INFO - Processing file /home/seva/UCU/AutomatedDataPipelines/Homework1/venv/lib/python3.10/site-packages/airflow/example_dags/example_xcom.py for tasks to queue
[2023-11-30T02:33:29.128+0200] {logging_mixin.py:154} INFO - [2023-11-30T02:33:29.127+0200] {dagbag.py:536} INFO - Filling up the DagBag from /home/seva/UCU/AutomatedDataPipelines/Homework1/venv/lib/python3.10/site-packages/airflow/example_dags/example_xcom.py
[2023-11-30T02:33:29.135+0200] {processor.py:839} INFO - DAG(s) dict_keys(['example_xcom']) retrieved from /home/seva/UCU/AutomatedDataPipelines/Homework1/venv/lib/python3.10/site-packages/airflow/example_dags/example_xcom.py
[2023-11-30T02:33:29.150+0200] {logging_mixin.py:154} INFO - [2023-11-30T02:33:29.150+0200] {dag.py:2941} INFO - Sync 1 DAGs
[2023-11-30T02:33:29.165+0200] {logging_mixin.py:154} INFO - [2023-11-30T02:33:29.165+0200] {dag.py:3722} INFO - Setting next_dagrun for example_xcom to 2021-01-01T00:00:00+00:00, run_after=2021-01-01T00:00:00+00:00
[2023-11-30T02:33:29.189+0200] {processor.py:179} INFO - Processing /home/seva/UCU/AutomatedDataPipelines/Homework1/venv/lib/python3.10/site-packages/airflow/example_dags/example_xcom.py took 0.078 seconds
[2023-11-30T02:34:15.900+0200] {processor.py:157} INFO - Started process (PID=6075) to work on /home/seva/UCU/AutomatedDataPipelines/Homework1/venv/lib/python3.10/site-packages/airflow/example_dags/example_xcom.py
[2023-11-30T02:34:15.914+0200] {processor.py:829} INFO - Processing file /home/seva/UCU/AutomatedDataPipelines/Homework1/venv/lib/python3.10/site-packages/airflow/example_dags/example_xcom.py for tasks to queue
[2023-11-30T02:34:15.916+0200] {logging_mixin.py:154} INFO - [2023-11-30T02:34:15.915+0200] {dagbag.py:536} INFO - Filling up the DagBag from /home/seva/UCU/AutomatedDataPipelines/Homework1/venv/lib/python3.10/site-packages/airflow/example_dags/example_xcom.py
[2023-11-30T02:34:15.924+0200] {processor.py:839} INFO - DAG(s) dict_keys(['example_xcom']) retrieved from /home/seva/UCU/AutomatedDataPipelines/Homework1/venv/lib/python3.10/site-packages/airflow/example_dags/example_xcom.py
[2023-11-30T02:34:15.942+0200] {logging_mixin.py:154} INFO - [2023-11-30T02:34:15.942+0200] {dag.py:2941} INFO - Sync 1 DAGs
[2023-11-30T02:34:15.965+0200] {logging_mixin.py:154} INFO - [2023-11-30T02:34:15.965+0200] {dag.py:3722} INFO - Setting next_dagrun for example_xcom to 2021-01-01T00:00:00+00:00, run_after=2021-01-01T00:00:00+00:00
[2023-11-30T02:34:15.992+0200] {processor.py:179} INFO - Processing /home/seva/UCU/AutomatedDataPipelines/Homework1/venv/lib/python3.10/site-packages/airflow/example_dags/example_xcom.py took 0.096 seconds
[2023-11-30T02:35:06.804+0200] {processor.py:157} INFO - Started process (PID=6273) to work on /home/seva/UCU/AutomatedDataPipelines/Homework1/venv/lib/python3.10/site-packages/airflow/example_dags/example_xcom.py
[2023-11-30T02:35:06.816+0200] {processor.py:829} INFO - Processing file /home/seva/UCU/AutomatedDataPipelines/Homework1/venv/lib/python3.10/site-packages/airflow/example_dags/example_xcom.py for tasks to queue
[2023-11-30T02:35:06.818+0200] {logging_mixin.py:154} INFO - [2023-11-30T02:35:06.817+0200] {dagbag.py:536} INFO - Filling up the DagBag from /home/seva/UCU/AutomatedDataPipelines/Homework1/venv/lib/python3.10/site-packages/airflow/example_dags/example_xcom.py
[2023-11-30T02:35:06.829+0200] {processor.py:839} INFO - DAG(s) dict_keys(['example_xcom']) retrieved from /home/seva/UCU/AutomatedDataPipelines/Homework1/venv/lib/python3.10/site-packages/airflow/example_dags/example_xcom.py
[2023-11-30T02:35:06.868+0200] {logging_mixin.py:154} INFO - [2023-11-30T02:35:06.867+0200] {dag.py:2941} INFO - Sync 1 DAGs
[2023-11-30T02:35:06.916+0200] {logging_mixin.py:154} INFO - [2023-11-30T02:35:06.916+0200] {dag.py:3722} INFO - Setting next_dagrun for example_xcom to 2021-01-01T00:00:00+00:00, run_after=2021-01-01T00:00:00+00:00
[2023-11-30T02:35:06.973+0200] {processor.py:179} INFO - Processing /home/seva/UCU/AutomatedDataPipelines/Homework1/venv/lib/python3.10/site-packages/airflow/example_dags/example_xcom.py took 0.172 seconds
[2023-11-30T02:35:51.201+0200] {processor.py:157} INFO - Started process (PID=6456) to work on /home/seva/UCU/AutomatedDataPipelines/Homework1/venv/lib/python3.10/site-packages/airflow/example_dags/example_xcom.py
[2023-11-30T02:35:51.203+0200] {processor.py:829} INFO - Processing file /home/seva/UCU/AutomatedDataPipelines/Homework1/venv/lib/python3.10/site-packages/airflow/example_dags/example_xcom.py for tasks to queue
[2023-11-30T02:35:51.204+0200] {logging_mixin.py:154} INFO - [2023-11-30T02:35:51.203+0200] {dagbag.py:536} INFO - Filling up the DagBag from /home/seva/UCU/AutomatedDataPipelines/Homework1/venv/lib/python3.10/site-packages/airflow/example_dags/example_xcom.py
[2023-11-30T02:35:51.210+0200] {processor.py:839} INFO - DAG(s) dict_keys(['example_xcom']) retrieved from /home/seva/UCU/AutomatedDataPipelines/Homework1/venv/lib/python3.10/site-packages/airflow/example_dags/example_xcom.py
[2023-11-30T02:35:51.225+0200] {logging_mixin.py:154} INFO - [2023-11-30T02:35:51.225+0200] {dag.py:2941} INFO - Sync 1 DAGs
[2023-11-30T02:35:51.240+0200] {logging_mixin.py:154} INFO - [2023-11-30T02:35:51.240+0200] {dag.py:3722} INFO - Setting next_dagrun for example_xcom to 2021-01-01T00:00:00+00:00, run_after=2021-01-01T00:00:00+00:00
[2023-11-30T02:35:51.263+0200] {processor.py:179} INFO - Processing /home/seva/UCU/AutomatedDataPipelines/Homework1/venv/lib/python3.10/site-packages/airflow/example_dags/example_xcom.py took 0.066 seconds
[2023-11-30T02:36:37.903+0200] {processor.py:157} INFO - Started process (PID=6637) to work on /home/seva/UCU/AutomatedDataPipelines/Homework1/venv/lib/python3.10/site-packages/airflow/example_dags/example_xcom.py
[2023-11-30T02:36:37.915+0200] {processor.py:829} INFO - Processing file /home/seva/UCU/AutomatedDataPipelines/Homework1/venv/lib/python3.10/site-packages/airflow/example_dags/example_xcom.py for tasks to queue
[2023-11-30T02:36:37.916+0200] {logging_mixin.py:154} INFO - [2023-11-30T02:36:37.916+0200] {dagbag.py:536} INFO - Filling up the DagBag from /home/seva/UCU/AutomatedDataPipelines/Homework1/venv/lib/python3.10/site-packages/airflow/example_dags/example_xcom.py
[2023-11-30T02:36:37.924+0200] {processor.py:839} INFO - DAG(s) dict_keys(['example_xcom']) retrieved from /home/seva/UCU/AutomatedDataPipelines/Homework1/venv/lib/python3.10/site-packages/airflow/example_dags/example_xcom.py
[2023-11-30T02:36:37.940+0200] {logging_mixin.py:154} INFO - [2023-11-30T02:36:37.940+0200] {dag.py:2941} INFO - Sync 1 DAGs
[2023-11-30T02:36:37.959+0200] {logging_mixin.py:154} INFO - [2023-11-30T02:36:37.959+0200] {dag.py:3722} INFO - Setting next_dagrun for example_xcom to 2021-01-01T00:00:00+00:00, run_after=2021-01-01T00:00:00+00:00
[2023-11-30T02:36:37.986+0200] {processor.py:179} INFO - Processing /home/seva/UCU/AutomatedDataPipelines/Homework1/venv/lib/python3.10/site-packages/airflow/example_dags/example_xcom.py took 0.086 seconds
[2023-11-30T02:37:26.398+0200] {processor.py:157} INFO - Started process (PID=6835) to work on /home/seva/UCU/AutomatedDataPipelines/Homework1/venv/lib/python3.10/site-packages/airflow/example_dags/example_xcom.py
[2023-11-30T02:37:26.411+0200] {processor.py:829} INFO - Processing file /home/seva/UCU/AutomatedDataPipelines/Homework1/venv/lib/python3.10/site-packages/airflow/example_dags/example_xcom.py for tasks to queue
[2023-11-30T02:37:26.413+0200] {logging_mixin.py:154} INFO - [2023-11-30T02:37:26.412+0200] {dagbag.py:536} INFO - Filling up the DagBag from /home/seva/UCU/AutomatedDataPipelines/Homework1/venv/lib/python3.10/site-packages/airflow/example_dags/example_xcom.py
[2023-11-30T02:37:26.424+0200] {processor.py:839} INFO - DAG(s) dict_keys(['example_xcom']) retrieved from /home/seva/UCU/AutomatedDataPipelines/Homework1/venv/lib/python3.10/site-packages/airflow/example_dags/example_xcom.py
[2023-11-30T02:37:26.441+0200] {logging_mixin.py:154} INFO - [2023-11-30T02:37:26.441+0200] {dag.py:2941} INFO - Sync 1 DAGs
[2023-11-30T02:37:26.462+0200] {logging_mixin.py:154} INFO - [2023-11-30T02:37:26.462+0200] {dag.py:3722} INFO - Setting next_dagrun for example_xcom to 2021-01-01T00:00:00+00:00, run_after=2021-01-01T00:00:00+00:00
[2023-11-30T02:37:26.505+0200] {processor.py:179} INFO - Processing /home/seva/UCU/AutomatedDataPipelines/Homework1/venv/lib/python3.10/site-packages/airflow/example_dags/example_xcom.py took 0.112 seconds
[2023-11-30T02:38:18.041+0200] {processor.py:157} INFO - Started process (PID=7101) to work on /home/seva/UCU/AutomatedDataPipelines/Homework1/venv/lib/python3.10/site-packages/airflow/example_dags/example_xcom.py
[2023-11-30T02:38:18.044+0200] {processor.py:829} INFO - Processing file /home/seva/UCU/AutomatedDataPipelines/Homework1/venv/lib/python3.10/site-packages/airflow/example_dags/example_xcom.py for tasks to queue
[2023-11-30T02:38:18.046+0200] {logging_mixin.py:154} INFO - [2023-11-30T02:38:18.045+0200] {dagbag.py:536} INFO - Filling up the DagBag from /home/seva/UCU/AutomatedDataPipelines/Homework1/venv/lib/python3.10/site-packages/airflow/example_dags/example_xcom.py
[2023-11-30T02:38:18.080+0200] {processor.py:839} INFO - DAG(s) dict_keys(['example_xcom']) retrieved from /home/seva/UCU/AutomatedDataPipelines/Homework1/venv/lib/python3.10/site-packages/airflow/example_dags/example_xcom.py
[2023-11-30T02:38:18.116+0200] {logging_mixin.py:154} INFO - [2023-11-30T02:38:18.116+0200] {dag.py:2941} INFO - Sync 1 DAGs
[2023-11-30T02:38:18.152+0200] {logging_mixin.py:154} INFO - [2023-11-30T02:38:18.150+0200] {dag.py:3722} INFO - Setting next_dagrun for example_xcom to 2021-01-01T00:00:00+00:00, run_after=2021-01-01T00:00:00+00:00
[2023-11-30T02:38:18.185+0200] {processor.py:179} INFO - Processing /home/seva/UCU/AutomatedDataPipelines/Homework1/venv/lib/python3.10/site-packages/airflow/example_dags/example_xcom.py took 0.150 seconds
[2023-11-30T02:39:12.418+0200] {processor.py:157} INFO - Started process (PID=7492) to work on /home/seva/UCU/AutomatedDataPipelines/Homework1/venv/lib/python3.10/site-packages/airflow/example_dags/example_xcom.py
[2023-11-30T02:39:12.430+0200] {processor.py:829} INFO - Processing file /home/seva/UCU/AutomatedDataPipelines/Homework1/venv/lib/python3.10/site-packages/airflow/example_dags/example_xcom.py for tasks to queue
[2023-11-30T02:39:12.431+0200] {logging_mixin.py:154} INFO - [2023-11-30T02:39:12.431+0200] {dagbag.py:536} INFO - Filling up the DagBag from /home/seva/UCU/AutomatedDataPipelines/Homework1/venv/lib/python3.10/site-packages/airflow/example_dags/example_xcom.py
[2023-11-30T02:39:12.440+0200] {processor.py:839} INFO - DAG(s) dict_keys(['example_xcom']) retrieved from /home/seva/UCU/AutomatedDataPipelines/Homework1/venv/lib/python3.10/site-packages/airflow/example_dags/example_xcom.py
[2023-11-30T02:39:12.458+0200] {logging_mixin.py:154} INFO - [2023-11-30T02:39:12.458+0200] {dag.py:2941} INFO - Sync 1 DAGs
[2023-11-30T02:39:12.478+0200] {logging_mixin.py:154} INFO - [2023-11-30T02:39:12.478+0200] {dag.py:3722} INFO - Setting next_dagrun for example_xcom to 2021-01-01T00:00:00+00:00, run_after=2021-01-01T00:00:00+00:00
[2023-11-30T02:39:12.507+0200] {processor.py:179} INFO - Processing /home/seva/UCU/AutomatedDataPipelines/Homework1/venv/lib/python3.10/site-packages/airflow/example_dags/example_xcom.py took 0.093 seconds
