[2023-11-30T02:14:09.614+0200] {processor.py:157} INFO - Started process (PID=1302) to work on /home/seva/UCU/AutomatedDataPipelines/Homework1/venv/lib/python3.10/site-packages/airflow/example_dags/example_trigger_target_dag.py
[2023-11-30T02:14:09.615+0200] {processor.py:829} INFO - Processing file /home/seva/UCU/AutomatedDataPipelines/Homework1/venv/lib/python3.10/site-packages/airflow/example_dags/example_trigger_target_dag.py for tasks to queue
[2023-11-30T02:14:09.616+0200] {logging_mixin.py:154} INFO - [2023-11-30T02:14:09.615+0200] {dagbag.py:536} INFO - Filling up the DagBag from /home/seva/UCU/AutomatedDataPipelines/Homework1/venv/lib/python3.10/site-packages/airflow/example_dags/example_trigger_target_dag.py
[2023-11-30T02:14:09.621+0200] {processor.py:839} INFO - DAG(s) dict_keys(['example_trigger_target_dag']) retrieved from /home/seva/UCU/AutomatedDataPipelines/Homework1/venv/lib/python3.10/site-packages/airflow/example_dags/example_trigger_target_dag.py
[2023-11-30T02:14:09.720+0200] {logging_mixin.py:154} INFO - [2023-11-30T02:14:09.720+0200] {manager.py:499} INFO - Created Permission View: %s
[2023-11-30T02:14:09.737+0200] {logging_mixin.py:154} INFO - [2023-11-30T02:14:09.737+0200] {manager.py:499} INFO - Created Permission View: %s
[2023-11-30T02:14:09.751+0200] {logging_mixin.py:154} INFO - [2023-11-30T02:14:09.751+0200] {manager.py:499} INFO - Created Permission View: %s
[2023-11-30T02:14:09.752+0200] {logging_mixin.py:154} INFO - [2023-11-30T02:14:09.752+0200] {dag.py:2941} INFO - Sync 1 DAGs
[2023-11-30T02:14:09.766+0200] {logging_mixin.py:154} INFO - [2023-11-30T02:14:09.766+0200] {dag.py:2963} INFO - Creating ORM DAG for example_trigger_target_dag
[2023-11-30T02:14:09.767+0200] {logging_mixin.py:154} INFO - [2023-11-30T02:14:09.767+0200] {dag.py:3722} INFO - Setting next_dagrun for example_trigger_target_dag to None, run_after=None
[2023-11-30T02:14:09.790+0200] {processor.py:179} INFO - Processing /home/seva/UCU/AutomatedDataPipelines/Homework1/venv/lib/python3.10/site-packages/airflow/example_dags/example_trigger_target_dag.py took 0.179 seconds
[2023-11-30T02:14:57.847+0200] {processor.py:157} INFO - Started process (PID=1463) to work on /home/seva/UCU/AutomatedDataPipelines/Homework1/venv/lib/python3.10/site-packages/airflow/example_dags/example_trigger_target_dag.py
[2023-11-30T02:14:57.858+0200] {processor.py:829} INFO - Processing file /home/seva/UCU/AutomatedDataPipelines/Homework1/venv/lib/python3.10/site-packages/airflow/example_dags/example_trigger_target_dag.py for tasks to queue
[2023-11-30T02:14:57.859+0200] {logging_mixin.py:154} INFO - [2023-11-30T02:14:57.859+0200] {dagbag.py:536} INFO - Filling up the DagBag from /home/seva/UCU/AutomatedDataPipelines/Homework1/venv/lib/python3.10/site-packages/airflow/example_dags/example_trigger_target_dag.py
[2023-11-30T02:14:57.867+0200] {processor.py:839} INFO - DAG(s) dict_keys(['example_trigger_target_dag']) retrieved from /home/seva/UCU/AutomatedDataPipelines/Homework1/venv/lib/python3.10/site-packages/airflow/example_dags/example_trigger_target_dag.py
[2023-11-30T02:14:57.886+0200] {logging_mixin.py:154} INFO - [2023-11-30T02:14:57.886+0200] {dag.py:2941} INFO - Sync 1 DAGs
[2023-11-30T02:14:57.899+0200] {logging_mixin.py:154} INFO - [2023-11-30T02:14:57.898+0200] {dag.py:3722} INFO - Setting next_dagrun for example_trigger_target_dag to None, run_after=None
[2023-11-30T02:14:57.925+0200] {processor.py:179} INFO - Processing /home/seva/UCU/AutomatedDataPipelines/Homework1/venv/lib/python3.10/site-packages/airflow/example_dags/example_trigger_target_dag.py took 0.082 seconds
[2023-11-30T02:15:44.232+0200] {processor.py:157} INFO - Started process (PID=1644) to work on /home/seva/UCU/AutomatedDataPipelines/Homework1/venv/lib/python3.10/site-packages/airflow/example_dags/example_trigger_target_dag.py
[2023-11-30T02:15:44.244+0200] {processor.py:829} INFO - Processing file /home/seva/UCU/AutomatedDataPipelines/Homework1/venv/lib/python3.10/site-packages/airflow/example_dags/example_trigger_target_dag.py for tasks to queue
[2023-11-30T02:15:44.245+0200] {logging_mixin.py:154} INFO - [2023-11-30T02:15:44.245+0200] {dagbag.py:536} INFO - Filling up the DagBag from /home/seva/UCU/AutomatedDataPipelines/Homework1/venv/lib/python3.10/site-packages/airflow/example_dags/example_trigger_target_dag.py
[2023-11-30T02:15:44.252+0200] {processor.py:839} INFO - DAG(s) dict_keys(['example_trigger_target_dag']) retrieved from /home/seva/UCU/AutomatedDataPipelines/Homework1/venv/lib/python3.10/site-packages/airflow/example_dags/example_trigger_target_dag.py
[2023-11-30T02:15:44.269+0200] {logging_mixin.py:154} INFO - [2023-11-30T02:15:44.269+0200] {dag.py:2941} INFO - Sync 1 DAGs
[2023-11-30T02:15:44.281+0200] {logging_mixin.py:154} INFO - [2023-11-30T02:15:44.281+0200] {dag.py:3722} INFO - Setting next_dagrun for example_trigger_target_dag to None, run_after=None
[2023-11-30T02:15:44.306+0200] {processor.py:179} INFO - Processing /home/seva/UCU/AutomatedDataPipelines/Homework1/venv/lib/python3.10/site-packages/airflow/example_dags/example_trigger_target_dag.py took 0.077 seconds
[2023-11-30T02:16:31.845+0200] {processor.py:157} INFO - Started process (PID=1836) to work on /home/seva/UCU/AutomatedDataPipelines/Homework1/venv/lib/python3.10/site-packages/airflow/example_dags/example_trigger_target_dag.py
[2023-11-30T02:16:31.856+0200] {processor.py:829} INFO - Processing file /home/seva/UCU/AutomatedDataPipelines/Homework1/venv/lib/python3.10/site-packages/airflow/example_dags/example_trigger_target_dag.py for tasks to queue
[2023-11-30T02:16:31.857+0200] {logging_mixin.py:154} INFO - [2023-11-30T02:16:31.857+0200] {dagbag.py:536} INFO - Filling up the DagBag from /home/seva/UCU/AutomatedDataPipelines/Homework1/venv/lib/python3.10/site-packages/airflow/example_dags/example_trigger_target_dag.py
[2023-11-30T02:16:31.863+0200] {processor.py:839} INFO - DAG(s) dict_keys(['example_trigger_target_dag']) retrieved from /home/seva/UCU/AutomatedDataPipelines/Homework1/venv/lib/python3.10/site-packages/airflow/example_dags/example_trigger_target_dag.py
[2023-11-30T02:16:31.876+0200] {logging_mixin.py:154} INFO - [2023-11-30T02:16:31.876+0200] {dag.py:2941} INFO - Sync 1 DAGs
[2023-11-30T02:16:31.886+0200] {logging_mixin.py:154} INFO - [2023-11-30T02:16:31.886+0200] {dag.py:3722} INFO - Setting next_dagrun for example_trigger_target_dag to None, run_after=None
[2023-11-30T02:16:31.910+0200] {processor.py:179} INFO - Processing /home/seva/UCU/AutomatedDataPipelines/Homework1/venv/lib/python3.10/site-packages/airflow/example_dags/example_trigger_target_dag.py took 0.068 seconds
[2023-11-30T02:17:14.052+0200] {processor.py:157} INFO - Started process (PID=2005) to work on /home/seva/UCU/AutomatedDataPipelines/Homework1/venv/lib/python3.10/site-packages/airflow/example_dags/example_trigger_target_dag.py
[2023-11-30T02:17:14.065+0200] {processor.py:829} INFO - Processing file /home/seva/UCU/AutomatedDataPipelines/Homework1/venv/lib/python3.10/site-packages/airflow/example_dags/example_trigger_target_dag.py for tasks to queue
[2023-11-30T02:17:14.065+0200] {logging_mixin.py:154} INFO - [2023-11-30T02:17:14.065+0200] {dagbag.py:536} INFO - Filling up the DagBag from /home/seva/UCU/AutomatedDataPipelines/Homework1/venv/lib/python3.10/site-packages/airflow/example_dags/example_trigger_target_dag.py
[2023-11-30T02:17:14.071+0200] {processor.py:839} INFO - DAG(s) dict_keys(['example_trigger_target_dag']) retrieved from /home/seva/UCU/AutomatedDataPipelines/Homework1/venv/lib/python3.10/site-packages/airflow/example_dags/example_trigger_target_dag.py
[2023-11-30T02:17:14.085+0200] {logging_mixin.py:154} INFO - [2023-11-30T02:17:14.084+0200] {dag.py:2941} INFO - Sync 1 DAGs
[2023-11-30T02:17:14.094+0200] {logging_mixin.py:154} INFO - [2023-11-30T02:17:14.093+0200] {dag.py:3722} INFO - Setting next_dagrun for example_trigger_target_dag to None, run_after=None
[2023-11-30T02:17:14.117+0200] {processor.py:179} INFO - Processing /home/seva/UCU/AutomatedDataPipelines/Homework1/venv/lib/python3.10/site-packages/airflow/example_dags/example_trigger_target_dag.py took 0.067 seconds
[2023-11-30T02:17:57.108+0200] {processor.py:157} INFO - Started process (PID=2182) to work on /home/seva/UCU/AutomatedDataPipelines/Homework1/venv/lib/python3.10/site-packages/airflow/example_dags/example_trigger_target_dag.py
[2023-11-30T02:17:57.110+0200] {processor.py:829} INFO - Processing file /home/seva/UCU/AutomatedDataPipelines/Homework1/venv/lib/python3.10/site-packages/airflow/example_dags/example_trigger_target_dag.py for tasks to queue
[2023-11-30T02:17:57.111+0200] {logging_mixin.py:154} INFO - [2023-11-30T02:17:57.110+0200] {dagbag.py:536} INFO - Filling up the DagBag from /home/seva/UCU/AutomatedDataPipelines/Homework1/venv/lib/python3.10/site-packages/airflow/example_dags/example_trigger_target_dag.py
[2023-11-30T02:17:57.117+0200] {processor.py:839} INFO - DAG(s) dict_keys(['example_trigger_target_dag']) retrieved from /home/seva/UCU/AutomatedDataPipelines/Homework1/venv/lib/python3.10/site-packages/airflow/example_dags/example_trigger_target_dag.py
[2023-11-30T02:17:57.134+0200] {logging_mixin.py:154} INFO - [2023-11-30T02:17:57.134+0200] {dag.py:2941} INFO - Sync 1 DAGs
[2023-11-30T02:17:57.155+0200] {logging_mixin.py:154} INFO - [2023-11-30T02:17:57.155+0200] {dag.py:3722} INFO - Setting next_dagrun for example_trigger_target_dag to None, run_after=None
[2023-11-30T02:17:57.178+0200] {processor.py:179} INFO - Processing /home/seva/UCU/AutomatedDataPipelines/Homework1/venv/lib/python3.10/site-packages/airflow/example_dags/example_trigger_target_dag.py took 0.074 seconds
[2023-11-30T02:18:40.481+0200] {processor.py:157} INFO - Started process (PID=2354) to work on /home/seva/UCU/AutomatedDataPipelines/Homework1/venv/lib/python3.10/site-packages/airflow/example_dags/example_trigger_target_dag.py
[2023-11-30T02:18:40.483+0200] {processor.py:829} INFO - Processing file /home/seva/UCU/AutomatedDataPipelines/Homework1/venv/lib/python3.10/site-packages/airflow/example_dags/example_trigger_target_dag.py for tasks to queue
[2023-11-30T02:18:40.484+0200] {logging_mixin.py:154} INFO - [2023-11-30T02:18:40.484+0200] {dagbag.py:536} INFO - Filling up the DagBag from /home/seva/UCU/AutomatedDataPipelines/Homework1/venv/lib/python3.10/site-packages/airflow/example_dags/example_trigger_target_dag.py
[2023-11-30T02:18:40.489+0200] {processor.py:839} INFO - DAG(s) dict_keys(['example_trigger_target_dag']) retrieved from /home/seva/UCU/AutomatedDataPipelines/Homework1/venv/lib/python3.10/site-packages/airflow/example_dags/example_trigger_target_dag.py
[2023-11-30T02:18:40.502+0200] {logging_mixin.py:154} INFO - [2023-11-30T02:18:40.502+0200] {dag.py:2941} INFO - Sync 1 DAGs
[2023-11-30T02:18:40.512+0200] {logging_mixin.py:154} INFO - [2023-11-30T02:18:40.512+0200] {dag.py:3722} INFO - Setting next_dagrun for example_trigger_target_dag to None, run_after=None
[2023-11-30T02:18:40.540+0200] {processor.py:179} INFO - Processing /home/seva/UCU/AutomatedDataPipelines/Homework1/venv/lib/python3.10/site-packages/airflow/example_dags/example_trigger_target_dag.py took 0.063 seconds
[2023-11-30T02:19:25.720+0200] {processor.py:157} INFO - Started process (PID=2534) to work on /home/seva/UCU/AutomatedDataPipelines/Homework1/venv/lib/python3.10/site-packages/airflow/example_dags/example_trigger_target_dag.py
[2023-11-30T02:19:25.723+0200] {processor.py:829} INFO - Processing file /home/seva/UCU/AutomatedDataPipelines/Homework1/venv/lib/python3.10/site-packages/airflow/example_dags/example_trigger_target_dag.py for tasks to queue
[2023-11-30T02:19:25.724+0200] {logging_mixin.py:154} INFO - [2023-11-30T02:19:25.723+0200] {dagbag.py:536} INFO - Filling up the DagBag from /home/seva/UCU/AutomatedDataPipelines/Homework1/venv/lib/python3.10/site-packages/airflow/example_dags/example_trigger_target_dag.py
[2023-11-30T02:19:25.729+0200] {processor.py:839} INFO - DAG(s) dict_keys(['example_trigger_target_dag']) retrieved from /home/seva/UCU/AutomatedDataPipelines/Homework1/venv/lib/python3.10/site-packages/airflow/example_dags/example_trigger_target_dag.py
[2023-11-30T02:19:25.743+0200] {logging_mixin.py:154} INFO - [2023-11-30T02:19:25.742+0200] {dag.py:2941} INFO - Sync 1 DAGs
[2023-11-30T02:19:25.752+0200] {logging_mixin.py:154} INFO - [2023-11-30T02:19:25.751+0200] {dag.py:3722} INFO - Setting next_dagrun for example_trigger_target_dag to None, run_after=None
[2023-11-30T02:19:25.777+0200] {processor.py:179} INFO - Processing /home/seva/UCU/AutomatedDataPipelines/Homework1/venv/lib/python3.10/site-packages/airflow/example_dags/example_trigger_target_dag.py took 0.059 seconds
[2023-11-30T02:20:22.527+0200] {processor.py:157} INFO - Started process (PID=2755) to work on /home/seva/UCU/AutomatedDataPipelines/Homework1/venv/lib/python3.10/site-packages/airflow/example_dags/example_trigger_target_dag.py
[2023-11-30T02:20:22.540+0200] {processor.py:829} INFO - Processing file /home/seva/UCU/AutomatedDataPipelines/Homework1/venv/lib/python3.10/site-packages/airflow/example_dags/example_trigger_target_dag.py for tasks to queue
[2023-11-30T02:20:22.541+0200] {logging_mixin.py:154} INFO - [2023-11-30T02:20:22.540+0200] {dagbag.py:536} INFO - Filling up the DagBag from /home/seva/UCU/AutomatedDataPipelines/Homework1/venv/lib/python3.10/site-packages/airflow/example_dags/example_trigger_target_dag.py
[2023-11-30T02:20:22.547+0200] {processor.py:839} INFO - DAG(s) dict_keys(['example_trigger_target_dag']) retrieved from /home/seva/UCU/AutomatedDataPipelines/Homework1/venv/lib/python3.10/site-packages/airflow/example_dags/example_trigger_target_dag.py
[2023-11-30T02:20:22.560+0200] {logging_mixin.py:154} INFO - [2023-11-30T02:20:22.560+0200] {dag.py:2941} INFO - Sync 1 DAGs
[2023-11-30T02:20:22.569+0200] {logging_mixin.py:154} INFO - [2023-11-30T02:20:22.569+0200] {dag.py:3722} INFO - Setting next_dagrun for example_trigger_target_dag to None, run_after=None
[2023-11-30T02:20:22.593+0200] {processor.py:179} INFO - Processing /home/seva/UCU/AutomatedDataPipelines/Homework1/venv/lib/python3.10/site-packages/airflow/example_dags/example_trigger_target_dag.py took 0.069 seconds
[2023-11-30T02:21:11.131+0200] {processor.py:157} INFO - Started process (PID=2948) to work on /home/seva/UCU/AutomatedDataPipelines/Homework1/venv/lib/python3.10/site-packages/airflow/example_dags/example_trigger_target_dag.py
[2023-11-30T02:21:11.144+0200] {processor.py:829} INFO - Processing file /home/seva/UCU/AutomatedDataPipelines/Homework1/venv/lib/python3.10/site-packages/airflow/example_dags/example_trigger_target_dag.py for tasks to queue
[2023-11-30T02:21:11.145+0200] {logging_mixin.py:154} INFO - [2023-11-30T02:21:11.145+0200] {dagbag.py:536} INFO - Filling up the DagBag from /home/seva/UCU/AutomatedDataPipelines/Homework1/venv/lib/python3.10/site-packages/airflow/example_dags/example_trigger_target_dag.py
[2023-11-30T02:21:11.150+0200] {processor.py:839} INFO - DAG(s) dict_keys(['example_trigger_target_dag']) retrieved from /home/seva/UCU/AutomatedDataPipelines/Homework1/venv/lib/python3.10/site-packages/airflow/example_dags/example_trigger_target_dag.py
[2023-11-30T02:21:11.163+0200] {logging_mixin.py:154} INFO - [2023-11-30T02:21:11.163+0200] {dag.py:2941} INFO - Sync 1 DAGs
[2023-11-30T02:21:11.172+0200] {logging_mixin.py:154} INFO - [2023-11-30T02:21:11.172+0200] {dag.py:3722} INFO - Setting next_dagrun for example_trigger_target_dag to None, run_after=None
[2023-11-30T02:21:11.196+0200] {processor.py:179} INFO - Processing /home/seva/UCU/AutomatedDataPipelines/Homework1/venv/lib/python3.10/site-packages/airflow/example_dags/example_trigger_target_dag.py took 0.068 seconds
[2023-11-30T02:21:53.962+0200] {processor.py:157} INFO - Started process (PID=3114) to work on /home/seva/UCU/AutomatedDataPipelines/Homework1/venv/lib/python3.10/site-packages/airflow/example_dags/example_trigger_target_dag.py
[2023-11-30T02:21:53.974+0200] {processor.py:829} INFO - Processing file /home/seva/UCU/AutomatedDataPipelines/Homework1/venv/lib/python3.10/site-packages/airflow/example_dags/example_trigger_target_dag.py for tasks to queue
[2023-11-30T02:21:53.974+0200] {logging_mixin.py:154} INFO - [2023-11-30T02:21:53.974+0200] {dagbag.py:536} INFO - Filling up the DagBag from /home/seva/UCU/AutomatedDataPipelines/Homework1/venv/lib/python3.10/site-packages/airflow/example_dags/example_trigger_target_dag.py
[2023-11-30T02:21:53.980+0200] {processor.py:839} INFO - DAG(s) dict_keys(['example_trigger_target_dag']) retrieved from /home/seva/UCU/AutomatedDataPipelines/Homework1/venv/lib/python3.10/site-packages/airflow/example_dags/example_trigger_target_dag.py
[2023-11-30T02:21:53.993+0200] {logging_mixin.py:154} INFO - [2023-11-30T02:21:53.993+0200] {dag.py:2941} INFO - Sync 1 DAGs
[2023-11-30T02:21:54.002+0200] {logging_mixin.py:154} INFO - [2023-11-30T02:21:54.002+0200] {dag.py:3722} INFO - Setting next_dagrun for example_trigger_target_dag to None, run_after=None
[2023-11-30T02:21:54.026+0200] {processor.py:179} INFO - Processing /home/seva/UCU/AutomatedDataPipelines/Homework1/venv/lib/python3.10/site-packages/airflow/example_dags/example_trigger_target_dag.py took 0.067 seconds
[2023-11-30T02:22:52.627+0200] {processor.py:157} INFO - Started process (PID=3351) to work on /home/seva/UCU/AutomatedDataPipelines/Homework1/venv/lib/python3.10/site-packages/airflow/example_dags/example_trigger_target_dag.py
[2023-11-30T02:22:52.639+0200] {processor.py:829} INFO - Processing file /home/seva/UCU/AutomatedDataPipelines/Homework1/venv/lib/python3.10/site-packages/airflow/example_dags/example_trigger_target_dag.py for tasks to queue
[2023-11-30T02:22:52.641+0200] {logging_mixin.py:154} INFO - [2023-11-30T02:22:52.640+0200] {dagbag.py:536} INFO - Filling up the DagBag from /home/seva/UCU/AutomatedDataPipelines/Homework1/venv/lib/python3.10/site-packages/airflow/example_dags/example_trigger_target_dag.py
[2023-11-30T02:22:52.646+0200] {processor.py:839} INFO - DAG(s) dict_keys(['example_trigger_target_dag']) retrieved from /home/seva/UCU/AutomatedDataPipelines/Homework1/venv/lib/python3.10/site-packages/airflow/example_dags/example_trigger_target_dag.py
[2023-11-30T02:22:52.659+0200] {logging_mixin.py:154} INFO - [2023-11-30T02:22:52.659+0200] {dag.py:2941} INFO - Sync 1 DAGs
[2023-11-30T02:22:52.668+0200] {logging_mixin.py:154} INFO - [2023-11-30T02:22:52.668+0200] {dag.py:3722} INFO - Setting next_dagrun for example_trigger_target_dag to None, run_after=None
[2023-11-30T02:22:52.698+0200] {processor.py:179} INFO - Processing /home/seva/UCU/AutomatedDataPipelines/Homework1/venv/lib/python3.10/site-packages/airflow/example_dags/example_trigger_target_dag.py took 0.074 seconds
[2023-11-30T02:23:37.198+0200] {processor.py:157} INFO - Started process (PID=3524) to work on /home/seva/UCU/AutomatedDataPipelines/Homework1/venv/lib/python3.10/site-packages/airflow/example_dags/example_trigger_target_dag.py
[2023-11-30T02:23:37.210+0200] {processor.py:829} INFO - Processing file /home/seva/UCU/AutomatedDataPipelines/Homework1/venv/lib/python3.10/site-packages/airflow/example_dags/example_trigger_target_dag.py for tasks to queue
[2023-11-30T02:23:37.211+0200] {logging_mixin.py:154} INFO - [2023-11-30T02:23:37.211+0200] {dagbag.py:536} INFO - Filling up the DagBag from /home/seva/UCU/AutomatedDataPipelines/Homework1/venv/lib/python3.10/site-packages/airflow/example_dags/example_trigger_target_dag.py
[2023-11-30T02:23:37.218+0200] {processor.py:839} INFO - DAG(s) dict_keys(['example_trigger_target_dag']) retrieved from /home/seva/UCU/AutomatedDataPipelines/Homework1/venv/lib/python3.10/site-packages/airflow/example_dags/example_trigger_target_dag.py
[2023-11-30T02:23:37.231+0200] {logging_mixin.py:154} INFO - [2023-11-30T02:23:37.231+0200] {dag.py:2941} INFO - Sync 1 DAGs
[2023-11-30T02:23:37.240+0200] {logging_mixin.py:154} INFO - [2023-11-30T02:23:37.240+0200] {dag.py:3722} INFO - Setting next_dagrun for example_trigger_target_dag to None, run_after=None
[2023-11-30T02:23:37.264+0200] {processor.py:179} INFO - Processing /home/seva/UCU/AutomatedDataPipelines/Homework1/venv/lib/python3.10/site-packages/airflow/example_dags/example_trigger_target_dag.py took 0.068 seconds
[2023-11-30T02:24:21.937+0200] {processor.py:157} INFO - Started process (PID=3701) to work on /home/seva/UCU/AutomatedDataPipelines/Homework1/venv/lib/python3.10/site-packages/airflow/example_dags/example_trigger_target_dag.py
[2023-11-30T02:24:21.949+0200] {processor.py:829} INFO - Processing file /home/seva/UCU/AutomatedDataPipelines/Homework1/venv/lib/python3.10/site-packages/airflow/example_dags/example_trigger_target_dag.py for tasks to queue
[2023-11-30T02:24:21.950+0200] {logging_mixin.py:154} INFO - [2023-11-30T02:24:21.949+0200] {dagbag.py:536} INFO - Filling up the DagBag from /home/seva/UCU/AutomatedDataPipelines/Homework1/venv/lib/python3.10/site-packages/airflow/example_dags/example_trigger_target_dag.py
[2023-11-30T02:24:21.955+0200] {processor.py:839} INFO - DAG(s) dict_keys(['example_trigger_target_dag']) retrieved from /home/seva/UCU/AutomatedDataPipelines/Homework1/venv/lib/python3.10/site-packages/airflow/example_dags/example_trigger_target_dag.py
[2023-11-30T02:24:21.968+0200] {logging_mixin.py:154} INFO - [2023-11-30T02:24:21.968+0200] {dag.py:2941} INFO - Sync 1 DAGs
[2023-11-30T02:24:21.979+0200] {logging_mixin.py:154} INFO - [2023-11-30T02:24:21.979+0200] {dag.py:3722} INFO - Setting next_dagrun for example_trigger_target_dag to None, run_after=None
[2023-11-30T02:24:22.002+0200] {processor.py:179} INFO - Processing /home/seva/UCU/AutomatedDataPipelines/Homework1/venv/lib/python3.10/site-packages/airflow/example_dags/example_trigger_target_dag.py took 0.068 seconds
[2023-11-30T02:25:12.079+0200] {processor.py:157} INFO - Started process (PID=3898) to work on /home/seva/UCU/AutomatedDataPipelines/Homework1/venv/lib/python3.10/site-packages/airflow/example_dags/example_trigger_target_dag.py
[2023-11-30T02:25:12.091+0200] {processor.py:829} INFO - Processing file /home/seva/UCU/AutomatedDataPipelines/Homework1/venv/lib/python3.10/site-packages/airflow/example_dags/example_trigger_target_dag.py for tasks to queue
[2023-11-30T02:25:12.092+0200] {logging_mixin.py:154} INFO - [2023-11-30T02:25:12.092+0200] {dagbag.py:536} INFO - Filling up the DagBag from /home/seva/UCU/AutomatedDataPipelines/Homework1/venv/lib/python3.10/site-packages/airflow/example_dags/example_trigger_target_dag.py
[2023-11-30T02:25:12.098+0200] {processor.py:839} INFO - DAG(s) dict_keys(['example_trigger_target_dag']) retrieved from /home/seva/UCU/AutomatedDataPipelines/Homework1/venv/lib/python3.10/site-packages/airflow/example_dags/example_trigger_target_dag.py
[2023-11-30T02:25:12.111+0200] {logging_mixin.py:154} INFO - [2023-11-30T02:25:12.111+0200] {dag.py:2941} INFO - Sync 1 DAGs
[2023-11-30T02:25:12.120+0200] {logging_mixin.py:154} INFO - [2023-11-30T02:25:12.120+0200] {dag.py:3722} INFO - Setting next_dagrun for example_trigger_target_dag to None, run_after=None
[2023-11-30T02:25:12.144+0200] {processor.py:179} INFO - Processing /home/seva/UCU/AutomatedDataPipelines/Homework1/venv/lib/python3.10/site-packages/airflow/example_dags/example_trigger_target_dag.py took 0.067 seconds
[2023-11-30T02:26:06.320+0200] {processor.py:157} INFO - Started process (PID=4111) to work on /home/seva/UCU/AutomatedDataPipelines/Homework1/venv/lib/python3.10/site-packages/airflow/example_dags/example_trigger_target_dag.py
[2023-11-30T02:26:06.333+0200] {processor.py:829} INFO - Processing file /home/seva/UCU/AutomatedDataPipelines/Homework1/venv/lib/python3.10/site-packages/airflow/example_dags/example_trigger_target_dag.py for tasks to queue
[2023-11-30T02:26:06.334+0200] {logging_mixin.py:154} INFO - [2023-11-30T02:26:06.334+0200] {dagbag.py:536} INFO - Filling up the DagBag from /home/seva/UCU/AutomatedDataPipelines/Homework1/venv/lib/python3.10/site-packages/airflow/example_dags/example_trigger_target_dag.py
[2023-11-30T02:26:06.340+0200] {processor.py:839} INFO - DAG(s) dict_keys(['example_trigger_target_dag']) retrieved from /home/seva/UCU/AutomatedDataPipelines/Homework1/venv/lib/python3.10/site-packages/airflow/example_dags/example_trigger_target_dag.py
[2023-11-30T02:26:06.353+0200] {logging_mixin.py:154} INFO - [2023-11-30T02:26:06.353+0200] {dag.py:2941} INFO - Sync 1 DAGs
[2023-11-30T02:26:06.362+0200] {logging_mixin.py:154} INFO - [2023-11-30T02:26:06.362+0200] {dag.py:3722} INFO - Setting next_dagrun for example_trigger_target_dag to None, run_after=None
[2023-11-30T02:26:06.409+0200] {processor.py:179} INFO - Processing /home/seva/UCU/AutomatedDataPipelines/Homework1/venv/lib/python3.10/site-packages/airflow/example_dags/example_trigger_target_dag.py took 0.091 seconds
[2023-11-30T02:26:56.916+0200] {processor.py:157} INFO - Started process (PID=4313) to work on /home/seva/UCU/AutomatedDataPipelines/Homework1/venv/lib/python3.10/site-packages/airflow/example_dags/example_trigger_target_dag.py
[2023-11-30T02:26:56.927+0200] {processor.py:829} INFO - Processing file /home/seva/UCU/AutomatedDataPipelines/Homework1/venv/lib/python3.10/site-packages/airflow/example_dags/example_trigger_target_dag.py for tasks to queue
[2023-11-30T02:26:56.928+0200] {logging_mixin.py:154} INFO - [2023-11-30T02:26:56.928+0200] {dagbag.py:536} INFO - Filling up the DagBag from /home/seva/UCU/AutomatedDataPipelines/Homework1/venv/lib/python3.10/site-packages/airflow/example_dags/example_trigger_target_dag.py
[2023-11-30T02:26:56.933+0200] {processor.py:839} INFO - DAG(s) dict_keys(['example_trigger_target_dag']) retrieved from /home/seva/UCU/AutomatedDataPipelines/Homework1/venv/lib/python3.10/site-packages/airflow/example_dags/example_trigger_target_dag.py
[2023-11-30T02:26:56.947+0200] {logging_mixin.py:154} INFO - [2023-11-30T02:26:56.947+0200] {dag.py:2941} INFO - Sync 1 DAGs
[2023-11-30T02:26:56.956+0200] {logging_mixin.py:154} INFO - [2023-11-30T02:26:56.956+0200] {dag.py:3722} INFO - Setting next_dagrun for example_trigger_target_dag to None, run_after=None
[2023-11-30T02:26:56.996+0200] {processor.py:179} INFO - Processing /home/seva/UCU/AutomatedDataPipelines/Homework1/venv/lib/python3.10/site-packages/airflow/example_dags/example_trigger_target_dag.py took 0.084 seconds
[2023-11-30T02:27:46.204+0200] {processor.py:157} INFO - Started process (PID=4507) to work on /home/seva/UCU/AutomatedDataPipelines/Homework1/venv/lib/python3.10/site-packages/airflow/example_dags/example_trigger_target_dag.py
[2023-11-30T02:27:46.206+0200] {processor.py:829} INFO - Processing file /home/seva/UCU/AutomatedDataPipelines/Homework1/venv/lib/python3.10/site-packages/airflow/example_dags/example_trigger_target_dag.py for tasks to queue
[2023-11-30T02:27:46.206+0200] {logging_mixin.py:154} INFO - [2023-11-30T02:27:46.206+0200] {dagbag.py:536} INFO - Filling up the DagBag from /home/seva/UCU/AutomatedDataPipelines/Homework1/venv/lib/python3.10/site-packages/airflow/example_dags/example_trigger_target_dag.py
[2023-11-30T02:27:46.211+0200] {processor.py:839} INFO - DAG(s) dict_keys(['example_trigger_target_dag']) retrieved from /home/seva/UCU/AutomatedDataPipelines/Homework1/venv/lib/python3.10/site-packages/airflow/example_dags/example_trigger_target_dag.py
[2023-11-30T02:27:46.226+0200] {logging_mixin.py:154} INFO - [2023-11-30T02:27:46.225+0200] {dag.py:2941} INFO - Sync 1 DAGs
[2023-11-30T02:27:46.236+0200] {logging_mixin.py:154} INFO - [2023-11-30T02:27:46.235+0200] {dag.py:3722} INFO - Setting next_dagrun for example_trigger_target_dag to None, run_after=None
[2023-11-30T02:27:46.259+0200] {processor.py:179} INFO - Processing /home/seva/UCU/AutomatedDataPipelines/Homework1/venv/lib/python3.10/site-packages/airflow/example_dags/example_trigger_target_dag.py took 0.058 seconds
[2023-11-30T02:28:30.826+0200] {processor.py:157} INFO - Started process (PID=4680) to work on /home/seva/UCU/AutomatedDataPipelines/Homework1/venv/lib/python3.10/site-packages/airflow/example_dags/example_trigger_target_dag.py
[2023-11-30T02:28:30.830+0200] {processor.py:829} INFO - Processing file /home/seva/UCU/AutomatedDataPipelines/Homework1/venv/lib/python3.10/site-packages/airflow/example_dags/example_trigger_target_dag.py for tasks to queue
[2023-11-30T02:28:30.831+0200] {logging_mixin.py:154} INFO - [2023-11-30T02:28:30.831+0200] {dagbag.py:536} INFO - Filling up the DagBag from /home/seva/UCU/AutomatedDataPipelines/Homework1/venv/lib/python3.10/site-packages/airflow/example_dags/example_trigger_target_dag.py
[2023-11-30T02:28:30.837+0200] {processor.py:839} INFO - DAG(s) dict_keys(['example_trigger_target_dag']) retrieved from /home/seva/UCU/AutomatedDataPipelines/Homework1/venv/lib/python3.10/site-packages/airflow/example_dags/example_trigger_target_dag.py
[2023-11-30T02:28:30.850+0200] {logging_mixin.py:154} INFO - [2023-11-30T02:28:30.850+0200] {dag.py:2941} INFO - Sync 1 DAGs
[2023-11-30T02:28:30.860+0200] {logging_mixin.py:154} INFO - [2023-11-30T02:28:30.859+0200] {dag.py:3722} INFO - Setting next_dagrun for example_trigger_target_dag to None, run_after=None
[2023-11-30T02:28:30.884+0200] {processor.py:179} INFO - Processing /home/seva/UCU/AutomatedDataPipelines/Homework1/venv/lib/python3.10/site-packages/airflow/example_dags/example_trigger_target_dag.py took 0.062 seconds
[2023-11-30T02:29:16.527+0200] {processor.py:157} INFO - Started process (PID=4859) to work on /home/seva/UCU/AutomatedDataPipelines/Homework1/venv/lib/python3.10/site-packages/airflow/example_dags/example_trigger_target_dag.py
[2023-11-30T02:29:16.540+0200] {processor.py:829} INFO - Processing file /home/seva/UCU/AutomatedDataPipelines/Homework1/venv/lib/python3.10/site-packages/airflow/example_dags/example_trigger_target_dag.py for tasks to queue
[2023-11-30T02:29:16.541+0200] {logging_mixin.py:154} INFO - [2023-11-30T02:29:16.541+0200] {dagbag.py:536} INFO - Filling up the DagBag from /home/seva/UCU/AutomatedDataPipelines/Homework1/venv/lib/python3.10/site-packages/airflow/example_dags/example_trigger_target_dag.py
[2023-11-30T02:29:16.548+0200] {processor.py:839} INFO - DAG(s) dict_keys(['example_trigger_target_dag']) retrieved from /home/seva/UCU/AutomatedDataPipelines/Homework1/venv/lib/python3.10/site-packages/airflow/example_dags/example_trigger_target_dag.py
[2023-11-30T02:29:16.562+0200] {logging_mixin.py:154} INFO - [2023-11-30T02:29:16.562+0200] {dag.py:2941} INFO - Sync 1 DAGs
[2023-11-30T02:29:16.572+0200] {logging_mixin.py:154} INFO - [2023-11-30T02:29:16.571+0200] {dag.py:3722} INFO - Setting next_dagrun for example_trigger_target_dag to None, run_after=None
[2023-11-30T02:29:16.597+0200] {processor.py:179} INFO - Processing /home/seva/UCU/AutomatedDataPipelines/Homework1/venv/lib/python3.10/site-packages/airflow/example_dags/example_trigger_target_dag.py took 0.073 seconds
[2023-11-30T02:29:59.469+0200] {processor.py:157} INFO - Started process (PID=5033) to work on /home/seva/UCU/AutomatedDataPipelines/Homework1/venv/lib/python3.10/site-packages/airflow/example_dags/example_trigger_target_dag.py
[2023-11-30T02:29:59.471+0200] {processor.py:829} INFO - Processing file /home/seva/UCU/AutomatedDataPipelines/Homework1/venv/lib/python3.10/site-packages/airflow/example_dags/example_trigger_target_dag.py for tasks to queue
[2023-11-30T02:29:59.472+0200] {logging_mixin.py:154} INFO - [2023-11-30T02:29:59.472+0200] {dagbag.py:536} INFO - Filling up the DagBag from /home/seva/UCU/AutomatedDataPipelines/Homework1/venv/lib/python3.10/site-packages/airflow/example_dags/example_trigger_target_dag.py
[2023-11-30T02:29:59.478+0200] {processor.py:839} INFO - DAG(s) dict_keys(['example_trigger_target_dag']) retrieved from /home/seva/UCU/AutomatedDataPipelines/Homework1/venv/lib/python3.10/site-packages/airflow/example_dags/example_trigger_target_dag.py
[2023-11-30T02:29:59.491+0200] {logging_mixin.py:154} INFO - [2023-11-30T02:29:59.491+0200] {dag.py:2941} INFO - Sync 1 DAGs
[2023-11-30T02:29:59.501+0200] {logging_mixin.py:154} INFO - [2023-11-30T02:29:59.500+0200] {dag.py:3722} INFO - Setting next_dagrun for example_trigger_target_dag to None, run_after=None
[2023-11-30T02:29:59.525+0200] {processor.py:179} INFO - Processing /home/seva/UCU/AutomatedDataPipelines/Homework1/venv/lib/python3.10/site-packages/airflow/example_dags/example_trigger_target_dag.py took 0.059 seconds
[2023-11-30T02:30:45.731+0200] {processor.py:157} INFO - Started process (PID=5213) to work on /home/seva/UCU/AutomatedDataPipelines/Homework1/venv/lib/python3.10/site-packages/airflow/example_dags/example_trigger_target_dag.py
[2023-11-30T02:30:45.733+0200] {processor.py:829} INFO - Processing file /home/seva/UCU/AutomatedDataPipelines/Homework1/venv/lib/python3.10/site-packages/airflow/example_dags/example_trigger_target_dag.py for tasks to queue
[2023-11-30T02:30:45.734+0200] {logging_mixin.py:154} INFO - [2023-11-30T02:30:45.733+0200] {dagbag.py:536} INFO - Filling up the DagBag from /home/seva/UCU/AutomatedDataPipelines/Homework1/venv/lib/python3.10/site-packages/airflow/example_dags/example_trigger_target_dag.py
[2023-11-30T02:30:45.739+0200] {processor.py:839} INFO - DAG(s) dict_keys(['example_trigger_target_dag']) retrieved from /home/seva/UCU/AutomatedDataPipelines/Homework1/venv/lib/python3.10/site-packages/airflow/example_dags/example_trigger_target_dag.py
[2023-11-30T02:30:45.752+0200] {logging_mixin.py:154} INFO - [2023-11-30T02:30:45.752+0200] {dag.py:2941} INFO - Sync 1 DAGs
[2023-11-30T02:30:45.762+0200] {logging_mixin.py:154} INFO - [2023-11-30T02:30:45.761+0200] {dag.py:3722} INFO - Setting next_dagrun for example_trigger_target_dag to None, run_after=None
[2023-11-30T02:30:45.788+0200] {processor.py:179} INFO - Processing /home/seva/UCU/AutomatedDataPipelines/Homework1/venv/lib/python3.10/site-packages/airflow/example_dags/example_trigger_target_dag.py took 0.060 seconds
[2023-11-30T02:31:33.087+0200] {processor.py:157} INFO - Started process (PID=5399) to work on /home/seva/UCU/AutomatedDataPipelines/Homework1/venv/lib/python3.10/site-packages/airflow/example_dags/example_trigger_target_dag.py
[2023-11-30T02:31:33.099+0200] {processor.py:829} INFO - Processing file /home/seva/UCU/AutomatedDataPipelines/Homework1/venv/lib/python3.10/site-packages/airflow/example_dags/example_trigger_target_dag.py for tasks to queue
[2023-11-30T02:31:33.100+0200] {logging_mixin.py:154} INFO - [2023-11-30T02:31:33.100+0200] {dagbag.py:536} INFO - Filling up the DagBag from /home/seva/UCU/AutomatedDataPipelines/Homework1/venv/lib/python3.10/site-packages/airflow/example_dags/example_trigger_target_dag.py
[2023-11-30T02:31:33.106+0200] {processor.py:839} INFO - DAG(s) dict_keys(['example_trigger_target_dag']) retrieved from /home/seva/UCU/AutomatedDataPipelines/Homework1/venv/lib/python3.10/site-packages/airflow/example_dags/example_trigger_target_dag.py
[2023-11-30T02:31:33.121+0200] {logging_mixin.py:154} INFO - [2023-11-30T02:31:33.121+0200] {dag.py:2941} INFO - Sync 1 DAGs
[2023-11-30T02:31:33.131+0200] {logging_mixin.py:154} INFO - [2023-11-30T02:31:33.131+0200] {dag.py:3722} INFO - Setting next_dagrun for example_trigger_target_dag to None, run_after=None
[2023-11-30T02:31:33.156+0200] {processor.py:179} INFO - Processing /home/seva/UCU/AutomatedDataPipelines/Homework1/venv/lib/python3.10/site-packages/airflow/example_dags/example_trigger_target_dag.py took 0.071 seconds
[2023-11-30T02:32:17.218+0200] {processor.py:157} INFO - Started process (PID=5579) to work on /home/seva/UCU/AutomatedDataPipelines/Homework1/venv/lib/python3.10/site-packages/airflow/example_dags/example_trigger_target_dag.py
[2023-11-30T02:32:17.230+0200] {processor.py:829} INFO - Processing file /home/seva/UCU/AutomatedDataPipelines/Homework1/venv/lib/python3.10/site-packages/airflow/example_dags/example_trigger_target_dag.py for tasks to queue
[2023-11-30T02:32:17.231+0200] {logging_mixin.py:154} INFO - [2023-11-30T02:32:17.231+0200] {dagbag.py:536} INFO - Filling up the DagBag from /home/seva/UCU/AutomatedDataPipelines/Homework1/venv/lib/python3.10/site-packages/airflow/example_dags/example_trigger_target_dag.py
[2023-11-30T02:32:17.236+0200] {processor.py:839} INFO - DAG(s) dict_keys(['example_trigger_target_dag']) retrieved from /home/seva/UCU/AutomatedDataPipelines/Homework1/venv/lib/python3.10/site-packages/airflow/example_dags/example_trigger_target_dag.py
[2023-11-30T02:32:17.251+0200] {logging_mixin.py:154} INFO - [2023-11-30T02:32:17.251+0200] {dag.py:2941} INFO - Sync 1 DAGs
[2023-11-30T02:32:17.261+0200] {logging_mixin.py:154} INFO - [2023-11-30T02:32:17.261+0200] {dag.py:3722} INFO - Setting next_dagrun for example_trigger_target_dag to None, run_after=None
[2023-11-30T02:32:17.288+0200] {processor.py:179} INFO - Processing /home/seva/UCU/AutomatedDataPipelines/Homework1/venv/lib/python3.10/site-packages/airflow/example_dags/example_trigger_target_dag.py took 0.073 seconds
[2023-11-30T02:33:03.927+0200] {processor.py:157} INFO - Started process (PID=5787) to work on /home/seva/UCU/AutomatedDataPipelines/Homework1/venv/lib/python3.10/site-packages/airflow/example_dags/example_trigger_target_dag.py
[2023-11-30T02:33:03.929+0200] {processor.py:829} INFO - Processing file /home/seva/UCU/AutomatedDataPipelines/Homework1/venv/lib/python3.10/site-packages/airflow/example_dags/example_trigger_target_dag.py for tasks to queue
[2023-11-30T02:33:03.930+0200] {logging_mixin.py:154} INFO - [2023-11-30T02:33:03.930+0200] {dagbag.py:536} INFO - Filling up the DagBag from /home/seva/UCU/AutomatedDataPipelines/Homework1/venv/lib/python3.10/site-packages/airflow/example_dags/example_trigger_target_dag.py
[2023-11-30T02:33:03.935+0200] {processor.py:839} INFO - DAG(s) dict_keys(['example_trigger_target_dag']) retrieved from /home/seva/UCU/AutomatedDataPipelines/Homework1/venv/lib/python3.10/site-packages/airflow/example_dags/example_trigger_target_dag.py
[2023-11-30T02:33:03.949+0200] {logging_mixin.py:154} INFO - [2023-11-30T02:33:03.949+0200] {dag.py:2941} INFO - Sync 1 DAGs
[2023-11-30T02:33:03.958+0200] {logging_mixin.py:154} INFO - [2023-11-30T02:33:03.958+0200] {dag.py:3722} INFO - Setting next_dagrun for example_trigger_target_dag to None, run_after=None
[2023-11-30T02:33:03.982+0200] {processor.py:179} INFO - Processing /home/seva/UCU/AutomatedDataPipelines/Homework1/venv/lib/python3.10/site-packages/airflow/example_dags/example_trigger_target_dag.py took 0.058 seconds
[2023-11-30T02:33:50.849+0200] {processor.py:157} INFO - Started process (PID=5973) to work on /home/seva/UCU/AutomatedDataPipelines/Homework1/venv/lib/python3.10/site-packages/airflow/example_dags/example_trigger_target_dag.py
[2023-11-30T02:33:50.860+0200] {processor.py:829} INFO - Processing file /home/seva/UCU/AutomatedDataPipelines/Homework1/venv/lib/python3.10/site-packages/airflow/example_dags/example_trigger_target_dag.py for tasks to queue
[2023-11-30T02:33:50.862+0200] {logging_mixin.py:154} INFO - [2023-11-30T02:33:50.861+0200] {dagbag.py:536} INFO - Filling up the DagBag from /home/seva/UCU/AutomatedDataPipelines/Homework1/venv/lib/python3.10/site-packages/airflow/example_dags/example_trigger_target_dag.py
[2023-11-30T02:33:50.867+0200] {processor.py:839} INFO - DAG(s) dict_keys(['example_trigger_target_dag']) retrieved from /home/seva/UCU/AutomatedDataPipelines/Homework1/venv/lib/python3.10/site-packages/airflow/example_dags/example_trigger_target_dag.py
[2023-11-30T02:33:50.881+0200] {logging_mixin.py:154} INFO - [2023-11-30T02:33:50.881+0200] {dag.py:2941} INFO - Sync 1 DAGs
[2023-11-30T02:33:50.890+0200] {logging_mixin.py:154} INFO - [2023-11-30T02:33:50.890+0200] {dag.py:3722} INFO - Setting next_dagrun for example_trigger_target_dag to None, run_after=None
[2023-11-30T02:33:50.917+0200] {processor.py:179} INFO - Processing /home/seva/UCU/AutomatedDataPipelines/Homework1/venv/lib/python3.10/site-packages/airflow/example_dags/example_trigger_target_dag.py took 0.071 seconds
[2023-11-30T02:34:40.743+0200] {processor.py:157} INFO - Started process (PID=6175) to work on /home/seva/UCU/AutomatedDataPipelines/Homework1/venv/lib/python3.10/site-packages/airflow/example_dags/example_trigger_target_dag.py
[2023-11-30T02:34:40.755+0200] {processor.py:829} INFO - Processing file /home/seva/UCU/AutomatedDataPipelines/Homework1/venv/lib/python3.10/site-packages/airflow/example_dags/example_trigger_target_dag.py for tasks to queue
[2023-11-30T02:34:40.756+0200] {logging_mixin.py:154} INFO - [2023-11-30T02:34:40.755+0200] {dagbag.py:536} INFO - Filling up the DagBag from /home/seva/UCU/AutomatedDataPipelines/Homework1/venv/lib/python3.10/site-packages/airflow/example_dags/example_trigger_target_dag.py
[2023-11-30T02:34:40.762+0200] {processor.py:839} INFO - DAG(s) dict_keys(['example_trigger_target_dag']) retrieved from /home/seva/UCU/AutomatedDataPipelines/Homework1/venv/lib/python3.10/site-packages/airflow/example_dags/example_trigger_target_dag.py
[2023-11-30T02:34:40.775+0200] {logging_mixin.py:154} INFO - [2023-11-30T02:34:40.775+0200] {dag.py:2941} INFO - Sync 1 DAGs
[2023-11-30T02:34:40.785+0200] {logging_mixin.py:154} INFO - [2023-11-30T02:34:40.784+0200] {dag.py:3722} INFO - Setting next_dagrun for example_trigger_target_dag to None, run_after=None
[2023-11-30T02:34:40.808+0200] {processor.py:179} INFO - Processing /home/seva/UCU/AutomatedDataPipelines/Homework1/venv/lib/python3.10/site-packages/airflow/example_dags/example_trigger_target_dag.py took 0.068 seconds
[2023-11-30T02:35:28.373+0200] {processor.py:157} INFO - Started process (PID=6364) to work on /home/seva/UCU/AutomatedDataPipelines/Homework1/venv/lib/python3.10/site-packages/airflow/example_dags/example_trigger_target_dag.py
[2023-11-30T02:35:28.385+0200] {processor.py:829} INFO - Processing file /home/seva/UCU/AutomatedDataPipelines/Homework1/venv/lib/python3.10/site-packages/airflow/example_dags/example_trigger_target_dag.py for tasks to queue
[2023-11-30T02:35:28.386+0200] {logging_mixin.py:154} INFO - [2023-11-30T02:35:28.386+0200] {dagbag.py:536} INFO - Filling up the DagBag from /home/seva/UCU/AutomatedDataPipelines/Homework1/venv/lib/python3.10/site-packages/airflow/example_dags/example_trigger_target_dag.py
[2023-11-30T02:35:28.395+0200] {processor.py:839} INFO - DAG(s) dict_keys(['example_trigger_target_dag']) retrieved from /home/seva/UCU/AutomatedDataPipelines/Homework1/venv/lib/python3.10/site-packages/airflow/example_dags/example_trigger_target_dag.py
[2023-11-30T02:35:28.420+0200] {logging_mixin.py:154} INFO - [2023-11-30T02:35:28.419+0200] {dag.py:2941} INFO - Sync 1 DAGs
[2023-11-30T02:35:28.433+0200] {logging_mixin.py:154} INFO - [2023-11-30T02:35:28.432+0200] {dag.py:3722} INFO - Setting next_dagrun for example_trigger_target_dag to None, run_after=None
[2023-11-30T02:35:28.461+0200] {processor.py:179} INFO - Processing /home/seva/UCU/AutomatedDataPipelines/Homework1/venv/lib/python3.10/site-packages/airflow/example_dags/example_trigger_target_dag.py took 0.094 seconds
[2023-11-30T02:36:14.209+0200] {processor.py:157} INFO - Started process (PID=6547) to work on /home/seva/UCU/AutomatedDataPipelines/Homework1/venv/lib/python3.10/site-packages/airflow/example_dags/example_trigger_target_dag.py
[2023-11-30T02:36:14.210+0200] {processor.py:829} INFO - Processing file /home/seva/UCU/AutomatedDataPipelines/Homework1/venv/lib/python3.10/site-packages/airflow/example_dags/example_trigger_target_dag.py for tasks to queue
[2023-11-30T02:36:14.211+0200] {logging_mixin.py:154} INFO - [2023-11-30T02:36:14.211+0200] {dagbag.py:536} INFO - Filling up the DagBag from /home/seva/UCU/AutomatedDataPipelines/Homework1/venv/lib/python3.10/site-packages/airflow/example_dags/example_trigger_target_dag.py
[2023-11-30T02:36:14.217+0200] {processor.py:839} INFO - DAG(s) dict_keys(['example_trigger_target_dag']) retrieved from /home/seva/UCU/AutomatedDataPipelines/Homework1/venv/lib/python3.10/site-packages/airflow/example_dags/example_trigger_target_dag.py
[2023-11-30T02:36:14.231+0200] {logging_mixin.py:154} INFO - [2023-11-30T02:36:14.231+0200] {dag.py:2941} INFO - Sync 1 DAGs
[2023-11-30T02:36:14.241+0200] {logging_mixin.py:154} INFO - [2023-11-30T02:36:14.241+0200] {dag.py:3722} INFO - Setting next_dagrun for example_trigger_target_dag to None, run_after=None
[2023-11-30T02:36:14.266+0200] {processor.py:179} INFO - Processing /home/seva/UCU/AutomatedDataPipelines/Homework1/venv/lib/python3.10/site-packages/airflow/example_dags/example_trigger_target_dag.py took 0.060 seconds
[2023-11-30T02:37:00.987+0200] {processor.py:157} INFO - Started process (PID=6732) to work on /home/seva/UCU/AutomatedDataPipelines/Homework1/venv/lib/python3.10/site-packages/airflow/example_dags/example_trigger_target_dag.py
[2023-11-30T02:37:01.001+0200] {processor.py:829} INFO - Processing file /home/seva/UCU/AutomatedDataPipelines/Homework1/venv/lib/python3.10/site-packages/airflow/example_dags/example_trigger_target_dag.py for tasks to queue
[2023-11-30T02:37:01.004+0200] {logging_mixin.py:154} INFO - [2023-11-30T02:37:01.003+0200] {dagbag.py:536} INFO - Filling up the DagBag from /home/seva/UCU/AutomatedDataPipelines/Homework1/venv/lib/python3.10/site-packages/airflow/example_dags/example_trigger_target_dag.py
[2023-11-30T02:37:01.016+0200] {processor.py:839} INFO - DAG(s) dict_keys(['example_trigger_target_dag']) retrieved from /home/seva/UCU/AutomatedDataPipelines/Homework1/venv/lib/python3.10/site-packages/airflow/example_dags/example_trigger_target_dag.py
[2023-11-30T02:37:01.045+0200] {logging_mixin.py:154} INFO - [2023-11-30T02:37:01.045+0200] {dag.py:2941} INFO - Sync 1 DAGs
[2023-11-30T02:37:01.059+0200] {logging_mixin.py:154} INFO - [2023-11-30T02:37:01.059+0200] {dag.py:3722} INFO - Setting next_dagrun for example_trigger_target_dag to None, run_after=None
[2023-11-30T02:37:01.090+0200] {processor.py:179} INFO - Processing /home/seva/UCU/AutomatedDataPipelines/Homework1/venv/lib/python3.10/site-packages/airflow/example_dags/example_trigger_target_dag.py took 0.113 seconds
[2023-11-30T02:37:50.586+0200] {processor.py:157} INFO - Started process (PID=6924) to work on /home/seva/UCU/AutomatedDataPipelines/Homework1/venv/lib/python3.10/site-packages/airflow/example_dags/example_trigger_target_dag.py
[2023-11-30T02:37:50.599+0200] {processor.py:829} INFO - Processing file /home/seva/UCU/AutomatedDataPipelines/Homework1/venv/lib/python3.10/site-packages/airflow/example_dags/example_trigger_target_dag.py for tasks to queue
[2023-11-30T02:37:50.603+0200] {logging_mixin.py:154} INFO - [2023-11-30T02:37:50.601+0200] {dagbag.py:536} INFO - Filling up the DagBag from /home/seva/UCU/AutomatedDataPipelines/Homework1/venv/lib/python3.10/site-packages/airflow/example_dags/example_trigger_target_dag.py
[2023-11-30T02:37:50.617+0200] {processor.py:839} INFO - DAG(s) dict_keys(['example_trigger_target_dag']) retrieved from /home/seva/UCU/AutomatedDataPipelines/Homework1/venv/lib/python3.10/site-packages/airflow/example_dags/example_trigger_target_dag.py
[2023-11-30T02:37:50.641+0200] {logging_mixin.py:154} INFO - [2023-11-30T02:37:50.641+0200] {dag.py:2941} INFO - Sync 1 DAGs
[2023-11-30T02:37:50.668+0200] {logging_mixin.py:154} INFO - [2023-11-30T02:37:50.668+0200] {dag.py:3722} INFO - Setting next_dagrun for example_trigger_target_dag to None, run_after=None
[2023-11-30T02:37:50.719+0200] {processor.py:179} INFO - Processing /home/seva/UCU/AutomatedDataPipelines/Homework1/venv/lib/python3.10/site-packages/airflow/example_dags/example_trigger_target_dag.py took 0.138 seconds
[2023-11-30T02:38:43.736+0200] {processor.py:157} INFO - Started process (PID=7305) to work on /home/seva/UCU/AutomatedDataPipelines/Homework1/venv/lib/python3.10/site-packages/airflow/example_dags/example_trigger_target_dag.py
[2023-11-30T02:38:43.749+0200] {processor.py:829} INFO - Processing file /home/seva/UCU/AutomatedDataPipelines/Homework1/venv/lib/python3.10/site-packages/airflow/example_dags/example_trigger_target_dag.py for tasks to queue
[2023-11-30T02:38:43.750+0200] {logging_mixin.py:154} INFO - [2023-11-30T02:38:43.749+0200] {dagbag.py:536} INFO - Filling up the DagBag from /home/seva/UCU/AutomatedDataPipelines/Homework1/venv/lib/python3.10/site-packages/airflow/example_dags/example_trigger_target_dag.py
[2023-11-30T02:38:43.756+0200] {processor.py:839} INFO - DAG(s) dict_keys(['example_trigger_target_dag']) retrieved from /home/seva/UCU/AutomatedDataPipelines/Homework1/venv/lib/python3.10/site-packages/airflow/example_dags/example_trigger_target_dag.py
[2023-11-30T02:38:43.774+0200] {logging_mixin.py:154} INFO - [2023-11-30T02:38:43.773+0200] {dag.py:2941} INFO - Sync 1 DAGs
[2023-11-30T02:38:43.785+0200] {logging_mixin.py:154} INFO - [2023-11-30T02:38:43.784+0200] {dag.py:3722} INFO - Setting next_dagrun for example_trigger_target_dag to None, run_after=None
[2023-11-30T02:38:43.810+0200] {processor.py:179} INFO - Processing /home/seva/UCU/AutomatedDataPipelines/Homework1/venv/lib/python3.10/site-packages/airflow/example_dags/example_trigger_target_dag.py took 0.077 seconds
