[2023-11-30T02:13:49.203+0200] {processor.py:157} INFO - Started process (PID=1241) to work on /home/seva/UCU/AutomatedDataPipelines/Homework1/venv/lib/python3.10/site-packages/airflow/example_dags/example_branch_labels.py
[2023-11-30T02:13:49.204+0200] {processor.py:829} INFO - Processing file /home/seva/UCU/AutomatedDataPipelines/Homework1/venv/lib/python3.10/site-packages/airflow/example_dags/example_branch_labels.py for tasks to queue
[2023-11-30T02:13:49.204+0200] {logging_mixin.py:154} INFO - [2023-11-30T02:13:49.204+0200] {dagbag.py:536} INFO - Filling up the DagBag from /home/seva/UCU/AutomatedDataPipelines/Homework1/venv/lib/python3.10/site-packages/airflow/example_dags/example_branch_labels.py
[2023-11-30T02:13:49.212+0200] {processor.py:839} INFO - DAG(s) dict_keys(['example_branch_labels']) retrieved from /home/seva/UCU/AutomatedDataPipelines/Homework1/venv/lib/python3.10/site-packages/airflow/example_dags/example_branch_labels.py
[2023-11-30T02:13:49.322+0200] {logging_mixin.py:154} INFO - [2023-11-30T02:13:49.321+0200] {manager.py:499} INFO - Created Permission View: %s
[2023-11-30T02:13:49.338+0200] {logging_mixin.py:154} INFO - [2023-11-30T02:13:49.338+0200] {manager.py:499} INFO - Created Permission View: %s
[2023-11-30T02:13:49.354+0200] {logging_mixin.py:154} INFO - [2023-11-30T02:13:49.354+0200] {manager.py:499} INFO - Created Permission View: %s
[2023-11-30T02:13:49.354+0200] {logging_mixin.py:154} INFO - [2023-11-30T02:13:49.354+0200] {dag.py:2941} INFO - Sync 1 DAGs
[2023-11-30T02:13:49.363+0200] {logging_mixin.py:154} INFO - [2023-11-30T02:13:49.362+0200] {dag.py:2963} INFO - Creating ORM DAG for example_branch_labels
[2023-11-30T02:13:49.370+0200] {logging_mixin.py:154} INFO - [2023-11-30T02:13:49.370+0200] {dag.py:3722} INFO - Setting next_dagrun for example_branch_labels to 2023-11-29T00:00:00+00:00, run_after=2023-11-30T00:00:00+00:00
[2023-11-30T02:13:49.393+0200] {processor.py:179} INFO - Processing /home/seva/UCU/AutomatedDataPipelines/Homework1/venv/lib/python3.10/site-packages/airflow/example_dags/example_branch_labels.py took 0.194 seconds
[2023-11-30T02:14:35.518+0200] {processor.py:157} INFO - Started process (PID=1385) to work on /home/seva/UCU/AutomatedDataPipelines/Homework1/venv/lib/python3.10/site-packages/airflow/example_dags/example_branch_labels.py
[2023-11-30T02:14:35.521+0200] {processor.py:829} INFO - Processing file /home/seva/UCU/AutomatedDataPipelines/Homework1/venv/lib/python3.10/site-packages/airflow/example_dags/example_branch_labels.py for tasks to queue
[2023-11-30T02:14:35.522+0200] {logging_mixin.py:154} INFO - [2023-11-30T02:14:35.522+0200] {dagbag.py:536} INFO - Filling up the DagBag from /home/seva/UCU/AutomatedDataPipelines/Homework1/venv/lib/python3.10/site-packages/airflow/example_dags/example_branch_labels.py
[2023-11-30T02:14:35.529+0200] {processor.py:839} INFO - DAG(s) dict_keys(['example_branch_labels']) retrieved from /home/seva/UCU/AutomatedDataPipelines/Homework1/venv/lib/python3.10/site-packages/airflow/example_dags/example_branch_labels.py
[2023-11-30T02:14:35.544+0200] {logging_mixin.py:154} INFO - [2023-11-30T02:14:35.543+0200] {dag.py:2941} INFO - Sync 1 DAGs
[2023-11-30T02:14:35.561+0200] {logging_mixin.py:154} INFO - [2023-11-30T02:14:35.561+0200] {dag.py:3722} INFO - Setting next_dagrun for example_branch_labels to 2023-11-29T00:00:00+00:00, run_after=2023-11-30T00:00:00+00:00
[2023-11-30T02:14:35.583+0200] {processor.py:179} INFO - Processing /home/seva/UCU/AutomatedDataPipelines/Homework1/venv/lib/python3.10/site-packages/airflow/example_dags/example_branch_labels.py took 0.068 seconds
[2023-11-30T02:15:24.111+0200] {processor.py:157} INFO - Started process (PID=1568) to work on /home/seva/UCU/AutomatedDataPipelines/Homework1/venv/lib/python3.10/site-packages/airflow/example_dags/example_branch_labels.py
[2023-11-30T02:15:24.123+0200] {processor.py:829} INFO - Processing file /home/seva/UCU/AutomatedDataPipelines/Homework1/venv/lib/python3.10/site-packages/airflow/example_dags/example_branch_labels.py for tasks to queue
[2023-11-30T02:15:24.124+0200] {logging_mixin.py:154} INFO - [2023-11-30T02:15:24.124+0200] {dagbag.py:536} INFO - Filling up the DagBag from /home/seva/UCU/AutomatedDataPipelines/Homework1/venv/lib/python3.10/site-packages/airflow/example_dags/example_branch_labels.py
[2023-11-30T02:15:24.132+0200] {processor.py:839} INFO - DAG(s) dict_keys(['example_branch_labels']) retrieved from /home/seva/UCU/AutomatedDataPipelines/Homework1/venv/lib/python3.10/site-packages/airflow/example_dags/example_branch_labels.py
[2023-11-30T02:15:24.147+0200] {logging_mixin.py:154} INFO - [2023-11-30T02:15:24.147+0200] {dag.py:2941} INFO - Sync 1 DAGs
[2023-11-30T02:15:24.163+0200] {logging_mixin.py:154} INFO - [2023-11-30T02:15:24.163+0200] {dag.py:3722} INFO - Setting next_dagrun for example_branch_labels to 2023-11-29T00:00:00+00:00, run_after=2023-11-30T00:00:00+00:00
[2023-11-30T02:15:24.187+0200] {processor.py:179} INFO - Processing /home/seva/UCU/AutomatedDataPipelines/Homework1/venv/lib/python3.10/site-packages/airflow/example_dags/example_branch_labels.py took 0.078 seconds
[2023-11-30T02:16:08.849+0200] {processor.py:157} INFO - Started process (PID=1740) to work on /home/seva/UCU/AutomatedDataPipelines/Homework1/venv/lib/python3.10/site-packages/airflow/example_dags/example_branch_labels.py
[2023-11-30T02:16:08.851+0200] {processor.py:829} INFO - Processing file /home/seva/UCU/AutomatedDataPipelines/Homework1/venv/lib/python3.10/site-packages/airflow/example_dags/example_branch_labels.py for tasks to queue
[2023-11-30T02:16:08.852+0200] {logging_mixin.py:154} INFO - [2023-11-30T02:16:08.852+0200] {dagbag.py:536} INFO - Filling up the DagBag from /home/seva/UCU/AutomatedDataPipelines/Homework1/venv/lib/python3.10/site-packages/airflow/example_dags/example_branch_labels.py
[2023-11-30T02:16:08.859+0200] {processor.py:839} INFO - DAG(s) dict_keys(['example_branch_labels']) retrieved from /home/seva/UCU/AutomatedDataPipelines/Homework1/venv/lib/python3.10/site-packages/airflow/example_dags/example_branch_labels.py
[2023-11-30T02:16:08.876+0200] {logging_mixin.py:154} INFO - [2023-11-30T02:16:08.875+0200] {dag.py:2941} INFO - Sync 1 DAGs
[2023-11-30T02:16:08.894+0200] {logging_mixin.py:154} INFO - [2023-11-30T02:16:08.894+0200] {dag.py:3722} INFO - Setting next_dagrun for example_branch_labels to 2023-11-29T00:00:00+00:00, run_after=2023-11-30T00:00:00+00:00
[2023-11-30T02:16:08.920+0200] {processor.py:179} INFO - Processing /home/seva/UCU/AutomatedDataPipelines/Homework1/venv/lib/python3.10/site-packages/airflow/example_dags/example_branch_labels.py took 0.074 seconds
[2023-11-30T02:16:55.063+0200] {processor.py:157} INFO - Started process (PID=1928) to work on /home/seva/UCU/AutomatedDataPipelines/Homework1/venv/lib/python3.10/site-packages/airflow/example_dags/example_branch_labels.py
[2023-11-30T02:16:55.075+0200] {processor.py:829} INFO - Processing file /home/seva/UCU/AutomatedDataPipelines/Homework1/venv/lib/python3.10/site-packages/airflow/example_dags/example_branch_labels.py for tasks to queue
[2023-11-30T02:16:55.076+0200] {logging_mixin.py:154} INFO - [2023-11-30T02:16:55.075+0200] {dagbag.py:536} INFO - Filling up the DagBag from /home/seva/UCU/AutomatedDataPipelines/Homework1/venv/lib/python3.10/site-packages/airflow/example_dags/example_branch_labels.py
[2023-11-30T02:16:55.083+0200] {processor.py:839} INFO - DAG(s) dict_keys(['example_branch_labels']) retrieved from /home/seva/UCU/AutomatedDataPipelines/Homework1/venv/lib/python3.10/site-packages/airflow/example_dags/example_branch_labels.py
[2023-11-30T02:16:55.098+0200] {logging_mixin.py:154} INFO - [2023-11-30T02:16:55.098+0200] {dag.py:2941} INFO - Sync 1 DAGs
[2023-11-30T02:16:55.115+0200] {logging_mixin.py:154} INFO - [2023-11-30T02:16:55.115+0200] {dag.py:3722} INFO - Setting next_dagrun for example_branch_labels to 2023-11-29T00:00:00+00:00, run_after=2023-11-30T00:00:00+00:00
[2023-11-30T02:16:55.137+0200] {processor.py:179} INFO - Processing /home/seva/UCU/AutomatedDataPipelines/Homework1/venv/lib/python3.10/site-packages/airflow/example_dags/example_branch_labels.py took 0.078 seconds
[2023-11-30T02:17:39.232+0200] {processor.py:157} INFO - Started process (PID=2108) to work on /home/seva/UCU/AutomatedDataPipelines/Homework1/venv/lib/python3.10/site-packages/airflow/example_dags/example_branch_labels.py
[2023-11-30T02:17:39.235+0200] {processor.py:829} INFO - Processing file /home/seva/UCU/AutomatedDataPipelines/Homework1/venv/lib/python3.10/site-packages/airflow/example_dags/example_branch_labels.py for tasks to queue
[2023-11-30T02:17:39.235+0200] {logging_mixin.py:154} INFO - [2023-11-30T02:17:39.235+0200] {dagbag.py:536} INFO - Filling up the DagBag from /home/seva/UCU/AutomatedDataPipelines/Homework1/venv/lib/python3.10/site-packages/airflow/example_dags/example_branch_labels.py
[2023-11-30T02:17:39.243+0200] {processor.py:839} INFO - DAG(s) dict_keys(['example_branch_labels']) retrieved from /home/seva/UCU/AutomatedDataPipelines/Homework1/venv/lib/python3.10/site-packages/airflow/example_dags/example_branch_labels.py
[2023-11-30T02:17:39.258+0200] {logging_mixin.py:154} INFO - [2023-11-30T02:17:39.258+0200] {dag.py:2941} INFO - Sync 1 DAGs
[2023-11-30T02:17:39.276+0200] {logging_mixin.py:154} INFO - [2023-11-30T02:17:39.275+0200] {dag.py:3722} INFO - Setting next_dagrun for example_branch_labels to 2023-11-29T00:00:00+00:00, run_after=2023-11-30T00:00:00+00:00
[2023-11-30T02:17:39.298+0200] {processor.py:179} INFO - Processing /home/seva/UCU/AutomatedDataPipelines/Homework1/venv/lib/python3.10/site-packages/airflow/example_dags/example_branch_labels.py took 0.069 seconds
[2023-11-30T02:18:22.923+0200] {processor.py:157} INFO - Started process (PID=2281) to work on /home/seva/UCU/AutomatedDataPipelines/Homework1/venv/lib/python3.10/site-packages/airflow/example_dags/example_branch_labels.py
[2023-11-30T02:18:22.924+0200] {processor.py:829} INFO - Processing file /home/seva/UCU/AutomatedDataPipelines/Homework1/venv/lib/python3.10/site-packages/airflow/example_dags/example_branch_labels.py for tasks to queue
[2023-11-30T02:18:22.925+0200] {logging_mixin.py:154} INFO - [2023-11-30T02:18:22.925+0200] {dagbag.py:536} INFO - Filling up the DagBag from /home/seva/UCU/AutomatedDataPipelines/Homework1/venv/lib/python3.10/site-packages/airflow/example_dags/example_branch_labels.py
[2023-11-30T02:18:22.932+0200] {processor.py:839} INFO - DAG(s) dict_keys(['example_branch_labels']) retrieved from /home/seva/UCU/AutomatedDataPipelines/Homework1/venv/lib/python3.10/site-packages/airflow/example_dags/example_branch_labels.py
[2023-11-30T02:18:22.949+0200] {logging_mixin.py:154} INFO - [2023-11-30T02:18:22.949+0200] {dag.py:2941} INFO - Sync 1 DAGs
[2023-11-30T02:18:22.967+0200] {logging_mixin.py:154} INFO - [2023-11-30T02:18:22.967+0200] {dag.py:3722} INFO - Setting next_dagrun for example_branch_labels to 2023-11-29T00:00:00+00:00, run_after=2023-11-30T00:00:00+00:00
[2023-11-30T02:18:22.992+0200] {processor.py:179} INFO - Processing /home/seva/UCU/AutomatedDataPipelines/Homework1/venv/lib/python3.10/site-packages/airflow/example_dags/example_branch_labels.py took 0.072 seconds
[2023-11-30T02:19:06.249+0200] {processor.py:157} INFO - Started process (PID=2452) to work on /home/seva/UCU/AutomatedDataPipelines/Homework1/venv/lib/python3.10/site-packages/airflow/example_dags/example_branch_labels.py
[2023-11-30T02:19:06.251+0200] {processor.py:829} INFO - Processing file /home/seva/UCU/AutomatedDataPipelines/Homework1/venv/lib/python3.10/site-packages/airflow/example_dags/example_branch_labels.py for tasks to queue
[2023-11-30T02:19:06.252+0200] {logging_mixin.py:154} INFO - [2023-11-30T02:19:06.251+0200] {dagbag.py:536} INFO - Filling up the DagBag from /home/seva/UCU/AutomatedDataPipelines/Homework1/venv/lib/python3.10/site-packages/airflow/example_dags/example_branch_labels.py
[2023-11-30T02:19:06.259+0200] {processor.py:839} INFO - DAG(s) dict_keys(['example_branch_labels']) retrieved from /home/seva/UCU/AutomatedDataPipelines/Homework1/venv/lib/python3.10/site-packages/airflow/example_dags/example_branch_labels.py
[2023-11-30T02:19:06.273+0200] {logging_mixin.py:154} INFO - [2023-11-30T02:19:06.273+0200] {dag.py:2941} INFO - Sync 1 DAGs
[2023-11-30T02:19:06.290+0200] {logging_mixin.py:154} INFO - [2023-11-30T02:19:06.290+0200] {dag.py:3722} INFO - Setting next_dagrun for example_branch_labels to 2023-11-29T00:00:00+00:00, run_after=2023-11-30T00:00:00+00:00
[2023-11-30T02:19:06.315+0200] {processor.py:179} INFO - Processing /home/seva/UCU/AutomatedDataPipelines/Homework1/venv/lib/python3.10/site-packages/airflow/example_dags/example_branch_labels.py took 0.069 seconds
[2023-11-30T02:19:49.942+0200] {processor.py:157} INFO - Started process (PID=2626) to work on /home/seva/UCU/AutomatedDataPipelines/Homework1/venv/lib/python3.10/site-packages/airflow/example_dags/example_branch_labels.py
[2023-11-30T02:19:49.954+0200] {processor.py:829} INFO - Processing file /home/seva/UCU/AutomatedDataPipelines/Homework1/venv/lib/python3.10/site-packages/airflow/example_dags/example_branch_labels.py for tasks to queue
[2023-11-30T02:19:49.955+0200] {logging_mixin.py:154} INFO - [2023-11-30T02:19:49.955+0200] {dagbag.py:536} INFO - Filling up the DagBag from /home/seva/UCU/AutomatedDataPipelines/Homework1/venv/lib/python3.10/site-packages/airflow/example_dags/example_branch_labels.py
[2023-11-30T02:19:49.965+0200] {processor.py:839} INFO - DAG(s) dict_keys(['example_branch_labels']) retrieved from /home/seva/UCU/AutomatedDataPipelines/Homework1/venv/lib/python3.10/site-packages/airflow/example_dags/example_branch_labels.py
[2023-11-30T02:19:49.980+0200] {logging_mixin.py:154} INFO - [2023-11-30T02:19:49.980+0200] {dag.py:2941} INFO - Sync 1 DAGs
[2023-11-30T02:19:49.997+0200] {logging_mixin.py:154} INFO - [2023-11-30T02:19:49.997+0200] {dag.py:3722} INFO - Setting next_dagrun for example_branch_labels to 2023-11-29T00:00:00+00:00, run_after=2023-11-30T00:00:00+00:00
[2023-11-30T02:19:50.020+0200] {processor.py:179} INFO - Processing /home/seva/UCU/AutomatedDataPipelines/Homework1/venv/lib/python3.10/site-packages/airflow/example_dags/example_branch_labels.py took 0.080 seconds
[2023-11-30T02:20:33.968+0200] {processor.py:157} INFO - Started process (PID=2802) to work on /home/seva/UCU/AutomatedDataPipelines/Homework1/venv/lib/python3.10/site-packages/airflow/example_dags/example_branch_labels.py
[2023-11-30T02:20:33.980+0200] {processor.py:829} INFO - Processing file /home/seva/UCU/AutomatedDataPipelines/Homework1/venv/lib/python3.10/site-packages/airflow/example_dags/example_branch_labels.py for tasks to queue
[2023-11-30T02:20:33.981+0200] {logging_mixin.py:154} INFO - [2023-11-30T02:20:33.981+0200] {dagbag.py:536} INFO - Filling up the DagBag from /home/seva/UCU/AutomatedDataPipelines/Homework1/venv/lib/python3.10/site-packages/airflow/example_dags/example_branch_labels.py
[2023-11-30T02:20:33.988+0200] {processor.py:839} INFO - DAG(s) dict_keys(['example_branch_labels']) retrieved from /home/seva/UCU/AutomatedDataPipelines/Homework1/venv/lib/python3.10/site-packages/airflow/example_dags/example_branch_labels.py
[2023-11-30T02:20:34.001+0200] {logging_mixin.py:154} INFO - [2023-11-30T02:20:34.001+0200] {dag.py:2941} INFO - Sync 1 DAGs
[2023-11-30T02:20:34.019+0200] {logging_mixin.py:154} INFO - [2023-11-30T02:20:34.019+0200] {dag.py:3722} INFO - Setting next_dagrun for example_branch_labels to 2023-11-29T00:00:00+00:00, run_after=2023-11-30T00:00:00+00:00
[2023-11-30T02:20:34.042+0200] {processor.py:179} INFO - Processing /home/seva/UCU/AutomatedDataPipelines/Homework1/venv/lib/python3.10/site-packages/airflow/example_dags/example_branch_labels.py took 0.077 seconds
[2023-11-30T02:21:20.131+0200] {processor.py:157} INFO - Started process (PID=2982) to work on /home/seva/UCU/AutomatedDataPipelines/Homework1/venv/lib/python3.10/site-packages/airflow/example_dags/example_branch_labels.py
[2023-11-30T02:21:20.144+0200] {processor.py:829} INFO - Processing file /home/seva/UCU/AutomatedDataPipelines/Homework1/venv/lib/python3.10/site-packages/airflow/example_dags/example_branch_labels.py for tasks to queue
[2023-11-30T02:21:20.145+0200] {logging_mixin.py:154} INFO - [2023-11-30T02:21:20.145+0200] {dagbag.py:536} INFO - Filling up the DagBag from /home/seva/UCU/AutomatedDataPipelines/Homework1/venv/lib/python3.10/site-packages/airflow/example_dags/example_branch_labels.py
[2023-11-30T02:21:20.153+0200] {processor.py:839} INFO - DAG(s) dict_keys(['example_branch_labels']) retrieved from /home/seva/UCU/AutomatedDataPipelines/Homework1/venv/lib/python3.10/site-packages/airflow/example_dags/example_branch_labels.py
[2023-11-30T02:21:20.167+0200] {logging_mixin.py:154} INFO - [2023-11-30T02:21:20.167+0200] {dag.py:2941} INFO - Sync 1 DAGs
[2023-11-30T02:21:20.185+0200] {logging_mixin.py:154} INFO - [2023-11-30T02:21:20.185+0200] {dag.py:3722} INFO - Setting next_dagrun for example_branch_labels to 2023-11-29T00:00:00+00:00, run_after=2023-11-30T00:00:00+00:00
[2023-11-30T02:21:20.209+0200] {processor.py:179} INFO - Processing /home/seva/UCU/AutomatedDataPipelines/Homework1/venv/lib/python3.10/site-packages/airflow/example_dags/example_branch_labels.py took 0.080 seconds
[2023-11-30T02:22:01.829+0200] {processor.py:157} INFO - Started process (PID=3150) to work on /home/seva/UCU/AutomatedDataPipelines/Homework1/venv/lib/python3.10/site-packages/airflow/example_dags/example_branch_labels.py
[2023-11-30T02:22:01.831+0200] {processor.py:829} INFO - Processing file /home/seva/UCU/AutomatedDataPipelines/Homework1/venv/lib/python3.10/site-packages/airflow/example_dags/example_branch_labels.py for tasks to queue
[2023-11-30T02:22:01.832+0200] {logging_mixin.py:154} INFO - [2023-11-30T02:22:01.832+0200] {dagbag.py:536} INFO - Filling up the DagBag from /home/seva/UCU/AutomatedDataPipelines/Homework1/venv/lib/python3.10/site-packages/airflow/example_dags/example_branch_labels.py
[2023-11-30T02:22:01.839+0200] {processor.py:839} INFO - DAG(s) dict_keys(['example_branch_labels']) retrieved from /home/seva/UCU/AutomatedDataPipelines/Homework1/venv/lib/python3.10/site-packages/airflow/example_dags/example_branch_labels.py
[2023-11-30T02:22:01.853+0200] {logging_mixin.py:154} INFO - [2023-11-30T02:22:01.852+0200] {dag.py:2941} INFO - Sync 1 DAGs
[2023-11-30T02:22:01.869+0200] {logging_mixin.py:154} INFO - [2023-11-30T02:22:01.869+0200] {dag.py:3722} INFO - Setting next_dagrun for example_branch_labels to 2023-11-29T00:00:00+00:00, run_after=2023-11-30T00:00:00+00:00
[2023-11-30T02:22:01.891+0200] {processor.py:179} INFO - Processing /home/seva/UCU/AutomatedDataPipelines/Homework1/venv/lib/python3.10/site-packages/airflow/example_dags/example_branch_labels.py took 0.064 seconds
[2023-11-30T02:22:46.874+0200] {processor.py:157} INFO - Started process (PID=3327) to work on /home/seva/UCU/AutomatedDataPipelines/Homework1/venv/lib/python3.10/site-packages/airflow/example_dags/example_branch_labels.py
[2023-11-30T02:22:46.886+0200] {processor.py:829} INFO - Processing file /home/seva/UCU/AutomatedDataPipelines/Homework1/venv/lib/python3.10/site-packages/airflow/example_dags/example_branch_labels.py for tasks to queue
[2023-11-30T02:22:46.887+0200] {logging_mixin.py:154} INFO - [2023-11-30T02:22:46.887+0200] {dagbag.py:536} INFO - Filling up the DagBag from /home/seva/UCU/AutomatedDataPipelines/Homework1/venv/lib/python3.10/site-packages/airflow/example_dags/example_branch_labels.py
[2023-11-30T02:22:46.895+0200] {processor.py:839} INFO - DAG(s) dict_keys(['example_branch_labels']) retrieved from /home/seva/UCU/AutomatedDataPipelines/Homework1/venv/lib/python3.10/site-packages/airflow/example_dags/example_branch_labels.py
[2023-11-30T02:22:46.910+0200] {logging_mixin.py:154} INFO - [2023-11-30T02:22:46.910+0200] {dag.py:2941} INFO - Sync 1 DAGs
[2023-11-30T02:22:46.926+0200] {logging_mixin.py:154} INFO - [2023-11-30T02:22:46.926+0200] {dag.py:3722} INFO - Setting next_dagrun for example_branch_labels to 2023-11-29T00:00:00+00:00, run_after=2023-11-30T00:00:00+00:00
[2023-11-30T02:22:46.950+0200] {processor.py:179} INFO - Processing /home/seva/UCU/AutomatedDataPipelines/Homework1/venv/lib/python3.10/site-packages/airflow/example_dags/example_branch_labels.py took 0.079 seconds
[2023-11-30T02:23:31.207+0200] {processor.py:157} INFO - Started process (PID=3500) to work on /home/seva/UCU/AutomatedDataPipelines/Homework1/venv/lib/python3.10/site-packages/airflow/example_dags/example_branch_labels.py
[2023-11-30T02:23:31.218+0200] {processor.py:829} INFO - Processing file /home/seva/UCU/AutomatedDataPipelines/Homework1/venv/lib/python3.10/site-packages/airflow/example_dags/example_branch_labels.py for tasks to queue
[2023-11-30T02:23:31.219+0200] {logging_mixin.py:154} INFO - [2023-11-30T02:23:31.219+0200] {dagbag.py:536} INFO - Filling up the DagBag from /home/seva/UCU/AutomatedDataPipelines/Homework1/venv/lib/python3.10/site-packages/airflow/example_dags/example_branch_labels.py
[2023-11-30T02:23:31.226+0200] {processor.py:839} INFO - DAG(s) dict_keys(['example_branch_labels']) retrieved from /home/seva/UCU/AutomatedDataPipelines/Homework1/venv/lib/python3.10/site-packages/airflow/example_dags/example_branch_labels.py
[2023-11-30T02:23:31.240+0200] {logging_mixin.py:154} INFO - [2023-11-30T02:23:31.240+0200] {dag.py:2941} INFO - Sync 1 DAGs
[2023-11-30T02:23:31.257+0200] {logging_mixin.py:154} INFO - [2023-11-30T02:23:31.257+0200] {dag.py:3722} INFO - Setting next_dagrun for example_branch_labels to 2023-11-29T00:00:00+00:00, run_after=2023-11-30T00:00:00+00:00
[2023-11-30T02:23:31.280+0200] {processor.py:179} INFO - Processing /home/seva/UCU/AutomatedDataPipelines/Homework1/venv/lib/python3.10/site-packages/airflow/example_dags/example_branch_labels.py took 0.076 seconds
[2023-11-30T02:24:15.492+0200] {processor.py:157} INFO - Started process (PID=3677) to work on /home/seva/UCU/AutomatedDataPipelines/Homework1/venv/lib/python3.10/site-packages/airflow/example_dags/example_branch_labels.py
[2023-11-30T02:24:15.504+0200] {processor.py:829} INFO - Processing file /home/seva/UCU/AutomatedDataPipelines/Homework1/venv/lib/python3.10/site-packages/airflow/example_dags/example_branch_labels.py for tasks to queue
[2023-11-30T02:24:15.505+0200] {logging_mixin.py:154} INFO - [2023-11-30T02:24:15.504+0200] {dagbag.py:536} INFO - Filling up the DagBag from /home/seva/UCU/AutomatedDataPipelines/Homework1/venv/lib/python3.10/site-packages/airflow/example_dags/example_branch_labels.py
[2023-11-30T02:24:15.512+0200] {processor.py:839} INFO - DAG(s) dict_keys(['example_branch_labels']) retrieved from /home/seva/UCU/AutomatedDataPipelines/Homework1/venv/lib/python3.10/site-packages/airflow/example_dags/example_branch_labels.py
[2023-11-30T02:24:15.527+0200] {logging_mixin.py:154} INFO - [2023-11-30T02:24:15.526+0200] {dag.py:2941} INFO - Sync 1 DAGs
[2023-11-30T02:24:15.542+0200] {logging_mixin.py:154} INFO - [2023-11-30T02:24:15.542+0200] {dag.py:3722} INFO - Setting next_dagrun for example_branch_labels to 2023-11-29T00:00:00+00:00, run_after=2023-11-30T00:00:00+00:00
[2023-11-30T02:24:15.568+0200] {processor.py:179} INFO - Processing /home/seva/UCU/AutomatedDataPipelines/Homework1/venv/lib/python3.10/site-packages/airflow/example_dags/example_branch_labels.py took 0.078 seconds
[2023-11-30T02:25:04.470+0200] {processor.py:157} INFO - Started process (PID=3869) to work on /home/seva/UCU/AutomatedDataPipelines/Homework1/venv/lib/python3.10/site-packages/airflow/example_dags/example_branch_labels.py
[2023-11-30T02:25:04.482+0200] {processor.py:829} INFO - Processing file /home/seva/UCU/AutomatedDataPipelines/Homework1/venv/lib/python3.10/site-packages/airflow/example_dags/example_branch_labels.py for tasks to queue
[2023-11-30T02:25:04.483+0200] {logging_mixin.py:154} INFO - [2023-11-30T02:25:04.483+0200] {dagbag.py:536} INFO - Filling up the DagBag from /home/seva/UCU/AutomatedDataPipelines/Homework1/venv/lib/python3.10/site-packages/airflow/example_dags/example_branch_labels.py
[2023-11-30T02:25:04.492+0200] {processor.py:839} INFO - DAG(s) dict_keys(['example_branch_labels']) retrieved from /home/seva/UCU/AutomatedDataPipelines/Homework1/venv/lib/python3.10/site-packages/airflow/example_dags/example_branch_labels.py
[2023-11-30T02:25:04.512+0200] {logging_mixin.py:154} INFO - [2023-11-30T02:25:04.512+0200] {dag.py:2941} INFO - Sync 1 DAGs
[2023-11-30T02:25:04.530+0200] {logging_mixin.py:154} INFO - [2023-11-30T02:25:04.530+0200] {dag.py:3722} INFO - Setting next_dagrun for example_branch_labels to 2023-11-29T00:00:00+00:00, run_after=2023-11-30T00:00:00+00:00
[2023-11-30T02:25:04.555+0200] {processor.py:179} INFO - Processing /home/seva/UCU/AutomatedDataPipelines/Homework1/venv/lib/python3.10/site-packages/airflow/example_dags/example_branch_labels.py took 0.088 seconds
[2023-11-30T02:25:47.176+0200] {processor.py:157} INFO - Started process (PID=4038) to work on /home/seva/UCU/AutomatedDataPipelines/Homework1/venv/lib/python3.10/site-packages/airflow/example_dags/example_branch_labels.py
[2023-11-30T02:25:47.177+0200] {processor.py:829} INFO - Processing file /home/seva/UCU/AutomatedDataPipelines/Homework1/venv/lib/python3.10/site-packages/airflow/example_dags/example_branch_labels.py for tasks to queue
[2023-11-30T02:25:47.178+0200] {logging_mixin.py:154} INFO - [2023-11-30T02:25:47.178+0200] {dagbag.py:536} INFO - Filling up the DagBag from /home/seva/UCU/AutomatedDataPipelines/Homework1/venv/lib/python3.10/site-packages/airflow/example_dags/example_branch_labels.py
[2023-11-30T02:25:47.185+0200] {processor.py:839} INFO - DAG(s) dict_keys(['example_branch_labels']) retrieved from /home/seva/UCU/AutomatedDataPipelines/Homework1/venv/lib/python3.10/site-packages/airflow/example_dags/example_branch_labels.py
[2023-11-30T02:25:47.199+0200] {logging_mixin.py:154} INFO - [2023-11-30T02:25:47.199+0200] {dag.py:2941} INFO - Sync 1 DAGs
[2023-11-30T02:25:47.217+0200] {logging_mixin.py:154} INFO - [2023-11-30T02:25:47.217+0200] {dag.py:3722} INFO - Setting next_dagrun for example_branch_labels to 2023-11-29T00:00:00+00:00, run_after=2023-11-30T00:00:00+00:00
[2023-11-30T02:25:47.248+0200] {processor.py:179} INFO - Processing /home/seva/UCU/AutomatedDataPipelines/Homework1/venv/lib/python3.10/site-packages/airflow/example_dags/example_branch_labels.py took 0.076 seconds
[2023-11-30T02:26:32.249+0200] {processor.py:157} INFO - Started process (PID=4215) to work on /home/seva/UCU/AutomatedDataPipelines/Homework1/venv/lib/python3.10/site-packages/airflow/example_dags/example_branch_labels.py
[2023-11-30T02:26:32.261+0200] {processor.py:829} INFO - Processing file /home/seva/UCU/AutomatedDataPipelines/Homework1/venv/lib/python3.10/site-packages/airflow/example_dags/example_branch_labels.py for tasks to queue
[2023-11-30T02:26:32.261+0200] {logging_mixin.py:154} INFO - [2023-11-30T02:26:32.261+0200] {dagbag.py:536} INFO - Filling up the DagBag from /home/seva/UCU/AutomatedDataPipelines/Homework1/venv/lib/python3.10/site-packages/airflow/example_dags/example_branch_labels.py
[2023-11-30T02:26:32.268+0200] {processor.py:839} INFO - DAG(s) dict_keys(['example_branch_labels']) retrieved from /home/seva/UCU/AutomatedDataPipelines/Homework1/venv/lib/python3.10/site-packages/airflow/example_dags/example_branch_labels.py
[2023-11-30T02:26:32.283+0200] {logging_mixin.py:154} INFO - [2023-11-30T02:26:32.282+0200] {dag.py:2941} INFO - Sync 1 DAGs
[2023-11-30T02:26:32.299+0200] {logging_mixin.py:154} INFO - [2023-11-30T02:26:32.299+0200] {dag.py:3722} INFO - Setting next_dagrun for example_branch_labels to 2023-11-29T00:00:00+00:00, run_after=2023-11-30T00:00:00+00:00
[2023-11-30T02:26:32.322+0200] {processor.py:179} INFO - Processing /home/seva/UCU/AutomatedDataPipelines/Homework1/venv/lib/python3.10/site-packages/airflow/example_dags/example_branch_labels.py took 0.076 seconds
[2023-11-30T02:27:24.852+0200] {processor.py:157} INFO - Started process (PID=4419) to work on /home/seva/UCU/AutomatedDataPipelines/Homework1/venv/lib/python3.10/site-packages/airflow/example_dags/example_branch_labels.py
[2023-11-30T02:27:24.863+0200] {processor.py:829} INFO - Processing file /home/seva/UCU/AutomatedDataPipelines/Homework1/venv/lib/python3.10/site-packages/airflow/example_dags/example_branch_labels.py for tasks to queue
[2023-11-30T02:27:24.865+0200] {logging_mixin.py:154} INFO - [2023-11-30T02:27:24.864+0200] {dagbag.py:536} INFO - Filling up the DagBag from /home/seva/UCU/AutomatedDataPipelines/Homework1/venv/lib/python3.10/site-packages/airflow/example_dags/example_branch_labels.py
[2023-11-30T02:27:24.871+0200] {processor.py:839} INFO - DAG(s) dict_keys(['example_branch_labels']) retrieved from /home/seva/UCU/AutomatedDataPipelines/Homework1/venv/lib/python3.10/site-packages/airflow/example_dags/example_branch_labels.py
[2023-11-30T02:27:24.886+0200] {logging_mixin.py:154} INFO - [2023-11-30T02:27:24.886+0200] {dag.py:2941} INFO - Sync 1 DAGs
[2023-11-30T02:27:24.910+0200] {logging_mixin.py:154} INFO - [2023-11-30T02:27:24.909+0200] {dag.py:3722} INFO - Setting next_dagrun for example_branch_labels to 2023-11-29T00:00:00+00:00, run_after=2023-11-30T00:00:00+00:00
[2023-11-30T02:27:24.945+0200] {processor.py:179} INFO - Processing /home/seva/UCU/AutomatedDataPipelines/Homework1/venv/lib/python3.10/site-packages/airflow/example_dags/example_branch_labels.py took 0.096 seconds
[2023-11-30T02:28:12.510+0200] {processor.py:157} INFO - Started process (PID=4611) to work on /home/seva/UCU/AutomatedDataPipelines/Homework1/venv/lib/python3.10/site-packages/airflow/example_dags/example_branch_labels.py
[2023-11-30T02:28:12.522+0200] {processor.py:829} INFO - Processing file /home/seva/UCU/AutomatedDataPipelines/Homework1/venv/lib/python3.10/site-packages/airflow/example_dags/example_branch_labels.py for tasks to queue
[2023-11-30T02:28:12.523+0200] {logging_mixin.py:154} INFO - [2023-11-30T02:28:12.522+0200] {dagbag.py:536} INFO - Filling up the DagBag from /home/seva/UCU/AutomatedDataPipelines/Homework1/venv/lib/python3.10/site-packages/airflow/example_dags/example_branch_labels.py
[2023-11-30T02:28:12.530+0200] {processor.py:839} INFO - DAG(s) dict_keys(['example_branch_labels']) retrieved from /home/seva/UCU/AutomatedDataPipelines/Homework1/venv/lib/python3.10/site-packages/airflow/example_dags/example_branch_labels.py
[2023-11-30T02:28:12.544+0200] {logging_mixin.py:154} INFO - [2023-11-30T02:28:12.544+0200] {dag.py:2941} INFO - Sync 1 DAGs
[2023-11-30T02:28:12.561+0200] {logging_mixin.py:154} INFO - [2023-11-30T02:28:12.561+0200] {dag.py:3722} INFO - Setting next_dagrun for example_branch_labels to 2023-11-29T00:00:00+00:00, run_after=2023-11-30T00:00:00+00:00
[2023-11-30T02:28:12.599+0200] {processor.py:179} INFO - Processing /home/seva/UCU/AutomatedDataPipelines/Homework1/venv/lib/python3.10/site-packages/airflow/example_dags/example_branch_labels.py took 0.092 seconds
[2023-11-30T02:28:56.067+0200] {processor.py:157} INFO - Started process (PID=4776) to work on /home/seva/UCU/AutomatedDataPipelines/Homework1/venv/lib/python3.10/site-packages/airflow/example_dags/example_branch_labels.py
[2023-11-30T02:28:56.079+0200] {processor.py:829} INFO - Processing file /home/seva/UCU/AutomatedDataPipelines/Homework1/venv/lib/python3.10/site-packages/airflow/example_dags/example_branch_labels.py for tasks to queue
[2023-11-30T02:28:56.080+0200] {logging_mixin.py:154} INFO - [2023-11-30T02:28:56.080+0200] {dagbag.py:536} INFO - Filling up the DagBag from /home/seva/UCU/AutomatedDataPipelines/Homework1/venv/lib/python3.10/site-packages/airflow/example_dags/example_branch_labels.py
[2023-11-30T02:28:56.088+0200] {processor.py:839} INFO - DAG(s) dict_keys(['example_branch_labels']) retrieved from /home/seva/UCU/AutomatedDataPipelines/Homework1/venv/lib/python3.10/site-packages/airflow/example_dags/example_branch_labels.py
[2023-11-30T02:28:56.102+0200] {logging_mixin.py:154} INFO - [2023-11-30T02:28:56.102+0200] {dag.py:2941} INFO - Sync 1 DAGs
[2023-11-30T02:28:56.120+0200] {logging_mixin.py:154} INFO - [2023-11-30T02:28:56.120+0200] {dag.py:3722} INFO - Setting next_dagrun for example_branch_labels to 2023-11-29T00:00:00+00:00, run_after=2023-11-30T00:00:00+00:00
[2023-11-30T02:28:56.145+0200] {processor.py:179} INFO - Processing /home/seva/UCU/AutomatedDataPipelines/Homework1/venv/lib/python3.10/site-packages/airflow/example_dags/example_branch_labels.py took 0.081 seconds
[2023-11-30T02:29:40.006+0200] {processor.py:157} INFO - Started process (PID=4959) to work on /home/seva/UCU/AutomatedDataPipelines/Homework1/venv/lib/python3.10/site-packages/airflow/example_dags/example_branch_labels.py
[2023-11-30T02:29:40.018+0200] {processor.py:829} INFO - Processing file /home/seva/UCU/AutomatedDataPipelines/Homework1/venv/lib/python3.10/site-packages/airflow/example_dags/example_branch_labels.py for tasks to queue
[2023-11-30T02:29:40.019+0200] {logging_mixin.py:154} INFO - [2023-11-30T02:29:40.018+0200] {dagbag.py:536} INFO - Filling up the DagBag from /home/seva/UCU/AutomatedDataPipelines/Homework1/venv/lib/python3.10/site-packages/airflow/example_dags/example_branch_labels.py
[2023-11-30T02:29:40.026+0200] {processor.py:839} INFO - DAG(s) dict_keys(['example_branch_labels']) retrieved from /home/seva/UCU/AutomatedDataPipelines/Homework1/venv/lib/python3.10/site-packages/airflow/example_dags/example_branch_labels.py
[2023-11-30T02:29:40.041+0200] {logging_mixin.py:154} INFO - [2023-11-30T02:29:40.041+0200] {dag.py:2941} INFO - Sync 1 DAGs
[2023-11-30T02:29:40.058+0200] {logging_mixin.py:154} INFO - [2023-11-30T02:29:40.058+0200] {dag.py:3722} INFO - Setting next_dagrun for example_branch_labels to 2023-11-29T00:00:00+00:00, run_after=2023-11-30T00:00:00+00:00
[2023-11-30T02:29:40.099+0200] {processor.py:179} INFO - Processing /home/seva/UCU/AutomatedDataPipelines/Homework1/venv/lib/python3.10/site-packages/airflow/example_dags/example_branch_labels.py took 0.096 seconds
[2023-11-30T02:30:26.423+0200] {processor.py:157} INFO - Started process (PID=5138) to work on /home/seva/UCU/AutomatedDataPipelines/Homework1/venv/lib/python3.10/site-packages/airflow/example_dags/example_branch_labels.py
[2023-11-30T02:30:26.435+0200] {processor.py:829} INFO - Processing file /home/seva/UCU/AutomatedDataPipelines/Homework1/venv/lib/python3.10/site-packages/airflow/example_dags/example_branch_labels.py for tasks to queue
[2023-11-30T02:30:26.436+0200] {logging_mixin.py:154} INFO - [2023-11-30T02:30:26.436+0200] {dagbag.py:536} INFO - Filling up the DagBag from /home/seva/UCU/AutomatedDataPipelines/Homework1/venv/lib/python3.10/site-packages/airflow/example_dags/example_branch_labels.py
[2023-11-30T02:30:26.444+0200] {processor.py:839} INFO - DAG(s) dict_keys(['example_branch_labels']) retrieved from /home/seva/UCU/AutomatedDataPipelines/Homework1/venv/lib/python3.10/site-packages/airflow/example_dags/example_branch_labels.py
[2023-11-30T02:30:26.459+0200] {logging_mixin.py:154} INFO - [2023-11-30T02:30:26.459+0200] {dag.py:2941} INFO - Sync 1 DAGs
[2023-11-30T02:30:26.476+0200] {logging_mixin.py:154} INFO - [2023-11-30T02:30:26.476+0200] {dag.py:3722} INFO - Setting next_dagrun for example_branch_labels to 2023-11-29T00:00:00+00:00, run_after=2023-11-30T00:00:00+00:00
[2023-11-30T02:30:26.501+0200] {processor.py:179} INFO - Processing /home/seva/UCU/AutomatedDataPipelines/Homework1/venv/lib/python3.10/site-packages/airflow/example_dags/example_branch_labels.py took 0.080 seconds
[2023-11-30T02:31:12.628+0200] {processor.py:157} INFO - Started process (PID=5317) to work on /home/seva/UCU/AutomatedDataPipelines/Homework1/venv/lib/python3.10/site-packages/airflow/example_dags/example_branch_labels.py
[2023-11-30T02:31:12.629+0200] {processor.py:829} INFO - Processing file /home/seva/UCU/AutomatedDataPipelines/Homework1/venv/lib/python3.10/site-packages/airflow/example_dags/example_branch_labels.py for tasks to queue
[2023-11-30T02:31:12.630+0200] {logging_mixin.py:154} INFO - [2023-11-30T02:31:12.630+0200] {dagbag.py:536} INFO - Filling up the DagBag from /home/seva/UCU/AutomatedDataPipelines/Homework1/venv/lib/python3.10/site-packages/airflow/example_dags/example_branch_labels.py
[2023-11-30T02:31:12.637+0200] {processor.py:839} INFO - DAG(s) dict_keys(['example_branch_labels']) retrieved from /home/seva/UCU/AutomatedDataPipelines/Homework1/venv/lib/python3.10/site-packages/airflow/example_dags/example_branch_labels.py
[2023-11-30T02:31:12.653+0200] {logging_mixin.py:154} INFO - [2023-11-30T02:31:12.653+0200] {dag.py:2941} INFO - Sync 1 DAGs
[2023-11-30T02:31:12.675+0200] {logging_mixin.py:154} INFO - [2023-11-30T02:31:12.675+0200] {dag.py:3722} INFO - Setting next_dagrun for example_branch_labels to 2023-11-29T00:00:00+00:00, run_after=2023-11-30T00:00:00+00:00
[2023-11-30T02:31:12.700+0200] {processor.py:179} INFO - Processing /home/seva/UCU/AutomatedDataPipelines/Homework1/venv/lib/python3.10/site-packages/airflow/example_dags/example_branch_labels.py took 0.075 seconds
[2023-11-30T02:31:56.027+0200] {processor.py:157} INFO - Started process (PID=5489) to work on /home/seva/UCU/AutomatedDataPipelines/Homework1/venv/lib/python3.10/site-packages/airflow/example_dags/example_branch_labels.py
[2023-11-30T02:31:56.039+0200] {processor.py:829} INFO - Processing file /home/seva/UCU/AutomatedDataPipelines/Homework1/venv/lib/python3.10/site-packages/airflow/example_dags/example_branch_labels.py for tasks to queue
[2023-11-30T02:31:56.040+0200] {logging_mixin.py:154} INFO - [2023-11-30T02:31:56.039+0200] {dagbag.py:536} INFO - Filling up the DagBag from /home/seva/UCU/AutomatedDataPipelines/Homework1/venv/lib/python3.10/site-packages/airflow/example_dags/example_branch_labels.py
[2023-11-30T02:31:56.046+0200] {processor.py:839} INFO - DAG(s) dict_keys(['example_branch_labels']) retrieved from /home/seva/UCU/AutomatedDataPipelines/Homework1/venv/lib/python3.10/site-packages/airflow/example_dags/example_branch_labels.py
[2023-11-30T02:31:56.062+0200] {logging_mixin.py:154} INFO - [2023-11-30T02:31:56.062+0200] {dag.py:2941} INFO - Sync 1 DAGs
[2023-11-30T02:31:56.079+0200] {logging_mixin.py:154} INFO - [2023-11-30T02:31:56.079+0200] {dag.py:3722} INFO - Setting next_dagrun for example_branch_labels to 2023-11-29T00:00:00+00:00, run_after=2023-11-30T00:00:00+00:00
[2023-11-30T02:31:56.106+0200] {processor.py:179} INFO - Processing /home/seva/UCU/AutomatedDataPipelines/Homework1/venv/lib/python3.10/site-packages/airflow/example_dags/example_branch_labels.py took 0.082 seconds
[2023-11-30T02:32:40.761+0200] {processor.py:157} INFO - Started process (PID=5697) to work on /home/seva/UCU/AutomatedDataPipelines/Homework1/venv/lib/python3.10/site-packages/airflow/example_dags/example_branch_labels.py
[2023-11-30T02:32:40.773+0200] {processor.py:829} INFO - Processing file /home/seva/UCU/AutomatedDataPipelines/Homework1/venv/lib/python3.10/site-packages/airflow/example_dags/example_branch_labels.py for tasks to queue
[2023-11-30T02:32:40.774+0200] {logging_mixin.py:154} INFO - [2023-11-30T02:32:40.774+0200] {dagbag.py:536} INFO - Filling up the DagBag from /home/seva/UCU/AutomatedDataPipelines/Homework1/venv/lib/python3.10/site-packages/airflow/example_dags/example_branch_labels.py
[2023-11-30T02:32:40.782+0200] {processor.py:839} INFO - DAG(s) dict_keys(['example_branch_labels']) retrieved from /home/seva/UCU/AutomatedDataPipelines/Homework1/venv/lib/python3.10/site-packages/airflow/example_dags/example_branch_labels.py
[2023-11-30T02:32:40.798+0200] {logging_mixin.py:154} INFO - [2023-11-30T02:32:40.797+0200] {dag.py:2941} INFO - Sync 1 DAGs
[2023-11-30T02:32:40.818+0200] {logging_mixin.py:154} INFO - [2023-11-30T02:32:40.818+0200] {dag.py:3722} INFO - Setting next_dagrun for example_branch_labels to 2023-11-29T00:00:00+00:00, run_after=2023-11-30T00:00:00+00:00
[2023-11-30T02:32:40.854+0200] {processor.py:179} INFO - Processing /home/seva/UCU/AutomatedDataPipelines/Homework1/venv/lib/python3.10/site-packages/airflow/example_dags/example_branch_labels.py took 0.095 seconds
[2023-11-30T02:33:27.976+0200] {processor.py:157} INFO - Started process (PID=5883) to work on /home/seva/UCU/AutomatedDataPipelines/Homework1/venv/lib/python3.10/site-packages/airflow/example_dags/example_branch_labels.py
[2023-11-30T02:33:27.988+0200] {processor.py:829} INFO - Processing file /home/seva/UCU/AutomatedDataPipelines/Homework1/venv/lib/python3.10/site-packages/airflow/example_dags/example_branch_labels.py for tasks to queue
[2023-11-30T02:33:27.989+0200] {logging_mixin.py:154} INFO - [2023-11-30T02:33:27.989+0200] {dagbag.py:536} INFO - Filling up the DagBag from /home/seva/UCU/AutomatedDataPipelines/Homework1/venv/lib/python3.10/site-packages/airflow/example_dags/example_branch_labels.py
[2023-11-30T02:33:27.997+0200] {processor.py:839} INFO - DAG(s) dict_keys(['example_branch_labels']) retrieved from /home/seva/UCU/AutomatedDataPipelines/Homework1/venv/lib/python3.10/site-packages/airflow/example_dags/example_branch_labels.py
[2023-11-30T02:33:28.013+0200] {logging_mixin.py:154} INFO - [2023-11-30T02:33:28.013+0200] {dag.py:2941} INFO - Sync 1 DAGs
[2023-11-30T02:33:28.032+0200] {logging_mixin.py:154} INFO - [2023-11-30T02:33:28.031+0200] {dag.py:3722} INFO - Setting next_dagrun for example_branch_labels to 2023-11-29T00:00:00+00:00, run_after=2023-11-30T00:00:00+00:00
[2023-11-30T02:33:28.055+0200] {processor.py:179} INFO - Processing /home/seva/UCU/AutomatedDataPipelines/Homework1/venv/lib/python3.10/site-packages/airflow/example_dags/example_branch_labels.py took 0.083 seconds
[2023-11-30T02:34:14.655+0200] {processor.py:157} INFO - Started process (PID=6068) to work on /home/seva/UCU/AutomatedDataPipelines/Homework1/venv/lib/python3.10/site-packages/airflow/example_dags/example_branch_labels.py
[2023-11-30T02:34:14.668+0200] {processor.py:829} INFO - Processing file /home/seva/UCU/AutomatedDataPipelines/Homework1/venv/lib/python3.10/site-packages/airflow/example_dags/example_branch_labels.py for tasks to queue
[2023-11-30T02:34:14.669+0200] {logging_mixin.py:154} INFO - [2023-11-30T02:34:14.669+0200] {dagbag.py:536} INFO - Filling up the DagBag from /home/seva/UCU/AutomatedDataPipelines/Homework1/venv/lib/python3.10/site-packages/airflow/example_dags/example_branch_labels.py
[2023-11-30T02:34:14.679+0200] {processor.py:839} INFO - DAG(s) dict_keys(['example_branch_labels']) retrieved from /home/seva/UCU/AutomatedDataPipelines/Homework1/venv/lib/python3.10/site-packages/airflow/example_dags/example_branch_labels.py
[2023-11-30T02:34:14.697+0200] {logging_mixin.py:154} INFO - [2023-11-30T02:34:14.697+0200] {dag.py:2941} INFO - Sync 1 DAGs
[2023-11-30T02:34:14.723+0200] {logging_mixin.py:154} INFO - [2023-11-30T02:34:14.723+0200] {dag.py:3722} INFO - Setting next_dagrun for example_branch_labels to 2023-11-29T00:00:00+00:00, run_after=2023-11-30T00:00:00+00:00
[2023-11-30T02:34:14.751+0200] {processor.py:179} INFO - Processing /home/seva/UCU/AutomatedDataPipelines/Homework1/venv/lib/python3.10/site-packages/airflow/example_dags/example_branch_labels.py took 0.100 seconds
[2023-11-30T02:35:05.662+0200] {processor.py:157} INFO - Started process (PID=6272) to work on /home/seva/UCU/AutomatedDataPipelines/Homework1/venv/lib/python3.10/site-packages/airflow/example_dags/example_branch_labels.py
[2023-11-30T02:35:05.674+0200] {processor.py:829} INFO - Processing file /home/seva/UCU/AutomatedDataPipelines/Homework1/venv/lib/python3.10/site-packages/airflow/example_dags/example_branch_labels.py for tasks to queue
[2023-11-30T02:35:05.675+0200] {logging_mixin.py:154} INFO - [2023-11-30T02:35:05.675+0200] {dagbag.py:536} INFO - Filling up the DagBag from /home/seva/UCU/AutomatedDataPipelines/Homework1/venv/lib/python3.10/site-packages/airflow/example_dags/example_branch_labels.py
[2023-11-30T02:35:05.683+0200] {processor.py:839} INFO - DAG(s) dict_keys(['example_branch_labels']) retrieved from /home/seva/UCU/AutomatedDataPipelines/Homework1/venv/lib/python3.10/site-packages/airflow/example_dags/example_branch_labels.py
[2023-11-30T02:35:05.699+0200] {logging_mixin.py:154} INFO - [2023-11-30T02:35:05.699+0200] {dag.py:2941} INFO - Sync 1 DAGs
[2023-11-30T02:35:05.719+0200] {logging_mixin.py:154} INFO - [2023-11-30T02:35:05.719+0200] {dag.py:3722} INFO - Setting next_dagrun for example_branch_labels to 2023-11-29T00:00:00+00:00, run_after=2023-11-30T00:00:00+00:00
[2023-11-30T02:35:05.743+0200] {processor.py:179} INFO - Processing /home/seva/UCU/AutomatedDataPipelines/Homework1/venv/lib/python3.10/site-packages/airflow/example_dags/example_branch_labels.py took 0.083 seconds
[2023-11-30T02:35:50.930+0200] {processor.py:157} INFO - Started process (PID=6455) to work on /home/seva/UCU/AutomatedDataPipelines/Homework1/venv/lib/python3.10/site-packages/airflow/example_dags/example_branch_labels.py
[2023-11-30T02:35:50.941+0200] {processor.py:829} INFO - Processing file /home/seva/UCU/AutomatedDataPipelines/Homework1/venv/lib/python3.10/site-packages/airflow/example_dags/example_branch_labels.py for tasks to queue
[2023-11-30T02:35:50.942+0200] {logging_mixin.py:154} INFO - [2023-11-30T02:35:50.942+0200] {dagbag.py:536} INFO - Filling up the DagBag from /home/seva/UCU/AutomatedDataPipelines/Homework1/venv/lib/python3.10/site-packages/airflow/example_dags/example_branch_labels.py
[2023-11-30T02:35:50.950+0200] {processor.py:839} INFO - DAG(s) dict_keys(['example_branch_labels']) retrieved from /home/seva/UCU/AutomatedDataPipelines/Homework1/venv/lib/python3.10/site-packages/airflow/example_dags/example_branch_labels.py
[2023-11-30T02:35:50.964+0200] {logging_mixin.py:154} INFO - [2023-11-30T02:35:50.964+0200] {dag.py:2941} INFO - Sync 1 DAGs
[2023-11-30T02:35:50.982+0200] {logging_mixin.py:154} INFO - [2023-11-30T02:35:50.982+0200] {dag.py:3722} INFO - Setting next_dagrun for example_branch_labels to 2023-11-29T00:00:00+00:00, run_after=2023-11-30T00:00:00+00:00
[2023-11-30T02:35:51.006+0200] {processor.py:179} INFO - Processing /home/seva/UCU/AutomatedDataPipelines/Homework1/venv/lib/python3.10/site-packages/airflow/example_dags/example_branch_labels.py took 0.079 seconds
[2023-11-30T02:36:36.640+0200] {processor.py:157} INFO - Started process (PID=6636) to work on /home/seva/UCU/AutomatedDataPipelines/Homework1/venv/lib/python3.10/site-packages/airflow/example_dags/example_branch_labels.py
[2023-11-30T02:36:36.653+0200] {processor.py:829} INFO - Processing file /home/seva/UCU/AutomatedDataPipelines/Homework1/venv/lib/python3.10/site-packages/airflow/example_dags/example_branch_labels.py for tasks to queue
[2023-11-30T02:36:36.654+0200] {logging_mixin.py:154} INFO - [2023-11-30T02:36:36.654+0200] {dagbag.py:536} INFO - Filling up the DagBag from /home/seva/UCU/AutomatedDataPipelines/Homework1/venv/lib/python3.10/site-packages/airflow/example_dags/example_branch_labels.py
[2023-11-30T02:36:36.667+0200] {processor.py:839} INFO - DAG(s) dict_keys(['example_branch_labels']) retrieved from /home/seva/UCU/AutomatedDataPipelines/Homework1/venv/lib/python3.10/site-packages/airflow/example_dags/example_branch_labels.py
[2023-11-30T02:36:36.691+0200] {logging_mixin.py:154} INFO - [2023-11-30T02:36:36.690+0200] {dag.py:2941} INFO - Sync 1 DAGs
[2023-11-30T02:36:36.721+0200] {logging_mixin.py:154} INFO - [2023-11-30T02:36:36.720+0200] {dag.py:3722} INFO - Setting next_dagrun for example_branch_labels to 2023-11-29T00:00:00+00:00, run_after=2023-11-30T00:00:00+00:00
[2023-11-30T02:36:36.763+0200] {processor.py:179} INFO - Processing /home/seva/UCU/AutomatedDataPipelines/Homework1/venv/lib/python3.10/site-packages/airflow/example_dags/example_branch_labels.py took 0.128 seconds
[2023-11-30T02:37:25.629+0200] {processor.py:157} INFO - Started process (PID=6828) to work on /home/seva/UCU/AutomatedDataPipelines/Homework1/venv/lib/python3.10/site-packages/airflow/example_dags/example_branch_labels.py
[2023-11-30T02:37:25.631+0200] {processor.py:829} INFO - Processing file /home/seva/UCU/AutomatedDataPipelines/Homework1/venv/lib/python3.10/site-packages/airflow/example_dags/example_branch_labels.py for tasks to queue
[2023-11-30T02:37:25.632+0200] {logging_mixin.py:154} INFO - [2023-11-30T02:37:25.632+0200] {dagbag.py:536} INFO - Filling up the DagBag from /home/seva/UCU/AutomatedDataPipelines/Homework1/venv/lib/python3.10/site-packages/airflow/example_dags/example_branch_labels.py
[2023-11-30T02:37:25.639+0200] {processor.py:839} INFO - DAG(s) dict_keys(['example_branch_labels']) retrieved from /home/seva/UCU/AutomatedDataPipelines/Homework1/venv/lib/python3.10/site-packages/airflow/example_dags/example_branch_labels.py
[2023-11-30T02:37:25.656+0200] {logging_mixin.py:154} INFO - [2023-11-30T02:37:25.656+0200] {dag.py:2941} INFO - Sync 1 DAGs
[2023-11-30T02:37:25.674+0200] {logging_mixin.py:154} INFO - [2023-11-30T02:37:25.674+0200] {dag.py:3722} INFO - Setting next_dagrun for example_branch_labels to 2023-11-29T00:00:00+00:00, run_after=2023-11-30T00:00:00+00:00
[2023-11-30T02:37:25.699+0200] {processor.py:179} INFO - Processing /home/seva/UCU/AutomatedDataPipelines/Homework1/venv/lib/python3.10/site-packages/airflow/example_dags/example_branch_labels.py took 0.073 seconds
[2023-11-30T02:38:16.668+0200] {processor.py:157} INFO - Started process (PID=7067) to work on /home/seva/UCU/AutomatedDataPipelines/Homework1/venv/lib/python3.10/site-packages/airflow/example_dags/example_branch_labels.py
[2023-11-30T02:38:16.673+0200] {processor.py:829} INFO - Processing file /home/seva/UCU/AutomatedDataPipelines/Homework1/venv/lib/python3.10/site-packages/airflow/example_dags/example_branch_labels.py for tasks to queue
[2023-11-30T02:38:16.676+0200] {logging_mixin.py:154} INFO - [2023-11-30T02:38:16.675+0200] {dagbag.py:536} INFO - Filling up the DagBag from /home/seva/UCU/AutomatedDataPipelines/Homework1/venv/lib/python3.10/site-packages/airflow/example_dags/example_branch_labels.py
[2023-11-30T02:38:16.692+0200] {processor.py:839} INFO - DAG(s) dict_keys(['example_branch_labels']) retrieved from /home/seva/UCU/AutomatedDataPipelines/Homework1/venv/lib/python3.10/site-packages/airflow/example_dags/example_branch_labels.py
[2023-11-30T02:38:16.720+0200] {logging_mixin.py:154} INFO - [2023-11-30T02:38:16.719+0200] {dag.py:2941} INFO - Sync 1 DAGs
[2023-11-30T02:38:16.788+0200] {logging_mixin.py:154} INFO - [2023-11-30T02:38:16.787+0200] {dag.py:3722} INFO - Setting next_dagrun for example_branch_labels to 2023-11-29T00:00:00+00:00, run_after=2023-11-30T00:00:00+00:00
[2023-11-30T02:38:16.855+0200] {processor.py:179} INFO - Processing /home/seva/UCU/AutomatedDataPipelines/Homework1/venv/lib/python3.10/site-packages/airflow/example_dags/example_branch_labels.py took 0.198 seconds
[2023-11-30T02:39:11.308+0200] {processor.py:157} INFO - Started process (PID=7488) to work on /home/seva/UCU/AutomatedDataPipelines/Homework1/venv/lib/python3.10/site-packages/airflow/example_dags/example_branch_labels.py
[2023-11-30T02:39:11.320+0200] {processor.py:829} INFO - Processing file /home/seva/UCU/AutomatedDataPipelines/Homework1/venv/lib/python3.10/site-packages/airflow/example_dags/example_branch_labels.py for tasks to queue
[2023-11-30T02:39:11.322+0200] {logging_mixin.py:154} INFO - [2023-11-30T02:39:11.321+0200] {dagbag.py:536} INFO - Filling up the DagBag from /home/seva/UCU/AutomatedDataPipelines/Homework1/venv/lib/python3.10/site-packages/airflow/example_dags/example_branch_labels.py
[2023-11-30T02:39:11.331+0200] {processor.py:839} INFO - DAG(s) dict_keys(['example_branch_labels']) retrieved from /home/seva/UCU/AutomatedDataPipelines/Homework1/venv/lib/python3.10/site-packages/airflow/example_dags/example_branch_labels.py
[2023-11-30T02:39:11.356+0200] {logging_mixin.py:154} INFO - [2023-11-30T02:39:11.355+0200] {dag.py:2941} INFO - Sync 1 DAGs
[2023-11-30T02:39:11.392+0200] {logging_mixin.py:154} INFO - [2023-11-30T02:39:11.391+0200] {dag.py:3722} INFO - Setting next_dagrun for example_branch_labels to 2023-11-29T00:00:00+00:00, run_after=2023-11-30T00:00:00+00:00
[2023-11-30T02:39:11.442+0200] {processor.py:179} INFO - Processing /home/seva/UCU/AutomatedDataPipelines/Homework1/venv/lib/python3.10/site-packages/airflow/example_dags/example_branch_labels.py took 0.137 seconds
