[2023-11-30T02:13:54.451+0200] {processor.py:157} INFO - Started process (PID=1258) to work on /home/seva/UCU/AutomatedDataPipelines/Homework1/venv/lib/python3.10/site-packages/airflow/example_dags/example_python_operator.py
[2023-11-30T02:13:54.452+0200] {processor.py:829} INFO - Processing file /home/seva/UCU/AutomatedDataPipelines/Homework1/venv/lib/python3.10/site-packages/airflow/example_dags/example_python_operator.py for tasks to queue
[2023-11-30T02:13:54.453+0200] {logging_mixin.py:154} INFO - [2023-11-30T02:13:54.453+0200] {dagbag.py:536} INFO - Filling up the DagBag from /home/seva/UCU/AutomatedDataPipelines/Homework1/venv/lib/python3.10/site-packages/airflow/example_dags/example_python_operator.py
[2023-11-30T02:13:54.545+0200] {logging_mixin.py:154} INFO - [2023-11-30T02:13:54.545+0200] {example_python_operator.py:86} WARNING - The virtalenv_python example task requires virtualenv, please install it.
[2023-11-30T02:13:54.546+0200] {processor.py:839} INFO - DAG(s) dict_keys(['example_python_operator']) retrieved from /home/seva/UCU/AutomatedDataPipelines/Homework1/venv/lib/python3.10/site-packages/airflow/example_dags/example_python_operator.py
[2023-11-30T02:13:54.645+0200] {logging_mixin.py:154} INFO - [2023-11-30T02:13:54.644+0200] {manager.py:499} INFO - Created Permission View: %s
[2023-11-30T02:13:54.663+0200] {logging_mixin.py:154} INFO - [2023-11-30T02:13:54.663+0200] {manager.py:499} INFO - Created Permission View: %s
[2023-11-30T02:13:54.679+0200] {logging_mixin.py:154} INFO - [2023-11-30T02:13:54.678+0200] {manager.py:499} INFO - Created Permission View: %s
[2023-11-30T02:13:54.680+0200] {logging_mixin.py:154} INFO - [2023-11-30T02:13:54.679+0200] {dag.py:2941} INFO - Sync 1 DAGs
[2023-11-30T02:13:54.689+0200] {logging_mixin.py:154} INFO - [2023-11-30T02:13:54.689+0200] {dag.py:2963} INFO - Creating ORM DAG for example_python_operator
[2023-11-30T02:13:54.689+0200] {logging_mixin.py:154} INFO - [2023-11-30T02:13:54.689+0200] {dag.py:3722} INFO - Setting next_dagrun for example_python_operator to None, run_after=None
[2023-11-30T02:13:54.716+0200] {processor.py:179} INFO - Processing /home/seva/UCU/AutomatedDataPipelines/Homework1/venv/lib/python3.10/site-packages/airflow/example_dags/example_python_operator.py took 0.268 seconds
[2023-11-30T02:14:39.894+0200] {processor.py:157} INFO - Started process (PID=1402) to work on /home/seva/UCU/AutomatedDataPipelines/Homework1/venv/lib/python3.10/site-packages/airflow/example_dags/example_python_operator.py
[2023-11-30T02:14:39.906+0200] {processor.py:829} INFO - Processing file /home/seva/UCU/AutomatedDataPipelines/Homework1/venv/lib/python3.10/site-packages/airflow/example_dags/example_python_operator.py for tasks to queue
[2023-11-30T02:14:39.907+0200] {logging_mixin.py:154} INFO - [2023-11-30T02:14:39.906+0200] {dagbag.py:536} INFO - Filling up the DagBag from /home/seva/UCU/AutomatedDataPipelines/Homework1/venv/lib/python3.10/site-packages/airflow/example_dags/example_python_operator.py
[2023-11-30T02:14:39.946+0200] {logging_mixin.py:154} INFO - [2023-11-30T02:14:39.946+0200] {example_python_operator.py:86} WARNING - The virtalenv_python example task requires virtualenv, please install it.
[2023-11-30T02:14:39.947+0200] {processor.py:839} INFO - DAG(s) dict_keys(['example_python_operator']) retrieved from /home/seva/UCU/AutomatedDataPipelines/Homework1/venv/lib/python3.10/site-packages/airflow/example_dags/example_python_operator.py
[2023-11-30T02:14:39.962+0200] {logging_mixin.py:154} INFO - [2023-11-30T02:14:39.962+0200] {dag.py:2941} INFO - Sync 1 DAGs
[2023-11-30T02:14:39.972+0200] {logging_mixin.py:154} INFO - [2023-11-30T02:14:39.971+0200] {dag.py:3722} INFO - Setting next_dagrun for example_python_operator to None, run_after=None
[2023-11-30T02:14:39.996+0200] {processor.py:179} INFO - Processing /home/seva/UCU/AutomatedDataPipelines/Homework1/venv/lib/python3.10/site-packages/airflow/example_dags/example_python_operator.py took 0.107 seconds
[2023-11-30T02:15:28.791+0200] {processor.py:157} INFO - Started process (PID=1585) to work on /home/seva/UCU/AutomatedDataPipelines/Homework1/venv/lib/python3.10/site-packages/airflow/example_dags/example_python_operator.py
[2023-11-30T02:15:28.802+0200] {processor.py:829} INFO - Processing file /home/seva/UCU/AutomatedDataPipelines/Homework1/venv/lib/python3.10/site-packages/airflow/example_dags/example_python_operator.py for tasks to queue
[2023-11-30T02:15:28.803+0200] {logging_mixin.py:154} INFO - [2023-11-30T02:15:28.803+0200] {dagbag.py:536} INFO - Filling up the DagBag from /home/seva/UCU/AutomatedDataPipelines/Homework1/venv/lib/python3.10/site-packages/airflow/example_dags/example_python_operator.py
[2023-11-30T02:15:28.851+0200] {logging_mixin.py:154} INFO - [2023-11-30T02:15:28.851+0200] {example_python_operator.py:86} WARNING - The virtalenv_python example task requires virtualenv, please install it.
[2023-11-30T02:15:28.852+0200] {processor.py:839} INFO - DAG(s) dict_keys(['example_python_operator']) retrieved from /home/seva/UCU/AutomatedDataPipelines/Homework1/venv/lib/python3.10/site-packages/airflow/example_dags/example_python_operator.py
[2023-11-30T02:15:28.867+0200] {logging_mixin.py:154} INFO - [2023-11-30T02:15:28.867+0200] {dag.py:2941} INFO - Sync 1 DAGs
[2023-11-30T02:15:28.875+0200] {logging_mixin.py:154} INFO - [2023-11-30T02:15:28.875+0200] {dag.py:3722} INFO - Setting next_dagrun for example_python_operator to None, run_after=None
[2023-11-30T02:15:28.899+0200] {processor.py:179} INFO - Processing /home/seva/UCU/AutomatedDataPipelines/Homework1/venv/lib/python3.10/site-packages/airflow/example_dags/example_python_operator.py took 0.111 seconds
[2023-11-30T02:16:13.999+0200] {processor.py:157} INFO - Started process (PID=1763) to work on /home/seva/UCU/AutomatedDataPipelines/Homework1/venv/lib/python3.10/site-packages/airflow/example_dags/example_python_operator.py
[2023-11-30T02:16:14.001+0200] {processor.py:829} INFO - Processing file /home/seva/UCU/AutomatedDataPipelines/Homework1/venv/lib/python3.10/site-packages/airflow/example_dags/example_python_operator.py for tasks to queue
[2023-11-30T02:16:14.002+0200] {logging_mixin.py:154} INFO - [2023-11-30T02:16:14.002+0200] {dagbag.py:536} INFO - Filling up the DagBag from /home/seva/UCU/AutomatedDataPipelines/Homework1/venv/lib/python3.10/site-packages/airflow/example_dags/example_python_operator.py
[2023-11-30T02:16:14.041+0200] {logging_mixin.py:154} INFO - [2023-11-30T02:16:14.041+0200] {example_python_operator.py:86} WARNING - The virtalenv_python example task requires virtualenv, please install it.
[2023-11-30T02:16:14.042+0200] {processor.py:839} INFO - DAG(s) dict_keys(['example_python_operator']) retrieved from /home/seva/UCU/AutomatedDataPipelines/Homework1/venv/lib/python3.10/site-packages/airflow/example_dags/example_python_operator.py
[2023-11-30T02:16:14.058+0200] {logging_mixin.py:154} INFO - [2023-11-30T02:16:14.058+0200] {dag.py:2941} INFO - Sync 1 DAGs
[2023-11-30T02:16:14.068+0200] {logging_mixin.py:154} INFO - [2023-11-30T02:16:14.068+0200] {dag.py:3722} INFO - Setting next_dagrun for example_python_operator to None, run_after=None
[2023-11-30T02:16:14.094+0200] {processor.py:179} INFO - Processing /home/seva/UCU/AutomatedDataPipelines/Homework1/venv/lib/python3.10/site-packages/airflow/example_dags/example_python_operator.py took 0.098 seconds
[2023-11-30T02:16:59.856+0200] {processor.py:157} INFO - Started process (PID=1945) to work on /home/seva/UCU/AutomatedDataPipelines/Homework1/venv/lib/python3.10/site-packages/airflow/example_dags/example_python_operator.py
[2023-11-30T02:16:59.859+0200] {processor.py:829} INFO - Processing file /home/seva/UCU/AutomatedDataPipelines/Homework1/venv/lib/python3.10/site-packages/airflow/example_dags/example_python_operator.py for tasks to queue
[2023-11-30T02:16:59.860+0200] {logging_mixin.py:154} INFO - [2023-11-30T02:16:59.859+0200] {dagbag.py:536} INFO - Filling up the DagBag from /home/seva/UCU/AutomatedDataPipelines/Homework1/venv/lib/python3.10/site-packages/airflow/example_dags/example_python_operator.py
[2023-11-30T02:16:59.900+0200] {logging_mixin.py:154} INFO - [2023-11-30T02:16:59.900+0200] {example_python_operator.py:86} WARNING - The virtalenv_python example task requires virtualenv, please install it.
[2023-11-30T02:16:59.901+0200] {processor.py:839} INFO - DAG(s) dict_keys(['example_python_operator']) retrieved from /home/seva/UCU/AutomatedDataPipelines/Homework1/venv/lib/python3.10/site-packages/airflow/example_dags/example_python_operator.py
[2023-11-30T02:16:59.917+0200] {logging_mixin.py:154} INFO - [2023-11-30T02:16:59.917+0200] {dag.py:2941} INFO - Sync 1 DAGs
[2023-11-30T02:16:59.927+0200] {logging_mixin.py:154} INFO - [2023-11-30T02:16:59.927+0200] {dag.py:3722} INFO - Setting next_dagrun for example_python_operator to None, run_after=None
[2023-11-30T02:16:59.952+0200] {processor.py:179} INFO - Processing /home/seva/UCU/AutomatedDataPipelines/Homework1/venv/lib/python3.10/site-packages/airflow/example_dags/example_python_operator.py took 0.098 seconds
[2023-11-30T02:17:43.946+0200] {processor.py:157} INFO - Started process (PID=2125) to work on /home/seva/UCU/AutomatedDataPipelines/Homework1/venv/lib/python3.10/site-packages/airflow/example_dags/example_python_operator.py
[2023-11-30T02:17:43.948+0200] {processor.py:829} INFO - Processing file /home/seva/UCU/AutomatedDataPipelines/Homework1/venv/lib/python3.10/site-packages/airflow/example_dags/example_python_operator.py for tasks to queue
[2023-11-30T02:17:43.949+0200] {logging_mixin.py:154} INFO - [2023-11-30T02:17:43.949+0200] {dagbag.py:536} INFO - Filling up the DagBag from /home/seva/UCU/AutomatedDataPipelines/Homework1/venv/lib/python3.10/site-packages/airflow/example_dags/example_python_operator.py
[2023-11-30T02:17:43.998+0200] {logging_mixin.py:154} INFO - [2023-11-30T02:17:43.997+0200] {example_python_operator.py:86} WARNING - The virtalenv_python example task requires virtualenv, please install it.
[2023-11-30T02:17:43.998+0200] {processor.py:839} INFO - DAG(s) dict_keys(['example_python_operator']) retrieved from /home/seva/UCU/AutomatedDataPipelines/Homework1/venv/lib/python3.10/site-packages/airflow/example_dags/example_python_operator.py
[2023-11-30T02:17:44.027+0200] {logging_mixin.py:154} INFO - [2023-11-30T02:17:44.027+0200] {dag.py:2941} INFO - Sync 1 DAGs
[2023-11-30T02:17:44.047+0200] {logging_mixin.py:154} INFO - [2023-11-30T02:17:44.046+0200] {dag.py:3722} INFO - Setting next_dagrun for example_python_operator to None, run_after=None
[2023-11-30T02:17:44.081+0200] {processor.py:179} INFO - Processing /home/seva/UCU/AutomatedDataPipelines/Homework1/venv/lib/python3.10/site-packages/airflow/example_dags/example_python_operator.py took 0.139 seconds
[2023-11-30T02:18:27.188+0200] {processor.py:157} INFO - Started process (PID=2298) to work on /home/seva/UCU/AutomatedDataPipelines/Homework1/venv/lib/python3.10/site-packages/airflow/example_dags/example_python_operator.py
[2023-11-30T02:18:27.190+0200] {processor.py:829} INFO - Processing file /home/seva/UCU/AutomatedDataPipelines/Homework1/venv/lib/python3.10/site-packages/airflow/example_dags/example_python_operator.py for tasks to queue
[2023-11-30T02:18:27.191+0200] {logging_mixin.py:154} INFO - [2023-11-30T02:18:27.191+0200] {dagbag.py:536} INFO - Filling up the DagBag from /home/seva/UCU/AutomatedDataPipelines/Homework1/venv/lib/python3.10/site-packages/airflow/example_dags/example_python_operator.py
[2023-11-30T02:18:27.231+0200] {logging_mixin.py:154} INFO - [2023-11-30T02:18:27.230+0200] {example_python_operator.py:86} WARNING - The virtalenv_python example task requires virtualenv, please install it.
[2023-11-30T02:18:27.231+0200] {processor.py:839} INFO - DAG(s) dict_keys(['example_python_operator']) retrieved from /home/seva/UCU/AutomatedDataPipelines/Homework1/venv/lib/python3.10/site-packages/airflow/example_dags/example_python_operator.py
[2023-11-30T02:18:27.248+0200] {logging_mixin.py:154} INFO - [2023-11-30T02:18:27.248+0200] {dag.py:2941} INFO - Sync 1 DAGs
[2023-11-30T02:18:27.258+0200] {logging_mixin.py:154} INFO - [2023-11-30T02:18:27.258+0200] {dag.py:3722} INFO - Setting next_dagrun for example_python_operator to None, run_after=None
[2023-11-30T02:18:27.282+0200] {processor.py:179} INFO - Processing /home/seva/UCU/AutomatedDataPipelines/Homework1/venv/lib/python3.10/site-packages/airflow/example_dags/example_python_operator.py took 0.097 seconds
[2023-11-30T02:19:12.534+0200] {processor.py:157} INFO - Started process (PID=2476) to work on /home/seva/UCU/AutomatedDataPipelines/Homework1/venv/lib/python3.10/site-packages/airflow/example_dags/example_python_operator.py
[2023-11-30T02:19:12.546+0200] {processor.py:829} INFO - Processing file /home/seva/UCU/AutomatedDataPipelines/Homework1/venv/lib/python3.10/site-packages/airflow/example_dags/example_python_operator.py for tasks to queue
[2023-11-30T02:19:12.548+0200] {logging_mixin.py:154} INFO - [2023-11-30T02:19:12.547+0200] {dagbag.py:536} INFO - Filling up the DagBag from /home/seva/UCU/AutomatedDataPipelines/Homework1/venv/lib/python3.10/site-packages/airflow/example_dags/example_python_operator.py
[2023-11-30T02:19:12.598+0200] {logging_mixin.py:154} INFO - [2023-11-30T02:19:12.598+0200] {example_python_operator.py:86} WARNING - The virtalenv_python example task requires virtualenv, please install it.
[2023-11-30T02:19:12.599+0200] {processor.py:839} INFO - DAG(s) dict_keys(['example_python_operator']) retrieved from /home/seva/UCU/AutomatedDataPipelines/Homework1/venv/lib/python3.10/site-packages/airflow/example_dags/example_python_operator.py
[2023-11-30T02:19:12.617+0200] {logging_mixin.py:154} INFO - [2023-11-30T02:19:12.617+0200] {dag.py:2941} INFO - Sync 1 DAGs
[2023-11-30T02:19:12.629+0200] {logging_mixin.py:154} INFO - [2023-11-30T02:19:12.628+0200] {dag.py:3722} INFO - Setting next_dagrun for example_python_operator to None, run_after=None
[2023-11-30T02:19:12.673+0200] {processor.py:179} INFO - Processing /home/seva/UCU/AutomatedDataPipelines/Homework1/venv/lib/python3.10/site-packages/airflow/example_dags/example_python_operator.py took 0.141 seconds
[2023-11-30T02:19:55.403+0200] {processor.py:157} INFO - Started process (PID=2650) to work on /home/seva/UCU/AutomatedDataPipelines/Homework1/venv/lib/python3.10/site-packages/airflow/example_dags/example_python_operator.py
[2023-11-30T02:19:55.405+0200] {processor.py:829} INFO - Processing file /home/seva/UCU/AutomatedDataPipelines/Homework1/venv/lib/python3.10/site-packages/airflow/example_dags/example_python_operator.py for tasks to queue
[2023-11-30T02:19:55.406+0200] {logging_mixin.py:154} INFO - [2023-11-30T02:19:55.406+0200] {dagbag.py:536} INFO - Filling up the DagBag from /home/seva/UCU/AutomatedDataPipelines/Homework1/venv/lib/python3.10/site-packages/airflow/example_dags/example_python_operator.py
[2023-11-30T02:19:55.447+0200] {logging_mixin.py:154} INFO - [2023-11-30T02:19:55.446+0200] {example_python_operator.py:86} WARNING - The virtalenv_python example task requires virtualenv, please install it.
[2023-11-30T02:19:55.447+0200] {processor.py:839} INFO - DAG(s) dict_keys(['example_python_operator']) retrieved from /home/seva/UCU/AutomatedDataPipelines/Homework1/venv/lib/python3.10/site-packages/airflow/example_dags/example_python_operator.py
[2023-11-30T02:19:55.463+0200] {logging_mixin.py:154} INFO - [2023-11-30T02:19:55.463+0200] {dag.py:2941} INFO - Sync 1 DAGs
[2023-11-30T02:19:55.472+0200] {logging_mixin.py:154} INFO - [2023-11-30T02:19:55.472+0200] {dag.py:3722} INFO - Setting next_dagrun for example_python_operator to None, run_after=None
[2023-11-30T02:19:55.497+0200] {processor.py:179} INFO - Processing /home/seva/UCU/AutomatedDataPipelines/Homework1/venv/lib/python3.10/site-packages/airflow/example_dags/example_python_operator.py took 0.097 seconds
[2023-11-30T02:20:42.348+0200] {processor.py:157} INFO - Started process (PID=2835) to work on /home/seva/UCU/AutomatedDataPipelines/Homework1/venv/lib/python3.10/site-packages/airflow/example_dags/example_python_operator.py
[2023-11-30T02:20:42.350+0200] {processor.py:829} INFO - Processing file /home/seva/UCU/AutomatedDataPipelines/Homework1/venv/lib/python3.10/site-packages/airflow/example_dags/example_python_operator.py for tasks to queue
[2023-11-30T02:20:42.351+0200] {logging_mixin.py:154} INFO - [2023-11-30T02:20:42.350+0200] {dagbag.py:536} INFO - Filling up the DagBag from /home/seva/UCU/AutomatedDataPipelines/Homework1/venv/lib/python3.10/site-packages/airflow/example_dags/example_python_operator.py
[2023-11-30T02:20:42.385+0200] {logging_mixin.py:154} INFO - [2023-11-30T02:20:42.385+0200] {example_python_operator.py:86} WARNING - The virtalenv_python example task requires virtualenv, please install it.
[2023-11-30T02:20:42.386+0200] {processor.py:839} INFO - DAG(s) dict_keys(['example_python_operator']) retrieved from /home/seva/UCU/AutomatedDataPipelines/Homework1/venv/lib/python3.10/site-packages/airflow/example_dags/example_python_operator.py
[2023-11-30T02:20:42.401+0200] {logging_mixin.py:154} INFO - [2023-11-30T02:20:42.401+0200] {dag.py:2941} INFO - Sync 1 DAGs
[2023-11-30T02:20:42.410+0200] {logging_mixin.py:154} INFO - [2023-11-30T02:20:42.410+0200] {dag.py:3722} INFO - Setting next_dagrun for example_python_operator to None, run_after=None
[2023-11-30T02:20:42.435+0200] {processor.py:179} INFO - Processing /home/seva/UCU/AutomatedDataPipelines/Homework1/venv/lib/python3.10/site-packages/airflow/example_dags/example_python_operator.py took 0.090 seconds
[2023-11-30T02:21:23.806+0200] {processor.py:157} INFO - Started process (PID=2999) to work on /home/seva/UCU/AutomatedDataPipelines/Homework1/venv/lib/python3.10/site-packages/airflow/example_dags/example_python_operator.py
[2023-11-30T02:21:23.818+0200] {processor.py:829} INFO - Processing file /home/seva/UCU/AutomatedDataPipelines/Homework1/venv/lib/python3.10/site-packages/airflow/example_dags/example_python_operator.py for tasks to queue
[2023-11-30T02:21:23.819+0200] {logging_mixin.py:154} INFO - [2023-11-30T02:21:23.819+0200] {dagbag.py:536} INFO - Filling up the DagBag from /home/seva/UCU/AutomatedDataPipelines/Homework1/venv/lib/python3.10/site-packages/airflow/example_dags/example_python_operator.py
[2023-11-30T02:21:23.856+0200] {logging_mixin.py:154} INFO - [2023-11-30T02:21:23.856+0200] {example_python_operator.py:86} WARNING - The virtalenv_python example task requires virtualenv, please install it.
[2023-11-30T02:21:23.856+0200] {processor.py:839} INFO - DAG(s) dict_keys(['example_python_operator']) retrieved from /home/seva/UCU/AutomatedDataPipelines/Homework1/venv/lib/python3.10/site-packages/airflow/example_dags/example_python_operator.py
[2023-11-30T02:21:23.871+0200] {logging_mixin.py:154} INFO - [2023-11-30T02:21:23.870+0200] {dag.py:2941} INFO - Sync 1 DAGs
[2023-11-30T02:21:23.880+0200] {logging_mixin.py:154} INFO - [2023-11-30T02:21:23.880+0200] {dag.py:3722} INFO - Setting next_dagrun for example_python_operator to None, run_after=None
[2023-11-30T02:21:23.904+0200] {processor.py:179} INFO - Processing /home/seva/UCU/AutomatedDataPipelines/Homework1/venv/lib/python3.10/site-packages/airflow/example_dags/example_python_operator.py took 0.100 seconds
[2023-11-30T02:22:06.811+0200] {processor.py:157} INFO - Started process (PID=3167) to work on /home/seva/UCU/AutomatedDataPipelines/Homework1/venv/lib/python3.10/site-packages/airflow/example_dags/example_python_operator.py
[2023-11-30T02:22:06.823+0200] {processor.py:829} INFO - Processing file /home/seva/UCU/AutomatedDataPipelines/Homework1/venv/lib/python3.10/site-packages/airflow/example_dags/example_python_operator.py for tasks to queue
[2023-11-30T02:22:06.824+0200] {logging_mixin.py:154} INFO - [2023-11-30T02:22:06.824+0200] {dagbag.py:536} INFO - Filling up the DagBag from /home/seva/UCU/AutomatedDataPipelines/Homework1/venv/lib/python3.10/site-packages/airflow/example_dags/example_python_operator.py
[2023-11-30T02:22:06.861+0200] {logging_mixin.py:154} INFO - [2023-11-30T02:22:06.861+0200] {example_python_operator.py:86} WARNING - The virtalenv_python example task requires virtualenv, please install it.
[2023-11-30T02:22:06.862+0200] {processor.py:839} INFO - DAG(s) dict_keys(['example_python_operator']) retrieved from /home/seva/UCU/AutomatedDataPipelines/Homework1/venv/lib/python3.10/site-packages/airflow/example_dags/example_python_operator.py
[2023-11-30T02:22:06.882+0200] {logging_mixin.py:154} INFO - [2023-11-30T02:22:06.882+0200] {dag.py:2941} INFO - Sync 1 DAGs
[2023-11-30T02:22:06.894+0200] {logging_mixin.py:154} INFO - [2023-11-30T02:22:06.894+0200] {dag.py:3722} INFO - Setting next_dagrun for example_python_operator to None, run_after=None
[2023-11-30T02:22:06.917+0200] {processor.py:179} INFO - Processing /home/seva/UCU/AutomatedDataPipelines/Homework1/venv/lib/python3.10/site-packages/airflow/example_dags/example_python_operator.py took 0.108 seconds
[2023-11-30T02:22:51.384+0200] {processor.py:157} INFO - Started process (PID=3344) to work on /home/seva/UCU/AutomatedDataPipelines/Homework1/venv/lib/python3.10/site-packages/airflow/example_dags/example_python_operator.py
[2023-11-30T02:22:51.396+0200] {processor.py:829} INFO - Processing file /home/seva/UCU/AutomatedDataPipelines/Homework1/venv/lib/python3.10/site-packages/airflow/example_dags/example_python_operator.py for tasks to queue
[2023-11-30T02:22:51.397+0200] {logging_mixin.py:154} INFO - [2023-11-30T02:22:51.397+0200] {dagbag.py:536} INFO - Filling up the DagBag from /home/seva/UCU/AutomatedDataPipelines/Homework1/venv/lib/python3.10/site-packages/airflow/example_dags/example_python_operator.py
[2023-11-30T02:22:51.434+0200] {logging_mixin.py:154} INFO - [2023-11-30T02:22:51.434+0200] {example_python_operator.py:86} WARNING - The virtalenv_python example task requires virtualenv, please install it.
[2023-11-30T02:22:51.435+0200] {processor.py:839} INFO - DAG(s) dict_keys(['example_python_operator']) retrieved from /home/seva/UCU/AutomatedDataPipelines/Homework1/venv/lib/python3.10/site-packages/airflow/example_dags/example_python_operator.py
[2023-11-30T02:22:51.450+0200] {logging_mixin.py:154} INFO - [2023-11-30T02:22:51.450+0200] {dag.py:2941} INFO - Sync 1 DAGs
[2023-11-30T02:22:51.459+0200] {logging_mixin.py:154} INFO - [2023-11-30T02:22:51.459+0200] {dag.py:3722} INFO - Setting next_dagrun for example_python_operator to None, run_after=None
[2023-11-30T02:22:51.483+0200] {processor.py:179} INFO - Processing /home/seva/UCU/AutomatedDataPipelines/Homework1/venv/lib/python3.10/site-packages/airflow/example_dags/example_python_operator.py took 0.102 seconds
[2023-11-30T02:23:36.716+0200] {processor.py:157} INFO - Started process (PID=3523) to work on /home/seva/UCU/AutomatedDataPipelines/Homework1/venv/lib/python3.10/site-packages/airflow/example_dags/example_python_operator.py
[2023-11-30T02:23:36.728+0200] {processor.py:829} INFO - Processing file /home/seva/UCU/AutomatedDataPipelines/Homework1/venv/lib/python3.10/site-packages/airflow/example_dags/example_python_operator.py for tasks to queue
[2023-11-30T02:23:36.729+0200] {logging_mixin.py:154} INFO - [2023-11-30T02:23:36.728+0200] {dagbag.py:536} INFO - Filling up the DagBag from /home/seva/UCU/AutomatedDataPipelines/Homework1/venv/lib/python3.10/site-packages/airflow/example_dags/example_python_operator.py
[2023-11-30T02:23:36.763+0200] {logging_mixin.py:154} INFO - [2023-11-30T02:23:36.762+0200] {example_python_operator.py:86} WARNING - The virtalenv_python example task requires virtualenv, please install it.
[2023-11-30T02:23:36.763+0200] {processor.py:839} INFO - DAG(s) dict_keys(['example_python_operator']) retrieved from /home/seva/UCU/AutomatedDataPipelines/Homework1/venv/lib/python3.10/site-packages/airflow/example_dags/example_python_operator.py
[2023-11-30T02:23:36.779+0200] {logging_mixin.py:154} INFO - [2023-11-30T02:23:36.779+0200] {dag.py:2941} INFO - Sync 1 DAGs
[2023-11-30T02:23:36.788+0200] {logging_mixin.py:154} INFO - [2023-11-30T02:23:36.788+0200] {dag.py:3722} INFO - Setting next_dagrun for example_python_operator to None, run_after=None
[2023-11-30T02:23:36.814+0200] {processor.py:179} INFO - Processing /home/seva/UCU/AutomatedDataPipelines/Homework1/venv/lib/python3.10/site-packages/airflow/example_dags/example_python_operator.py took 0.101 seconds
[2023-11-30T02:24:20.691+0200] {processor.py:157} INFO - Started process (PID=3694) to work on /home/seva/UCU/AutomatedDataPipelines/Homework1/venv/lib/python3.10/site-packages/airflow/example_dags/example_python_operator.py
[2023-11-30T02:24:20.703+0200] {processor.py:829} INFO - Processing file /home/seva/UCU/AutomatedDataPipelines/Homework1/venv/lib/python3.10/site-packages/airflow/example_dags/example_python_operator.py for tasks to queue
[2023-11-30T02:24:20.705+0200] {logging_mixin.py:154} INFO - [2023-11-30T02:24:20.704+0200] {dagbag.py:536} INFO - Filling up the DagBag from /home/seva/UCU/AutomatedDataPipelines/Homework1/venv/lib/python3.10/site-packages/airflow/example_dags/example_python_operator.py
[2023-11-30T02:24:20.740+0200] {logging_mixin.py:154} INFO - [2023-11-30T02:24:20.739+0200] {example_python_operator.py:86} WARNING - The virtalenv_python example task requires virtualenv, please install it.
[2023-11-30T02:24:20.740+0200] {processor.py:839} INFO - DAG(s) dict_keys(['example_python_operator']) retrieved from /home/seva/UCU/AutomatedDataPipelines/Homework1/venv/lib/python3.10/site-packages/airflow/example_dags/example_python_operator.py
[2023-11-30T02:24:20.756+0200] {logging_mixin.py:154} INFO - [2023-11-30T02:24:20.756+0200] {dag.py:2941} INFO - Sync 1 DAGs
[2023-11-30T02:24:20.765+0200] {logging_mixin.py:154} INFO - [2023-11-30T02:24:20.765+0200] {dag.py:3722} INFO - Setting next_dagrun for example_python_operator to None, run_after=None
[2023-11-30T02:24:20.808+0200] {processor.py:179} INFO - Processing /home/seva/UCU/AutomatedDataPipelines/Homework1/venv/lib/python3.10/site-packages/airflow/example_dags/example_python_operator.py took 0.120 seconds
[2023-11-30T02:25:09.199+0200] {processor.py:157} INFO - Started process (PID=3889) to work on /home/seva/UCU/AutomatedDataPipelines/Homework1/venv/lib/python3.10/site-packages/airflow/example_dags/example_python_operator.py
[2023-11-30T02:25:09.211+0200] {processor.py:829} INFO - Processing file /home/seva/UCU/AutomatedDataPipelines/Homework1/venv/lib/python3.10/site-packages/airflow/example_dags/example_python_operator.py for tasks to queue
[2023-11-30T02:25:09.212+0200] {logging_mixin.py:154} INFO - [2023-11-30T02:25:09.211+0200] {dagbag.py:536} INFO - Filling up the DagBag from /home/seva/UCU/AutomatedDataPipelines/Homework1/venv/lib/python3.10/site-packages/airflow/example_dags/example_python_operator.py
[2023-11-30T02:25:09.240+0200] {logging_mixin.py:154} INFO - [2023-11-30T02:25:09.240+0200] {example_python_operator.py:86} WARNING - The virtalenv_python example task requires virtualenv, please install it.
[2023-11-30T02:25:09.240+0200] {processor.py:839} INFO - DAG(s) dict_keys(['example_python_operator']) retrieved from /home/seva/UCU/AutomatedDataPipelines/Homework1/venv/lib/python3.10/site-packages/airflow/example_dags/example_python_operator.py
[2023-11-30T02:25:09.256+0200] {logging_mixin.py:154} INFO - [2023-11-30T02:25:09.256+0200] {dag.py:2941} INFO - Sync 1 DAGs
[2023-11-30T02:25:09.265+0200] {logging_mixin.py:154} INFO - [2023-11-30T02:25:09.265+0200] {dag.py:3722} INFO - Setting next_dagrun for example_python_operator to None, run_after=None
[2023-11-30T02:25:09.288+0200] {processor.py:179} INFO - Processing /home/seva/UCU/AutomatedDataPipelines/Homework1/venv/lib/python3.10/site-packages/airflow/example_dags/example_python_operator.py took 0.092 seconds
[2023-11-30T02:25:52.326+0200] {processor.py:157} INFO - Started process (PID=4061) to work on /home/seva/UCU/AutomatedDataPipelines/Homework1/venv/lib/python3.10/site-packages/airflow/example_dags/example_python_operator.py
[2023-11-30T02:25:52.338+0200] {processor.py:829} INFO - Processing file /home/seva/UCU/AutomatedDataPipelines/Homework1/venv/lib/python3.10/site-packages/airflow/example_dags/example_python_operator.py for tasks to queue
[2023-11-30T02:25:52.339+0200] {logging_mixin.py:154} INFO - [2023-11-30T02:25:52.339+0200] {dagbag.py:536} INFO - Filling up the DagBag from /home/seva/UCU/AutomatedDataPipelines/Homework1/venv/lib/python3.10/site-packages/airflow/example_dags/example_python_operator.py
[2023-11-30T02:25:52.380+0200] {logging_mixin.py:154} INFO - [2023-11-30T02:25:52.379+0200] {example_python_operator.py:86} WARNING - The virtalenv_python example task requires virtualenv, please install it.
[2023-11-30T02:25:52.380+0200] {processor.py:839} INFO - DAG(s) dict_keys(['example_python_operator']) retrieved from /home/seva/UCU/AutomatedDataPipelines/Homework1/venv/lib/python3.10/site-packages/airflow/example_dags/example_python_operator.py
[2023-11-30T02:25:52.395+0200] {logging_mixin.py:154} INFO - [2023-11-30T02:25:52.395+0200] {dag.py:2941} INFO - Sync 1 DAGs
[2023-11-30T02:25:52.405+0200] {logging_mixin.py:154} INFO - [2023-11-30T02:25:52.404+0200] {dag.py:3722} INFO - Setting next_dagrun for example_python_operator to None, run_after=None
[2023-11-30T02:25:52.441+0200] {processor.py:179} INFO - Processing /home/seva/UCU/AutomatedDataPipelines/Homework1/venv/lib/python3.10/site-packages/airflow/example_dags/example_python_operator.py took 0.118 seconds
[2023-11-30T02:26:37.400+0200] {processor.py:157} INFO - Started process (PID=4235) to work on /home/seva/UCU/AutomatedDataPipelines/Homework1/venv/lib/python3.10/site-packages/airflow/example_dags/example_python_operator.py
[2023-11-30T02:26:37.412+0200] {processor.py:829} INFO - Processing file /home/seva/UCU/AutomatedDataPipelines/Homework1/venv/lib/python3.10/site-packages/airflow/example_dags/example_python_operator.py for tasks to queue
[2023-11-30T02:26:37.413+0200] {logging_mixin.py:154} INFO - [2023-11-30T02:26:37.413+0200] {dagbag.py:536} INFO - Filling up the DagBag from /home/seva/UCU/AutomatedDataPipelines/Homework1/venv/lib/python3.10/site-packages/airflow/example_dags/example_python_operator.py
[2023-11-30T02:26:37.444+0200] {logging_mixin.py:154} INFO - [2023-11-30T02:26:37.444+0200] {example_python_operator.py:86} WARNING - The virtalenv_python example task requires virtualenv, please install it.
[2023-11-30T02:26:37.445+0200] {processor.py:839} INFO - DAG(s) dict_keys(['example_python_operator']) retrieved from /home/seva/UCU/AutomatedDataPipelines/Homework1/venv/lib/python3.10/site-packages/airflow/example_dags/example_python_operator.py
[2023-11-30T02:26:37.461+0200] {logging_mixin.py:154} INFO - [2023-11-30T02:26:37.460+0200] {dag.py:2941} INFO - Sync 1 DAGs
[2023-11-30T02:26:37.470+0200] {logging_mixin.py:154} INFO - [2023-11-30T02:26:37.470+0200] {dag.py:3722} INFO - Setting next_dagrun for example_python_operator to None, run_after=None
[2023-11-30T02:26:37.495+0200] {processor.py:179} INFO - Processing /home/seva/UCU/AutomatedDataPipelines/Homework1/venv/lib/python3.10/site-packages/airflow/example_dags/example_python_operator.py took 0.099 seconds
[2023-11-30T02:27:28.901+0200] {processor.py:157} INFO - Started process (PID=4436) to work on /home/seva/UCU/AutomatedDataPipelines/Homework1/venv/lib/python3.10/site-packages/airflow/example_dags/example_python_operator.py
[2023-11-30T02:27:28.913+0200] {processor.py:829} INFO - Processing file /home/seva/UCU/AutomatedDataPipelines/Homework1/venv/lib/python3.10/site-packages/airflow/example_dags/example_python_operator.py for tasks to queue
[2023-11-30T02:27:28.915+0200] {logging_mixin.py:154} INFO - [2023-11-30T02:27:28.914+0200] {dagbag.py:536} INFO - Filling up the DagBag from /home/seva/UCU/AutomatedDataPipelines/Homework1/venv/lib/python3.10/site-packages/airflow/example_dags/example_python_operator.py
[2023-11-30T02:27:28.952+0200] {logging_mixin.py:154} INFO - [2023-11-30T02:27:28.952+0200] {example_python_operator.py:86} WARNING - The virtalenv_python example task requires virtualenv, please install it.
[2023-11-30T02:27:28.953+0200] {processor.py:839} INFO - DAG(s) dict_keys(['example_python_operator']) retrieved from /home/seva/UCU/AutomatedDataPipelines/Homework1/venv/lib/python3.10/site-packages/airflow/example_dags/example_python_operator.py
[2023-11-30T02:27:28.973+0200] {logging_mixin.py:154} INFO - [2023-11-30T02:27:28.973+0200] {dag.py:2941} INFO - Sync 1 DAGs
[2023-11-30T02:27:28.984+0200] {logging_mixin.py:154} INFO - [2023-11-30T02:27:28.984+0200] {dag.py:3722} INFO - Setting next_dagrun for example_python_operator to None, run_after=None
[2023-11-30T02:27:29.023+0200] {processor.py:179} INFO - Processing /home/seva/UCU/AutomatedDataPipelines/Homework1/venv/lib/python3.10/site-packages/airflow/example_dags/example_python_operator.py took 0.125 seconds
[2023-11-30T02:28:16.483+0200] {processor.py:157} INFO - Started process (PID=4622) to work on /home/seva/UCU/AutomatedDataPipelines/Homework1/venv/lib/python3.10/site-packages/airflow/example_dags/example_python_operator.py
[2023-11-30T02:28:16.495+0200] {processor.py:829} INFO - Processing file /home/seva/UCU/AutomatedDataPipelines/Homework1/venv/lib/python3.10/site-packages/airflow/example_dags/example_python_operator.py for tasks to queue
[2023-11-30T02:28:16.496+0200] {logging_mixin.py:154} INFO - [2023-11-30T02:28:16.495+0200] {dagbag.py:536} INFO - Filling up the DagBag from /home/seva/UCU/AutomatedDataPipelines/Homework1/venv/lib/python3.10/site-packages/airflow/example_dags/example_python_operator.py
[2023-11-30T02:28:16.534+0200] {logging_mixin.py:154} INFO - [2023-11-30T02:28:16.534+0200] {example_python_operator.py:86} WARNING - The virtalenv_python example task requires virtualenv, please install it.
[2023-11-30T02:28:16.535+0200] {processor.py:839} INFO - DAG(s) dict_keys(['example_python_operator']) retrieved from /home/seva/UCU/AutomatedDataPipelines/Homework1/venv/lib/python3.10/site-packages/airflow/example_dags/example_python_operator.py
[2023-11-30T02:28:16.550+0200] {logging_mixin.py:154} INFO - [2023-11-30T02:28:16.550+0200] {dag.py:2941} INFO - Sync 1 DAGs
[2023-11-30T02:28:16.562+0200] {logging_mixin.py:154} INFO - [2023-11-30T02:28:16.562+0200] {dag.py:3722} INFO - Setting next_dagrun for example_python_operator to None, run_after=None
[2023-11-30T02:28:16.589+0200] {processor.py:179} INFO - Processing /home/seva/UCU/AutomatedDataPipelines/Homework1/venv/lib/python3.10/site-packages/airflow/example_dags/example_python_operator.py took 0.109 seconds
[2023-11-30T02:29:01.067+0200] {processor.py:157} INFO - Started process (PID=4799) to work on /home/seva/UCU/AutomatedDataPipelines/Homework1/venv/lib/python3.10/site-packages/airflow/example_dags/example_python_operator.py
[2023-11-30T02:29:01.079+0200] {processor.py:829} INFO - Processing file /home/seva/UCU/AutomatedDataPipelines/Homework1/venv/lib/python3.10/site-packages/airflow/example_dags/example_python_operator.py for tasks to queue
[2023-11-30T02:29:01.080+0200] {logging_mixin.py:154} INFO - [2023-11-30T02:29:01.079+0200] {dagbag.py:536} INFO - Filling up the DagBag from /home/seva/UCU/AutomatedDataPipelines/Homework1/venv/lib/python3.10/site-packages/airflow/example_dags/example_python_operator.py
[2023-11-30T02:29:01.115+0200] {logging_mixin.py:154} INFO - [2023-11-30T02:29:01.115+0200] {example_python_operator.py:86} WARNING - The virtalenv_python example task requires virtualenv, please install it.
[2023-11-30T02:29:01.116+0200] {processor.py:839} INFO - DAG(s) dict_keys(['example_python_operator']) retrieved from /home/seva/UCU/AutomatedDataPipelines/Homework1/venv/lib/python3.10/site-packages/airflow/example_dags/example_python_operator.py
[2023-11-30T02:29:01.131+0200] {logging_mixin.py:154} INFO - [2023-11-30T02:29:01.131+0200] {dag.py:2941} INFO - Sync 1 DAGs
[2023-11-30T02:29:01.141+0200] {logging_mixin.py:154} INFO - [2023-11-30T02:29:01.141+0200] {dag.py:3722} INFO - Setting next_dagrun for example_python_operator to None, run_after=None
[2023-11-30T02:29:01.167+0200] {processor.py:179} INFO - Processing /home/seva/UCU/AutomatedDataPipelines/Homework1/venv/lib/python3.10/site-packages/airflow/example_dags/example_python_operator.py took 0.103 seconds
[2023-11-30T02:29:45.160+0200] {processor.py:157} INFO - Started process (PID=4976) to work on /home/seva/UCU/AutomatedDataPipelines/Homework1/venv/lib/python3.10/site-packages/airflow/example_dags/example_python_operator.py
[2023-11-30T02:29:45.162+0200] {processor.py:829} INFO - Processing file /home/seva/UCU/AutomatedDataPipelines/Homework1/venv/lib/python3.10/site-packages/airflow/example_dags/example_python_operator.py for tasks to queue
[2023-11-30T02:29:45.163+0200] {logging_mixin.py:154} INFO - [2023-11-30T02:29:45.163+0200] {dagbag.py:536} INFO - Filling up the DagBag from /home/seva/UCU/AutomatedDataPipelines/Homework1/venv/lib/python3.10/site-packages/airflow/example_dags/example_python_operator.py
[2023-11-30T02:29:45.202+0200] {logging_mixin.py:154} INFO - [2023-11-30T02:29:45.201+0200] {example_python_operator.py:86} WARNING - The virtalenv_python example task requires virtualenv, please install it.
[2023-11-30T02:29:45.202+0200] {processor.py:839} INFO - DAG(s) dict_keys(['example_python_operator']) retrieved from /home/seva/UCU/AutomatedDataPipelines/Homework1/venv/lib/python3.10/site-packages/airflow/example_dags/example_python_operator.py
[2023-11-30T02:29:45.219+0200] {logging_mixin.py:154} INFO - [2023-11-30T02:29:45.218+0200] {dag.py:2941} INFO - Sync 1 DAGs
[2023-11-30T02:29:45.228+0200] {logging_mixin.py:154} INFO - [2023-11-30T02:29:45.228+0200] {dag.py:3722} INFO - Setting next_dagrun for example_python_operator to None, run_after=None
[2023-11-30T02:29:45.253+0200] {processor.py:179} INFO - Processing /home/seva/UCU/AutomatedDataPipelines/Homework1/venv/lib/python3.10/site-packages/airflow/example_dags/example_python_operator.py took 0.096 seconds
[2023-11-30T02:30:30.280+0200] {processor.py:157} INFO - Started process (PID=5155) to work on /home/seva/UCU/AutomatedDataPipelines/Homework1/venv/lib/python3.10/site-packages/airflow/example_dags/example_python_operator.py
[2023-11-30T02:30:30.292+0200] {processor.py:829} INFO - Processing file /home/seva/UCU/AutomatedDataPipelines/Homework1/venv/lib/python3.10/site-packages/airflow/example_dags/example_python_operator.py for tasks to queue
[2023-11-30T02:30:30.293+0200] {logging_mixin.py:154} INFO - [2023-11-30T02:30:30.293+0200] {dagbag.py:536} INFO - Filling up the DagBag from /home/seva/UCU/AutomatedDataPipelines/Homework1/venv/lib/python3.10/site-packages/airflow/example_dags/example_python_operator.py
[2023-11-30T02:30:30.331+0200] {logging_mixin.py:154} INFO - [2023-11-30T02:30:30.331+0200] {example_python_operator.py:86} WARNING - The virtalenv_python example task requires virtualenv, please install it.
[2023-11-30T02:30:30.332+0200] {processor.py:839} INFO - DAG(s) dict_keys(['example_python_operator']) retrieved from /home/seva/UCU/AutomatedDataPipelines/Homework1/venv/lib/python3.10/site-packages/airflow/example_dags/example_python_operator.py
[2023-11-30T02:30:30.348+0200] {logging_mixin.py:154} INFO - [2023-11-30T02:30:30.348+0200] {dag.py:2941} INFO - Sync 1 DAGs
[2023-11-30T02:30:30.357+0200] {logging_mixin.py:154} INFO - [2023-11-30T02:30:30.356+0200] {dag.py:3722} INFO - Setting next_dagrun for example_python_operator to None, run_after=None
[2023-11-30T02:30:30.382+0200] {processor.py:179} INFO - Processing /home/seva/UCU/AutomatedDataPipelines/Homework1/venv/lib/python3.10/site-packages/airflow/example_dags/example_python_operator.py took 0.104 seconds
[2023-11-30T02:31:17.778+0200] {processor.py:157} INFO - Started process (PID=5340) to work on /home/seva/UCU/AutomatedDataPipelines/Homework1/venv/lib/python3.10/site-packages/airflow/example_dags/example_python_operator.py
[2023-11-30T02:31:17.790+0200] {processor.py:829} INFO - Processing file /home/seva/UCU/AutomatedDataPipelines/Homework1/venv/lib/python3.10/site-packages/airflow/example_dags/example_python_operator.py for tasks to queue
[2023-11-30T02:31:17.791+0200] {logging_mixin.py:154} INFO - [2023-11-30T02:31:17.791+0200] {dagbag.py:536} INFO - Filling up the DagBag from /home/seva/UCU/AutomatedDataPipelines/Homework1/venv/lib/python3.10/site-packages/airflow/example_dags/example_python_operator.py
[2023-11-30T02:31:17.835+0200] {logging_mixin.py:154} INFO - [2023-11-30T02:31:17.835+0200] {example_python_operator.py:86} WARNING - The virtalenv_python example task requires virtualenv, please install it.
[2023-11-30T02:31:17.835+0200] {processor.py:839} INFO - DAG(s) dict_keys(['example_python_operator']) retrieved from /home/seva/UCU/AutomatedDataPipelines/Homework1/venv/lib/python3.10/site-packages/airflow/example_dags/example_python_operator.py
[2023-11-30T02:31:17.851+0200] {logging_mixin.py:154} INFO - [2023-11-30T02:31:17.851+0200] {dag.py:2941} INFO - Sync 1 DAGs
[2023-11-30T02:31:17.860+0200] {logging_mixin.py:154} INFO - [2023-11-30T02:31:17.860+0200] {dag.py:3722} INFO - Setting next_dagrun for example_python_operator to None, run_after=None
[2023-11-30T02:31:17.884+0200] {processor.py:179} INFO - Processing /home/seva/UCU/AutomatedDataPipelines/Homework1/venv/lib/python3.10/site-packages/airflow/example_dags/example_python_operator.py took 0.108 seconds
[2023-11-30T02:32:00.186+0200] {processor.py:157} INFO - Started process (PID=5508) to work on /home/seva/UCU/AutomatedDataPipelines/Homework1/venv/lib/python3.10/site-packages/airflow/example_dags/example_python_operator.py
[2023-11-30T02:32:00.198+0200] {processor.py:829} INFO - Processing file /home/seva/UCU/AutomatedDataPipelines/Homework1/venv/lib/python3.10/site-packages/airflow/example_dags/example_python_operator.py for tasks to queue
[2023-11-30T02:32:00.200+0200] {logging_mixin.py:154} INFO - [2023-11-30T02:32:00.199+0200] {dagbag.py:536} INFO - Filling up the DagBag from /home/seva/UCU/AutomatedDataPipelines/Homework1/venv/lib/python3.10/site-packages/airflow/example_dags/example_python_operator.py
[2023-11-30T02:32:00.245+0200] {logging_mixin.py:154} INFO - [2023-11-30T02:32:00.245+0200] {example_python_operator.py:86} WARNING - The virtalenv_python example task requires virtualenv, please install it.
[2023-11-30T02:32:00.246+0200] {processor.py:839} INFO - DAG(s) dict_keys(['example_python_operator']) retrieved from /home/seva/UCU/AutomatedDataPipelines/Homework1/venv/lib/python3.10/site-packages/airflow/example_dags/example_python_operator.py
[2023-11-30T02:32:00.266+0200] {logging_mixin.py:154} INFO - [2023-11-30T02:32:00.265+0200] {dag.py:2941} INFO - Sync 1 DAGs
[2023-11-30T02:32:00.279+0200] {logging_mixin.py:154} INFO - [2023-11-30T02:32:00.279+0200] {dag.py:3722} INFO - Setting next_dagrun for example_python_operator to None, run_after=None
[2023-11-30T02:32:00.319+0200] {processor.py:179} INFO - Processing /home/seva/UCU/AutomatedDataPipelines/Homework1/venv/lib/python3.10/site-packages/airflow/example_dags/example_python_operator.py took 0.136 seconds
[2023-11-30T02:32:45.484+0200] {processor.py:157} INFO - Started process (PID=5714) to work on /home/seva/UCU/AutomatedDataPipelines/Homework1/venv/lib/python3.10/site-packages/airflow/example_dags/example_python_operator.py
[2023-11-30T02:32:45.487+0200] {processor.py:829} INFO - Processing file /home/seva/UCU/AutomatedDataPipelines/Homework1/venv/lib/python3.10/site-packages/airflow/example_dags/example_python_operator.py for tasks to queue
[2023-11-30T02:32:45.488+0200] {logging_mixin.py:154} INFO - [2023-11-30T02:32:45.487+0200] {dagbag.py:536} INFO - Filling up the DagBag from /home/seva/UCU/AutomatedDataPipelines/Homework1/venv/lib/python3.10/site-packages/airflow/example_dags/example_python_operator.py
[2023-11-30T02:32:45.516+0200] {logging_mixin.py:154} INFO - [2023-11-30T02:32:45.516+0200] {example_python_operator.py:86} WARNING - The virtalenv_python example task requires virtualenv, please install it.
[2023-11-30T02:32:45.517+0200] {processor.py:839} INFO - DAG(s) dict_keys(['example_python_operator']) retrieved from /home/seva/UCU/AutomatedDataPipelines/Homework1/venv/lib/python3.10/site-packages/airflow/example_dags/example_python_operator.py
[2023-11-30T02:32:45.533+0200] {logging_mixin.py:154} INFO - [2023-11-30T02:32:45.532+0200] {dag.py:2941} INFO - Sync 1 DAGs
[2023-11-30T02:32:45.543+0200] {logging_mixin.py:154} INFO - [2023-11-30T02:32:45.542+0200] {dag.py:3722} INFO - Setting next_dagrun for example_python_operator to None, run_after=None
[2023-11-30T02:32:45.571+0200] {processor.py:179} INFO - Processing /home/seva/UCU/AutomatedDataPipelines/Homework1/venv/lib/python3.10/site-packages/airflow/example_dags/example_python_operator.py took 0.090 seconds
[2023-11-30T02:33:32.841+0200] {processor.py:157} INFO - Started process (PID=5900) to work on /home/seva/UCU/AutomatedDataPipelines/Homework1/venv/lib/python3.10/site-packages/airflow/example_dags/example_python_operator.py
[2023-11-30T02:33:32.854+0200] {processor.py:829} INFO - Processing file /home/seva/UCU/AutomatedDataPipelines/Homework1/venv/lib/python3.10/site-packages/airflow/example_dags/example_python_operator.py for tasks to queue
[2023-11-30T02:33:32.855+0200] {logging_mixin.py:154} INFO - [2023-11-30T02:33:32.854+0200] {dagbag.py:536} INFO - Filling up the DagBag from /home/seva/UCU/AutomatedDataPipelines/Homework1/venv/lib/python3.10/site-packages/airflow/example_dags/example_python_operator.py
[2023-11-30T02:33:32.893+0200] {logging_mixin.py:154} INFO - [2023-11-30T02:33:32.893+0200] {example_python_operator.py:86} WARNING - The virtalenv_python example task requires virtualenv, please install it.
[2023-11-30T02:33:32.894+0200] {processor.py:839} INFO - DAG(s) dict_keys(['example_python_operator']) retrieved from /home/seva/UCU/AutomatedDataPipelines/Homework1/venv/lib/python3.10/site-packages/airflow/example_dags/example_python_operator.py
[2023-11-30T02:33:32.910+0200] {logging_mixin.py:154} INFO - [2023-11-30T02:33:32.909+0200] {dag.py:2941} INFO - Sync 1 DAGs
[2023-11-30T02:33:32.919+0200] {logging_mixin.py:154} INFO - [2023-11-30T02:33:32.919+0200] {dag.py:3722} INFO - Setting next_dagrun for example_python_operator to None, run_after=None
[2023-11-30T02:33:32.943+0200] {processor.py:179} INFO - Processing /home/seva/UCU/AutomatedDataPipelines/Homework1/venv/lib/python3.10/site-packages/airflow/example_dags/example_python_operator.py took 0.106 seconds
[2023-11-30T02:34:20.130+0200] {processor.py:157} INFO - Started process (PID=6091) to work on /home/seva/UCU/AutomatedDataPipelines/Homework1/venv/lib/python3.10/site-packages/airflow/example_dags/example_python_operator.py
[2023-11-30T02:34:20.143+0200] {processor.py:829} INFO - Processing file /home/seva/UCU/AutomatedDataPipelines/Homework1/venv/lib/python3.10/site-packages/airflow/example_dags/example_python_operator.py for tasks to queue
[2023-11-30T02:34:20.144+0200] {logging_mixin.py:154} INFO - [2023-11-30T02:34:20.144+0200] {dagbag.py:536} INFO - Filling up the DagBag from /home/seva/UCU/AutomatedDataPipelines/Homework1/venv/lib/python3.10/site-packages/airflow/example_dags/example_python_operator.py
[2023-11-30T02:34:20.186+0200] {logging_mixin.py:154} INFO - [2023-11-30T02:34:20.186+0200] {example_python_operator.py:86} WARNING - The virtalenv_python example task requires virtualenv, please install it.
[2023-11-30T02:34:20.187+0200] {processor.py:839} INFO - DAG(s) dict_keys(['example_python_operator']) retrieved from /home/seva/UCU/AutomatedDataPipelines/Homework1/venv/lib/python3.10/site-packages/airflow/example_dags/example_python_operator.py
[2023-11-30T02:34:20.207+0200] {logging_mixin.py:154} INFO - [2023-11-30T02:34:20.206+0200] {dag.py:2941} INFO - Sync 1 DAGs
[2023-11-30T02:34:20.225+0200] {logging_mixin.py:154} INFO - [2023-11-30T02:34:20.225+0200] {dag.py:3722} INFO - Setting next_dagrun for example_python_operator to None, run_after=None
[2023-11-30T02:34:20.273+0200] {processor.py:179} INFO - Processing /home/seva/UCU/AutomatedDataPipelines/Homework1/venv/lib/python3.10/site-packages/airflow/example_dags/example_python_operator.py took 0.148 seconds
[2023-11-30T02:35:10.852+0200] {processor.py:157} INFO - Started process (PID=6289) to work on /home/seva/UCU/AutomatedDataPipelines/Homework1/venv/lib/python3.10/site-packages/airflow/example_dags/example_python_operator.py
[2023-11-30T02:35:10.866+0200] {processor.py:829} INFO - Processing file /home/seva/UCU/AutomatedDataPipelines/Homework1/venv/lib/python3.10/site-packages/airflow/example_dags/example_python_operator.py for tasks to queue
[2023-11-30T02:35:10.868+0200] {logging_mixin.py:154} INFO - [2023-11-30T02:35:10.867+0200] {dagbag.py:536} INFO - Filling up the DagBag from /home/seva/UCU/AutomatedDataPipelines/Homework1/venv/lib/python3.10/site-packages/airflow/example_dags/example_python_operator.py
[2023-11-30T02:35:10.912+0200] {logging_mixin.py:154} INFO - [2023-11-30T02:35:10.912+0200] {example_python_operator.py:86} WARNING - The virtalenv_python example task requires virtualenv, please install it.
[2023-11-30T02:35:10.913+0200] {processor.py:839} INFO - DAG(s) dict_keys(['example_python_operator']) retrieved from /home/seva/UCU/AutomatedDataPipelines/Homework1/venv/lib/python3.10/site-packages/airflow/example_dags/example_python_operator.py
[2023-11-30T02:35:10.930+0200] {logging_mixin.py:154} INFO - [2023-11-30T02:35:10.930+0200] {dag.py:2941} INFO - Sync 1 DAGs
[2023-11-30T02:35:10.940+0200] {logging_mixin.py:154} INFO - [2023-11-30T02:35:10.940+0200] {dag.py:3722} INFO - Setting next_dagrun for example_python_operator to None, run_after=None
[2023-11-30T02:35:10.965+0200] {processor.py:179} INFO - Processing /home/seva/UCU/AutomatedDataPipelines/Homework1/venv/lib/python3.10/site-packages/airflow/example_dags/example_python_operator.py took 0.118 seconds
[2023-11-30T02:35:54.932+0200] {processor.py:157} INFO - Started process (PID=6474) to work on /home/seva/UCU/AutomatedDataPipelines/Homework1/venv/lib/python3.10/site-packages/airflow/example_dags/example_python_operator.py
[2023-11-30T02:35:54.945+0200] {processor.py:829} INFO - Processing file /home/seva/UCU/AutomatedDataPipelines/Homework1/venv/lib/python3.10/site-packages/airflow/example_dags/example_python_operator.py for tasks to queue
[2023-11-30T02:35:54.946+0200] {logging_mixin.py:154} INFO - [2023-11-30T02:35:54.946+0200] {dagbag.py:536} INFO - Filling up the DagBag from /home/seva/UCU/AutomatedDataPipelines/Homework1/venv/lib/python3.10/site-packages/airflow/example_dags/example_python_operator.py
[2023-11-30T02:35:54.993+0200] {logging_mixin.py:154} INFO - [2023-11-30T02:35:54.993+0200] {example_python_operator.py:86} WARNING - The virtalenv_python example task requires virtualenv, please install it.
[2023-11-30T02:35:54.994+0200] {processor.py:839} INFO - DAG(s) dict_keys(['example_python_operator']) retrieved from /home/seva/UCU/AutomatedDataPipelines/Homework1/venv/lib/python3.10/site-packages/airflow/example_dags/example_python_operator.py
[2023-11-30T02:35:55.009+0200] {logging_mixin.py:154} INFO - [2023-11-30T02:35:55.009+0200] {dag.py:2941} INFO - Sync 1 DAGs
[2023-11-30T02:35:55.018+0200] {logging_mixin.py:154} INFO - [2023-11-30T02:35:55.018+0200] {dag.py:3722} INFO - Setting next_dagrun for example_python_operator to None, run_after=None
[2023-11-30T02:35:55.042+0200] {processor.py:179} INFO - Processing /home/seva/UCU/AutomatedDataPipelines/Homework1/venv/lib/python3.10/site-packages/airflow/example_dags/example_python_operator.py took 0.113 seconds
[2023-11-30T02:36:41.901+0200] {processor.py:157} INFO - Started process (PID=6653) to work on /home/seva/UCU/AutomatedDataPipelines/Homework1/venv/lib/python3.10/site-packages/airflow/example_dags/example_python_operator.py
[2023-11-30T02:36:41.914+0200] {processor.py:829} INFO - Processing file /home/seva/UCU/AutomatedDataPipelines/Homework1/venv/lib/python3.10/site-packages/airflow/example_dags/example_python_operator.py for tasks to queue
[2023-11-30T02:36:41.915+0200] {logging_mixin.py:154} INFO - [2023-11-30T02:36:41.914+0200] {dagbag.py:536} INFO - Filling up the DagBag from /home/seva/UCU/AutomatedDataPipelines/Homework1/venv/lib/python3.10/site-packages/airflow/example_dags/example_python_operator.py
[2023-11-30T02:36:41.950+0200] {logging_mixin.py:154} INFO - [2023-11-30T02:36:41.950+0200] {example_python_operator.py:86} WARNING - The virtalenv_python example task requires virtualenv, please install it.
[2023-11-30T02:36:41.951+0200] {processor.py:839} INFO - DAG(s) dict_keys(['example_python_operator']) retrieved from /home/seva/UCU/AutomatedDataPipelines/Homework1/venv/lib/python3.10/site-packages/airflow/example_dags/example_python_operator.py
[2023-11-30T02:36:41.968+0200] {logging_mixin.py:154} INFO - [2023-11-30T02:36:41.968+0200] {dag.py:2941} INFO - Sync 1 DAGs
[2023-11-30T02:36:41.979+0200] {logging_mixin.py:154} INFO - [2023-11-30T02:36:41.979+0200] {dag.py:3722} INFO - Setting next_dagrun for example_python_operator to None, run_after=None
[2023-11-30T02:36:42.007+0200] {processor.py:179} INFO - Processing /home/seva/UCU/AutomatedDataPipelines/Homework1/venv/lib/python3.10/site-packages/airflow/example_dags/example_python_operator.py took 0.109 seconds
[2023-11-30T02:37:30.868+0200] {processor.py:157} INFO - Started process (PID=6851) to work on /home/seva/UCU/AutomatedDataPipelines/Homework1/venv/lib/python3.10/site-packages/airflow/example_dags/example_python_operator.py
[2023-11-30T02:37:30.870+0200] {processor.py:829} INFO - Processing file /home/seva/UCU/AutomatedDataPipelines/Homework1/venv/lib/python3.10/site-packages/airflow/example_dags/example_python_operator.py for tasks to queue
[2023-11-30T02:37:30.871+0200] {logging_mixin.py:154} INFO - [2023-11-30T02:37:30.870+0200] {dagbag.py:536} INFO - Filling up the DagBag from /home/seva/UCU/AutomatedDataPipelines/Homework1/venv/lib/python3.10/site-packages/airflow/example_dags/example_python_operator.py
[2023-11-30T02:37:30.905+0200] {logging_mixin.py:154} INFO - [2023-11-30T02:37:30.905+0200] {example_python_operator.py:86} WARNING - The virtalenv_python example task requires virtualenv, please install it.
[2023-11-30T02:37:30.905+0200] {processor.py:839} INFO - DAG(s) dict_keys(['example_python_operator']) retrieved from /home/seva/UCU/AutomatedDataPipelines/Homework1/venv/lib/python3.10/site-packages/airflow/example_dags/example_python_operator.py
[2023-11-30T02:37:30.922+0200] {logging_mixin.py:154} INFO - [2023-11-30T02:37:30.922+0200] {dag.py:2941} INFO - Sync 1 DAGs
[2023-11-30T02:37:30.932+0200] {logging_mixin.py:154} INFO - [2023-11-30T02:37:30.932+0200] {dag.py:3722} INFO - Setting next_dagrun for example_python_operator to None, run_after=None
[2023-11-30T02:37:30.957+0200] {processor.py:179} INFO - Processing /home/seva/UCU/AutomatedDataPipelines/Homework1/venv/lib/python3.10/site-packages/airflow/example_dags/example_python_operator.py took 0.092 seconds
[2023-11-30T02:38:23.149+0200] {processor.py:157} INFO - Started process (PID=7159) to work on /home/seva/UCU/AutomatedDataPipelines/Homework1/venv/lib/python3.10/site-packages/airflow/example_dags/example_python_operator.py
[2023-11-30T02:38:23.153+0200] {processor.py:829} INFO - Processing file /home/seva/UCU/AutomatedDataPipelines/Homework1/venv/lib/python3.10/site-packages/airflow/example_dags/example_python_operator.py for tasks to queue
[2023-11-30T02:38:23.155+0200] {logging_mixin.py:154} INFO - [2023-11-30T02:38:23.154+0200] {dagbag.py:536} INFO - Filling up the DagBag from /home/seva/UCU/AutomatedDataPipelines/Homework1/venv/lib/python3.10/site-packages/airflow/example_dags/example_python_operator.py
[2023-11-30T02:38:23.221+0200] {logging_mixin.py:154} INFO - [2023-11-30T02:38:23.221+0200] {example_python_operator.py:86} WARNING - The virtalenv_python example task requires virtualenv, please install it.
[2023-11-30T02:38:23.222+0200] {processor.py:839} INFO - DAG(s) dict_keys(['example_python_operator']) retrieved from /home/seva/UCU/AutomatedDataPipelines/Homework1/venv/lib/python3.10/site-packages/airflow/example_dags/example_python_operator.py
[2023-11-30T02:38:23.285+0200] {logging_mixin.py:154} INFO - [2023-11-30T02:38:23.285+0200] {dag.py:2941} INFO - Sync 1 DAGs
[2023-11-30T02:38:23.309+0200] {logging_mixin.py:154} INFO - [2023-11-30T02:38:23.309+0200] {dag.py:3722} INFO - Setting next_dagrun for example_python_operator to None, run_after=None
[2023-11-30T02:38:23.368+0200] {processor.py:179} INFO - Processing /home/seva/UCU/AutomatedDataPipelines/Homework1/venv/lib/python3.10/site-packages/airflow/example_dags/example_python_operator.py took 0.228 seconds
