[2023-11-30T02:13:51.691+0200] {processor.py:157} INFO - Started process (PID=1249) to work on /home/seva/UCU/AutomatedDataPipelines/Homework1/venv/lib/python3.10/site-packages/airflow/example_dags/example_branch_operator_decorator.py
[2023-11-30T02:13:51.692+0200] {processor.py:829} INFO - Processing file /home/seva/UCU/AutomatedDataPipelines/Homework1/venv/lib/python3.10/site-packages/airflow/example_dags/example_branch_operator_decorator.py for tasks to queue
[2023-11-30T02:13:51.693+0200] {logging_mixin.py:154} INFO - [2023-11-30T02:13:51.692+0200] {dagbag.py:536} INFO - Filling up the DagBag from /home/seva/UCU/AutomatedDataPipelines/Homework1/venv/lib/python3.10/site-packages/airflow/example_dags/example_branch_operator_decorator.py
[2023-11-30T02:13:51.702+0200] {processor.py:839} INFO - DAG(s) dict_keys(['example_branch_python_operator_decorator']) retrieved from /home/seva/UCU/AutomatedDataPipelines/Homework1/venv/lib/python3.10/site-packages/airflow/example_dags/example_branch_operator_decorator.py
[2023-11-30T02:13:51.809+0200] {logging_mixin.py:154} INFO - [2023-11-30T02:13:51.808+0200] {manager.py:499} INFO - Created Permission View: %s
[2023-11-30T02:13:51.831+0200] {logging_mixin.py:154} INFO - [2023-11-30T02:13:51.830+0200] {manager.py:499} INFO - Created Permission View: %s
[2023-11-30T02:13:51.846+0200] {logging_mixin.py:154} INFO - [2023-11-30T02:13:51.846+0200] {manager.py:499} INFO - Created Permission View: %s
[2023-11-30T02:13:51.846+0200] {logging_mixin.py:154} INFO - [2023-11-30T02:13:51.846+0200] {dag.py:2941} INFO - Sync 1 DAGs
[2023-11-30T02:13:51.855+0200] {logging_mixin.py:154} INFO - [2023-11-30T02:13:51.855+0200] {dag.py:2963} INFO - Creating ORM DAG for example_branch_python_operator_decorator
[2023-11-30T02:13:51.863+0200] {logging_mixin.py:154} INFO - [2023-11-30T02:13:51.862+0200] {dag.py:3722} INFO - Setting next_dagrun for example_branch_python_operator_decorator to 2023-11-29T00:00:00+00:00, run_after=2023-11-30T00:00:00+00:00
[2023-11-30T02:13:51.888+0200] {processor.py:179} INFO - Processing /home/seva/UCU/AutomatedDataPipelines/Homework1/venv/lib/python3.10/site-packages/airflow/example_dags/example_branch_operator_decorator.py took 0.200 seconds
[2023-11-30T02:14:37.266+0200] {processor.py:157} INFO - Started process (PID=1393) to work on /home/seva/UCU/AutomatedDataPipelines/Homework1/venv/lib/python3.10/site-packages/airflow/example_dags/example_branch_operator_decorator.py
[2023-11-30T02:14:37.279+0200] {processor.py:829} INFO - Processing file /home/seva/UCU/AutomatedDataPipelines/Homework1/venv/lib/python3.10/site-packages/airflow/example_dags/example_branch_operator_decorator.py for tasks to queue
[2023-11-30T02:14:37.280+0200] {logging_mixin.py:154} INFO - [2023-11-30T02:14:37.280+0200] {dagbag.py:536} INFO - Filling up the DagBag from /home/seva/UCU/AutomatedDataPipelines/Homework1/venv/lib/python3.10/site-packages/airflow/example_dags/example_branch_operator_decorator.py
[2023-11-30T02:14:37.291+0200] {processor.py:839} INFO - DAG(s) dict_keys(['example_branch_python_operator_decorator']) retrieved from /home/seva/UCU/AutomatedDataPipelines/Homework1/venv/lib/python3.10/site-packages/airflow/example_dags/example_branch_operator_decorator.py
[2023-11-30T02:14:37.306+0200] {logging_mixin.py:154} INFO - [2023-11-30T02:14:37.306+0200] {dag.py:2941} INFO - Sync 1 DAGs
[2023-11-30T02:14:37.323+0200] {logging_mixin.py:154} INFO - [2023-11-30T02:14:37.323+0200] {dag.py:3722} INFO - Setting next_dagrun for example_branch_python_operator_decorator to 2023-11-29T00:00:00+00:00, run_after=2023-11-30T00:00:00+00:00
[2023-11-30T02:14:37.348+0200] {processor.py:179} INFO - Processing /home/seva/UCU/AutomatedDataPipelines/Homework1/venv/lib/python3.10/site-packages/airflow/example_dags/example_branch_operator_decorator.py took 0.085 seconds
[2023-11-30T02:15:26.333+0200] {processor.py:157} INFO - Started process (PID=1576) to work on /home/seva/UCU/AutomatedDataPipelines/Homework1/venv/lib/python3.10/site-packages/airflow/example_dags/example_branch_operator_decorator.py
[2023-11-30T02:15:26.346+0200] {processor.py:829} INFO - Processing file /home/seva/UCU/AutomatedDataPipelines/Homework1/venv/lib/python3.10/site-packages/airflow/example_dags/example_branch_operator_decorator.py for tasks to queue
[2023-11-30T02:15:26.347+0200] {logging_mixin.py:154} INFO - [2023-11-30T02:15:26.346+0200] {dagbag.py:536} INFO - Filling up the DagBag from /home/seva/UCU/AutomatedDataPipelines/Homework1/venv/lib/python3.10/site-packages/airflow/example_dags/example_branch_operator_decorator.py
[2023-11-30T02:15:26.356+0200] {processor.py:839} INFO - DAG(s) dict_keys(['example_branch_python_operator_decorator']) retrieved from /home/seva/UCU/AutomatedDataPipelines/Homework1/venv/lib/python3.10/site-packages/airflow/example_dags/example_branch_operator_decorator.py
[2023-11-30T02:15:26.371+0200] {logging_mixin.py:154} INFO - [2023-11-30T02:15:26.371+0200] {dag.py:2941} INFO - Sync 1 DAGs
[2023-11-30T02:15:26.388+0200] {logging_mixin.py:154} INFO - [2023-11-30T02:15:26.388+0200] {dag.py:3722} INFO - Setting next_dagrun for example_branch_python_operator_decorator to 2023-11-29T00:00:00+00:00, run_after=2023-11-30T00:00:00+00:00
[2023-11-30T02:15:26.412+0200] {processor.py:179} INFO - Processing /home/seva/UCU/AutomatedDataPipelines/Homework1/venv/lib/python3.10/site-packages/airflow/example_dags/example_branch_operator_decorator.py took 0.082 seconds
[2023-11-30T02:16:10.780+0200] {processor.py:157} INFO - Started process (PID=1748) to work on /home/seva/UCU/AutomatedDataPipelines/Homework1/venv/lib/python3.10/site-packages/airflow/example_dags/example_branch_operator_decorator.py
[2023-11-30T02:16:10.792+0200] {processor.py:829} INFO - Processing file /home/seva/UCU/AutomatedDataPipelines/Homework1/venv/lib/python3.10/site-packages/airflow/example_dags/example_branch_operator_decorator.py for tasks to queue
[2023-11-30T02:16:10.793+0200] {logging_mixin.py:154} INFO - [2023-11-30T02:16:10.793+0200] {dagbag.py:536} INFO - Filling up the DagBag from /home/seva/UCU/AutomatedDataPipelines/Homework1/venv/lib/python3.10/site-packages/airflow/example_dags/example_branch_operator_decorator.py
[2023-11-30T02:16:10.804+0200] {processor.py:839} INFO - DAG(s) dict_keys(['example_branch_python_operator_decorator']) retrieved from /home/seva/UCU/AutomatedDataPipelines/Homework1/venv/lib/python3.10/site-packages/airflow/example_dags/example_branch_operator_decorator.py
[2023-11-30T02:16:10.820+0200] {logging_mixin.py:154} INFO - [2023-11-30T02:16:10.819+0200] {dag.py:2941} INFO - Sync 1 DAGs
[2023-11-30T02:16:10.837+0200] {logging_mixin.py:154} INFO - [2023-11-30T02:16:10.837+0200] {dag.py:3722} INFO - Setting next_dagrun for example_branch_python_operator_decorator to 2023-11-29T00:00:00+00:00, run_after=2023-11-30T00:00:00+00:00
[2023-11-30T02:16:10.862+0200] {processor.py:179} INFO - Processing /home/seva/UCU/AutomatedDataPipelines/Homework1/venv/lib/python3.10/site-packages/airflow/example_dags/example_branch_operator_decorator.py took 0.085 seconds
[2023-11-30T02:16:56.442+0200] {processor.py:157} INFO - Started process (PID=1930) to work on /home/seva/UCU/AutomatedDataPipelines/Homework1/venv/lib/python3.10/site-packages/airflow/example_dags/example_branch_operator_decorator.py
[2023-11-30T02:16:56.444+0200] {processor.py:829} INFO - Processing file /home/seva/UCU/AutomatedDataPipelines/Homework1/venv/lib/python3.10/site-packages/airflow/example_dags/example_branch_operator_decorator.py for tasks to queue
[2023-11-30T02:16:56.445+0200] {logging_mixin.py:154} INFO - [2023-11-30T02:16:56.445+0200] {dagbag.py:536} INFO - Filling up the DagBag from /home/seva/UCU/AutomatedDataPipelines/Homework1/venv/lib/python3.10/site-packages/airflow/example_dags/example_branch_operator_decorator.py
[2023-11-30T02:16:56.454+0200] {processor.py:839} INFO - DAG(s) dict_keys(['example_branch_python_operator_decorator']) retrieved from /home/seva/UCU/AutomatedDataPipelines/Homework1/venv/lib/python3.10/site-packages/airflow/example_dags/example_branch_operator_decorator.py
[2023-11-30T02:16:56.468+0200] {logging_mixin.py:154} INFO - [2023-11-30T02:16:56.468+0200] {dag.py:2941} INFO - Sync 1 DAGs
[2023-11-30T02:16:56.485+0200] {logging_mixin.py:154} INFO - [2023-11-30T02:16:56.485+0200] {dag.py:3722} INFO - Setting next_dagrun for example_branch_python_operator_decorator to 2023-11-29T00:00:00+00:00, run_after=2023-11-30T00:00:00+00:00
[2023-11-30T02:16:56.506+0200] {processor.py:179} INFO - Processing /home/seva/UCU/AutomatedDataPipelines/Homework1/venv/lib/python3.10/site-packages/airflow/example_dags/example_branch_operator_decorator.py took 0.068 seconds
[2023-11-30T02:17:40.596+0200] {processor.py:157} INFO - Started process (PID=2116) to work on /home/seva/UCU/AutomatedDataPipelines/Homework1/venv/lib/python3.10/site-packages/airflow/example_dags/example_branch_operator_decorator.py
[2023-11-30T02:17:40.597+0200] {processor.py:829} INFO - Processing file /home/seva/UCU/AutomatedDataPipelines/Homework1/venv/lib/python3.10/site-packages/airflow/example_dags/example_branch_operator_decorator.py for tasks to queue
[2023-11-30T02:17:40.598+0200] {logging_mixin.py:154} INFO - [2023-11-30T02:17:40.598+0200] {dagbag.py:536} INFO - Filling up the DagBag from /home/seva/UCU/AutomatedDataPipelines/Homework1/venv/lib/python3.10/site-packages/airflow/example_dags/example_branch_operator_decorator.py
[2023-11-30T02:17:40.607+0200] {processor.py:839} INFO - DAG(s) dict_keys(['example_branch_python_operator_decorator']) retrieved from /home/seva/UCU/AutomatedDataPipelines/Homework1/venv/lib/python3.10/site-packages/airflow/example_dags/example_branch_operator_decorator.py
[2023-11-30T02:17:40.623+0200] {logging_mixin.py:154} INFO - [2023-11-30T02:17:40.622+0200] {dag.py:2941} INFO - Sync 1 DAGs
[2023-11-30T02:17:40.640+0200] {logging_mixin.py:154} INFO - [2023-11-30T02:17:40.639+0200] {dag.py:3722} INFO - Setting next_dagrun for example_branch_python_operator_decorator to 2023-11-29T00:00:00+00:00, run_after=2023-11-30T00:00:00+00:00
[2023-11-30T02:17:40.665+0200] {processor.py:179} INFO - Processing /home/seva/UCU/AutomatedDataPipelines/Homework1/venv/lib/python3.10/site-packages/airflow/example_dags/example_branch_operator_decorator.py took 0.073 seconds
[2023-11-30T02:18:24.619+0200] {processor.py:157} INFO - Started process (PID=2289) to work on /home/seva/UCU/AutomatedDataPipelines/Homework1/venv/lib/python3.10/site-packages/airflow/example_dags/example_branch_operator_decorator.py
[2023-11-30T02:18:24.620+0200] {processor.py:829} INFO - Processing file /home/seva/UCU/AutomatedDataPipelines/Homework1/venv/lib/python3.10/site-packages/airflow/example_dags/example_branch_operator_decorator.py for tasks to queue
[2023-11-30T02:18:24.621+0200] {logging_mixin.py:154} INFO - [2023-11-30T02:18:24.621+0200] {dagbag.py:536} INFO - Filling up the DagBag from /home/seva/UCU/AutomatedDataPipelines/Homework1/venv/lib/python3.10/site-packages/airflow/example_dags/example_branch_operator_decorator.py
[2023-11-30T02:18:24.631+0200] {processor.py:839} INFO - DAG(s) dict_keys(['example_branch_python_operator_decorator']) retrieved from /home/seva/UCU/AutomatedDataPipelines/Homework1/venv/lib/python3.10/site-packages/airflow/example_dags/example_branch_operator_decorator.py
[2023-11-30T02:18:24.648+0200] {logging_mixin.py:154} INFO - [2023-11-30T02:18:24.648+0200] {dag.py:2941} INFO - Sync 1 DAGs
[2023-11-30T02:18:24.666+0200] {logging_mixin.py:154} INFO - [2023-11-30T02:18:24.666+0200] {dag.py:3722} INFO - Setting next_dagrun for example_branch_python_operator_decorator to 2023-11-29T00:00:00+00:00, run_after=2023-11-30T00:00:00+00:00
[2023-11-30T02:18:24.691+0200] {processor.py:179} INFO - Processing /home/seva/UCU/AutomatedDataPipelines/Homework1/venv/lib/python3.10/site-packages/airflow/example_dags/example_branch_operator_decorator.py took 0.075 seconds
[2023-11-30T02:19:08.134+0200] {processor.py:157} INFO - Started process (PID=2460) to work on /home/seva/UCU/AutomatedDataPipelines/Homework1/venv/lib/python3.10/site-packages/airflow/example_dags/example_branch_operator_decorator.py
[2023-11-30T02:19:08.148+0200] {processor.py:829} INFO - Processing file /home/seva/UCU/AutomatedDataPipelines/Homework1/venv/lib/python3.10/site-packages/airflow/example_dags/example_branch_operator_decorator.py for tasks to queue
[2023-11-30T02:19:08.149+0200] {logging_mixin.py:154} INFO - [2023-11-30T02:19:08.148+0200] {dagbag.py:536} INFO - Filling up the DagBag from /home/seva/UCU/AutomatedDataPipelines/Homework1/venv/lib/python3.10/site-packages/airflow/example_dags/example_branch_operator_decorator.py
[2023-11-30T02:19:08.159+0200] {processor.py:839} INFO - DAG(s) dict_keys(['example_branch_python_operator_decorator']) retrieved from /home/seva/UCU/AutomatedDataPipelines/Homework1/venv/lib/python3.10/site-packages/airflow/example_dags/example_branch_operator_decorator.py
[2023-11-30T02:19:08.175+0200] {logging_mixin.py:154} INFO - [2023-11-30T02:19:08.174+0200] {dag.py:2941} INFO - Sync 1 DAGs
[2023-11-30T02:19:08.191+0200] {logging_mixin.py:154} INFO - [2023-11-30T02:19:08.191+0200] {dag.py:3722} INFO - Setting next_dagrun for example_branch_python_operator_decorator to 2023-11-29T00:00:00+00:00, run_after=2023-11-30T00:00:00+00:00
[2023-11-30T02:19:08.217+0200] {processor.py:179} INFO - Processing /home/seva/UCU/AutomatedDataPipelines/Homework1/venv/lib/python3.10/site-packages/airflow/example_dags/example_branch_operator_decorator.py took 0.088 seconds
[2023-11-30T02:19:51.401+0200] {processor.py:157} INFO - Started process (PID=2634) to work on /home/seva/UCU/AutomatedDataPipelines/Homework1/venv/lib/python3.10/site-packages/airflow/example_dags/example_branch_operator_decorator.py
[2023-11-30T02:19:51.403+0200] {processor.py:829} INFO - Processing file /home/seva/UCU/AutomatedDataPipelines/Homework1/venv/lib/python3.10/site-packages/airflow/example_dags/example_branch_operator_decorator.py for tasks to queue
[2023-11-30T02:19:51.404+0200] {logging_mixin.py:154} INFO - [2023-11-30T02:19:51.404+0200] {dagbag.py:536} INFO - Filling up the DagBag from /home/seva/UCU/AutomatedDataPipelines/Homework1/venv/lib/python3.10/site-packages/airflow/example_dags/example_branch_operator_decorator.py
[2023-11-30T02:19:51.414+0200] {processor.py:839} INFO - DAG(s) dict_keys(['example_branch_python_operator_decorator']) retrieved from /home/seva/UCU/AutomatedDataPipelines/Homework1/venv/lib/python3.10/site-packages/airflow/example_dags/example_branch_operator_decorator.py
[2023-11-30T02:19:51.429+0200] {logging_mixin.py:154} INFO - [2023-11-30T02:19:51.429+0200] {dag.py:2941} INFO - Sync 1 DAGs
[2023-11-30T02:19:51.447+0200] {logging_mixin.py:154} INFO - [2023-11-30T02:19:51.447+0200] {dag.py:3722} INFO - Setting next_dagrun for example_branch_python_operator_decorator to 2023-11-29T00:00:00+00:00, run_after=2023-11-30T00:00:00+00:00
[2023-11-30T02:19:51.471+0200] {processor.py:179} INFO - Processing /home/seva/UCU/AutomatedDataPipelines/Homework1/venv/lib/python3.10/site-packages/airflow/example_dags/example_branch_operator_decorator.py took 0.072 seconds
[2023-11-30T02:20:36.246+0200] {processor.py:157} INFO - Started process (PID=2810) to work on /home/seva/UCU/AutomatedDataPipelines/Homework1/venv/lib/python3.10/site-packages/airflow/example_dags/example_branch_operator_decorator.py
[2023-11-30T02:20:36.259+0200] {processor.py:829} INFO - Processing file /home/seva/UCU/AutomatedDataPipelines/Homework1/venv/lib/python3.10/site-packages/airflow/example_dags/example_branch_operator_decorator.py for tasks to queue
[2023-11-30T02:20:36.260+0200] {logging_mixin.py:154} INFO - [2023-11-30T02:20:36.259+0200] {dagbag.py:536} INFO - Filling up the DagBag from /home/seva/UCU/AutomatedDataPipelines/Homework1/venv/lib/python3.10/site-packages/airflow/example_dags/example_branch_operator_decorator.py
[2023-11-30T02:20:36.270+0200] {processor.py:839} INFO - DAG(s) dict_keys(['example_branch_python_operator_decorator']) retrieved from /home/seva/UCU/AutomatedDataPipelines/Homework1/venv/lib/python3.10/site-packages/airflow/example_dags/example_branch_operator_decorator.py
[2023-11-30T02:20:36.287+0200] {logging_mixin.py:154} INFO - [2023-11-30T02:20:36.287+0200] {dag.py:2941} INFO - Sync 1 DAGs
[2023-11-30T02:20:36.307+0200] {logging_mixin.py:154} INFO - [2023-11-30T02:20:36.307+0200] {dag.py:3722} INFO - Setting next_dagrun for example_branch_python_operator_decorator to 2023-11-29T00:00:00+00:00, run_after=2023-11-30T00:00:00+00:00
[2023-11-30T02:20:36.335+0200] {processor.py:179} INFO - Processing /home/seva/UCU/AutomatedDataPipelines/Homework1/venv/lib/python3.10/site-packages/airflow/example_dags/example_branch_operator_decorator.py took 0.093 seconds
[2023-11-30T02:21:22.410+0200] {processor.py:157} INFO - Started process (PID=2990) to work on /home/seva/UCU/AutomatedDataPipelines/Homework1/venv/lib/python3.10/site-packages/airflow/example_dags/example_branch_operator_decorator.py
[2023-11-30T02:21:22.422+0200] {processor.py:829} INFO - Processing file /home/seva/UCU/AutomatedDataPipelines/Homework1/venv/lib/python3.10/site-packages/airflow/example_dags/example_branch_operator_decorator.py for tasks to queue
[2023-11-30T02:21:22.423+0200] {logging_mixin.py:154} INFO - [2023-11-30T02:21:22.423+0200] {dagbag.py:536} INFO - Filling up the DagBag from /home/seva/UCU/AutomatedDataPipelines/Homework1/venv/lib/python3.10/site-packages/airflow/example_dags/example_branch_operator_decorator.py
[2023-11-30T02:21:22.431+0200] {processor.py:839} INFO - DAG(s) dict_keys(['example_branch_python_operator_decorator']) retrieved from /home/seva/UCU/AutomatedDataPipelines/Homework1/venv/lib/python3.10/site-packages/airflow/example_dags/example_branch_operator_decorator.py
[2023-11-30T02:21:22.446+0200] {logging_mixin.py:154} INFO - [2023-11-30T02:21:22.446+0200] {dag.py:2941} INFO - Sync 1 DAGs
[2023-11-30T02:21:22.462+0200] {logging_mixin.py:154} INFO - [2023-11-30T02:21:22.462+0200] {dag.py:3722} INFO - Setting next_dagrun for example_branch_python_operator_decorator to 2023-11-29T00:00:00+00:00, run_after=2023-11-30T00:00:00+00:00
[2023-11-30T02:21:22.486+0200] {processor.py:179} INFO - Processing /home/seva/UCU/AutomatedDataPipelines/Homework1/venv/lib/python3.10/site-packages/airflow/example_dags/example_branch_operator_decorator.py took 0.080 seconds
[2023-11-30T02:22:04.107+0200] {processor.py:157} INFO - Started process (PID=3158) to work on /home/seva/UCU/AutomatedDataPipelines/Homework1/venv/lib/python3.10/site-packages/airflow/example_dags/example_branch_operator_decorator.py
[2023-11-30T02:22:04.119+0200] {processor.py:829} INFO - Processing file /home/seva/UCU/AutomatedDataPipelines/Homework1/venv/lib/python3.10/site-packages/airflow/example_dags/example_branch_operator_decorator.py for tasks to queue
[2023-11-30T02:22:04.120+0200] {logging_mixin.py:154} INFO - [2023-11-30T02:22:04.120+0200] {dagbag.py:536} INFO - Filling up the DagBag from /home/seva/UCU/AutomatedDataPipelines/Homework1/venv/lib/python3.10/site-packages/airflow/example_dags/example_branch_operator_decorator.py
[2023-11-30T02:22:04.130+0200] {processor.py:839} INFO - DAG(s) dict_keys(['example_branch_python_operator_decorator']) retrieved from /home/seva/UCU/AutomatedDataPipelines/Homework1/venv/lib/python3.10/site-packages/airflow/example_dags/example_branch_operator_decorator.py
[2023-11-30T02:22:04.145+0200] {logging_mixin.py:154} INFO - [2023-11-30T02:22:04.145+0200] {dag.py:2941} INFO - Sync 1 DAGs
[2023-11-30T02:22:04.161+0200] {logging_mixin.py:154} INFO - [2023-11-30T02:22:04.161+0200] {dag.py:3722} INFO - Setting next_dagrun for example_branch_python_operator_decorator to 2023-11-29T00:00:00+00:00, run_after=2023-11-30T00:00:00+00:00
[2023-11-30T02:22:04.185+0200] {processor.py:179} INFO - Processing /home/seva/UCU/AutomatedDataPipelines/Homework1/venv/lib/python3.10/site-packages/airflow/example_dags/example_branch_operator_decorator.py took 0.081 seconds
[2023-11-30T02:22:49.149+0200] {processor.py:157} INFO - Started process (PID=3335) to work on /home/seva/UCU/AutomatedDataPipelines/Homework1/venv/lib/python3.10/site-packages/airflow/example_dags/example_branch_operator_decorator.py
[2023-11-30T02:22:49.161+0200] {processor.py:829} INFO - Processing file /home/seva/UCU/AutomatedDataPipelines/Homework1/venv/lib/python3.10/site-packages/airflow/example_dags/example_branch_operator_decorator.py for tasks to queue
[2023-11-30T02:22:49.163+0200] {logging_mixin.py:154} INFO - [2023-11-30T02:22:49.162+0200] {dagbag.py:536} INFO - Filling up the DagBag from /home/seva/UCU/AutomatedDataPipelines/Homework1/venv/lib/python3.10/site-packages/airflow/example_dags/example_branch_operator_decorator.py
[2023-11-30T02:22:49.173+0200] {processor.py:839} INFO - DAG(s) dict_keys(['example_branch_python_operator_decorator']) retrieved from /home/seva/UCU/AutomatedDataPipelines/Homework1/venv/lib/python3.10/site-packages/airflow/example_dags/example_branch_operator_decorator.py
[2023-11-30T02:22:49.188+0200] {logging_mixin.py:154} INFO - [2023-11-30T02:22:49.188+0200] {dag.py:2941} INFO - Sync 1 DAGs
[2023-11-30T02:22:49.203+0200] {logging_mixin.py:154} INFO - [2023-11-30T02:22:49.203+0200] {dag.py:3722} INFO - Setting next_dagrun for example_branch_python_operator_decorator to 2023-11-29T00:00:00+00:00, run_after=2023-11-30T00:00:00+00:00
[2023-11-30T02:22:49.230+0200] {processor.py:179} INFO - Processing /home/seva/UCU/AutomatedDataPipelines/Homework1/venv/lib/python3.10/site-packages/airflow/example_dags/example_branch_operator_decorator.py took 0.083 seconds
[2023-11-30T02:23:33.200+0200] {processor.py:157} INFO - Started process (PID=3508) to work on /home/seva/UCU/AutomatedDataPipelines/Homework1/venv/lib/python3.10/site-packages/airflow/example_dags/example_branch_operator_decorator.py
[2023-11-30T02:23:33.211+0200] {processor.py:829} INFO - Processing file /home/seva/UCU/AutomatedDataPipelines/Homework1/venv/lib/python3.10/site-packages/airflow/example_dags/example_branch_operator_decorator.py for tasks to queue
[2023-11-30T02:23:33.213+0200] {logging_mixin.py:154} INFO - [2023-11-30T02:23:33.212+0200] {dagbag.py:536} INFO - Filling up the DagBag from /home/seva/UCU/AutomatedDataPipelines/Homework1/venv/lib/python3.10/site-packages/airflow/example_dags/example_branch_operator_decorator.py
[2023-11-30T02:23:33.221+0200] {processor.py:839} INFO - DAG(s) dict_keys(['example_branch_python_operator_decorator']) retrieved from /home/seva/UCU/AutomatedDataPipelines/Homework1/venv/lib/python3.10/site-packages/airflow/example_dags/example_branch_operator_decorator.py
[2023-11-30T02:23:33.237+0200] {logging_mixin.py:154} INFO - [2023-11-30T02:23:33.237+0200] {dag.py:2941} INFO - Sync 1 DAGs
[2023-11-30T02:23:33.253+0200] {logging_mixin.py:154} INFO - [2023-11-30T02:23:33.253+0200] {dag.py:3722} INFO - Setting next_dagrun for example_branch_python_operator_decorator to 2023-11-29T00:00:00+00:00, run_after=2023-11-30T00:00:00+00:00
[2023-11-30T02:23:33.295+0200] {processor.py:179} INFO - Processing /home/seva/UCU/AutomatedDataPipelines/Homework1/venv/lib/python3.10/site-packages/airflow/example_dags/example_branch_operator_decorator.py took 0.098 seconds
[2023-11-30T02:24:17.769+0200] {processor.py:157} INFO - Started process (PID=3685) to work on /home/seva/UCU/AutomatedDataPipelines/Homework1/venv/lib/python3.10/site-packages/airflow/example_dags/example_branch_operator_decorator.py
[2023-11-30T02:24:17.780+0200] {processor.py:829} INFO - Processing file /home/seva/UCU/AutomatedDataPipelines/Homework1/venv/lib/python3.10/site-packages/airflow/example_dags/example_branch_operator_decorator.py for tasks to queue
[2023-11-30T02:24:17.781+0200] {logging_mixin.py:154} INFO - [2023-11-30T02:24:17.781+0200] {dagbag.py:536} INFO - Filling up the DagBag from /home/seva/UCU/AutomatedDataPipelines/Homework1/venv/lib/python3.10/site-packages/airflow/example_dags/example_branch_operator_decorator.py
[2023-11-30T02:24:17.790+0200] {processor.py:839} INFO - DAG(s) dict_keys(['example_branch_python_operator_decorator']) retrieved from /home/seva/UCU/AutomatedDataPipelines/Homework1/venv/lib/python3.10/site-packages/airflow/example_dags/example_branch_operator_decorator.py
[2023-11-30T02:24:17.805+0200] {logging_mixin.py:154} INFO - [2023-11-30T02:24:17.805+0200] {dag.py:2941} INFO - Sync 1 DAGs
[2023-11-30T02:24:17.821+0200] {logging_mixin.py:154} INFO - [2023-11-30T02:24:17.821+0200] {dag.py:3722} INFO - Setting next_dagrun for example_branch_python_operator_decorator to 2023-11-29T00:00:00+00:00, run_after=2023-11-30T00:00:00+00:00
[2023-11-30T02:24:17.847+0200] {processor.py:179} INFO - Processing /home/seva/UCU/AutomatedDataPipelines/Homework1/venv/lib/python3.10/site-packages/airflow/example_dags/example_branch_operator_decorator.py took 0.081 seconds
[2023-11-30T02:25:05.788+0200] {processor.py:157} INFO - Started process (PID=3874) to work on /home/seva/UCU/AutomatedDataPipelines/Homework1/venv/lib/python3.10/site-packages/airflow/example_dags/example_branch_operator_decorator.py
[2023-11-30T02:25:05.801+0200] {processor.py:829} INFO - Processing file /home/seva/UCU/AutomatedDataPipelines/Homework1/venv/lib/python3.10/site-packages/airflow/example_dags/example_branch_operator_decorator.py for tasks to queue
[2023-11-30T02:25:05.802+0200] {logging_mixin.py:154} INFO - [2023-11-30T02:25:05.801+0200] {dagbag.py:536} INFO - Filling up the DagBag from /home/seva/UCU/AutomatedDataPipelines/Homework1/venv/lib/python3.10/site-packages/airflow/example_dags/example_branch_operator_decorator.py
[2023-11-30T02:25:05.812+0200] {processor.py:839} INFO - DAG(s) dict_keys(['example_branch_python_operator_decorator']) retrieved from /home/seva/UCU/AutomatedDataPipelines/Homework1/venv/lib/python3.10/site-packages/airflow/example_dags/example_branch_operator_decorator.py
[2023-11-30T02:25:05.828+0200] {logging_mixin.py:154} INFO - [2023-11-30T02:25:05.828+0200] {dag.py:2941} INFO - Sync 1 DAGs
[2023-11-30T02:25:05.845+0200] {logging_mixin.py:154} INFO - [2023-11-30T02:25:05.845+0200] {dag.py:3722} INFO - Setting next_dagrun for example_branch_python_operator_decorator to 2023-11-29T00:00:00+00:00, run_after=2023-11-30T00:00:00+00:00
[2023-11-30T02:25:05.869+0200] {processor.py:179} INFO - Processing /home/seva/UCU/AutomatedDataPipelines/Homework1/venv/lib/python3.10/site-packages/airflow/example_dags/example_branch_operator_decorator.py took 0.083 seconds
[2023-11-30T02:25:49.449+0200] {processor.py:157} INFO - Started process (PID=4046) to work on /home/seva/UCU/AutomatedDataPipelines/Homework1/venv/lib/python3.10/site-packages/airflow/example_dags/example_branch_operator_decorator.py
[2023-11-30T02:25:49.460+0200] {processor.py:829} INFO - Processing file /home/seva/UCU/AutomatedDataPipelines/Homework1/venv/lib/python3.10/site-packages/airflow/example_dags/example_branch_operator_decorator.py for tasks to queue
[2023-11-30T02:25:49.462+0200] {logging_mixin.py:154} INFO - [2023-11-30T02:25:49.461+0200] {dagbag.py:536} INFO - Filling up the DagBag from /home/seva/UCU/AutomatedDataPipelines/Homework1/venv/lib/python3.10/site-packages/airflow/example_dags/example_branch_operator_decorator.py
[2023-11-30T02:25:49.471+0200] {processor.py:839} INFO - DAG(s) dict_keys(['example_branch_python_operator_decorator']) retrieved from /home/seva/UCU/AutomatedDataPipelines/Homework1/venv/lib/python3.10/site-packages/airflow/example_dags/example_branch_operator_decorator.py
[2023-11-30T02:25:49.487+0200] {logging_mixin.py:154} INFO - [2023-11-30T02:25:49.487+0200] {dag.py:2941} INFO - Sync 1 DAGs
[2023-11-30T02:25:49.504+0200] {logging_mixin.py:154} INFO - [2023-11-30T02:25:49.503+0200] {dag.py:3722} INFO - Setting next_dagrun for example_branch_python_operator_decorator to 2023-11-29T00:00:00+00:00, run_after=2023-11-30T00:00:00+00:00
[2023-11-30T02:25:49.528+0200] {processor.py:179} INFO - Processing /home/seva/UCU/AutomatedDataPipelines/Homework1/venv/lib/python3.10/site-packages/airflow/example_dags/example_branch_operator_decorator.py took 0.082 seconds
[2023-11-30T02:26:34.364+0200] {processor.py:157} INFO - Started process (PID=4223) to work on /home/seva/UCU/AutomatedDataPipelines/Homework1/venv/lib/python3.10/site-packages/airflow/example_dags/example_branch_operator_decorator.py
[2023-11-30T02:26:34.376+0200] {processor.py:829} INFO - Processing file /home/seva/UCU/AutomatedDataPipelines/Homework1/venv/lib/python3.10/site-packages/airflow/example_dags/example_branch_operator_decorator.py for tasks to queue
[2023-11-30T02:26:34.377+0200] {logging_mixin.py:154} INFO - [2023-11-30T02:26:34.377+0200] {dagbag.py:536} INFO - Filling up the DagBag from /home/seva/UCU/AutomatedDataPipelines/Homework1/venv/lib/python3.10/site-packages/airflow/example_dags/example_branch_operator_decorator.py
[2023-11-30T02:26:34.387+0200] {processor.py:839} INFO - DAG(s) dict_keys(['example_branch_python_operator_decorator']) retrieved from /home/seva/UCU/AutomatedDataPipelines/Homework1/venv/lib/python3.10/site-packages/airflow/example_dags/example_branch_operator_decorator.py
[2023-11-30T02:26:34.401+0200] {logging_mixin.py:154} INFO - [2023-11-30T02:26:34.401+0200] {dag.py:2941} INFO - Sync 1 DAGs
[2023-11-30T02:26:34.419+0200] {logging_mixin.py:154} INFO - [2023-11-30T02:26:34.418+0200] {dag.py:3722} INFO - Setting next_dagrun for example_branch_python_operator_decorator to 2023-11-29T00:00:00+00:00, run_after=2023-11-30T00:00:00+00:00
[2023-11-30T02:26:34.441+0200] {processor.py:179} INFO - Processing /home/seva/UCU/AutomatedDataPipelines/Homework1/venv/lib/python3.10/site-packages/airflow/example_dags/example_branch_operator_decorator.py took 0.080 seconds
[2023-11-30T02:27:26.295+0200] {processor.py:157} INFO - Started process (PID=4427) to work on /home/seva/UCU/AutomatedDataPipelines/Homework1/venv/lib/python3.10/site-packages/airflow/example_dags/example_branch_operator_decorator.py
[2023-11-30T02:27:26.307+0200] {processor.py:829} INFO - Processing file /home/seva/UCU/AutomatedDataPipelines/Homework1/venv/lib/python3.10/site-packages/airflow/example_dags/example_branch_operator_decorator.py for tasks to queue
[2023-11-30T02:27:26.308+0200] {logging_mixin.py:154} INFO - [2023-11-30T02:27:26.307+0200] {dagbag.py:536} INFO - Filling up the DagBag from /home/seva/UCU/AutomatedDataPipelines/Homework1/venv/lib/python3.10/site-packages/airflow/example_dags/example_branch_operator_decorator.py
[2023-11-30T02:27:26.318+0200] {processor.py:839} INFO - DAG(s) dict_keys(['example_branch_python_operator_decorator']) retrieved from /home/seva/UCU/AutomatedDataPipelines/Homework1/venv/lib/python3.10/site-packages/airflow/example_dags/example_branch_operator_decorator.py
[2023-11-30T02:27:26.333+0200] {logging_mixin.py:154} INFO - [2023-11-30T02:27:26.333+0200] {dag.py:2941} INFO - Sync 1 DAGs
[2023-11-30T02:27:26.350+0200] {logging_mixin.py:154} INFO - [2023-11-30T02:27:26.350+0200] {dag.py:3722} INFO - Setting next_dagrun for example_branch_python_operator_decorator to 2023-11-29T00:00:00+00:00, run_after=2023-11-30T00:00:00+00:00
[2023-11-30T02:27:26.374+0200] {processor.py:179} INFO - Processing /home/seva/UCU/AutomatedDataPipelines/Homework1/venv/lib/python3.10/site-packages/airflow/example_dags/example_branch_operator_decorator.py took 0.082 seconds
[2023-11-30T02:28:14.783+0200] {processor.py:157} INFO - Started process (PID=4619) to work on /home/seva/UCU/AutomatedDataPipelines/Homework1/venv/lib/python3.10/site-packages/airflow/example_dags/example_branch_operator_decorator.py
[2023-11-30T02:28:14.795+0200] {processor.py:829} INFO - Processing file /home/seva/UCU/AutomatedDataPipelines/Homework1/venv/lib/python3.10/site-packages/airflow/example_dags/example_branch_operator_decorator.py for tasks to queue
[2023-11-30T02:28:14.796+0200] {logging_mixin.py:154} INFO - [2023-11-30T02:28:14.796+0200] {dagbag.py:536} INFO - Filling up the DagBag from /home/seva/UCU/AutomatedDataPipelines/Homework1/venv/lib/python3.10/site-packages/airflow/example_dags/example_branch_operator_decorator.py
[2023-11-30T02:28:14.806+0200] {processor.py:839} INFO - DAG(s) dict_keys(['example_branch_python_operator_decorator']) retrieved from /home/seva/UCU/AutomatedDataPipelines/Homework1/venv/lib/python3.10/site-packages/airflow/example_dags/example_branch_operator_decorator.py
[2023-11-30T02:28:14.821+0200] {logging_mixin.py:154} INFO - [2023-11-30T02:28:14.821+0200] {dag.py:2941} INFO - Sync 1 DAGs
[2023-11-30T02:28:14.838+0200] {logging_mixin.py:154} INFO - [2023-11-30T02:28:14.838+0200] {dag.py:3722} INFO - Setting next_dagrun for example_branch_python_operator_decorator to 2023-11-29T00:00:00+00:00, run_after=2023-11-30T00:00:00+00:00
[2023-11-30T02:28:14.875+0200] {processor.py:179} INFO - Processing /home/seva/UCU/AutomatedDataPipelines/Homework1/venv/lib/python3.10/site-packages/airflow/example_dags/example_branch_operator_decorator.py took 0.095 seconds
[2023-11-30T02:28:57.655+0200] {processor.py:157} INFO - Started process (PID=4784) to work on /home/seva/UCU/AutomatedDataPipelines/Homework1/venv/lib/python3.10/site-packages/airflow/example_dags/example_branch_operator_decorator.py
[2023-11-30T02:28:57.667+0200] {processor.py:829} INFO - Processing file /home/seva/UCU/AutomatedDataPipelines/Homework1/venv/lib/python3.10/site-packages/airflow/example_dags/example_branch_operator_decorator.py for tasks to queue
[2023-11-30T02:28:57.668+0200] {logging_mixin.py:154} INFO - [2023-11-30T02:28:57.668+0200] {dagbag.py:536} INFO - Filling up the DagBag from /home/seva/UCU/AutomatedDataPipelines/Homework1/venv/lib/python3.10/site-packages/airflow/example_dags/example_branch_operator_decorator.py
[2023-11-30T02:28:57.678+0200] {processor.py:839} INFO - DAG(s) dict_keys(['example_branch_python_operator_decorator']) retrieved from /home/seva/UCU/AutomatedDataPipelines/Homework1/venv/lib/python3.10/site-packages/airflow/example_dags/example_branch_operator_decorator.py
[2023-11-30T02:28:57.692+0200] {logging_mixin.py:154} INFO - [2023-11-30T02:28:57.692+0200] {dag.py:2941} INFO - Sync 1 DAGs
[2023-11-30T02:28:57.709+0200] {logging_mixin.py:154} INFO - [2023-11-30T02:28:57.709+0200] {dag.py:3722} INFO - Setting next_dagrun for example_branch_python_operator_decorator to 2023-11-29T00:00:00+00:00, run_after=2023-11-30T00:00:00+00:00
[2023-11-30T02:28:57.733+0200] {processor.py:179} INFO - Processing /home/seva/UCU/AutomatedDataPipelines/Homework1/venv/lib/python3.10/site-packages/airflow/example_dags/example_branch_operator_decorator.py took 0.080 seconds
[2023-11-30T02:29:42.281+0200] {processor.py:157} INFO - Started process (PID=4967) to work on /home/seva/UCU/AutomatedDataPipelines/Homework1/venv/lib/python3.10/site-packages/airflow/example_dags/example_branch_operator_decorator.py
[2023-11-30T02:29:42.283+0200] {processor.py:829} INFO - Processing file /home/seva/UCU/AutomatedDataPipelines/Homework1/venv/lib/python3.10/site-packages/airflow/example_dags/example_branch_operator_decorator.py for tasks to queue
[2023-11-30T02:29:42.284+0200] {logging_mixin.py:154} INFO - [2023-11-30T02:29:42.283+0200] {dagbag.py:536} INFO - Filling up the DagBag from /home/seva/UCU/AutomatedDataPipelines/Homework1/venv/lib/python3.10/site-packages/airflow/example_dags/example_branch_operator_decorator.py
[2023-11-30T02:29:42.293+0200] {processor.py:839} INFO - DAG(s) dict_keys(['example_branch_python_operator_decorator']) retrieved from /home/seva/UCU/AutomatedDataPipelines/Homework1/venv/lib/python3.10/site-packages/airflow/example_dags/example_branch_operator_decorator.py
[2023-11-30T02:29:42.310+0200] {logging_mixin.py:154} INFO - [2023-11-30T02:29:42.309+0200] {dag.py:2941} INFO - Sync 1 DAGs
[2023-11-30T02:29:42.328+0200] {logging_mixin.py:154} INFO - [2023-11-30T02:29:42.328+0200] {dag.py:3722} INFO - Setting next_dagrun for example_branch_python_operator_decorator to 2023-11-29T00:00:00+00:00, run_after=2023-11-30T00:00:00+00:00
[2023-11-30T02:29:42.355+0200] {processor.py:179} INFO - Processing /home/seva/UCU/AutomatedDataPipelines/Homework1/venv/lib/python3.10/site-packages/airflow/example_dags/example_branch_operator_decorator.py took 0.076 seconds
[2023-11-30T02:30:27.811+0200] {processor.py:157} INFO - Started process (PID=5146) to work on /home/seva/UCU/AutomatedDataPipelines/Homework1/venv/lib/python3.10/site-packages/airflow/example_dags/example_branch_operator_decorator.py
[2023-11-30T02:30:27.813+0200] {processor.py:829} INFO - Processing file /home/seva/UCU/AutomatedDataPipelines/Homework1/venv/lib/python3.10/site-packages/airflow/example_dags/example_branch_operator_decorator.py for tasks to queue
[2023-11-30T02:30:27.814+0200] {logging_mixin.py:154} INFO - [2023-11-30T02:30:27.814+0200] {dagbag.py:536} INFO - Filling up the DagBag from /home/seva/UCU/AutomatedDataPipelines/Homework1/venv/lib/python3.10/site-packages/airflow/example_dags/example_branch_operator_decorator.py
[2023-11-30T02:30:27.824+0200] {processor.py:839} INFO - DAG(s) dict_keys(['example_branch_python_operator_decorator']) retrieved from /home/seva/UCU/AutomatedDataPipelines/Homework1/venv/lib/python3.10/site-packages/airflow/example_dags/example_branch_operator_decorator.py
[2023-11-30T02:30:27.840+0200] {logging_mixin.py:154} INFO - [2023-11-30T02:30:27.839+0200] {dag.py:2941} INFO - Sync 1 DAGs
[2023-11-30T02:30:27.856+0200] {logging_mixin.py:154} INFO - [2023-11-30T02:30:27.856+0200] {dag.py:3722} INFO - Setting next_dagrun for example_branch_python_operator_decorator to 2023-11-29T00:00:00+00:00, run_after=2023-11-30T00:00:00+00:00
[2023-11-30T02:30:27.880+0200] {processor.py:179} INFO - Processing /home/seva/UCU/AutomatedDataPipelines/Homework1/venv/lib/python3.10/site-packages/airflow/example_dags/example_branch_operator_decorator.py took 0.071 seconds
[2023-11-30T02:31:14.899+0200] {processor.py:157} INFO - Started process (PID=5331) to work on /home/seva/UCU/AutomatedDataPipelines/Homework1/venv/lib/python3.10/site-packages/airflow/example_dags/example_branch_operator_decorator.py
[2023-11-30T02:31:14.912+0200] {processor.py:829} INFO - Processing file /home/seva/UCU/AutomatedDataPipelines/Homework1/venv/lib/python3.10/site-packages/airflow/example_dags/example_branch_operator_decorator.py for tasks to queue
[2023-11-30T02:31:14.913+0200] {logging_mixin.py:154} INFO - [2023-11-30T02:31:14.912+0200] {dagbag.py:536} INFO - Filling up the DagBag from /home/seva/UCU/AutomatedDataPipelines/Homework1/venv/lib/python3.10/site-packages/airflow/example_dags/example_branch_operator_decorator.py
[2023-11-30T02:31:14.924+0200] {processor.py:839} INFO - DAG(s) dict_keys(['example_branch_python_operator_decorator']) retrieved from /home/seva/UCU/AutomatedDataPipelines/Homework1/venv/lib/python3.10/site-packages/airflow/example_dags/example_branch_operator_decorator.py
[2023-11-30T02:31:14.939+0200] {logging_mixin.py:154} INFO - [2023-11-30T02:31:14.939+0200] {dag.py:2941} INFO - Sync 1 DAGs
[2023-11-30T02:31:14.956+0200] {logging_mixin.py:154} INFO - [2023-11-30T02:31:14.956+0200] {dag.py:3722} INFO - Setting next_dagrun for example_branch_python_operator_decorator to 2023-11-29T00:00:00+00:00, run_after=2023-11-30T00:00:00+00:00
[2023-11-30T02:31:14.982+0200] {processor.py:179} INFO - Processing /home/seva/UCU/AutomatedDataPipelines/Homework1/venv/lib/python3.10/site-packages/airflow/example_dags/example_branch_operator_decorator.py took 0.086 seconds
[2023-11-30T02:31:57.765+0200] {processor.py:157} INFO - Started process (PID=5497) to work on /home/seva/UCU/AutomatedDataPipelines/Homework1/venv/lib/python3.10/site-packages/airflow/example_dags/example_branch_operator_decorator.py
[2023-11-30T02:31:57.767+0200] {processor.py:829} INFO - Processing file /home/seva/UCU/AutomatedDataPipelines/Homework1/venv/lib/python3.10/site-packages/airflow/example_dags/example_branch_operator_decorator.py for tasks to queue
[2023-11-30T02:31:57.768+0200] {logging_mixin.py:154} INFO - [2023-11-30T02:31:57.767+0200] {dagbag.py:536} INFO - Filling up the DagBag from /home/seva/UCU/AutomatedDataPipelines/Homework1/venv/lib/python3.10/site-packages/airflow/example_dags/example_branch_operator_decorator.py
[2023-11-30T02:31:57.777+0200] {processor.py:839} INFO - DAG(s) dict_keys(['example_branch_python_operator_decorator']) retrieved from /home/seva/UCU/AutomatedDataPipelines/Homework1/venv/lib/python3.10/site-packages/airflow/example_dags/example_branch_operator_decorator.py
[2023-11-30T02:31:57.793+0200] {logging_mixin.py:154} INFO - [2023-11-30T02:31:57.793+0200] {dag.py:2941} INFO - Sync 1 DAGs
[2023-11-30T02:31:57.811+0200] {logging_mixin.py:154} INFO - [2023-11-30T02:31:57.811+0200] {dag.py:3722} INFO - Setting next_dagrun for example_branch_python_operator_decorator to 2023-11-29T00:00:00+00:00, run_after=2023-11-30T00:00:00+00:00
[2023-11-30T02:31:57.836+0200] {processor.py:179} INFO - Processing /home/seva/UCU/AutomatedDataPipelines/Homework1/venv/lib/python3.10/site-packages/airflow/example_dags/example_branch_operator_decorator.py took 0.073 seconds
[2023-11-30T02:32:43.036+0200] {processor.py:157} INFO - Started process (PID=5705) to work on /home/seva/UCU/AutomatedDataPipelines/Homework1/venv/lib/python3.10/site-packages/airflow/example_dags/example_branch_operator_decorator.py
[2023-11-30T02:32:43.038+0200] {processor.py:829} INFO - Processing file /home/seva/UCU/AutomatedDataPipelines/Homework1/venv/lib/python3.10/site-packages/airflow/example_dags/example_branch_operator_decorator.py for tasks to queue
[2023-11-30T02:32:43.039+0200] {logging_mixin.py:154} INFO - [2023-11-30T02:32:43.039+0200] {dagbag.py:536} INFO - Filling up the DagBag from /home/seva/UCU/AutomatedDataPipelines/Homework1/venv/lib/python3.10/site-packages/airflow/example_dags/example_branch_operator_decorator.py
[2023-11-30T02:32:43.048+0200] {processor.py:839} INFO - DAG(s) dict_keys(['example_branch_python_operator_decorator']) retrieved from /home/seva/UCU/AutomatedDataPipelines/Homework1/venv/lib/python3.10/site-packages/airflow/example_dags/example_branch_operator_decorator.py
[2023-11-30T02:32:43.063+0200] {logging_mixin.py:154} INFO - [2023-11-30T02:32:43.063+0200] {dag.py:2941} INFO - Sync 1 DAGs
[2023-11-30T02:32:43.081+0200] {logging_mixin.py:154} INFO - [2023-11-30T02:32:43.081+0200] {dag.py:3722} INFO - Setting next_dagrun for example_branch_python_operator_decorator to 2023-11-29T00:00:00+00:00, run_after=2023-11-30T00:00:00+00:00
[2023-11-30T02:32:43.104+0200] {processor.py:179} INFO - Processing /home/seva/UCU/AutomatedDataPipelines/Homework1/venv/lib/python3.10/site-packages/airflow/example_dags/example_branch_operator_decorator.py took 0.071 seconds
[2023-11-30T02:33:29.696+0200] {processor.py:157} INFO - Started process (PID=5891) to work on /home/seva/UCU/AutomatedDataPipelines/Homework1/venv/lib/python3.10/site-packages/airflow/example_dags/example_branch_operator_decorator.py
[2023-11-30T02:33:29.708+0200] {processor.py:829} INFO - Processing file /home/seva/UCU/AutomatedDataPipelines/Homework1/venv/lib/python3.10/site-packages/airflow/example_dags/example_branch_operator_decorator.py for tasks to queue
[2023-11-30T02:33:29.709+0200] {logging_mixin.py:154} INFO - [2023-11-30T02:33:29.708+0200] {dagbag.py:536} INFO - Filling up the DagBag from /home/seva/UCU/AutomatedDataPipelines/Homework1/venv/lib/python3.10/site-packages/airflow/example_dags/example_branch_operator_decorator.py
[2023-11-30T02:33:29.719+0200] {processor.py:839} INFO - DAG(s) dict_keys(['example_branch_python_operator_decorator']) retrieved from /home/seva/UCU/AutomatedDataPipelines/Homework1/venv/lib/python3.10/site-packages/airflow/example_dags/example_branch_operator_decorator.py
[2023-11-30T02:33:29.735+0200] {logging_mixin.py:154} INFO - [2023-11-30T02:33:29.735+0200] {dag.py:2941} INFO - Sync 1 DAGs
[2023-11-30T02:33:29.751+0200] {logging_mixin.py:154} INFO - [2023-11-30T02:33:29.751+0200] {dag.py:3722} INFO - Setting next_dagrun for example_branch_python_operator_decorator to 2023-11-29T00:00:00+00:00, run_after=2023-11-30T00:00:00+00:00
[2023-11-30T02:33:29.775+0200] {processor.py:179} INFO - Processing /home/seva/UCU/AutomatedDataPipelines/Homework1/venv/lib/python3.10/site-packages/airflow/example_dags/example_branch_operator_decorator.py took 0.082 seconds
[2023-11-30T02:34:16.367+0200] {processor.py:157} INFO - Started process (PID=6076) to work on /home/seva/UCU/AutomatedDataPipelines/Homework1/venv/lib/python3.10/site-packages/airflow/example_dags/example_branch_operator_decorator.py
[2023-11-30T02:34:16.369+0200] {processor.py:829} INFO - Processing file /home/seva/UCU/AutomatedDataPipelines/Homework1/venv/lib/python3.10/site-packages/airflow/example_dags/example_branch_operator_decorator.py for tasks to queue
[2023-11-30T02:34:16.370+0200] {logging_mixin.py:154} INFO - [2023-11-30T02:34:16.370+0200] {dagbag.py:536} INFO - Filling up the DagBag from /home/seva/UCU/AutomatedDataPipelines/Homework1/venv/lib/python3.10/site-packages/airflow/example_dags/example_branch_operator_decorator.py
[2023-11-30T02:34:16.388+0200] {processor.py:839} INFO - DAG(s) dict_keys(['example_branch_python_operator_decorator']) retrieved from /home/seva/UCU/AutomatedDataPipelines/Homework1/venv/lib/python3.10/site-packages/airflow/example_dags/example_branch_operator_decorator.py
[2023-11-30T02:34:16.417+0200] {logging_mixin.py:154} INFO - [2023-11-30T02:34:16.417+0200] {dag.py:2941} INFO - Sync 1 DAGs
[2023-11-30T02:34:16.442+0200] {logging_mixin.py:154} INFO - [2023-11-30T02:34:16.442+0200] {dag.py:3722} INFO - Setting next_dagrun for example_branch_python_operator_decorator to 2023-11-29T00:00:00+00:00, run_after=2023-11-30T00:00:00+00:00
[2023-11-30T02:34:16.470+0200] {processor.py:179} INFO - Processing /home/seva/UCU/AutomatedDataPipelines/Homework1/venv/lib/python3.10/site-packages/airflow/example_dags/example_branch_operator_decorator.py took 0.108 seconds
[2023-11-30T02:35:08.061+0200] {processor.py:157} INFO - Started process (PID=6280) to work on /home/seva/UCU/AutomatedDataPipelines/Homework1/venv/lib/python3.10/site-packages/airflow/example_dags/example_branch_operator_decorator.py
[2023-11-30T02:35:08.073+0200] {processor.py:829} INFO - Processing file /home/seva/UCU/AutomatedDataPipelines/Homework1/venv/lib/python3.10/site-packages/airflow/example_dags/example_branch_operator_decorator.py for tasks to queue
[2023-11-30T02:35:08.074+0200] {logging_mixin.py:154} INFO - [2023-11-30T02:35:08.074+0200] {dagbag.py:536} INFO - Filling up the DagBag from /home/seva/UCU/AutomatedDataPipelines/Homework1/venv/lib/python3.10/site-packages/airflow/example_dags/example_branch_operator_decorator.py
[2023-11-30T02:35:08.085+0200] {processor.py:839} INFO - DAG(s) dict_keys(['example_branch_python_operator_decorator']) retrieved from /home/seva/UCU/AutomatedDataPipelines/Homework1/venv/lib/python3.10/site-packages/airflow/example_dags/example_branch_operator_decorator.py
[2023-11-30T02:35:08.103+0200] {logging_mixin.py:154} INFO - [2023-11-30T02:35:08.103+0200] {dag.py:2941} INFO - Sync 1 DAGs
[2023-11-30T02:35:08.123+0200] {logging_mixin.py:154} INFO - [2023-11-30T02:35:08.123+0200] {dag.py:3722} INFO - Setting next_dagrun for example_branch_python_operator_decorator to 2023-11-29T00:00:00+00:00, run_after=2023-11-30T00:00:00+00:00
[2023-11-30T02:35:08.148+0200] {processor.py:179} INFO - Processing /home/seva/UCU/AutomatedDataPipelines/Homework1/venv/lib/python3.10/site-packages/airflow/example_dags/example_branch_operator_decorator.py took 0.091 seconds
[2023-11-30T02:35:52.344+0200] {processor.py:157} INFO - Started process (PID=6457) to work on /home/seva/UCU/AutomatedDataPipelines/Homework1/venv/lib/python3.10/site-packages/airflow/example_dags/example_branch_operator_decorator.py
[2023-11-30T02:35:52.355+0200] {processor.py:829} INFO - Processing file /home/seva/UCU/AutomatedDataPipelines/Homework1/venv/lib/python3.10/site-packages/airflow/example_dags/example_branch_operator_decorator.py for tasks to queue
[2023-11-30T02:35:52.356+0200] {logging_mixin.py:154} INFO - [2023-11-30T02:35:52.355+0200] {dagbag.py:536} INFO - Filling up the DagBag from /home/seva/UCU/AutomatedDataPipelines/Homework1/venv/lib/python3.10/site-packages/airflow/example_dags/example_branch_operator_decorator.py
[2023-11-30T02:35:52.365+0200] {processor.py:839} INFO - DAG(s) dict_keys(['example_branch_python_operator_decorator']) retrieved from /home/seva/UCU/AutomatedDataPipelines/Homework1/venv/lib/python3.10/site-packages/airflow/example_dags/example_branch_operator_decorator.py
[2023-11-30T02:35:52.380+0200] {logging_mixin.py:154} INFO - [2023-11-30T02:35:52.380+0200] {dag.py:2941} INFO - Sync 1 DAGs
[2023-11-30T02:35:52.397+0200] {logging_mixin.py:154} INFO - [2023-11-30T02:35:52.397+0200] {dag.py:3722} INFO - Setting next_dagrun for example_branch_python_operator_decorator to 2023-11-29T00:00:00+00:00, run_after=2023-11-30T00:00:00+00:00
[2023-11-30T02:35:52.422+0200] {processor.py:179} INFO - Processing /home/seva/UCU/AutomatedDataPipelines/Homework1/venv/lib/python3.10/site-packages/airflow/example_dags/example_branch_operator_decorator.py took 0.082 seconds
[2023-11-30T02:36:39.041+0200] {processor.py:157} INFO - Started process (PID=6644) to work on /home/seva/UCU/AutomatedDataPipelines/Homework1/venv/lib/python3.10/site-packages/airflow/example_dags/example_branch_operator_decorator.py
[2023-11-30T02:36:39.053+0200] {processor.py:829} INFO - Processing file /home/seva/UCU/AutomatedDataPipelines/Homework1/venv/lib/python3.10/site-packages/airflow/example_dags/example_branch_operator_decorator.py for tasks to queue
[2023-11-30T02:36:39.054+0200] {logging_mixin.py:154} INFO - [2023-11-30T02:36:39.054+0200] {dagbag.py:536} INFO - Filling up the DagBag from /home/seva/UCU/AutomatedDataPipelines/Homework1/venv/lib/python3.10/site-packages/airflow/example_dags/example_branch_operator_decorator.py
[2023-11-30T02:36:39.064+0200] {processor.py:839} INFO - DAG(s) dict_keys(['example_branch_python_operator_decorator']) retrieved from /home/seva/UCU/AutomatedDataPipelines/Homework1/venv/lib/python3.10/site-packages/airflow/example_dags/example_branch_operator_decorator.py
[2023-11-30T02:36:39.081+0200] {logging_mixin.py:154} INFO - [2023-11-30T02:36:39.081+0200] {dag.py:2941} INFO - Sync 1 DAGs
[2023-11-30T02:36:39.101+0200] {logging_mixin.py:154} INFO - [2023-11-30T02:36:39.101+0200] {dag.py:3722} INFO - Setting next_dagrun for example_branch_python_operator_decorator to 2023-11-29T00:00:00+00:00, run_after=2023-11-30T00:00:00+00:00
[2023-11-30T02:36:39.126+0200] {processor.py:179} INFO - Processing /home/seva/UCU/AutomatedDataPipelines/Homework1/venv/lib/python3.10/site-packages/airflow/example_dags/example_branch_operator_decorator.py took 0.088 seconds
[2023-11-30T02:37:27.649+0200] {processor.py:157} INFO - Started process (PID=6836) to work on /home/seva/UCU/AutomatedDataPipelines/Homework1/venv/lib/python3.10/site-packages/airflow/example_dags/example_branch_operator_decorator.py
[2023-11-30T02:37:27.661+0200] {processor.py:829} INFO - Processing file /home/seva/UCU/AutomatedDataPipelines/Homework1/venv/lib/python3.10/site-packages/airflow/example_dags/example_branch_operator_decorator.py for tasks to queue
[2023-11-30T02:37:27.662+0200] {logging_mixin.py:154} INFO - [2023-11-30T02:37:27.662+0200] {dagbag.py:536} INFO - Filling up the DagBag from /home/seva/UCU/AutomatedDataPipelines/Homework1/venv/lib/python3.10/site-packages/airflow/example_dags/example_branch_operator_decorator.py
[2023-11-30T02:37:27.673+0200] {processor.py:839} INFO - DAG(s) dict_keys(['example_branch_python_operator_decorator']) retrieved from /home/seva/UCU/AutomatedDataPipelines/Homework1/venv/lib/python3.10/site-packages/airflow/example_dags/example_branch_operator_decorator.py
[2023-11-30T02:37:27.694+0200] {logging_mixin.py:154} INFO - [2023-11-30T02:37:27.694+0200] {dag.py:2941} INFO - Sync 1 DAGs
[2023-11-30T02:37:27.716+0200] {logging_mixin.py:154} INFO - [2023-11-30T02:37:27.715+0200] {dag.py:3722} INFO - Setting next_dagrun for example_branch_python_operator_decorator to 2023-11-29T00:00:00+00:00, run_after=2023-11-30T00:00:00+00:00
[2023-11-30T02:37:27.743+0200] {processor.py:179} INFO - Processing /home/seva/UCU/AutomatedDataPipelines/Homework1/venv/lib/python3.10/site-packages/airflow/example_dags/example_branch_operator_decorator.py took 0.098 seconds
[2023-11-30T02:38:19.340+0200] {processor.py:157} INFO - Started process (PID=7121) to work on /home/seva/UCU/AutomatedDataPipelines/Homework1/venv/lib/python3.10/site-packages/airflow/example_dags/example_branch_operator_decorator.py
[2023-11-30T02:38:19.356+0200] {processor.py:829} INFO - Processing file /home/seva/UCU/AutomatedDataPipelines/Homework1/venv/lib/python3.10/site-packages/airflow/example_dags/example_branch_operator_decorator.py for tasks to queue
[2023-11-30T02:38:19.367+0200] {logging_mixin.py:154} INFO - [2023-11-30T02:38:19.365+0200] {dagbag.py:536} INFO - Filling up the DagBag from /home/seva/UCU/AutomatedDataPipelines/Homework1/venv/lib/python3.10/site-packages/airflow/example_dags/example_branch_operator_decorator.py
[2023-11-30T02:38:19.423+0200] {processor.py:839} INFO - DAG(s) dict_keys(['example_branch_python_operator_decorator']) retrieved from /home/seva/UCU/AutomatedDataPipelines/Homework1/venv/lib/python3.10/site-packages/airflow/example_dags/example_branch_operator_decorator.py
[2023-11-30T02:38:19.497+0200] {logging_mixin.py:154} INFO - [2023-11-30T02:38:19.495+0200] {dag.py:2941} INFO - Sync 1 DAGs
[2023-11-30T02:38:19.561+0200] {logging_mixin.py:154} INFO - [2023-11-30T02:38:19.561+0200] {dag.py:3722} INFO - Setting next_dagrun for example_branch_python_operator_decorator to 2023-11-29T00:00:00+00:00, run_after=2023-11-30T00:00:00+00:00
[2023-11-30T02:38:19.597+0200] {processor.py:179} INFO - Processing /home/seva/UCU/AutomatedDataPipelines/Homework1/venv/lib/python3.10/site-packages/airflow/example_dags/example_branch_operator_decorator.py took 0.297 seconds
[2023-11-30T02:39:13.575+0200] {processor.py:157} INFO - Started process (PID=7502) to work on /home/seva/UCU/AutomatedDataPipelines/Homework1/venv/lib/python3.10/site-packages/airflow/example_dags/example_branch_operator_decorator.py
[2023-11-30T02:39:13.587+0200] {processor.py:829} INFO - Processing file /home/seva/UCU/AutomatedDataPipelines/Homework1/venv/lib/python3.10/site-packages/airflow/example_dags/example_branch_operator_decorator.py for tasks to queue
[2023-11-30T02:39:13.588+0200] {logging_mixin.py:154} INFO - [2023-11-30T02:39:13.587+0200] {dagbag.py:536} INFO - Filling up the DagBag from /home/seva/UCU/AutomatedDataPipelines/Homework1/venv/lib/python3.10/site-packages/airflow/example_dags/example_branch_operator_decorator.py
[2023-11-30T02:39:13.597+0200] {processor.py:839} INFO - DAG(s) dict_keys(['example_branch_python_operator_decorator']) retrieved from /home/seva/UCU/AutomatedDataPipelines/Homework1/venv/lib/python3.10/site-packages/airflow/example_dags/example_branch_operator_decorator.py
[2023-11-30T02:39:13.612+0200] {logging_mixin.py:154} INFO - [2023-11-30T02:39:13.612+0200] {dag.py:2941} INFO - Sync 1 DAGs
[2023-11-30T02:39:13.635+0200] {logging_mixin.py:154} INFO - [2023-11-30T02:39:13.635+0200] {dag.py:3722} INFO - Setting next_dagrun for example_branch_python_operator_decorator to 2023-11-29T00:00:00+00:00, run_after=2023-11-30T00:00:00+00:00
[2023-11-30T02:39:13.662+0200] {processor.py:179} INFO - Processing /home/seva/UCU/AutomatedDataPipelines/Homework1/venv/lib/python3.10/site-packages/airflow/example_dags/example_branch_operator_decorator.py took 0.090 seconds
