[2023-11-30T02:13:27.933+0200] {processor.py:157} INFO - Started process (PID=1187) to work on /home/seva/UCU/AutomatedDataPipelines/Homework1/venv/lib/python3.10/site-packages/airflow/example_dags/example_branch_datetime_operator.py
[2023-11-30T02:13:27.934+0200] {processor.py:829} INFO - Processing file /home/seva/UCU/AutomatedDataPipelines/Homework1/venv/lib/python3.10/site-packages/airflow/example_dags/example_branch_datetime_operator.py for tasks to queue
[2023-11-30T02:13:27.935+0200] {logging_mixin.py:154} INFO - [2023-11-30T02:13:27.935+0200] {dagbag.py:536} INFO - Filling up the DagBag from /home/seva/UCU/AutomatedDataPipelines/Homework1/venv/lib/python3.10/site-packages/airflow/example_dags/example_branch_datetime_operator.py
[2023-11-30T02:13:27.948+0200] {processor.py:839} INFO - DAG(s) dict_keys(['example_branch_datetime_operator_2', 'example_branch_datetime_operator_3', 'example_branch_datetime_operator']) retrieved from /home/seva/UCU/AutomatedDataPipelines/Homework1/venv/lib/python3.10/site-packages/airflow/example_dags/example_branch_datetime_operator.py
[2023-11-30T02:13:28.056+0200] {logging_mixin.py:154} INFO - [2023-11-30T02:13:28.056+0200] {manager.py:499} INFO - Created Permission View: %s
[2023-11-30T02:13:28.074+0200] {logging_mixin.py:154} INFO - [2023-11-30T02:13:28.073+0200] {manager.py:499} INFO - Created Permission View: %s
[2023-11-30T02:13:28.091+0200] {logging_mixin.py:154} INFO - [2023-11-30T02:13:28.091+0200] {manager.py:499} INFO - Created Permission View: %s
[2023-11-30T02:13:28.121+0200] {logging_mixin.py:154} INFO - [2023-11-30T02:13:28.120+0200] {manager.py:499} INFO - Created Permission View: %s
[2023-11-30T02:13:28.136+0200] {logging_mixin.py:154} INFO - [2023-11-30T02:13:28.136+0200] {manager.py:499} INFO - Created Permission View: %s
[2023-11-30T02:13:28.150+0200] {logging_mixin.py:154} INFO - [2023-11-30T02:13:28.150+0200] {manager.py:499} INFO - Created Permission View: %s
[2023-11-30T02:13:28.183+0200] {logging_mixin.py:154} INFO - [2023-11-30T02:13:28.183+0200] {manager.py:499} INFO - Created Permission View: %s
[2023-11-30T02:13:28.200+0200] {logging_mixin.py:154} INFO - [2023-11-30T02:13:28.200+0200] {manager.py:499} INFO - Created Permission View: %s
[2023-11-30T02:13:28.216+0200] {logging_mixin.py:154} INFO - [2023-11-30T02:13:28.215+0200] {manager.py:499} INFO - Created Permission View: %s
[2023-11-30T02:13:28.216+0200] {logging_mixin.py:154} INFO - [2023-11-30T02:13:28.216+0200] {dag.py:2941} INFO - Sync 3 DAGs
[2023-11-30T02:13:28.225+0200] {logging_mixin.py:154} INFO - [2023-11-30T02:13:28.225+0200] {dag.py:2963} INFO - Creating ORM DAG for example_branch_datetime_operator_3
[2023-11-30T02:13:28.225+0200] {logging_mixin.py:154} INFO - [2023-11-30T02:13:28.225+0200] {dag.py:2963} INFO - Creating ORM DAG for example_branch_datetime_operator_2
[2023-11-30T02:13:28.226+0200] {logging_mixin.py:154} INFO - [2023-11-30T02:13:28.225+0200] {dag.py:2963} INFO - Creating ORM DAG for example_branch_datetime_operator
[2023-11-30T02:13:28.234+0200] {logging_mixin.py:154} INFO - [2023-11-30T02:13:28.234+0200] {dag.py:3722} INFO - Setting next_dagrun for example_branch_datetime_operator to 2023-11-29T00:00:00+00:00, run_after=2023-11-30T00:00:00+00:00
[2023-11-30T02:13:28.236+0200] {logging_mixin.py:154} INFO - [2023-11-30T02:13:28.236+0200] {dag.py:3722} INFO - Setting next_dagrun for example_branch_datetime_operator_2 to 2023-11-29T00:00:00+00:00, run_after=2023-11-30T00:00:00+00:00
[2023-11-30T02:13:28.238+0200] {logging_mixin.py:154} INFO - [2023-11-30T02:13:28.237+0200] {dag.py:3722} INFO - Setting next_dagrun for example_branch_datetime_operator_3 to 2023-11-29T00:00:00+00:00, run_after=2023-11-30T00:00:00+00:00
[2023-11-30T02:13:28.263+0200] {processor.py:179} INFO - Processing /home/seva/UCU/AutomatedDataPipelines/Homework1/venv/lib/python3.10/site-packages/airflow/example_dags/example_branch_datetime_operator.py took 0.333 seconds
[2023-11-30T02:14:17.793+0200] {processor.py:157} INFO - Started process (PID=1325) to work on /home/seva/UCU/AutomatedDataPipelines/Homework1/venv/lib/python3.10/site-packages/airflow/example_dags/example_branch_datetime_operator.py
[2023-11-30T02:14:17.805+0200] {processor.py:829} INFO - Processing file /home/seva/UCU/AutomatedDataPipelines/Homework1/venv/lib/python3.10/site-packages/airflow/example_dags/example_branch_datetime_operator.py for tasks to queue
[2023-11-30T02:14:17.806+0200] {logging_mixin.py:154} INFO - [2023-11-30T02:14:17.805+0200] {dagbag.py:536} INFO - Filling up the DagBag from /home/seva/UCU/AutomatedDataPipelines/Homework1/venv/lib/python3.10/site-packages/airflow/example_dags/example_branch_datetime_operator.py
[2023-11-30T02:14:17.814+0200] {processor.py:839} INFO - DAG(s) dict_keys(['example_branch_datetime_operator', 'example_branch_datetime_operator_2', 'example_branch_datetime_operator_3']) retrieved from /home/seva/UCU/AutomatedDataPipelines/Homework1/venv/lib/python3.10/site-packages/airflow/example_dags/example_branch_datetime_operator.py
[2023-11-30T02:14:17.833+0200] {logging_mixin.py:154} INFO - [2023-11-30T02:14:17.832+0200] {dag.py:2941} INFO - Sync 3 DAGs
[2023-11-30T02:14:17.849+0200] {logging_mixin.py:154} INFO - [2023-11-30T02:14:17.848+0200] {dag.py:3722} INFO - Setting next_dagrun for example_branch_datetime_operator to 2023-11-29T00:00:00+00:00, run_after=2023-11-30T00:00:00+00:00
[2023-11-30T02:14:17.852+0200] {logging_mixin.py:154} INFO - [2023-11-30T02:14:17.852+0200] {dag.py:3722} INFO - Setting next_dagrun for example_branch_datetime_operator_2 to 2023-11-29T00:00:00+00:00, run_after=2023-11-30T00:00:00+00:00
[2023-11-30T02:14:17.854+0200] {logging_mixin.py:154} INFO - [2023-11-30T02:14:17.854+0200] {dag.py:3722} INFO - Setting next_dagrun for example_branch_datetime_operator_3 to 2023-11-29T00:00:00+00:00, run_after=2023-11-30T00:00:00+00:00
[2023-11-30T02:14:17.876+0200] {processor.py:179} INFO - Processing /home/seva/UCU/AutomatedDataPipelines/Homework1/venv/lib/python3.10/site-packages/airflow/example_dags/example_branch_datetime_operator.py took 0.086 seconds
[2023-11-30T02:15:04.142+0200] {processor.py:157} INFO - Started process (PID=1487) to work on /home/seva/UCU/AutomatedDataPipelines/Homework1/venv/lib/python3.10/site-packages/airflow/example_dags/example_branch_datetime_operator.py
[2023-11-30T02:15:04.154+0200] {processor.py:829} INFO - Processing file /home/seva/UCU/AutomatedDataPipelines/Homework1/venv/lib/python3.10/site-packages/airflow/example_dags/example_branch_datetime_operator.py for tasks to queue
[2023-11-30T02:15:04.155+0200] {logging_mixin.py:154} INFO - [2023-11-30T02:15:04.155+0200] {dagbag.py:536} INFO - Filling up the DagBag from /home/seva/UCU/AutomatedDataPipelines/Homework1/venv/lib/python3.10/site-packages/airflow/example_dags/example_branch_datetime_operator.py
[2023-11-30T02:15:04.165+0200] {processor.py:839} INFO - DAG(s) dict_keys(['example_branch_datetime_operator_3', 'example_branch_datetime_operator_2', 'example_branch_datetime_operator']) retrieved from /home/seva/UCU/AutomatedDataPipelines/Homework1/venv/lib/python3.10/site-packages/airflow/example_dags/example_branch_datetime_operator.py
[2023-11-30T02:15:04.183+0200] {logging_mixin.py:154} INFO - [2023-11-30T02:15:04.183+0200] {dag.py:2941} INFO - Sync 3 DAGs
[2023-11-30T02:15:04.200+0200] {logging_mixin.py:154} INFO - [2023-11-30T02:15:04.200+0200] {dag.py:3722} INFO - Setting next_dagrun for example_branch_datetime_operator to 2023-11-29T00:00:00+00:00, run_after=2023-11-30T00:00:00+00:00
[2023-11-30T02:15:04.204+0200] {logging_mixin.py:154} INFO - [2023-11-30T02:15:04.204+0200] {dag.py:3722} INFO - Setting next_dagrun for example_branch_datetime_operator_2 to 2023-11-29T00:00:00+00:00, run_after=2023-11-30T00:00:00+00:00
[2023-11-30T02:15:04.206+0200] {logging_mixin.py:154} INFO - [2023-11-30T02:15:04.206+0200] {dag.py:3722} INFO - Setting next_dagrun for example_branch_datetime_operator_3 to 2023-11-29T00:00:00+00:00, run_after=2023-11-30T00:00:00+00:00
[2023-11-30T02:15:04.229+0200] {processor.py:179} INFO - Processing /home/seva/UCU/AutomatedDataPipelines/Homework1/venv/lib/python3.10/site-packages/airflow/example_dags/example_branch_datetime_operator.py took 0.090 seconds
[2023-11-30T02:15:36.470+0200] {processor.py:157} INFO - Started process (PID=1617) to work on /home/seva/UCU/AutomatedDataPipelines/Homework1/venv/lib/python3.10/site-packages/airflow/example_dags/example_branch_datetime_operator.py
[2023-11-30T02:15:36.473+0200] {processor.py:829} INFO - Processing file /home/seva/UCU/AutomatedDataPipelines/Homework1/venv/lib/python3.10/site-packages/airflow/example_dags/example_branch_datetime_operator.py for tasks to queue
[2023-11-30T02:15:36.473+0200] {logging_mixin.py:154} INFO - [2023-11-30T02:15:36.473+0200] {dagbag.py:536} INFO - Filling up the DagBag from /home/seva/UCU/AutomatedDataPipelines/Homework1/venv/lib/python3.10/site-packages/airflow/example_dags/example_branch_datetime_operator.py
[2023-11-30T02:15:36.481+0200] {processor.py:839} INFO - DAG(s) dict_keys(['example_branch_datetime_operator_3', 'example_branch_datetime_operator_2', 'example_branch_datetime_operator']) retrieved from /home/seva/UCU/AutomatedDataPipelines/Homework1/venv/lib/python3.10/site-packages/airflow/example_dags/example_branch_datetime_operator.py
[2023-11-30T02:15:36.499+0200] {logging_mixin.py:154} INFO - [2023-11-30T02:15:36.499+0200] {dag.py:2941} INFO - Sync 3 DAGs
[2023-11-30T02:15:36.515+0200] {logging_mixin.py:154} INFO - [2023-11-30T02:15:36.515+0200] {dag.py:3722} INFO - Setting next_dagrun for example_branch_datetime_operator to 2023-11-29T00:00:00+00:00, run_after=2023-11-30T00:00:00+00:00
[2023-11-30T02:15:36.518+0200] {logging_mixin.py:154} INFO - [2023-11-30T02:15:36.518+0200] {dag.py:3722} INFO - Setting next_dagrun for example_branch_datetime_operator_2 to 2023-11-29T00:00:00+00:00, run_after=2023-11-30T00:00:00+00:00
[2023-11-30T02:15:36.520+0200] {logging_mixin.py:154} INFO - [2023-11-30T02:15:36.520+0200] {dag.py:3722} INFO - Setting next_dagrun for example_branch_datetime_operator_3 to 2023-11-29T00:00:00+00:00, run_after=2023-11-30T00:00:00+00:00
[2023-11-30T02:15:36.564+0200] {processor.py:179} INFO - Processing /home/seva/UCU/AutomatedDataPipelines/Homework1/venv/lib/python3.10/site-packages/airflow/example_dags/example_branch_datetime_operator.py took 0.096 seconds
[2023-11-30T02:16:20.409+0200] {processor.py:157} INFO - Started process (PID=1787) to work on /home/seva/UCU/AutomatedDataPipelines/Homework1/venv/lib/python3.10/site-packages/airflow/example_dags/example_branch_datetime_operator.py
[2023-11-30T02:16:20.421+0200] {processor.py:829} INFO - Processing file /home/seva/UCU/AutomatedDataPipelines/Homework1/venv/lib/python3.10/site-packages/airflow/example_dags/example_branch_datetime_operator.py for tasks to queue
[2023-11-30T02:16:20.422+0200] {logging_mixin.py:154} INFO - [2023-11-30T02:16:20.422+0200] {dagbag.py:536} INFO - Filling up the DagBag from /home/seva/UCU/AutomatedDataPipelines/Homework1/venv/lib/python3.10/site-packages/airflow/example_dags/example_branch_datetime_operator.py
[2023-11-30T02:16:20.431+0200] {processor.py:839} INFO - DAG(s) dict_keys(['example_branch_datetime_operator_3', 'example_branch_datetime_operator', 'example_branch_datetime_operator_2']) retrieved from /home/seva/UCU/AutomatedDataPipelines/Homework1/venv/lib/python3.10/site-packages/airflow/example_dags/example_branch_datetime_operator.py
[2023-11-30T02:16:20.451+0200] {logging_mixin.py:154} INFO - [2023-11-30T02:16:20.450+0200] {dag.py:2941} INFO - Sync 3 DAGs
[2023-11-30T02:16:20.467+0200] {logging_mixin.py:154} INFO - [2023-11-30T02:16:20.467+0200] {dag.py:3722} INFO - Setting next_dagrun for example_branch_datetime_operator to 2023-11-29T00:00:00+00:00, run_after=2023-11-30T00:00:00+00:00
[2023-11-30T02:16:20.471+0200] {logging_mixin.py:154} INFO - [2023-11-30T02:16:20.471+0200] {dag.py:3722} INFO - Setting next_dagrun for example_branch_datetime_operator_2 to 2023-11-29T00:00:00+00:00, run_after=2023-11-30T00:00:00+00:00
[2023-11-30T02:16:20.473+0200] {logging_mixin.py:154} INFO - [2023-11-30T02:16:20.473+0200] {dag.py:3722} INFO - Setting next_dagrun for example_branch_datetime_operator_3 to 2023-11-29T00:00:00+00:00, run_after=2023-11-30T00:00:00+00:00
[2023-11-30T02:16:20.496+0200] {processor.py:179} INFO - Processing /home/seva/UCU/AutomatedDataPipelines/Homework1/venv/lib/python3.10/site-packages/airflow/example_dags/example_branch_datetime_operator.py took 0.090 seconds
[2023-11-30T02:16:52.331+0200] {processor.py:157} INFO - Started process (PID=1913) to work on /home/seva/UCU/AutomatedDataPipelines/Homework1/venv/lib/python3.10/site-packages/airflow/example_dags/example_branch_datetime_operator.py
[2023-11-30T02:16:52.343+0200] {processor.py:829} INFO - Processing file /home/seva/UCU/AutomatedDataPipelines/Homework1/venv/lib/python3.10/site-packages/airflow/example_dags/example_branch_datetime_operator.py for tasks to queue
[2023-11-30T02:16:52.344+0200] {logging_mixin.py:154} INFO - [2023-11-30T02:16:52.344+0200] {dagbag.py:536} INFO - Filling up the DagBag from /home/seva/UCU/AutomatedDataPipelines/Homework1/venv/lib/python3.10/site-packages/airflow/example_dags/example_branch_datetime_operator.py
[2023-11-30T02:16:52.353+0200] {processor.py:839} INFO - DAG(s) dict_keys(['example_branch_datetime_operator_3', 'example_branch_datetime_operator_2', 'example_branch_datetime_operator']) retrieved from /home/seva/UCU/AutomatedDataPipelines/Homework1/venv/lib/python3.10/site-packages/airflow/example_dags/example_branch_datetime_operator.py
[2023-11-30T02:16:52.371+0200] {logging_mixin.py:154} INFO - [2023-11-30T02:16:52.371+0200] {dag.py:2941} INFO - Sync 3 DAGs
[2023-11-30T02:16:52.388+0200] {logging_mixin.py:154} INFO - [2023-11-30T02:16:52.388+0200] {dag.py:3722} INFO - Setting next_dagrun for example_branch_datetime_operator to 2023-11-29T00:00:00+00:00, run_after=2023-11-30T00:00:00+00:00
[2023-11-30T02:16:52.391+0200] {logging_mixin.py:154} INFO - [2023-11-30T02:16:52.391+0200] {dag.py:3722} INFO - Setting next_dagrun for example_branch_datetime_operator_2 to 2023-11-29T00:00:00+00:00, run_after=2023-11-30T00:00:00+00:00
[2023-11-30T02:16:52.393+0200] {logging_mixin.py:154} INFO - [2023-11-30T02:16:52.393+0200] {dag.py:3722} INFO - Setting next_dagrun for example_branch_datetime_operator_3 to 2023-11-29T00:00:00+00:00, run_after=2023-11-30T00:00:00+00:00
[2023-11-30T02:16:52.417+0200] {processor.py:179} INFO - Processing /home/seva/UCU/AutomatedDataPipelines/Homework1/venv/lib/python3.10/site-packages/airflow/example_dags/example_branch_datetime_operator.py took 0.089 seconds
[2023-11-30T02:17:33.639+0200] {processor.py:157} INFO - Started process (PID=2084) to work on /home/seva/UCU/AutomatedDataPipelines/Homework1/venv/lib/python3.10/site-packages/airflow/example_dags/example_branch_datetime_operator.py
[2023-11-30T02:17:33.652+0200] {processor.py:829} INFO - Processing file /home/seva/UCU/AutomatedDataPipelines/Homework1/venv/lib/python3.10/site-packages/airflow/example_dags/example_branch_datetime_operator.py for tasks to queue
[2023-11-30T02:17:33.653+0200] {logging_mixin.py:154} INFO - [2023-11-30T02:17:33.652+0200] {dagbag.py:536} INFO - Filling up the DagBag from /home/seva/UCU/AutomatedDataPipelines/Homework1/venv/lib/python3.10/site-packages/airflow/example_dags/example_branch_datetime_operator.py
[2023-11-30T02:17:33.661+0200] {processor.py:839} INFO - DAG(s) dict_keys(['example_branch_datetime_operator_3', 'example_branch_datetime_operator', 'example_branch_datetime_operator_2']) retrieved from /home/seva/UCU/AutomatedDataPipelines/Homework1/venv/lib/python3.10/site-packages/airflow/example_dags/example_branch_datetime_operator.py
[2023-11-30T02:17:33.681+0200] {logging_mixin.py:154} INFO - [2023-11-30T02:17:33.680+0200] {dag.py:2941} INFO - Sync 3 DAGs
[2023-11-30T02:17:33.698+0200] {logging_mixin.py:154} INFO - [2023-11-30T02:17:33.697+0200] {dag.py:3722} INFO - Setting next_dagrun for example_branch_datetime_operator to 2023-11-29T00:00:00+00:00, run_after=2023-11-30T00:00:00+00:00
[2023-11-30T02:17:33.701+0200] {logging_mixin.py:154} INFO - [2023-11-30T02:17:33.701+0200] {dag.py:3722} INFO - Setting next_dagrun for example_branch_datetime_operator_2 to 2023-11-29T00:00:00+00:00, run_after=2023-11-30T00:00:00+00:00
[2023-11-30T02:17:33.703+0200] {logging_mixin.py:154} INFO - [2023-11-30T02:17:33.703+0200] {dag.py:3722} INFO - Setting next_dagrun for example_branch_datetime_operator_3 to 2023-11-29T00:00:00+00:00, run_after=2023-11-30T00:00:00+00:00
[2023-11-30T02:17:33.726+0200] {processor.py:179} INFO - Processing /home/seva/UCU/AutomatedDataPipelines/Homework1/venv/lib/python3.10/site-packages/airflow/example_dags/example_branch_datetime_operator.py took 0.089 seconds
[2023-11-30T02:18:17.432+0200] {processor.py:157} INFO - Started process (PID=2262) to work on /home/seva/UCU/AutomatedDataPipelines/Homework1/venv/lib/python3.10/site-packages/airflow/example_dags/example_branch_datetime_operator.py
[2023-11-30T02:18:17.433+0200] {processor.py:829} INFO - Processing file /home/seva/UCU/AutomatedDataPipelines/Homework1/venv/lib/python3.10/site-packages/airflow/example_dags/example_branch_datetime_operator.py for tasks to queue
[2023-11-30T02:18:17.434+0200] {logging_mixin.py:154} INFO - [2023-11-30T02:18:17.434+0200] {dagbag.py:536} INFO - Filling up the DagBag from /home/seva/UCU/AutomatedDataPipelines/Homework1/venv/lib/python3.10/site-packages/airflow/example_dags/example_branch_datetime_operator.py
[2023-11-30T02:18:17.444+0200] {processor.py:839} INFO - DAG(s) dict_keys(['example_branch_datetime_operator', 'example_branch_datetime_operator_3', 'example_branch_datetime_operator_2']) retrieved from /home/seva/UCU/AutomatedDataPipelines/Homework1/venv/lib/python3.10/site-packages/airflow/example_dags/example_branch_datetime_operator.py
[2023-11-30T02:18:17.464+0200] {logging_mixin.py:154} INFO - [2023-11-30T02:18:17.464+0200] {dag.py:2941} INFO - Sync 3 DAGs
[2023-11-30T02:18:17.481+0200] {logging_mixin.py:154} INFO - [2023-11-30T02:18:17.481+0200] {dag.py:3722} INFO - Setting next_dagrun for example_branch_datetime_operator to 2023-11-29T00:00:00+00:00, run_after=2023-11-30T00:00:00+00:00
[2023-11-30T02:18:17.485+0200] {logging_mixin.py:154} INFO - [2023-11-30T02:18:17.485+0200] {dag.py:3722} INFO - Setting next_dagrun for example_branch_datetime_operator_2 to 2023-11-29T00:00:00+00:00, run_after=2023-11-30T00:00:00+00:00
[2023-11-30T02:18:17.486+0200] {logging_mixin.py:154} INFO - [2023-11-30T02:18:17.486+0200] {dag.py:3722} INFO - Setting next_dagrun for example_branch_datetime_operator_3 to 2023-11-29T00:00:00+00:00, run_after=2023-11-30T00:00:00+00:00
[2023-11-30T02:18:17.508+0200] {processor.py:179} INFO - Processing /home/seva/UCU/AutomatedDataPipelines/Homework1/venv/lib/python3.10/site-packages/airflow/example_dags/example_branch_datetime_operator.py took 0.080 seconds
[2023-11-30T02:18:56.327+0200] {processor.py:157} INFO - Started process (PID=2412) to work on /home/seva/UCU/AutomatedDataPipelines/Homework1/venv/lib/python3.10/site-packages/airflow/example_dags/example_branch_datetime_operator.py
[2023-11-30T02:18:56.329+0200] {processor.py:829} INFO - Processing file /home/seva/UCU/AutomatedDataPipelines/Homework1/venv/lib/python3.10/site-packages/airflow/example_dags/example_branch_datetime_operator.py for tasks to queue
[2023-11-30T02:18:56.330+0200] {logging_mixin.py:154} INFO - [2023-11-30T02:18:56.330+0200] {dagbag.py:536} INFO - Filling up the DagBag from /home/seva/UCU/AutomatedDataPipelines/Homework1/venv/lib/python3.10/site-packages/airflow/example_dags/example_branch_datetime_operator.py
[2023-11-30T02:18:56.338+0200] {processor.py:839} INFO - DAG(s) dict_keys(['example_branch_datetime_operator', 'example_branch_datetime_operator_3', 'example_branch_datetime_operator_2']) retrieved from /home/seva/UCU/AutomatedDataPipelines/Homework1/venv/lib/python3.10/site-packages/airflow/example_dags/example_branch_datetime_operator.py
[2023-11-30T02:18:56.359+0200] {logging_mixin.py:154} INFO - [2023-11-30T02:18:56.359+0200] {dag.py:2941} INFO - Sync 3 DAGs
[2023-11-30T02:18:56.377+0200] {logging_mixin.py:154} INFO - [2023-11-30T02:18:56.377+0200] {dag.py:3722} INFO - Setting next_dagrun for example_branch_datetime_operator to 2023-11-29T00:00:00+00:00, run_after=2023-11-30T00:00:00+00:00
[2023-11-30T02:18:56.380+0200] {logging_mixin.py:154} INFO - [2023-11-30T02:18:56.380+0200] {dag.py:3722} INFO - Setting next_dagrun for example_branch_datetime_operator_2 to 2023-11-29T00:00:00+00:00, run_after=2023-11-30T00:00:00+00:00
[2023-11-30T02:18:56.382+0200] {logging_mixin.py:154} INFO - [2023-11-30T02:18:56.382+0200] {dag.py:3722} INFO - Setting next_dagrun for example_branch_datetime_operator_3 to 2023-11-29T00:00:00+00:00, run_after=2023-11-30T00:00:00+00:00
[2023-11-30T02:18:56.407+0200] {processor.py:179} INFO - Processing /home/seva/UCU/AutomatedDataPipelines/Homework1/venv/lib/python3.10/site-packages/airflow/example_dags/example_branch_datetime_operator.py took 0.083 seconds
[2023-11-30T02:19:30.874+0200] {processor.py:157} INFO - Started process (PID=2552) to work on /home/seva/UCU/AutomatedDataPipelines/Homework1/venv/lib/python3.10/site-packages/airflow/example_dags/example_branch_datetime_operator.py
[2023-11-30T02:19:30.886+0200] {processor.py:829} INFO - Processing file /home/seva/UCU/AutomatedDataPipelines/Homework1/venv/lib/python3.10/site-packages/airflow/example_dags/example_branch_datetime_operator.py for tasks to queue
[2023-11-30T02:19:30.887+0200] {logging_mixin.py:154} INFO - [2023-11-30T02:19:30.886+0200] {dagbag.py:536} INFO - Filling up the DagBag from /home/seva/UCU/AutomatedDataPipelines/Homework1/venv/lib/python3.10/site-packages/airflow/example_dags/example_branch_datetime_operator.py
[2023-11-30T02:19:30.896+0200] {processor.py:839} INFO - DAG(s) dict_keys(['example_branch_datetime_operator_2', 'example_branch_datetime_operator', 'example_branch_datetime_operator_3']) retrieved from /home/seva/UCU/AutomatedDataPipelines/Homework1/venv/lib/python3.10/site-packages/airflow/example_dags/example_branch_datetime_operator.py
[2023-11-30T02:19:30.916+0200] {logging_mixin.py:154} INFO - [2023-11-30T02:19:30.916+0200] {dag.py:2941} INFO - Sync 3 DAGs
[2023-11-30T02:19:30.935+0200] {logging_mixin.py:154} INFO - [2023-11-30T02:19:30.934+0200] {dag.py:3722} INFO - Setting next_dagrun for example_branch_datetime_operator to 2023-11-29T00:00:00+00:00, run_after=2023-11-30T00:00:00+00:00
[2023-11-30T02:19:30.938+0200] {logging_mixin.py:154} INFO - [2023-11-30T02:19:30.938+0200] {dag.py:3722} INFO - Setting next_dagrun for example_branch_datetime_operator_2 to 2023-11-29T00:00:00+00:00, run_after=2023-11-30T00:00:00+00:00
[2023-11-30T02:19:30.940+0200] {logging_mixin.py:154} INFO - [2023-11-30T02:19:30.940+0200] {dag.py:3722} INFO - Setting next_dagrun for example_branch_datetime_operator_3 to 2023-11-29T00:00:00+00:00, run_after=2023-11-30T00:00:00+00:00
[2023-11-30T02:19:30.964+0200] {processor.py:179} INFO - Processing /home/seva/UCU/AutomatedDataPipelines/Homework1/venv/lib/python3.10/site-packages/airflow/example_dags/example_branch_datetime_operator.py took 0.094 seconds
[2023-11-30T02:20:13.103+0200] {processor.py:157} INFO - Started process (PID=2716) to work on /home/seva/UCU/AutomatedDataPipelines/Homework1/venv/lib/python3.10/site-packages/airflow/example_dags/example_branch_datetime_operator.py
[2023-11-30T02:20:13.105+0200] {processor.py:829} INFO - Processing file /home/seva/UCU/AutomatedDataPipelines/Homework1/venv/lib/python3.10/site-packages/airflow/example_dags/example_branch_datetime_operator.py for tasks to queue
[2023-11-30T02:20:13.106+0200] {logging_mixin.py:154} INFO - [2023-11-30T02:20:13.106+0200] {dagbag.py:536} INFO - Filling up the DagBag from /home/seva/UCU/AutomatedDataPipelines/Homework1/venv/lib/python3.10/site-packages/airflow/example_dags/example_branch_datetime_operator.py
[2023-11-30T02:20:13.115+0200] {processor.py:839} INFO - DAG(s) dict_keys(['example_branch_datetime_operator_3', 'example_branch_datetime_operator_2', 'example_branch_datetime_operator']) retrieved from /home/seva/UCU/AutomatedDataPipelines/Homework1/venv/lib/python3.10/site-packages/airflow/example_dags/example_branch_datetime_operator.py
[2023-11-30T02:20:13.133+0200] {logging_mixin.py:154} INFO - [2023-11-30T02:20:13.132+0200] {dag.py:2941} INFO - Sync 3 DAGs
[2023-11-30T02:20:13.149+0200] {logging_mixin.py:154} INFO - [2023-11-30T02:20:13.149+0200] {dag.py:3722} INFO - Setting next_dagrun for example_branch_datetime_operator to 2023-11-29T00:00:00+00:00, run_after=2023-11-30T00:00:00+00:00
[2023-11-30T02:20:13.153+0200] {logging_mixin.py:154} INFO - [2023-11-30T02:20:13.153+0200] {dag.py:3722} INFO - Setting next_dagrun for example_branch_datetime_operator_2 to 2023-11-29T00:00:00+00:00, run_after=2023-11-30T00:00:00+00:00
[2023-11-30T02:20:13.155+0200] {logging_mixin.py:154} INFO - [2023-11-30T02:20:13.155+0200] {dag.py:3722} INFO - Setting next_dagrun for example_branch_datetime_operator_3 to 2023-11-29T00:00:00+00:00, run_after=2023-11-30T00:00:00+00:00
[2023-11-30T02:20:13.181+0200] {processor.py:179} INFO - Processing /home/seva/UCU/AutomatedDataPipelines/Homework1/venv/lib/python3.10/site-packages/airflow/example_dags/example_branch_datetime_operator.py took 0.082 seconds
[2023-11-30T02:20:58.614+0200] {processor.py:157} INFO - Started process (PID=2894) to work on /home/seva/UCU/AutomatedDataPipelines/Homework1/venv/lib/python3.10/site-packages/airflow/example_dags/example_branch_datetime_operator.py
[2023-11-30T02:20:58.626+0200] {processor.py:829} INFO - Processing file /home/seva/UCU/AutomatedDataPipelines/Homework1/venv/lib/python3.10/site-packages/airflow/example_dags/example_branch_datetime_operator.py for tasks to queue
[2023-11-30T02:20:58.627+0200] {logging_mixin.py:154} INFO - [2023-11-30T02:20:58.627+0200] {dagbag.py:536} INFO - Filling up the DagBag from /home/seva/UCU/AutomatedDataPipelines/Homework1/venv/lib/python3.10/site-packages/airflow/example_dags/example_branch_datetime_operator.py
[2023-11-30T02:20:58.635+0200] {processor.py:839} INFO - DAG(s) dict_keys(['example_branch_datetime_operator_2', 'example_branch_datetime_operator', 'example_branch_datetime_operator_3']) retrieved from /home/seva/UCU/AutomatedDataPipelines/Homework1/venv/lib/python3.10/site-packages/airflow/example_dags/example_branch_datetime_operator.py
[2023-11-30T02:20:58.655+0200] {logging_mixin.py:154} INFO - [2023-11-30T02:20:58.654+0200] {dag.py:2941} INFO - Sync 3 DAGs
[2023-11-30T02:20:58.679+0200] {logging_mixin.py:154} INFO - [2023-11-30T02:20:58.679+0200] {dag.py:3722} INFO - Setting next_dagrun for example_branch_datetime_operator to 2023-11-29T00:00:00+00:00, run_after=2023-11-30T00:00:00+00:00
[2023-11-30T02:20:58.685+0200] {logging_mixin.py:154} INFO - [2023-11-30T02:20:58.684+0200] {dag.py:3722} INFO - Setting next_dagrun for example_branch_datetime_operator_2 to 2023-11-29T00:00:00+00:00, run_after=2023-11-30T00:00:00+00:00
[2023-11-30T02:20:58.687+0200] {logging_mixin.py:154} INFO - [2023-11-30T02:20:58.687+0200] {dag.py:3722} INFO - Setting next_dagrun for example_branch_datetime_operator_3 to 2023-11-29T00:00:00+00:00, run_after=2023-11-30T00:00:00+00:00
[2023-11-30T02:20:58.728+0200] {processor.py:179} INFO - Processing /home/seva/UCU/AutomatedDataPipelines/Homework1/venv/lib/python3.10/site-packages/airflow/example_dags/example_branch_datetime_operator.py took 0.117 seconds
[2023-11-30T02:21:42.689+0200] {processor.py:157} INFO - Started process (PID=3072) to work on /home/seva/UCU/AutomatedDataPipelines/Homework1/venv/lib/python3.10/site-packages/airflow/example_dags/example_branch_datetime_operator.py
[2023-11-30T02:21:42.700+0200] {processor.py:829} INFO - Processing file /home/seva/UCU/AutomatedDataPipelines/Homework1/venv/lib/python3.10/site-packages/airflow/example_dags/example_branch_datetime_operator.py for tasks to queue
[2023-11-30T02:21:42.701+0200] {logging_mixin.py:154} INFO - [2023-11-30T02:21:42.701+0200] {dagbag.py:536} INFO - Filling up the DagBag from /home/seva/UCU/AutomatedDataPipelines/Homework1/venv/lib/python3.10/site-packages/airflow/example_dags/example_branch_datetime_operator.py
[2023-11-30T02:21:42.710+0200] {processor.py:839} INFO - DAG(s) dict_keys(['example_branch_datetime_operator_2', 'example_branch_datetime_operator', 'example_branch_datetime_operator_3']) retrieved from /home/seva/UCU/AutomatedDataPipelines/Homework1/venv/lib/python3.10/site-packages/airflow/example_dags/example_branch_datetime_operator.py
[2023-11-30T02:21:42.730+0200] {logging_mixin.py:154} INFO - [2023-11-30T02:21:42.730+0200] {dag.py:2941} INFO - Sync 3 DAGs
[2023-11-30T02:21:42.747+0200] {logging_mixin.py:154} INFO - [2023-11-30T02:21:42.747+0200] {dag.py:3722} INFO - Setting next_dagrun for example_branch_datetime_operator to 2023-11-29T00:00:00+00:00, run_after=2023-11-30T00:00:00+00:00
[2023-11-30T02:21:42.750+0200] {logging_mixin.py:154} INFO - [2023-11-30T02:21:42.750+0200] {dag.py:3722} INFO - Setting next_dagrun for example_branch_datetime_operator_2 to 2023-11-29T00:00:00+00:00, run_after=2023-11-30T00:00:00+00:00
[2023-11-30T02:21:42.752+0200] {logging_mixin.py:154} INFO - [2023-11-30T02:21:42.752+0200] {dag.py:3722} INFO - Setting next_dagrun for example_branch_datetime_operator_3 to 2023-11-29T00:00:00+00:00, run_after=2023-11-30T00:00:00+00:00
[2023-11-30T02:21:42.774+0200] {processor.py:179} INFO - Processing /home/seva/UCU/AutomatedDataPipelines/Homework1/venv/lib/python3.10/site-packages/airflow/example_dags/example_branch_datetime_operator.py took 0.088 seconds
[2023-11-30T02:22:24.051+0200] {processor.py:157} INFO - Started process (PID=3239) to work on /home/seva/UCU/AutomatedDataPipelines/Homework1/venv/lib/python3.10/site-packages/airflow/example_dags/example_branch_datetime_operator.py
[2023-11-30T02:22:24.063+0200] {processor.py:829} INFO - Processing file /home/seva/UCU/AutomatedDataPipelines/Homework1/venv/lib/python3.10/site-packages/airflow/example_dags/example_branch_datetime_operator.py for tasks to queue
[2023-11-30T02:22:24.064+0200] {logging_mixin.py:154} INFO - [2023-11-30T02:22:24.063+0200] {dagbag.py:536} INFO - Filling up the DagBag from /home/seva/UCU/AutomatedDataPipelines/Homework1/venv/lib/python3.10/site-packages/airflow/example_dags/example_branch_datetime_operator.py
[2023-11-30T02:22:24.071+0200] {processor.py:839} INFO - DAG(s) dict_keys(['example_branch_datetime_operator_3', 'example_branch_datetime_operator_2', 'example_branch_datetime_operator']) retrieved from /home/seva/UCU/AutomatedDataPipelines/Homework1/venv/lib/python3.10/site-packages/airflow/example_dags/example_branch_datetime_operator.py
[2023-11-30T02:22:24.090+0200] {logging_mixin.py:154} INFO - [2023-11-30T02:22:24.089+0200] {dag.py:2941} INFO - Sync 3 DAGs
[2023-11-30T02:22:24.106+0200] {logging_mixin.py:154} INFO - [2023-11-30T02:22:24.106+0200] {dag.py:3722} INFO - Setting next_dagrun for example_branch_datetime_operator to 2023-11-29T00:00:00+00:00, run_after=2023-11-30T00:00:00+00:00
[2023-11-30T02:22:24.109+0200] {logging_mixin.py:154} INFO - [2023-11-30T02:22:24.109+0200] {dag.py:3722} INFO - Setting next_dagrun for example_branch_datetime_operator_2 to 2023-11-29T00:00:00+00:00, run_after=2023-11-30T00:00:00+00:00
[2023-11-30T02:22:24.111+0200] {logging_mixin.py:154} INFO - [2023-11-30T02:22:24.111+0200] {dag.py:3722} INFO - Setting next_dagrun for example_branch_datetime_operator_3 to 2023-11-29T00:00:00+00:00, run_after=2023-11-30T00:00:00+00:00
[2023-11-30T02:22:24.134+0200] {processor.py:179} INFO - Processing /home/seva/UCU/AutomatedDataPipelines/Homework1/venv/lib/python3.10/site-packages/airflow/example_dags/example_branch_datetime_operator.py took 0.086 seconds
[2023-11-30T02:22:57.175+0200] {processor.py:157} INFO - Started process (PID=3367) to work on /home/seva/UCU/AutomatedDataPipelines/Homework1/venv/lib/python3.10/site-packages/airflow/example_dags/example_branch_datetime_operator.py
[2023-11-30T02:22:57.187+0200] {processor.py:829} INFO - Processing file /home/seva/UCU/AutomatedDataPipelines/Homework1/venv/lib/python3.10/site-packages/airflow/example_dags/example_branch_datetime_operator.py for tasks to queue
[2023-11-30T02:22:57.188+0200] {logging_mixin.py:154} INFO - [2023-11-30T02:22:57.187+0200] {dagbag.py:536} INFO - Filling up the DagBag from /home/seva/UCU/AutomatedDataPipelines/Homework1/venv/lib/python3.10/site-packages/airflow/example_dags/example_branch_datetime_operator.py
[2023-11-30T02:22:57.196+0200] {processor.py:839} INFO - DAG(s) dict_keys(['example_branch_datetime_operator_3', 'example_branch_datetime_operator', 'example_branch_datetime_operator_2']) retrieved from /home/seva/UCU/AutomatedDataPipelines/Homework1/venv/lib/python3.10/site-packages/airflow/example_dags/example_branch_datetime_operator.py
[2023-11-30T02:22:57.215+0200] {logging_mixin.py:154} INFO - [2023-11-30T02:22:57.215+0200] {dag.py:2941} INFO - Sync 3 DAGs
[2023-11-30T02:22:57.231+0200] {logging_mixin.py:154} INFO - [2023-11-30T02:22:57.231+0200] {dag.py:3722} INFO - Setting next_dagrun for example_branch_datetime_operator to 2023-11-29T00:00:00+00:00, run_after=2023-11-30T00:00:00+00:00
[2023-11-30T02:22:57.235+0200] {logging_mixin.py:154} INFO - [2023-11-30T02:22:57.235+0200] {dag.py:3722} INFO - Setting next_dagrun for example_branch_datetime_operator_2 to 2023-11-29T00:00:00+00:00, run_after=2023-11-30T00:00:00+00:00
[2023-11-30T02:22:57.236+0200] {logging_mixin.py:154} INFO - [2023-11-30T02:22:57.236+0200] {dag.py:3722} INFO - Setting next_dagrun for example_branch_datetime_operator_3 to 2023-11-29T00:00:00+00:00, run_after=2023-11-30T00:00:00+00:00
[2023-11-30T02:22:57.260+0200] {processor.py:179} INFO - Processing /home/seva/UCU/AutomatedDataPipelines/Homework1/venv/lib/python3.10/site-packages/airflow/example_dags/example_branch_datetime_operator.py took 0.088 seconds
[2023-11-30T02:23:40.636+0200] {processor.py:157} INFO - Started process (PID=3539) to work on /home/seva/UCU/AutomatedDataPipelines/Homework1/venv/lib/python3.10/site-packages/airflow/example_dags/example_branch_datetime_operator.py
[2023-11-30T02:23:40.648+0200] {processor.py:829} INFO - Processing file /home/seva/UCU/AutomatedDataPipelines/Homework1/venv/lib/python3.10/site-packages/airflow/example_dags/example_branch_datetime_operator.py for tasks to queue
[2023-11-30T02:23:40.649+0200] {logging_mixin.py:154} INFO - [2023-11-30T02:23:40.649+0200] {dagbag.py:536} INFO - Filling up the DagBag from /home/seva/UCU/AutomatedDataPipelines/Homework1/venv/lib/python3.10/site-packages/airflow/example_dags/example_branch_datetime_operator.py
[2023-11-30T02:23:40.658+0200] {processor.py:839} INFO - DAG(s) dict_keys(['example_branch_datetime_operator_2', 'example_branch_datetime_operator_3', 'example_branch_datetime_operator']) retrieved from /home/seva/UCU/AutomatedDataPipelines/Homework1/venv/lib/python3.10/site-packages/airflow/example_dags/example_branch_datetime_operator.py
[2023-11-30T02:23:40.678+0200] {logging_mixin.py:154} INFO - [2023-11-30T02:23:40.678+0200] {dag.py:2941} INFO - Sync 3 DAGs
[2023-11-30T02:23:40.694+0200] {logging_mixin.py:154} INFO - [2023-11-30T02:23:40.694+0200] {dag.py:3722} INFO - Setting next_dagrun for example_branch_datetime_operator to 2023-11-29T00:00:00+00:00, run_after=2023-11-30T00:00:00+00:00
[2023-11-30T02:23:40.698+0200] {logging_mixin.py:154} INFO - [2023-11-30T02:23:40.697+0200] {dag.py:3722} INFO - Setting next_dagrun for example_branch_datetime_operator_2 to 2023-11-29T00:00:00+00:00, run_after=2023-11-30T00:00:00+00:00
[2023-11-30T02:23:40.699+0200] {logging_mixin.py:154} INFO - [2023-11-30T02:23:40.699+0200] {dag.py:3722} INFO - Setting next_dagrun for example_branch_datetime_operator_3 to 2023-11-29T00:00:00+00:00, run_after=2023-11-30T00:00:00+00:00
[2023-11-30T02:23:40.720+0200] {processor.py:179} INFO - Processing /home/seva/UCU/AutomatedDataPipelines/Homework1/venv/lib/python3.10/site-packages/airflow/example_dags/example_branch_datetime_operator.py took 0.087 seconds
[2023-11-30T02:24:26.712+0200] {processor.py:157} INFO - Started process (PID=3720) to work on /home/seva/UCU/AutomatedDataPipelines/Homework1/venv/lib/python3.10/site-packages/airflow/example_dags/example_branch_datetime_operator.py
[2023-11-30T02:24:26.724+0200] {processor.py:829} INFO - Processing file /home/seva/UCU/AutomatedDataPipelines/Homework1/venv/lib/python3.10/site-packages/airflow/example_dags/example_branch_datetime_operator.py for tasks to queue
[2023-11-30T02:24:26.725+0200] {logging_mixin.py:154} INFO - [2023-11-30T02:24:26.724+0200] {dagbag.py:536} INFO - Filling up the DagBag from /home/seva/UCU/AutomatedDataPipelines/Homework1/venv/lib/python3.10/site-packages/airflow/example_dags/example_branch_datetime_operator.py
[2023-11-30T02:24:26.733+0200] {processor.py:839} INFO - DAG(s) dict_keys(['example_branch_datetime_operator_2', 'example_branch_datetime_operator', 'example_branch_datetime_operator_3']) retrieved from /home/seva/UCU/AutomatedDataPipelines/Homework1/venv/lib/python3.10/site-packages/airflow/example_dags/example_branch_datetime_operator.py
[2023-11-30T02:24:26.751+0200] {logging_mixin.py:154} INFO - [2023-11-30T02:24:26.750+0200] {dag.py:2941} INFO - Sync 3 DAGs
[2023-11-30T02:24:26.770+0200] {logging_mixin.py:154} INFO - [2023-11-30T02:24:26.769+0200] {dag.py:3722} INFO - Setting next_dagrun for example_branch_datetime_operator to 2023-11-29T00:00:00+00:00, run_after=2023-11-30T00:00:00+00:00
[2023-11-30T02:24:26.774+0200] {logging_mixin.py:154} INFO - [2023-11-30T02:24:26.774+0200] {dag.py:3722} INFO - Setting next_dagrun for example_branch_datetime_operator_2 to 2023-11-29T00:00:00+00:00, run_after=2023-11-30T00:00:00+00:00
[2023-11-30T02:24:26.776+0200] {logging_mixin.py:154} INFO - [2023-11-30T02:24:26.775+0200] {dag.py:3722} INFO - Setting next_dagrun for example_branch_datetime_operator_3 to 2023-11-29T00:00:00+00:00, run_after=2023-11-30T00:00:00+00:00
[2023-11-30T02:24:26.797+0200] {processor.py:179} INFO - Processing /home/seva/UCU/AutomatedDataPipelines/Homework1/venv/lib/python3.10/site-packages/airflow/example_dags/example_branch_datetime_operator.py took 0.088 seconds
[2023-11-30T02:24:59.775+0200] {processor.py:157} INFO - Started process (PID=3849) to work on /home/seva/UCU/AutomatedDataPipelines/Homework1/venv/lib/python3.10/site-packages/airflow/example_dags/example_branch_datetime_operator.py
[2023-11-30T02:24:59.777+0200] {processor.py:829} INFO - Processing file /home/seva/UCU/AutomatedDataPipelines/Homework1/venv/lib/python3.10/site-packages/airflow/example_dags/example_branch_datetime_operator.py for tasks to queue
[2023-11-30T02:24:59.778+0200] {logging_mixin.py:154} INFO - [2023-11-30T02:24:59.777+0200] {dagbag.py:536} INFO - Filling up the DagBag from /home/seva/UCU/AutomatedDataPipelines/Homework1/venv/lib/python3.10/site-packages/airflow/example_dags/example_branch_datetime_operator.py
[2023-11-30T02:24:59.786+0200] {processor.py:839} INFO - DAG(s) dict_keys(['example_branch_datetime_operator_3', 'example_branch_datetime_operator_2', 'example_branch_datetime_operator']) retrieved from /home/seva/UCU/AutomatedDataPipelines/Homework1/venv/lib/python3.10/site-packages/airflow/example_dags/example_branch_datetime_operator.py
[2023-11-30T02:24:59.805+0200] {logging_mixin.py:154} INFO - [2023-11-30T02:24:59.805+0200] {dag.py:2941} INFO - Sync 3 DAGs
[2023-11-30T02:24:59.822+0200] {logging_mixin.py:154} INFO - [2023-11-30T02:24:59.822+0200] {dag.py:3722} INFO - Setting next_dagrun for example_branch_datetime_operator to 2023-11-29T00:00:00+00:00, run_after=2023-11-30T00:00:00+00:00
[2023-11-30T02:24:59.826+0200] {logging_mixin.py:154} INFO - [2023-11-30T02:24:59.826+0200] {dag.py:3722} INFO - Setting next_dagrun for example_branch_datetime_operator_2 to 2023-11-29T00:00:00+00:00, run_after=2023-11-30T00:00:00+00:00
[2023-11-30T02:24:59.827+0200] {logging_mixin.py:154} INFO - [2023-11-30T02:24:59.827+0200] {dag.py:3722} INFO - Setting next_dagrun for example_branch_datetime_operator_3 to 2023-11-29T00:00:00+00:00, run_after=2023-11-30T00:00:00+00:00
[2023-11-30T02:24:59.851+0200] {processor.py:179} INFO - Processing /home/seva/UCU/AutomatedDataPipelines/Homework1/venv/lib/python3.10/site-packages/airflow/example_dags/example_branch_datetime_operator.py took 0.079 seconds
[2023-11-30T02:25:43.160+0200] {processor.py:157} INFO - Started process (PID=4021) to work on /home/seva/UCU/AutomatedDataPipelines/Homework1/venv/lib/python3.10/site-packages/airflow/example_dags/example_branch_datetime_operator.py
[2023-11-30T02:25:43.162+0200] {processor.py:829} INFO - Processing file /home/seva/UCU/AutomatedDataPipelines/Homework1/venv/lib/python3.10/site-packages/airflow/example_dags/example_branch_datetime_operator.py for tasks to queue
[2023-11-30T02:25:43.163+0200] {logging_mixin.py:154} INFO - [2023-11-30T02:25:43.162+0200] {dagbag.py:536} INFO - Filling up the DagBag from /home/seva/UCU/AutomatedDataPipelines/Homework1/venv/lib/python3.10/site-packages/airflow/example_dags/example_branch_datetime_operator.py
[2023-11-30T02:25:43.171+0200] {processor.py:839} INFO - DAG(s) dict_keys(['example_branch_datetime_operator_2', 'example_branch_datetime_operator', 'example_branch_datetime_operator_3']) retrieved from /home/seva/UCU/AutomatedDataPipelines/Homework1/venv/lib/python3.10/site-packages/airflow/example_dags/example_branch_datetime_operator.py
[2023-11-30T02:25:43.189+0200] {logging_mixin.py:154} INFO - [2023-11-30T02:25:43.189+0200] {dag.py:2941} INFO - Sync 3 DAGs
[2023-11-30T02:25:43.206+0200] {logging_mixin.py:154} INFO - [2023-11-30T02:25:43.205+0200] {dag.py:3722} INFO - Setting next_dagrun for example_branch_datetime_operator to 2023-11-29T00:00:00+00:00, run_after=2023-11-30T00:00:00+00:00
[2023-11-30T02:25:43.209+0200] {logging_mixin.py:154} INFO - [2023-11-30T02:25:43.209+0200] {dag.py:3722} INFO - Setting next_dagrun for example_branch_datetime_operator_2 to 2023-11-29T00:00:00+00:00, run_after=2023-11-30T00:00:00+00:00
[2023-11-30T02:25:43.210+0200] {logging_mixin.py:154} INFO - [2023-11-30T02:25:43.210+0200] {dag.py:3722} INFO - Setting next_dagrun for example_branch_datetime_operator_3 to 2023-11-29T00:00:00+00:00, run_after=2023-11-30T00:00:00+00:00
[2023-11-30T02:25:43.232+0200] {processor.py:179} INFO - Processing /home/seva/UCU/AutomatedDataPipelines/Homework1/venv/lib/python3.10/site-packages/airflow/example_dags/example_branch_datetime_operator.py took 0.075 seconds
[2023-11-30T02:26:26.992+0200] {processor.py:157} INFO - Started process (PID=4192) to work on /home/seva/UCU/AutomatedDataPipelines/Homework1/venv/lib/python3.10/site-packages/airflow/example_dags/example_branch_datetime_operator.py
[2023-11-30T02:26:27.005+0200] {processor.py:829} INFO - Processing file /home/seva/UCU/AutomatedDataPipelines/Homework1/venv/lib/python3.10/site-packages/airflow/example_dags/example_branch_datetime_operator.py for tasks to queue
[2023-11-30T02:26:27.006+0200] {logging_mixin.py:154} INFO - [2023-11-30T02:26:27.005+0200] {dagbag.py:536} INFO - Filling up the DagBag from /home/seva/UCU/AutomatedDataPipelines/Homework1/venv/lib/python3.10/site-packages/airflow/example_dags/example_branch_datetime_operator.py
[2023-11-30T02:26:27.014+0200] {processor.py:839} INFO - DAG(s) dict_keys(['example_branch_datetime_operator', 'example_branch_datetime_operator_2', 'example_branch_datetime_operator_3']) retrieved from /home/seva/UCU/AutomatedDataPipelines/Homework1/venv/lib/python3.10/site-packages/airflow/example_dags/example_branch_datetime_operator.py
[2023-11-30T02:26:27.035+0200] {logging_mixin.py:154} INFO - [2023-11-30T02:26:27.035+0200] {dag.py:2941} INFO - Sync 3 DAGs
[2023-11-30T02:26:27.062+0200] {logging_mixin.py:154} INFO - [2023-11-30T02:26:27.062+0200] {dag.py:3722} INFO - Setting next_dagrun for example_branch_datetime_operator to 2023-11-29T00:00:00+00:00, run_after=2023-11-30T00:00:00+00:00
[2023-11-30T02:26:27.067+0200] {logging_mixin.py:154} INFO - [2023-11-30T02:26:27.067+0200] {dag.py:3722} INFO - Setting next_dagrun for example_branch_datetime_operator_2 to 2023-11-29T00:00:00+00:00, run_after=2023-11-30T00:00:00+00:00
[2023-11-30T02:26:27.069+0200] {logging_mixin.py:154} INFO - [2023-11-30T02:26:27.069+0200] {dag.py:3722} INFO - Setting next_dagrun for example_branch_datetime_operator_3 to 2023-11-29T00:00:00+00:00, run_after=2023-11-30T00:00:00+00:00
[2023-11-30T02:26:27.093+0200] {processor.py:179} INFO - Processing /home/seva/UCU/AutomatedDataPipelines/Homework1/venv/lib/python3.10/site-packages/airflow/example_dags/example_branch_datetime_operator.py took 0.103 seconds
[2023-11-30T02:27:03.060+0200] {processor.py:157} INFO - Started process (PID=4337) to work on /home/seva/UCU/AutomatedDataPipelines/Homework1/venv/lib/python3.10/site-packages/airflow/example_dags/example_branch_datetime_operator.py
[2023-11-30T02:27:03.072+0200] {processor.py:829} INFO - Processing file /home/seva/UCU/AutomatedDataPipelines/Homework1/venv/lib/python3.10/site-packages/airflow/example_dags/example_branch_datetime_operator.py for tasks to queue
[2023-11-30T02:27:03.073+0200] {logging_mixin.py:154} INFO - [2023-11-30T02:27:03.072+0200] {dagbag.py:536} INFO - Filling up the DagBag from /home/seva/UCU/AutomatedDataPipelines/Homework1/venv/lib/python3.10/site-packages/airflow/example_dags/example_branch_datetime_operator.py
[2023-11-30T02:27:03.081+0200] {processor.py:839} INFO - DAG(s) dict_keys(['example_branch_datetime_operator_2', 'example_branch_datetime_operator', 'example_branch_datetime_operator_3']) retrieved from /home/seva/UCU/AutomatedDataPipelines/Homework1/venv/lib/python3.10/site-packages/airflow/example_dags/example_branch_datetime_operator.py
[2023-11-30T02:27:03.100+0200] {logging_mixin.py:154} INFO - [2023-11-30T02:27:03.100+0200] {dag.py:2941} INFO - Sync 3 DAGs
[2023-11-30T02:27:03.117+0200] {logging_mixin.py:154} INFO - [2023-11-30T02:27:03.117+0200] {dag.py:3722} INFO - Setting next_dagrun for example_branch_datetime_operator to 2023-11-29T00:00:00+00:00, run_after=2023-11-30T00:00:00+00:00
[2023-11-30T02:27:03.121+0200] {logging_mixin.py:154} INFO - [2023-11-30T02:27:03.120+0200] {dag.py:3722} INFO - Setting next_dagrun for example_branch_datetime_operator_2 to 2023-11-29T00:00:00+00:00, run_after=2023-11-30T00:00:00+00:00
[2023-11-30T02:27:03.122+0200] {logging_mixin.py:154} INFO - [2023-11-30T02:27:03.122+0200] {dag.py:3722} INFO - Setting next_dagrun for example_branch_datetime_operator_3 to 2023-11-29T00:00:00+00:00, run_after=2023-11-30T00:00:00+00:00
[2023-11-30T02:27:03.159+0200] {processor.py:179} INFO - Processing /home/seva/UCU/AutomatedDataPipelines/Homework1/venv/lib/python3.10/site-packages/airflow/example_dags/example_branch_datetime_operator.py took 0.102 seconds
[2023-11-30T02:27:36.437+0200] {processor.py:157} INFO - Started process (PID=4467) to work on /home/seva/UCU/AutomatedDataPipelines/Homework1/venv/lib/python3.10/site-packages/airflow/example_dags/example_branch_datetime_operator.py
[2023-11-30T02:27:36.439+0200] {processor.py:829} INFO - Processing file /home/seva/UCU/AutomatedDataPipelines/Homework1/venv/lib/python3.10/site-packages/airflow/example_dags/example_branch_datetime_operator.py for tasks to queue
[2023-11-30T02:27:36.440+0200] {logging_mixin.py:154} INFO - [2023-11-30T02:27:36.439+0200] {dagbag.py:536} INFO - Filling up the DagBag from /home/seva/UCU/AutomatedDataPipelines/Homework1/venv/lib/python3.10/site-packages/airflow/example_dags/example_branch_datetime_operator.py
[2023-11-30T02:27:36.448+0200] {processor.py:839} INFO - DAG(s) dict_keys(['example_branch_datetime_operator_3', 'example_branch_datetime_operator_2', 'example_branch_datetime_operator']) retrieved from /home/seva/UCU/AutomatedDataPipelines/Homework1/venv/lib/python3.10/site-packages/airflow/example_dags/example_branch_datetime_operator.py
[2023-11-30T02:27:36.466+0200] {logging_mixin.py:154} INFO - [2023-11-30T02:27:36.466+0200] {dag.py:2941} INFO - Sync 3 DAGs
[2023-11-30T02:27:36.482+0200] {logging_mixin.py:154} INFO - [2023-11-30T02:27:36.482+0200] {dag.py:3722} INFO - Setting next_dagrun for example_branch_datetime_operator to 2023-11-29T00:00:00+00:00, run_after=2023-11-30T00:00:00+00:00
[2023-11-30T02:27:36.487+0200] {logging_mixin.py:154} INFO - [2023-11-30T02:27:36.487+0200] {dag.py:3722} INFO - Setting next_dagrun for example_branch_datetime_operator_2 to 2023-11-29T00:00:00+00:00, run_after=2023-11-30T00:00:00+00:00
[2023-11-30T02:27:36.488+0200] {logging_mixin.py:154} INFO - [2023-11-30T02:27:36.488+0200] {dag.py:3722} INFO - Setting next_dagrun for example_branch_datetime_operator_3 to 2023-11-29T00:00:00+00:00, run_after=2023-11-30T00:00:00+00:00
[2023-11-30T02:27:36.511+0200] {processor.py:179} INFO - Processing /home/seva/UCU/AutomatedDataPipelines/Homework1/venv/lib/python3.10/site-packages/airflow/example_dags/example_branch_datetime_operator.py took 0.077 seconds
[2023-11-30T02:28:22.817+0200] {processor.py:157} INFO - Started process (PID=4649) to work on /home/seva/UCU/AutomatedDataPipelines/Homework1/venv/lib/python3.10/site-packages/airflow/example_dags/example_branch_datetime_operator.py
[2023-11-30T02:28:22.828+0200] {processor.py:829} INFO - Processing file /home/seva/UCU/AutomatedDataPipelines/Homework1/venv/lib/python3.10/site-packages/airflow/example_dags/example_branch_datetime_operator.py for tasks to queue
[2023-11-30T02:28:22.829+0200] {logging_mixin.py:154} INFO - [2023-11-30T02:28:22.829+0200] {dagbag.py:536} INFO - Filling up the DagBag from /home/seva/UCU/AutomatedDataPipelines/Homework1/venv/lib/python3.10/site-packages/airflow/example_dags/example_branch_datetime_operator.py
[2023-11-30T02:28:22.838+0200] {processor.py:839} INFO - DAG(s) dict_keys(['example_branch_datetime_operator_2', 'example_branch_datetime_operator', 'example_branch_datetime_operator_3']) retrieved from /home/seva/UCU/AutomatedDataPipelines/Homework1/venv/lib/python3.10/site-packages/airflow/example_dags/example_branch_datetime_operator.py
[2023-11-30T02:28:22.857+0200] {logging_mixin.py:154} INFO - [2023-11-30T02:28:22.856+0200] {dag.py:2941} INFO - Sync 3 DAGs
[2023-11-30T02:28:22.873+0200] {logging_mixin.py:154} INFO - [2023-11-30T02:28:22.873+0200] {dag.py:3722} INFO - Setting next_dagrun for example_branch_datetime_operator to 2023-11-29T00:00:00+00:00, run_after=2023-11-30T00:00:00+00:00
[2023-11-30T02:28:22.877+0200] {logging_mixin.py:154} INFO - [2023-11-30T02:28:22.877+0200] {dag.py:3722} INFO - Setting next_dagrun for example_branch_datetime_operator_2 to 2023-11-29T00:00:00+00:00, run_after=2023-11-30T00:00:00+00:00
[2023-11-30T02:28:22.878+0200] {logging_mixin.py:154} INFO - [2023-11-30T02:28:22.878+0200] {dag.py:3722} INFO - Setting next_dagrun for example_branch_datetime_operator_3 to 2023-11-29T00:00:00+00:00, run_after=2023-11-30T00:00:00+00:00
[2023-11-30T02:28:22.901+0200] {processor.py:179} INFO - Processing /home/seva/UCU/AutomatedDataPipelines/Homework1/venv/lib/python3.10/site-packages/airflow/example_dags/example_branch_datetime_operator.py took 0.088 seconds
[2023-11-30T02:29:05.437+0200] {processor.py:157} INFO - Started process (PID=4816) to work on /home/seva/UCU/AutomatedDataPipelines/Homework1/venv/lib/python3.10/site-packages/airflow/example_dags/example_branch_datetime_operator.py
[2023-11-30T02:29:05.449+0200] {processor.py:829} INFO - Processing file /home/seva/UCU/AutomatedDataPipelines/Homework1/venv/lib/python3.10/site-packages/airflow/example_dags/example_branch_datetime_operator.py for tasks to queue
[2023-11-30T02:29:05.450+0200] {logging_mixin.py:154} INFO - [2023-11-30T02:29:05.450+0200] {dagbag.py:536} INFO - Filling up the DagBag from /home/seva/UCU/AutomatedDataPipelines/Homework1/venv/lib/python3.10/site-packages/airflow/example_dags/example_branch_datetime_operator.py
[2023-11-30T02:29:05.459+0200] {processor.py:839} INFO - DAG(s) dict_keys(['example_branch_datetime_operator', 'example_branch_datetime_operator_2', 'example_branch_datetime_operator_3']) retrieved from /home/seva/UCU/AutomatedDataPipelines/Homework1/venv/lib/python3.10/site-packages/airflow/example_dags/example_branch_datetime_operator.py
[2023-11-30T02:29:05.478+0200] {logging_mixin.py:154} INFO - [2023-11-30T02:29:05.478+0200] {dag.py:2941} INFO - Sync 3 DAGs
[2023-11-30T02:29:05.497+0200] {logging_mixin.py:154} INFO - [2023-11-30T02:29:05.497+0200] {dag.py:3722} INFO - Setting next_dagrun for example_branch_datetime_operator to 2023-11-29T00:00:00+00:00, run_after=2023-11-30T00:00:00+00:00
[2023-11-30T02:29:05.500+0200] {logging_mixin.py:154} INFO - [2023-11-30T02:29:05.500+0200] {dag.py:3722} INFO - Setting next_dagrun for example_branch_datetime_operator_2 to 2023-11-29T00:00:00+00:00, run_after=2023-11-30T00:00:00+00:00
[2023-11-30T02:29:05.501+0200] {logging_mixin.py:154} INFO - [2023-11-30T02:29:05.501+0200] {dag.py:3722} INFO - Setting next_dagrun for example_branch_datetime_operator_3 to 2023-11-29T00:00:00+00:00, run_after=2023-11-30T00:00:00+00:00
[2023-11-30T02:29:05.523+0200] {processor.py:179} INFO - Processing /home/seva/UCU/AutomatedDataPipelines/Homework1/venv/lib/python3.10/site-packages/airflow/example_dags/example_branch_datetime_operator.py took 0.089 seconds
[2023-11-30T02:29:48.019+0200] {processor.py:157} INFO - Started process (PID=4992) to work on /home/seva/UCU/AutomatedDataPipelines/Homework1/venv/lib/python3.10/site-packages/airflow/example_dags/example_branch_datetime_operator.py
[2023-11-30T02:29:48.021+0200] {processor.py:829} INFO - Processing file /home/seva/UCU/AutomatedDataPipelines/Homework1/venv/lib/python3.10/site-packages/airflow/example_dags/example_branch_datetime_operator.py for tasks to queue
[2023-11-30T02:29:48.022+0200] {logging_mixin.py:154} INFO - [2023-11-30T02:29:48.022+0200] {dagbag.py:536} INFO - Filling up the DagBag from /home/seva/UCU/AutomatedDataPipelines/Homework1/venv/lib/python3.10/site-packages/airflow/example_dags/example_branch_datetime_operator.py
[2023-11-30T02:29:48.030+0200] {processor.py:839} INFO - DAG(s) dict_keys(['example_branch_datetime_operator_3', 'example_branch_datetime_operator_2', 'example_branch_datetime_operator']) retrieved from /home/seva/UCU/AutomatedDataPipelines/Homework1/venv/lib/python3.10/site-packages/airflow/example_dags/example_branch_datetime_operator.py
[2023-11-30T02:29:48.049+0200] {logging_mixin.py:154} INFO - [2023-11-30T02:29:48.049+0200] {dag.py:2941} INFO - Sync 3 DAGs
[2023-11-30T02:29:48.066+0200] {logging_mixin.py:154} INFO - [2023-11-30T02:29:48.066+0200] {dag.py:3722} INFO - Setting next_dagrun for example_branch_datetime_operator to 2023-11-29T00:00:00+00:00, run_after=2023-11-30T00:00:00+00:00
[2023-11-30T02:29:48.069+0200] {logging_mixin.py:154} INFO - [2023-11-30T02:29:48.069+0200] {dag.py:3722} INFO - Setting next_dagrun for example_branch_datetime_operator_2 to 2023-11-29T00:00:00+00:00, run_after=2023-11-30T00:00:00+00:00
[2023-11-30T02:29:48.071+0200] {logging_mixin.py:154} INFO - [2023-11-30T02:29:48.071+0200] {dag.py:3722} INFO - Setting next_dagrun for example_branch_datetime_operator_3 to 2023-11-29T00:00:00+00:00, run_after=2023-11-30T00:00:00+00:00
[2023-11-30T02:29:48.095+0200] {processor.py:179} INFO - Processing /home/seva/UCU/AutomatedDataPipelines/Homework1/venv/lib/python3.10/site-packages/airflow/example_dags/example_branch_datetime_operator.py took 0.078 seconds
[2023-11-30T02:30:21.109+0200] {processor.py:157} INFO - Started process (PID=5120) to work on /home/seva/UCU/AutomatedDataPipelines/Homework1/venv/lib/python3.10/site-packages/airflow/example_dags/example_branch_datetime_operator.py
[2023-11-30T02:30:21.121+0200] {processor.py:829} INFO - Processing file /home/seva/UCU/AutomatedDataPipelines/Homework1/venv/lib/python3.10/site-packages/airflow/example_dags/example_branch_datetime_operator.py for tasks to queue
[2023-11-30T02:30:21.122+0200] {logging_mixin.py:154} INFO - [2023-11-30T02:30:21.122+0200] {dagbag.py:536} INFO - Filling up the DagBag from /home/seva/UCU/AutomatedDataPipelines/Homework1/venv/lib/python3.10/site-packages/airflow/example_dags/example_branch_datetime_operator.py
[2023-11-30T02:30:21.131+0200] {processor.py:839} INFO - DAG(s) dict_keys(['example_branch_datetime_operator_3', 'example_branch_datetime_operator_2', 'example_branch_datetime_operator']) retrieved from /home/seva/UCU/AutomatedDataPipelines/Homework1/venv/lib/python3.10/site-packages/airflow/example_dags/example_branch_datetime_operator.py
[2023-11-30T02:30:21.149+0200] {logging_mixin.py:154} INFO - [2023-11-30T02:30:21.149+0200] {dag.py:2941} INFO - Sync 3 DAGs
[2023-11-30T02:30:21.167+0200] {logging_mixin.py:154} INFO - [2023-11-30T02:30:21.167+0200] {dag.py:3722} INFO - Setting next_dagrun for example_branch_datetime_operator to 2023-11-29T00:00:00+00:00, run_after=2023-11-30T00:00:00+00:00
[2023-11-30T02:30:21.170+0200] {logging_mixin.py:154} INFO - [2023-11-30T02:30:21.170+0200] {dag.py:3722} INFO - Setting next_dagrun for example_branch_datetime_operator_2 to 2023-11-29T00:00:00+00:00, run_after=2023-11-30T00:00:00+00:00
[2023-11-30T02:30:21.172+0200] {logging_mixin.py:154} INFO - [2023-11-30T02:30:21.172+0200] {dag.py:3722} INFO - Setting next_dagrun for example_branch_datetime_operator_3 to 2023-11-29T00:00:00+00:00, run_after=2023-11-30T00:00:00+00:00
[2023-11-30T02:30:21.200+0200] {processor.py:179} INFO - Processing /home/seva/UCU/AutomatedDataPipelines/Homework1/venv/lib/python3.10/site-packages/airflow/example_dags/example_branch_datetime_operator.py took 0.094 seconds
[2023-11-30T02:31:06.339+0200] {processor.py:157} INFO - Started process (PID=5293) to work on /home/seva/UCU/AutomatedDataPipelines/Homework1/venv/lib/python3.10/site-packages/airflow/example_dags/example_branch_datetime_operator.py
[2023-11-30T02:31:06.350+0200] {processor.py:829} INFO - Processing file /home/seva/UCU/AutomatedDataPipelines/Homework1/venv/lib/python3.10/site-packages/airflow/example_dags/example_branch_datetime_operator.py for tasks to queue
[2023-11-30T02:31:06.351+0200] {logging_mixin.py:154} INFO - [2023-11-30T02:31:06.351+0200] {dagbag.py:536} INFO - Filling up the DagBag from /home/seva/UCU/AutomatedDataPipelines/Homework1/venv/lib/python3.10/site-packages/airflow/example_dags/example_branch_datetime_operator.py
[2023-11-30T02:31:06.360+0200] {processor.py:839} INFO - DAG(s) dict_keys(['example_branch_datetime_operator_2', 'example_branch_datetime_operator', 'example_branch_datetime_operator_3']) retrieved from /home/seva/UCU/AutomatedDataPipelines/Homework1/venv/lib/python3.10/site-packages/airflow/example_dags/example_branch_datetime_operator.py
[2023-11-30T02:31:06.378+0200] {logging_mixin.py:154} INFO - [2023-11-30T02:31:06.378+0200] {dag.py:2941} INFO - Sync 3 DAGs
[2023-11-30T02:31:06.394+0200] {logging_mixin.py:154} INFO - [2023-11-30T02:31:06.394+0200] {dag.py:3722} INFO - Setting next_dagrun for example_branch_datetime_operator to 2023-11-29T00:00:00+00:00, run_after=2023-11-30T00:00:00+00:00
[2023-11-30T02:31:06.398+0200] {logging_mixin.py:154} INFO - [2023-11-30T02:31:06.397+0200] {dag.py:3722} INFO - Setting next_dagrun for example_branch_datetime_operator_2 to 2023-11-29T00:00:00+00:00, run_after=2023-11-30T00:00:00+00:00
[2023-11-30T02:31:06.399+0200] {logging_mixin.py:154} INFO - [2023-11-30T02:31:06.399+0200] {dag.py:3722} INFO - Setting next_dagrun for example_branch_datetime_operator_3 to 2023-11-29T00:00:00+00:00, run_after=2023-11-30T00:00:00+00:00
[2023-11-30T02:31:06.421+0200] {processor.py:179} INFO - Processing /home/seva/UCU/AutomatedDataPipelines/Homework1/venv/lib/python3.10/site-packages/airflow/example_dags/example_branch_datetime_operator.py took 0.086 seconds
[2023-11-30T02:31:50.050+0200] {processor.py:157} INFO - Started process (PID=5471) to work on /home/seva/UCU/AutomatedDataPipelines/Homework1/venv/lib/python3.10/site-packages/airflow/example_dags/example_branch_datetime_operator.py
[2023-11-30T02:31:50.061+0200] {processor.py:829} INFO - Processing file /home/seva/UCU/AutomatedDataPipelines/Homework1/venv/lib/python3.10/site-packages/airflow/example_dags/example_branch_datetime_operator.py for tasks to queue
[2023-11-30T02:31:50.062+0200] {logging_mixin.py:154} INFO - [2023-11-30T02:31:50.062+0200] {dagbag.py:536} INFO - Filling up the DagBag from /home/seva/UCU/AutomatedDataPipelines/Homework1/venv/lib/python3.10/site-packages/airflow/example_dags/example_branch_datetime_operator.py
[2023-11-30T02:31:50.071+0200] {processor.py:839} INFO - DAG(s) dict_keys(['example_branch_datetime_operator', 'example_branch_datetime_operator_2', 'example_branch_datetime_operator_3']) retrieved from /home/seva/UCU/AutomatedDataPipelines/Homework1/venv/lib/python3.10/site-packages/airflow/example_dags/example_branch_datetime_operator.py
[2023-11-30T02:31:50.091+0200] {logging_mixin.py:154} INFO - [2023-11-30T02:31:50.090+0200] {dag.py:2941} INFO - Sync 3 DAGs
[2023-11-30T02:31:50.109+0200] {logging_mixin.py:154} INFO - [2023-11-30T02:31:50.108+0200] {dag.py:3722} INFO - Setting next_dagrun for example_branch_datetime_operator to 2023-11-29T00:00:00+00:00, run_after=2023-11-30T00:00:00+00:00
[2023-11-30T02:31:50.112+0200] {logging_mixin.py:154} INFO - [2023-11-30T02:31:50.112+0200] {dag.py:3722} INFO - Setting next_dagrun for example_branch_datetime_operator_2 to 2023-11-29T00:00:00+00:00, run_after=2023-11-30T00:00:00+00:00
[2023-11-30T02:31:50.114+0200] {logging_mixin.py:154} INFO - [2023-11-30T02:31:50.114+0200] {dag.py:3722} INFO - Setting next_dagrun for example_branch_datetime_operator_3 to 2023-11-29T00:00:00+00:00, run_after=2023-11-30T00:00:00+00:00
[2023-11-30T02:31:50.145+0200] {processor.py:179} INFO - Processing /home/seva/UCU/AutomatedDataPipelines/Homework1/venv/lib/python3.10/site-packages/airflow/example_dags/example_branch_datetime_operator.py took 0.098 seconds
[2023-11-30T02:32:35.190+0200] {processor.py:157} INFO - Started process (PID=5670) to work on /home/seva/UCU/AutomatedDataPipelines/Homework1/venv/lib/python3.10/site-packages/airflow/example_dags/example_branch_datetime_operator.py
[2023-11-30T02:32:35.201+0200] {processor.py:829} INFO - Processing file /home/seva/UCU/AutomatedDataPipelines/Homework1/venv/lib/python3.10/site-packages/airflow/example_dags/example_branch_datetime_operator.py for tasks to queue
[2023-11-30T02:32:35.202+0200] {logging_mixin.py:154} INFO - [2023-11-30T02:32:35.202+0200] {dagbag.py:536} INFO - Filling up the DagBag from /home/seva/UCU/AutomatedDataPipelines/Homework1/venv/lib/python3.10/site-packages/airflow/example_dags/example_branch_datetime_operator.py
[2023-11-30T02:32:35.211+0200] {processor.py:839} INFO - DAG(s) dict_keys(['example_branch_datetime_operator_2', 'example_branch_datetime_operator_3', 'example_branch_datetime_operator']) retrieved from /home/seva/UCU/AutomatedDataPipelines/Homework1/venv/lib/python3.10/site-packages/airflow/example_dags/example_branch_datetime_operator.py
[2023-11-30T02:32:35.230+0200] {logging_mixin.py:154} INFO - [2023-11-30T02:32:35.230+0200] {dag.py:2941} INFO - Sync 3 DAGs
[2023-11-30T02:32:35.249+0200] {logging_mixin.py:154} INFO - [2023-11-30T02:32:35.248+0200] {dag.py:3722} INFO - Setting next_dagrun for example_branch_datetime_operator to 2023-11-29T00:00:00+00:00, run_after=2023-11-30T00:00:00+00:00
[2023-11-30T02:32:35.253+0200] {logging_mixin.py:154} INFO - [2023-11-30T02:32:35.253+0200] {dag.py:3722} INFO - Setting next_dagrun for example_branch_datetime_operator_2 to 2023-11-29T00:00:00+00:00, run_after=2023-11-30T00:00:00+00:00
[2023-11-30T02:32:35.255+0200] {logging_mixin.py:154} INFO - [2023-11-30T02:32:35.255+0200] {dag.py:3722} INFO - Setting next_dagrun for example_branch_datetime_operator_3 to 2023-11-29T00:00:00+00:00, run_after=2023-11-30T00:00:00+00:00
[2023-11-30T02:32:35.280+0200] {processor.py:179} INFO - Processing /home/seva/UCU/AutomatedDataPipelines/Homework1/venv/lib/python3.10/site-packages/airflow/example_dags/example_branch_datetime_operator.py took 0.093 seconds
[2023-11-30T02:33:06.610+0200] {processor.py:157} INFO - Started process (PID=5802) to work on /home/seva/UCU/AutomatedDataPipelines/Homework1/venv/lib/python3.10/site-packages/airflow/example_dags/example_branch_datetime_operator.py
[2023-11-30T02:33:06.622+0200] {processor.py:829} INFO - Processing file /home/seva/UCU/AutomatedDataPipelines/Homework1/venv/lib/python3.10/site-packages/airflow/example_dags/example_branch_datetime_operator.py for tasks to queue
[2023-11-30T02:33:06.623+0200] {logging_mixin.py:154} INFO - [2023-11-30T02:33:06.623+0200] {dagbag.py:536} INFO - Filling up the DagBag from /home/seva/UCU/AutomatedDataPipelines/Homework1/venv/lib/python3.10/site-packages/airflow/example_dags/example_branch_datetime_operator.py
[2023-11-30T02:33:06.631+0200] {processor.py:839} INFO - DAG(s) dict_keys(['example_branch_datetime_operator_2', 'example_branch_datetime_operator_3', 'example_branch_datetime_operator']) retrieved from /home/seva/UCU/AutomatedDataPipelines/Homework1/venv/lib/python3.10/site-packages/airflow/example_dags/example_branch_datetime_operator.py
[2023-11-30T02:33:06.652+0200] {logging_mixin.py:154} INFO - [2023-11-30T02:33:06.651+0200] {dag.py:2941} INFO - Sync 3 DAGs
[2023-11-30T02:33:06.669+0200] {logging_mixin.py:154} INFO - [2023-11-30T02:33:06.669+0200] {dag.py:3722} INFO - Setting next_dagrun for example_branch_datetime_operator to 2023-11-29T00:00:00+00:00, run_after=2023-11-30T00:00:00+00:00
[2023-11-30T02:33:06.672+0200] {logging_mixin.py:154} INFO - [2023-11-30T02:33:06.672+0200] {dag.py:3722} INFO - Setting next_dagrun for example_branch_datetime_operator_2 to 2023-11-29T00:00:00+00:00, run_after=2023-11-30T00:00:00+00:00
[2023-11-30T02:33:06.674+0200] {logging_mixin.py:154} INFO - [2023-11-30T02:33:06.674+0200] {dag.py:3722} INFO - Setting next_dagrun for example_branch_datetime_operator_3 to 2023-11-29T00:00:00+00:00, run_after=2023-11-30T00:00:00+00:00
[2023-11-30T02:33:06.697+0200] {processor.py:179} INFO - Processing /home/seva/UCU/AutomatedDataPipelines/Homework1/venv/lib/python3.10/site-packages/airflow/example_dags/example_branch_datetime_operator.py took 0.090 seconds
[2023-11-30T02:33:39.421+0200] {processor.py:157} INFO - Started process (PID=5925) to work on /home/seva/UCU/AutomatedDataPipelines/Homework1/venv/lib/python3.10/site-packages/airflow/example_dags/example_branch_datetime_operator.py
[2023-11-30T02:33:39.423+0200] {processor.py:829} INFO - Processing file /home/seva/UCU/AutomatedDataPipelines/Homework1/venv/lib/python3.10/site-packages/airflow/example_dags/example_branch_datetime_operator.py for tasks to queue
[2023-11-30T02:33:39.424+0200] {logging_mixin.py:154} INFO - [2023-11-30T02:33:39.424+0200] {dagbag.py:536} INFO - Filling up the DagBag from /home/seva/UCU/AutomatedDataPipelines/Homework1/venv/lib/python3.10/site-packages/airflow/example_dags/example_branch_datetime_operator.py
[2023-11-30T02:33:39.434+0200] {processor.py:839} INFO - DAG(s) dict_keys(['example_branch_datetime_operator_2', 'example_branch_datetime_operator_3', 'example_branch_datetime_operator']) retrieved from /home/seva/UCU/AutomatedDataPipelines/Homework1/venv/lib/python3.10/site-packages/airflow/example_dags/example_branch_datetime_operator.py
[2023-11-30T02:33:39.456+0200] {logging_mixin.py:154} INFO - [2023-11-30T02:33:39.456+0200] {dag.py:2941} INFO - Sync 3 DAGs
[2023-11-30T02:33:39.475+0200] {logging_mixin.py:154} INFO - [2023-11-30T02:33:39.475+0200] {dag.py:3722} INFO - Setting next_dagrun for example_branch_datetime_operator to 2023-11-29T00:00:00+00:00, run_after=2023-11-30T00:00:00+00:00
[2023-11-30T02:33:39.479+0200] {logging_mixin.py:154} INFO - [2023-11-30T02:33:39.478+0200] {dag.py:3722} INFO - Setting next_dagrun for example_branch_datetime_operator_2 to 2023-11-29T00:00:00+00:00, run_after=2023-11-30T00:00:00+00:00
[2023-11-30T02:33:39.480+0200] {logging_mixin.py:154} INFO - [2023-11-30T02:33:39.480+0200] {dag.py:3722} INFO - Setting next_dagrun for example_branch_datetime_operator_3 to 2023-11-29T00:00:00+00:00, run_after=2023-11-30T00:00:00+00:00
[2023-11-30T02:33:39.502+0200] {processor.py:179} INFO - Processing /home/seva/UCU/AutomatedDataPipelines/Homework1/venv/lib/python3.10/site-packages/airflow/example_dags/example_branch_datetime_operator.py took 0.085 seconds
[2023-11-30T02:34:28.156+0200] {processor.py:157} INFO - Started process (PID=6123) to work on /home/seva/UCU/AutomatedDataPipelines/Homework1/venv/lib/python3.10/site-packages/airflow/example_dags/example_branch_datetime_operator.py
[2023-11-30T02:34:28.168+0200] {processor.py:829} INFO - Processing file /home/seva/UCU/AutomatedDataPipelines/Homework1/venv/lib/python3.10/site-packages/airflow/example_dags/example_branch_datetime_operator.py for tasks to queue
[2023-11-30T02:34:28.169+0200] {logging_mixin.py:154} INFO - [2023-11-30T02:34:28.169+0200] {dagbag.py:536} INFO - Filling up the DagBag from /home/seva/UCU/AutomatedDataPipelines/Homework1/venv/lib/python3.10/site-packages/airflow/example_dags/example_branch_datetime_operator.py
[2023-11-30T02:34:28.179+0200] {processor.py:839} INFO - DAG(s) dict_keys(['example_branch_datetime_operator_3', 'example_branch_datetime_operator_2', 'example_branch_datetime_operator']) retrieved from /home/seva/UCU/AutomatedDataPipelines/Homework1/venv/lib/python3.10/site-packages/airflow/example_dags/example_branch_datetime_operator.py
[2023-11-30T02:34:28.214+0200] {logging_mixin.py:154} INFO - [2023-11-30T02:34:28.213+0200] {dag.py:2941} INFO - Sync 3 DAGs
[2023-11-30T02:34:28.248+0200] {logging_mixin.py:154} INFO - [2023-11-30T02:34:28.247+0200] {dag.py:3722} INFO - Setting next_dagrun for example_branch_datetime_operator to 2023-11-29T00:00:00+00:00, run_after=2023-11-30T00:00:00+00:00
[2023-11-30T02:34:28.256+0200] {logging_mixin.py:154} INFO - [2023-11-30T02:34:28.256+0200] {dag.py:3722} INFO - Setting next_dagrun for example_branch_datetime_operator_2 to 2023-11-29T00:00:00+00:00, run_after=2023-11-30T00:00:00+00:00
[2023-11-30T02:34:28.259+0200] {logging_mixin.py:154} INFO - [2023-11-30T02:34:28.259+0200] {dag.py:3722} INFO - Setting next_dagrun for example_branch_datetime_operator_3 to 2023-11-29T00:00:00+00:00, run_after=2023-11-30T00:00:00+00:00
[2023-11-30T02:34:28.297+0200] {processor.py:179} INFO - Processing /home/seva/UCU/AutomatedDataPipelines/Homework1/venv/lib/python3.10/site-packages/airflow/example_dags/example_branch_datetime_operator.py took 0.146 seconds
[2023-11-30T02:35:02.131+0200] {processor.py:157} INFO - Started process (PID=6257) to work on /home/seva/UCU/AutomatedDataPipelines/Homework1/venv/lib/python3.10/site-packages/airflow/example_dags/example_branch_datetime_operator.py
[2023-11-30T02:35:02.133+0200] {processor.py:829} INFO - Processing file /home/seva/UCU/AutomatedDataPipelines/Homework1/venv/lib/python3.10/site-packages/airflow/example_dags/example_branch_datetime_operator.py for tasks to queue
[2023-11-30T02:35:02.134+0200] {logging_mixin.py:154} INFO - [2023-11-30T02:35:02.134+0200] {dagbag.py:536} INFO - Filling up the DagBag from /home/seva/UCU/AutomatedDataPipelines/Homework1/venv/lib/python3.10/site-packages/airflow/example_dags/example_branch_datetime_operator.py
[2023-11-30T02:35:02.144+0200] {processor.py:839} INFO - DAG(s) dict_keys(['example_branch_datetime_operator_2', 'example_branch_datetime_operator', 'example_branch_datetime_operator_3']) retrieved from /home/seva/UCU/AutomatedDataPipelines/Homework1/venv/lib/python3.10/site-packages/airflow/example_dags/example_branch_datetime_operator.py
[2023-11-30T02:35:02.165+0200] {logging_mixin.py:154} INFO - [2023-11-30T02:35:02.165+0200] {dag.py:2941} INFO - Sync 3 DAGs
[2023-11-30T02:35:02.185+0200] {logging_mixin.py:154} INFO - [2023-11-30T02:35:02.185+0200] {dag.py:3722} INFO - Setting next_dagrun for example_branch_datetime_operator to 2023-11-29T00:00:00+00:00, run_after=2023-11-30T00:00:00+00:00
[2023-11-30T02:35:02.189+0200] {logging_mixin.py:154} INFO - [2023-11-30T02:35:02.188+0200] {dag.py:3722} INFO - Setting next_dagrun for example_branch_datetime_operator_2 to 2023-11-29T00:00:00+00:00, run_after=2023-11-30T00:00:00+00:00
[2023-11-30T02:35:02.191+0200] {logging_mixin.py:154} INFO - [2023-11-30T02:35:02.190+0200] {dag.py:3722} INFO - Setting next_dagrun for example_branch_datetime_operator_3 to 2023-11-29T00:00:00+00:00, run_after=2023-11-30T00:00:00+00:00
[2023-11-30T02:35:02.214+0200] {processor.py:179} INFO - Processing /home/seva/UCU/AutomatedDataPipelines/Homework1/venv/lib/python3.10/site-packages/airflow/example_dags/example_branch_datetime_operator.py took 0.086 seconds
[2023-11-30T02:35:48.054+0200] {processor.py:157} INFO - Started process (PID=6438) to work on /home/seva/UCU/AutomatedDataPipelines/Homework1/venv/lib/python3.10/site-packages/airflow/example_dags/example_branch_datetime_operator.py
[2023-11-30T02:35:48.067+0200] {processor.py:829} INFO - Processing file /home/seva/UCU/AutomatedDataPipelines/Homework1/venv/lib/python3.10/site-packages/airflow/example_dags/example_branch_datetime_operator.py for tasks to queue
[2023-11-30T02:35:48.068+0200] {logging_mixin.py:154} INFO - [2023-11-30T02:35:48.067+0200] {dagbag.py:536} INFO - Filling up the DagBag from /home/seva/UCU/AutomatedDataPipelines/Homework1/venv/lib/python3.10/site-packages/airflow/example_dags/example_branch_datetime_operator.py
[2023-11-30T02:35:48.076+0200] {processor.py:839} INFO - DAG(s) dict_keys(['example_branch_datetime_operator_3', 'example_branch_datetime_operator_2', 'example_branch_datetime_operator']) retrieved from /home/seva/UCU/AutomatedDataPipelines/Homework1/venv/lib/python3.10/site-packages/airflow/example_dags/example_branch_datetime_operator.py
[2023-11-30T02:35:48.095+0200] {logging_mixin.py:154} INFO - [2023-11-30T02:35:48.095+0200] {dag.py:2941} INFO - Sync 3 DAGs
[2023-11-30T02:35:48.111+0200] {logging_mixin.py:154} INFO - [2023-11-30T02:35:48.111+0200] {dag.py:3722} INFO - Setting next_dagrun for example_branch_datetime_operator to 2023-11-29T00:00:00+00:00, run_after=2023-11-30T00:00:00+00:00
[2023-11-30T02:35:48.114+0200] {logging_mixin.py:154} INFO - [2023-11-30T02:35:48.114+0200] {dag.py:3722} INFO - Setting next_dagrun for example_branch_datetime_operator_2 to 2023-11-29T00:00:00+00:00, run_after=2023-11-30T00:00:00+00:00
[2023-11-30T02:35:48.116+0200] {logging_mixin.py:154} INFO - [2023-11-30T02:35:48.116+0200] {dag.py:3722} INFO - Setting next_dagrun for example_branch_datetime_operator_3 to 2023-11-29T00:00:00+00:00, run_after=2023-11-30T00:00:00+00:00
[2023-11-30T02:35:48.138+0200] {processor.py:179} INFO - Processing /home/seva/UCU/AutomatedDataPipelines/Homework1/venv/lib/python3.10/site-packages/airflow/example_dags/example_branch_datetime_operator.py took 0.086 seconds
[2023-11-30T02:36:33.346+0200] {processor.py:157} INFO - Started process (PID=6621) to work on /home/seva/UCU/AutomatedDataPipelines/Homework1/venv/lib/python3.10/site-packages/airflow/example_dags/example_branch_datetime_operator.py
[2023-11-30T02:36:33.358+0200] {processor.py:829} INFO - Processing file /home/seva/UCU/AutomatedDataPipelines/Homework1/venv/lib/python3.10/site-packages/airflow/example_dags/example_branch_datetime_operator.py for tasks to queue
[2023-11-30T02:36:33.359+0200] {logging_mixin.py:154} INFO - [2023-11-30T02:36:33.359+0200] {dagbag.py:536} INFO - Filling up the DagBag from /home/seva/UCU/AutomatedDataPipelines/Homework1/venv/lib/python3.10/site-packages/airflow/example_dags/example_branch_datetime_operator.py
[2023-11-30T02:36:33.367+0200] {processor.py:839} INFO - DAG(s) dict_keys(['example_branch_datetime_operator_2', 'example_branch_datetime_operator_3', 'example_branch_datetime_operator']) retrieved from /home/seva/UCU/AutomatedDataPipelines/Homework1/venv/lib/python3.10/site-packages/airflow/example_dags/example_branch_datetime_operator.py
[2023-11-30T02:36:33.386+0200] {logging_mixin.py:154} INFO - [2023-11-30T02:36:33.386+0200] {dag.py:2941} INFO - Sync 3 DAGs
[2023-11-30T02:36:33.402+0200] {logging_mixin.py:154} INFO - [2023-11-30T02:36:33.402+0200] {dag.py:3722} INFO - Setting next_dagrun for example_branch_datetime_operator to 2023-11-29T00:00:00+00:00, run_after=2023-11-30T00:00:00+00:00
[2023-11-30T02:36:33.405+0200] {logging_mixin.py:154} INFO - [2023-11-30T02:36:33.405+0200] {dag.py:3722} INFO - Setting next_dagrun for example_branch_datetime_operator_2 to 2023-11-29T00:00:00+00:00, run_after=2023-11-30T00:00:00+00:00
[2023-11-30T02:36:33.407+0200] {logging_mixin.py:154} INFO - [2023-11-30T02:36:33.407+0200] {dag.py:3722} INFO - Setting next_dagrun for example_branch_datetime_operator_3 to 2023-11-29T00:00:00+00:00, run_after=2023-11-30T00:00:00+00:00
[2023-11-30T02:36:33.431+0200] {processor.py:179} INFO - Processing /home/seva/UCU/AutomatedDataPipelines/Homework1/venv/lib/python3.10/site-packages/airflow/example_dags/example_branch_datetime_operator.py took 0.087 seconds
[2023-11-30T02:37:21.849+0200] {processor.py:157} INFO - Started process (PID=6815) to work on /home/seva/UCU/AutomatedDataPipelines/Homework1/venv/lib/python3.10/site-packages/airflow/example_dags/example_branch_datetime_operator.py
[2023-11-30T02:37:21.861+0200] {processor.py:829} INFO - Processing file /home/seva/UCU/AutomatedDataPipelines/Homework1/venv/lib/python3.10/site-packages/airflow/example_dags/example_branch_datetime_operator.py for tasks to queue
[2023-11-30T02:37:21.863+0200] {logging_mixin.py:154} INFO - [2023-11-30T02:37:21.862+0200] {dagbag.py:536} INFO - Filling up the DagBag from /home/seva/UCU/AutomatedDataPipelines/Homework1/venv/lib/python3.10/site-packages/airflow/example_dags/example_branch_datetime_operator.py
[2023-11-30T02:37:21.872+0200] {processor.py:839} INFO - DAG(s) dict_keys(['example_branch_datetime_operator_2', 'example_branch_datetime_operator_3', 'example_branch_datetime_operator']) retrieved from /home/seva/UCU/AutomatedDataPipelines/Homework1/venv/lib/python3.10/site-packages/airflow/example_dags/example_branch_datetime_operator.py
[2023-11-30T02:37:21.892+0200] {logging_mixin.py:154} INFO - [2023-11-30T02:37:21.891+0200] {dag.py:2941} INFO - Sync 3 DAGs
[2023-11-30T02:37:21.910+0200] {logging_mixin.py:154} INFO - [2023-11-30T02:37:21.910+0200] {dag.py:3722} INFO - Setting next_dagrun for example_branch_datetime_operator to 2023-11-29T00:00:00+00:00, run_after=2023-11-30T00:00:00+00:00
[2023-11-30T02:37:21.914+0200] {logging_mixin.py:154} INFO - [2023-11-30T02:37:21.914+0200] {dag.py:3722} INFO - Setting next_dagrun for example_branch_datetime_operator_2 to 2023-11-29T00:00:00+00:00, run_after=2023-11-30T00:00:00+00:00
[2023-11-30T02:37:21.915+0200] {logging_mixin.py:154} INFO - [2023-11-30T02:37:21.915+0200] {dag.py:3722} INFO - Setting next_dagrun for example_branch_datetime_operator_3 to 2023-11-29T00:00:00+00:00, run_after=2023-11-30T00:00:00+00:00
[2023-11-30T02:37:21.936+0200] {processor.py:179} INFO - Processing /home/seva/UCU/AutomatedDataPipelines/Homework1/venv/lib/python3.10/site-packages/airflow/example_dags/example_branch_datetime_operator.py took 0.091 seconds
[2023-11-30T02:37:54.523+0200] {processor.py:157} INFO - Started process (PID=6940) to work on /home/seva/UCU/AutomatedDataPipelines/Homework1/venv/lib/python3.10/site-packages/airflow/example_dags/example_branch_datetime_operator.py
[2023-11-30T02:37:54.538+0200] {processor.py:829} INFO - Processing file /home/seva/UCU/AutomatedDataPipelines/Homework1/venv/lib/python3.10/site-packages/airflow/example_dags/example_branch_datetime_operator.py for tasks to queue
[2023-11-30T02:37:54.540+0200] {logging_mixin.py:154} INFO - [2023-11-30T02:37:54.539+0200] {dagbag.py:536} INFO - Filling up the DagBag from /home/seva/UCU/AutomatedDataPipelines/Homework1/venv/lib/python3.10/site-packages/airflow/example_dags/example_branch_datetime_operator.py
[2023-11-30T02:37:54.552+0200] {processor.py:839} INFO - DAG(s) dict_keys(['example_branch_datetime_operator', 'example_branch_datetime_operator_2', 'example_branch_datetime_operator_3']) retrieved from /home/seva/UCU/AutomatedDataPipelines/Homework1/venv/lib/python3.10/site-packages/airflow/example_dags/example_branch_datetime_operator.py
[2023-11-30T02:37:54.590+0200] {logging_mixin.py:154} INFO - [2023-11-30T02:37:54.590+0200] {dag.py:2941} INFO - Sync 3 DAGs
[2023-11-30T02:37:54.623+0200] {logging_mixin.py:154} INFO - [2023-11-30T02:37:54.622+0200] {dag.py:3722} INFO - Setting next_dagrun for example_branch_datetime_operator to 2023-11-29T00:00:00+00:00, run_after=2023-11-30T00:00:00+00:00
[2023-11-30T02:37:54.627+0200] {logging_mixin.py:154} INFO - [2023-11-30T02:37:54.627+0200] {dag.py:3722} INFO - Setting next_dagrun for example_branch_datetime_operator_2 to 2023-11-29T00:00:00+00:00, run_after=2023-11-30T00:00:00+00:00
[2023-11-30T02:37:54.629+0200] {logging_mixin.py:154} INFO - [2023-11-30T02:37:54.629+0200] {dag.py:3722} INFO - Setting next_dagrun for example_branch_datetime_operator_3 to 2023-11-29T00:00:00+00:00, run_after=2023-11-30T00:00:00+00:00
[2023-11-30T02:37:54.651+0200] {processor.py:179} INFO - Processing /home/seva/UCU/AutomatedDataPipelines/Homework1/venv/lib/python3.10/site-packages/airflow/example_dags/example_branch_datetime_operator.py took 0.133 seconds
[2023-11-30T02:38:30.165+0200] {processor.py:157} INFO - Started process (PID=7203) to work on /home/seva/UCU/AutomatedDataPipelines/Homework1/venv/lib/python3.10/site-packages/airflow/example_dags/example_branch_datetime_operator.py
[2023-11-30T02:38:30.177+0200] {processor.py:829} INFO - Processing file /home/seva/UCU/AutomatedDataPipelines/Homework1/venv/lib/python3.10/site-packages/airflow/example_dags/example_branch_datetime_operator.py for tasks to queue
[2023-11-30T02:38:30.178+0200] {logging_mixin.py:154} INFO - [2023-11-30T02:38:30.178+0200] {dagbag.py:536} INFO - Filling up the DagBag from /home/seva/UCU/AutomatedDataPipelines/Homework1/venv/lib/python3.10/site-packages/airflow/example_dags/example_branch_datetime_operator.py
[2023-11-30T02:38:30.187+0200] {processor.py:839} INFO - DAG(s) dict_keys(['example_branch_datetime_operator', 'example_branch_datetime_operator_2', 'example_branch_datetime_operator_3']) retrieved from /home/seva/UCU/AutomatedDataPipelines/Homework1/venv/lib/python3.10/site-packages/airflow/example_dags/example_branch_datetime_operator.py
[2023-11-30T02:38:30.206+0200] {logging_mixin.py:154} INFO - [2023-11-30T02:38:30.206+0200] {dag.py:2941} INFO - Sync 3 DAGs
[2023-11-30T02:38:30.224+0200] {logging_mixin.py:154} INFO - [2023-11-30T02:38:30.224+0200] {dag.py:3722} INFO - Setting next_dagrun for example_branch_datetime_operator to 2023-11-29T00:00:00+00:00, run_after=2023-11-30T00:00:00+00:00
[2023-11-30T02:38:30.228+0200] {logging_mixin.py:154} INFO - [2023-11-30T02:38:30.228+0200] {dag.py:3722} INFO - Setting next_dagrun for example_branch_datetime_operator_2 to 2023-11-29T00:00:00+00:00, run_after=2023-11-30T00:00:00+00:00
[2023-11-30T02:38:30.230+0200] {logging_mixin.py:154} INFO - [2023-11-30T02:38:30.230+0200] {dag.py:3722} INFO - Setting next_dagrun for example_branch_datetime_operator_3 to 2023-11-29T00:00:00+00:00, run_after=2023-11-30T00:00:00+00:00
[2023-11-30T02:38:30.251+0200] {processor.py:179} INFO - Processing /home/seva/UCU/AutomatedDataPipelines/Homework1/venv/lib/python3.10/site-packages/airflow/example_dags/example_branch_datetime_operator.py took 0.090 seconds
[2023-11-30T02:39:06.871+0200] {processor.py:157} INFO - Started process (PID=7459) to work on /home/seva/UCU/AutomatedDataPipelines/Homework1/venv/lib/python3.10/site-packages/airflow/example_dags/example_branch_datetime_operator.py
[2023-11-30T02:39:06.884+0200] {processor.py:829} INFO - Processing file /home/seva/UCU/AutomatedDataPipelines/Homework1/venv/lib/python3.10/site-packages/airflow/example_dags/example_branch_datetime_operator.py for tasks to queue
[2023-11-30T02:39:06.885+0200] {logging_mixin.py:154} INFO - [2023-11-30T02:39:06.885+0200] {dagbag.py:536} INFO - Filling up the DagBag from /home/seva/UCU/AutomatedDataPipelines/Homework1/venv/lib/python3.10/site-packages/airflow/example_dags/example_branch_datetime_operator.py
[2023-11-30T02:39:06.898+0200] {processor.py:839} INFO - DAG(s) dict_keys(['example_branch_datetime_operator_3', 'example_branch_datetime_operator_2', 'example_branch_datetime_operator']) retrieved from /home/seva/UCU/AutomatedDataPipelines/Homework1/venv/lib/python3.10/site-packages/airflow/example_dags/example_branch_datetime_operator.py
[2023-11-30T02:39:06.922+0200] {logging_mixin.py:154} INFO - [2023-11-30T02:39:06.922+0200] {dag.py:2941} INFO - Sync 3 DAGs
[2023-11-30T02:39:06.948+0200] {logging_mixin.py:154} INFO - [2023-11-30T02:39:06.948+0200] {dag.py:3722} INFO - Setting next_dagrun for example_branch_datetime_operator to 2023-11-29T00:00:00+00:00, run_after=2023-11-30T00:00:00+00:00
[2023-11-30T02:39:06.952+0200] {logging_mixin.py:154} INFO - [2023-11-30T02:39:06.952+0200] {dag.py:3722} INFO - Setting next_dagrun for example_branch_datetime_operator_2 to 2023-11-29T00:00:00+00:00, run_after=2023-11-30T00:00:00+00:00
[2023-11-30T02:39:06.954+0200] {logging_mixin.py:154} INFO - [2023-11-30T02:39:06.954+0200] {dag.py:3722} INFO - Setting next_dagrun for example_branch_datetime_operator_3 to 2023-11-29T00:00:00+00:00, run_after=2023-11-30T00:00:00+00:00
[2023-11-30T02:39:06.981+0200] {processor.py:179} INFO - Processing /home/seva/UCU/AutomatedDataPipelines/Homework1/venv/lib/python3.10/site-packages/airflow/example_dags/example_branch_datetime_operator.py took 0.114 seconds
