[2023-11-30T02:13:43.256+0200] {processor.py:157} INFO - Started process (PID=1224) to work on /home/seva/UCU/AutomatedDataPipelines/Homework1/venv/lib/python3.10/site-packages/airflow/example_dags/example_time_delta_sensor_async.py
[2023-11-30T02:13:43.257+0200] {processor.py:829} INFO - Processing file /home/seva/UCU/AutomatedDataPipelines/Homework1/venv/lib/python3.10/site-packages/airflow/example_dags/example_time_delta_sensor_async.py for tasks to queue
[2023-11-30T02:13:43.258+0200] {logging_mixin.py:154} INFO - [2023-11-30T02:13:43.258+0200] {dagbag.py:536} INFO - Filling up the DagBag from /home/seva/UCU/AutomatedDataPipelines/Homework1/venv/lib/python3.10/site-packages/airflow/example_dags/example_time_delta_sensor_async.py
[2023-11-30T02:13:43.263+0200] {processor.py:839} INFO - DAG(s) dict_keys(['example_time_delta_sensor_async']) retrieved from /home/seva/UCU/AutomatedDataPipelines/Homework1/venv/lib/python3.10/site-packages/airflow/example_dags/example_time_delta_sensor_async.py
[2023-11-30T02:13:43.369+0200] {logging_mixin.py:154} INFO - [2023-11-30T02:13:43.368+0200] {manager.py:499} INFO - Created Permission View: %s
[2023-11-30T02:13:43.387+0200] {logging_mixin.py:154} INFO - [2023-11-30T02:13:43.387+0200] {manager.py:499} INFO - Created Permission View: %s
[2023-11-30T02:13:43.402+0200] {logging_mixin.py:154} INFO - [2023-11-30T02:13:43.402+0200] {manager.py:499} INFO - Created Permission View: %s
[2023-11-30T02:13:43.403+0200] {logging_mixin.py:154} INFO - [2023-11-30T02:13:43.403+0200] {dag.py:2941} INFO - Sync 1 DAGs
[2023-11-30T02:13:43.415+0200] {logging_mixin.py:154} INFO - [2023-11-30T02:13:43.415+0200] {dag.py:2963} INFO - Creating ORM DAG for example_time_delta_sensor_async
[2023-11-30T02:13:43.416+0200] {logging_mixin.py:154} INFO - [2023-11-30T02:13:43.416+0200] {dag.py:3722} INFO - Setting next_dagrun for example_time_delta_sensor_async to None, run_after=None
[2023-11-30T02:13:43.445+0200] {processor.py:179} INFO - Processing /home/seva/UCU/AutomatedDataPipelines/Homework1/venv/lib/python3.10/site-packages/airflow/example_dags/example_time_delta_sensor_async.py took 0.192 seconds
[2023-11-30T02:14:30.357+0200] {processor.py:157} INFO - Started process (PID=1368) to work on /home/seva/UCU/AutomatedDataPipelines/Homework1/venv/lib/python3.10/site-packages/airflow/example_dags/example_time_delta_sensor_async.py
[2023-11-30T02:14:30.359+0200] {processor.py:829} INFO - Processing file /home/seva/UCU/AutomatedDataPipelines/Homework1/venv/lib/python3.10/site-packages/airflow/example_dags/example_time_delta_sensor_async.py for tasks to queue
[2023-11-30T02:14:30.360+0200] {logging_mixin.py:154} INFO - [2023-11-30T02:14:30.360+0200] {dagbag.py:536} INFO - Filling up the DagBag from /home/seva/UCU/AutomatedDataPipelines/Homework1/venv/lib/python3.10/site-packages/airflow/example_dags/example_time_delta_sensor_async.py
[2023-11-30T02:14:30.364+0200] {processor.py:839} INFO - DAG(s) dict_keys(['example_time_delta_sensor_async']) retrieved from /home/seva/UCU/AutomatedDataPipelines/Homework1/venv/lib/python3.10/site-packages/airflow/example_dags/example_time_delta_sensor_async.py
[2023-11-30T02:14:30.380+0200] {logging_mixin.py:154} INFO - [2023-11-30T02:14:30.380+0200] {dag.py:2941} INFO - Sync 1 DAGs
[2023-11-30T02:14:30.389+0200] {logging_mixin.py:154} INFO - [2023-11-30T02:14:30.389+0200] {dag.py:3722} INFO - Setting next_dagrun for example_time_delta_sensor_async to None, run_after=None
[2023-11-30T02:14:30.415+0200] {processor.py:179} INFO - Processing /home/seva/UCU/AutomatedDataPipelines/Homework1/venv/lib/python3.10/site-packages/airflow/example_dags/example_time_delta_sensor_async.py took 0.060 seconds
[2023-11-30T02:15:17.329+0200] {processor.py:157} INFO - Started process (PID=1536) to work on /home/seva/UCU/AutomatedDataPipelines/Homework1/venv/lib/python3.10/site-packages/airflow/example_dags/example_time_delta_sensor_async.py
[2023-11-30T02:15:17.331+0200] {processor.py:829} INFO - Processing file /home/seva/UCU/AutomatedDataPipelines/Homework1/venv/lib/python3.10/site-packages/airflow/example_dags/example_time_delta_sensor_async.py for tasks to queue
[2023-11-30T02:15:17.332+0200] {logging_mixin.py:154} INFO - [2023-11-30T02:15:17.331+0200] {dagbag.py:536} INFO - Filling up the DagBag from /home/seva/UCU/AutomatedDataPipelines/Homework1/venv/lib/python3.10/site-packages/airflow/example_dags/example_time_delta_sensor_async.py
[2023-11-30T02:15:17.336+0200] {processor.py:839} INFO - DAG(s) dict_keys(['example_time_delta_sensor_async']) retrieved from /home/seva/UCU/AutomatedDataPipelines/Homework1/venv/lib/python3.10/site-packages/airflow/example_dags/example_time_delta_sensor_async.py
[2023-11-30T02:15:17.350+0200] {logging_mixin.py:154} INFO - [2023-11-30T02:15:17.349+0200] {dag.py:2941} INFO - Sync 1 DAGs
[2023-11-30T02:15:17.360+0200] {logging_mixin.py:154} INFO - [2023-11-30T02:15:17.360+0200] {dag.py:3722} INFO - Setting next_dagrun for example_time_delta_sensor_async to None, run_after=None
[2023-11-30T02:15:17.385+0200] {processor.py:179} INFO - Processing /home/seva/UCU/AutomatedDataPipelines/Homework1/venv/lib/python3.10/site-packages/airflow/example_dags/example_time_delta_sensor_async.py took 0.059 seconds
[2023-11-30T02:16:00.832+0200] {processor.py:157} INFO - Started process (PID=1711) to work on /home/seva/UCU/AutomatedDataPipelines/Homework1/venv/lib/python3.10/site-packages/airflow/example_dags/example_time_delta_sensor_async.py
[2023-11-30T02:16:00.844+0200] {processor.py:829} INFO - Processing file /home/seva/UCU/AutomatedDataPipelines/Homework1/venv/lib/python3.10/site-packages/airflow/example_dags/example_time_delta_sensor_async.py for tasks to queue
[2023-11-30T02:16:00.845+0200] {logging_mixin.py:154} INFO - [2023-11-30T02:16:00.845+0200] {dagbag.py:536} INFO - Filling up the DagBag from /home/seva/UCU/AutomatedDataPipelines/Homework1/venv/lib/python3.10/site-packages/airflow/example_dags/example_time_delta_sensor_async.py
[2023-11-30T02:16:00.850+0200] {processor.py:839} INFO - DAG(s) dict_keys(['example_time_delta_sensor_async']) retrieved from /home/seva/UCU/AutomatedDataPipelines/Homework1/venv/lib/python3.10/site-packages/airflow/example_dags/example_time_delta_sensor_async.py
[2023-11-30T02:16:00.865+0200] {logging_mixin.py:154} INFO - [2023-11-30T02:16:00.865+0200] {dag.py:2941} INFO - Sync 1 DAGs
[2023-11-30T02:16:00.875+0200] {logging_mixin.py:154} INFO - [2023-11-30T02:16:00.875+0200] {dag.py:3722} INFO - Setting next_dagrun for example_time_delta_sensor_async to None, run_after=None
[2023-11-30T02:16:00.900+0200] {processor.py:179} INFO - Processing /home/seva/UCU/AutomatedDataPipelines/Homework1/venv/lib/python3.10/site-packages/airflow/example_dags/example_time_delta_sensor_async.py took 0.072 seconds
[2023-11-30T02:16:48.578+0200] {processor.py:157} INFO - Started process (PID=1903) to work on /home/seva/UCU/AutomatedDataPipelines/Homework1/venv/lib/python3.10/site-packages/airflow/example_dags/example_time_delta_sensor_async.py
[2023-11-30T02:16:48.590+0200] {processor.py:829} INFO - Processing file /home/seva/UCU/AutomatedDataPipelines/Homework1/venv/lib/python3.10/site-packages/airflow/example_dags/example_time_delta_sensor_async.py for tasks to queue
[2023-11-30T02:16:48.591+0200] {logging_mixin.py:154} INFO - [2023-11-30T02:16:48.590+0200] {dagbag.py:536} INFO - Filling up the DagBag from /home/seva/UCU/AutomatedDataPipelines/Homework1/venv/lib/python3.10/site-packages/airflow/example_dags/example_time_delta_sensor_async.py
[2023-11-30T02:16:48.595+0200] {processor.py:839} INFO - DAG(s) dict_keys(['example_time_delta_sensor_async']) retrieved from /home/seva/UCU/AutomatedDataPipelines/Homework1/venv/lib/python3.10/site-packages/airflow/example_dags/example_time_delta_sensor_async.py
[2023-11-30T02:16:48.609+0200] {logging_mixin.py:154} INFO - [2023-11-30T02:16:48.609+0200] {dag.py:2941} INFO - Sync 1 DAGs
[2023-11-30T02:16:48.618+0200] {logging_mixin.py:154} INFO - [2023-11-30T02:16:48.618+0200] {dag.py:3722} INFO - Setting next_dagrun for example_time_delta_sensor_async to None, run_after=None
[2023-11-30T02:16:48.643+0200] {processor.py:179} INFO - Processing /home/seva/UCU/AutomatedDataPipelines/Homework1/venv/lib/python3.10/site-packages/airflow/example_dags/example_time_delta_sensor_async.py took 0.067 seconds
[2023-11-30T02:17:34.777+0200] {processor.py:157} INFO - Started process (PID=2091) to work on /home/seva/UCU/AutomatedDataPipelines/Homework1/venv/lib/python3.10/site-packages/airflow/example_dags/example_time_delta_sensor_async.py
[2023-11-30T02:17:34.779+0200] {processor.py:829} INFO - Processing file /home/seva/UCU/AutomatedDataPipelines/Homework1/venv/lib/python3.10/site-packages/airflow/example_dags/example_time_delta_sensor_async.py for tasks to queue
[2023-11-30T02:17:34.780+0200] {logging_mixin.py:154} INFO - [2023-11-30T02:17:34.780+0200] {dagbag.py:536} INFO - Filling up the DagBag from /home/seva/UCU/AutomatedDataPipelines/Homework1/venv/lib/python3.10/site-packages/airflow/example_dags/example_time_delta_sensor_async.py
[2023-11-30T02:17:34.784+0200] {processor.py:839} INFO - DAG(s) dict_keys(['example_time_delta_sensor_async']) retrieved from /home/seva/UCU/AutomatedDataPipelines/Homework1/venv/lib/python3.10/site-packages/airflow/example_dags/example_time_delta_sensor_async.py
[2023-11-30T02:17:34.798+0200] {logging_mixin.py:154} INFO - [2023-11-30T02:17:34.798+0200] {dag.py:2941} INFO - Sync 1 DAGs
[2023-11-30T02:17:34.808+0200] {logging_mixin.py:154} INFO - [2023-11-30T02:17:34.808+0200] {dag.py:3722} INFO - Setting next_dagrun for example_time_delta_sensor_async to None, run_after=None
[2023-11-30T02:17:34.832+0200] {processor.py:179} INFO - Processing /home/seva/UCU/AutomatedDataPipelines/Homework1/venv/lib/python3.10/site-packages/airflow/example_dags/example_time_delta_sensor_async.py took 0.057 seconds
[2023-11-30T02:18:18.751+0200] {processor.py:157} INFO - Started process (PID=2264) to work on /home/seva/UCU/AutomatedDataPipelines/Homework1/venv/lib/python3.10/site-packages/airflow/example_dags/example_time_delta_sensor_async.py
[2023-11-30T02:18:18.753+0200] {processor.py:829} INFO - Processing file /home/seva/UCU/AutomatedDataPipelines/Homework1/venv/lib/python3.10/site-packages/airflow/example_dags/example_time_delta_sensor_async.py for tasks to queue
[2023-11-30T02:18:18.754+0200] {logging_mixin.py:154} INFO - [2023-11-30T02:18:18.754+0200] {dagbag.py:536} INFO - Filling up the DagBag from /home/seva/UCU/AutomatedDataPipelines/Homework1/venv/lib/python3.10/site-packages/airflow/example_dags/example_time_delta_sensor_async.py
[2023-11-30T02:18:18.759+0200] {processor.py:839} INFO - DAG(s) dict_keys(['example_time_delta_sensor_async']) retrieved from /home/seva/UCU/AutomatedDataPipelines/Homework1/venv/lib/python3.10/site-packages/airflow/example_dags/example_time_delta_sensor_async.py
[2023-11-30T02:18:18.777+0200] {logging_mixin.py:154} INFO - [2023-11-30T02:18:18.777+0200] {dag.py:2941} INFO - Sync 1 DAGs
[2023-11-30T02:18:18.788+0200] {logging_mixin.py:154} INFO - [2023-11-30T02:18:18.788+0200] {dag.py:3722} INFO - Setting next_dagrun for example_time_delta_sensor_async to None, run_after=None
[2023-11-30T02:18:18.812+0200] {processor.py:179} INFO - Processing /home/seva/UCU/AutomatedDataPipelines/Homework1/venv/lib/python3.10/site-packages/airflow/example_dags/example_time_delta_sensor_async.py took 0.065 seconds
[2023-11-30T02:19:01.098+0200] {processor.py:157} INFO - Started process (PID=2435) to work on /home/seva/UCU/AutomatedDataPipelines/Homework1/venv/lib/python3.10/site-packages/airflow/example_dags/example_time_delta_sensor_async.py
[2023-11-30T02:19:01.110+0200] {processor.py:829} INFO - Processing file /home/seva/UCU/AutomatedDataPipelines/Homework1/venv/lib/python3.10/site-packages/airflow/example_dags/example_time_delta_sensor_async.py for tasks to queue
[2023-11-30T02:19:01.111+0200] {logging_mixin.py:154} INFO - [2023-11-30T02:19:01.111+0200] {dagbag.py:536} INFO - Filling up the DagBag from /home/seva/UCU/AutomatedDataPipelines/Homework1/venv/lib/python3.10/site-packages/airflow/example_dags/example_time_delta_sensor_async.py
[2023-11-30T02:19:01.116+0200] {processor.py:839} INFO - DAG(s) dict_keys(['example_time_delta_sensor_async']) retrieved from /home/seva/UCU/AutomatedDataPipelines/Homework1/venv/lib/python3.10/site-packages/airflow/example_dags/example_time_delta_sensor_async.py
[2023-11-30T02:19:01.131+0200] {logging_mixin.py:154} INFO - [2023-11-30T02:19:01.130+0200] {dag.py:2941} INFO - Sync 1 DAGs
[2023-11-30T02:19:01.140+0200] {logging_mixin.py:154} INFO - [2023-11-30T02:19:01.140+0200] {dag.py:3722} INFO - Setting next_dagrun for example_time_delta_sensor_async to None, run_after=None
[2023-11-30T02:19:01.165+0200] {processor.py:179} INFO - Processing /home/seva/UCU/AutomatedDataPipelines/Homework1/venv/lib/python3.10/site-packages/airflow/example_dags/example_time_delta_sensor_async.py took 0.070 seconds
[2023-11-30T02:19:45.095+0200] {processor.py:157} INFO - Started process (PID=2609) to work on /home/seva/UCU/AutomatedDataPipelines/Homework1/venv/lib/python3.10/site-packages/airflow/example_dags/example_time_delta_sensor_async.py
[2023-11-30T02:19:45.098+0200] {processor.py:829} INFO - Processing file /home/seva/UCU/AutomatedDataPipelines/Homework1/venv/lib/python3.10/site-packages/airflow/example_dags/example_time_delta_sensor_async.py for tasks to queue
[2023-11-30T02:19:45.099+0200] {logging_mixin.py:154} INFO - [2023-11-30T02:19:45.098+0200] {dagbag.py:536} INFO - Filling up the DagBag from /home/seva/UCU/AutomatedDataPipelines/Homework1/venv/lib/python3.10/site-packages/airflow/example_dags/example_time_delta_sensor_async.py
[2023-11-30T02:19:45.103+0200] {processor.py:839} INFO - DAG(s) dict_keys(['example_time_delta_sensor_async']) retrieved from /home/seva/UCU/AutomatedDataPipelines/Homework1/venv/lib/python3.10/site-packages/airflow/example_dags/example_time_delta_sensor_async.py
[2023-11-30T02:19:45.117+0200] {logging_mixin.py:154} INFO - [2023-11-30T02:19:45.117+0200] {dag.py:2941} INFO - Sync 1 DAGs
[2023-11-30T02:19:45.126+0200] {logging_mixin.py:154} INFO - [2023-11-30T02:19:45.126+0200] {dag.py:3722} INFO - Setting next_dagrun for example_time_delta_sensor_async to None, run_after=None
[2023-11-30T02:19:45.152+0200] {processor.py:179} INFO - Processing /home/seva/UCU/AutomatedDataPipelines/Homework1/venv/lib/python3.10/site-packages/airflow/example_dags/example_time_delta_sensor_async.py took 0.059 seconds
[2023-11-30T02:20:28.347+0200] {processor.py:157} INFO - Started process (PID=2779) to work on /home/seva/UCU/AutomatedDataPipelines/Homework1/venv/lib/python3.10/site-packages/airflow/example_dags/example_time_delta_sensor_async.py
[2023-11-30T02:20:28.358+0200] {processor.py:829} INFO - Processing file /home/seva/UCU/AutomatedDataPipelines/Homework1/venv/lib/python3.10/site-packages/airflow/example_dags/example_time_delta_sensor_async.py for tasks to queue
[2023-11-30T02:20:28.359+0200] {logging_mixin.py:154} INFO - [2023-11-30T02:20:28.359+0200] {dagbag.py:536} INFO - Filling up the DagBag from /home/seva/UCU/AutomatedDataPipelines/Homework1/venv/lib/python3.10/site-packages/airflow/example_dags/example_time_delta_sensor_async.py
[2023-11-30T02:20:28.364+0200] {processor.py:839} INFO - DAG(s) dict_keys(['example_time_delta_sensor_async']) retrieved from /home/seva/UCU/AutomatedDataPipelines/Homework1/venv/lib/python3.10/site-packages/airflow/example_dags/example_time_delta_sensor_async.py
[2023-11-30T02:20:28.377+0200] {logging_mixin.py:154} INFO - [2023-11-30T02:20:28.377+0200] {dag.py:2941} INFO - Sync 1 DAGs
[2023-11-30T02:20:28.386+0200] {logging_mixin.py:154} INFO - [2023-11-30T02:20:28.386+0200] {dag.py:3722} INFO - Setting next_dagrun for example_time_delta_sensor_async to None, run_after=None
[2023-11-30T02:20:28.410+0200] {processor.py:179} INFO - Processing /home/seva/UCU/AutomatedDataPipelines/Homework1/venv/lib/python3.10/site-packages/airflow/example_dags/example_time_delta_sensor_async.py took 0.065 seconds
[2023-11-30T02:21:15.204+0200] {processor.py:157} INFO - Started process (PID=2962) to work on /home/seva/UCU/AutomatedDataPipelines/Homework1/venv/lib/python3.10/site-packages/airflow/example_dags/example_time_delta_sensor_async.py
[2023-11-30T02:21:15.216+0200] {processor.py:829} INFO - Processing file /home/seva/UCU/AutomatedDataPipelines/Homework1/venv/lib/python3.10/site-packages/airflow/example_dags/example_time_delta_sensor_async.py for tasks to queue
[2023-11-30T02:21:15.217+0200] {logging_mixin.py:154} INFO - [2023-11-30T02:21:15.217+0200] {dagbag.py:536} INFO - Filling up the DagBag from /home/seva/UCU/AutomatedDataPipelines/Homework1/venv/lib/python3.10/site-packages/airflow/example_dags/example_time_delta_sensor_async.py
[2023-11-30T02:21:15.222+0200] {processor.py:839} INFO - DAG(s) dict_keys(['example_time_delta_sensor_async']) retrieved from /home/seva/UCU/AutomatedDataPipelines/Homework1/venv/lib/python3.10/site-packages/airflow/example_dags/example_time_delta_sensor_async.py
[2023-11-30T02:21:15.241+0200] {logging_mixin.py:154} INFO - [2023-11-30T02:21:15.240+0200] {dag.py:2941} INFO - Sync 1 DAGs
[2023-11-30T02:21:15.254+0200] {logging_mixin.py:154} INFO - [2023-11-30T02:21:15.253+0200] {dag.py:3722} INFO - Setting next_dagrun for example_time_delta_sensor_async to None, run_after=None
[2023-11-30T02:21:15.276+0200] {processor.py:179} INFO - Processing /home/seva/UCU/AutomatedDataPipelines/Homework1/venv/lib/python3.10/site-packages/airflow/example_dags/example_time_delta_sensor_async.py took 0.076 seconds
[2023-11-30T02:21:57.657+0200] {processor.py:157} INFO - Started process (PID=3132) to work on /home/seva/UCU/AutomatedDataPipelines/Homework1/venv/lib/python3.10/site-packages/airflow/example_dags/example_time_delta_sensor_async.py
[2023-11-30T02:21:57.669+0200] {processor.py:829} INFO - Processing file /home/seva/UCU/AutomatedDataPipelines/Homework1/venv/lib/python3.10/site-packages/airflow/example_dags/example_time_delta_sensor_async.py for tasks to queue
[2023-11-30T02:21:57.669+0200] {logging_mixin.py:154} INFO - [2023-11-30T02:21:57.669+0200] {dagbag.py:536} INFO - Filling up the DagBag from /home/seva/UCU/AutomatedDataPipelines/Homework1/venv/lib/python3.10/site-packages/airflow/example_dags/example_time_delta_sensor_async.py
[2023-11-30T02:21:57.674+0200] {processor.py:839} INFO - DAG(s) dict_keys(['example_time_delta_sensor_async']) retrieved from /home/seva/UCU/AutomatedDataPipelines/Homework1/venv/lib/python3.10/site-packages/airflow/example_dags/example_time_delta_sensor_async.py
[2023-11-30T02:21:57.687+0200] {logging_mixin.py:154} INFO - [2023-11-30T02:21:57.687+0200] {dag.py:2941} INFO - Sync 1 DAGs
[2023-11-30T02:21:57.696+0200] {logging_mixin.py:154} INFO - [2023-11-30T02:21:57.696+0200] {dag.py:3722} INFO - Setting next_dagrun for example_time_delta_sensor_async to None, run_after=None
[2023-11-30T02:21:57.720+0200] {processor.py:179} INFO - Processing /home/seva/UCU/AutomatedDataPipelines/Homework1/venv/lib/python3.10/site-packages/airflow/example_dags/example_time_delta_sensor_async.py took 0.066 seconds
[2023-11-30T02:22:41.245+0200] {processor.py:157} INFO - Started process (PID=3304) to work on /home/seva/UCU/AutomatedDataPipelines/Homework1/venv/lib/python3.10/site-packages/airflow/example_dags/example_time_delta_sensor_async.py
[2023-11-30T02:22:41.257+0200] {processor.py:829} INFO - Processing file /home/seva/UCU/AutomatedDataPipelines/Homework1/venv/lib/python3.10/site-packages/airflow/example_dags/example_time_delta_sensor_async.py for tasks to queue
[2023-11-30T02:22:41.258+0200] {logging_mixin.py:154} INFO - [2023-11-30T02:22:41.257+0200] {dagbag.py:536} INFO - Filling up the DagBag from /home/seva/UCU/AutomatedDataPipelines/Homework1/venv/lib/python3.10/site-packages/airflow/example_dags/example_time_delta_sensor_async.py
[2023-11-30T02:22:41.263+0200] {processor.py:839} INFO - DAG(s) dict_keys(['example_time_delta_sensor_async']) retrieved from /home/seva/UCU/AutomatedDataPipelines/Homework1/venv/lib/python3.10/site-packages/airflow/example_dags/example_time_delta_sensor_async.py
[2023-11-30T02:22:41.277+0200] {logging_mixin.py:154} INFO - [2023-11-30T02:22:41.277+0200] {dag.py:2941} INFO - Sync 1 DAGs
[2023-11-30T02:22:41.287+0200] {logging_mixin.py:154} INFO - [2023-11-30T02:22:41.287+0200] {dag.py:3722} INFO - Setting next_dagrun for example_time_delta_sensor_async to None, run_after=None
[2023-11-30T02:22:41.316+0200] {processor.py:179} INFO - Processing /home/seva/UCU/AutomatedDataPipelines/Homework1/venv/lib/python3.10/site-packages/airflow/example_dags/example_time_delta_sensor_async.py took 0.074 seconds
[2023-11-30T02:23:26.467+0200] {processor.py:157} INFO - Started process (PID=3483) to work on /home/seva/UCU/AutomatedDataPipelines/Homework1/venv/lib/python3.10/site-packages/airflow/example_dags/example_time_delta_sensor_async.py
[2023-11-30T02:23:26.479+0200] {processor.py:829} INFO - Processing file /home/seva/UCU/AutomatedDataPipelines/Homework1/venv/lib/python3.10/site-packages/airflow/example_dags/example_time_delta_sensor_async.py for tasks to queue
[2023-11-30T02:23:26.480+0200] {logging_mixin.py:154} INFO - [2023-11-30T02:23:26.479+0200] {dagbag.py:536} INFO - Filling up the DagBag from /home/seva/UCU/AutomatedDataPipelines/Homework1/venv/lib/python3.10/site-packages/airflow/example_dags/example_time_delta_sensor_async.py
[2023-11-30T02:23:26.484+0200] {processor.py:839} INFO - DAG(s) dict_keys(['example_time_delta_sensor_async']) retrieved from /home/seva/UCU/AutomatedDataPipelines/Homework1/venv/lib/python3.10/site-packages/airflow/example_dags/example_time_delta_sensor_async.py
[2023-11-30T02:23:26.497+0200] {logging_mixin.py:154} INFO - [2023-11-30T02:23:26.497+0200] {dag.py:2941} INFO - Sync 1 DAGs
[2023-11-30T02:23:26.507+0200] {logging_mixin.py:154} INFO - [2023-11-30T02:23:26.506+0200] {dag.py:3722} INFO - Setting next_dagrun for example_time_delta_sensor_async to None, run_after=None
[2023-11-30T02:23:26.530+0200] {processor.py:179} INFO - Processing /home/seva/UCU/AutomatedDataPipelines/Homework1/venv/lib/python3.10/site-packages/airflow/example_dags/example_time_delta_sensor_async.py took 0.066 seconds
[2023-11-30T02:24:10.388+0200] {processor.py:157} INFO - Started process (PID=3654) to work on /home/seva/UCU/AutomatedDataPipelines/Homework1/venv/lib/python3.10/site-packages/airflow/example_dags/example_time_delta_sensor_async.py
[2023-11-30T02:24:10.390+0200] {processor.py:829} INFO - Processing file /home/seva/UCU/AutomatedDataPipelines/Homework1/venv/lib/python3.10/site-packages/airflow/example_dags/example_time_delta_sensor_async.py for tasks to queue
[2023-11-30T02:24:10.391+0200] {logging_mixin.py:154} INFO - [2023-11-30T02:24:10.390+0200] {dagbag.py:536} INFO - Filling up the DagBag from /home/seva/UCU/AutomatedDataPipelines/Homework1/venv/lib/python3.10/site-packages/airflow/example_dags/example_time_delta_sensor_async.py
[2023-11-30T02:24:10.395+0200] {processor.py:839} INFO - DAG(s) dict_keys(['example_time_delta_sensor_async']) retrieved from /home/seva/UCU/AutomatedDataPipelines/Homework1/venv/lib/python3.10/site-packages/airflow/example_dags/example_time_delta_sensor_async.py
[2023-11-30T02:24:10.409+0200] {logging_mixin.py:154} INFO - [2023-11-30T02:24:10.409+0200] {dag.py:2941} INFO - Sync 1 DAGs
[2023-11-30T02:24:10.418+0200] {logging_mixin.py:154} INFO - [2023-11-30T02:24:10.418+0200] {dag.py:3722} INFO - Setting next_dagrun for example_time_delta_sensor_async to None, run_after=None
[2023-11-30T02:24:10.443+0200] {processor.py:179} INFO - Processing /home/seva/UCU/AutomatedDataPipelines/Homework1/venv/lib/python3.10/site-packages/airflow/example_dags/example_time_delta_sensor_async.py took 0.058 seconds
[2023-11-30T02:24:55.480+0200] {processor.py:157} INFO - Started process (PID=3832) to work on /home/seva/UCU/AutomatedDataPipelines/Homework1/venv/lib/python3.10/site-packages/airflow/example_dags/example_time_delta_sensor_async.py
[2023-11-30T02:24:55.492+0200] {processor.py:829} INFO - Processing file /home/seva/UCU/AutomatedDataPipelines/Homework1/venv/lib/python3.10/site-packages/airflow/example_dags/example_time_delta_sensor_async.py for tasks to queue
[2023-11-30T02:24:55.493+0200] {logging_mixin.py:154} INFO - [2023-11-30T02:24:55.492+0200] {dagbag.py:536} INFO - Filling up the DagBag from /home/seva/UCU/AutomatedDataPipelines/Homework1/venv/lib/python3.10/site-packages/airflow/example_dags/example_time_delta_sensor_async.py
[2023-11-30T02:24:55.497+0200] {processor.py:839} INFO - DAG(s) dict_keys(['example_time_delta_sensor_async']) retrieved from /home/seva/UCU/AutomatedDataPipelines/Homework1/venv/lib/python3.10/site-packages/airflow/example_dags/example_time_delta_sensor_async.py
[2023-11-30T02:24:55.511+0200] {logging_mixin.py:154} INFO - [2023-11-30T02:24:55.510+0200] {dag.py:2941} INFO - Sync 1 DAGs
[2023-11-30T02:24:55.520+0200] {logging_mixin.py:154} INFO - [2023-11-30T02:24:55.520+0200] {dag.py:3722} INFO - Setting next_dagrun for example_time_delta_sensor_async to None, run_after=None
[2023-11-30T02:24:55.564+0200] {processor.py:179} INFO - Processing /home/seva/UCU/AutomatedDataPipelines/Homework1/venv/lib/python3.10/site-packages/airflow/example_dags/example_time_delta_sensor_async.py took 0.086 seconds
[2023-11-30T02:25:37.905+0200] {processor.py:157} INFO - Started process (PID=4004) to work on /home/seva/UCU/AutomatedDataPipelines/Homework1/venv/lib/python3.10/site-packages/airflow/example_dags/example_time_delta_sensor_async.py
[2023-11-30T02:25:37.917+0200] {processor.py:829} INFO - Processing file /home/seva/UCU/AutomatedDataPipelines/Homework1/venv/lib/python3.10/site-packages/airflow/example_dags/example_time_delta_sensor_async.py for tasks to queue
[2023-11-30T02:25:37.918+0200] {logging_mixin.py:154} INFO - [2023-11-30T02:25:37.917+0200] {dagbag.py:536} INFO - Filling up the DagBag from /home/seva/UCU/AutomatedDataPipelines/Homework1/venv/lib/python3.10/site-packages/airflow/example_dags/example_time_delta_sensor_async.py
[2023-11-30T02:25:37.921+0200] {processor.py:839} INFO - DAG(s) dict_keys(['example_time_delta_sensor_async']) retrieved from /home/seva/UCU/AutomatedDataPipelines/Homework1/venv/lib/python3.10/site-packages/airflow/example_dags/example_time_delta_sensor_async.py
[2023-11-30T02:25:37.936+0200] {logging_mixin.py:154} INFO - [2023-11-30T02:25:37.936+0200] {dag.py:2941} INFO - Sync 1 DAGs
[2023-11-30T02:25:37.945+0200] {logging_mixin.py:154} INFO - [2023-11-30T02:25:37.945+0200] {dag.py:3722} INFO - Setting next_dagrun for example_time_delta_sensor_async to None, run_after=None
[2023-11-30T02:25:37.977+0200] {processor.py:179} INFO - Processing /home/seva/UCU/AutomatedDataPipelines/Homework1/venv/lib/python3.10/site-packages/airflow/example_dags/example_time_delta_sensor_async.py took 0.076 seconds
[2023-11-30T02:26:19.069+0200] {processor.py:157} INFO - Started process (PID=4166) to work on /home/seva/UCU/AutomatedDataPipelines/Homework1/venv/lib/python3.10/site-packages/airflow/example_dags/example_time_delta_sensor_async.py
[2023-11-30T02:26:19.081+0200] {processor.py:829} INFO - Processing file /home/seva/UCU/AutomatedDataPipelines/Homework1/venv/lib/python3.10/site-packages/airflow/example_dags/example_time_delta_sensor_async.py for tasks to queue
[2023-11-30T02:26:19.082+0200] {logging_mixin.py:154} INFO - [2023-11-30T02:26:19.082+0200] {dagbag.py:536} INFO - Filling up the DagBag from /home/seva/UCU/AutomatedDataPipelines/Homework1/venv/lib/python3.10/site-packages/airflow/example_dags/example_time_delta_sensor_async.py
[2023-11-30T02:26:19.087+0200] {processor.py:839} INFO - DAG(s) dict_keys(['example_time_delta_sensor_async']) retrieved from /home/seva/UCU/AutomatedDataPipelines/Homework1/venv/lib/python3.10/site-packages/airflow/example_dags/example_time_delta_sensor_async.py
[2023-11-30T02:26:19.104+0200] {logging_mixin.py:154} INFO - [2023-11-30T02:26:19.103+0200] {dag.py:2941} INFO - Sync 1 DAGs
[2023-11-30T02:26:19.116+0200] {logging_mixin.py:154} INFO - [2023-11-30T02:26:19.116+0200] {dag.py:3722} INFO - Setting next_dagrun for example_time_delta_sensor_async to None, run_after=None
[2023-11-30T02:26:19.141+0200] {processor.py:179} INFO - Processing /home/seva/UCU/AutomatedDataPipelines/Homework1/venv/lib/python3.10/site-packages/airflow/example_dags/example_time_delta_sensor_async.py took 0.074 seconds
[2023-11-30T02:27:10.580+0200] {processor.py:157} INFO - Started process (PID=4368) to work on /home/seva/UCU/AutomatedDataPipelines/Homework1/venv/lib/python3.10/site-packages/airflow/example_dags/example_time_delta_sensor_async.py
[2023-11-30T02:27:10.582+0200] {processor.py:829} INFO - Processing file /home/seva/UCU/AutomatedDataPipelines/Homework1/venv/lib/python3.10/site-packages/airflow/example_dags/example_time_delta_sensor_async.py for tasks to queue
[2023-11-30T02:27:10.583+0200] {logging_mixin.py:154} INFO - [2023-11-30T02:27:10.583+0200] {dagbag.py:536} INFO - Filling up the DagBag from /home/seva/UCU/AutomatedDataPipelines/Homework1/venv/lib/python3.10/site-packages/airflow/example_dags/example_time_delta_sensor_async.py
[2023-11-30T02:27:10.589+0200] {processor.py:839} INFO - DAG(s) dict_keys(['example_time_delta_sensor_async']) retrieved from /home/seva/UCU/AutomatedDataPipelines/Homework1/venv/lib/python3.10/site-packages/airflow/example_dags/example_time_delta_sensor_async.py
[2023-11-30T02:27:10.607+0200] {logging_mixin.py:154} INFO - [2023-11-30T02:27:10.607+0200] {dag.py:2941} INFO - Sync 1 DAGs
[2023-11-30T02:27:10.620+0200] {logging_mixin.py:154} INFO - [2023-11-30T02:27:10.620+0200] {dag.py:3722} INFO - Setting next_dagrun for example_time_delta_sensor_async to None, run_after=None
[2023-11-30T02:27:10.643+0200] {processor.py:179} INFO - Processing /home/seva/UCU/AutomatedDataPipelines/Homework1/venv/lib/python3.10/site-packages/airflow/example_dags/example_time_delta_sensor_async.py took 0.067 seconds
[2023-11-30T02:27:58.989+0200] {processor.py:157} INFO - Started process (PID=4555) to work on /home/seva/UCU/AutomatedDataPipelines/Homework1/venv/lib/python3.10/site-packages/airflow/example_dags/example_time_delta_sensor_async.py
[2023-11-30T02:27:59.001+0200] {processor.py:829} INFO - Processing file /home/seva/UCU/AutomatedDataPipelines/Homework1/venv/lib/python3.10/site-packages/airflow/example_dags/example_time_delta_sensor_async.py for tasks to queue
[2023-11-30T02:27:59.002+0200] {logging_mixin.py:154} INFO - [2023-11-30T02:27:59.002+0200] {dagbag.py:536} INFO - Filling up the DagBag from /home/seva/UCU/AutomatedDataPipelines/Homework1/venv/lib/python3.10/site-packages/airflow/example_dags/example_time_delta_sensor_async.py
[2023-11-30T02:27:59.007+0200] {processor.py:839} INFO - DAG(s) dict_keys(['example_time_delta_sensor_async']) retrieved from /home/seva/UCU/AutomatedDataPipelines/Homework1/venv/lib/python3.10/site-packages/airflow/example_dags/example_time_delta_sensor_async.py
[2023-11-30T02:27:59.021+0200] {logging_mixin.py:154} INFO - [2023-11-30T02:27:59.021+0200] {dag.py:2941} INFO - Sync 1 DAGs
[2023-11-30T02:27:59.032+0200] {logging_mixin.py:154} INFO - [2023-11-30T02:27:59.032+0200] {dag.py:3722} INFO - Setting next_dagrun for example_time_delta_sensor_async to None, run_after=None
[2023-11-30T02:27:59.056+0200] {processor.py:179} INFO - Processing /home/seva/UCU/AutomatedDataPipelines/Homework1/venv/lib/python3.10/site-packages/airflow/example_dags/example_time_delta_sensor_async.py took 0.069 seconds
[2023-11-30T02:28:42.282+0200] {processor.py:157} INFO - Started process (PID=4727) to work on /home/seva/UCU/AutomatedDataPipelines/Homework1/venv/lib/python3.10/site-packages/airflow/example_dags/example_time_delta_sensor_async.py
[2023-11-30T02:28:42.285+0200] {processor.py:829} INFO - Processing file /home/seva/UCU/AutomatedDataPipelines/Homework1/venv/lib/python3.10/site-packages/airflow/example_dags/example_time_delta_sensor_async.py for tasks to queue
[2023-11-30T02:28:42.287+0200] {logging_mixin.py:154} INFO - [2023-11-30T02:28:42.287+0200] {dagbag.py:536} INFO - Filling up the DagBag from /home/seva/UCU/AutomatedDataPipelines/Homework1/venv/lib/python3.10/site-packages/airflow/example_dags/example_time_delta_sensor_async.py
[2023-11-30T02:28:42.302+0200] {processor.py:839} INFO - DAG(s) dict_keys(['example_time_delta_sensor_async']) retrieved from /home/seva/UCU/AutomatedDataPipelines/Homework1/venv/lib/python3.10/site-packages/airflow/example_dags/example_time_delta_sensor_async.py
[2023-11-30T02:28:42.375+0200] {logging_mixin.py:154} INFO - [2023-11-30T02:28:42.374+0200] {dag.py:2941} INFO - Sync 1 DAGs
[2023-11-30T02:28:42.404+0200] {logging_mixin.py:154} INFO - [2023-11-30T02:28:42.404+0200] {dag.py:3722} INFO - Setting next_dagrun for example_time_delta_sensor_async to None, run_after=None
[2023-11-30T02:28:42.465+0200] {processor.py:179} INFO - Processing /home/seva/UCU/AutomatedDataPipelines/Homework1/venv/lib/python3.10/site-packages/airflow/example_dags/example_time_delta_sensor_async.py took 0.198 seconds
[2023-11-30T02:29:28.570+0200] {processor.py:157} INFO - Started process (PID=4911) to work on /home/seva/UCU/AutomatedDataPipelines/Homework1/venv/lib/python3.10/site-packages/airflow/example_dags/example_time_delta_sensor_async.py
[2023-11-30T02:29:28.582+0200] {processor.py:829} INFO - Processing file /home/seva/UCU/AutomatedDataPipelines/Homework1/venv/lib/python3.10/site-packages/airflow/example_dags/example_time_delta_sensor_async.py for tasks to queue
[2023-11-30T02:29:28.583+0200] {logging_mixin.py:154} INFO - [2023-11-30T02:29:28.582+0200] {dagbag.py:536} INFO - Filling up the DagBag from /home/seva/UCU/AutomatedDataPipelines/Homework1/venv/lib/python3.10/site-packages/airflow/example_dags/example_time_delta_sensor_async.py
[2023-11-30T02:29:28.587+0200] {processor.py:839} INFO - DAG(s) dict_keys(['example_time_delta_sensor_async']) retrieved from /home/seva/UCU/AutomatedDataPipelines/Homework1/venv/lib/python3.10/site-packages/airflow/example_dags/example_time_delta_sensor_async.py
[2023-11-30T02:29:28.602+0200] {logging_mixin.py:154} INFO - [2023-11-30T02:29:28.601+0200] {dag.py:2941} INFO - Sync 1 DAGs
[2023-11-30T02:29:28.611+0200] {logging_mixin.py:154} INFO - [2023-11-30T02:29:28.611+0200] {dag.py:3722} INFO - Setting next_dagrun for example_time_delta_sensor_async to None, run_after=None
[2023-11-30T02:29:28.637+0200] {processor.py:179} INFO - Processing /home/seva/UCU/AutomatedDataPipelines/Homework1/venv/lib/python3.10/site-packages/airflow/example_dags/example_time_delta_sensor_async.py took 0.070 seconds
[2023-11-30T02:30:13.182+0200] {processor.py:157} INFO - Started process (PID=5088) to work on /home/seva/UCU/AutomatedDataPipelines/Homework1/venv/lib/python3.10/site-packages/airflow/example_dags/example_time_delta_sensor_async.py
[2023-11-30T02:30:13.194+0200] {processor.py:829} INFO - Processing file /home/seva/UCU/AutomatedDataPipelines/Homework1/venv/lib/python3.10/site-packages/airflow/example_dags/example_time_delta_sensor_async.py for tasks to queue
[2023-11-30T02:30:13.196+0200] {logging_mixin.py:154} INFO - [2023-11-30T02:30:13.195+0200] {dagbag.py:536} INFO - Filling up the DagBag from /home/seva/UCU/AutomatedDataPipelines/Homework1/venv/lib/python3.10/site-packages/airflow/example_dags/example_time_delta_sensor_async.py
[2023-11-30T02:30:13.202+0200] {processor.py:839} INFO - DAG(s) dict_keys(['example_time_delta_sensor_async']) retrieved from /home/seva/UCU/AutomatedDataPipelines/Homework1/venv/lib/python3.10/site-packages/airflow/example_dags/example_time_delta_sensor_async.py
[2023-11-30T02:30:13.216+0200] {logging_mixin.py:154} INFO - [2023-11-30T02:30:13.216+0200] {dag.py:2941} INFO - Sync 1 DAGs
[2023-11-30T02:30:13.225+0200] {logging_mixin.py:154} INFO - [2023-11-30T02:30:13.224+0200] {dag.py:3722} INFO - Setting next_dagrun for example_time_delta_sensor_async to None, run_after=None
[2023-11-30T02:30:13.266+0200] {processor.py:179} INFO - Processing /home/seva/UCU/AutomatedDataPipelines/Homework1/venv/lib/python3.10/site-packages/airflow/example_dags/example_time_delta_sensor_async.py took 0.086 seconds
[2023-11-30T02:30:58.099+0200] {processor.py:157} INFO - Started process (PID=5261) to work on /home/seva/UCU/AutomatedDataPipelines/Homework1/venv/lib/python3.10/site-packages/airflow/example_dags/example_time_delta_sensor_async.py
[2023-11-30T02:30:58.101+0200] {processor.py:829} INFO - Processing file /home/seva/UCU/AutomatedDataPipelines/Homework1/venv/lib/python3.10/site-packages/airflow/example_dags/example_time_delta_sensor_async.py for tasks to queue
[2023-11-30T02:30:58.102+0200] {logging_mixin.py:154} INFO - [2023-11-30T02:30:58.102+0200] {dagbag.py:536} INFO - Filling up the DagBag from /home/seva/UCU/AutomatedDataPipelines/Homework1/venv/lib/python3.10/site-packages/airflow/example_dags/example_time_delta_sensor_async.py
[2023-11-30T02:30:58.107+0200] {processor.py:839} INFO - DAG(s) dict_keys(['example_time_delta_sensor_async']) retrieved from /home/seva/UCU/AutomatedDataPipelines/Homework1/venv/lib/python3.10/site-packages/airflow/example_dags/example_time_delta_sensor_async.py
[2023-11-30T02:30:58.122+0200] {logging_mixin.py:154} INFO - [2023-11-30T02:30:58.121+0200] {dag.py:2941} INFO - Sync 1 DAGs
[2023-11-30T02:30:58.131+0200] {logging_mixin.py:154} INFO - [2023-11-30T02:30:58.131+0200] {dag.py:3722} INFO - Setting next_dagrun for example_time_delta_sensor_async to None, run_after=None
[2023-11-30T02:30:58.157+0200] {processor.py:179} INFO - Processing /home/seva/UCU/AutomatedDataPipelines/Homework1/venv/lib/python3.10/site-packages/airflow/example_dags/example_time_delta_sensor_async.py took 0.061 seconds
[2023-11-30T02:31:44.466+0200] {processor.py:157} INFO - Started process (PID=5447) to work on /home/seva/UCU/AutomatedDataPipelines/Homework1/venv/lib/python3.10/site-packages/airflow/example_dags/example_time_delta_sensor_async.py
[2023-11-30T02:31:44.477+0200] {processor.py:829} INFO - Processing file /home/seva/UCU/AutomatedDataPipelines/Homework1/venv/lib/python3.10/site-packages/airflow/example_dags/example_time_delta_sensor_async.py for tasks to queue
[2023-11-30T02:31:44.478+0200] {logging_mixin.py:154} INFO - [2023-11-30T02:31:44.478+0200] {dagbag.py:536} INFO - Filling up the DagBag from /home/seva/UCU/AutomatedDataPipelines/Homework1/venv/lib/python3.10/site-packages/airflow/example_dags/example_time_delta_sensor_async.py
[2023-11-30T02:31:44.483+0200] {processor.py:839} INFO - DAG(s) dict_keys(['example_time_delta_sensor_async']) retrieved from /home/seva/UCU/AutomatedDataPipelines/Homework1/venv/lib/python3.10/site-packages/airflow/example_dags/example_time_delta_sensor_async.py
[2023-11-30T02:31:44.499+0200] {logging_mixin.py:154} INFO - [2023-11-30T02:31:44.499+0200] {dag.py:2941} INFO - Sync 1 DAGs
[2023-11-30T02:31:44.509+0200] {logging_mixin.py:154} INFO - [2023-11-30T02:31:44.509+0200] {dag.py:3722} INFO - Setting next_dagrun for example_time_delta_sensor_async to None, run_after=None
[2023-11-30T02:31:44.531+0200] {processor.py:179} INFO - Processing /home/seva/UCU/AutomatedDataPipelines/Homework1/venv/lib/python3.10/site-packages/airflow/example_dags/example_time_delta_sensor_async.py took 0.069 seconds
[2023-11-30T02:32:27.733+0200] {processor.py:157} INFO - Started process (PID=5641) to work on /home/seva/UCU/AutomatedDataPipelines/Homework1/venv/lib/python3.10/site-packages/airflow/example_dags/example_time_delta_sensor_async.py
[2023-11-30T02:32:27.744+0200] {processor.py:829} INFO - Processing file /home/seva/UCU/AutomatedDataPipelines/Homework1/venv/lib/python3.10/site-packages/airflow/example_dags/example_time_delta_sensor_async.py for tasks to queue
[2023-11-30T02:32:27.746+0200] {logging_mixin.py:154} INFO - [2023-11-30T02:32:27.745+0200] {dagbag.py:536} INFO - Filling up the DagBag from /home/seva/UCU/AutomatedDataPipelines/Homework1/venv/lib/python3.10/site-packages/airflow/example_dags/example_time_delta_sensor_async.py
[2023-11-30T02:32:27.750+0200] {processor.py:839} INFO - DAG(s) dict_keys(['example_time_delta_sensor_async']) retrieved from /home/seva/UCU/AutomatedDataPipelines/Homework1/venv/lib/python3.10/site-packages/airflow/example_dags/example_time_delta_sensor_async.py
[2023-11-30T02:32:27.764+0200] {logging_mixin.py:154} INFO - [2023-11-30T02:32:27.764+0200] {dag.py:2941} INFO - Sync 1 DAGs
[2023-11-30T02:32:27.773+0200] {logging_mixin.py:154} INFO - [2023-11-30T02:32:27.773+0200] {dag.py:3722} INFO - Setting next_dagrun for example_time_delta_sensor_async to None, run_after=None
[2023-11-30T02:32:27.800+0200] {processor.py:179} INFO - Processing /home/seva/UCU/AutomatedDataPipelines/Homework1/venv/lib/python3.10/site-packages/airflow/example_dags/example_time_delta_sensor_async.py took 0.070 seconds
[2023-11-30T02:33:15.294+0200] {processor.py:157} INFO - Started process (PID=5834) to work on /home/seva/UCU/AutomatedDataPipelines/Homework1/venv/lib/python3.10/site-packages/airflow/example_dags/example_time_delta_sensor_async.py
[2023-11-30T02:33:15.305+0200] {processor.py:829} INFO - Processing file /home/seva/UCU/AutomatedDataPipelines/Homework1/venv/lib/python3.10/site-packages/airflow/example_dags/example_time_delta_sensor_async.py for tasks to queue
[2023-11-30T02:33:15.306+0200] {logging_mixin.py:154} INFO - [2023-11-30T02:33:15.306+0200] {dagbag.py:536} INFO - Filling up the DagBag from /home/seva/UCU/AutomatedDataPipelines/Homework1/venv/lib/python3.10/site-packages/airflow/example_dags/example_time_delta_sensor_async.py
[2023-11-30T02:33:15.311+0200] {processor.py:839} INFO - DAG(s) dict_keys(['example_time_delta_sensor_async']) retrieved from /home/seva/UCU/AutomatedDataPipelines/Homework1/venv/lib/python3.10/site-packages/airflow/example_dags/example_time_delta_sensor_async.py
[2023-11-30T02:33:15.325+0200] {logging_mixin.py:154} INFO - [2023-11-30T02:33:15.325+0200] {dag.py:2941} INFO - Sync 1 DAGs
[2023-11-30T02:33:15.335+0200] {logging_mixin.py:154} INFO - [2023-11-30T02:33:15.335+0200] {dag.py:3722} INFO - Setting next_dagrun for example_time_delta_sensor_async to None, run_after=None
[2023-11-30T02:33:15.360+0200] {processor.py:179} INFO - Processing /home/seva/UCU/AutomatedDataPipelines/Homework1/venv/lib/python3.10/site-packages/airflow/example_dags/example_time_delta_sensor_async.py took 0.070 seconds
[2023-11-30T02:34:02.244+0200] {processor.py:157} INFO - Started process (PID=6014) to work on /home/seva/UCU/AutomatedDataPipelines/Homework1/venv/lib/python3.10/site-packages/airflow/example_dags/example_time_delta_sensor_async.py
[2023-11-30T02:34:02.246+0200] {processor.py:829} INFO - Processing file /home/seva/UCU/AutomatedDataPipelines/Homework1/venv/lib/python3.10/site-packages/airflow/example_dags/example_time_delta_sensor_async.py for tasks to queue
[2023-11-30T02:34:02.247+0200] {logging_mixin.py:154} INFO - [2023-11-30T02:34:02.247+0200] {dagbag.py:536} INFO - Filling up the DagBag from /home/seva/UCU/AutomatedDataPipelines/Homework1/venv/lib/python3.10/site-packages/airflow/example_dags/example_time_delta_sensor_async.py
[2023-11-30T02:34:02.254+0200] {processor.py:839} INFO - DAG(s) dict_keys(['example_time_delta_sensor_async']) retrieved from /home/seva/UCU/AutomatedDataPipelines/Homework1/venv/lib/python3.10/site-packages/airflow/example_dags/example_time_delta_sensor_async.py
[2023-11-30T02:34:02.278+0200] {logging_mixin.py:154} INFO - [2023-11-30T02:34:02.278+0200] {dag.py:2941} INFO - Sync 1 DAGs
[2023-11-30T02:34:02.292+0200] {logging_mixin.py:154} INFO - [2023-11-30T02:34:02.292+0200] {dag.py:3722} INFO - Setting next_dagrun for example_time_delta_sensor_async to None, run_after=None
[2023-11-30T02:34:02.322+0200] {processor.py:179} INFO - Processing /home/seva/UCU/AutomatedDataPipelines/Homework1/venv/lib/python3.10/site-packages/airflow/example_dags/example_time_delta_sensor_async.py took 0.082 seconds
[2023-11-30T02:34:52.873+0200] {processor.py:157} INFO - Started process (PID=6224) to work on /home/seva/UCU/AutomatedDataPipelines/Homework1/venv/lib/python3.10/site-packages/airflow/example_dags/example_time_delta_sensor_async.py
[2023-11-30T02:34:52.885+0200] {processor.py:829} INFO - Processing file /home/seva/UCU/AutomatedDataPipelines/Homework1/venv/lib/python3.10/site-packages/airflow/example_dags/example_time_delta_sensor_async.py for tasks to queue
[2023-11-30T02:34:52.887+0200] {logging_mixin.py:154} INFO - [2023-11-30T02:34:52.886+0200] {dagbag.py:536} INFO - Filling up the DagBag from /home/seva/UCU/AutomatedDataPipelines/Homework1/venv/lib/python3.10/site-packages/airflow/example_dags/example_time_delta_sensor_async.py
[2023-11-30T02:34:52.894+0200] {processor.py:839} INFO - DAG(s) dict_keys(['example_time_delta_sensor_async']) retrieved from /home/seva/UCU/AutomatedDataPipelines/Homework1/venv/lib/python3.10/site-packages/airflow/example_dags/example_time_delta_sensor_async.py
[2023-11-30T02:34:52.922+0200] {logging_mixin.py:154} INFO - [2023-11-30T02:34:52.922+0200] {dag.py:2941} INFO - Sync 1 DAGs
[2023-11-30T02:34:52.939+0200] {logging_mixin.py:154} INFO - [2023-11-30T02:34:52.939+0200] {dag.py:3722} INFO - Setting next_dagrun for example_time_delta_sensor_async to None, run_after=None
[2023-11-30T02:34:52.972+0200] {processor.py:179} INFO - Processing /home/seva/UCU/AutomatedDataPipelines/Homework1/venv/lib/python3.10/site-packages/airflow/example_dags/example_time_delta_sensor_async.py took 0.104 seconds
[2023-11-30T02:35:39.472+0200] {processor.py:157} INFO - Started process (PID=6405) to work on /home/seva/UCU/AutomatedDataPipelines/Homework1/venv/lib/python3.10/site-packages/airflow/example_dags/example_time_delta_sensor_async.py
[2023-11-30T02:35:39.484+0200] {processor.py:829} INFO - Processing file /home/seva/UCU/AutomatedDataPipelines/Homework1/venv/lib/python3.10/site-packages/airflow/example_dags/example_time_delta_sensor_async.py for tasks to queue
[2023-11-30T02:35:39.485+0200] {logging_mixin.py:154} INFO - [2023-11-30T02:35:39.484+0200] {dagbag.py:536} INFO - Filling up the DagBag from /home/seva/UCU/AutomatedDataPipelines/Homework1/venv/lib/python3.10/site-packages/airflow/example_dags/example_time_delta_sensor_async.py
[2023-11-30T02:35:39.491+0200] {processor.py:839} INFO - DAG(s) dict_keys(['example_time_delta_sensor_async']) retrieved from /home/seva/UCU/AutomatedDataPipelines/Homework1/venv/lib/python3.10/site-packages/airflow/example_dags/example_time_delta_sensor_async.py
[2023-11-30T02:35:39.505+0200] {logging_mixin.py:154} INFO - [2023-11-30T02:35:39.505+0200] {dag.py:2941} INFO - Sync 1 DAGs
[2023-11-30T02:35:39.514+0200] {logging_mixin.py:154} INFO - [2023-11-30T02:35:39.514+0200] {dag.py:3722} INFO - Setting next_dagrun for example_time_delta_sensor_async to None, run_after=None
[2023-11-30T02:35:39.541+0200] {processor.py:179} INFO - Processing /home/seva/UCU/AutomatedDataPipelines/Homework1/venv/lib/python3.10/site-packages/airflow/example_dags/example_time_delta_sensor_async.py took 0.073 seconds
[2023-11-30T02:36:24.347+0200] {processor.py:157} INFO - Started process (PID=6588) to work on /home/seva/UCU/AutomatedDataPipelines/Homework1/venv/lib/python3.10/site-packages/airflow/example_dags/example_time_delta_sensor_async.py
[2023-11-30T02:36:24.359+0200] {processor.py:829} INFO - Processing file /home/seva/UCU/AutomatedDataPipelines/Homework1/venv/lib/python3.10/site-packages/airflow/example_dags/example_time_delta_sensor_async.py for tasks to queue
[2023-11-30T02:36:24.360+0200] {logging_mixin.py:154} INFO - [2023-11-30T02:36:24.359+0200] {dagbag.py:536} INFO - Filling up the DagBag from /home/seva/UCU/AutomatedDataPipelines/Homework1/venv/lib/python3.10/site-packages/airflow/example_dags/example_time_delta_sensor_async.py
[2023-11-30T02:36:24.364+0200] {processor.py:839} INFO - DAG(s) dict_keys(['example_time_delta_sensor_async']) retrieved from /home/seva/UCU/AutomatedDataPipelines/Homework1/venv/lib/python3.10/site-packages/airflow/example_dags/example_time_delta_sensor_async.py
[2023-11-30T02:36:24.379+0200] {logging_mixin.py:154} INFO - [2023-11-30T02:36:24.379+0200] {dag.py:2941} INFO - Sync 1 DAGs
[2023-11-30T02:36:24.388+0200] {logging_mixin.py:154} INFO - [2023-11-30T02:36:24.388+0200] {dag.py:3722} INFO - Setting next_dagrun for example_time_delta_sensor_async to None, run_after=None
[2023-11-30T02:36:24.414+0200] {processor.py:179} INFO - Processing /home/seva/UCU/AutomatedDataPipelines/Homework1/venv/lib/python3.10/site-packages/airflow/example_dags/example_time_delta_sensor_async.py took 0.070 seconds
[2023-11-30T02:37:12.984+0200] {processor.py:157} INFO - Started process (PID=6777) to work on /home/seva/UCU/AutomatedDataPipelines/Homework1/venv/lib/python3.10/site-packages/airflow/example_dags/example_time_delta_sensor_async.py
[2023-11-30T02:37:12.997+0200] {processor.py:829} INFO - Processing file /home/seva/UCU/AutomatedDataPipelines/Homework1/venv/lib/python3.10/site-packages/airflow/example_dags/example_time_delta_sensor_async.py for tasks to queue
[2023-11-30T02:37:12.999+0200] {logging_mixin.py:154} INFO - [2023-11-30T02:37:12.998+0200] {dagbag.py:536} INFO - Filling up the DagBag from /home/seva/UCU/AutomatedDataPipelines/Homework1/venv/lib/python3.10/site-packages/airflow/example_dags/example_time_delta_sensor_async.py
[2023-11-30T02:37:13.007+0200] {processor.py:839} INFO - DAG(s) dict_keys(['example_time_delta_sensor_async']) retrieved from /home/seva/UCU/AutomatedDataPipelines/Homework1/venv/lib/python3.10/site-packages/airflow/example_dags/example_time_delta_sensor_async.py
[2023-11-30T02:37:13.039+0200] {logging_mixin.py:154} INFO - [2023-11-30T02:37:13.038+0200] {dag.py:2941} INFO - Sync 1 DAGs
[2023-11-30T02:37:13.066+0200] {logging_mixin.py:154} INFO - [2023-11-30T02:37:13.065+0200] {dag.py:3722} INFO - Setting next_dagrun for example_time_delta_sensor_async to None, run_after=None
[2023-11-30T02:37:13.156+0200] {processor.py:179} INFO - Processing /home/seva/UCU/AutomatedDataPipelines/Homework1/venv/lib/python3.10/site-packages/airflow/example_dags/example_time_delta_sensor_async.py took 0.177 seconds
[2023-11-30T02:38:04.349+0200] {processor.py:157} INFO - Started process (PID=6979) to work on /home/seva/UCU/AutomatedDataPipelines/Homework1/venv/lib/python3.10/site-packages/airflow/example_dags/example_time_delta_sensor_async.py
[2023-11-30T02:38:04.350+0200] {processor.py:829} INFO - Processing file /home/seva/UCU/AutomatedDataPipelines/Homework1/venv/lib/python3.10/site-packages/airflow/example_dags/example_time_delta_sensor_async.py for tasks to queue
[2023-11-30T02:38:04.351+0200] {logging_mixin.py:154} INFO - [2023-11-30T02:38:04.351+0200] {dagbag.py:536} INFO - Filling up the DagBag from /home/seva/UCU/AutomatedDataPipelines/Homework1/venv/lib/python3.10/site-packages/airflow/example_dags/example_time_delta_sensor_async.py
[2023-11-30T02:38:04.356+0200] {processor.py:839} INFO - DAG(s) dict_keys(['example_time_delta_sensor_async']) retrieved from /home/seva/UCU/AutomatedDataPipelines/Homework1/venv/lib/python3.10/site-packages/airflow/example_dags/example_time_delta_sensor_async.py
[2023-11-30T02:38:04.370+0200] {logging_mixin.py:154} INFO - [2023-11-30T02:38:04.370+0200] {dag.py:2941} INFO - Sync 1 DAGs
[2023-11-30T02:38:04.380+0200] {logging_mixin.py:154} INFO - [2023-11-30T02:38:04.380+0200] {dag.py:3722} INFO - Setting next_dagrun for example_time_delta_sensor_async to None, run_after=None
[2023-11-30T02:38:04.407+0200] {processor.py:179} INFO - Processing /home/seva/UCU/AutomatedDataPipelines/Homework1/venv/lib/python3.10/site-packages/airflow/example_dags/example_time_delta_sensor_async.py took 0.061 seconds
[2023-11-30T02:38:56.845+0200] {processor.py:157} INFO - Started process (PID=7390) to work on /home/seva/UCU/AutomatedDataPipelines/Homework1/venv/lib/python3.10/site-packages/airflow/example_dags/example_time_delta_sensor_async.py
[2023-11-30T02:38:56.848+0200] {processor.py:829} INFO - Processing file /home/seva/UCU/AutomatedDataPipelines/Homework1/venv/lib/python3.10/site-packages/airflow/example_dags/example_time_delta_sensor_async.py for tasks to queue
[2023-11-30T02:38:56.849+0200] {logging_mixin.py:154} INFO - [2023-11-30T02:38:56.849+0200] {dagbag.py:536} INFO - Filling up the DagBag from /home/seva/UCU/AutomatedDataPipelines/Homework1/venv/lib/python3.10/site-packages/airflow/example_dags/example_time_delta_sensor_async.py
[2023-11-30T02:38:56.855+0200] {processor.py:839} INFO - DAG(s) dict_keys(['example_time_delta_sensor_async']) retrieved from /home/seva/UCU/AutomatedDataPipelines/Homework1/venv/lib/python3.10/site-packages/airflow/example_dags/example_time_delta_sensor_async.py
[2023-11-30T02:38:56.877+0200] {logging_mixin.py:154} INFO - [2023-11-30T02:38:56.877+0200] {dag.py:2941} INFO - Sync 1 DAGs
[2023-11-30T02:38:56.890+0200] {logging_mixin.py:154} INFO - [2023-11-30T02:38:56.890+0200] {dag.py:3722} INFO - Setting next_dagrun for example_time_delta_sensor_async to None, run_after=None
[2023-11-30T02:38:56.919+0200] {processor.py:179} INFO - Processing /home/seva/UCU/AutomatedDataPipelines/Homework1/venv/lib/python3.10/site-packages/airflow/example_dags/example_time_delta_sensor_async.py took 0.079 seconds
