[2023-11-30T02:13:59.806+0200] {processor.py:157} INFO - Started process (PID=1275) to work on /home/seva/UCU/AutomatedDataPipelines/Homework1/venv/lib/python3.10/site-packages/airflow/example_dags/example_branch_operator.py
[2023-11-30T02:13:59.807+0200] {processor.py:829} INFO - Processing file /home/seva/UCU/AutomatedDataPipelines/Homework1/venv/lib/python3.10/site-packages/airflow/example_dags/example_branch_operator.py for tasks to queue
[2023-11-30T02:13:59.807+0200] {logging_mixin.py:154} INFO - [2023-11-30T02:13:59.807+0200] {dagbag.py:536} INFO - Filling up the DagBag from /home/seva/UCU/AutomatedDataPipelines/Homework1/venv/lib/python3.10/site-packages/airflow/example_dags/example_branch_operator.py
[2023-11-30T02:13:59.815+0200] {processor.py:839} INFO - DAG(s) dict_keys(['example_branch_operator']) retrieved from /home/seva/UCU/AutomatedDataPipelines/Homework1/venv/lib/python3.10/site-packages/airflow/example_dags/example_branch_operator.py
[2023-11-30T02:13:59.923+0200] {logging_mixin.py:154} INFO - [2023-11-30T02:13:59.922+0200] {manager.py:499} INFO - Created Permission View: %s
[2023-11-30T02:13:59.940+0200] {logging_mixin.py:154} INFO - [2023-11-30T02:13:59.939+0200] {manager.py:499} INFO - Created Permission View: %s
[2023-11-30T02:13:59.955+0200] {logging_mixin.py:154} INFO - [2023-11-30T02:13:59.954+0200] {manager.py:499} INFO - Created Permission View: %s
[2023-11-30T02:13:59.955+0200] {logging_mixin.py:154} INFO - [2023-11-30T02:13:59.955+0200] {dag.py:2941} INFO - Sync 1 DAGs
[2023-11-30T02:13:59.963+0200] {logging_mixin.py:154} INFO - [2023-11-30T02:13:59.963+0200] {dag.py:2963} INFO - Creating ORM DAG for example_branch_operator
[2023-11-30T02:13:59.971+0200] {logging_mixin.py:154} INFO - [2023-11-30T02:13:59.971+0200] {dag.py:3722} INFO - Setting next_dagrun for example_branch_operator to 2023-11-29T00:00:00+00:00, run_after=2023-11-30T00:00:00+00:00
[2023-11-30T02:14:00.000+0200] {processor.py:179} INFO - Processing /home/seva/UCU/AutomatedDataPipelines/Homework1/venv/lib/python3.10/site-packages/airflow/example_dags/example_branch_operator.py took 0.198 seconds
[2023-11-30T02:14:45.663+0200] {processor.py:157} INFO - Started process (PID=1421) to work on /home/seva/UCU/AutomatedDataPipelines/Homework1/venv/lib/python3.10/site-packages/airflow/example_dags/example_branch_operator.py
[2023-11-30T02:14:45.675+0200] {processor.py:829} INFO - Processing file /home/seva/UCU/AutomatedDataPipelines/Homework1/venv/lib/python3.10/site-packages/airflow/example_dags/example_branch_operator.py for tasks to queue
[2023-11-30T02:14:45.676+0200] {logging_mixin.py:154} INFO - [2023-11-30T02:14:45.676+0200] {dagbag.py:536} INFO - Filling up the DagBag from /home/seva/UCU/AutomatedDataPipelines/Homework1/venv/lib/python3.10/site-packages/airflow/example_dags/example_branch_operator.py
[2023-11-30T02:14:45.685+0200] {processor.py:839} INFO - DAG(s) dict_keys(['example_branch_operator']) retrieved from /home/seva/UCU/AutomatedDataPipelines/Homework1/venv/lib/python3.10/site-packages/airflow/example_dags/example_branch_operator.py
[2023-11-30T02:14:45.700+0200] {logging_mixin.py:154} INFO - [2023-11-30T02:14:45.700+0200] {dag.py:2941} INFO - Sync 1 DAGs
[2023-11-30T02:14:45.717+0200] {logging_mixin.py:154} INFO - [2023-11-30T02:14:45.717+0200] {dag.py:3722} INFO - Setting next_dagrun for example_branch_operator to 2023-11-29T00:00:00+00:00, run_after=2023-11-30T00:00:00+00:00
[2023-11-30T02:14:45.741+0200] {processor.py:179} INFO - Processing /home/seva/UCU/AutomatedDataPipelines/Homework1/venv/lib/python3.10/site-packages/airflow/example_dags/example_branch_operator.py took 0.080 seconds
[2023-11-30T02:15:33.937+0200] {processor.py:157} INFO - Started process (PID=1602) to work on /home/seva/UCU/AutomatedDataPipelines/Homework1/venv/lib/python3.10/site-packages/airflow/example_dags/example_branch_operator.py
[2023-11-30T02:15:33.950+0200] {processor.py:829} INFO - Processing file /home/seva/UCU/AutomatedDataPipelines/Homework1/venv/lib/python3.10/site-packages/airflow/example_dags/example_branch_operator.py for tasks to queue
[2023-11-30T02:15:33.951+0200] {logging_mixin.py:154} INFO - [2023-11-30T02:15:33.951+0200] {dagbag.py:536} INFO - Filling up the DagBag from /home/seva/UCU/AutomatedDataPipelines/Homework1/venv/lib/python3.10/site-packages/airflow/example_dags/example_branch_operator.py
[2023-11-30T02:15:33.962+0200] {processor.py:839} INFO - DAG(s) dict_keys(['example_branch_operator']) retrieved from /home/seva/UCU/AutomatedDataPipelines/Homework1/venv/lib/python3.10/site-packages/airflow/example_dags/example_branch_operator.py
[2023-11-30T02:15:33.986+0200] {logging_mixin.py:154} INFO - [2023-11-30T02:15:33.985+0200] {dag.py:2941} INFO - Sync 1 DAGs
[2023-11-30T02:15:34.005+0200] {logging_mixin.py:154} INFO - [2023-11-30T02:15:34.005+0200] {dag.py:3722} INFO - Setting next_dagrun for example_branch_operator to 2023-11-29T00:00:00+00:00, run_after=2023-11-30T00:00:00+00:00
[2023-11-30T02:15:34.028+0200] {processor.py:179} INFO - Processing /home/seva/UCU/AutomatedDataPipelines/Homework1/venv/lib/python3.10/site-packages/airflow/example_dags/example_branch_operator.py took 0.095 seconds
[2023-11-30T02:16:22.681+0200] {processor.py:157} INFO - Started process (PID=1795) to work on /home/seva/UCU/AutomatedDataPipelines/Homework1/venv/lib/python3.10/site-packages/airflow/example_dags/example_branch_operator.py
[2023-11-30T02:16:22.693+0200] {processor.py:829} INFO - Processing file /home/seva/UCU/AutomatedDataPipelines/Homework1/venv/lib/python3.10/site-packages/airflow/example_dags/example_branch_operator.py for tasks to queue
[2023-11-30T02:16:22.694+0200] {logging_mixin.py:154} INFO - [2023-11-30T02:16:22.693+0200] {dagbag.py:536} INFO - Filling up the DagBag from /home/seva/UCU/AutomatedDataPipelines/Homework1/venv/lib/python3.10/site-packages/airflow/example_dags/example_branch_operator.py
[2023-11-30T02:16:22.704+0200] {processor.py:839} INFO - DAG(s) dict_keys(['example_branch_operator']) retrieved from /home/seva/UCU/AutomatedDataPipelines/Homework1/venv/lib/python3.10/site-packages/airflow/example_dags/example_branch_operator.py
[2023-11-30T02:16:22.721+0200] {logging_mixin.py:154} INFO - [2023-11-30T02:16:22.720+0200] {dag.py:2941} INFO - Sync 1 DAGs
[2023-11-30T02:16:22.739+0200] {logging_mixin.py:154} INFO - [2023-11-30T02:16:22.739+0200] {dag.py:3722} INFO - Setting next_dagrun for example_branch_operator to 2023-11-29T00:00:00+00:00, run_after=2023-11-30T00:00:00+00:00
[2023-11-30T02:16:22.773+0200] {processor.py:179} INFO - Processing /home/seva/UCU/AutomatedDataPipelines/Homework1/venv/lib/python3.10/site-packages/airflow/example_dags/example_branch_operator.py took 0.096 seconds
[2023-11-30T02:17:05.374+0200] {processor.py:157} INFO - Started process (PID=1972) to work on /home/seva/UCU/AutomatedDataPipelines/Homework1/venv/lib/python3.10/site-packages/airflow/example_dags/example_branch_operator.py
[2023-11-30T02:17:05.386+0200] {processor.py:829} INFO - Processing file /home/seva/UCU/AutomatedDataPipelines/Homework1/venv/lib/python3.10/site-packages/airflow/example_dags/example_branch_operator.py for tasks to queue
[2023-11-30T02:17:05.388+0200] {logging_mixin.py:154} INFO - [2023-11-30T02:17:05.387+0200] {dagbag.py:536} INFO - Filling up the DagBag from /home/seva/UCU/AutomatedDataPipelines/Homework1/venv/lib/python3.10/site-packages/airflow/example_dags/example_branch_operator.py
[2023-11-30T02:17:05.398+0200] {processor.py:839} INFO - DAG(s) dict_keys(['example_branch_operator']) retrieved from /home/seva/UCU/AutomatedDataPipelines/Homework1/venv/lib/python3.10/site-packages/airflow/example_dags/example_branch_operator.py
[2023-11-30T02:17:05.415+0200] {logging_mixin.py:154} INFO - [2023-11-30T02:17:05.415+0200] {dag.py:2941} INFO - Sync 1 DAGs
[2023-11-30T02:17:05.431+0200] {logging_mixin.py:154} INFO - [2023-11-30T02:17:05.431+0200] {dag.py:3722} INFO - Setting next_dagrun for example_branch_operator to 2023-11-29T00:00:00+00:00, run_after=2023-11-30T00:00:00+00:00
[2023-11-30T02:17:05.456+0200] {processor.py:179} INFO - Processing /home/seva/UCU/AutomatedDataPipelines/Homework1/venv/lib/python3.10/site-packages/airflow/example_dags/example_branch_operator.py took 0.084 seconds
[2023-11-30T02:17:49.383+0200] {processor.py:157} INFO - Started process (PID=2149) to work on /home/seva/UCU/AutomatedDataPipelines/Homework1/venv/lib/python3.10/site-packages/airflow/example_dags/example_branch_operator.py
[2023-11-30T02:17:49.384+0200] {processor.py:829} INFO - Processing file /home/seva/UCU/AutomatedDataPipelines/Homework1/venv/lib/python3.10/site-packages/airflow/example_dags/example_branch_operator.py for tasks to queue
[2023-11-30T02:17:49.385+0200] {logging_mixin.py:154} INFO - [2023-11-30T02:17:49.385+0200] {dagbag.py:536} INFO - Filling up the DagBag from /home/seva/UCU/AutomatedDataPipelines/Homework1/venv/lib/python3.10/site-packages/airflow/example_dags/example_branch_operator.py
[2023-11-30T02:17:49.394+0200] {processor.py:839} INFO - DAG(s) dict_keys(['example_branch_operator']) retrieved from /home/seva/UCU/AutomatedDataPipelines/Homework1/venv/lib/python3.10/site-packages/airflow/example_dags/example_branch_operator.py
[2023-11-30T02:17:49.418+0200] {logging_mixin.py:154} INFO - [2023-11-30T02:17:49.418+0200] {dag.py:2941} INFO - Sync 1 DAGs
[2023-11-30T02:17:49.440+0200] {logging_mixin.py:154} INFO - [2023-11-30T02:17:49.440+0200] {dag.py:3722} INFO - Setting next_dagrun for example_branch_operator to 2023-11-29T00:00:00+00:00, run_after=2023-11-30T00:00:00+00:00
[2023-11-30T02:17:49.462+0200] {processor.py:179} INFO - Processing /home/seva/UCU/AutomatedDataPipelines/Homework1/venv/lib/python3.10/site-packages/airflow/example_dags/example_branch_operator.py took 0.083 seconds
[2023-11-30T02:18:31.324+0200] {processor.py:157} INFO - Started process (PID=2315) to work on /home/seva/UCU/AutomatedDataPipelines/Homework1/venv/lib/python3.10/site-packages/airflow/example_dags/example_branch_operator.py
[2023-11-30T02:18:31.326+0200] {processor.py:829} INFO - Processing file /home/seva/UCU/AutomatedDataPipelines/Homework1/venv/lib/python3.10/site-packages/airflow/example_dags/example_branch_operator.py for tasks to queue
[2023-11-30T02:18:31.327+0200] {logging_mixin.py:154} INFO - [2023-11-30T02:18:31.327+0200] {dagbag.py:536} INFO - Filling up the DagBag from /home/seva/UCU/AutomatedDataPipelines/Homework1/venv/lib/python3.10/site-packages/airflow/example_dags/example_branch_operator.py
[2023-11-30T02:18:31.336+0200] {processor.py:839} INFO - DAG(s) dict_keys(['example_branch_operator']) retrieved from /home/seva/UCU/AutomatedDataPipelines/Homework1/venv/lib/python3.10/site-packages/airflow/example_dags/example_branch_operator.py
[2023-11-30T02:18:31.352+0200] {logging_mixin.py:154} INFO - [2023-11-30T02:18:31.351+0200] {dag.py:2941} INFO - Sync 1 DAGs
[2023-11-30T02:18:31.369+0200] {logging_mixin.py:154} INFO - [2023-11-30T02:18:31.369+0200] {dag.py:3722} INFO - Setting next_dagrun for example_branch_operator to 2023-11-29T00:00:00+00:00, run_after=2023-11-30T00:00:00+00:00
[2023-11-30T02:18:31.394+0200] {processor.py:179} INFO - Processing /home/seva/UCU/AutomatedDataPipelines/Homework1/venv/lib/python3.10/site-packages/airflow/example_dags/example_branch_operator.py took 0.074 seconds
[2023-11-30T02:19:17.692+0200] {processor.py:157} INFO - Started process (PID=2499) to work on /home/seva/UCU/AutomatedDataPipelines/Homework1/venv/lib/python3.10/site-packages/airflow/example_dags/example_branch_operator.py
[2023-11-30T02:19:17.704+0200] {processor.py:829} INFO - Processing file /home/seva/UCU/AutomatedDataPipelines/Homework1/venv/lib/python3.10/site-packages/airflow/example_dags/example_branch_operator.py for tasks to queue
[2023-11-30T02:19:17.706+0200] {logging_mixin.py:154} INFO - [2023-11-30T02:19:17.705+0200] {dagbag.py:536} INFO - Filling up the DagBag from /home/seva/UCU/AutomatedDataPipelines/Homework1/venv/lib/python3.10/site-packages/airflow/example_dags/example_branch_operator.py
[2023-11-30T02:19:17.715+0200] {processor.py:839} INFO - DAG(s) dict_keys(['example_branch_operator']) retrieved from /home/seva/UCU/AutomatedDataPipelines/Homework1/venv/lib/python3.10/site-packages/airflow/example_dags/example_branch_operator.py
[2023-11-30T02:19:17.730+0200] {logging_mixin.py:154} INFO - [2023-11-30T02:19:17.730+0200] {dag.py:2941} INFO - Sync 1 DAGs
[2023-11-30T02:19:17.748+0200] {logging_mixin.py:154} INFO - [2023-11-30T02:19:17.748+0200] {dag.py:3722} INFO - Setting next_dagrun for example_branch_operator to 2023-11-29T00:00:00+00:00, run_after=2023-11-30T00:00:00+00:00
[2023-11-30T02:19:17.774+0200] {processor.py:179} INFO - Processing /home/seva/UCU/AutomatedDataPipelines/Homework1/venv/lib/python3.10/site-packages/airflow/example_dags/example_branch_operator.py took 0.084 seconds
[2023-11-30T02:20:00.087+0200] {processor.py:157} INFO - Started process (PID=2667) to work on /home/seva/UCU/AutomatedDataPipelines/Homework1/venv/lib/python3.10/site-packages/airflow/example_dags/example_branch_operator.py
[2023-11-30T02:20:00.099+0200] {processor.py:829} INFO - Processing file /home/seva/UCU/AutomatedDataPipelines/Homework1/venv/lib/python3.10/site-packages/airflow/example_dags/example_branch_operator.py for tasks to queue
[2023-11-30T02:20:00.100+0200] {logging_mixin.py:154} INFO - [2023-11-30T02:20:00.099+0200] {dagbag.py:536} INFO - Filling up the DagBag from /home/seva/UCU/AutomatedDataPipelines/Homework1/venv/lib/python3.10/site-packages/airflow/example_dags/example_branch_operator.py
[2023-11-30T02:20:00.109+0200] {processor.py:839} INFO - DAG(s) dict_keys(['example_branch_operator']) retrieved from /home/seva/UCU/AutomatedDataPipelines/Homework1/venv/lib/python3.10/site-packages/airflow/example_dags/example_branch_operator.py
[2023-11-30T02:20:00.124+0200] {logging_mixin.py:154} INFO - [2023-11-30T02:20:00.124+0200] {dag.py:2941} INFO - Sync 1 DAGs
[2023-11-30T02:20:00.140+0200] {logging_mixin.py:154} INFO - [2023-11-30T02:20:00.140+0200] {dag.py:3722} INFO - Setting next_dagrun for example_branch_operator to 2023-11-29T00:00:00+00:00, run_after=2023-11-30T00:00:00+00:00
[2023-11-30T02:20:00.181+0200] {processor.py:179} INFO - Processing /home/seva/UCU/AutomatedDataPipelines/Homework1/venv/lib/python3.10/site-packages/airflow/example_dags/example_branch_operator.py took 0.097 seconds
[2023-11-30T02:20:47.048+0200] {processor.py:157} INFO - Started process (PID=2852) to work on /home/seva/UCU/AutomatedDataPipelines/Homework1/venv/lib/python3.10/site-packages/airflow/example_dags/example_branch_operator.py
[2023-11-30T02:20:47.050+0200] {processor.py:829} INFO - Processing file /home/seva/UCU/AutomatedDataPipelines/Homework1/venv/lib/python3.10/site-packages/airflow/example_dags/example_branch_operator.py for tasks to queue
[2023-11-30T02:20:47.051+0200] {logging_mixin.py:154} INFO - [2023-11-30T02:20:47.051+0200] {dagbag.py:536} INFO - Filling up the DagBag from /home/seva/UCU/AutomatedDataPipelines/Homework1/venv/lib/python3.10/site-packages/airflow/example_dags/example_branch_operator.py
[2023-11-30T02:20:47.059+0200] {processor.py:839} INFO - DAG(s) dict_keys(['example_branch_operator']) retrieved from /home/seva/UCU/AutomatedDataPipelines/Homework1/venv/lib/python3.10/site-packages/airflow/example_dags/example_branch_operator.py
[2023-11-30T02:20:47.074+0200] {logging_mixin.py:154} INFO - [2023-11-30T02:20:47.074+0200] {dag.py:2941} INFO - Sync 1 DAGs
[2023-11-30T02:20:47.090+0200] {logging_mixin.py:154} INFO - [2023-11-30T02:20:47.090+0200] {dag.py:3722} INFO - Setting next_dagrun for example_branch_operator to 2023-11-29T00:00:00+00:00, run_after=2023-11-30T00:00:00+00:00
[2023-11-30T02:20:47.115+0200] {processor.py:179} INFO - Processing /home/seva/UCU/AutomatedDataPipelines/Homework1/venv/lib/python3.10/site-packages/airflow/example_dags/example_branch_operator.py took 0.069 seconds
[2023-11-30T02:21:31.413+0200] {processor.py:157} INFO - Started process (PID=3025) to work on /home/seva/UCU/AutomatedDataPipelines/Homework1/venv/lib/python3.10/site-packages/airflow/example_dags/example_branch_operator.py
[2023-11-30T02:21:31.425+0200] {processor.py:829} INFO - Processing file /home/seva/UCU/AutomatedDataPipelines/Homework1/venv/lib/python3.10/site-packages/airflow/example_dags/example_branch_operator.py for tasks to queue
[2023-11-30T02:21:31.427+0200] {logging_mixin.py:154} INFO - [2023-11-30T02:21:31.426+0200] {dagbag.py:536} INFO - Filling up the DagBag from /home/seva/UCU/AutomatedDataPipelines/Homework1/venv/lib/python3.10/site-packages/airflow/example_dags/example_branch_operator.py
[2023-11-30T02:21:31.436+0200] {processor.py:839} INFO - DAG(s) dict_keys(['example_branch_operator']) retrieved from /home/seva/UCU/AutomatedDataPipelines/Homework1/venv/lib/python3.10/site-packages/airflow/example_dags/example_branch_operator.py
[2023-11-30T02:21:31.450+0200] {logging_mixin.py:154} INFO - [2023-11-30T02:21:31.450+0200] {dag.py:2941} INFO - Sync 1 DAGs
[2023-11-30T02:21:31.467+0200] {logging_mixin.py:154} INFO - [2023-11-30T02:21:31.467+0200] {dag.py:3722} INFO - Setting next_dagrun for example_branch_operator to 2023-11-29T00:00:00+00:00, run_after=2023-11-30T00:00:00+00:00
[2023-11-30T02:21:31.490+0200] {processor.py:179} INFO - Processing /home/seva/UCU/AutomatedDataPipelines/Homework1/venv/lib/python3.10/site-packages/airflow/example_dags/example_branch_operator.py took 0.080 seconds
[2023-11-30T02:22:13.266+0200] {processor.py:157} INFO - Started process (PID=3198) to work on /home/seva/UCU/AutomatedDataPipelines/Homework1/venv/lib/python3.10/site-packages/airflow/example_dags/example_branch_operator.py
[2023-11-30T02:22:13.268+0200] {processor.py:829} INFO - Processing file /home/seva/UCU/AutomatedDataPipelines/Homework1/venv/lib/python3.10/site-packages/airflow/example_dags/example_branch_operator.py for tasks to queue
[2023-11-30T02:22:13.269+0200] {logging_mixin.py:154} INFO - [2023-11-30T02:22:13.269+0200] {dagbag.py:536} INFO - Filling up the DagBag from /home/seva/UCU/AutomatedDataPipelines/Homework1/venv/lib/python3.10/site-packages/airflow/example_dags/example_branch_operator.py
[2023-11-30T02:22:13.277+0200] {processor.py:839} INFO - DAG(s) dict_keys(['example_branch_operator']) retrieved from /home/seva/UCU/AutomatedDataPipelines/Homework1/venv/lib/python3.10/site-packages/airflow/example_dags/example_branch_operator.py
[2023-11-30T02:22:13.293+0200] {logging_mixin.py:154} INFO - [2023-11-30T02:22:13.293+0200] {dag.py:2941} INFO - Sync 1 DAGs
[2023-11-30T02:22:13.310+0200] {logging_mixin.py:154} INFO - [2023-11-30T02:22:13.310+0200] {dag.py:3722} INFO - Setting next_dagrun for example_branch_operator to 2023-11-29T00:00:00+00:00, run_after=2023-11-30T00:00:00+00:00
[2023-11-30T02:22:13.332+0200] {processor.py:179} INFO - Processing /home/seva/UCU/AutomatedDataPipelines/Homework1/venv/lib/python3.10/site-packages/airflow/example_dags/example_branch_operator.py took 0.068 seconds
[2023-11-30T02:23:01.175+0200] {processor.py:157} INFO - Started process (PID=3384) to work on /home/seva/UCU/AutomatedDataPipelines/Homework1/venv/lib/python3.10/site-packages/airflow/example_dags/example_branch_operator.py
[2023-11-30T02:23:01.177+0200] {processor.py:829} INFO - Processing file /home/seva/UCU/AutomatedDataPipelines/Homework1/venv/lib/python3.10/site-packages/airflow/example_dags/example_branch_operator.py for tasks to queue
[2023-11-30T02:23:01.178+0200] {logging_mixin.py:154} INFO - [2023-11-30T02:23:01.178+0200] {dagbag.py:536} INFO - Filling up the DagBag from /home/seva/UCU/AutomatedDataPipelines/Homework1/venv/lib/python3.10/site-packages/airflow/example_dags/example_branch_operator.py
[2023-11-30T02:23:01.187+0200] {processor.py:839} INFO - DAG(s) dict_keys(['example_branch_operator']) retrieved from /home/seva/UCU/AutomatedDataPipelines/Homework1/venv/lib/python3.10/site-packages/airflow/example_dags/example_branch_operator.py
[2023-11-30T02:23:01.203+0200] {logging_mixin.py:154} INFO - [2023-11-30T02:23:01.203+0200] {dag.py:2941} INFO - Sync 1 DAGs
[2023-11-30T02:23:01.221+0200] {logging_mixin.py:154} INFO - [2023-11-30T02:23:01.220+0200] {dag.py:3722} INFO - Setting next_dagrun for example_branch_operator to 2023-11-29T00:00:00+00:00, run_after=2023-11-30T00:00:00+00:00
[2023-11-30T02:23:01.248+0200] {processor.py:179} INFO - Processing /home/seva/UCU/AutomatedDataPipelines/Homework1/venv/lib/python3.10/site-packages/airflow/example_dags/example_branch_operator.py took 0.076 seconds
[2023-11-30T02:23:44.073+0200] {processor.py:157} INFO - Started process (PID=3556) to work on /home/seva/UCU/AutomatedDataPipelines/Homework1/venv/lib/python3.10/site-packages/airflow/example_dags/example_branch_operator.py
[2023-11-30T02:23:44.085+0200] {processor.py:829} INFO - Processing file /home/seva/UCU/AutomatedDataPipelines/Homework1/venv/lib/python3.10/site-packages/airflow/example_dags/example_branch_operator.py for tasks to queue
[2023-11-30T02:23:44.086+0200] {logging_mixin.py:154} INFO - [2023-11-30T02:23:44.086+0200] {dagbag.py:536} INFO - Filling up the DagBag from /home/seva/UCU/AutomatedDataPipelines/Homework1/venv/lib/python3.10/site-packages/airflow/example_dags/example_branch_operator.py
[2023-11-30T02:23:44.095+0200] {processor.py:839} INFO - DAG(s) dict_keys(['example_branch_operator']) retrieved from /home/seva/UCU/AutomatedDataPipelines/Homework1/venv/lib/python3.10/site-packages/airflow/example_dags/example_branch_operator.py
[2023-11-30T02:23:44.111+0200] {logging_mixin.py:154} INFO - [2023-11-30T02:23:44.110+0200] {dag.py:2941} INFO - Sync 1 DAGs
[2023-11-30T02:23:44.127+0200] {logging_mixin.py:154} INFO - [2023-11-30T02:23:44.127+0200] {dag.py:3722} INFO - Setting next_dagrun for example_branch_operator to 2023-11-29T00:00:00+00:00, run_after=2023-11-30T00:00:00+00:00
[2023-11-30T02:23:44.151+0200] {processor.py:179} INFO - Processing /home/seva/UCU/AutomatedDataPipelines/Homework1/venv/lib/python3.10/site-packages/airflow/example_dags/example_branch_operator.py took 0.080 seconds
[2023-11-30T02:24:31.771+0200] {processor.py:157} INFO - Started process (PID=3743) to work on /home/seva/UCU/AutomatedDataPipelines/Homework1/venv/lib/python3.10/site-packages/airflow/example_dags/example_branch_operator.py
[2023-11-30T02:24:31.773+0200] {processor.py:829} INFO - Processing file /home/seva/UCU/AutomatedDataPipelines/Homework1/venv/lib/python3.10/site-packages/airflow/example_dags/example_branch_operator.py for tasks to queue
[2023-11-30T02:24:31.774+0200] {logging_mixin.py:154} INFO - [2023-11-30T02:24:31.774+0200] {dagbag.py:536} INFO - Filling up the DagBag from /home/seva/UCU/AutomatedDataPipelines/Homework1/venv/lib/python3.10/site-packages/airflow/example_dags/example_branch_operator.py
[2023-11-30T02:24:31.782+0200] {processor.py:839} INFO - DAG(s) dict_keys(['example_branch_operator']) retrieved from /home/seva/UCU/AutomatedDataPipelines/Homework1/venv/lib/python3.10/site-packages/airflow/example_dags/example_branch_operator.py
[2023-11-30T02:24:31.800+0200] {logging_mixin.py:154} INFO - [2023-11-30T02:24:31.800+0200] {dag.py:2941} INFO - Sync 1 DAGs
[2023-11-30T02:24:31.818+0200] {logging_mixin.py:154} INFO - [2023-11-30T02:24:31.818+0200] {dag.py:3722} INFO - Setting next_dagrun for example_branch_operator to 2023-11-29T00:00:00+00:00, run_after=2023-11-30T00:00:00+00:00
[2023-11-30T02:24:31.844+0200] {processor.py:179} INFO - Processing /home/seva/UCU/AutomatedDataPipelines/Homework1/venv/lib/python3.10/site-packages/airflow/example_dags/example_branch_operator.py took 0.075 seconds
[2023-11-30T02:25:20.064+0200] {processor.py:157} INFO - Started process (PID=3931) to work on /home/seva/UCU/AutomatedDataPipelines/Homework1/venv/lib/python3.10/site-packages/airflow/example_dags/example_branch_operator.py
[2023-11-30T02:25:20.066+0200] {processor.py:829} INFO - Processing file /home/seva/UCU/AutomatedDataPipelines/Homework1/venv/lib/python3.10/site-packages/airflow/example_dags/example_branch_operator.py for tasks to queue
[2023-11-30T02:25:20.067+0200] {logging_mixin.py:154} INFO - [2023-11-30T02:25:20.067+0200] {dagbag.py:536} INFO - Filling up the DagBag from /home/seva/UCU/AutomatedDataPipelines/Homework1/venv/lib/python3.10/site-packages/airflow/example_dags/example_branch_operator.py
[2023-11-30T02:25:20.076+0200] {processor.py:839} INFO - DAG(s) dict_keys(['example_branch_operator']) retrieved from /home/seva/UCU/AutomatedDataPipelines/Homework1/venv/lib/python3.10/site-packages/airflow/example_dags/example_branch_operator.py
[2023-11-30T02:25:20.090+0200] {logging_mixin.py:154} INFO - [2023-11-30T02:25:20.090+0200] {dag.py:2941} INFO - Sync 1 DAGs
[2023-11-30T02:25:20.107+0200] {logging_mixin.py:154} INFO - [2023-11-30T02:25:20.106+0200] {dag.py:3722} INFO - Setting next_dagrun for example_branch_operator to 2023-11-29T00:00:00+00:00, run_after=2023-11-30T00:00:00+00:00
[2023-11-30T02:25:20.130+0200] {processor.py:179} INFO - Processing /home/seva/UCU/AutomatedDataPipelines/Homework1/venv/lib/python3.10/site-packages/airflow/example_dags/example_branch_operator.py took 0.069 seconds
[2023-11-30T02:26:01.334+0200] {processor.py:157} INFO - Started process (PID=4094) to work on /home/seva/UCU/AutomatedDataPipelines/Homework1/venv/lib/python3.10/site-packages/airflow/example_dags/example_branch_operator.py
[2023-11-30T02:26:01.346+0200] {processor.py:829} INFO - Processing file /home/seva/UCU/AutomatedDataPipelines/Homework1/venv/lib/python3.10/site-packages/airflow/example_dags/example_branch_operator.py for tasks to queue
[2023-11-30T02:26:01.347+0200] {logging_mixin.py:154} INFO - [2023-11-30T02:26:01.347+0200] {dagbag.py:536} INFO - Filling up the DagBag from /home/seva/UCU/AutomatedDataPipelines/Homework1/venv/lib/python3.10/site-packages/airflow/example_dags/example_branch_operator.py
[2023-11-30T02:26:01.355+0200] {processor.py:839} INFO - DAG(s) dict_keys(['example_branch_operator']) retrieved from /home/seva/UCU/AutomatedDataPipelines/Homework1/venv/lib/python3.10/site-packages/airflow/example_dags/example_branch_operator.py
[2023-11-30T02:26:01.370+0200] {logging_mixin.py:154} INFO - [2023-11-30T02:26:01.370+0200] {dag.py:2941} INFO - Sync 1 DAGs
[2023-11-30T02:26:01.388+0200] {logging_mixin.py:154} INFO - [2023-11-30T02:26:01.388+0200] {dag.py:3722} INFO - Setting next_dagrun for example_branch_operator to 2023-11-29T00:00:00+00:00, run_after=2023-11-30T00:00:00+00:00
[2023-11-30T02:26:01.415+0200] {processor.py:179} INFO - Processing /home/seva/UCU/AutomatedDataPipelines/Homework1/venv/lib/python3.10/site-packages/airflow/example_dags/example_branch_operator.py took 0.084 seconds
[2023-11-30T02:26:52.370+0200] {processor.py:157} INFO - Started process (PID=4294) to work on /home/seva/UCU/AutomatedDataPipelines/Homework1/venv/lib/python3.10/site-packages/airflow/example_dags/example_branch_operator.py
[2023-11-30T02:26:52.382+0200] {processor.py:829} INFO - Processing file /home/seva/UCU/AutomatedDataPipelines/Homework1/venv/lib/python3.10/site-packages/airflow/example_dags/example_branch_operator.py for tasks to queue
[2023-11-30T02:26:52.383+0200] {logging_mixin.py:154} INFO - [2023-11-30T02:26:52.383+0200] {dagbag.py:536} INFO - Filling up the DagBag from /home/seva/UCU/AutomatedDataPipelines/Homework1/venv/lib/python3.10/site-packages/airflow/example_dags/example_branch_operator.py
[2023-11-30T02:26:52.393+0200] {processor.py:839} INFO - DAG(s) dict_keys(['example_branch_operator']) retrieved from /home/seva/UCU/AutomatedDataPipelines/Homework1/venv/lib/python3.10/site-packages/airflow/example_dags/example_branch_operator.py
[2023-11-30T02:26:52.408+0200] {logging_mixin.py:154} INFO - [2023-11-30T02:26:52.408+0200] {dag.py:2941} INFO - Sync 1 DAGs
[2023-11-30T02:26:52.425+0200] {logging_mixin.py:154} INFO - [2023-11-30T02:26:52.425+0200] {dag.py:3722} INFO - Setting next_dagrun for example_branch_operator to 2023-11-29T00:00:00+00:00, run_after=2023-11-30T00:00:00+00:00
[2023-11-30T02:26:52.449+0200] {processor.py:179} INFO - Processing /home/seva/UCU/AutomatedDataPipelines/Homework1/venv/lib/python3.10/site-packages/airflow/example_dags/example_branch_operator.py took 0.081 seconds
[2023-11-30T02:27:41.610+0200] {processor.py:157} INFO - Started process (PID=4490) to work on /home/seva/UCU/AutomatedDataPipelines/Homework1/venv/lib/python3.10/site-packages/airflow/example_dags/example_branch_operator.py
[2023-11-30T02:27:41.618+0200] {processor.py:829} INFO - Processing file /home/seva/UCU/AutomatedDataPipelines/Homework1/venv/lib/python3.10/site-packages/airflow/example_dags/example_branch_operator.py for tasks to queue
[2023-11-30T02:27:41.620+0200] {logging_mixin.py:154} INFO - [2023-11-30T02:27:41.619+0200] {dagbag.py:536} INFO - Filling up the DagBag from /home/seva/UCU/AutomatedDataPipelines/Homework1/venv/lib/python3.10/site-packages/airflow/example_dags/example_branch_operator.py
[2023-11-30T02:27:41.629+0200] {processor.py:839} INFO - DAG(s) dict_keys(['example_branch_operator']) retrieved from /home/seva/UCU/AutomatedDataPipelines/Homework1/venv/lib/python3.10/site-packages/airflow/example_dags/example_branch_operator.py
[2023-11-30T02:27:41.644+0200] {logging_mixin.py:154} INFO - [2023-11-30T02:27:41.644+0200] {dag.py:2941} INFO - Sync 1 DAGs
[2023-11-30T02:27:41.660+0200] {logging_mixin.py:154} INFO - [2023-11-30T02:27:41.660+0200] {dag.py:3722} INFO - Setting next_dagrun for example_branch_operator to 2023-11-29T00:00:00+00:00, run_after=2023-11-30T00:00:00+00:00
[2023-11-30T02:27:41.700+0200] {processor.py:179} INFO - Processing /home/seva/UCU/AutomatedDataPipelines/Homework1/venv/lib/python3.10/site-packages/airflow/example_dags/example_branch_operator.py took 0.092 seconds
[2023-11-30T02:28:25.999+0200] {processor.py:157} INFO - Started process (PID=4663) to work on /home/seva/UCU/AutomatedDataPipelines/Homework1/venv/lib/python3.10/site-packages/airflow/example_dags/example_branch_operator.py
[2023-11-30T02:28:26.001+0200] {processor.py:829} INFO - Processing file /home/seva/UCU/AutomatedDataPipelines/Homework1/venv/lib/python3.10/site-packages/airflow/example_dags/example_branch_operator.py for tasks to queue
[2023-11-30T02:28:26.002+0200] {logging_mixin.py:154} INFO - [2023-11-30T02:28:26.002+0200] {dagbag.py:536} INFO - Filling up the DagBag from /home/seva/UCU/AutomatedDataPipelines/Homework1/venv/lib/python3.10/site-packages/airflow/example_dags/example_branch_operator.py
[2023-11-30T02:28:26.010+0200] {processor.py:839} INFO - DAG(s) dict_keys(['example_branch_operator']) retrieved from /home/seva/UCU/AutomatedDataPipelines/Homework1/venv/lib/python3.10/site-packages/airflow/example_dags/example_branch_operator.py
[2023-11-30T02:28:26.025+0200] {logging_mixin.py:154} INFO - [2023-11-30T02:28:26.025+0200] {dag.py:2941} INFO - Sync 1 DAGs
[2023-11-30T02:28:26.042+0200] {logging_mixin.py:154} INFO - [2023-11-30T02:28:26.042+0200] {dag.py:3722} INFO - Setting next_dagrun for example_branch_operator to 2023-11-29T00:00:00+00:00, run_after=2023-11-30T00:00:00+00:00
[2023-11-30T02:28:26.068+0200] {processor.py:179} INFO - Processing /home/seva/UCU/AutomatedDataPipelines/Homework1/venv/lib/python3.10/site-packages/airflow/example_dags/example_branch_operator.py took 0.071 seconds
[2023-11-30T02:29:10.240+0200] {processor.py:157} INFO - Started process (PID=4833) to work on /home/seva/UCU/AutomatedDataPipelines/Homework1/venv/lib/python3.10/site-packages/airflow/example_dags/example_branch_operator.py
[2023-11-30T02:29:10.249+0200] {processor.py:829} INFO - Processing file /home/seva/UCU/AutomatedDataPipelines/Homework1/venv/lib/python3.10/site-packages/airflow/example_dags/example_branch_operator.py for tasks to queue
[2023-11-30T02:29:10.250+0200] {logging_mixin.py:154} INFO - [2023-11-30T02:29:10.250+0200] {dagbag.py:536} INFO - Filling up the DagBag from /home/seva/UCU/AutomatedDataPipelines/Homework1/venv/lib/python3.10/site-packages/airflow/example_dags/example_branch_operator.py
[2023-11-30T02:29:10.259+0200] {processor.py:839} INFO - DAG(s) dict_keys(['example_branch_operator']) retrieved from /home/seva/UCU/AutomatedDataPipelines/Homework1/venv/lib/python3.10/site-packages/airflow/example_dags/example_branch_operator.py
[2023-11-30T02:29:10.274+0200] {logging_mixin.py:154} INFO - [2023-11-30T02:29:10.274+0200] {dag.py:2941} INFO - Sync 1 DAGs
[2023-11-30T02:29:10.291+0200] {logging_mixin.py:154} INFO - [2023-11-30T02:29:10.291+0200] {dag.py:3722} INFO - Setting next_dagrun for example_branch_operator to 2023-11-29T00:00:00+00:00, run_after=2023-11-30T00:00:00+00:00
[2023-11-30T02:29:10.316+0200] {processor.py:179} INFO - Processing /home/seva/UCU/AutomatedDataPipelines/Homework1/venv/lib/python3.10/site-packages/airflow/example_dags/example_branch_operator.py took 0.079 seconds
[2023-11-30T02:29:53.168+0200] {processor.py:157} INFO - Started process (PID=5009) to work on /home/seva/UCU/AutomatedDataPipelines/Homework1/venv/lib/python3.10/site-packages/airflow/example_dags/example_branch_operator.py
[2023-11-30T02:29:53.170+0200] {processor.py:829} INFO - Processing file /home/seva/UCU/AutomatedDataPipelines/Homework1/venv/lib/python3.10/site-packages/airflow/example_dags/example_branch_operator.py for tasks to queue
[2023-11-30T02:29:53.171+0200] {logging_mixin.py:154} INFO - [2023-11-30T02:29:53.170+0200] {dagbag.py:536} INFO - Filling up the DagBag from /home/seva/UCU/AutomatedDataPipelines/Homework1/venv/lib/python3.10/site-packages/airflow/example_dags/example_branch_operator.py
[2023-11-30T02:29:53.179+0200] {processor.py:839} INFO - DAG(s) dict_keys(['example_branch_operator']) retrieved from /home/seva/UCU/AutomatedDataPipelines/Homework1/venv/lib/python3.10/site-packages/airflow/example_dags/example_branch_operator.py
[2023-11-30T02:29:53.193+0200] {logging_mixin.py:154} INFO - [2023-11-30T02:29:53.193+0200] {dag.py:2941} INFO - Sync 1 DAGs
[2023-11-30T02:29:53.210+0200] {logging_mixin.py:154} INFO - [2023-11-30T02:29:53.210+0200] {dag.py:3722} INFO - Setting next_dagrun for example_branch_operator to 2023-11-29T00:00:00+00:00, run_after=2023-11-30T00:00:00+00:00
[2023-11-30T02:29:53.233+0200] {processor.py:179} INFO - Processing /home/seva/UCU/AutomatedDataPipelines/Homework1/venv/lib/python3.10/site-packages/airflow/example_dags/example_branch_operator.py took 0.068 seconds
[2023-11-30T02:30:39.431+0200] {processor.py:157} INFO - Started process (PID=5189) to work on /home/seva/UCU/AutomatedDataPipelines/Homework1/venv/lib/python3.10/site-packages/airflow/example_dags/example_branch_operator.py
[2023-11-30T02:30:39.442+0200] {processor.py:829} INFO - Processing file /home/seva/UCU/AutomatedDataPipelines/Homework1/venv/lib/python3.10/site-packages/airflow/example_dags/example_branch_operator.py for tasks to queue
[2023-11-30T02:30:39.444+0200] {logging_mixin.py:154} INFO - [2023-11-30T02:30:39.443+0200] {dagbag.py:536} INFO - Filling up the DagBag from /home/seva/UCU/AutomatedDataPipelines/Homework1/venv/lib/python3.10/site-packages/airflow/example_dags/example_branch_operator.py
[2023-11-30T02:30:39.452+0200] {processor.py:839} INFO - DAG(s) dict_keys(['example_branch_operator']) retrieved from /home/seva/UCU/AutomatedDataPipelines/Homework1/venv/lib/python3.10/site-packages/airflow/example_dags/example_branch_operator.py
[2023-11-30T02:30:39.468+0200] {logging_mixin.py:154} INFO - [2023-11-30T02:30:39.467+0200] {dag.py:2941} INFO - Sync 1 DAGs
[2023-11-30T02:30:39.483+0200] {logging_mixin.py:154} INFO - [2023-11-30T02:30:39.483+0200] {dag.py:3722} INFO - Setting next_dagrun for example_branch_operator to 2023-11-29T00:00:00+00:00, run_after=2023-11-30T00:00:00+00:00
[2023-11-30T02:30:39.508+0200] {processor.py:179} INFO - Processing /home/seva/UCU/AutomatedDataPipelines/Homework1/venv/lib/python3.10/site-packages/airflow/example_dags/example_branch_operator.py took 0.080 seconds
[2023-11-30T02:31:26.941+0200] {processor.py:157} INFO - Started process (PID=5375) to work on /home/seva/UCU/AutomatedDataPipelines/Homework1/venv/lib/python3.10/site-packages/airflow/example_dags/example_branch_operator.py
[2023-11-30T02:31:26.953+0200] {processor.py:829} INFO - Processing file /home/seva/UCU/AutomatedDataPipelines/Homework1/venv/lib/python3.10/site-packages/airflow/example_dags/example_branch_operator.py for tasks to queue
[2023-11-30T02:31:26.954+0200] {logging_mixin.py:154} INFO - [2023-11-30T02:31:26.954+0200] {dagbag.py:536} INFO - Filling up the DagBag from /home/seva/UCU/AutomatedDataPipelines/Homework1/venv/lib/python3.10/site-packages/airflow/example_dags/example_branch_operator.py
[2023-11-30T02:31:26.963+0200] {processor.py:839} INFO - DAG(s) dict_keys(['example_branch_operator']) retrieved from /home/seva/UCU/AutomatedDataPipelines/Homework1/venv/lib/python3.10/site-packages/airflow/example_dags/example_branch_operator.py
[2023-11-30T02:31:26.980+0200] {logging_mixin.py:154} INFO - [2023-11-30T02:31:26.979+0200] {dag.py:2941} INFO - Sync 1 DAGs
[2023-11-30T02:31:26.997+0200] {logging_mixin.py:154} INFO - [2023-11-30T02:31:26.996+0200] {dag.py:3722} INFO - Setting next_dagrun for example_branch_operator to 2023-11-29T00:00:00+00:00, run_after=2023-11-30T00:00:00+00:00
[2023-11-30T02:31:27.022+0200] {processor.py:179} INFO - Processing /home/seva/UCU/AutomatedDataPipelines/Homework1/venv/lib/python3.10/site-packages/airflow/example_dags/example_branch_operator.py took 0.084 seconds
[2023-11-30T02:32:11.481+0200] {processor.py:157} INFO - Started process (PID=5555) to work on /home/seva/UCU/AutomatedDataPipelines/Homework1/venv/lib/python3.10/site-packages/airflow/example_dags/example_branch_operator.py
[2023-11-30T02:32:11.492+0200] {processor.py:829} INFO - Processing file /home/seva/UCU/AutomatedDataPipelines/Homework1/venv/lib/python3.10/site-packages/airflow/example_dags/example_branch_operator.py for tasks to queue
[2023-11-30T02:32:11.494+0200] {logging_mixin.py:154} INFO - [2023-11-30T02:32:11.493+0200] {dagbag.py:536} INFO - Filling up the DagBag from /home/seva/UCU/AutomatedDataPipelines/Homework1/venv/lib/python3.10/site-packages/airflow/example_dags/example_branch_operator.py
[2023-11-30T02:32:11.503+0200] {processor.py:839} INFO - DAG(s) dict_keys(['example_branch_operator']) retrieved from /home/seva/UCU/AutomatedDataPipelines/Homework1/venv/lib/python3.10/site-packages/airflow/example_dags/example_branch_operator.py
[2023-11-30T02:32:11.522+0200] {logging_mixin.py:154} INFO - [2023-11-30T02:32:11.521+0200] {dag.py:2941} INFO - Sync 1 DAGs
[2023-11-30T02:32:11.544+0200] {logging_mixin.py:154} INFO - [2023-11-30T02:32:11.544+0200] {dag.py:3722} INFO - Setting next_dagrun for example_branch_operator to 2023-11-29T00:00:00+00:00, run_after=2023-11-30T00:00:00+00:00
[2023-11-30T02:32:11.568+0200] {processor.py:179} INFO - Processing /home/seva/UCU/AutomatedDataPipelines/Homework1/venv/lib/python3.10/site-packages/airflow/example_dags/example_branch_operator.py took 0.091 seconds
[2023-11-30T02:32:58.280+0200] {processor.py:157} INFO - Started process (PID=5769) to work on /home/seva/UCU/AutomatedDataPipelines/Homework1/venv/lib/python3.10/site-packages/airflow/example_dags/example_branch_operator.py
[2023-11-30T02:32:58.292+0200] {processor.py:829} INFO - Processing file /home/seva/UCU/AutomatedDataPipelines/Homework1/venv/lib/python3.10/site-packages/airflow/example_dags/example_branch_operator.py for tasks to queue
[2023-11-30T02:32:58.293+0200] {logging_mixin.py:154} INFO - [2023-11-30T02:32:58.293+0200] {dagbag.py:536} INFO - Filling up the DagBag from /home/seva/UCU/AutomatedDataPipelines/Homework1/venv/lib/python3.10/site-packages/airflow/example_dags/example_branch_operator.py
[2023-11-30T02:32:58.303+0200] {processor.py:839} INFO - DAG(s) dict_keys(['example_branch_operator']) retrieved from /home/seva/UCU/AutomatedDataPipelines/Homework1/venv/lib/python3.10/site-packages/airflow/example_dags/example_branch_operator.py
[2023-11-30T02:32:58.321+0200] {logging_mixin.py:154} INFO - [2023-11-30T02:32:58.321+0200] {dag.py:2941} INFO - Sync 1 DAGs
[2023-11-30T02:32:58.341+0200] {logging_mixin.py:154} INFO - [2023-11-30T02:32:58.341+0200] {dag.py:3722} INFO - Setting next_dagrun for example_branch_operator to 2023-11-29T00:00:00+00:00, run_after=2023-11-30T00:00:00+00:00
[2023-11-30T02:32:58.366+0200] {processor.py:179} INFO - Processing /home/seva/UCU/AutomatedDataPipelines/Homework1/venv/lib/python3.10/site-packages/airflow/example_dags/example_branch_operator.py took 0.090 seconds
[2023-11-30T02:33:45.155+0200] {processor.py:157} INFO - Started process (PID=5949) to work on /home/seva/UCU/AutomatedDataPipelines/Homework1/venv/lib/python3.10/site-packages/airflow/example_dags/example_branch_operator.py
[2023-11-30T02:33:45.168+0200] {processor.py:829} INFO - Processing file /home/seva/UCU/AutomatedDataPipelines/Homework1/venv/lib/python3.10/site-packages/airflow/example_dags/example_branch_operator.py for tasks to queue
[2023-11-30T02:33:45.169+0200] {logging_mixin.py:154} INFO - [2023-11-30T02:33:45.169+0200] {dagbag.py:536} INFO - Filling up the DagBag from /home/seva/UCU/AutomatedDataPipelines/Homework1/venv/lib/python3.10/site-packages/airflow/example_dags/example_branch_operator.py
[2023-11-30T02:33:45.181+0200] {processor.py:839} INFO - DAG(s) dict_keys(['example_branch_operator']) retrieved from /home/seva/UCU/AutomatedDataPipelines/Homework1/venv/lib/python3.10/site-packages/airflow/example_dags/example_branch_operator.py
[2023-11-30T02:33:45.202+0200] {logging_mixin.py:154} INFO - [2023-11-30T02:33:45.201+0200] {dag.py:2941} INFO - Sync 1 DAGs
[2023-11-30T02:33:45.226+0200] {logging_mixin.py:154} INFO - [2023-11-30T02:33:45.226+0200] {dag.py:3722} INFO - Setting next_dagrun for example_branch_operator to 2023-11-29T00:00:00+00:00, run_after=2023-11-30T00:00:00+00:00
[2023-11-30T02:33:45.255+0200] {processor.py:179} INFO - Processing /home/seva/UCU/AutomatedDataPipelines/Homework1/venv/lib/python3.10/site-packages/airflow/example_dags/example_branch_operator.py took 0.103 seconds
[2023-11-30T02:34:34.446+0200] {processor.py:157} INFO - Started process (PID=6151) to work on /home/seva/UCU/AutomatedDataPipelines/Homework1/venv/lib/python3.10/site-packages/airflow/example_dags/example_branch_operator.py
[2023-11-30T02:34:34.449+0200] {processor.py:829} INFO - Processing file /home/seva/UCU/AutomatedDataPipelines/Homework1/venv/lib/python3.10/site-packages/airflow/example_dags/example_branch_operator.py for tasks to queue
[2023-11-30T02:34:34.450+0200] {logging_mixin.py:154} INFO - [2023-11-30T02:34:34.450+0200] {dagbag.py:536} INFO - Filling up the DagBag from /home/seva/UCU/AutomatedDataPipelines/Homework1/venv/lib/python3.10/site-packages/airflow/example_dags/example_branch_operator.py
[2023-11-30T02:34:34.462+0200] {processor.py:839} INFO - DAG(s) dict_keys(['example_branch_operator']) retrieved from /home/seva/UCU/AutomatedDataPipelines/Homework1/venv/lib/python3.10/site-packages/airflow/example_dags/example_branch_operator.py
[2023-11-30T02:34:34.484+0200] {logging_mixin.py:154} INFO - [2023-11-30T02:34:34.484+0200] {dag.py:2941} INFO - Sync 1 DAGs
[2023-11-30T02:34:34.509+0200] {logging_mixin.py:154} INFO - [2023-11-30T02:34:34.508+0200] {dag.py:3722} INFO - Setting next_dagrun for example_branch_operator to 2023-11-29T00:00:00+00:00, run_after=2023-11-30T00:00:00+00:00
[2023-11-30T02:34:34.540+0200] {processor.py:179} INFO - Processing /home/seva/UCU/AutomatedDataPipelines/Homework1/venv/lib/python3.10/site-packages/airflow/example_dags/example_branch_operator.py took 0.098 seconds
[2023-11-30T02:35:23.505+0200] {processor.py:157} INFO - Started process (PID=6340) to work on /home/seva/UCU/AutomatedDataPipelines/Homework1/venv/lib/python3.10/site-packages/airflow/example_dags/example_branch_operator.py
[2023-11-30T02:35:23.516+0200] {processor.py:829} INFO - Processing file /home/seva/UCU/AutomatedDataPipelines/Homework1/venv/lib/python3.10/site-packages/airflow/example_dags/example_branch_operator.py for tasks to queue
[2023-11-30T02:35:23.518+0200] {logging_mixin.py:154} INFO - [2023-11-30T02:35:23.518+0200] {dagbag.py:536} INFO - Filling up the DagBag from /home/seva/UCU/AutomatedDataPipelines/Homework1/venv/lib/python3.10/site-packages/airflow/example_dags/example_branch_operator.py
[2023-11-30T02:35:23.533+0200] {processor.py:839} INFO - DAG(s) dict_keys(['example_branch_operator']) retrieved from /home/seva/UCU/AutomatedDataPipelines/Homework1/venv/lib/python3.10/site-packages/airflow/example_dags/example_branch_operator.py
[2023-11-30T02:35:23.554+0200] {logging_mixin.py:154} INFO - [2023-11-30T02:35:23.554+0200] {dag.py:2941} INFO - Sync 1 DAGs
[2023-11-30T02:35:23.587+0200] {logging_mixin.py:154} INFO - [2023-11-30T02:35:23.587+0200] {dag.py:3722} INFO - Setting next_dagrun for example_branch_operator to 2023-11-29T00:00:00+00:00, run_after=2023-11-30T00:00:00+00:00
[2023-11-30T02:35:23.632+0200] {processor.py:179} INFO - Processing /home/seva/UCU/AutomatedDataPipelines/Homework1/venv/lib/python3.10/site-packages/airflow/example_dags/example_branch_operator.py took 0.131 seconds
[2023-11-30T02:36:08.630+0200] {processor.py:157} INFO - Started process (PID=6523) to work on /home/seva/UCU/AutomatedDataPipelines/Homework1/venv/lib/python3.10/site-packages/airflow/example_dags/example_branch_operator.py
[2023-11-30T02:36:08.641+0200] {processor.py:829} INFO - Processing file /home/seva/UCU/AutomatedDataPipelines/Homework1/venv/lib/python3.10/site-packages/airflow/example_dags/example_branch_operator.py for tasks to queue
[2023-11-30T02:36:08.642+0200] {logging_mixin.py:154} INFO - [2023-11-30T02:36:08.642+0200] {dagbag.py:536} INFO - Filling up the DagBag from /home/seva/UCU/AutomatedDataPipelines/Homework1/venv/lib/python3.10/site-packages/airflow/example_dags/example_branch_operator.py
[2023-11-30T02:36:08.651+0200] {processor.py:839} INFO - DAG(s) dict_keys(['example_branch_operator']) retrieved from /home/seva/UCU/AutomatedDataPipelines/Homework1/venv/lib/python3.10/site-packages/airflow/example_dags/example_branch_operator.py
[2023-11-30T02:36:08.666+0200] {logging_mixin.py:154} INFO - [2023-11-30T02:36:08.666+0200] {dag.py:2941} INFO - Sync 1 DAGs
[2023-11-30T02:36:08.683+0200] {logging_mixin.py:154} INFO - [2023-11-30T02:36:08.683+0200] {dag.py:3722} INFO - Setting next_dagrun for example_branch_operator to 2023-11-29T00:00:00+00:00, run_after=2023-11-30T00:00:00+00:00
[2023-11-30T02:36:08.709+0200] {processor.py:179} INFO - Processing /home/seva/UCU/AutomatedDataPipelines/Homework1/venv/lib/python3.10/site-packages/airflow/example_dags/example_branch_operator.py took 0.083 seconds
[2023-11-30T02:36:53.626+0200] {processor.py:157} INFO - Started process (PID=6702) to work on /home/seva/UCU/AutomatedDataPipelines/Homework1/venv/lib/python3.10/site-packages/airflow/example_dags/example_branch_operator.py
[2023-11-30T02:36:53.638+0200] {processor.py:829} INFO - Processing file /home/seva/UCU/AutomatedDataPipelines/Homework1/venv/lib/python3.10/site-packages/airflow/example_dags/example_branch_operator.py for tasks to queue
[2023-11-30T02:36:53.639+0200] {logging_mixin.py:154} INFO - [2023-11-30T02:36:53.639+0200] {dagbag.py:536} INFO - Filling up the DagBag from /home/seva/UCU/AutomatedDataPipelines/Homework1/venv/lib/python3.10/site-packages/airflow/example_dags/example_branch_operator.py
[2023-11-30T02:36:53.651+0200] {processor.py:839} INFO - DAG(s) dict_keys(['example_branch_operator']) retrieved from /home/seva/UCU/AutomatedDataPipelines/Homework1/venv/lib/python3.10/site-packages/airflow/example_dags/example_branch_operator.py
[2023-11-30T02:36:53.670+0200] {logging_mixin.py:154} INFO - [2023-11-30T02:36:53.670+0200] {dag.py:2941} INFO - Sync 1 DAGs
[2023-11-30T02:36:53.689+0200] {logging_mixin.py:154} INFO - [2023-11-30T02:36:53.688+0200] {dag.py:3722} INFO - Setting next_dagrun for example_branch_operator to 2023-11-29T00:00:00+00:00, run_after=2023-11-30T00:00:00+00:00
[2023-11-30T02:36:53.716+0200] {processor.py:179} INFO - Processing /home/seva/UCU/AutomatedDataPipelines/Homework1/venv/lib/python3.10/site-packages/airflow/example_dags/example_branch_operator.py took 0.093 seconds
[2023-11-30T02:37:44.000+0200] {processor.py:157} INFO - Started process (PID=6900) to work on /home/seva/UCU/AutomatedDataPipelines/Homework1/venv/lib/python3.10/site-packages/airflow/example_dags/example_branch_operator.py
[2023-11-30T02:37:44.004+0200] {processor.py:829} INFO - Processing file /home/seva/UCU/AutomatedDataPipelines/Homework1/venv/lib/python3.10/site-packages/airflow/example_dags/example_branch_operator.py for tasks to queue
[2023-11-30T02:37:44.005+0200] {logging_mixin.py:154} INFO - [2023-11-30T02:37:44.005+0200] {dagbag.py:536} INFO - Filling up the DagBag from /home/seva/UCU/AutomatedDataPipelines/Homework1/venv/lib/python3.10/site-packages/airflow/example_dags/example_branch_operator.py
[2023-11-30T02:37:44.022+0200] {processor.py:839} INFO - DAG(s) dict_keys(['example_branch_operator']) retrieved from /home/seva/UCU/AutomatedDataPipelines/Homework1/venv/lib/python3.10/site-packages/airflow/example_dags/example_branch_operator.py
[2023-11-30T02:37:44.070+0200] {logging_mixin.py:154} INFO - [2023-11-30T02:37:44.069+0200] {dag.py:2941} INFO - Sync 1 DAGs
[2023-11-30T02:37:44.105+0200] {logging_mixin.py:154} INFO - [2023-11-30T02:37:44.105+0200] {dag.py:3722} INFO - Setting next_dagrun for example_branch_operator to 2023-11-29T00:00:00+00:00, run_after=2023-11-30T00:00:00+00:00
[2023-11-30T02:37:44.150+0200] {processor.py:179} INFO - Processing /home/seva/UCU/AutomatedDataPipelines/Homework1/venv/lib/python3.10/site-packages/airflow/example_dags/example_branch_operator.py took 0.159 seconds
[2023-11-30T02:38:37.447+0200] {processor.py:157} INFO - Started process (PID=7259) to work on /home/seva/UCU/AutomatedDataPipelines/Homework1/venv/lib/python3.10/site-packages/airflow/example_dags/example_branch_operator.py
[2023-11-30T02:38:37.450+0200] {processor.py:829} INFO - Processing file /home/seva/UCU/AutomatedDataPipelines/Homework1/venv/lib/python3.10/site-packages/airflow/example_dags/example_branch_operator.py for tasks to queue
[2023-11-30T02:38:37.451+0200] {logging_mixin.py:154} INFO - [2023-11-30T02:38:37.450+0200] {dagbag.py:536} INFO - Filling up the DagBag from /home/seva/UCU/AutomatedDataPipelines/Homework1/venv/lib/python3.10/site-packages/airflow/example_dags/example_branch_operator.py
[2023-11-30T02:38:37.459+0200] {processor.py:839} INFO - DAG(s) dict_keys(['example_branch_operator']) retrieved from /home/seva/UCU/AutomatedDataPipelines/Homework1/venv/lib/python3.10/site-packages/airflow/example_dags/example_branch_operator.py
[2023-11-30T02:38:37.476+0200] {logging_mixin.py:154} INFO - [2023-11-30T02:38:37.476+0200] {dag.py:2941} INFO - Sync 1 DAGs
[2023-11-30T02:38:37.493+0200] {logging_mixin.py:154} INFO - [2023-11-30T02:38:37.493+0200] {dag.py:3722} INFO - Setting next_dagrun for example_branch_operator to 2023-11-29T00:00:00+00:00, run_after=2023-11-30T00:00:00+00:00
[2023-11-30T02:38:37.517+0200] {processor.py:179} INFO - Processing /home/seva/UCU/AutomatedDataPipelines/Homework1/venv/lib/python3.10/site-packages/airflow/example_dags/example_branch_operator.py took 0.072 seconds
