[2023-11-30T02:14:03.565+0200] {processor.py:157} INFO - Started process (PID=1284) to work on /home/seva/UCU/AutomatedDataPipelines/Homework1/venv/lib/python3.10/site-packages/airflow/example_dags/tutorial_dag.py
[2023-11-30T02:14:03.566+0200] {processor.py:829} INFO - Processing file /home/seva/UCU/AutomatedDataPipelines/Homework1/venv/lib/python3.10/site-packages/airflow/example_dags/tutorial_dag.py for tasks to queue
[2023-11-30T02:14:03.566+0200] {logging_mixin.py:154} INFO - [2023-11-30T02:14:03.566+0200] {dagbag.py:536} INFO - Filling up the DagBag from /home/seva/UCU/AutomatedDataPipelines/Homework1/venv/lib/python3.10/site-packages/airflow/example_dags/tutorial_dag.py
[2023-11-30T02:14:03.571+0200] {processor.py:839} INFO - DAG(s) dict_keys(['tutorial_dag']) retrieved from /home/seva/UCU/AutomatedDataPipelines/Homework1/venv/lib/python3.10/site-packages/airflow/example_dags/tutorial_dag.py
[2023-11-30T02:14:03.679+0200] {logging_mixin.py:154} INFO - [2023-11-30T02:14:03.678+0200] {manager.py:499} INFO - Created Permission View: %s
[2023-11-30T02:14:03.696+0200] {logging_mixin.py:154} INFO - [2023-11-30T02:14:03.695+0200] {manager.py:499} INFO - Created Permission View: %s
[2023-11-30T02:14:03.712+0200] {logging_mixin.py:154} INFO - [2023-11-30T02:14:03.712+0200] {manager.py:499} INFO - Created Permission View: %s
[2023-11-30T02:14:03.712+0200] {logging_mixin.py:154} INFO - [2023-11-30T02:14:03.712+0200] {dag.py:2941} INFO - Sync 1 DAGs
[2023-11-30T02:14:03.721+0200] {logging_mixin.py:154} INFO - [2023-11-30T02:14:03.721+0200] {dag.py:2963} INFO - Creating ORM DAG for tutorial_dag
[2023-11-30T02:14:03.722+0200] {logging_mixin.py:154} INFO - [2023-11-30T02:14:03.721+0200] {dag.py:3722} INFO - Setting next_dagrun for tutorial_dag to None, run_after=None
[2023-11-30T02:14:03.748+0200] {processor.py:179} INFO - Processing /home/seva/UCU/AutomatedDataPipelines/Homework1/venv/lib/python3.10/site-packages/airflow/example_dags/tutorial_dag.py took 0.186 seconds
[2023-11-30T02:14:51.543+0200] {processor.py:157} INFO - Started process (PID=1445) to work on /home/seva/UCU/AutomatedDataPipelines/Homework1/venv/lib/python3.10/site-packages/airflow/example_dags/tutorial_dag.py
[2023-11-30T02:14:51.556+0200] {processor.py:829} INFO - Processing file /home/seva/UCU/AutomatedDataPipelines/Homework1/venv/lib/python3.10/site-packages/airflow/example_dags/tutorial_dag.py for tasks to queue
[2023-11-30T02:14:51.557+0200] {logging_mixin.py:154} INFO - [2023-11-30T02:14:51.556+0200] {dagbag.py:536} INFO - Filling up the DagBag from /home/seva/UCU/AutomatedDataPipelines/Homework1/venv/lib/python3.10/site-packages/airflow/example_dags/tutorial_dag.py
[2023-11-30T02:14:51.562+0200] {processor.py:839} INFO - DAG(s) dict_keys(['tutorial_dag']) retrieved from /home/seva/UCU/AutomatedDataPipelines/Homework1/venv/lib/python3.10/site-packages/airflow/example_dags/tutorial_dag.py
[2023-11-30T02:14:51.577+0200] {logging_mixin.py:154} INFO - [2023-11-30T02:14:51.576+0200] {dag.py:2941} INFO - Sync 1 DAGs
[2023-11-30T02:14:51.586+0200] {logging_mixin.py:154} INFO - [2023-11-30T02:14:51.586+0200] {dag.py:3722} INFO - Setting next_dagrun for tutorial_dag to None, run_after=None
[2023-11-30T02:14:51.611+0200] {processor.py:179} INFO - Processing /home/seva/UCU/AutomatedDataPipelines/Homework1/venv/lib/python3.10/site-packages/airflow/example_dags/tutorial_dag.py took 0.070 seconds
[2023-11-30T02:15:39.083+0200] {processor.py:157} INFO - Started process (PID=1626) to work on /home/seva/UCU/AutomatedDataPipelines/Homework1/venv/lib/python3.10/site-packages/airflow/example_dags/tutorial_dag.py
[2023-11-30T02:15:39.096+0200] {processor.py:829} INFO - Processing file /home/seva/UCU/AutomatedDataPipelines/Homework1/venv/lib/python3.10/site-packages/airflow/example_dags/tutorial_dag.py for tasks to queue
[2023-11-30T02:15:39.097+0200] {logging_mixin.py:154} INFO - [2023-11-30T02:15:39.097+0200] {dagbag.py:536} INFO - Filling up the DagBag from /home/seva/UCU/AutomatedDataPipelines/Homework1/venv/lib/python3.10/site-packages/airflow/example_dags/tutorial_dag.py
[2023-11-30T02:15:39.103+0200] {processor.py:839} INFO - DAG(s) dict_keys(['tutorial_dag']) retrieved from /home/seva/UCU/AutomatedDataPipelines/Homework1/venv/lib/python3.10/site-packages/airflow/example_dags/tutorial_dag.py
[2023-11-30T02:15:39.117+0200] {logging_mixin.py:154} INFO - [2023-11-30T02:15:39.116+0200] {dag.py:2941} INFO - Sync 1 DAGs
[2023-11-30T02:15:39.126+0200] {logging_mixin.py:154} INFO - [2023-11-30T02:15:39.126+0200] {dag.py:3722} INFO - Setting next_dagrun for tutorial_dag to None, run_after=None
[2023-11-30T02:15:39.173+0200] {processor.py:179} INFO - Processing /home/seva/UCU/AutomatedDataPipelines/Homework1/venv/lib/python3.10/site-packages/airflow/example_dags/tutorial_dag.py took 0.093 seconds
[2023-11-30T02:16:24.777+0200] {processor.py:157} INFO - Started process (PID=1806) to work on /home/seva/UCU/AutomatedDataPipelines/Homework1/venv/lib/python3.10/site-packages/airflow/example_dags/tutorial_dag.py
[2023-11-30T02:16:24.780+0200] {processor.py:829} INFO - Processing file /home/seva/UCU/AutomatedDataPipelines/Homework1/venv/lib/python3.10/site-packages/airflow/example_dags/tutorial_dag.py for tasks to queue
[2023-11-30T02:16:24.781+0200] {logging_mixin.py:154} INFO - [2023-11-30T02:16:24.781+0200] {dagbag.py:536} INFO - Filling up the DagBag from /home/seva/UCU/AutomatedDataPipelines/Homework1/venv/lib/python3.10/site-packages/airflow/example_dags/tutorial_dag.py
[2023-11-30T02:16:24.786+0200] {processor.py:839} INFO - DAG(s) dict_keys(['tutorial_dag']) retrieved from /home/seva/UCU/AutomatedDataPipelines/Homework1/venv/lib/python3.10/site-packages/airflow/example_dags/tutorial_dag.py
[2023-11-30T02:16:24.802+0200] {logging_mixin.py:154} INFO - [2023-11-30T02:16:24.802+0200] {dag.py:2941} INFO - Sync 1 DAGs
[2023-11-30T02:16:24.812+0200] {logging_mixin.py:154} INFO - [2023-11-30T02:16:24.812+0200] {dag.py:3722} INFO - Setting next_dagrun for tutorial_dag to None, run_after=None
[2023-11-30T02:16:24.836+0200] {processor.py:179} INFO - Processing /home/seva/UCU/AutomatedDataPipelines/Homework1/venv/lib/python3.10/site-packages/airflow/example_dags/tutorial_dag.py took 0.062 seconds
[2023-11-30T02:17:08.802+0200] {processor.py:157} INFO - Started process (PID=1981) to work on /home/seva/UCU/AutomatedDataPipelines/Homework1/venv/lib/python3.10/site-packages/airflow/example_dags/tutorial_dag.py
[2023-11-30T02:17:08.814+0200] {processor.py:829} INFO - Processing file /home/seva/UCU/AutomatedDataPipelines/Homework1/venv/lib/python3.10/site-packages/airflow/example_dags/tutorial_dag.py for tasks to queue
[2023-11-30T02:17:08.815+0200] {logging_mixin.py:154} INFO - [2023-11-30T02:17:08.815+0200] {dagbag.py:536} INFO - Filling up the DagBag from /home/seva/UCU/AutomatedDataPipelines/Homework1/venv/lib/python3.10/site-packages/airflow/example_dags/tutorial_dag.py
[2023-11-30T02:17:08.821+0200] {processor.py:839} INFO - DAG(s) dict_keys(['tutorial_dag']) retrieved from /home/seva/UCU/AutomatedDataPipelines/Homework1/venv/lib/python3.10/site-packages/airflow/example_dags/tutorial_dag.py
[2023-11-30T02:17:08.835+0200] {logging_mixin.py:154} INFO - [2023-11-30T02:17:08.835+0200] {dag.py:2941} INFO - Sync 1 DAGs
[2023-11-30T02:17:08.844+0200] {logging_mixin.py:154} INFO - [2023-11-30T02:17:08.843+0200] {dag.py:3722} INFO - Setting next_dagrun for tutorial_dag to None, run_after=None
[2023-11-30T02:17:08.867+0200] {processor.py:179} INFO - Processing /home/seva/UCU/AutomatedDataPipelines/Homework1/venv/lib/python3.10/site-packages/airflow/example_dags/tutorial_dag.py took 0.067 seconds
[2023-11-30T02:17:51.960+0200] {processor.py:157} INFO - Started process (PID=2158) to work on /home/seva/UCU/AutomatedDataPipelines/Homework1/venv/lib/python3.10/site-packages/airflow/example_dags/tutorial_dag.py
[2023-11-30T02:17:51.961+0200] {processor.py:829} INFO - Processing file /home/seva/UCU/AutomatedDataPipelines/Homework1/venv/lib/python3.10/site-packages/airflow/example_dags/tutorial_dag.py for tasks to queue
[2023-11-30T02:17:51.962+0200] {logging_mixin.py:154} INFO - [2023-11-30T02:17:51.962+0200] {dagbag.py:536} INFO - Filling up the DagBag from /home/seva/UCU/AutomatedDataPipelines/Homework1/venv/lib/python3.10/site-packages/airflow/example_dags/tutorial_dag.py
[2023-11-30T02:17:51.969+0200] {processor.py:839} INFO - DAG(s) dict_keys(['tutorial_dag']) retrieved from /home/seva/UCU/AutomatedDataPipelines/Homework1/venv/lib/python3.10/site-packages/airflow/example_dags/tutorial_dag.py
[2023-11-30T02:17:51.988+0200] {logging_mixin.py:154} INFO - [2023-11-30T02:17:51.988+0200] {dag.py:2941} INFO - Sync 1 DAGs
[2023-11-30T02:17:52.001+0200] {logging_mixin.py:154} INFO - [2023-11-30T02:17:52.001+0200] {dag.py:3722} INFO - Setting next_dagrun for tutorial_dag to None, run_after=None
[2023-11-30T02:17:52.027+0200] {processor.py:179} INFO - Processing /home/seva/UCU/AutomatedDataPipelines/Homework1/venv/lib/python3.10/site-packages/airflow/example_dags/tutorial_dag.py took 0.071 seconds
[2023-11-30T02:18:34.195+0200] {processor.py:157} INFO - Started process (PID=2330) to work on /home/seva/UCU/AutomatedDataPipelines/Homework1/venv/lib/python3.10/site-packages/airflow/example_dags/tutorial_dag.py
[2023-11-30T02:18:34.206+0200] {processor.py:829} INFO - Processing file /home/seva/UCU/AutomatedDataPipelines/Homework1/venv/lib/python3.10/site-packages/airflow/example_dags/tutorial_dag.py for tasks to queue
[2023-11-30T02:18:34.207+0200] {logging_mixin.py:154} INFO - [2023-11-30T02:18:34.207+0200] {dagbag.py:536} INFO - Filling up the DagBag from /home/seva/UCU/AutomatedDataPipelines/Homework1/venv/lib/python3.10/site-packages/airflow/example_dags/tutorial_dag.py
[2023-11-30T02:18:34.212+0200] {processor.py:839} INFO - DAG(s) dict_keys(['tutorial_dag']) retrieved from /home/seva/UCU/AutomatedDataPipelines/Homework1/venv/lib/python3.10/site-packages/airflow/example_dags/tutorial_dag.py
[2023-11-30T02:18:34.226+0200] {logging_mixin.py:154} INFO - [2023-11-30T02:18:34.226+0200] {dag.py:2941} INFO - Sync 1 DAGs
[2023-11-30T02:18:34.235+0200] {logging_mixin.py:154} INFO - [2023-11-30T02:18:34.235+0200] {dag.py:3722} INFO - Setting next_dagrun for tutorial_dag to None, run_after=None
[2023-11-30T02:18:34.258+0200] {processor.py:179} INFO - Processing /home/seva/UCU/AutomatedDataPipelines/Homework1/venv/lib/python3.10/site-packages/airflow/example_dags/tutorial_dag.py took 0.066 seconds
[2023-11-30T02:19:20.570+0200] {processor.py:157} INFO - Started process (PID=2508) to work on /home/seva/UCU/AutomatedDataPipelines/Homework1/venv/lib/python3.10/site-packages/airflow/example_dags/tutorial_dag.py
[2023-11-30T02:19:20.582+0200] {processor.py:829} INFO - Processing file /home/seva/UCU/AutomatedDataPipelines/Homework1/venv/lib/python3.10/site-packages/airflow/example_dags/tutorial_dag.py for tasks to queue
[2023-11-30T02:19:20.583+0200] {logging_mixin.py:154} INFO - [2023-11-30T02:19:20.582+0200] {dagbag.py:536} INFO - Filling up the DagBag from /home/seva/UCU/AutomatedDataPipelines/Homework1/venv/lib/python3.10/site-packages/airflow/example_dags/tutorial_dag.py
[2023-11-30T02:19:20.588+0200] {processor.py:839} INFO - DAG(s) dict_keys(['tutorial_dag']) retrieved from /home/seva/UCU/AutomatedDataPipelines/Homework1/venv/lib/python3.10/site-packages/airflow/example_dags/tutorial_dag.py
[2023-11-30T02:19:20.601+0200] {logging_mixin.py:154} INFO - [2023-11-30T02:19:20.601+0200] {dag.py:2941} INFO - Sync 1 DAGs
[2023-11-30T02:19:20.611+0200] {logging_mixin.py:154} INFO - [2023-11-30T02:19:20.611+0200] {dag.py:3722} INFO - Setting next_dagrun for tutorial_dag to None, run_after=None
[2023-11-30T02:19:20.648+0200] {processor.py:179} INFO - Processing /home/seva/UCU/AutomatedDataPipelines/Homework1/venv/lib/python3.10/site-packages/airflow/example_dags/tutorial_dag.py took 0.080 seconds
[2023-11-30T02:20:02.849+0200] {processor.py:157} INFO - Started process (PID=2679) to work on /home/seva/UCU/AutomatedDataPipelines/Homework1/venv/lib/python3.10/site-packages/airflow/example_dags/tutorial_dag.py
[2023-11-30T02:20:02.861+0200] {processor.py:829} INFO - Processing file /home/seva/UCU/AutomatedDataPipelines/Homework1/venv/lib/python3.10/site-packages/airflow/example_dags/tutorial_dag.py for tasks to queue
[2023-11-30T02:20:02.862+0200] {logging_mixin.py:154} INFO - [2023-11-30T02:20:02.861+0200] {dagbag.py:536} INFO - Filling up the DagBag from /home/seva/UCU/AutomatedDataPipelines/Homework1/venv/lib/python3.10/site-packages/airflow/example_dags/tutorial_dag.py
[2023-11-30T02:20:02.868+0200] {processor.py:839} INFO - DAG(s) dict_keys(['tutorial_dag']) retrieved from /home/seva/UCU/AutomatedDataPipelines/Homework1/venv/lib/python3.10/site-packages/airflow/example_dags/tutorial_dag.py
[2023-11-30T02:20:02.883+0200] {logging_mixin.py:154} INFO - [2023-11-30T02:20:02.883+0200] {dag.py:2941} INFO - Sync 1 DAGs
[2023-11-30T02:20:02.892+0200] {logging_mixin.py:154} INFO - [2023-11-30T02:20:02.892+0200] {dag.py:3722} INFO - Setting next_dagrun for tutorial_dag to None, run_after=None
[2023-11-30T02:20:02.915+0200] {processor.py:179} INFO - Processing /home/seva/UCU/AutomatedDataPipelines/Homework1/venv/lib/python3.10/site-packages/airflow/example_dags/tutorial_dag.py took 0.071 seconds
[2023-11-30T02:20:49.756+0200] {processor.py:157} INFO - Started process (PID=2861) to work on /home/seva/UCU/AutomatedDataPipelines/Homework1/venv/lib/python3.10/site-packages/airflow/example_dags/tutorial_dag.py
[2023-11-30T02:20:49.768+0200] {processor.py:829} INFO - Processing file /home/seva/UCU/AutomatedDataPipelines/Homework1/venv/lib/python3.10/site-packages/airflow/example_dags/tutorial_dag.py for tasks to queue
[2023-11-30T02:20:49.769+0200] {logging_mixin.py:154} INFO - [2023-11-30T02:20:49.768+0200] {dagbag.py:536} INFO - Filling up the DagBag from /home/seva/UCU/AutomatedDataPipelines/Homework1/venv/lib/python3.10/site-packages/airflow/example_dags/tutorial_dag.py
[2023-11-30T02:20:49.774+0200] {processor.py:839} INFO - DAG(s) dict_keys(['tutorial_dag']) retrieved from /home/seva/UCU/AutomatedDataPipelines/Homework1/venv/lib/python3.10/site-packages/airflow/example_dags/tutorial_dag.py
[2023-11-30T02:20:49.788+0200] {logging_mixin.py:154} INFO - [2023-11-30T02:20:49.787+0200] {dag.py:2941} INFO - Sync 1 DAGs
[2023-11-30T02:20:49.797+0200] {logging_mixin.py:154} INFO - [2023-11-30T02:20:49.797+0200] {dag.py:3722} INFO - Setting next_dagrun for tutorial_dag to None, run_after=None
[2023-11-30T02:20:49.823+0200] {processor.py:179} INFO - Processing /home/seva/UCU/AutomatedDataPipelines/Homework1/venv/lib/python3.10/site-packages/airflow/example_dags/tutorial_dag.py took 0.070 seconds
[2023-11-30T02:21:34.668+0200] {processor.py:157} INFO - Started process (PID=3040) to work on /home/seva/UCU/AutomatedDataPipelines/Homework1/venv/lib/python3.10/site-packages/airflow/example_dags/tutorial_dag.py
[2023-11-30T02:21:34.679+0200] {processor.py:829} INFO - Processing file /home/seva/UCU/AutomatedDataPipelines/Homework1/venv/lib/python3.10/site-packages/airflow/example_dags/tutorial_dag.py for tasks to queue
[2023-11-30T02:21:34.680+0200] {logging_mixin.py:154} INFO - [2023-11-30T02:21:34.680+0200] {dagbag.py:536} INFO - Filling up the DagBag from /home/seva/UCU/AutomatedDataPipelines/Homework1/venv/lib/python3.10/site-packages/airflow/example_dags/tutorial_dag.py
[2023-11-30T02:21:34.686+0200] {processor.py:839} INFO - DAG(s) dict_keys(['tutorial_dag']) retrieved from /home/seva/UCU/AutomatedDataPipelines/Homework1/venv/lib/python3.10/site-packages/airflow/example_dags/tutorial_dag.py
[2023-11-30T02:21:34.700+0200] {logging_mixin.py:154} INFO - [2023-11-30T02:21:34.700+0200] {dag.py:2941} INFO - Sync 1 DAGs
[2023-11-30T02:21:34.710+0200] {logging_mixin.py:154} INFO - [2023-11-30T02:21:34.710+0200] {dag.py:3722} INFO - Setting next_dagrun for tutorial_dag to None, run_after=None
[2023-11-30T02:21:34.732+0200] {processor.py:179} INFO - Processing /home/seva/UCU/AutomatedDataPipelines/Homework1/venv/lib/python3.10/site-packages/airflow/example_dags/tutorial_dag.py took 0.067 seconds
[2023-11-30T02:22:15.974+0200] {processor.py:157} INFO - Started process (PID=3207) to work on /home/seva/UCU/AutomatedDataPipelines/Homework1/venv/lib/python3.10/site-packages/airflow/example_dags/tutorial_dag.py
[2023-11-30T02:22:15.985+0200] {processor.py:829} INFO - Processing file /home/seva/UCU/AutomatedDataPipelines/Homework1/venv/lib/python3.10/site-packages/airflow/example_dags/tutorial_dag.py for tasks to queue
[2023-11-30T02:22:15.986+0200] {logging_mixin.py:154} INFO - [2023-11-30T02:22:15.986+0200] {dagbag.py:536} INFO - Filling up the DagBag from /home/seva/UCU/AutomatedDataPipelines/Homework1/venv/lib/python3.10/site-packages/airflow/example_dags/tutorial_dag.py
[2023-11-30T02:22:15.990+0200] {processor.py:839} INFO - DAG(s) dict_keys(['tutorial_dag']) retrieved from /home/seva/UCU/AutomatedDataPipelines/Homework1/venv/lib/python3.10/site-packages/airflow/example_dags/tutorial_dag.py
[2023-11-30T02:22:16.005+0200] {logging_mixin.py:154} INFO - [2023-11-30T02:22:16.005+0200] {dag.py:2941} INFO - Sync 1 DAGs
[2023-11-30T02:22:16.015+0200] {logging_mixin.py:154} INFO - [2023-11-30T02:22:16.015+0200] {dag.py:3722} INFO - Setting next_dagrun for tutorial_dag to None, run_after=None
[2023-11-30T02:22:16.038+0200] {processor.py:179} INFO - Processing /home/seva/UCU/AutomatedDataPipelines/Homework1/venv/lib/python3.10/site-packages/airflow/example_dags/tutorial_dag.py took 0.068 seconds
[2023-11-30T02:23:03.901+0200] {processor.py:157} INFO - Started process (PID=3393) to work on /home/seva/UCU/AutomatedDataPipelines/Homework1/venv/lib/python3.10/site-packages/airflow/example_dags/tutorial_dag.py
[2023-11-30T02:23:03.913+0200] {processor.py:829} INFO - Processing file /home/seva/UCU/AutomatedDataPipelines/Homework1/venv/lib/python3.10/site-packages/airflow/example_dags/tutorial_dag.py for tasks to queue
[2023-11-30T02:23:03.914+0200] {logging_mixin.py:154} INFO - [2023-11-30T02:23:03.914+0200] {dagbag.py:536} INFO - Filling up the DagBag from /home/seva/UCU/AutomatedDataPipelines/Homework1/venv/lib/python3.10/site-packages/airflow/example_dags/tutorial_dag.py
[2023-11-30T02:23:03.919+0200] {processor.py:839} INFO - DAG(s) dict_keys(['tutorial_dag']) retrieved from /home/seva/UCU/AutomatedDataPipelines/Homework1/venv/lib/python3.10/site-packages/airflow/example_dags/tutorial_dag.py
[2023-11-30T02:23:03.933+0200] {logging_mixin.py:154} INFO - [2023-11-30T02:23:03.932+0200] {dag.py:2941} INFO - Sync 1 DAGs
[2023-11-30T02:23:03.941+0200] {logging_mixin.py:154} INFO - [2023-11-30T02:23:03.941+0200] {dag.py:3722} INFO - Setting next_dagrun for tutorial_dag to None, run_after=None
[2023-11-30T02:23:03.966+0200] {processor.py:179} INFO - Processing /home/seva/UCU/AutomatedDataPipelines/Homework1/venv/lib/python3.10/site-packages/airflow/example_dags/tutorial_dag.py took 0.068 seconds
[2023-11-30T02:23:47.489+0200] {processor.py:157} INFO - Started process (PID=3565) to work on /home/seva/UCU/AutomatedDataPipelines/Homework1/venv/lib/python3.10/site-packages/airflow/example_dags/tutorial_dag.py
[2023-11-30T02:23:47.500+0200] {processor.py:829} INFO - Processing file /home/seva/UCU/AutomatedDataPipelines/Homework1/venv/lib/python3.10/site-packages/airflow/example_dags/tutorial_dag.py for tasks to queue
[2023-11-30T02:23:47.501+0200] {logging_mixin.py:154} INFO - [2023-11-30T02:23:47.501+0200] {dagbag.py:536} INFO - Filling up the DagBag from /home/seva/UCU/AutomatedDataPipelines/Homework1/venv/lib/python3.10/site-packages/airflow/example_dags/tutorial_dag.py
[2023-11-30T02:23:47.507+0200] {processor.py:839} INFO - DAG(s) dict_keys(['tutorial_dag']) retrieved from /home/seva/UCU/AutomatedDataPipelines/Homework1/venv/lib/python3.10/site-packages/airflow/example_dags/tutorial_dag.py
[2023-11-30T02:23:47.520+0200] {logging_mixin.py:154} INFO - [2023-11-30T02:23:47.520+0200] {dag.py:2941} INFO - Sync 1 DAGs
[2023-11-30T02:23:47.529+0200] {logging_mixin.py:154} INFO - [2023-11-30T02:23:47.529+0200] {dag.py:3722} INFO - Setting next_dagrun for tutorial_dag to None, run_after=None
[2023-11-30T02:23:47.559+0200] {processor.py:179} INFO - Processing /home/seva/UCU/AutomatedDataPipelines/Homework1/venv/lib/python3.10/site-packages/airflow/example_dags/tutorial_dag.py took 0.073 seconds
[2023-11-30T02:24:35.018+0200] {processor.py:157} INFO - Started process (PID=3752) to work on /home/seva/UCU/AutomatedDataPipelines/Homework1/venv/lib/python3.10/site-packages/airflow/example_dags/tutorial_dag.py
[2023-11-30T02:24:35.020+0200] {processor.py:829} INFO - Processing file /home/seva/UCU/AutomatedDataPipelines/Homework1/venv/lib/python3.10/site-packages/airflow/example_dags/tutorial_dag.py for tasks to queue
[2023-11-30T02:24:35.021+0200] {logging_mixin.py:154} INFO - [2023-11-30T02:24:35.021+0200] {dagbag.py:536} INFO - Filling up the DagBag from /home/seva/UCU/AutomatedDataPipelines/Homework1/venv/lib/python3.10/site-packages/airflow/example_dags/tutorial_dag.py
[2023-11-30T02:24:35.026+0200] {processor.py:839} INFO - DAG(s) dict_keys(['tutorial_dag']) retrieved from /home/seva/UCU/AutomatedDataPipelines/Homework1/venv/lib/python3.10/site-packages/airflow/example_dags/tutorial_dag.py
[2023-11-30T02:24:35.039+0200] {logging_mixin.py:154} INFO - [2023-11-30T02:24:35.039+0200] {dag.py:2941} INFO - Sync 1 DAGs
[2023-11-30T02:24:35.049+0200] {logging_mixin.py:154} INFO - [2023-11-30T02:24:35.049+0200] {dag.py:3722} INFO - Setting next_dagrun for tutorial_dag to None, run_after=None
[2023-11-30T02:24:35.075+0200] {processor.py:179} INFO - Processing /home/seva/UCU/AutomatedDataPipelines/Homework1/venv/lib/python3.10/site-packages/airflow/example_dags/tutorial_dag.py took 0.059 seconds
[2023-11-30T02:25:23.489+0200] {processor.py:157} INFO - Started process (PID=3946) to work on /home/seva/UCU/AutomatedDataPipelines/Homework1/venv/lib/python3.10/site-packages/airflow/example_dags/tutorial_dag.py
[2023-11-30T02:25:23.501+0200] {processor.py:829} INFO - Processing file /home/seva/UCU/AutomatedDataPipelines/Homework1/venv/lib/python3.10/site-packages/airflow/example_dags/tutorial_dag.py for tasks to queue
[2023-11-30T02:25:23.501+0200] {logging_mixin.py:154} INFO - [2023-11-30T02:25:23.501+0200] {dagbag.py:536} INFO - Filling up the DagBag from /home/seva/UCU/AutomatedDataPipelines/Homework1/venv/lib/python3.10/site-packages/airflow/example_dags/tutorial_dag.py
[2023-11-30T02:25:23.506+0200] {processor.py:839} INFO - DAG(s) dict_keys(['tutorial_dag']) retrieved from /home/seva/UCU/AutomatedDataPipelines/Homework1/venv/lib/python3.10/site-packages/airflow/example_dags/tutorial_dag.py
[2023-11-30T02:25:23.520+0200] {logging_mixin.py:154} INFO - [2023-11-30T02:25:23.519+0200] {dag.py:2941} INFO - Sync 1 DAGs
[2023-11-30T02:25:23.529+0200] {logging_mixin.py:154} INFO - [2023-11-30T02:25:23.528+0200] {dag.py:3722} INFO - Setting next_dagrun for tutorial_dag to None, run_after=None
[2023-11-30T02:25:23.551+0200] {processor.py:179} INFO - Processing /home/seva/UCU/AutomatedDataPipelines/Homework1/venv/lib/python3.10/site-packages/airflow/example_dags/tutorial_dag.py took 0.065 seconds
[2023-11-30T02:26:04.046+0200] {processor.py:157} INFO - Started process (PID=4103) to work on /home/seva/UCU/AutomatedDataPipelines/Homework1/venv/lib/python3.10/site-packages/airflow/example_dags/tutorial_dag.py
[2023-11-30T02:26:04.048+0200] {processor.py:829} INFO - Processing file /home/seva/UCU/AutomatedDataPipelines/Homework1/venv/lib/python3.10/site-packages/airflow/example_dags/tutorial_dag.py for tasks to queue
[2023-11-30T02:26:04.048+0200] {logging_mixin.py:154} INFO - [2023-11-30T02:26:04.048+0200] {dagbag.py:536} INFO - Filling up the DagBag from /home/seva/UCU/AutomatedDataPipelines/Homework1/venv/lib/python3.10/site-packages/airflow/example_dags/tutorial_dag.py
[2023-11-30T02:26:04.052+0200] {processor.py:839} INFO - DAG(s) dict_keys(['tutorial_dag']) retrieved from /home/seva/UCU/AutomatedDataPipelines/Homework1/venv/lib/python3.10/site-packages/airflow/example_dags/tutorial_dag.py
[2023-11-30T02:26:04.067+0200] {logging_mixin.py:154} INFO - [2023-11-30T02:26:04.067+0200] {dag.py:2941} INFO - Sync 1 DAGs
[2023-11-30T02:26:04.076+0200] {logging_mixin.py:154} INFO - [2023-11-30T02:26:04.076+0200] {dag.py:3722} INFO - Setting next_dagrun for tutorial_dag to None, run_after=None
[2023-11-30T02:26:04.100+0200] {processor.py:179} INFO - Processing /home/seva/UCU/AutomatedDataPipelines/Homework1/venv/lib/python3.10/site-packages/airflow/example_dags/tutorial_dag.py took 0.058 seconds
[2023-11-30T02:26:54.641+0200] {processor.py:157} INFO - Started process (PID=4303) to work on /home/seva/UCU/AutomatedDataPipelines/Homework1/venv/lib/python3.10/site-packages/airflow/example_dags/tutorial_dag.py
[2023-11-30T02:26:54.653+0200] {processor.py:829} INFO - Processing file /home/seva/UCU/AutomatedDataPipelines/Homework1/venv/lib/python3.10/site-packages/airflow/example_dags/tutorial_dag.py for tasks to queue
[2023-11-30T02:26:54.654+0200] {logging_mixin.py:154} INFO - [2023-11-30T02:26:54.654+0200] {dagbag.py:536} INFO - Filling up the DagBag from /home/seva/UCU/AutomatedDataPipelines/Homework1/venv/lib/python3.10/site-packages/airflow/example_dags/tutorial_dag.py
[2023-11-30T02:26:54.659+0200] {processor.py:839} INFO - DAG(s) dict_keys(['tutorial_dag']) retrieved from /home/seva/UCU/AutomatedDataPipelines/Homework1/venv/lib/python3.10/site-packages/airflow/example_dags/tutorial_dag.py
[2023-11-30T02:26:54.673+0200] {logging_mixin.py:154} INFO - [2023-11-30T02:26:54.673+0200] {dag.py:2941} INFO - Sync 1 DAGs
[2023-11-30T02:26:54.682+0200] {logging_mixin.py:154} INFO - [2023-11-30T02:26:54.682+0200] {dag.py:3722} INFO - Setting next_dagrun for tutorial_dag to None, run_after=None
[2023-11-30T02:26:54.707+0200] {processor.py:179} INFO - Processing /home/seva/UCU/AutomatedDataPipelines/Homework1/venv/lib/python3.10/site-packages/airflow/example_dags/tutorial_dag.py took 0.068 seconds
[2023-11-30T02:27:44.471+0200] {processor.py:157} INFO - Started process (PID=4499) to work on /home/seva/UCU/AutomatedDataPipelines/Homework1/venv/lib/python3.10/site-packages/airflow/example_dags/tutorial_dag.py
[2023-11-30T02:27:44.473+0200] {processor.py:829} INFO - Processing file /home/seva/UCU/AutomatedDataPipelines/Homework1/venv/lib/python3.10/site-packages/airflow/example_dags/tutorial_dag.py for tasks to queue
[2023-11-30T02:27:44.474+0200] {logging_mixin.py:154} INFO - [2023-11-30T02:27:44.474+0200] {dagbag.py:536} INFO - Filling up the DagBag from /home/seva/UCU/AutomatedDataPipelines/Homework1/venv/lib/python3.10/site-packages/airflow/example_dags/tutorial_dag.py
[2023-11-30T02:27:44.479+0200] {processor.py:839} INFO - DAG(s) dict_keys(['tutorial_dag']) retrieved from /home/seva/UCU/AutomatedDataPipelines/Homework1/venv/lib/python3.10/site-packages/airflow/example_dags/tutorial_dag.py
[2023-11-30T02:27:44.493+0200] {logging_mixin.py:154} INFO - [2023-11-30T02:27:44.492+0200] {dag.py:2941} INFO - Sync 1 DAGs
[2023-11-30T02:27:44.502+0200] {logging_mixin.py:154} INFO - [2023-11-30T02:27:44.502+0200] {dag.py:3722} INFO - Setting next_dagrun for tutorial_dag to None, run_after=None
[2023-11-30T02:27:44.526+0200] {processor.py:179} INFO - Processing /home/seva/UCU/AutomatedDataPipelines/Homework1/venv/lib/python3.10/site-packages/airflow/example_dags/tutorial_dag.py took 0.058 seconds
[2023-11-30T02:28:29.421+0200] {processor.py:157} INFO - Started process (PID=4678) to work on /home/seva/UCU/AutomatedDataPipelines/Homework1/venv/lib/python3.10/site-packages/airflow/example_dags/tutorial_dag.py
[2023-11-30T02:28:29.423+0200] {processor.py:829} INFO - Processing file /home/seva/UCU/AutomatedDataPipelines/Homework1/venv/lib/python3.10/site-packages/airflow/example_dags/tutorial_dag.py for tasks to queue
[2023-11-30T02:28:29.424+0200] {logging_mixin.py:154} INFO - [2023-11-30T02:28:29.424+0200] {dagbag.py:536} INFO - Filling up the DagBag from /home/seva/UCU/AutomatedDataPipelines/Homework1/venv/lib/python3.10/site-packages/airflow/example_dags/tutorial_dag.py
[2023-11-30T02:28:29.429+0200] {processor.py:839} INFO - DAG(s) dict_keys(['tutorial_dag']) retrieved from /home/seva/UCU/AutomatedDataPipelines/Homework1/venv/lib/python3.10/site-packages/airflow/example_dags/tutorial_dag.py
[2023-11-30T02:28:29.443+0200] {logging_mixin.py:154} INFO - [2023-11-30T02:28:29.443+0200] {dag.py:2941} INFO - Sync 1 DAGs
[2023-11-30T02:28:29.452+0200] {logging_mixin.py:154} INFO - [2023-11-30T02:28:29.452+0200] {dag.py:3722} INFO - Setting next_dagrun for tutorial_dag to None, run_after=None
[2023-11-30T02:28:29.476+0200] {processor.py:179} INFO - Processing /home/seva/UCU/AutomatedDataPipelines/Homework1/venv/lib/python3.10/site-packages/airflow/example_dags/tutorial_dag.py took 0.058 seconds
[2023-11-30T02:29:13.113+0200] {processor.py:157} INFO - Started process (PID=4850) to work on /home/seva/UCU/AutomatedDataPipelines/Homework1/venv/lib/python3.10/site-packages/airflow/example_dags/tutorial_dag.py
[2023-11-30T02:29:13.115+0200] {processor.py:829} INFO - Processing file /home/seva/UCU/AutomatedDataPipelines/Homework1/venv/lib/python3.10/site-packages/airflow/example_dags/tutorial_dag.py for tasks to queue
[2023-11-30T02:29:13.116+0200] {logging_mixin.py:154} INFO - [2023-11-30T02:29:13.115+0200] {dagbag.py:536} INFO - Filling up the DagBag from /home/seva/UCU/AutomatedDataPipelines/Homework1/venv/lib/python3.10/site-packages/airflow/example_dags/tutorial_dag.py
[2023-11-30T02:29:13.120+0200] {processor.py:839} INFO - DAG(s) dict_keys(['tutorial_dag']) retrieved from /home/seva/UCU/AutomatedDataPipelines/Homework1/venv/lib/python3.10/site-packages/airflow/example_dags/tutorial_dag.py
[2023-11-30T02:29:13.135+0200] {logging_mixin.py:154} INFO - [2023-11-30T02:29:13.134+0200] {dag.py:2941} INFO - Sync 1 DAGs
[2023-11-30T02:29:13.144+0200] {logging_mixin.py:154} INFO - [2023-11-30T02:29:13.144+0200] {dag.py:3722} INFO - Setting next_dagrun for tutorial_dag to None, run_after=None
[2023-11-30T02:29:13.169+0200] {processor.py:179} INFO - Processing /home/seva/UCU/AutomatedDataPipelines/Homework1/venv/lib/python3.10/site-packages/airflow/example_dags/tutorial_dag.py took 0.059 seconds
[2023-11-30T02:29:56.600+0200] {processor.py:157} INFO - Started process (PID=5024) to work on /home/seva/UCU/AutomatedDataPipelines/Homework1/venv/lib/python3.10/site-packages/airflow/example_dags/tutorial_dag.py
[2023-11-30T02:29:56.608+0200] {processor.py:829} INFO - Processing file /home/seva/UCU/AutomatedDataPipelines/Homework1/venv/lib/python3.10/site-packages/airflow/example_dags/tutorial_dag.py for tasks to queue
[2023-11-30T02:29:56.609+0200] {logging_mixin.py:154} INFO - [2023-11-30T02:29:56.609+0200] {dagbag.py:536} INFO - Filling up the DagBag from /home/seva/UCU/AutomatedDataPipelines/Homework1/venv/lib/python3.10/site-packages/airflow/example_dags/tutorial_dag.py
[2023-11-30T02:29:56.614+0200] {processor.py:839} INFO - DAG(s) dict_keys(['tutorial_dag']) retrieved from /home/seva/UCU/AutomatedDataPipelines/Homework1/venv/lib/python3.10/site-packages/airflow/example_dags/tutorial_dag.py
[2023-11-30T02:29:56.628+0200] {logging_mixin.py:154} INFO - [2023-11-30T02:29:56.628+0200] {dag.py:2941} INFO - Sync 1 DAGs
[2023-11-30T02:29:56.638+0200] {logging_mixin.py:154} INFO - [2023-11-30T02:29:56.637+0200] {dag.py:3722} INFO - Setting next_dagrun for tutorial_dag to None, run_after=None
[2023-11-30T02:29:56.661+0200] {processor.py:179} INFO - Processing /home/seva/UCU/AutomatedDataPipelines/Homework1/venv/lib/python3.10/site-packages/airflow/example_dags/tutorial_dag.py took 0.065 seconds
[2023-11-30T02:30:42.857+0200] {processor.py:157} INFO - Started process (PID=5204) to work on /home/seva/UCU/AutomatedDataPipelines/Homework1/venv/lib/python3.10/site-packages/airflow/example_dags/tutorial_dag.py
[2023-11-30T02:30:42.868+0200] {processor.py:829} INFO - Processing file /home/seva/UCU/AutomatedDataPipelines/Homework1/venv/lib/python3.10/site-packages/airflow/example_dags/tutorial_dag.py for tasks to queue
[2023-11-30T02:30:42.869+0200] {logging_mixin.py:154} INFO - [2023-11-30T02:30:42.869+0200] {dagbag.py:536} INFO - Filling up the DagBag from /home/seva/UCU/AutomatedDataPipelines/Homework1/venv/lib/python3.10/site-packages/airflow/example_dags/tutorial_dag.py
[2023-11-30T02:30:42.873+0200] {processor.py:839} INFO - DAG(s) dict_keys(['tutorial_dag']) retrieved from /home/seva/UCU/AutomatedDataPipelines/Homework1/venv/lib/python3.10/site-packages/airflow/example_dags/tutorial_dag.py
[2023-11-30T02:30:42.888+0200] {logging_mixin.py:154} INFO - [2023-11-30T02:30:42.887+0200] {dag.py:2941} INFO - Sync 1 DAGs
[2023-11-30T02:30:42.896+0200] {logging_mixin.py:154} INFO - [2023-11-30T02:30:42.896+0200] {dag.py:3722} INFO - Setting next_dagrun for tutorial_dag to None, run_after=None
[2023-11-30T02:30:42.922+0200] {processor.py:179} INFO - Processing /home/seva/UCU/AutomatedDataPipelines/Homework1/venv/lib/python3.10/site-packages/airflow/example_dags/tutorial_dag.py took 0.068 seconds
[2023-11-30T02:31:29.657+0200] {processor.py:157} INFO - Started process (PID=5390) to work on /home/seva/UCU/AutomatedDataPipelines/Homework1/venv/lib/python3.10/site-packages/airflow/example_dags/tutorial_dag.py
[2023-11-30T02:31:29.668+0200] {processor.py:829} INFO - Processing file /home/seva/UCU/AutomatedDataPipelines/Homework1/venv/lib/python3.10/site-packages/airflow/example_dags/tutorial_dag.py for tasks to queue
[2023-11-30T02:31:29.669+0200] {logging_mixin.py:154} INFO - [2023-11-30T02:31:29.669+0200] {dagbag.py:536} INFO - Filling up the DagBag from /home/seva/UCU/AutomatedDataPipelines/Homework1/venv/lib/python3.10/site-packages/airflow/example_dags/tutorial_dag.py
[2023-11-30T02:31:29.675+0200] {processor.py:839} INFO - DAG(s) dict_keys(['tutorial_dag']) retrieved from /home/seva/UCU/AutomatedDataPipelines/Homework1/venv/lib/python3.10/site-packages/airflow/example_dags/tutorial_dag.py
[2023-11-30T02:31:29.689+0200] {logging_mixin.py:154} INFO - [2023-11-30T02:31:29.689+0200] {dag.py:2941} INFO - Sync 1 DAGs
[2023-11-30T02:31:29.698+0200] {logging_mixin.py:154} INFO - [2023-11-30T02:31:29.698+0200] {dag.py:3722} INFO - Setting next_dagrun for tutorial_dag to None, run_after=None
[2023-11-30T02:31:29.720+0200] {processor.py:179} INFO - Processing /home/seva/UCU/AutomatedDataPipelines/Homework1/venv/lib/python3.10/site-packages/airflow/example_dags/tutorial_dag.py took 0.066 seconds
[2023-11-30T02:32:14.357+0200] {processor.py:157} INFO - Started process (PID=5564) to work on /home/seva/UCU/AutomatedDataPipelines/Homework1/venv/lib/python3.10/site-packages/airflow/example_dags/tutorial_dag.py
[2023-11-30T02:32:14.359+0200] {processor.py:829} INFO - Processing file /home/seva/UCU/AutomatedDataPipelines/Homework1/venv/lib/python3.10/site-packages/airflow/example_dags/tutorial_dag.py for tasks to queue
[2023-11-30T02:32:14.360+0200] {logging_mixin.py:154} INFO - [2023-11-30T02:32:14.360+0200] {dagbag.py:536} INFO - Filling up the DagBag from /home/seva/UCU/AutomatedDataPipelines/Homework1/venv/lib/python3.10/site-packages/airflow/example_dags/tutorial_dag.py
[2023-11-30T02:32:14.366+0200] {processor.py:839} INFO - DAG(s) dict_keys(['tutorial_dag']) retrieved from /home/seva/UCU/AutomatedDataPipelines/Homework1/venv/lib/python3.10/site-packages/airflow/example_dags/tutorial_dag.py
[2023-11-30T02:32:14.383+0200] {logging_mixin.py:154} INFO - [2023-11-30T02:32:14.383+0200] {dag.py:2941} INFO - Sync 1 DAGs
[2023-11-30T02:32:14.395+0200] {logging_mixin.py:154} INFO - [2023-11-30T02:32:14.394+0200] {dag.py:3722} INFO - Setting next_dagrun for tutorial_dag to None, run_after=None
[2023-11-30T02:32:14.420+0200] {processor.py:179} INFO - Processing /home/seva/UCU/AutomatedDataPipelines/Homework1/venv/lib/python3.10/site-packages/airflow/example_dags/tutorial_dag.py took 0.067 seconds
[2023-11-30T02:33:01.066+0200] {processor.py:157} INFO - Started process (PID=5778) to work on /home/seva/UCU/AutomatedDataPipelines/Homework1/venv/lib/python3.10/site-packages/airflow/example_dags/tutorial_dag.py
[2023-11-30T02:33:01.078+0200] {processor.py:829} INFO - Processing file /home/seva/UCU/AutomatedDataPipelines/Homework1/venv/lib/python3.10/site-packages/airflow/example_dags/tutorial_dag.py for tasks to queue
[2023-11-30T02:33:01.079+0200] {logging_mixin.py:154} INFO - [2023-11-30T02:33:01.078+0200] {dagbag.py:536} INFO - Filling up the DagBag from /home/seva/UCU/AutomatedDataPipelines/Homework1/venv/lib/python3.10/site-packages/airflow/example_dags/tutorial_dag.py
[2023-11-30T02:33:01.084+0200] {processor.py:839} INFO - DAG(s) dict_keys(['tutorial_dag']) retrieved from /home/seva/UCU/AutomatedDataPipelines/Homework1/venv/lib/python3.10/site-packages/airflow/example_dags/tutorial_dag.py
[2023-11-30T02:33:01.098+0200] {logging_mixin.py:154} INFO - [2023-11-30T02:33:01.098+0200] {dag.py:2941} INFO - Sync 1 DAGs
[2023-11-30T02:33:01.109+0200] {logging_mixin.py:154} INFO - [2023-11-30T02:33:01.109+0200] {dag.py:3722} INFO - Setting next_dagrun for tutorial_dag to None, run_after=None
[2023-11-30T02:33:01.132+0200] {processor.py:179} INFO - Processing /home/seva/UCU/AutomatedDataPipelines/Homework1/venv/lib/python3.10/site-packages/airflow/example_dags/tutorial_dag.py took 0.068 seconds
[2023-11-30T02:33:48.816+0200] {processor.py:157} INFO - Started process (PID=5964) to work on /home/seva/UCU/AutomatedDataPipelines/Homework1/venv/lib/python3.10/site-packages/airflow/example_dags/tutorial_dag.py
[2023-11-30T02:33:48.828+0200] {processor.py:829} INFO - Processing file /home/seva/UCU/AutomatedDataPipelines/Homework1/venv/lib/python3.10/site-packages/airflow/example_dags/tutorial_dag.py for tasks to queue
[2023-11-30T02:33:48.829+0200] {logging_mixin.py:154} INFO - [2023-11-30T02:33:48.829+0200] {dagbag.py:536} INFO - Filling up the DagBag from /home/seva/UCU/AutomatedDataPipelines/Homework1/venv/lib/python3.10/site-packages/airflow/example_dags/tutorial_dag.py
[2023-11-30T02:33:48.835+0200] {processor.py:839} INFO - DAG(s) dict_keys(['tutorial_dag']) retrieved from /home/seva/UCU/AutomatedDataPipelines/Homework1/venv/lib/python3.10/site-packages/airflow/example_dags/tutorial_dag.py
[2023-11-30T02:33:48.859+0200] {logging_mixin.py:154} INFO - [2023-11-30T02:33:48.858+0200] {dag.py:2941} INFO - Sync 1 DAGs
[2023-11-30T02:33:48.878+0200] {logging_mixin.py:154} INFO - [2023-11-30T02:33:48.878+0200] {dag.py:3722} INFO - Setting next_dagrun for tutorial_dag to None, run_after=None
[2023-11-30T02:33:48.922+0200] {processor.py:179} INFO - Processing /home/seva/UCU/AutomatedDataPipelines/Homework1/venv/lib/python3.10/site-packages/airflow/example_dags/tutorial_dag.py took 0.110 seconds
[2023-11-30T02:34:37.308+0200] {processor.py:157} INFO - Started process (PID=6160) to work on /home/seva/UCU/AutomatedDataPipelines/Homework1/venv/lib/python3.10/site-packages/airflow/example_dags/tutorial_dag.py
[2023-11-30T02:34:37.320+0200] {processor.py:829} INFO - Processing file /home/seva/UCU/AutomatedDataPipelines/Homework1/venv/lib/python3.10/site-packages/airflow/example_dags/tutorial_dag.py for tasks to queue
[2023-11-30T02:34:37.321+0200] {logging_mixin.py:154} INFO - [2023-11-30T02:34:37.321+0200] {dagbag.py:536} INFO - Filling up the DagBag from /home/seva/UCU/AutomatedDataPipelines/Homework1/venv/lib/python3.10/site-packages/airflow/example_dags/tutorial_dag.py
[2023-11-30T02:34:37.326+0200] {processor.py:839} INFO - DAG(s) dict_keys(['tutorial_dag']) retrieved from /home/seva/UCU/AutomatedDataPipelines/Homework1/venv/lib/python3.10/site-packages/airflow/example_dags/tutorial_dag.py
[2023-11-30T02:34:37.342+0200] {logging_mixin.py:154} INFO - [2023-11-30T02:34:37.341+0200] {dag.py:2941} INFO - Sync 1 DAGs
[2023-11-30T02:34:37.353+0200] {logging_mixin.py:154} INFO - [2023-11-30T02:34:37.353+0200] {dag.py:3722} INFO - Setting next_dagrun for tutorial_dag to None, run_after=None
[2023-11-30T02:34:37.386+0200] {processor.py:179} INFO - Processing /home/seva/UCU/AutomatedDataPipelines/Homework1/venv/lib/python3.10/site-packages/airflow/example_dags/tutorial_dag.py took 0.081 seconds
[2023-11-30T02:35:25.485+0200] {processor.py:157} INFO - Started process (PID=6349) to work on /home/seva/UCU/AutomatedDataPipelines/Homework1/venv/lib/python3.10/site-packages/airflow/example_dags/tutorial_dag.py
[2023-11-30T02:35:25.497+0200] {processor.py:829} INFO - Processing file /home/seva/UCU/AutomatedDataPipelines/Homework1/venv/lib/python3.10/site-packages/airflow/example_dags/tutorial_dag.py for tasks to queue
[2023-11-30T02:35:25.498+0200] {logging_mixin.py:154} INFO - [2023-11-30T02:35:25.498+0200] {dagbag.py:536} INFO - Filling up the DagBag from /home/seva/UCU/AutomatedDataPipelines/Homework1/venv/lib/python3.10/site-packages/airflow/example_dags/tutorial_dag.py
[2023-11-30T02:35:25.504+0200] {processor.py:839} INFO - DAG(s) dict_keys(['tutorial_dag']) retrieved from /home/seva/UCU/AutomatedDataPipelines/Homework1/venv/lib/python3.10/site-packages/airflow/example_dags/tutorial_dag.py
[2023-11-30T02:35:25.520+0200] {logging_mixin.py:154} INFO - [2023-11-30T02:35:25.520+0200] {dag.py:2941} INFO - Sync 1 DAGs
[2023-11-30T02:35:25.530+0200] {logging_mixin.py:154} INFO - [2023-11-30T02:35:25.529+0200] {dag.py:3722} INFO - Setting next_dagrun for tutorial_dag to None, run_after=None
[2023-11-30T02:35:25.555+0200] {processor.py:179} INFO - Processing /home/seva/UCU/AutomatedDataPipelines/Homework1/venv/lib/python3.10/site-packages/airflow/example_dags/tutorial_dag.py took 0.074 seconds
[2023-11-30T02:36:11.615+0200] {processor.py:157} INFO - Started process (PID=6538) to work on /home/seva/UCU/AutomatedDataPipelines/Homework1/venv/lib/python3.10/site-packages/airflow/example_dags/tutorial_dag.py
[2023-11-30T02:36:11.627+0200] {processor.py:829} INFO - Processing file /home/seva/UCU/AutomatedDataPipelines/Homework1/venv/lib/python3.10/site-packages/airflow/example_dags/tutorial_dag.py for tasks to queue
[2023-11-30T02:36:11.628+0200] {logging_mixin.py:154} INFO - [2023-11-30T02:36:11.627+0200] {dagbag.py:536} INFO - Filling up the DagBag from /home/seva/UCU/AutomatedDataPipelines/Homework1/venv/lib/python3.10/site-packages/airflow/example_dags/tutorial_dag.py
[2023-11-30T02:36:11.634+0200] {processor.py:839} INFO - DAG(s) dict_keys(['tutorial_dag']) retrieved from /home/seva/UCU/AutomatedDataPipelines/Homework1/venv/lib/python3.10/site-packages/airflow/example_dags/tutorial_dag.py
[2023-11-30T02:36:11.652+0200] {logging_mixin.py:154} INFO - [2023-11-30T02:36:11.651+0200] {dag.py:2941} INFO - Sync 1 DAGs
[2023-11-30T02:36:11.665+0200] {logging_mixin.py:154} INFO - [2023-11-30T02:36:11.664+0200] {dag.py:3722} INFO - Setting next_dagrun for tutorial_dag to None, run_after=None
[2023-11-30T02:36:11.695+0200] {processor.py:179} INFO - Processing /home/seva/UCU/AutomatedDataPipelines/Homework1/venv/lib/python3.10/site-packages/airflow/example_dags/tutorial_dag.py took 0.083 seconds
[2023-11-30T02:36:57.199+0200] {processor.py:157} INFO - Started process (PID=6719) to work on /home/seva/UCU/AutomatedDataPipelines/Homework1/venv/lib/python3.10/site-packages/airflow/example_dags/tutorial_dag.py
[2023-11-30T02:36:57.202+0200] {processor.py:829} INFO - Processing file /home/seva/UCU/AutomatedDataPipelines/Homework1/venv/lib/python3.10/site-packages/airflow/example_dags/tutorial_dag.py for tasks to queue
[2023-11-30T02:36:57.204+0200] {logging_mixin.py:154} INFO - [2023-11-30T02:36:57.204+0200] {dagbag.py:536} INFO - Filling up the DagBag from /home/seva/UCU/AutomatedDataPipelines/Homework1/venv/lib/python3.10/site-packages/airflow/example_dags/tutorial_dag.py
[2023-11-30T02:36:57.214+0200] {processor.py:839} INFO - DAG(s) dict_keys(['tutorial_dag']) retrieved from /home/seva/UCU/AutomatedDataPipelines/Homework1/venv/lib/python3.10/site-packages/airflow/example_dags/tutorial_dag.py
[2023-11-30T02:36:57.259+0200] {logging_mixin.py:154} INFO - [2023-11-30T02:36:57.258+0200] {dag.py:2941} INFO - Sync 1 DAGs
[2023-11-30T02:36:57.279+0200] {logging_mixin.py:154} INFO - [2023-11-30T02:36:57.279+0200] {dag.py:3722} INFO - Setting next_dagrun for tutorial_dag to None, run_after=None
[2023-11-30T02:36:57.326+0200] {processor.py:179} INFO - Processing /home/seva/UCU/AutomatedDataPipelines/Homework1/venv/lib/python3.10/site-packages/airflow/example_dags/tutorial_dag.py took 0.138 seconds
[2023-11-30T02:37:46.818+0200] {processor.py:157} INFO - Started process (PID=6909) to work on /home/seva/UCU/AutomatedDataPipelines/Homework1/venv/lib/python3.10/site-packages/airflow/example_dags/tutorial_dag.py
[2023-11-30T02:37:46.832+0200] {processor.py:829} INFO - Processing file /home/seva/UCU/AutomatedDataPipelines/Homework1/venv/lib/python3.10/site-packages/airflow/example_dags/tutorial_dag.py for tasks to queue
[2023-11-30T02:37:46.837+0200] {logging_mixin.py:154} INFO - [2023-11-30T02:37:46.835+0200] {dagbag.py:536} INFO - Filling up the DagBag from /home/seva/UCU/AutomatedDataPipelines/Homework1/venv/lib/python3.10/site-packages/airflow/example_dags/tutorial_dag.py
[2023-11-30T02:37:46.859+0200] {processor.py:839} INFO - DAG(s) dict_keys(['tutorial_dag']) retrieved from /home/seva/UCU/AutomatedDataPipelines/Homework1/venv/lib/python3.10/site-packages/airflow/example_dags/tutorial_dag.py
[2023-11-30T02:37:46.893+0200] {logging_mixin.py:154} INFO - [2023-11-30T02:37:46.892+0200] {dag.py:2941} INFO - Sync 1 DAGs
[2023-11-30T02:37:46.920+0200] {logging_mixin.py:154} INFO - [2023-11-30T02:37:46.920+0200] {dag.py:3722} INFO - Setting next_dagrun for tutorial_dag to None, run_after=None
[2023-11-30T02:37:46.971+0200] {processor.py:179} INFO - Processing /home/seva/UCU/AutomatedDataPipelines/Homework1/venv/lib/python3.10/site-packages/airflow/example_dags/tutorial_dag.py took 0.164 seconds
[2023-11-30T02:38:40.801+0200] {processor.py:157} INFO - Started process (PID=7276) to work on /home/seva/UCU/AutomatedDataPipelines/Homework1/venv/lib/python3.10/site-packages/airflow/example_dags/tutorial_dag.py
[2023-11-30T02:38:40.813+0200] {processor.py:829} INFO - Processing file /home/seva/UCU/AutomatedDataPipelines/Homework1/venv/lib/python3.10/site-packages/airflow/example_dags/tutorial_dag.py for tasks to queue
[2023-11-30T02:38:40.814+0200] {logging_mixin.py:154} INFO - [2023-11-30T02:38:40.814+0200] {dagbag.py:536} INFO - Filling up the DagBag from /home/seva/UCU/AutomatedDataPipelines/Homework1/venv/lib/python3.10/site-packages/airflow/example_dags/tutorial_dag.py
[2023-11-30T02:38:40.820+0200] {processor.py:839} INFO - DAG(s) dict_keys(['tutorial_dag']) retrieved from /home/seva/UCU/AutomatedDataPipelines/Homework1/venv/lib/python3.10/site-packages/airflow/example_dags/tutorial_dag.py
[2023-11-30T02:38:40.836+0200] {logging_mixin.py:154} INFO - [2023-11-30T02:38:40.835+0200] {dag.py:2941} INFO - Sync 1 DAGs
[2023-11-30T02:38:40.846+0200] {logging_mixin.py:154} INFO - [2023-11-30T02:38:40.846+0200] {dag.py:3722} INFO - Setting next_dagrun for tutorial_dag to None, run_after=None
[2023-11-30T02:38:40.892+0200] {processor.py:179} INFO - Processing /home/seva/UCU/AutomatedDataPipelines/Homework1/venv/lib/python3.10/site-packages/airflow/example_dags/tutorial_dag.py took 0.094 seconds
