[2023-11-30T02:14:05.090+0200] {processor.py:157} INFO - Started process (PID=1286) to work on /home/seva/UCU/AutomatedDataPipelines/Homework1/venv/lib/python3.10/site-packages/airflow/example_dags/tutorial.py
[2023-11-30T02:14:05.091+0200] {processor.py:829} INFO - Processing file /home/seva/UCU/AutomatedDataPipelines/Homework1/venv/lib/python3.10/site-packages/airflow/example_dags/tutorial.py for tasks to queue
[2023-11-30T02:14:05.092+0200] {logging_mixin.py:154} INFO - [2023-11-30T02:14:05.092+0200] {dagbag.py:536} INFO - Filling up the DagBag from /home/seva/UCU/AutomatedDataPipelines/Homework1/venv/lib/python3.10/site-packages/airflow/example_dags/tutorial.py
[2023-11-30T02:14:05.098+0200] {processor.py:839} INFO - DAG(s) dict_keys(['tutorial']) retrieved from /home/seva/UCU/AutomatedDataPipelines/Homework1/venv/lib/python3.10/site-packages/airflow/example_dags/tutorial.py
[2023-11-30T02:14:05.202+0200] {logging_mixin.py:154} INFO - [2023-11-30T02:14:05.202+0200] {manager.py:499} INFO - Created Permission View: %s
[2023-11-30T02:14:05.220+0200] {logging_mixin.py:154} INFO - [2023-11-30T02:14:05.220+0200] {manager.py:499} INFO - Created Permission View: %s
[2023-11-30T02:14:05.235+0200] {logging_mixin.py:154} INFO - [2023-11-30T02:14:05.235+0200] {manager.py:499} INFO - Created Permission View: %s
[2023-11-30T02:14:05.235+0200] {logging_mixin.py:154} INFO - [2023-11-30T02:14:05.235+0200] {dag.py:2941} INFO - Sync 1 DAGs
[2023-11-30T02:14:05.244+0200] {logging_mixin.py:154} INFO - [2023-11-30T02:14:05.243+0200] {dag.py:2963} INFO - Creating ORM DAG for tutorial
[2023-11-30T02:14:05.250+0200] {logging_mixin.py:154} INFO - [2023-11-30T02:14:05.250+0200] {dag.py:3722} INFO - Setting next_dagrun for tutorial to 2023-11-29T00:14:05.250082+00:00, run_after=2023-11-30T00:14:05.250082+00:00
[2023-11-30T02:14:05.275+0200] {processor.py:179} INFO - Processing /home/seva/UCU/AutomatedDataPipelines/Homework1/venv/lib/python3.10/site-packages/airflow/example_dags/tutorial.py took 0.188 seconds
[2023-11-30T02:14:53.832+0200] {processor.py:157} INFO - Started process (PID=1453) to work on /home/seva/UCU/AutomatedDataPipelines/Homework1/venv/lib/python3.10/site-packages/airflow/example_dags/tutorial.py
[2023-11-30T02:14:53.844+0200] {processor.py:829} INFO - Processing file /home/seva/UCU/AutomatedDataPipelines/Homework1/venv/lib/python3.10/site-packages/airflow/example_dags/tutorial.py for tasks to queue
[2023-11-30T02:14:53.845+0200] {logging_mixin.py:154} INFO - [2023-11-30T02:14:53.845+0200] {dagbag.py:536} INFO - Filling up the DagBag from /home/seva/UCU/AutomatedDataPipelines/Homework1/venv/lib/python3.10/site-packages/airflow/example_dags/tutorial.py
[2023-11-30T02:14:53.852+0200] {processor.py:839} INFO - DAG(s) dict_keys(['tutorial']) retrieved from /home/seva/UCU/AutomatedDataPipelines/Homework1/venv/lib/python3.10/site-packages/airflow/example_dags/tutorial.py
[2023-11-30T02:14:53.865+0200] {logging_mixin.py:154} INFO - [2023-11-30T02:14:53.865+0200] {dag.py:2941} INFO - Sync 1 DAGs
[2023-11-30T02:14:53.882+0200] {logging_mixin.py:154} INFO - [2023-11-30T02:14:53.882+0200] {dag.py:3722} INFO - Setting next_dagrun for tutorial to 2023-11-29T00:14:53.881852+00:00, run_after=2023-11-30T00:14:53.881852+00:00
[2023-11-30T02:14:53.908+0200] {processor.py:179} INFO - Processing /home/seva/UCU/AutomatedDataPipelines/Homework1/venv/lib/python3.10/site-packages/airflow/example_dags/tutorial.py took 0.079 seconds
[2023-11-30T02:15:40.403+0200] {processor.py:157} INFO - Started process (PID=1634) to work on /home/seva/UCU/AutomatedDataPipelines/Homework1/venv/lib/python3.10/site-packages/airflow/example_dags/tutorial.py
[2023-11-30T02:15:40.416+0200] {processor.py:829} INFO - Processing file /home/seva/UCU/AutomatedDataPipelines/Homework1/venv/lib/python3.10/site-packages/airflow/example_dags/tutorial.py for tasks to queue
[2023-11-30T02:15:40.417+0200] {logging_mixin.py:154} INFO - [2023-11-30T02:15:40.416+0200] {dagbag.py:536} INFO - Filling up the DagBag from /home/seva/UCU/AutomatedDataPipelines/Homework1/venv/lib/python3.10/site-packages/airflow/example_dags/tutorial.py
[2023-11-30T02:15:40.423+0200] {processor.py:839} INFO - DAG(s) dict_keys(['tutorial']) retrieved from /home/seva/UCU/AutomatedDataPipelines/Homework1/venv/lib/python3.10/site-packages/airflow/example_dags/tutorial.py
[2023-11-30T02:15:40.436+0200] {logging_mixin.py:154} INFO - [2023-11-30T02:15:40.436+0200] {dag.py:2941} INFO - Sync 1 DAGs
[2023-11-30T02:15:40.452+0200] {logging_mixin.py:154} INFO - [2023-11-30T02:15:40.452+0200] {dag.py:3722} INFO - Setting next_dagrun for tutorial to 2023-11-29T00:15:40.452553+00:00, run_after=2023-11-30T00:15:40.452553+00:00
[2023-11-30T02:15:40.476+0200] {processor.py:179} INFO - Processing /home/seva/UCU/AutomatedDataPipelines/Homework1/venv/lib/python3.10/site-packages/airflow/example_dags/tutorial.py took 0.081 seconds
[2023-11-30T02:16:27.063+0200] {processor.py:157} INFO - Started process (PID=1814) to work on /home/seva/UCU/AutomatedDataPipelines/Homework1/venv/lib/python3.10/site-packages/airflow/example_dags/tutorial.py
[2023-11-30T02:16:27.065+0200] {processor.py:829} INFO - Processing file /home/seva/UCU/AutomatedDataPipelines/Homework1/venv/lib/python3.10/site-packages/airflow/example_dags/tutorial.py for tasks to queue
[2023-11-30T02:16:27.066+0200] {logging_mixin.py:154} INFO - [2023-11-30T02:16:27.066+0200] {dagbag.py:536} INFO - Filling up the DagBag from /home/seva/UCU/AutomatedDataPipelines/Homework1/venv/lib/python3.10/site-packages/airflow/example_dags/tutorial.py
[2023-11-30T02:16:27.072+0200] {processor.py:839} INFO - DAG(s) dict_keys(['tutorial']) retrieved from /home/seva/UCU/AutomatedDataPipelines/Homework1/venv/lib/python3.10/site-packages/airflow/example_dags/tutorial.py
[2023-11-30T02:16:27.086+0200] {logging_mixin.py:154} INFO - [2023-11-30T02:16:27.085+0200] {dag.py:2941} INFO - Sync 1 DAGs
[2023-11-30T02:16:27.102+0200] {logging_mixin.py:154} INFO - [2023-11-30T02:16:27.102+0200] {dag.py:3722} INFO - Setting next_dagrun for tutorial to 2023-11-29T00:16:27.101904+00:00, run_after=2023-11-30T00:16:27.101904+00:00
[2023-11-30T02:16:27.125+0200] {processor.py:179} INFO - Processing /home/seva/UCU/AutomatedDataPipelines/Homework1/venv/lib/python3.10/site-packages/airflow/example_dags/tutorial.py took 0.066 seconds
[2023-11-30T02:17:10.218+0200] {processor.py:157} INFO - Started process (PID=1989) to work on /home/seva/UCU/AutomatedDataPipelines/Homework1/venv/lib/python3.10/site-packages/airflow/example_dags/tutorial.py
[2023-11-30T02:17:10.230+0200] {processor.py:829} INFO - Processing file /home/seva/UCU/AutomatedDataPipelines/Homework1/venv/lib/python3.10/site-packages/airflow/example_dags/tutorial.py for tasks to queue
[2023-11-30T02:17:10.231+0200] {logging_mixin.py:154} INFO - [2023-11-30T02:17:10.230+0200] {dagbag.py:536} INFO - Filling up the DagBag from /home/seva/UCU/AutomatedDataPipelines/Homework1/venv/lib/python3.10/site-packages/airflow/example_dags/tutorial.py
[2023-11-30T02:17:10.238+0200] {processor.py:839} INFO - DAG(s) dict_keys(['tutorial']) retrieved from /home/seva/UCU/AutomatedDataPipelines/Homework1/venv/lib/python3.10/site-packages/airflow/example_dags/tutorial.py
[2023-11-30T02:17:10.251+0200] {logging_mixin.py:154} INFO - [2023-11-30T02:17:10.250+0200] {dag.py:2941} INFO - Sync 1 DAGs
[2023-11-30T02:17:10.266+0200] {logging_mixin.py:154} INFO - [2023-11-30T02:17:10.266+0200] {dag.py:3722} INFO - Setting next_dagrun for tutorial to 2023-11-29T00:17:10.266467+00:00, run_after=2023-11-30T00:17:10.266467+00:00
[2023-11-30T02:17:10.299+0200] {processor.py:179} INFO - Processing /home/seva/UCU/AutomatedDataPipelines/Homework1/venv/lib/python3.10/site-packages/airflow/example_dags/tutorial.py took 0.084 seconds
[2023-11-30T02:17:54.252+0200] {processor.py:157} INFO - Started process (PID=2166) to work on /home/seva/UCU/AutomatedDataPipelines/Homework1/venv/lib/python3.10/site-packages/airflow/example_dags/tutorial.py
[2023-11-30T02:17:54.254+0200] {processor.py:829} INFO - Processing file /home/seva/UCU/AutomatedDataPipelines/Homework1/venv/lib/python3.10/site-packages/airflow/example_dags/tutorial.py for tasks to queue
[2023-11-30T02:17:54.255+0200] {logging_mixin.py:154} INFO - [2023-11-30T02:17:54.255+0200] {dagbag.py:536} INFO - Filling up the DagBag from /home/seva/UCU/AutomatedDataPipelines/Homework1/venv/lib/python3.10/site-packages/airflow/example_dags/tutorial.py
[2023-11-30T02:17:54.264+0200] {processor.py:839} INFO - DAG(s) dict_keys(['tutorial']) retrieved from /home/seva/UCU/AutomatedDataPipelines/Homework1/venv/lib/python3.10/site-packages/airflow/example_dags/tutorial.py
[2023-11-30T02:17:54.281+0200] {logging_mixin.py:154} INFO - [2023-11-30T02:17:54.281+0200] {dag.py:2941} INFO - Sync 1 DAGs
[2023-11-30T02:17:54.302+0200] {logging_mixin.py:154} INFO - [2023-11-30T02:17:54.302+0200] {dag.py:3722} INFO - Setting next_dagrun for tutorial to 2023-11-29T00:17:54.302233+00:00, run_after=2023-11-30T00:17:54.302233+00:00
[2023-11-30T02:17:54.331+0200] {processor.py:179} INFO - Processing /home/seva/UCU/AutomatedDataPipelines/Homework1/venv/lib/python3.10/site-packages/airflow/example_dags/tutorial.py took 0.083 seconds
[2023-11-30T02:18:36.473+0200] {processor.py:157} INFO - Started process (PID=2338) to work on /home/seva/UCU/AutomatedDataPipelines/Homework1/venv/lib/python3.10/site-packages/airflow/example_dags/tutorial.py
[2023-11-30T02:18:36.475+0200] {processor.py:829} INFO - Processing file /home/seva/UCU/AutomatedDataPipelines/Homework1/venv/lib/python3.10/site-packages/airflow/example_dags/tutorial.py for tasks to queue
[2023-11-30T02:18:36.476+0200] {logging_mixin.py:154} INFO - [2023-11-30T02:18:36.476+0200] {dagbag.py:536} INFO - Filling up the DagBag from /home/seva/UCU/AutomatedDataPipelines/Homework1/venv/lib/python3.10/site-packages/airflow/example_dags/tutorial.py
[2023-11-30T02:18:36.482+0200] {processor.py:839} INFO - DAG(s) dict_keys(['tutorial']) retrieved from /home/seva/UCU/AutomatedDataPipelines/Homework1/venv/lib/python3.10/site-packages/airflow/example_dags/tutorial.py
[2023-11-30T02:18:36.495+0200] {logging_mixin.py:154} INFO - [2023-11-30T02:18:36.495+0200] {dag.py:2941} INFO - Sync 1 DAGs
[2023-11-30T02:18:36.511+0200] {logging_mixin.py:154} INFO - [2023-11-30T02:18:36.511+0200] {dag.py:3722} INFO - Setting next_dagrun for tutorial to 2023-11-29T00:18:36.510842+00:00, run_after=2023-11-30T00:18:36.510842+00:00
[2023-11-30T02:18:36.537+0200] {processor.py:179} INFO - Processing /home/seva/UCU/AutomatedDataPipelines/Homework1/venv/lib/python3.10/site-packages/airflow/example_dags/tutorial.py took 0.068 seconds
[2023-11-30T02:19:22.848+0200] {processor.py:157} INFO - Started process (PID=2516) to work on /home/seva/UCU/AutomatedDataPipelines/Homework1/venv/lib/python3.10/site-packages/airflow/example_dags/tutorial.py
[2023-11-30T02:19:22.860+0200] {processor.py:829} INFO - Processing file /home/seva/UCU/AutomatedDataPipelines/Homework1/venv/lib/python3.10/site-packages/airflow/example_dags/tutorial.py for tasks to queue
[2023-11-30T02:19:22.861+0200] {logging_mixin.py:154} INFO - [2023-11-30T02:19:22.861+0200] {dagbag.py:536} INFO - Filling up the DagBag from /home/seva/UCU/AutomatedDataPipelines/Homework1/venv/lib/python3.10/site-packages/airflow/example_dags/tutorial.py
[2023-11-30T02:19:22.867+0200] {processor.py:839} INFO - DAG(s) dict_keys(['tutorial']) retrieved from /home/seva/UCU/AutomatedDataPipelines/Homework1/venv/lib/python3.10/site-packages/airflow/example_dags/tutorial.py
[2023-11-30T02:19:22.880+0200] {logging_mixin.py:154} INFO - [2023-11-30T02:19:22.880+0200] {dag.py:2941} INFO - Sync 1 DAGs
[2023-11-30T02:19:22.896+0200] {logging_mixin.py:154} INFO - [2023-11-30T02:19:22.896+0200] {dag.py:3722} INFO - Setting next_dagrun for tutorial to 2023-11-29T00:19:22.896178+00:00, run_after=2023-11-30T00:19:22.896178+00:00
[2023-11-30T02:19:22.919+0200] {processor.py:179} INFO - Processing /home/seva/UCU/AutomatedDataPipelines/Homework1/venv/lib/python3.10/site-packages/airflow/example_dags/tutorial.py took 0.074 seconds
[2023-11-30T02:20:05.118+0200] {processor.py:157} INFO - Started process (PID=2690) to work on /home/seva/UCU/AutomatedDataPipelines/Homework1/venv/lib/python3.10/site-packages/airflow/example_dags/tutorial.py
[2023-11-30T02:20:05.121+0200] {processor.py:829} INFO - Processing file /home/seva/UCU/AutomatedDataPipelines/Homework1/venv/lib/python3.10/site-packages/airflow/example_dags/tutorial.py for tasks to queue
[2023-11-30T02:20:05.122+0200] {logging_mixin.py:154} INFO - [2023-11-30T02:20:05.122+0200] {dagbag.py:536} INFO - Filling up the DagBag from /home/seva/UCU/AutomatedDataPipelines/Homework1/venv/lib/python3.10/site-packages/airflow/example_dags/tutorial.py
[2023-11-30T02:20:05.128+0200] {processor.py:839} INFO - DAG(s) dict_keys(['tutorial']) retrieved from /home/seva/UCU/AutomatedDataPipelines/Homework1/venv/lib/python3.10/site-packages/airflow/example_dags/tutorial.py
[2023-11-30T02:20:05.141+0200] {logging_mixin.py:154} INFO - [2023-11-30T02:20:05.141+0200] {dag.py:2941} INFO - Sync 1 DAGs
[2023-11-30T02:20:05.156+0200] {logging_mixin.py:154} INFO - [2023-11-30T02:20:05.156+0200] {dag.py:3722} INFO - Setting next_dagrun for tutorial to 2023-11-29T00:20:05.156493+00:00, run_after=2023-11-30T00:20:05.156493+00:00
[2023-11-30T02:20:05.179+0200] {processor.py:179} INFO - Processing /home/seva/UCU/AutomatedDataPipelines/Homework1/venv/lib/python3.10/site-packages/airflow/example_dags/tutorial.py took 0.064 seconds
[2023-11-30T02:20:52.034+0200] {processor.py:157} INFO - Started process (PID=2869) to work on /home/seva/UCU/AutomatedDataPipelines/Homework1/venv/lib/python3.10/site-packages/airflow/example_dags/tutorial.py
[2023-11-30T02:20:52.046+0200] {processor.py:829} INFO - Processing file /home/seva/UCU/AutomatedDataPipelines/Homework1/venv/lib/python3.10/site-packages/airflow/example_dags/tutorial.py for tasks to queue
[2023-11-30T02:20:52.047+0200] {logging_mixin.py:154} INFO - [2023-11-30T02:20:52.046+0200] {dagbag.py:536} INFO - Filling up the DagBag from /home/seva/UCU/AutomatedDataPipelines/Homework1/venv/lib/python3.10/site-packages/airflow/example_dags/tutorial.py
[2023-11-30T02:20:52.052+0200] {processor.py:839} INFO - DAG(s) dict_keys(['tutorial']) retrieved from /home/seva/UCU/AutomatedDataPipelines/Homework1/venv/lib/python3.10/site-packages/airflow/example_dags/tutorial.py
[2023-11-30T02:20:52.065+0200] {logging_mixin.py:154} INFO - [2023-11-30T02:20:52.065+0200] {dag.py:2941} INFO - Sync 1 DAGs
[2023-11-30T02:20:52.080+0200] {logging_mixin.py:154} INFO - [2023-11-30T02:20:52.080+0200] {dag.py:3722} INFO - Setting next_dagrun for tutorial to 2023-11-29T00:20:52.080355+00:00, run_after=2023-11-30T00:20:52.080355+00:00
[2023-11-30T02:20:52.106+0200] {processor.py:179} INFO - Processing /home/seva/UCU/AutomatedDataPipelines/Homework1/venv/lib/python3.10/site-packages/airflow/example_dags/tutorial.py took 0.075 seconds
[2023-11-30T02:21:36.944+0200] {processor.py:157} INFO - Started process (PID=3048) to work on /home/seva/UCU/AutomatedDataPipelines/Homework1/venv/lib/python3.10/site-packages/airflow/example_dags/tutorial.py
[2023-11-30T02:21:36.956+0200] {processor.py:829} INFO - Processing file /home/seva/UCU/AutomatedDataPipelines/Homework1/venv/lib/python3.10/site-packages/airflow/example_dags/tutorial.py for tasks to queue
[2023-11-30T02:21:36.958+0200] {logging_mixin.py:154} INFO - [2023-11-30T02:21:36.957+0200] {dagbag.py:536} INFO - Filling up the DagBag from /home/seva/UCU/AutomatedDataPipelines/Homework1/venv/lib/python3.10/site-packages/airflow/example_dags/tutorial.py
[2023-11-30T02:21:36.964+0200] {processor.py:839} INFO - DAG(s) dict_keys(['tutorial']) retrieved from /home/seva/UCU/AutomatedDataPipelines/Homework1/venv/lib/python3.10/site-packages/airflow/example_dags/tutorial.py
[2023-11-30T02:21:36.980+0200] {logging_mixin.py:154} INFO - [2023-11-30T02:21:36.979+0200] {dag.py:2941} INFO - Sync 1 DAGs
[2023-11-30T02:21:36.995+0200] {logging_mixin.py:154} INFO - [2023-11-30T02:21:36.995+0200] {dag.py:3722} INFO - Setting next_dagrun for tutorial to 2023-11-29T00:21:36.995273+00:00, run_after=2023-11-30T00:21:36.995273+00:00
[2023-11-30T02:21:37.037+0200] {processor.py:179} INFO - Processing /home/seva/UCU/AutomatedDataPipelines/Homework1/venv/lib/python3.10/site-packages/airflow/example_dags/tutorial.py took 0.097 seconds
[2023-11-30T02:22:18.250+0200] {processor.py:157} INFO - Started process (PID=3215) to work on /home/seva/UCU/AutomatedDataPipelines/Homework1/venv/lib/python3.10/site-packages/airflow/example_dags/tutorial.py
[2023-11-30T02:22:18.262+0200] {processor.py:829} INFO - Processing file /home/seva/UCU/AutomatedDataPipelines/Homework1/venv/lib/python3.10/site-packages/airflow/example_dags/tutorial.py for tasks to queue
[2023-11-30T02:22:18.263+0200] {logging_mixin.py:154} INFO - [2023-11-30T02:22:18.263+0200] {dagbag.py:536} INFO - Filling up the DagBag from /home/seva/UCU/AutomatedDataPipelines/Homework1/venv/lib/python3.10/site-packages/airflow/example_dags/tutorial.py
[2023-11-30T02:22:18.268+0200] {processor.py:839} INFO - DAG(s) dict_keys(['tutorial']) retrieved from /home/seva/UCU/AutomatedDataPipelines/Homework1/venv/lib/python3.10/site-packages/airflow/example_dags/tutorial.py
[2023-11-30T02:22:18.281+0200] {logging_mixin.py:154} INFO - [2023-11-30T02:22:18.281+0200] {dag.py:2941} INFO - Sync 1 DAGs
[2023-11-30T02:22:18.297+0200] {logging_mixin.py:154} INFO - [2023-11-30T02:22:18.297+0200] {dag.py:3722} INFO - Setting next_dagrun for tutorial to 2023-11-29T00:22:18.297007+00:00, run_after=2023-11-30T00:22:18.297007+00:00
[2023-11-30T02:22:18.320+0200] {processor.py:179} INFO - Processing /home/seva/UCU/AutomatedDataPipelines/Homework1/venv/lib/python3.10/site-packages/airflow/example_dags/tutorial.py took 0.073 seconds
[2023-11-30T02:23:06.180+0200] {processor.py:157} INFO - Started process (PID=3401) to work on /home/seva/UCU/AutomatedDataPipelines/Homework1/venv/lib/python3.10/site-packages/airflow/example_dags/tutorial.py
[2023-11-30T02:23:06.192+0200] {processor.py:829} INFO - Processing file /home/seva/UCU/AutomatedDataPipelines/Homework1/venv/lib/python3.10/site-packages/airflow/example_dags/tutorial.py for tasks to queue
[2023-11-30T02:23:06.193+0200] {logging_mixin.py:154} INFO - [2023-11-30T02:23:06.193+0200] {dagbag.py:536} INFO - Filling up the DagBag from /home/seva/UCU/AutomatedDataPipelines/Homework1/venv/lib/python3.10/site-packages/airflow/example_dags/tutorial.py
[2023-11-30T02:23:06.199+0200] {processor.py:839} INFO - DAG(s) dict_keys(['tutorial']) retrieved from /home/seva/UCU/AutomatedDataPipelines/Homework1/venv/lib/python3.10/site-packages/airflow/example_dags/tutorial.py
[2023-11-30T02:23:06.213+0200] {logging_mixin.py:154} INFO - [2023-11-30T02:23:06.213+0200] {dag.py:2941} INFO - Sync 1 DAGs
[2023-11-30T02:23:06.228+0200] {logging_mixin.py:154} INFO - [2023-11-30T02:23:06.228+0200] {dag.py:3722} INFO - Setting next_dagrun for tutorial to 2023-11-29T00:23:06.228463+00:00, run_after=2023-11-30T00:23:06.228463+00:00
[2023-11-30T02:23:06.252+0200] {processor.py:179} INFO - Processing /home/seva/UCU/AutomatedDataPipelines/Homework1/venv/lib/python3.10/site-packages/airflow/example_dags/tutorial.py took 0.075 seconds
[2023-11-30T02:23:49.776+0200] {processor.py:157} INFO - Started process (PID=3573) to work on /home/seva/UCU/AutomatedDataPipelines/Homework1/venv/lib/python3.10/site-packages/airflow/example_dags/tutorial.py
[2023-11-30T02:23:49.787+0200] {processor.py:829} INFO - Processing file /home/seva/UCU/AutomatedDataPipelines/Homework1/venv/lib/python3.10/site-packages/airflow/example_dags/tutorial.py for tasks to queue
[2023-11-30T02:23:49.788+0200] {logging_mixin.py:154} INFO - [2023-11-30T02:23:49.788+0200] {dagbag.py:536} INFO - Filling up the DagBag from /home/seva/UCU/AutomatedDataPipelines/Homework1/venv/lib/python3.10/site-packages/airflow/example_dags/tutorial.py
[2023-11-30T02:23:49.795+0200] {processor.py:839} INFO - DAG(s) dict_keys(['tutorial']) retrieved from /home/seva/UCU/AutomatedDataPipelines/Homework1/venv/lib/python3.10/site-packages/airflow/example_dags/tutorial.py
[2023-11-30T02:23:49.809+0200] {logging_mixin.py:154} INFO - [2023-11-30T02:23:49.808+0200] {dag.py:2941} INFO - Sync 1 DAGs
[2023-11-30T02:23:49.826+0200] {logging_mixin.py:154} INFO - [2023-11-30T02:23:49.825+0200] {dag.py:3722} INFO - Setting next_dagrun for tutorial to 2023-11-29T00:23:49.825697+00:00, run_after=2023-11-30T00:23:49.825697+00:00
[2023-11-30T02:23:49.848+0200] {processor.py:179} INFO - Processing /home/seva/UCU/AutomatedDataPipelines/Homework1/venv/lib/python3.10/site-packages/airflow/example_dags/tutorial.py took 0.075 seconds
[2023-11-30T02:24:37.297+0200] {processor.py:157} INFO - Started process (PID=3760) to work on /home/seva/UCU/AutomatedDataPipelines/Homework1/venv/lib/python3.10/site-packages/airflow/example_dags/tutorial.py
[2023-11-30T02:24:37.299+0200] {processor.py:829} INFO - Processing file /home/seva/UCU/AutomatedDataPipelines/Homework1/venv/lib/python3.10/site-packages/airflow/example_dags/tutorial.py for tasks to queue
[2023-11-30T02:24:37.300+0200] {logging_mixin.py:154} INFO - [2023-11-30T02:24:37.299+0200] {dagbag.py:536} INFO - Filling up the DagBag from /home/seva/UCU/AutomatedDataPipelines/Homework1/venv/lib/python3.10/site-packages/airflow/example_dags/tutorial.py
[2023-11-30T02:24:37.306+0200] {processor.py:839} INFO - DAG(s) dict_keys(['tutorial']) retrieved from /home/seva/UCU/AutomatedDataPipelines/Homework1/venv/lib/python3.10/site-packages/airflow/example_dags/tutorial.py
[2023-11-30T02:24:37.320+0200] {logging_mixin.py:154} INFO - [2023-11-30T02:24:37.319+0200] {dag.py:2941} INFO - Sync 1 DAGs
[2023-11-30T02:24:37.336+0200] {logging_mixin.py:154} INFO - [2023-11-30T02:24:37.336+0200] {dag.py:3722} INFO - Setting next_dagrun for tutorial to 2023-11-29T00:24:37.335843+00:00, run_after=2023-11-30T00:24:37.335843+00:00
[2023-11-30T02:24:37.359+0200] {processor.py:179} INFO - Processing /home/seva/UCU/AutomatedDataPipelines/Homework1/venv/lib/python3.10/site-packages/airflow/example_dags/tutorial.py took 0.065 seconds
[2023-11-30T02:25:24.573+0200] {processor.py:157} INFO - Started process (PID=3948) to work on /home/seva/UCU/AutomatedDataPipelines/Homework1/venv/lib/python3.10/site-packages/airflow/example_dags/tutorial.py
[2023-11-30T02:25:24.584+0200] {processor.py:829} INFO - Processing file /home/seva/UCU/AutomatedDataPipelines/Homework1/venv/lib/python3.10/site-packages/airflow/example_dags/tutorial.py for tasks to queue
[2023-11-30T02:25:24.585+0200] {logging_mixin.py:154} INFO - [2023-11-30T02:25:24.585+0200] {dagbag.py:536} INFO - Filling up the DagBag from /home/seva/UCU/AutomatedDataPipelines/Homework1/venv/lib/python3.10/site-packages/airflow/example_dags/tutorial.py
[2023-11-30T02:25:24.591+0200] {processor.py:839} INFO - DAG(s) dict_keys(['tutorial']) retrieved from /home/seva/UCU/AutomatedDataPipelines/Homework1/venv/lib/python3.10/site-packages/airflow/example_dags/tutorial.py
[2023-11-30T02:25:24.604+0200] {logging_mixin.py:154} INFO - [2023-11-30T02:25:24.604+0200] {dag.py:2941} INFO - Sync 1 DAGs
[2023-11-30T02:25:24.620+0200] {logging_mixin.py:154} INFO - [2023-11-30T02:25:24.619+0200] {dag.py:3722} INFO - Setting next_dagrun for tutorial to 2023-11-29T00:25:24.619751+00:00, run_after=2023-11-30T00:25:24.619751+00:00
[2023-11-30T02:25:24.643+0200] {processor.py:179} INFO - Processing /home/seva/UCU/AutomatedDataPipelines/Homework1/venv/lib/python3.10/site-packages/airflow/example_dags/tutorial.py took 0.073 seconds
[2023-11-30T02:26:20.206+0200] {processor.py:157} INFO - Started process (PID=4167) to work on /home/seva/UCU/AutomatedDataPipelines/Homework1/venv/lib/python3.10/site-packages/airflow/example_dags/tutorial.py
[2023-11-30T02:26:20.218+0200] {processor.py:829} INFO - Processing file /home/seva/UCU/AutomatedDataPipelines/Homework1/venv/lib/python3.10/site-packages/airflow/example_dags/tutorial.py for tasks to queue
[2023-11-30T02:26:20.219+0200] {logging_mixin.py:154} INFO - [2023-11-30T02:26:20.219+0200] {dagbag.py:536} INFO - Filling up the DagBag from /home/seva/UCU/AutomatedDataPipelines/Homework1/venv/lib/python3.10/site-packages/airflow/example_dags/tutorial.py
[2023-11-30T02:26:20.226+0200] {processor.py:839} INFO - DAG(s) dict_keys(['tutorial']) retrieved from /home/seva/UCU/AutomatedDataPipelines/Homework1/venv/lib/python3.10/site-packages/airflow/example_dags/tutorial.py
[2023-11-30T02:26:20.239+0200] {logging_mixin.py:154} INFO - [2023-11-30T02:26:20.239+0200] {dag.py:2941} INFO - Sync 1 DAGs
[2023-11-30T02:26:20.255+0200] {logging_mixin.py:154} INFO - [2023-11-30T02:26:20.255+0200] {dag.py:3722} INFO - Setting next_dagrun for tutorial to 2023-11-29T00:26:20.255470+00:00, run_after=2023-11-30T00:26:20.255470+00:00
[2023-11-30T02:26:20.292+0200] {processor.py:179} INFO - Processing /home/seva/UCU/AutomatedDataPipelines/Homework1/venv/lib/python3.10/site-packages/airflow/example_dags/tutorial.py took 0.090 seconds
[2023-11-30T02:27:13.446+0200] {processor.py:157} INFO - Started process (PID=4377) to work on /home/seva/UCU/AutomatedDataPipelines/Homework1/venv/lib/python3.10/site-packages/airflow/example_dags/tutorial.py
[2023-11-30T02:27:13.458+0200] {processor.py:829} INFO - Processing file /home/seva/UCU/AutomatedDataPipelines/Homework1/venv/lib/python3.10/site-packages/airflow/example_dags/tutorial.py for tasks to queue
[2023-11-30T02:27:13.459+0200] {logging_mixin.py:154} INFO - [2023-11-30T02:27:13.458+0200] {dagbag.py:536} INFO - Filling up the DagBag from /home/seva/UCU/AutomatedDataPipelines/Homework1/venv/lib/python3.10/site-packages/airflow/example_dags/tutorial.py
[2023-11-30T02:27:13.465+0200] {processor.py:839} INFO - DAG(s) dict_keys(['tutorial']) retrieved from /home/seva/UCU/AutomatedDataPipelines/Homework1/venv/lib/python3.10/site-packages/airflow/example_dags/tutorial.py
[2023-11-30T02:27:13.478+0200] {logging_mixin.py:154} INFO - [2023-11-30T02:27:13.478+0200] {dag.py:2941} INFO - Sync 1 DAGs
[2023-11-30T02:27:13.493+0200] {logging_mixin.py:154} INFO - [2023-11-30T02:27:13.493+0200] {dag.py:3722} INFO - Setting next_dagrun for tutorial to 2023-11-29T00:27:13.492821+00:00, run_after=2023-11-30T00:27:13.492821+00:00
[2023-11-30T02:27:13.519+0200] {processor.py:179} INFO - Processing /home/seva/UCU/AutomatedDataPipelines/Homework1/venv/lib/python3.10/site-packages/airflow/example_dags/tutorial.py took 0.077 seconds
[2023-11-30T02:28:01.348+0200] {processor.py:157} INFO - Started process (PID=4564) to work on /home/seva/UCU/AutomatedDataPipelines/Homework1/venv/lib/python3.10/site-packages/airflow/example_dags/tutorial.py
[2023-11-30T02:28:01.350+0200] {processor.py:829} INFO - Processing file /home/seva/UCU/AutomatedDataPipelines/Homework1/venv/lib/python3.10/site-packages/airflow/example_dags/tutorial.py for tasks to queue
[2023-11-30T02:28:01.351+0200] {logging_mixin.py:154} INFO - [2023-11-30T02:28:01.351+0200] {dagbag.py:536} INFO - Filling up the DagBag from /home/seva/UCU/AutomatedDataPipelines/Homework1/venv/lib/python3.10/site-packages/airflow/example_dags/tutorial.py
[2023-11-30T02:28:01.362+0200] {processor.py:839} INFO - DAG(s) dict_keys(['tutorial']) retrieved from /home/seva/UCU/AutomatedDataPipelines/Homework1/venv/lib/python3.10/site-packages/airflow/example_dags/tutorial.py
[2023-11-30T02:28:01.379+0200] {logging_mixin.py:154} INFO - [2023-11-30T02:28:01.379+0200] {dag.py:2941} INFO - Sync 1 DAGs
[2023-11-30T02:28:01.395+0200] {logging_mixin.py:154} INFO - [2023-11-30T02:28:01.394+0200] {dag.py:3722} INFO - Setting next_dagrun for tutorial to 2023-11-29T00:28:01.394621+00:00, run_after=2023-11-30T00:28:01.394621+00:00
[2023-11-30T02:28:01.419+0200] {processor.py:179} INFO - Processing /home/seva/UCU/AutomatedDataPipelines/Homework1/venv/lib/python3.10/site-packages/airflow/example_dags/tutorial.py took 0.076 seconds
[2023-11-30T02:28:45.899+0200] {processor.py:157} INFO - Started process (PID=4736) to work on /home/seva/UCU/AutomatedDataPipelines/Homework1/venv/lib/python3.10/site-packages/airflow/example_dags/tutorial.py
[2023-11-30T02:28:45.901+0200] {processor.py:829} INFO - Processing file /home/seva/UCU/AutomatedDataPipelines/Homework1/venv/lib/python3.10/site-packages/airflow/example_dags/tutorial.py for tasks to queue
[2023-11-30T02:28:45.902+0200] {logging_mixin.py:154} INFO - [2023-11-30T02:28:45.902+0200] {dagbag.py:536} INFO - Filling up the DagBag from /home/seva/UCU/AutomatedDataPipelines/Homework1/venv/lib/python3.10/site-packages/airflow/example_dags/tutorial.py
[2023-11-30T02:28:45.909+0200] {processor.py:839} INFO - DAG(s) dict_keys(['tutorial']) retrieved from /home/seva/UCU/AutomatedDataPipelines/Homework1/venv/lib/python3.10/site-packages/airflow/example_dags/tutorial.py
[2023-11-30T02:28:45.925+0200] {logging_mixin.py:154} INFO - [2023-11-30T02:28:45.925+0200] {dag.py:2941} INFO - Sync 1 DAGs
[2023-11-30T02:28:45.948+0200] {logging_mixin.py:154} INFO - [2023-11-30T02:28:45.947+0200] {dag.py:3722} INFO - Setting next_dagrun for tutorial to 2023-11-29T00:28:45.947557+00:00, run_after=2023-11-30T00:28:45.947557+00:00
[2023-11-30T02:28:45.975+0200] {processor.py:179} INFO - Processing /home/seva/UCU/AutomatedDataPipelines/Homework1/venv/lib/python3.10/site-packages/airflow/example_dags/tutorial.py took 0.079 seconds
[2023-11-30T02:29:31.984+0200] {processor.py:157} INFO - Started process (PID=4926) to work on /home/seva/UCU/AutomatedDataPipelines/Homework1/venv/lib/python3.10/site-packages/airflow/example_dags/tutorial.py
[2023-11-30T02:29:31.986+0200] {processor.py:829} INFO - Processing file /home/seva/UCU/AutomatedDataPipelines/Homework1/venv/lib/python3.10/site-packages/airflow/example_dags/tutorial.py for tasks to queue
[2023-11-30T02:29:31.987+0200] {logging_mixin.py:154} INFO - [2023-11-30T02:29:31.987+0200] {dagbag.py:536} INFO - Filling up the DagBag from /home/seva/UCU/AutomatedDataPipelines/Homework1/venv/lib/python3.10/site-packages/airflow/example_dags/tutorial.py
[2023-11-30T02:29:31.993+0200] {processor.py:839} INFO - DAG(s) dict_keys(['tutorial']) retrieved from /home/seva/UCU/AutomatedDataPipelines/Homework1/venv/lib/python3.10/site-packages/airflow/example_dags/tutorial.py
[2023-11-30T02:29:32.006+0200] {logging_mixin.py:154} INFO - [2023-11-30T02:29:32.006+0200] {dag.py:2941} INFO - Sync 1 DAGs
[2023-11-30T02:29:32.022+0200] {logging_mixin.py:154} INFO - [2023-11-30T02:29:32.022+0200] {dag.py:3722} INFO - Setting next_dagrun for tutorial to 2023-11-29T00:29:32.022387+00:00, run_after=2023-11-30T00:29:32.022387+00:00
[2023-11-30T02:29:32.047+0200] {processor.py:179} INFO - Processing /home/seva/UCU/AutomatedDataPipelines/Homework1/venv/lib/python3.10/site-packages/airflow/example_dags/tutorial.py took 0.066 seconds
[2023-11-30T02:30:16.055+0200] {processor.py:157} INFO - Started process (PID=5097) to work on /home/seva/UCU/AutomatedDataPipelines/Homework1/venv/lib/python3.10/site-packages/airflow/example_dags/tutorial.py
[2023-11-30T02:30:16.057+0200] {processor.py:829} INFO - Processing file /home/seva/UCU/AutomatedDataPipelines/Homework1/venv/lib/python3.10/site-packages/airflow/example_dags/tutorial.py for tasks to queue
[2023-11-30T02:30:16.058+0200] {logging_mixin.py:154} INFO - [2023-11-30T02:30:16.057+0200] {dagbag.py:536} INFO - Filling up the DagBag from /home/seva/UCU/AutomatedDataPipelines/Homework1/venv/lib/python3.10/site-packages/airflow/example_dags/tutorial.py
[2023-11-30T02:30:16.063+0200] {processor.py:839} INFO - DAG(s) dict_keys(['tutorial']) retrieved from /home/seva/UCU/AutomatedDataPipelines/Homework1/venv/lib/python3.10/site-packages/airflow/example_dags/tutorial.py
[2023-11-30T02:30:16.076+0200] {logging_mixin.py:154} INFO - [2023-11-30T02:30:16.076+0200] {dag.py:2941} INFO - Sync 1 DAGs
[2023-11-30T02:30:16.092+0200] {logging_mixin.py:154} INFO - [2023-11-30T02:30:16.092+0200] {dag.py:3722} INFO - Setting next_dagrun for tutorial to 2023-11-29T00:30:16.092171+00:00, run_after=2023-11-30T00:30:16.092171+00:00
[2023-11-30T02:30:16.118+0200] {processor.py:179} INFO - Processing /home/seva/UCU/AutomatedDataPipelines/Homework1/venv/lib/python3.10/site-packages/airflow/example_dags/tutorial.py took 0.066 seconds
[2023-11-30T02:31:01.184+0200] {processor.py:157} INFO - Started process (PID=5276) to work on /home/seva/UCU/AutomatedDataPipelines/Homework1/venv/lib/python3.10/site-packages/airflow/example_dags/tutorial.py
[2023-11-30T02:31:01.196+0200] {processor.py:829} INFO - Processing file /home/seva/UCU/AutomatedDataPipelines/Homework1/venv/lib/python3.10/site-packages/airflow/example_dags/tutorial.py for tasks to queue
[2023-11-30T02:31:01.197+0200] {logging_mixin.py:154} INFO - [2023-11-30T02:31:01.196+0200] {dagbag.py:536} INFO - Filling up the DagBag from /home/seva/UCU/AutomatedDataPipelines/Homework1/venv/lib/python3.10/site-packages/airflow/example_dags/tutorial.py
[2023-11-30T02:31:01.204+0200] {processor.py:839} INFO - DAG(s) dict_keys(['tutorial']) retrieved from /home/seva/UCU/AutomatedDataPipelines/Homework1/venv/lib/python3.10/site-packages/airflow/example_dags/tutorial.py
[2023-11-30T02:31:01.219+0200] {logging_mixin.py:154} INFO - [2023-11-30T02:31:01.218+0200] {dag.py:2941} INFO - Sync 1 DAGs
[2023-11-30T02:31:01.235+0200] {logging_mixin.py:154} INFO - [2023-11-30T02:31:01.235+0200] {dag.py:3722} INFO - Setting next_dagrun for tutorial to 2023-11-29T00:31:01.234855+00:00, run_after=2023-11-30T00:31:01.234855+00:00
[2023-11-30T02:31:01.260+0200] {processor.py:179} INFO - Processing /home/seva/UCU/AutomatedDataPipelines/Homework1/venv/lib/python3.10/site-packages/airflow/example_dags/tutorial.py took 0.079 seconds
[2023-11-30T02:31:47.461+0200] {processor.py:157} INFO - Started process (PID=5456) to work on /home/seva/UCU/AutomatedDataPipelines/Homework1/venv/lib/python3.10/site-packages/airflow/example_dags/tutorial.py
[2023-11-30T02:31:47.473+0200] {processor.py:829} INFO - Processing file /home/seva/UCU/AutomatedDataPipelines/Homework1/venv/lib/python3.10/site-packages/airflow/example_dags/tutorial.py for tasks to queue
[2023-11-30T02:31:47.474+0200] {logging_mixin.py:154} INFO - [2023-11-30T02:31:47.473+0200] {dagbag.py:536} INFO - Filling up the DagBag from /home/seva/UCU/AutomatedDataPipelines/Homework1/venv/lib/python3.10/site-packages/airflow/example_dags/tutorial.py
[2023-11-30T02:31:47.481+0200] {processor.py:839} INFO - DAG(s) dict_keys(['tutorial']) retrieved from /home/seva/UCU/AutomatedDataPipelines/Homework1/venv/lib/python3.10/site-packages/airflow/example_dags/tutorial.py
[2023-11-30T02:31:47.495+0200] {logging_mixin.py:154} INFO - [2023-11-30T02:31:47.494+0200] {dag.py:2941} INFO - Sync 1 DAGs
[2023-11-30T02:31:47.511+0200] {logging_mixin.py:154} INFO - [2023-11-30T02:31:47.511+0200] {dag.py:3722} INFO - Setting next_dagrun for tutorial to 2023-11-29T00:31:47.511332+00:00, run_after=2023-11-30T00:31:47.511332+00:00
[2023-11-30T02:31:47.535+0200] {processor.py:179} INFO - Processing /home/seva/UCU/AutomatedDataPipelines/Homework1/venv/lib/python3.10/site-packages/airflow/example_dags/tutorial.py took 0.077 seconds
[2023-11-30T02:32:30.627+0200] {processor.py:157} INFO - Started process (PID=5653) to work on /home/seva/UCU/AutomatedDataPipelines/Homework1/venv/lib/python3.10/site-packages/airflow/example_dags/tutorial.py
[2023-11-30T02:32:30.641+0200] {processor.py:829} INFO - Processing file /home/seva/UCU/AutomatedDataPipelines/Homework1/venv/lib/python3.10/site-packages/airflow/example_dags/tutorial.py for tasks to queue
[2023-11-30T02:32:30.643+0200] {logging_mixin.py:154} INFO - [2023-11-30T02:32:30.642+0200] {dagbag.py:536} INFO - Filling up the DagBag from /home/seva/UCU/AutomatedDataPipelines/Homework1/venv/lib/python3.10/site-packages/airflow/example_dags/tutorial.py
[2023-11-30T02:32:30.656+0200] {processor.py:839} INFO - DAG(s) dict_keys(['tutorial']) retrieved from /home/seva/UCU/AutomatedDataPipelines/Homework1/venv/lib/python3.10/site-packages/airflow/example_dags/tutorial.py
[2023-11-30T02:32:30.672+0200] {logging_mixin.py:154} INFO - [2023-11-30T02:32:30.672+0200] {dag.py:2941} INFO - Sync 1 DAGs
[2023-11-30T02:32:30.691+0200] {logging_mixin.py:154} INFO - [2023-11-30T02:32:30.691+0200] {dag.py:3722} INFO - Setting next_dagrun for tutorial to 2023-11-29T00:32:30.691539+00:00, run_after=2023-11-30T00:32:30.691539+00:00
[2023-11-30T02:32:30.721+0200] {processor.py:179} INFO - Processing /home/seva/UCU/AutomatedDataPipelines/Homework1/venv/lib/python3.10/site-packages/airflow/example_dags/tutorial.py took 0.100 seconds
[2023-11-30T02:33:18.708+0200] {processor.py:157} INFO - Started process (PID=5843) to work on /home/seva/UCU/AutomatedDataPipelines/Homework1/venv/lib/python3.10/site-packages/airflow/example_dags/tutorial.py
[2023-11-30T02:33:18.715+0200] {processor.py:829} INFO - Processing file /home/seva/UCU/AutomatedDataPipelines/Homework1/venv/lib/python3.10/site-packages/airflow/example_dags/tutorial.py for tasks to queue
[2023-11-30T02:33:18.716+0200] {logging_mixin.py:154} INFO - [2023-11-30T02:33:18.716+0200] {dagbag.py:536} INFO - Filling up the DagBag from /home/seva/UCU/AutomatedDataPipelines/Homework1/venv/lib/python3.10/site-packages/airflow/example_dags/tutorial.py
[2023-11-30T02:33:18.723+0200] {processor.py:839} INFO - DAG(s) dict_keys(['tutorial']) retrieved from /home/seva/UCU/AutomatedDataPipelines/Homework1/venv/lib/python3.10/site-packages/airflow/example_dags/tutorial.py
[2023-11-30T02:33:18.736+0200] {logging_mixin.py:154} INFO - [2023-11-30T02:33:18.736+0200] {dag.py:2941} INFO - Sync 1 DAGs
[2023-11-30T02:33:18.752+0200] {logging_mixin.py:154} INFO - [2023-11-30T02:33:18.751+0200] {dag.py:3722} INFO - Setting next_dagrun for tutorial to 2023-11-29T00:33:18.751725+00:00, run_after=2023-11-30T00:33:18.751725+00:00
[2023-11-30T02:33:18.775+0200] {processor.py:179} INFO - Processing /home/seva/UCU/AutomatedDataPipelines/Homework1/venv/lib/python3.10/site-packages/airflow/example_dags/tutorial.py took 0.070 seconds
[2023-11-30T02:34:04.934+0200] {processor.py:157} INFO - Started process (PID=6029) to work on /home/seva/UCU/AutomatedDataPipelines/Homework1/venv/lib/python3.10/site-packages/airflow/example_dags/tutorial.py
[2023-11-30T02:34:04.939+0200] {processor.py:829} INFO - Processing file /home/seva/UCU/AutomatedDataPipelines/Homework1/venv/lib/python3.10/site-packages/airflow/example_dags/tutorial.py for tasks to queue
[2023-11-30T02:34:04.940+0200] {logging_mixin.py:154} INFO - [2023-11-30T02:34:04.939+0200] {dagbag.py:536} INFO - Filling up the DagBag from /home/seva/UCU/AutomatedDataPipelines/Homework1/venv/lib/python3.10/site-packages/airflow/example_dags/tutorial.py
[2023-11-30T02:34:04.954+0200] {processor.py:839} INFO - DAG(s) dict_keys(['tutorial']) retrieved from /home/seva/UCU/AutomatedDataPipelines/Homework1/venv/lib/python3.10/site-packages/airflow/example_dags/tutorial.py
[2023-11-30T02:34:05.000+0200] {logging_mixin.py:154} INFO - [2023-11-30T02:34:04.999+0200] {dag.py:2941} INFO - Sync 1 DAGs
[2023-11-30T02:34:05.034+0200] {logging_mixin.py:154} INFO - [2023-11-30T02:34:05.034+0200] {dag.py:3722} INFO - Setting next_dagrun for tutorial to 2023-11-29T00:34:05.034251+00:00, run_after=2023-11-30T00:34:05.034251+00:00
[2023-11-30T02:34:05.070+0200] {processor.py:179} INFO - Processing /home/seva/UCU/AutomatedDataPipelines/Homework1/venv/lib/python3.10/site-packages/airflow/example_dags/tutorial.py took 0.140 seconds
[2023-11-30T02:34:56.403+0200] {processor.py:157} INFO - Started process (PID=6236) to work on /home/seva/UCU/AutomatedDataPipelines/Homework1/venv/lib/python3.10/site-packages/airflow/example_dags/tutorial.py
[2023-11-30T02:34:56.414+0200] {processor.py:829} INFO - Processing file /home/seva/UCU/AutomatedDataPipelines/Homework1/venv/lib/python3.10/site-packages/airflow/example_dags/tutorial.py for tasks to queue
[2023-11-30T02:34:56.416+0200] {logging_mixin.py:154} INFO - [2023-11-30T02:34:56.415+0200] {dagbag.py:536} INFO - Filling up the DagBag from /home/seva/UCU/AutomatedDataPipelines/Homework1/venv/lib/python3.10/site-packages/airflow/example_dags/tutorial.py
[2023-11-30T02:34:56.424+0200] {processor.py:839} INFO - DAG(s) dict_keys(['tutorial']) retrieved from /home/seva/UCU/AutomatedDataPipelines/Homework1/venv/lib/python3.10/site-packages/airflow/example_dags/tutorial.py
[2023-11-30T02:34:56.441+0200] {logging_mixin.py:154} INFO - [2023-11-30T02:34:56.441+0200] {dag.py:2941} INFO - Sync 1 DAGs
[2023-11-30T02:34:56.460+0200] {logging_mixin.py:154} INFO - [2023-11-30T02:34:56.460+0200] {dag.py:3722} INFO - Setting next_dagrun for tutorial to 2023-11-29T00:34:56.459930+00:00, run_after=2023-11-30T00:34:56.459930+00:00
[2023-11-30T02:34:56.484+0200] {processor.py:179} INFO - Processing /home/seva/UCU/AutomatedDataPipelines/Homework1/venv/lib/python3.10/site-packages/airflow/example_dags/tutorial.py took 0.086 seconds
[2023-11-30T02:35:42.646+0200] {processor.py:157} INFO - Started process (PID=6420) to work on /home/seva/UCU/AutomatedDataPipelines/Homework1/venv/lib/python3.10/site-packages/airflow/example_dags/tutorial.py
[2023-11-30T02:35:42.658+0200] {processor.py:829} INFO - Processing file /home/seva/UCU/AutomatedDataPipelines/Homework1/venv/lib/python3.10/site-packages/airflow/example_dags/tutorial.py for tasks to queue
[2023-11-30T02:35:42.659+0200] {logging_mixin.py:154} INFO - [2023-11-30T02:35:42.659+0200] {dagbag.py:536} INFO - Filling up the DagBag from /home/seva/UCU/AutomatedDataPipelines/Homework1/venv/lib/python3.10/site-packages/airflow/example_dags/tutorial.py
[2023-11-30T02:35:42.665+0200] {processor.py:839} INFO - DAG(s) dict_keys(['tutorial']) retrieved from /home/seva/UCU/AutomatedDataPipelines/Homework1/venv/lib/python3.10/site-packages/airflow/example_dags/tutorial.py
[2023-11-30T02:35:42.680+0200] {logging_mixin.py:154} INFO - [2023-11-30T02:35:42.680+0200] {dag.py:2941} INFO - Sync 1 DAGs
[2023-11-30T02:35:42.695+0200] {logging_mixin.py:154} INFO - [2023-11-30T02:35:42.695+0200] {dag.py:3722} INFO - Setting next_dagrun for tutorial to 2023-11-29T00:35:42.695168+00:00, run_after=2023-11-30T00:35:42.695168+00:00
[2023-11-30T02:35:42.722+0200] {processor.py:179} INFO - Processing /home/seva/UCU/AutomatedDataPipelines/Homework1/venv/lib/python3.10/site-packages/airflow/example_dags/tutorial.py took 0.079 seconds
[2023-11-30T02:36:27.399+0200] {processor.py:157} INFO - Started process (PID=6597) to work on /home/seva/UCU/AutomatedDataPipelines/Homework1/venv/lib/python3.10/site-packages/airflow/example_dags/tutorial.py
[2023-11-30T02:36:27.401+0200] {processor.py:829} INFO - Processing file /home/seva/UCU/AutomatedDataPipelines/Homework1/venv/lib/python3.10/site-packages/airflow/example_dags/tutorial.py for tasks to queue
[2023-11-30T02:36:27.402+0200] {logging_mixin.py:154} INFO - [2023-11-30T02:36:27.402+0200] {dagbag.py:536} INFO - Filling up the DagBag from /home/seva/UCU/AutomatedDataPipelines/Homework1/venv/lib/python3.10/site-packages/airflow/example_dags/tutorial.py
[2023-11-30T02:36:27.410+0200] {processor.py:839} INFO - DAG(s) dict_keys(['tutorial']) retrieved from /home/seva/UCU/AutomatedDataPipelines/Homework1/venv/lib/python3.10/site-packages/airflow/example_dags/tutorial.py
[2023-11-30T02:36:27.427+0200] {logging_mixin.py:154} INFO - [2023-11-30T02:36:27.426+0200] {dag.py:2941} INFO - Sync 1 DAGs
[2023-11-30T02:36:27.447+0200] {logging_mixin.py:154} INFO - [2023-11-30T02:36:27.447+0200] {dag.py:3722} INFO - Setting next_dagrun for tutorial to 2023-11-29T00:36:27.446788+00:00, run_after=2023-11-30T00:36:27.446788+00:00
[2023-11-30T02:36:27.473+0200] {processor.py:179} INFO - Processing /home/seva/UCU/AutomatedDataPipelines/Homework1/venv/lib/python3.10/site-packages/airflow/example_dags/tutorial.py took 0.078 seconds
[2023-11-30T02:37:16.285+0200] {processor.py:157} INFO - Started process (PID=6792) to work on /home/seva/UCU/AutomatedDataPipelines/Homework1/venv/lib/python3.10/site-packages/airflow/example_dags/tutorial.py
[2023-11-30T02:37:16.297+0200] {processor.py:829} INFO - Processing file /home/seva/UCU/AutomatedDataPipelines/Homework1/venv/lib/python3.10/site-packages/airflow/example_dags/tutorial.py for tasks to queue
[2023-11-30T02:37:16.299+0200] {logging_mixin.py:154} INFO - [2023-11-30T02:37:16.298+0200] {dagbag.py:536} INFO - Filling up the DagBag from /home/seva/UCU/AutomatedDataPipelines/Homework1/venv/lib/python3.10/site-packages/airflow/example_dags/tutorial.py
[2023-11-30T02:37:16.306+0200] {processor.py:839} INFO - DAG(s) dict_keys(['tutorial']) retrieved from /home/seva/UCU/AutomatedDataPipelines/Homework1/venv/lib/python3.10/site-packages/airflow/example_dags/tutorial.py
[2023-11-30T02:37:16.323+0200] {logging_mixin.py:154} INFO - [2023-11-30T02:37:16.323+0200] {dag.py:2941} INFO - Sync 1 DAGs
[2023-11-30T02:37:16.343+0200] {logging_mixin.py:154} INFO - [2023-11-30T02:37:16.342+0200] {dag.py:3722} INFO - Setting next_dagrun for tutorial to 2023-11-29T00:37:16.342587+00:00, run_after=2023-11-30T00:37:16.342587+00:00
[2023-11-30T02:37:16.368+0200] {processor.py:179} INFO - Processing /home/seva/UCU/AutomatedDataPipelines/Homework1/venv/lib/python3.10/site-packages/airflow/example_dags/tutorial.py took 0.087 seconds
[2023-11-30T02:38:06.081+0200] {processor.py:157} INFO - Started process (PID=6988) to work on /home/seva/UCU/AutomatedDataPipelines/Homework1/venv/lib/python3.10/site-packages/airflow/example_dags/tutorial.py
[2023-11-30T02:38:06.083+0200] {processor.py:829} INFO - Processing file /home/seva/UCU/AutomatedDataPipelines/Homework1/venv/lib/python3.10/site-packages/airflow/example_dags/tutorial.py for tasks to queue
[2023-11-30T02:38:06.084+0200] {logging_mixin.py:154} INFO - [2023-11-30T02:38:06.084+0200] {dagbag.py:536} INFO - Filling up the DagBag from /home/seva/UCU/AutomatedDataPipelines/Homework1/venv/lib/python3.10/site-packages/airflow/example_dags/tutorial.py
[2023-11-30T02:38:06.089+0200] {processor.py:839} INFO - DAG(s) dict_keys(['tutorial']) retrieved from /home/seva/UCU/AutomatedDataPipelines/Homework1/venv/lib/python3.10/site-packages/airflow/example_dags/tutorial.py
[2023-11-30T02:38:06.103+0200] {logging_mixin.py:154} INFO - [2023-11-30T02:38:06.103+0200] {dag.py:2941} INFO - Sync 1 DAGs
[2023-11-30T02:38:06.118+0200] {logging_mixin.py:154} INFO - [2023-11-30T02:38:06.118+0200] {dag.py:3722} INFO - Setting next_dagrun for tutorial to 2023-11-29T00:38:06.118390+00:00, run_after=2023-11-30T00:38:06.118390+00:00
[2023-11-30T02:38:06.143+0200] {processor.py:179} INFO - Processing /home/seva/UCU/AutomatedDataPipelines/Homework1/venv/lib/python3.10/site-packages/airflow/example_dags/tutorial.py took 0.065 seconds
[2023-11-30T02:39:01.430+0200] {processor.py:157} INFO - Started process (PID=7418) to work on /home/seva/UCU/AutomatedDataPipelines/Homework1/venv/lib/python3.10/site-packages/airflow/example_dags/tutorial.py
[2023-11-30T02:39:01.442+0200] {processor.py:829} INFO - Processing file /home/seva/UCU/AutomatedDataPipelines/Homework1/venv/lib/python3.10/site-packages/airflow/example_dags/tutorial.py for tasks to queue
[2023-11-30T02:39:01.444+0200] {logging_mixin.py:154} INFO - [2023-11-30T02:39:01.443+0200] {dagbag.py:536} INFO - Filling up the DagBag from /home/seva/UCU/AutomatedDataPipelines/Homework1/venv/lib/python3.10/site-packages/airflow/example_dags/tutorial.py
[2023-11-30T02:39:01.451+0200] {processor.py:839} INFO - DAG(s) dict_keys(['tutorial']) retrieved from /home/seva/UCU/AutomatedDataPipelines/Homework1/venv/lib/python3.10/site-packages/airflow/example_dags/tutorial.py
[2023-11-30T02:39:01.472+0200] {logging_mixin.py:154} INFO - [2023-11-30T02:39:01.471+0200] {dag.py:2941} INFO - Sync 1 DAGs
[2023-11-30T02:39:01.494+0200] {logging_mixin.py:154} INFO - [2023-11-30T02:39:01.493+0200] {dag.py:3722} INFO - Setting next_dagrun for tutorial to 2023-11-29T00:39:01.493555+00:00, run_after=2023-11-30T00:39:01.493555+00:00
[2023-11-30T02:39:01.519+0200] {processor.py:179} INFO - Processing /home/seva/UCU/AutomatedDataPipelines/Homework1/venv/lib/python3.10/site-packages/airflow/example_dags/tutorial.py took 0.092 seconds
