[2023-11-30T02:13:29.384+0200] {processor.py:157} INFO - Started process (PID=1188) to work on /home/seva/UCU/AutomatedDataPipelines/Homework1/venv/lib/python3.10/site-packages/airflow/example_dags/tutorial_taskflow_api.py
[2023-11-30T02:13:29.384+0200] {processor.py:829} INFO - Processing file /home/seva/UCU/AutomatedDataPipelines/Homework1/venv/lib/python3.10/site-packages/airflow/example_dags/tutorial_taskflow_api.py for tasks to queue
[2023-11-30T02:13:29.385+0200] {logging_mixin.py:154} INFO - [2023-11-30T02:13:29.385+0200] {dagbag.py:536} INFO - Filling up the DagBag from /home/seva/UCU/AutomatedDataPipelines/Homework1/venv/lib/python3.10/site-packages/airflow/example_dags/tutorial_taskflow_api.py
[2023-11-30T02:13:29.393+0200] {processor.py:839} INFO - DAG(s) dict_keys(['tutorial_taskflow_api']) retrieved from /home/seva/UCU/AutomatedDataPipelines/Homework1/venv/lib/python3.10/site-packages/airflow/example_dags/tutorial_taskflow_api.py
[2023-11-30T02:13:29.501+0200] {logging_mixin.py:154} INFO - [2023-11-30T02:13:29.501+0200] {manager.py:499} INFO - Created Permission View: %s
[2023-11-30T02:13:29.518+0200] {logging_mixin.py:154} INFO - [2023-11-30T02:13:29.518+0200] {manager.py:499} INFO - Created Permission View: %s
[2023-11-30T02:13:29.533+0200] {logging_mixin.py:154} INFO - [2023-11-30T02:13:29.533+0200] {manager.py:499} INFO - Created Permission View: %s
[2023-11-30T02:13:29.534+0200] {logging_mixin.py:154} INFO - [2023-11-30T02:13:29.534+0200] {dag.py:2941} INFO - Sync 1 DAGs
[2023-11-30T02:13:29.542+0200] {logging_mixin.py:154} INFO - [2023-11-30T02:13:29.542+0200] {dag.py:2963} INFO - Creating ORM DAG for tutorial_taskflow_api
[2023-11-30T02:13:29.542+0200] {logging_mixin.py:154} INFO - [2023-11-30T02:13:29.542+0200] {dag.py:3722} INFO - Setting next_dagrun for tutorial_taskflow_api to None, run_after=None
[2023-11-30T02:13:29.568+0200] {processor.py:179} INFO - Processing /home/seva/UCU/AutomatedDataPipelines/Homework1/venv/lib/python3.10/site-packages/airflow/example_dags/tutorial_taskflow_api.py took 0.188 seconds
[2023-11-30T02:14:18.928+0200] {processor.py:157} INFO - Started process (PID=1332) to work on /home/seva/UCU/AutomatedDataPipelines/Homework1/venv/lib/python3.10/site-packages/airflow/example_dags/tutorial_taskflow_api.py
[2023-11-30T02:14:18.941+0200] {processor.py:829} INFO - Processing file /home/seva/UCU/AutomatedDataPipelines/Homework1/venv/lib/python3.10/site-packages/airflow/example_dags/tutorial_taskflow_api.py for tasks to queue
[2023-11-30T02:14:18.941+0200] {logging_mixin.py:154} INFO - [2023-11-30T02:14:18.941+0200] {dagbag.py:536} INFO - Filling up the DagBag from /home/seva/UCU/AutomatedDataPipelines/Homework1/venv/lib/python3.10/site-packages/airflow/example_dags/tutorial_taskflow_api.py
[2023-11-30T02:14:18.947+0200] {processor.py:839} INFO - DAG(s) dict_keys(['tutorial_taskflow_api']) retrieved from /home/seva/UCU/AutomatedDataPipelines/Homework1/venv/lib/python3.10/site-packages/airflow/example_dags/tutorial_taskflow_api.py
[2023-11-30T02:14:18.962+0200] {logging_mixin.py:154} INFO - [2023-11-30T02:14:18.962+0200] {dag.py:2941} INFO - Sync 1 DAGs
[2023-11-30T02:14:18.972+0200] {logging_mixin.py:154} INFO - [2023-11-30T02:14:18.972+0200] {dag.py:3722} INFO - Setting next_dagrun for tutorial_taskflow_api to None, run_after=None
[2023-11-30T02:14:18.997+0200] {processor.py:179} INFO - Processing /home/seva/UCU/AutomatedDataPipelines/Homework1/venv/lib/python3.10/site-packages/airflow/example_dags/tutorial_taskflow_api.py took 0.071 seconds
[2023-11-30T02:15:04.910+0200] {processor.py:157} INFO - Started process (PID=1494) to work on /home/seva/UCU/AutomatedDataPipelines/Homework1/venv/lib/python3.10/site-packages/airflow/example_dags/tutorial_taskflow_api.py
[2023-11-30T02:15:04.922+0200] {processor.py:829} INFO - Processing file /home/seva/UCU/AutomatedDataPipelines/Homework1/venv/lib/python3.10/site-packages/airflow/example_dags/tutorial_taskflow_api.py for tasks to queue
[2023-11-30T02:15:04.923+0200] {logging_mixin.py:154} INFO - [2023-11-30T02:15:04.922+0200] {dagbag.py:536} INFO - Filling up the DagBag from /home/seva/UCU/AutomatedDataPipelines/Homework1/venv/lib/python3.10/site-packages/airflow/example_dags/tutorial_taskflow_api.py
[2023-11-30T02:15:04.929+0200] {processor.py:839} INFO - DAG(s) dict_keys(['tutorial_taskflow_api']) retrieved from /home/seva/UCU/AutomatedDataPipelines/Homework1/venv/lib/python3.10/site-packages/airflow/example_dags/tutorial_taskflow_api.py
[2023-11-30T02:15:04.944+0200] {logging_mixin.py:154} INFO - [2023-11-30T02:15:04.944+0200] {dag.py:2941} INFO - Sync 1 DAGs
[2023-11-30T02:15:04.953+0200] {logging_mixin.py:154} INFO - [2023-11-30T02:15:04.953+0200] {dag.py:3722} INFO - Setting next_dagrun for tutorial_taskflow_api to None, run_after=None
[2023-11-30T02:15:04.976+0200] {processor.py:179} INFO - Processing /home/seva/UCU/AutomatedDataPipelines/Homework1/venv/lib/python3.10/site-packages/airflow/example_dags/tutorial_taskflow_api.py took 0.068 seconds
[2023-11-30T02:15:37.608+0200] {processor.py:157} INFO - Started process (PID=1618) to work on /home/seva/UCU/AutomatedDataPipelines/Homework1/venv/lib/python3.10/site-packages/airflow/example_dags/tutorial_taskflow_api.py
[2023-11-30T02:15:37.621+0200] {processor.py:829} INFO - Processing file /home/seva/UCU/AutomatedDataPipelines/Homework1/venv/lib/python3.10/site-packages/airflow/example_dags/tutorial_taskflow_api.py for tasks to queue
[2023-11-30T02:15:37.622+0200] {logging_mixin.py:154} INFO - [2023-11-30T02:15:37.621+0200] {dagbag.py:536} INFO - Filling up the DagBag from /home/seva/UCU/AutomatedDataPipelines/Homework1/venv/lib/python3.10/site-packages/airflow/example_dags/tutorial_taskflow_api.py
[2023-11-30T02:15:37.628+0200] {processor.py:839} INFO - DAG(s) dict_keys(['tutorial_taskflow_api']) retrieved from /home/seva/UCU/AutomatedDataPipelines/Homework1/venv/lib/python3.10/site-packages/airflow/example_dags/tutorial_taskflow_api.py
[2023-11-30T02:15:37.642+0200] {logging_mixin.py:154} INFO - [2023-11-30T02:15:37.641+0200] {dag.py:2941} INFO - Sync 1 DAGs
[2023-11-30T02:15:37.650+0200] {logging_mixin.py:154} INFO - [2023-11-30T02:15:37.650+0200] {dag.py:3722} INFO - Setting next_dagrun for tutorial_taskflow_api to None, run_after=None
[2023-11-30T02:15:37.675+0200] {processor.py:179} INFO - Processing /home/seva/UCU/AutomatedDataPipelines/Homework1/venv/lib/python3.10/site-packages/airflow/example_dags/tutorial_taskflow_api.py took 0.069 seconds
[2023-11-30T02:16:21.545+0200] {processor.py:157} INFO - Started process (PID=1794) to work on /home/seva/UCU/AutomatedDataPipelines/Homework1/venv/lib/python3.10/site-packages/airflow/example_dags/tutorial_taskflow_api.py
[2023-11-30T02:16:21.557+0200] {processor.py:829} INFO - Processing file /home/seva/UCU/AutomatedDataPipelines/Homework1/venv/lib/python3.10/site-packages/airflow/example_dags/tutorial_taskflow_api.py for tasks to queue
[2023-11-30T02:16:21.558+0200] {logging_mixin.py:154} INFO - [2023-11-30T02:16:21.558+0200] {dagbag.py:536} INFO - Filling up the DagBag from /home/seva/UCU/AutomatedDataPipelines/Homework1/venv/lib/python3.10/site-packages/airflow/example_dags/tutorial_taskflow_api.py
[2023-11-30T02:16:21.564+0200] {processor.py:839} INFO - DAG(s) dict_keys(['tutorial_taskflow_api']) retrieved from /home/seva/UCU/AutomatedDataPipelines/Homework1/venv/lib/python3.10/site-packages/airflow/example_dags/tutorial_taskflow_api.py
[2023-11-30T02:16:21.578+0200] {logging_mixin.py:154} INFO - [2023-11-30T02:16:21.578+0200] {dag.py:2941} INFO - Sync 1 DAGs
[2023-11-30T02:16:21.588+0200] {logging_mixin.py:154} INFO - [2023-11-30T02:16:21.588+0200] {dag.py:3722} INFO - Setting next_dagrun for tutorial_taskflow_api to None, run_after=None
[2023-11-30T02:16:21.616+0200] {processor.py:179} INFO - Processing /home/seva/UCU/AutomatedDataPipelines/Homework1/venv/lib/python3.10/site-packages/airflow/example_dags/tutorial_taskflow_api.py took 0.074 seconds
[2023-11-30T02:17:04.782+0200] {processor.py:157} INFO - Started process (PID=1965) to work on /home/seva/UCU/AutomatedDataPipelines/Homework1/venv/lib/python3.10/site-packages/airflow/example_dags/tutorial_taskflow_api.py
[2023-11-30T02:17:04.784+0200] {processor.py:829} INFO - Processing file /home/seva/UCU/AutomatedDataPipelines/Homework1/venv/lib/python3.10/site-packages/airflow/example_dags/tutorial_taskflow_api.py for tasks to queue
[2023-11-30T02:17:04.784+0200] {logging_mixin.py:154} INFO - [2023-11-30T02:17:04.784+0200] {dagbag.py:536} INFO - Filling up the DagBag from /home/seva/UCU/AutomatedDataPipelines/Homework1/venv/lib/python3.10/site-packages/airflow/example_dags/tutorial_taskflow_api.py
[2023-11-30T02:17:04.790+0200] {processor.py:839} INFO - DAG(s) dict_keys(['tutorial_taskflow_api']) retrieved from /home/seva/UCU/AutomatedDataPipelines/Homework1/venv/lib/python3.10/site-packages/airflow/example_dags/tutorial_taskflow_api.py
[2023-11-30T02:17:04.803+0200] {logging_mixin.py:154} INFO - [2023-11-30T02:17:04.803+0200] {dag.py:2941} INFO - Sync 1 DAGs
[2023-11-30T02:17:04.814+0200] {logging_mixin.py:154} INFO - [2023-11-30T02:17:04.814+0200] {dag.py:3722} INFO - Setting next_dagrun for tutorial_taskflow_api to None, run_after=None
[2023-11-30T02:17:04.841+0200] {processor.py:179} INFO - Processing /home/seva/UCU/AutomatedDataPipelines/Homework1/venv/lib/python3.10/site-packages/airflow/example_dags/tutorial_taskflow_api.py took 0.062 seconds
[2023-11-30T02:17:46.810+0200] {processor.py:157} INFO - Started process (PID=2140) to work on /home/seva/UCU/AutomatedDataPipelines/Homework1/venv/lib/python3.10/site-packages/airflow/example_dags/tutorial_taskflow_api.py
[2023-11-30T02:17:46.812+0200] {processor.py:829} INFO - Processing file /home/seva/UCU/AutomatedDataPipelines/Homework1/venv/lib/python3.10/site-packages/airflow/example_dags/tutorial_taskflow_api.py for tasks to queue
[2023-11-30T02:17:46.813+0200] {logging_mixin.py:154} INFO - [2023-11-30T02:17:46.813+0200] {dagbag.py:536} INFO - Filling up the DagBag from /home/seva/UCU/AutomatedDataPipelines/Homework1/venv/lib/python3.10/site-packages/airflow/example_dags/tutorial_taskflow_api.py
[2023-11-30T02:17:46.821+0200] {processor.py:839} INFO - DAG(s) dict_keys(['tutorial_taskflow_api']) retrieved from /home/seva/UCU/AutomatedDataPipelines/Homework1/venv/lib/python3.10/site-packages/airflow/example_dags/tutorial_taskflow_api.py
[2023-11-30T02:17:46.840+0200] {logging_mixin.py:154} INFO - [2023-11-30T02:17:46.840+0200] {dag.py:2941} INFO - Sync 1 DAGs
[2023-11-30T02:17:46.853+0200] {logging_mixin.py:154} INFO - [2023-11-30T02:17:46.852+0200] {dag.py:3722} INFO - Setting next_dagrun for tutorial_taskflow_api to None, run_after=None
[2023-11-30T02:17:46.878+0200] {processor.py:179} INFO - Processing /home/seva/UCU/AutomatedDataPipelines/Homework1/venv/lib/python3.10/site-packages/airflow/example_dags/tutorial_taskflow_api.py took 0.073 seconds
[2023-11-30T02:18:17.595+0200] {processor.py:157} INFO - Started process (PID=2263) to work on /home/seva/UCU/AutomatedDataPipelines/Homework1/venv/lib/python3.10/site-packages/airflow/example_dags/tutorial_taskflow_api.py
[2023-11-30T02:18:17.597+0200] {processor.py:829} INFO - Processing file /home/seva/UCU/AutomatedDataPipelines/Homework1/venv/lib/python3.10/site-packages/airflow/example_dags/tutorial_taskflow_api.py for tasks to queue
[2023-11-30T02:18:17.598+0200] {logging_mixin.py:154} INFO - [2023-11-30T02:18:17.598+0200] {dagbag.py:536} INFO - Filling up the DagBag from /home/seva/UCU/AutomatedDataPipelines/Homework1/venv/lib/python3.10/site-packages/airflow/example_dags/tutorial_taskflow_api.py
[2023-11-30T02:18:17.605+0200] {processor.py:839} INFO - DAG(s) dict_keys(['tutorial_taskflow_api']) retrieved from /home/seva/UCU/AutomatedDataPipelines/Homework1/venv/lib/python3.10/site-packages/airflow/example_dags/tutorial_taskflow_api.py
[2023-11-30T02:18:17.620+0200] {logging_mixin.py:154} INFO - [2023-11-30T02:18:17.619+0200] {dag.py:2941} INFO - Sync 1 DAGs
[2023-11-30T02:18:17.630+0200] {logging_mixin.py:154} INFO - [2023-11-30T02:18:17.630+0200] {dag.py:3722} INFO - Setting next_dagrun for tutorial_taskflow_api to None, run_after=None
[2023-11-30T02:18:17.654+0200] {processor.py:179} INFO - Processing /home/seva/UCU/AutomatedDataPipelines/Homework1/venv/lib/python3.10/site-packages/airflow/example_dags/tutorial_taskflow_api.py took 0.063 seconds
[2023-11-30T02:18:57.462+0200] {processor.py:157} INFO - Started process (PID=2419) to work on /home/seva/UCU/AutomatedDataPipelines/Homework1/venv/lib/python3.10/site-packages/airflow/example_dags/tutorial_taskflow_api.py
[2023-11-30T02:18:57.474+0200] {processor.py:829} INFO - Processing file /home/seva/UCU/AutomatedDataPipelines/Homework1/venv/lib/python3.10/site-packages/airflow/example_dags/tutorial_taskflow_api.py for tasks to queue
[2023-11-30T02:18:57.475+0200] {logging_mixin.py:154} INFO - [2023-11-30T02:18:57.475+0200] {dagbag.py:536} INFO - Filling up the DagBag from /home/seva/UCU/AutomatedDataPipelines/Homework1/venv/lib/python3.10/site-packages/airflow/example_dags/tutorial_taskflow_api.py
[2023-11-30T02:18:57.481+0200] {processor.py:839} INFO - DAG(s) dict_keys(['tutorial_taskflow_api']) retrieved from /home/seva/UCU/AutomatedDataPipelines/Homework1/venv/lib/python3.10/site-packages/airflow/example_dags/tutorial_taskflow_api.py
[2023-11-30T02:18:57.495+0200] {logging_mixin.py:154} INFO - [2023-11-30T02:18:57.495+0200] {dag.py:2941} INFO - Sync 1 DAGs
[2023-11-30T02:18:57.505+0200] {logging_mixin.py:154} INFO - [2023-11-30T02:18:57.504+0200] {dag.py:3722} INFO - Setting next_dagrun for tutorial_taskflow_api to None, run_after=None
[2023-11-30T02:18:57.533+0200] {processor.py:179} INFO - Processing /home/seva/UCU/AutomatedDataPipelines/Homework1/venv/lib/python3.10/site-packages/airflow/example_dags/tutorial_taskflow_api.py took 0.074 seconds
[2023-11-30T02:19:32.010+0200] {processor.py:157} INFO - Started process (PID=2559) to work on /home/seva/UCU/AutomatedDataPipelines/Homework1/venv/lib/python3.10/site-packages/airflow/example_dags/tutorial_taskflow_api.py
[2023-11-30T02:19:32.023+0200] {processor.py:829} INFO - Processing file /home/seva/UCU/AutomatedDataPipelines/Homework1/venv/lib/python3.10/site-packages/airflow/example_dags/tutorial_taskflow_api.py for tasks to queue
[2023-11-30T02:19:32.024+0200] {logging_mixin.py:154} INFO - [2023-11-30T02:19:32.023+0200] {dagbag.py:536} INFO - Filling up the DagBag from /home/seva/UCU/AutomatedDataPipelines/Homework1/venv/lib/python3.10/site-packages/airflow/example_dags/tutorial_taskflow_api.py
[2023-11-30T02:19:32.029+0200] {processor.py:839} INFO - DAG(s) dict_keys(['tutorial_taskflow_api']) retrieved from /home/seva/UCU/AutomatedDataPipelines/Homework1/venv/lib/python3.10/site-packages/airflow/example_dags/tutorial_taskflow_api.py
[2023-11-30T02:19:32.041+0200] {logging_mixin.py:154} INFO - [2023-11-30T02:19:32.041+0200] {dag.py:2941} INFO - Sync 1 DAGs
[2023-11-30T02:19:32.050+0200] {logging_mixin.py:154} INFO - [2023-11-30T02:19:32.050+0200] {dag.py:3722} INFO - Setting next_dagrun for tutorial_taskflow_api to None, run_after=None
[2023-11-30T02:19:32.075+0200] {processor.py:179} INFO - Processing /home/seva/UCU/AutomatedDataPipelines/Homework1/venv/lib/python3.10/site-packages/airflow/example_dags/tutorial_taskflow_api.py took 0.067 seconds
[2023-11-30T02:20:14.242+0200] {processor.py:157} INFO - Started process (PID=2723) to work on /home/seva/UCU/AutomatedDataPipelines/Homework1/venv/lib/python3.10/site-packages/airflow/example_dags/tutorial_taskflow_api.py
[2023-11-30T02:20:14.254+0200] {processor.py:829} INFO - Processing file /home/seva/UCU/AutomatedDataPipelines/Homework1/venv/lib/python3.10/site-packages/airflow/example_dags/tutorial_taskflow_api.py for tasks to queue
[2023-11-30T02:20:14.256+0200] {logging_mixin.py:154} INFO - [2023-11-30T02:20:14.255+0200] {dagbag.py:536} INFO - Filling up the DagBag from /home/seva/UCU/AutomatedDataPipelines/Homework1/venv/lib/python3.10/site-packages/airflow/example_dags/tutorial_taskflow_api.py
[2023-11-30T02:20:14.262+0200] {processor.py:839} INFO - DAG(s) dict_keys(['tutorial_taskflow_api']) retrieved from /home/seva/UCU/AutomatedDataPipelines/Homework1/venv/lib/python3.10/site-packages/airflow/example_dags/tutorial_taskflow_api.py
[2023-11-30T02:20:14.276+0200] {logging_mixin.py:154} INFO - [2023-11-30T02:20:14.276+0200] {dag.py:2941} INFO - Sync 1 DAGs
[2023-11-30T02:20:14.285+0200] {logging_mixin.py:154} INFO - [2023-11-30T02:20:14.285+0200] {dag.py:3722} INFO - Setting next_dagrun for tutorial_taskflow_api to None, run_after=None
[2023-11-30T02:20:14.310+0200] {processor.py:179} INFO - Processing /home/seva/UCU/AutomatedDataPipelines/Homework1/venv/lib/python3.10/site-packages/airflow/example_dags/tutorial_taskflow_api.py took 0.070 seconds
[2023-11-30T02:20:59.852+0200] {processor.py:157} INFO - Started process (PID=2901) to work on /home/seva/UCU/AutomatedDataPipelines/Homework1/venv/lib/python3.10/site-packages/airflow/example_dags/tutorial_taskflow_api.py
[2023-11-30T02:20:59.864+0200] {processor.py:829} INFO - Processing file /home/seva/UCU/AutomatedDataPipelines/Homework1/venv/lib/python3.10/site-packages/airflow/example_dags/tutorial_taskflow_api.py for tasks to queue
[2023-11-30T02:20:59.865+0200] {logging_mixin.py:154} INFO - [2023-11-30T02:20:59.865+0200] {dagbag.py:536} INFO - Filling up the DagBag from /home/seva/UCU/AutomatedDataPipelines/Homework1/venv/lib/python3.10/site-packages/airflow/example_dags/tutorial_taskflow_api.py
[2023-11-30T02:20:59.871+0200] {processor.py:839} INFO - DAG(s) dict_keys(['tutorial_taskflow_api']) retrieved from /home/seva/UCU/AutomatedDataPipelines/Homework1/venv/lib/python3.10/site-packages/airflow/example_dags/tutorial_taskflow_api.py
[2023-11-30T02:20:59.886+0200] {logging_mixin.py:154} INFO - [2023-11-30T02:20:59.886+0200] {dag.py:2941} INFO - Sync 1 DAGs
[2023-11-30T02:20:59.897+0200] {logging_mixin.py:154} INFO - [2023-11-30T02:20:59.897+0200] {dag.py:3722} INFO - Setting next_dagrun for tutorial_taskflow_api to None, run_after=None
[2023-11-30T02:20:59.919+0200] {processor.py:179} INFO - Processing /home/seva/UCU/AutomatedDataPipelines/Homework1/venv/lib/python3.10/site-packages/airflow/example_dags/tutorial_taskflow_api.py took 0.070 seconds
[2023-11-30T02:21:42.986+0200] {processor.py:157} INFO - Started process (PID=3073) to work on /home/seva/UCU/AutomatedDataPipelines/Homework1/venv/lib/python3.10/site-packages/airflow/example_dags/tutorial_taskflow_api.py
[2023-11-30T02:21:42.997+0200] {processor.py:829} INFO - Processing file /home/seva/UCU/AutomatedDataPipelines/Homework1/venv/lib/python3.10/site-packages/airflow/example_dags/tutorial_taskflow_api.py for tasks to queue
[2023-11-30T02:21:42.998+0200] {logging_mixin.py:154} INFO - [2023-11-30T02:21:42.998+0200] {dagbag.py:536} INFO - Filling up the DagBag from /home/seva/UCU/AutomatedDataPipelines/Homework1/venv/lib/python3.10/site-packages/airflow/example_dags/tutorial_taskflow_api.py
[2023-11-30T02:21:43.007+0200] {processor.py:839} INFO - DAG(s) dict_keys(['tutorial_taskflow_api']) retrieved from /home/seva/UCU/AutomatedDataPipelines/Homework1/venv/lib/python3.10/site-packages/airflow/example_dags/tutorial_taskflow_api.py
[2023-11-30T02:21:43.021+0200] {logging_mixin.py:154} INFO - [2023-11-30T02:21:43.020+0200] {dag.py:2941} INFO - Sync 1 DAGs
[2023-11-30T02:21:43.030+0200] {logging_mixin.py:154} INFO - [2023-11-30T02:21:43.030+0200] {dag.py:3722} INFO - Setting next_dagrun for tutorial_taskflow_api to None, run_after=None
[2023-11-30T02:21:43.053+0200] {processor.py:179} INFO - Processing /home/seva/UCU/AutomatedDataPipelines/Homework1/venv/lib/python3.10/site-packages/airflow/example_dags/tutorial_taskflow_api.py took 0.070 seconds
[2023-11-30T02:22:25.123+0200] {processor.py:157} INFO - Started process (PID=3240) to work on /home/seva/UCU/AutomatedDataPipelines/Homework1/venv/lib/python3.10/site-packages/airflow/example_dags/tutorial_taskflow_api.py
[2023-11-30T02:22:25.135+0200] {processor.py:829} INFO - Processing file /home/seva/UCU/AutomatedDataPipelines/Homework1/venv/lib/python3.10/site-packages/airflow/example_dags/tutorial_taskflow_api.py for tasks to queue
[2023-11-30T02:22:25.135+0200] {logging_mixin.py:154} INFO - [2023-11-30T02:22:25.135+0200] {dagbag.py:536} INFO - Filling up the DagBag from /home/seva/UCU/AutomatedDataPipelines/Homework1/venv/lib/python3.10/site-packages/airflow/example_dags/tutorial_taskflow_api.py
[2023-11-30T02:22:25.140+0200] {processor.py:839} INFO - DAG(s) dict_keys(['tutorial_taskflow_api']) retrieved from /home/seva/UCU/AutomatedDataPipelines/Homework1/venv/lib/python3.10/site-packages/airflow/example_dags/tutorial_taskflow_api.py
[2023-11-30T02:22:25.155+0200] {logging_mixin.py:154} INFO - [2023-11-30T02:22:25.155+0200] {dag.py:2941} INFO - Sync 1 DAGs
[2023-11-30T02:22:25.164+0200] {logging_mixin.py:154} INFO - [2023-11-30T02:22:25.163+0200] {dag.py:3722} INFO - Setting next_dagrun for tutorial_taskflow_api to None, run_after=None
[2023-11-30T02:22:25.203+0200] {processor.py:179} INFO - Processing /home/seva/UCU/AutomatedDataPipelines/Homework1/venv/lib/python3.10/site-packages/airflow/example_dags/tutorial_taskflow_api.py took 0.083 seconds
[2023-11-30T02:23:11.767+0200] {processor.py:157} INFO - Started process (PID=3426) to work on /home/seva/UCU/AutomatedDataPipelines/Homework1/venv/lib/python3.10/site-packages/airflow/example_dags/tutorial_taskflow_api.py
[2023-11-30T02:23:11.769+0200] {processor.py:829} INFO - Processing file /home/seva/UCU/AutomatedDataPipelines/Homework1/venv/lib/python3.10/site-packages/airflow/example_dags/tutorial_taskflow_api.py for tasks to queue
[2023-11-30T02:23:11.770+0200] {logging_mixin.py:154} INFO - [2023-11-30T02:23:11.769+0200] {dagbag.py:536} INFO - Filling up the DagBag from /home/seva/UCU/AutomatedDataPipelines/Homework1/venv/lib/python3.10/site-packages/airflow/example_dags/tutorial_taskflow_api.py
[2023-11-30T02:23:11.776+0200] {processor.py:839} INFO - DAG(s) dict_keys(['tutorial_taskflow_api']) retrieved from /home/seva/UCU/AutomatedDataPipelines/Homework1/venv/lib/python3.10/site-packages/airflow/example_dags/tutorial_taskflow_api.py
[2023-11-30T02:23:11.790+0200] {logging_mixin.py:154} INFO - [2023-11-30T02:23:11.790+0200] {dag.py:2941} INFO - Sync 1 DAGs
[2023-11-30T02:23:11.799+0200] {logging_mixin.py:154} INFO - [2023-11-30T02:23:11.799+0200] {dag.py:3722} INFO - Setting next_dagrun for tutorial_taskflow_api to None, run_after=None
[2023-11-30T02:23:11.822+0200] {processor.py:179} INFO - Processing /home/seva/UCU/AutomatedDataPipelines/Homework1/venv/lib/python3.10/site-packages/airflow/example_dags/tutorial_taskflow_api.py took 0.058 seconds
[2023-11-30T02:23:56.174+0200] {processor.py:157} INFO - Started process (PID=3597) to work on /home/seva/UCU/AutomatedDataPipelines/Homework1/venv/lib/python3.10/site-packages/airflow/example_dags/tutorial_taskflow_api.py
[2023-11-30T02:23:56.186+0200] {processor.py:829} INFO - Processing file /home/seva/UCU/AutomatedDataPipelines/Homework1/venv/lib/python3.10/site-packages/airflow/example_dags/tutorial_taskflow_api.py for tasks to queue
[2023-11-30T02:23:56.187+0200] {logging_mixin.py:154} INFO - [2023-11-30T02:23:56.187+0200] {dagbag.py:536} INFO - Filling up the DagBag from /home/seva/UCU/AutomatedDataPipelines/Homework1/venv/lib/python3.10/site-packages/airflow/example_dags/tutorial_taskflow_api.py
[2023-11-30T02:23:56.192+0200] {processor.py:839} INFO - DAG(s) dict_keys(['tutorial_taskflow_api']) retrieved from /home/seva/UCU/AutomatedDataPipelines/Homework1/venv/lib/python3.10/site-packages/airflow/example_dags/tutorial_taskflow_api.py
[2023-11-30T02:23:56.206+0200] {logging_mixin.py:154} INFO - [2023-11-30T02:23:56.206+0200] {dag.py:2941} INFO - Sync 1 DAGs
[2023-11-30T02:23:56.216+0200] {logging_mixin.py:154} INFO - [2023-11-30T02:23:56.216+0200] {dag.py:3722} INFO - Setting next_dagrun for tutorial_taskflow_api to None, run_after=None
[2023-11-30T02:23:56.240+0200] {processor.py:179} INFO - Processing /home/seva/UCU/AutomatedDataPipelines/Homework1/venv/lib/python3.10/site-packages/airflow/example_dags/tutorial_taskflow_api.py took 0.070 seconds
[2023-11-30T02:24:43.053+0200] {processor.py:157} INFO - Started process (PID=3784) to work on /home/seva/UCU/AutomatedDataPipelines/Homework1/venv/lib/python3.10/site-packages/airflow/example_dags/tutorial_taskflow_api.py
[2023-11-30T02:24:43.065+0200] {processor.py:829} INFO - Processing file /home/seva/UCU/AutomatedDataPipelines/Homework1/venv/lib/python3.10/site-packages/airflow/example_dags/tutorial_taskflow_api.py for tasks to queue
[2023-11-30T02:24:43.066+0200] {logging_mixin.py:154} INFO - [2023-11-30T02:24:43.065+0200] {dagbag.py:536} INFO - Filling up the DagBag from /home/seva/UCU/AutomatedDataPipelines/Homework1/venv/lib/python3.10/site-packages/airflow/example_dags/tutorial_taskflow_api.py
[2023-11-30T02:24:43.072+0200] {processor.py:839} INFO - DAG(s) dict_keys(['tutorial_taskflow_api']) retrieved from /home/seva/UCU/AutomatedDataPipelines/Homework1/venv/lib/python3.10/site-packages/airflow/example_dags/tutorial_taskflow_api.py
[2023-11-30T02:24:43.086+0200] {logging_mixin.py:154} INFO - [2023-11-30T02:24:43.086+0200] {dag.py:2941} INFO - Sync 1 DAGs
[2023-11-30T02:24:43.095+0200] {logging_mixin.py:154} INFO - [2023-11-30T02:24:43.095+0200] {dag.py:3722} INFO - Setting next_dagrun for tutorial_taskflow_api to None, run_after=None
[2023-11-30T02:24:43.132+0200] {processor.py:179} INFO - Processing /home/seva/UCU/AutomatedDataPipelines/Homework1/venv/lib/python3.10/site-packages/airflow/example_dags/tutorial_taskflow_api.py took 0.082 seconds
[2023-11-30T02:25:16.065+0200] {processor.py:157} INFO - Started process (PID=3915) to work on /home/seva/UCU/AutomatedDataPipelines/Homework1/venv/lib/python3.10/site-packages/airflow/example_dags/tutorial_taskflow_api.py
[2023-11-30T02:25:16.066+0200] {processor.py:829} INFO - Processing file /home/seva/UCU/AutomatedDataPipelines/Homework1/venv/lib/python3.10/site-packages/airflow/example_dags/tutorial_taskflow_api.py for tasks to queue
[2023-11-30T02:25:16.067+0200] {logging_mixin.py:154} INFO - [2023-11-30T02:25:16.067+0200] {dagbag.py:536} INFO - Filling up the DagBag from /home/seva/UCU/AutomatedDataPipelines/Homework1/venv/lib/python3.10/site-packages/airflow/example_dags/tutorial_taskflow_api.py
[2023-11-30T02:25:16.073+0200] {processor.py:839} INFO - DAG(s) dict_keys(['tutorial_taskflow_api']) retrieved from /home/seva/UCU/AutomatedDataPipelines/Homework1/venv/lib/python3.10/site-packages/airflow/example_dags/tutorial_taskflow_api.py
[2023-11-30T02:25:16.087+0200] {logging_mixin.py:154} INFO - [2023-11-30T02:25:16.086+0200] {dag.py:2941} INFO - Sync 1 DAGs
[2023-11-30T02:25:16.095+0200] {logging_mixin.py:154} INFO - [2023-11-30T02:25:16.095+0200] {dag.py:3722} INFO - Setting next_dagrun for tutorial_taskflow_api to None, run_after=None
[2023-11-30T02:25:16.121+0200] {processor.py:179} INFO - Processing /home/seva/UCU/AutomatedDataPipelines/Homework1/venv/lib/python3.10/site-packages/airflow/example_dags/tutorial_taskflow_api.py took 0.059 seconds
[2023-11-30T02:25:56.180+0200] {processor.py:157} INFO - Started process (PID=4077) to work on /home/seva/UCU/AutomatedDataPipelines/Homework1/venv/lib/python3.10/site-packages/airflow/example_dags/tutorial_taskflow_api.py
[2023-11-30T02:25:56.193+0200] {processor.py:829} INFO - Processing file /home/seva/UCU/AutomatedDataPipelines/Homework1/venv/lib/python3.10/site-packages/airflow/example_dags/tutorial_taskflow_api.py for tasks to queue
[2023-11-30T02:25:56.194+0200] {logging_mixin.py:154} INFO - [2023-11-30T02:25:56.194+0200] {dagbag.py:536} INFO - Filling up the DagBag from /home/seva/UCU/AutomatedDataPipelines/Homework1/venv/lib/python3.10/site-packages/airflow/example_dags/tutorial_taskflow_api.py
[2023-11-30T02:25:56.200+0200] {processor.py:839} INFO - DAG(s) dict_keys(['tutorial_taskflow_api']) retrieved from /home/seva/UCU/AutomatedDataPipelines/Homework1/venv/lib/python3.10/site-packages/airflow/example_dags/tutorial_taskflow_api.py
[2023-11-30T02:25:56.214+0200] {logging_mixin.py:154} INFO - [2023-11-30T02:25:56.214+0200] {dag.py:2941} INFO - Sync 1 DAGs
[2023-11-30T02:25:56.223+0200] {logging_mixin.py:154} INFO - [2023-11-30T02:25:56.223+0200] {dag.py:3722} INFO - Setting next_dagrun for tutorial_taskflow_api to None, run_after=None
[2023-11-30T02:25:56.247+0200] {processor.py:179} INFO - Processing /home/seva/UCU/AutomatedDataPipelines/Homework1/venv/lib/python3.10/site-packages/airflow/example_dags/tutorial_taskflow_api.py took 0.070 seconds
[2023-11-30T02:26:42.654+0200] {processor.py:157} INFO - Started process (PID=4255) to work on /home/seva/UCU/AutomatedDataPipelines/Homework1/venv/lib/python3.10/site-packages/airflow/example_dags/tutorial_taskflow_api.py
[2023-11-30T02:26:42.666+0200] {processor.py:829} INFO - Processing file /home/seva/UCU/AutomatedDataPipelines/Homework1/venv/lib/python3.10/site-packages/airflow/example_dags/tutorial_taskflow_api.py for tasks to queue
[2023-11-30T02:26:42.667+0200] {logging_mixin.py:154} INFO - [2023-11-30T02:26:42.667+0200] {dagbag.py:536} INFO - Filling up the DagBag from /home/seva/UCU/AutomatedDataPipelines/Homework1/venv/lib/python3.10/site-packages/airflow/example_dags/tutorial_taskflow_api.py
[2023-11-30T02:26:42.672+0200] {processor.py:839} INFO - DAG(s) dict_keys(['tutorial_taskflow_api']) retrieved from /home/seva/UCU/AutomatedDataPipelines/Homework1/venv/lib/python3.10/site-packages/airflow/example_dags/tutorial_taskflow_api.py
[2023-11-30T02:26:42.687+0200] {logging_mixin.py:154} INFO - [2023-11-30T02:26:42.686+0200] {dag.py:2941} INFO - Sync 1 DAGs
[2023-11-30T02:26:42.695+0200] {logging_mixin.py:154} INFO - [2023-11-30T02:26:42.695+0200] {dag.py:3722} INFO - Setting next_dagrun for tutorial_taskflow_api to None, run_after=None
[2023-11-30T02:26:42.719+0200] {processor.py:179} INFO - Processing /home/seva/UCU/AutomatedDataPipelines/Homework1/venv/lib/python3.10/site-packages/airflow/example_dags/tutorial_taskflow_api.py took 0.068 seconds
[2023-11-30T02:27:18.203+0200] {processor.py:157} INFO - Started process (PID=4394) to work on /home/seva/UCU/AutomatedDataPipelines/Homework1/venv/lib/python3.10/site-packages/airflow/example_dags/tutorial_taskflow_api.py
[2023-11-30T02:27:18.215+0200] {processor.py:829} INFO - Processing file /home/seva/UCU/AutomatedDataPipelines/Homework1/venv/lib/python3.10/site-packages/airflow/example_dags/tutorial_taskflow_api.py for tasks to queue
[2023-11-30T02:27:18.216+0200] {logging_mixin.py:154} INFO - [2023-11-30T02:27:18.216+0200] {dagbag.py:536} INFO - Filling up the DagBag from /home/seva/UCU/AutomatedDataPipelines/Homework1/venv/lib/python3.10/site-packages/airflow/example_dags/tutorial_taskflow_api.py
[2023-11-30T02:27:18.222+0200] {processor.py:839} INFO - DAG(s) dict_keys(['tutorial_taskflow_api']) retrieved from /home/seva/UCU/AutomatedDataPipelines/Homework1/venv/lib/python3.10/site-packages/airflow/example_dags/tutorial_taskflow_api.py
[2023-11-30T02:27:18.236+0200] {logging_mixin.py:154} INFO - [2023-11-30T02:27:18.236+0200] {dag.py:2941} INFO - Sync 1 DAGs
[2023-11-30T02:27:18.245+0200] {logging_mixin.py:154} INFO - [2023-11-30T02:27:18.245+0200] {dag.py:3722} INFO - Setting next_dagrun for tutorial_taskflow_api to None, run_after=None
[2023-11-30T02:27:18.276+0200] {processor.py:179} INFO - Processing /home/seva/UCU/AutomatedDataPipelines/Homework1/venv/lib/python3.10/site-packages/airflow/example_dags/tutorial_taskflow_api.py took 0.075 seconds
[2023-11-30T02:27:50.778+0200] {processor.py:157} INFO - Started process (PID=4523) to work on /home/seva/UCU/AutomatedDataPipelines/Homework1/venv/lib/python3.10/site-packages/airflow/example_dags/tutorial_taskflow_api.py
[2023-11-30T02:27:50.791+0200] {processor.py:829} INFO - Processing file /home/seva/UCU/AutomatedDataPipelines/Homework1/venv/lib/python3.10/site-packages/airflow/example_dags/tutorial_taskflow_api.py for tasks to queue
[2023-11-30T02:27:50.792+0200] {logging_mixin.py:154} INFO - [2023-11-30T02:27:50.791+0200] {dagbag.py:536} INFO - Filling up the DagBag from /home/seva/UCU/AutomatedDataPipelines/Homework1/venv/lib/python3.10/site-packages/airflow/example_dags/tutorial_taskflow_api.py
[2023-11-30T02:27:50.798+0200] {processor.py:839} INFO - DAG(s) dict_keys(['tutorial_taskflow_api']) retrieved from /home/seva/UCU/AutomatedDataPipelines/Homework1/venv/lib/python3.10/site-packages/airflow/example_dags/tutorial_taskflow_api.py
[2023-11-30T02:27:50.811+0200] {logging_mixin.py:154} INFO - [2023-11-30T02:27:50.811+0200] {dag.py:2941} INFO - Sync 1 DAGs
[2023-11-30T02:27:50.821+0200] {logging_mixin.py:154} INFO - [2023-11-30T02:27:50.821+0200] {dag.py:3722} INFO - Setting next_dagrun for tutorial_taskflow_api to None, run_after=None
[2023-11-30T02:27:50.845+0200] {processor.py:179} INFO - Processing /home/seva/UCU/AutomatedDataPipelines/Homework1/venv/lib/python3.10/site-packages/airflow/example_dags/tutorial_taskflow_api.py took 0.071 seconds
[2023-11-30T02:28:34.016+0200] {processor.py:157} INFO - Started process (PID=4695) to work on /home/seva/UCU/AutomatedDataPipelines/Homework1/venv/lib/python3.10/site-packages/airflow/example_dags/tutorial_taskflow_api.py
[2023-11-30T02:28:34.029+0200] {processor.py:829} INFO - Processing file /home/seva/UCU/AutomatedDataPipelines/Homework1/venv/lib/python3.10/site-packages/airflow/example_dags/tutorial_taskflow_api.py for tasks to queue
[2023-11-30T02:28:34.030+0200] {logging_mixin.py:154} INFO - [2023-11-30T02:28:34.029+0200] {dagbag.py:536} INFO - Filling up the DagBag from /home/seva/UCU/AutomatedDataPipelines/Homework1/venv/lib/python3.10/site-packages/airflow/example_dags/tutorial_taskflow_api.py
[2023-11-30T02:28:34.036+0200] {processor.py:839} INFO - DAG(s) dict_keys(['tutorial_taskflow_api']) retrieved from /home/seva/UCU/AutomatedDataPipelines/Homework1/venv/lib/python3.10/site-packages/airflow/example_dags/tutorial_taskflow_api.py
[2023-11-30T02:28:34.050+0200] {logging_mixin.py:154} INFO - [2023-11-30T02:28:34.050+0200] {dag.py:2941} INFO - Sync 1 DAGs
[2023-11-30T02:28:34.060+0200] {logging_mixin.py:154} INFO - [2023-11-30T02:28:34.060+0200] {dag.py:3722} INFO - Setting next_dagrun for tutorial_taskflow_api to None, run_after=None
[2023-11-30T02:28:34.084+0200] {processor.py:179} INFO - Processing /home/seva/UCU/AutomatedDataPipelines/Homework1/venv/lib/python3.10/site-packages/airflow/example_dags/tutorial_taskflow_api.py took 0.071 seconds
[2023-11-30T02:29:21.683+0200] {processor.py:157} INFO - Started process (PID=4883) to work on /home/seva/UCU/AutomatedDataPipelines/Homework1/venv/lib/python3.10/site-packages/airflow/example_dags/tutorial_taskflow_api.py
[2023-11-30T02:29:21.685+0200] {processor.py:829} INFO - Processing file /home/seva/UCU/AutomatedDataPipelines/Homework1/venv/lib/python3.10/site-packages/airflow/example_dags/tutorial_taskflow_api.py for tasks to queue
[2023-11-30T02:29:21.686+0200] {logging_mixin.py:154} INFO - [2023-11-30T02:29:21.685+0200] {dagbag.py:536} INFO - Filling up the DagBag from /home/seva/UCU/AutomatedDataPipelines/Homework1/venv/lib/python3.10/site-packages/airflow/example_dags/tutorial_taskflow_api.py
[2023-11-30T02:29:21.691+0200] {processor.py:839} INFO - DAG(s) dict_keys(['tutorial_taskflow_api']) retrieved from /home/seva/UCU/AutomatedDataPipelines/Homework1/venv/lib/python3.10/site-packages/airflow/example_dags/tutorial_taskflow_api.py
[2023-11-30T02:29:21.704+0200] {logging_mixin.py:154} INFO - [2023-11-30T02:29:21.704+0200] {dag.py:2941} INFO - Sync 1 DAGs
[2023-11-30T02:29:21.714+0200] {logging_mixin.py:154} INFO - [2023-11-30T02:29:21.714+0200] {dag.py:3722} INFO - Setting next_dagrun for tutorial_taskflow_api to None, run_after=None
[2023-11-30T02:29:21.740+0200] {processor.py:179} INFO - Processing /home/seva/UCU/AutomatedDataPipelines/Homework1/venv/lib/python3.10/site-packages/airflow/example_dags/tutorial_taskflow_api.py took 0.060 seconds
[2023-11-30T02:30:04.621+0200] {processor.py:157} INFO - Started process (PID=5056) to work on /home/seva/UCU/AutomatedDataPipelines/Homework1/venv/lib/python3.10/site-packages/airflow/example_dags/tutorial_taskflow_api.py
[2023-11-30T02:30:04.633+0200] {processor.py:829} INFO - Processing file /home/seva/UCU/AutomatedDataPipelines/Homework1/venv/lib/python3.10/site-packages/airflow/example_dags/tutorial_taskflow_api.py for tasks to queue
[2023-11-30T02:30:04.634+0200] {logging_mixin.py:154} INFO - [2023-11-30T02:30:04.634+0200] {dagbag.py:536} INFO - Filling up the DagBag from /home/seva/UCU/AutomatedDataPipelines/Homework1/venv/lib/python3.10/site-packages/airflow/example_dags/tutorial_taskflow_api.py
[2023-11-30T02:30:04.642+0200] {processor.py:839} INFO - DAG(s) dict_keys(['tutorial_taskflow_api']) retrieved from /home/seva/UCU/AutomatedDataPipelines/Homework1/venv/lib/python3.10/site-packages/airflow/example_dags/tutorial_taskflow_api.py
[2023-11-30T02:30:04.656+0200] {logging_mixin.py:154} INFO - [2023-11-30T02:30:04.656+0200] {dag.py:2941} INFO - Sync 1 DAGs
[2023-11-30T02:30:04.665+0200] {logging_mixin.py:154} INFO - [2023-11-30T02:30:04.665+0200] {dag.py:3722} INFO - Setting next_dagrun for tutorial_taskflow_api to None, run_after=None
[2023-11-30T02:30:04.689+0200] {processor.py:179} INFO - Processing /home/seva/UCU/AutomatedDataPipelines/Homework1/venv/lib/python3.10/site-packages/airflow/example_dags/tutorial_taskflow_api.py took 0.071 seconds
[2023-11-30T02:30:49.731+0200] {processor.py:157} INFO - Started process (PID=5229) to work on /home/seva/UCU/AutomatedDataPipelines/Homework1/venv/lib/python3.10/site-packages/airflow/example_dags/tutorial_taskflow_api.py
[2023-11-30T02:30:49.733+0200] {processor.py:829} INFO - Processing file /home/seva/UCU/AutomatedDataPipelines/Homework1/venv/lib/python3.10/site-packages/airflow/example_dags/tutorial_taskflow_api.py for tasks to queue
[2023-11-30T02:30:49.734+0200] {logging_mixin.py:154} INFO - [2023-11-30T02:30:49.734+0200] {dagbag.py:536} INFO - Filling up the DagBag from /home/seva/UCU/AutomatedDataPipelines/Homework1/venv/lib/python3.10/site-packages/airflow/example_dags/tutorial_taskflow_api.py
[2023-11-30T02:30:49.740+0200] {processor.py:839} INFO - DAG(s) dict_keys(['tutorial_taskflow_api']) retrieved from /home/seva/UCU/AutomatedDataPipelines/Homework1/venv/lib/python3.10/site-packages/airflow/example_dags/tutorial_taskflow_api.py
[2023-11-30T02:30:49.754+0200] {logging_mixin.py:154} INFO - [2023-11-30T02:30:49.754+0200] {dag.py:2941} INFO - Sync 1 DAGs
[2023-11-30T02:30:49.763+0200] {logging_mixin.py:154} INFO - [2023-11-30T02:30:49.763+0200] {dag.py:3722} INFO - Setting next_dagrun for tutorial_taskflow_api to None, run_after=None
[2023-11-30T02:30:49.786+0200] {processor.py:179} INFO - Processing /home/seva/UCU/AutomatedDataPipelines/Homework1/venv/lib/python3.10/site-packages/airflow/example_dags/tutorial_taskflow_api.py took 0.058 seconds
[2023-11-30T02:31:22.929+0200] {processor.py:157} INFO - Started process (PID=5358) to work on /home/seva/UCU/AutomatedDataPipelines/Homework1/venv/lib/python3.10/site-packages/airflow/example_dags/tutorial_taskflow_api.py
[2023-11-30T02:31:22.940+0200] {processor.py:829} INFO - Processing file /home/seva/UCU/AutomatedDataPipelines/Homework1/venv/lib/python3.10/site-packages/airflow/example_dags/tutorial_taskflow_api.py for tasks to queue
[2023-11-30T02:31:22.941+0200] {logging_mixin.py:154} INFO - [2023-11-30T02:31:22.941+0200] {dagbag.py:536} INFO - Filling up the DagBag from /home/seva/UCU/AutomatedDataPipelines/Homework1/venv/lib/python3.10/site-packages/airflow/example_dags/tutorial_taskflow_api.py
[2023-11-30T02:31:22.948+0200] {processor.py:839} INFO - DAG(s) dict_keys(['tutorial_taskflow_api']) retrieved from /home/seva/UCU/AutomatedDataPipelines/Homework1/venv/lib/python3.10/site-packages/airflow/example_dags/tutorial_taskflow_api.py
[2023-11-30T02:31:22.962+0200] {logging_mixin.py:154} INFO - [2023-11-30T02:31:22.961+0200] {dag.py:2941} INFO - Sync 1 DAGs
[2023-11-30T02:31:22.972+0200] {logging_mixin.py:154} INFO - [2023-11-30T02:31:22.972+0200] {dag.py:3722} INFO - Setting next_dagrun for tutorial_taskflow_api to None, run_after=None
[2023-11-30T02:31:22.996+0200] {processor.py:179} INFO - Processing /home/seva/UCU/AutomatedDataPipelines/Homework1/venv/lib/python3.10/site-packages/airflow/example_dags/tutorial_taskflow_api.py took 0.071 seconds
[2023-11-30T02:32:06.044+0200] {processor.py:157} INFO - Started process (PID=5532) to work on /home/seva/UCU/AutomatedDataPipelines/Homework1/venv/lib/python3.10/site-packages/airflow/example_dags/tutorial_taskflow_api.py
[2023-11-30T02:32:06.057+0200] {processor.py:829} INFO - Processing file /home/seva/UCU/AutomatedDataPipelines/Homework1/venv/lib/python3.10/site-packages/airflow/example_dags/tutorial_taskflow_api.py for tasks to queue
[2023-11-30T02:32:06.058+0200] {logging_mixin.py:154} INFO - [2023-11-30T02:32:06.057+0200] {dagbag.py:536} INFO - Filling up the DagBag from /home/seva/UCU/AutomatedDataPipelines/Homework1/venv/lib/python3.10/site-packages/airflow/example_dags/tutorial_taskflow_api.py
[2023-11-30T02:32:06.064+0200] {processor.py:839} INFO - DAG(s) dict_keys(['tutorial_taskflow_api']) retrieved from /home/seva/UCU/AutomatedDataPipelines/Homework1/venv/lib/python3.10/site-packages/airflow/example_dags/tutorial_taskflow_api.py
[2023-11-30T02:32:06.078+0200] {logging_mixin.py:154} INFO - [2023-11-30T02:32:06.078+0200] {dag.py:2941} INFO - Sync 1 DAGs
[2023-11-30T02:32:06.088+0200] {logging_mixin.py:154} INFO - [2023-11-30T02:32:06.088+0200] {dag.py:3722} INFO - Setting next_dagrun for tutorial_taskflow_api to None, run_after=None
[2023-11-30T02:32:06.112+0200] {processor.py:179} INFO - Processing /home/seva/UCU/AutomatedDataPipelines/Homework1/venv/lib/python3.10/site-packages/airflow/example_dags/tutorial_taskflow_api.py took 0.071 seconds
[2023-11-30T02:32:53.304+0200] {processor.py:157} INFO - Started process (PID=5746) to work on /home/seva/UCU/AutomatedDataPipelines/Homework1/venv/lib/python3.10/site-packages/airflow/example_dags/tutorial_taskflow_api.py
[2023-11-30T02:32:53.317+0200] {processor.py:829} INFO - Processing file /home/seva/UCU/AutomatedDataPipelines/Homework1/venv/lib/python3.10/site-packages/airflow/example_dags/tutorial_taskflow_api.py for tasks to queue
[2023-11-30T02:32:53.319+0200] {logging_mixin.py:154} INFO - [2023-11-30T02:32:53.318+0200] {dagbag.py:536} INFO - Filling up the DagBag from /home/seva/UCU/AutomatedDataPipelines/Homework1/venv/lib/python3.10/site-packages/airflow/example_dags/tutorial_taskflow_api.py
[2023-11-30T02:32:53.325+0200] {processor.py:839} INFO - DAG(s) dict_keys(['tutorial_taskflow_api']) retrieved from /home/seva/UCU/AutomatedDataPipelines/Homework1/venv/lib/python3.10/site-packages/airflow/example_dags/tutorial_taskflow_api.py
[2023-11-30T02:32:53.349+0200] {logging_mixin.py:154} INFO - [2023-11-30T02:32:53.348+0200] {dag.py:2941} INFO - Sync 1 DAGs
[2023-11-30T02:32:53.361+0200] {logging_mixin.py:154} INFO - [2023-11-30T02:32:53.361+0200] {dag.py:3722} INFO - Setting next_dagrun for tutorial_taskflow_api to None, run_after=None
[2023-11-30T02:32:53.392+0200] {processor.py:179} INFO - Processing /home/seva/UCU/AutomatedDataPipelines/Homework1/venv/lib/python3.10/site-packages/airflow/example_dags/tutorial_taskflow_api.py took 0.091 seconds
[2023-11-30T02:33:40.005+0200] {processor.py:157} INFO - Started process (PID=5932) to work on /home/seva/UCU/AutomatedDataPipelines/Homework1/venv/lib/python3.10/site-packages/airflow/example_dags/tutorial_taskflow_api.py
[2023-11-30T02:33:40.018+0200] {processor.py:829} INFO - Processing file /home/seva/UCU/AutomatedDataPipelines/Homework1/venv/lib/python3.10/site-packages/airflow/example_dags/tutorial_taskflow_api.py for tasks to queue
[2023-11-30T02:33:40.019+0200] {logging_mixin.py:154} INFO - [2023-11-30T02:33:40.019+0200] {dagbag.py:536} INFO - Filling up the DagBag from /home/seva/UCU/AutomatedDataPipelines/Homework1/venv/lib/python3.10/site-packages/airflow/example_dags/tutorial_taskflow_api.py
[2023-11-30T02:33:40.026+0200] {processor.py:839} INFO - DAG(s) dict_keys(['tutorial_taskflow_api']) retrieved from /home/seva/UCU/AutomatedDataPipelines/Homework1/venv/lib/python3.10/site-packages/airflow/example_dags/tutorial_taskflow_api.py
[2023-11-30T02:33:40.044+0200] {logging_mixin.py:154} INFO - [2023-11-30T02:33:40.044+0200] {dag.py:2941} INFO - Sync 1 DAGs
[2023-11-30T02:33:40.054+0200] {logging_mixin.py:154} INFO - [2023-11-30T02:33:40.054+0200] {dag.py:3722} INFO - Setting next_dagrun for tutorial_taskflow_api to None, run_after=None
[2023-11-30T02:33:40.079+0200] {processor.py:179} INFO - Processing /home/seva/UCU/AutomatedDataPipelines/Homework1/venv/lib/python3.10/site-packages/airflow/example_dags/tutorial_taskflow_api.py took 0.077 seconds
[2023-11-30T02:34:29.407+0200] {processor.py:157} INFO - Started process (PID=6124) to work on /home/seva/UCU/AutomatedDataPipelines/Homework1/venv/lib/python3.10/site-packages/airflow/example_dags/tutorial_taskflow_api.py
[2023-11-30T02:34:29.409+0200] {processor.py:829} INFO - Processing file /home/seva/UCU/AutomatedDataPipelines/Homework1/venv/lib/python3.10/site-packages/airflow/example_dags/tutorial_taskflow_api.py for tasks to queue
[2023-11-30T02:34:29.410+0200] {logging_mixin.py:154} INFO - [2023-11-30T02:34:29.410+0200] {dagbag.py:536} INFO - Filling up the DagBag from /home/seva/UCU/AutomatedDataPipelines/Homework1/venv/lib/python3.10/site-packages/airflow/example_dags/tutorial_taskflow_api.py
[2023-11-30T02:34:29.418+0200] {processor.py:839} INFO - DAG(s) dict_keys(['tutorial_taskflow_api']) retrieved from /home/seva/UCU/AutomatedDataPipelines/Homework1/venv/lib/python3.10/site-packages/airflow/example_dags/tutorial_taskflow_api.py
[2023-11-30T02:34:29.436+0200] {logging_mixin.py:154} INFO - [2023-11-30T02:34:29.436+0200] {dag.py:2941} INFO - Sync 1 DAGs
[2023-11-30T02:34:29.449+0200] {logging_mixin.py:154} INFO - [2023-11-30T02:34:29.449+0200] {dag.py:3722} INFO - Setting next_dagrun for tutorial_taskflow_api to None, run_after=None
[2023-11-30T02:34:29.474+0200] {processor.py:179} INFO - Processing /home/seva/UCU/AutomatedDataPipelines/Homework1/venv/lib/python3.10/site-packages/airflow/example_dags/tutorial_taskflow_api.py took 0.071 seconds
[2023-11-30T02:35:17.266+0200] {processor.py:157} INFO - Started process (PID=6315) to work on /home/seva/UCU/AutomatedDataPipelines/Homework1/venv/lib/python3.10/site-packages/airflow/example_dags/tutorial_taskflow_api.py
[2023-11-30T02:35:17.278+0200] {processor.py:829} INFO - Processing file /home/seva/UCU/AutomatedDataPipelines/Homework1/venv/lib/python3.10/site-packages/airflow/example_dags/tutorial_taskflow_api.py for tasks to queue
[2023-11-30T02:35:17.279+0200] {logging_mixin.py:154} INFO - [2023-11-30T02:35:17.279+0200] {dagbag.py:536} INFO - Filling up the DagBag from /home/seva/UCU/AutomatedDataPipelines/Homework1/venv/lib/python3.10/site-packages/airflow/example_dags/tutorial_taskflow_api.py
[2023-11-30T02:35:17.286+0200] {processor.py:839} INFO - DAG(s) dict_keys(['tutorial_taskflow_api']) retrieved from /home/seva/UCU/AutomatedDataPipelines/Homework1/venv/lib/python3.10/site-packages/airflow/example_dags/tutorial_taskflow_api.py
[2023-11-30T02:35:17.301+0200] {logging_mixin.py:154} INFO - [2023-11-30T02:35:17.301+0200] {dag.py:2941} INFO - Sync 1 DAGs
[2023-11-30T02:35:17.312+0200] {logging_mixin.py:154} INFO - [2023-11-30T02:35:17.311+0200] {dag.py:3722} INFO - Setting next_dagrun for tutorial_taskflow_api to None, run_after=None
[2023-11-30T02:35:17.335+0200] {processor.py:179} INFO - Processing /home/seva/UCU/AutomatedDataPipelines/Homework1/venv/lib/python3.10/site-packages/airflow/example_dags/tutorial_taskflow_api.py took 0.072 seconds
[2023-11-30T02:36:01.343+0200] {processor.py:157} INFO - Started process (PID=6498) to work on /home/seva/UCU/AutomatedDataPipelines/Homework1/venv/lib/python3.10/site-packages/airflow/example_dags/tutorial_taskflow_api.py
[2023-11-30T02:36:01.355+0200] {processor.py:829} INFO - Processing file /home/seva/UCU/AutomatedDataPipelines/Homework1/venv/lib/python3.10/site-packages/airflow/example_dags/tutorial_taskflow_api.py for tasks to queue
[2023-11-30T02:36:01.356+0200] {logging_mixin.py:154} INFO - [2023-11-30T02:36:01.356+0200] {dagbag.py:536} INFO - Filling up the DagBag from /home/seva/UCU/AutomatedDataPipelines/Homework1/venv/lib/python3.10/site-packages/airflow/example_dags/tutorial_taskflow_api.py
[2023-11-30T02:36:01.363+0200] {processor.py:839} INFO - DAG(s) dict_keys(['tutorial_taskflow_api']) retrieved from /home/seva/UCU/AutomatedDataPipelines/Homework1/venv/lib/python3.10/site-packages/airflow/example_dags/tutorial_taskflow_api.py
[2023-11-30T02:36:01.376+0200] {logging_mixin.py:154} INFO - [2023-11-30T02:36:01.376+0200] {dag.py:2941} INFO - Sync 1 DAGs
[2023-11-30T02:36:01.386+0200] {logging_mixin.py:154} INFO - [2023-11-30T02:36:01.386+0200] {dag.py:3722} INFO - Setting next_dagrun for tutorial_taskflow_api to None, run_after=None
[2023-11-30T02:36:01.408+0200] {processor.py:179} INFO - Processing /home/seva/UCU/AutomatedDataPipelines/Homework1/venv/lib/python3.10/site-packages/airflow/example_dags/tutorial_taskflow_api.py took 0.068 seconds
[2023-11-30T02:36:48.176+0200] {processor.py:157} INFO - Started process (PID=6677) to work on /home/seva/UCU/AutomatedDataPipelines/Homework1/venv/lib/python3.10/site-packages/airflow/example_dags/tutorial_taskflow_api.py
[2023-11-30T02:36:48.188+0200] {processor.py:829} INFO - Processing file /home/seva/UCU/AutomatedDataPipelines/Homework1/venv/lib/python3.10/site-packages/airflow/example_dags/tutorial_taskflow_api.py for tasks to queue
[2023-11-30T02:36:48.189+0200] {logging_mixin.py:154} INFO - [2023-11-30T02:36:48.189+0200] {dagbag.py:536} INFO - Filling up the DagBag from /home/seva/UCU/AutomatedDataPipelines/Homework1/venv/lib/python3.10/site-packages/airflow/example_dags/tutorial_taskflow_api.py
[2023-11-30T02:36:48.196+0200] {processor.py:839} INFO - DAG(s) dict_keys(['tutorial_taskflow_api']) retrieved from /home/seva/UCU/AutomatedDataPipelines/Homework1/venv/lib/python3.10/site-packages/airflow/example_dags/tutorial_taskflow_api.py
[2023-11-30T02:36:48.213+0200] {logging_mixin.py:154} INFO - [2023-11-30T02:36:48.213+0200] {dag.py:2941} INFO - Sync 1 DAGs
[2023-11-30T02:36:48.225+0200] {logging_mixin.py:154} INFO - [2023-11-30T02:36:48.224+0200] {dag.py:3722} INFO - Setting next_dagrun for tutorial_taskflow_api to None, run_after=None
[2023-11-30T02:36:48.253+0200] {processor.py:179} INFO - Processing /home/seva/UCU/AutomatedDataPipelines/Homework1/venv/lib/python3.10/site-packages/airflow/example_dags/tutorial_taskflow_api.py took 0.083 seconds
[2023-11-30T02:37:22.285+0200] {processor.py:157} INFO - Started process (PID=6818) to work on /home/seva/UCU/AutomatedDataPipelines/Homework1/venv/lib/python3.10/site-packages/airflow/example_dags/tutorial_taskflow_api.py
[2023-11-30T02:37:22.298+0200] {processor.py:829} INFO - Processing file /home/seva/UCU/AutomatedDataPipelines/Homework1/venv/lib/python3.10/site-packages/airflow/example_dags/tutorial_taskflow_api.py for tasks to queue
[2023-11-30T02:37:22.299+0200] {logging_mixin.py:154} INFO - [2023-11-30T02:37:22.298+0200] {dagbag.py:536} INFO - Filling up the DagBag from /home/seva/UCU/AutomatedDataPipelines/Homework1/venv/lib/python3.10/site-packages/airflow/example_dags/tutorial_taskflow_api.py
[2023-11-30T02:37:22.305+0200] {processor.py:839} INFO - DAG(s) dict_keys(['tutorial_taskflow_api']) retrieved from /home/seva/UCU/AutomatedDataPipelines/Homework1/venv/lib/python3.10/site-packages/airflow/example_dags/tutorial_taskflow_api.py
[2023-11-30T02:37:22.319+0200] {logging_mixin.py:154} INFO - [2023-11-30T02:37:22.319+0200] {dag.py:2941} INFO - Sync 1 DAGs
[2023-11-30T02:37:22.329+0200] {logging_mixin.py:154} INFO - [2023-11-30T02:37:22.329+0200] {dag.py:3722} INFO - Setting next_dagrun for tutorial_taskflow_api to None, run_after=None
[2023-11-30T02:37:22.367+0200] {processor.py:179} INFO - Processing /home/seva/UCU/AutomatedDataPipelines/Homework1/venv/lib/python3.10/site-packages/airflow/example_dags/tutorial_taskflow_api.py took 0.084 seconds
[2023-11-30T02:37:55.791+0200] {processor.py:157} INFO - Started process (PID=6947) to work on /home/seva/UCU/AutomatedDataPipelines/Homework1/venv/lib/python3.10/site-packages/airflow/example_dags/tutorial_taskflow_api.py
[2023-11-30T02:37:55.805+0200] {processor.py:829} INFO - Processing file /home/seva/UCU/AutomatedDataPipelines/Homework1/venv/lib/python3.10/site-packages/airflow/example_dags/tutorial_taskflow_api.py for tasks to queue
[2023-11-30T02:37:55.810+0200] {logging_mixin.py:154} INFO - [2023-11-30T02:37:55.808+0200] {dagbag.py:536} INFO - Filling up the DagBag from /home/seva/UCU/AutomatedDataPipelines/Homework1/venv/lib/python3.10/site-packages/airflow/example_dags/tutorial_taskflow_api.py
[2023-11-30T02:37:55.820+0200] {processor.py:839} INFO - DAG(s) dict_keys(['tutorial_taskflow_api']) retrieved from /home/seva/UCU/AutomatedDataPipelines/Homework1/venv/lib/python3.10/site-packages/airflow/example_dags/tutorial_taskflow_api.py
[2023-11-30T02:37:55.836+0200] {logging_mixin.py:154} INFO - [2023-11-30T02:37:55.836+0200] {dag.py:2941} INFO - Sync 1 DAGs
[2023-11-30T02:37:55.847+0200] {logging_mixin.py:154} INFO - [2023-11-30T02:37:55.847+0200] {dag.py:3722} INFO - Setting next_dagrun for tutorial_taskflow_api to None, run_after=None
[2023-11-30T02:37:55.871+0200] {processor.py:179} INFO - Processing /home/seva/UCU/AutomatedDataPipelines/Homework1/venv/lib/python3.10/site-packages/airflow/example_dags/tutorial_taskflow_api.py took 0.084 seconds
[2023-11-30T02:38:31.072+0200] {processor.py:157} INFO - Started process (PID=7216) to work on /home/seva/UCU/AutomatedDataPipelines/Homework1/venv/lib/python3.10/site-packages/airflow/example_dags/tutorial_taskflow_api.py
[2023-11-30T02:38:31.084+0200] {processor.py:829} INFO - Processing file /home/seva/UCU/AutomatedDataPipelines/Homework1/venv/lib/python3.10/site-packages/airflow/example_dags/tutorial_taskflow_api.py for tasks to queue
[2023-11-30T02:38:31.086+0200] {logging_mixin.py:154} INFO - [2023-11-30T02:38:31.085+0200] {dagbag.py:536} INFO - Filling up the DagBag from /home/seva/UCU/AutomatedDataPipelines/Homework1/venv/lib/python3.10/site-packages/airflow/example_dags/tutorial_taskflow_api.py
[2023-11-30T02:38:31.094+0200] {processor.py:839} INFO - DAG(s) dict_keys(['tutorial_taskflow_api']) retrieved from /home/seva/UCU/AutomatedDataPipelines/Homework1/venv/lib/python3.10/site-packages/airflow/example_dags/tutorial_taskflow_api.py
[2023-11-30T02:38:31.115+0200] {logging_mixin.py:154} INFO - [2023-11-30T02:38:31.114+0200] {dag.py:2941} INFO - Sync 1 DAGs
[2023-11-30T02:38:31.135+0200] {logging_mixin.py:154} INFO - [2023-11-30T02:38:31.135+0200] {dag.py:3722} INFO - Setting next_dagrun for tutorial_taskflow_api to None, run_after=None
[2023-11-30T02:38:31.200+0200] {processor.py:179} INFO - Processing /home/seva/UCU/AutomatedDataPipelines/Homework1/venv/lib/python3.10/site-packages/airflow/example_dags/tutorial_taskflow_api.py took 0.135 seconds
[2023-11-30T02:39:07.254+0200] {processor.py:157} INFO - Started process (PID=7460) to work on /home/seva/UCU/AutomatedDataPipelines/Homework1/venv/lib/python3.10/site-packages/airflow/example_dags/tutorial_taskflow_api.py
[2023-11-30T02:39:07.257+0200] {processor.py:829} INFO - Processing file /home/seva/UCU/AutomatedDataPipelines/Homework1/venv/lib/python3.10/site-packages/airflow/example_dags/tutorial_taskflow_api.py for tasks to queue
[2023-11-30T02:39:07.258+0200] {logging_mixin.py:154} INFO - [2023-11-30T02:39:07.257+0200] {dagbag.py:536} INFO - Filling up the DagBag from /home/seva/UCU/AutomatedDataPipelines/Homework1/venv/lib/python3.10/site-packages/airflow/example_dags/tutorial_taskflow_api.py
[2023-11-30T02:39:07.269+0200] {processor.py:839} INFO - DAG(s) dict_keys(['tutorial_taskflow_api']) retrieved from /home/seva/UCU/AutomatedDataPipelines/Homework1/venv/lib/python3.10/site-packages/airflow/example_dags/tutorial_taskflow_api.py
[2023-11-30T02:39:07.287+0200] {logging_mixin.py:154} INFO - [2023-11-30T02:39:07.287+0200] {dag.py:2941} INFO - Sync 1 DAGs
[2023-11-30T02:39:07.301+0200] {logging_mixin.py:154} INFO - [2023-11-30T02:39:07.300+0200] {dag.py:3722} INFO - Setting next_dagrun for tutorial_taskflow_api to None, run_after=None
[2023-11-30T02:39:07.331+0200] {processor.py:179} INFO - Processing /home/seva/UCU/AutomatedDataPipelines/Homework1/venv/lib/python3.10/site-packages/airflow/example_dags/tutorial_taskflow_api.py took 0.079 seconds
