[2023-11-30T12:41:14.852+0200] {taskinstance.py:1159} INFO - Dependencies all met for dep_context=non-requeueable deps ti=<TaskInstance: weather_data_pipeline.create_table scheduled__2023-11-30T02:00:00+00:00 [queued]>
[2023-11-30T12:41:14.859+0200] {taskinstance.py:1159} INFO - Dependencies all met for dep_context=requeueable deps ti=<TaskInstance: weather_data_pipeline.create_table scheduled__2023-11-30T02:00:00+00:00 [queued]>
[2023-11-30T12:41:14.859+0200] {taskinstance.py:1361} INFO - Starting attempt 1 of 1
[2023-11-30T12:41:14.884+0200] {taskinstance.py:1382} INFO - Executing <Task(PythonOperator): create_table> on 2023-11-30 02:00:00+00:00
[2023-11-30T12:41:14.886+0200] {standard_task_runner.py:57} INFO - Started process 18545 to run task
[2023-11-30T12:41:14.891+0200] {standard_task_runner.py:84} INFO - Running: ['airflow', 'tasks', 'run', 'weather_data_pipeline', 'create_table', 'scheduled__2023-11-30T02:00:00+00:00', '--job-id', '18', '--raw', '--subdir', 'DAGS_FOLDER/weather_pipeline.py', '--cfg-path', '/tmp/tmpxgwjtr0q']
[2023-11-30T12:41:14.893+0200] {standard_task_runner.py:85} INFO - Job 18: Subtask create_table
[2023-11-30T12:41:14.941+0200] {task_command.py:416} INFO - Running <TaskInstance: weather_data_pipeline.create_table scheduled__2023-11-30T02:00:00+00:00 [running]> on host DESKTOP-VD1PANR.
[2023-11-30T12:41:15.072+0200] {taskinstance.py:1662} INFO - Exporting env vars: AIRFLOW_CTX_DAG_OWNER='airflow' AIRFLOW_CTX_DAG_ID='weather_data_pipeline' AIRFLOW_CTX_TASK_ID='create_table' AIRFLOW_CTX_EXECUTION_DATE='2023-11-30T02:00:00+00:00' AIRFLOW_CTX_TRY_NUMBER='1' AIRFLOW_CTX_DAG_RUN_ID='scheduled__2023-11-30T02:00:00+00:00'
[2023-11-30T12:41:15.073+0200] {python.py:194} INFO - Done. Returned value was: None
[2023-11-30T12:41:15.079+0200] {taskinstance.py:1400} INFO - Marking task as SUCCESS. dag_id=weather_data_pipeline, task_id=create_table, execution_date=20231130T020000, start_date=20231130T104114, end_date=20231130T104115
[2023-11-30T12:41:15.114+0200] {local_task_job_runner.py:228} INFO - Task exited with return code 0
[2023-11-30T12:41:15.181+0200] {taskinstance.py:2778} INFO - 5 downstream tasks scheduled from follow-on schedule check
[2023-11-30T12:54:53.736+0200] {taskinstance.py:1159} INFO - Dependencies all met for dep_context=non-requeueable deps ti=<TaskInstance: weather_data_pipeline.create_table scheduled__2023-11-30T02:00:00+00:00 [queued]>
[2023-11-30T12:54:53.747+0200] {taskinstance.py:1159} INFO - Dependencies all met for dep_context=requeueable deps ti=<TaskInstance: weather_data_pipeline.create_table scheduled__2023-11-30T02:00:00+00:00 [queued]>
[2023-11-30T12:54:53.748+0200] {taskinstance.py:1361} INFO - Starting attempt 1 of 1
[2023-11-30T12:54:53.771+0200] {taskinstance.py:1382} INFO - Executing <Task(PythonOperator): create_table> on 2023-11-30 02:00:00+00:00
[2023-11-30T12:54:53.774+0200] {standard_task_runner.py:57} INFO - Started process 20161 to run task
[2023-11-30T12:54:53.779+0200] {standard_task_runner.py:84} INFO - Running: ['airflow', 'tasks', 'run', 'weather_data_pipeline', 'create_table', 'scheduled__2023-11-30T02:00:00+00:00', '--job-id', '60', '--raw', '--subdir', 'DAGS_FOLDER/weather_pipeline.py', '--cfg-path', '/tmp/tmph3x43qjk']
[2023-11-30T12:54:53.782+0200] {standard_task_runner.py:85} INFO - Job 60: Subtask create_table
[2023-11-30T12:54:53.837+0200] {task_command.py:416} INFO - Running <TaskInstance: weather_data_pipeline.create_table scheduled__2023-11-30T02:00:00+00:00 [running]> on host DESKTOP-VD1PANR.
[2023-11-30T12:54:53.979+0200] {taskinstance.py:1662} INFO - Exporting env vars: AIRFLOW_CTX_DAG_OWNER='airflow' AIRFLOW_CTX_DAG_ID='weather_data_pipeline' AIRFLOW_CTX_TASK_ID='create_table' AIRFLOW_CTX_EXECUTION_DATE='2023-11-30T02:00:00+00:00' AIRFLOW_CTX_TRY_NUMBER='1' AIRFLOW_CTX_DAG_RUN_ID='scheduled__2023-11-30T02:00:00+00:00'
[2023-11-30T12:54:53.980+0200] {python.py:194} INFO - Done. Returned value was: None
[2023-11-30T12:54:53.984+0200] {taskinstance.py:1400} INFO - Marking task as SUCCESS. dag_id=weather_data_pipeline, task_id=create_table, execution_date=20231130T020000, start_date=20231130T105453, end_date=20231130T105453
[2023-11-30T12:54:54.050+0200] {local_task_job_runner.py:228} INFO - Task exited with return code 0
[2023-11-30T12:54:54.139+0200] {taskinstance.py:2778} INFO - 5 downstream tasks scheduled from follow-on schedule check
[2023-11-30T12:56:13.126+0200] {taskinstance.py:1159} INFO - Dependencies all met for dep_context=non-requeueable deps ti=<TaskInstance: weather_data_pipeline.create_table scheduled__2023-11-30T02:00:00+00:00 [queued]>
[2023-11-30T12:56:13.136+0200] {taskinstance.py:1159} INFO - Dependencies all met for dep_context=requeueable deps ti=<TaskInstance: weather_data_pipeline.create_table scheduled__2023-11-30T02:00:00+00:00 [queued]>
[2023-11-30T12:56:13.136+0200] {taskinstance.py:1361} INFO - Starting attempt 1 of 1
[2023-11-30T12:56:13.159+0200] {taskinstance.py:1382} INFO - Executing <Task(PythonOperator): create_table> on 2023-11-30 02:00:00+00:00
[2023-11-30T12:56:13.163+0200] {standard_task_runner.py:57} INFO - Started process 20374 to run task
[2023-11-30T12:56:13.167+0200] {standard_task_runner.py:84} INFO - Running: ['airflow', 'tasks', 'run', 'weather_data_pipeline', 'create_table', 'scheduled__2023-11-30T02:00:00+00:00', '--job-id', '85', '--raw', '--subdir', 'DAGS_FOLDER/weather_pipeline.py', '--cfg-path', '/tmp/tmp2qzo8rzj']
[2023-11-30T12:56:13.169+0200] {standard_task_runner.py:85} INFO - Job 85: Subtask create_table
[2023-11-30T12:56:13.212+0200] {task_command.py:416} INFO - Running <TaskInstance: weather_data_pipeline.create_table scheduled__2023-11-30T02:00:00+00:00 [running]> on host DESKTOP-VD1PANR.
[2023-11-30T12:56:13.338+0200] {taskinstance.py:1662} INFO - Exporting env vars: AIRFLOW_CTX_DAG_OWNER='airflow' AIRFLOW_CTX_DAG_ID='weather_data_pipeline' AIRFLOW_CTX_TASK_ID='create_table' AIRFLOW_CTX_EXECUTION_DATE='2023-11-30T02:00:00+00:00' AIRFLOW_CTX_TRY_NUMBER='1' AIRFLOW_CTX_DAG_RUN_ID='scheduled__2023-11-30T02:00:00+00:00'
[2023-11-30T12:56:13.339+0200] {python.py:194} INFO - Done. Returned value was: None
[2023-11-30T12:56:13.343+0200] {taskinstance.py:1400} INFO - Marking task as SUCCESS. dag_id=weather_data_pipeline, task_id=create_table, execution_date=20231130T020000, start_date=20231130T105613, end_date=20231130T105613
[2023-11-30T12:56:13.390+0200] {local_task_job_runner.py:228} INFO - Task exited with return code 0
[2023-11-30T12:56:13.473+0200] {taskinstance.py:2778} INFO - 5 downstream tasks scheduled from follow-on schedule check
[2023-11-30T13:03:01.300+0200] {taskinstance.py:1159} INFO - Dependencies all met for dep_context=non-requeueable deps ti=<TaskInstance: weather_data_pipeline.create_table scheduled__2023-11-30T02:00:00+00:00 [queued]>
[2023-11-30T13:03:01.311+0200] {taskinstance.py:1159} INFO - Dependencies all met for dep_context=requeueable deps ti=<TaskInstance: weather_data_pipeline.create_table scheduled__2023-11-30T02:00:00+00:00 [queued]>
[2023-11-30T13:03:01.311+0200] {taskinstance.py:1361} INFO - Starting attempt 1 of 1
[2023-11-30T13:03:01.333+0200] {taskinstance.py:1382} INFO - Executing <Task(PythonOperator): create_table> on 2023-11-30 02:00:00+00:00
[2023-11-30T13:03:01.336+0200] {standard_task_runner.py:57} INFO - Started process 21244 to run task
[2023-11-30T13:03:01.340+0200] {standard_task_runner.py:84} INFO - Running: ['airflow', 'tasks', 'run', 'weather_data_pipeline', 'create_table', 'scheduled__2023-11-30T02:00:00+00:00', '--job-id', '151', '--raw', '--subdir', 'DAGS_FOLDER/weather_pipeline.py', '--cfg-path', '/tmp/tmp345dmksw']
[2023-11-30T13:03:01.343+0200] {standard_task_runner.py:85} INFO - Job 151: Subtask create_table
[2023-11-30T13:03:01.386+0200] {task_command.py:416} INFO - Running <TaskInstance: weather_data_pipeline.create_table scheduled__2023-11-30T02:00:00+00:00 [running]> on host DESKTOP-VD1PANR.
[2023-11-30T13:03:01.513+0200] {taskinstance.py:1662} INFO - Exporting env vars: AIRFLOW_CTX_DAG_OWNER='airflow' AIRFLOW_CTX_DAG_ID='weather_data_pipeline' AIRFLOW_CTX_TASK_ID='create_table' AIRFLOW_CTX_EXECUTION_DATE='2023-11-30T02:00:00+00:00' AIRFLOW_CTX_TRY_NUMBER='1' AIRFLOW_CTX_DAG_RUN_ID='scheduled__2023-11-30T02:00:00+00:00'
[2023-11-30T13:03:01.514+0200] {python.py:194} INFO - Done. Returned value was: None
[2023-11-30T13:03:01.518+0200] {taskinstance.py:1400} INFO - Marking task as SUCCESS. dag_id=weather_data_pipeline, task_id=create_table, execution_date=20231130T020000, start_date=20231130T110301, end_date=20231130T110301
[2023-11-30T13:03:01.570+0200] {local_task_job_runner.py:228} INFO - Task exited with return code 0
[2023-11-30T13:03:01.654+0200] {taskinstance.py:2778} INFO - 5 downstream tasks scheduled from follow-on schedule check
[2023-11-30T13:14:45.116+0200] {taskinstance.py:1159} INFO - Dependencies all met for dep_context=non-requeueable deps ti=<TaskInstance: weather_data_pipeline.create_table scheduled__2023-11-30T02:00:00+00:00 [queued]>
[2023-11-30T13:14:45.123+0200] {taskinstance.py:1159} INFO - Dependencies all met for dep_context=requeueable deps ti=<TaskInstance: weather_data_pipeline.create_table scheduled__2023-11-30T02:00:00+00:00 [queued]>
[2023-11-30T13:14:45.123+0200] {taskinstance.py:1361} INFO - Starting attempt 1 of 1
[2023-11-30T13:14:45.144+0200] {taskinstance.py:1382} INFO - Executing <Task(PythonOperator): create_table> on 2023-11-30 02:00:00+00:00
[2023-11-30T13:14:45.146+0200] {standard_task_runner.py:57} INFO - Started process 22554 to run task
[2023-11-30T13:14:45.150+0200] {standard_task_runner.py:84} INFO - Running: ['airflow', 'tasks', 'run', 'weather_data_pipeline', 'create_table', 'scheduled__2023-11-30T02:00:00+00:00', '--job-id', '176', '--raw', '--subdir', 'DAGS_FOLDER/weather_pipeline.py', '--cfg-path', '/tmp/tmp3_y5qx3x']
[2023-11-30T13:14:45.152+0200] {standard_task_runner.py:85} INFO - Job 176: Subtask create_table
[2023-11-30T13:14:45.193+0200] {task_command.py:416} INFO - Running <TaskInstance: weather_data_pipeline.create_table scheduled__2023-11-30T02:00:00+00:00 [running]> on host DESKTOP-VD1PANR.
[2023-11-30T13:14:45.309+0200] {taskinstance.py:1662} INFO - Exporting env vars: AIRFLOW_CTX_DAG_OWNER='airflow' AIRFLOW_CTX_DAG_ID='weather_data_pipeline' AIRFLOW_CTX_TASK_ID='create_table' AIRFLOW_CTX_EXECUTION_DATE='2023-11-30T02:00:00+00:00' AIRFLOW_CTX_TRY_NUMBER='1' AIRFLOW_CTX_DAG_RUN_ID='scheduled__2023-11-30T02:00:00+00:00'
[2023-11-30T13:14:45.310+0200] {python.py:194} INFO - Done. Returned value was: None
[2023-11-30T13:14:45.314+0200] {taskinstance.py:1400} INFO - Marking task as SUCCESS. dag_id=weather_data_pipeline, task_id=create_table, execution_date=20231130T020000, start_date=20231130T111445, end_date=20231130T111445
[2023-11-30T13:14:45.371+0200] {local_task_job_runner.py:228} INFO - Task exited with return code 0
[2023-11-30T13:14:45.448+0200] {taskinstance.py:2778} INFO - 5 downstream tasks scheduled from follow-on schedule check
[2023-11-30T13:24:32.656+0200] {taskinstance.py:1159} INFO - Dependencies all met for dep_context=non-requeueable deps ti=<TaskInstance: weather_data_pipeline.create_table scheduled__2023-11-30T02:00:00+00:00 [queued]>
[2023-11-30T13:24:32.669+0200] {taskinstance.py:1159} INFO - Dependencies all met for dep_context=requeueable deps ti=<TaskInstance: weather_data_pipeline.create_table scheduled__2023-11-30T02:00:00+00:00 [queued]>
[2023-11-30T13:24:32.669+0200] {taskinstance.py:1361} INFO - Starting attempt 1 of 1
[2023-11-30T13:24:32.694+0200] {taskinstance.py:1382} INFO - Executing <Task(PythonOperator): create_table> on 2023-11-30 02:00:00+00:00
[2023-11-30T13:24:32.696+0200] {standard_task_runner.py:57} INFO - Started process 23765 to run task
[2023-11-30T13:24:32.702+0200] {standard_task_runner.py:84} INFO - Running: ['airflow', 'tasks', 'run', 'weather_data_pipeline', 'create_table', 'scheduled__2023-11-30T02:00:00+00:00', '--job-id', '248', '--raw', '--subdir', 'DAGS_FOLDER/weather_pipeline.py', '--cfg-path', '/tmp/tmp3alpxdgv']
[2023-11-30T13:24:32.704+0200] {standard_task_runner.py:85} INFO - Job 248: Subtask create_table
[2023-11-30T13:24:32.750+0200] {task_command.py:416} INFO - Running <TaskInstance: weather_data_pipeline.create_table scheduled__2023-11-30T02:00:00+00:00 [running]> on host DESKTOP-VD1PANR.
[2023-11-30T13:24:32.880+0200] {taskinstance.py:1662} INFO - Exporting env vars: AIRFLOW_CTX_DAG_OWNER='airflow' AIRFLOW_CTX_DAG_ID='weather_data_pipeline' AIRFLOW_CTX_TASK_ID='create_table' AIRFLOW_CTX_EXECUTION_DATE='2023-11-30T02:00:00+00:00' AIRFLOW_CTX_TRY_NUMBER='1' AIRFLOW_CTX_DAG_RUN_ID='scheduled__2023-11-30T02:00:00+00:00'
[2023-11-30T13:24:32.881+0200] {python.py:194} INFO - Done. Returned value was: None
[2023-11-30T13:24:32.887+0200] {taskinstance.py:1400} INFO - Marking task as SUCCESS. dag_id=weather_data_pipeline, task_id=create_table, execution_date=20231130T020000, start_date=20231130T112432, end_date=20231130T112432
[2023-11-30T13:24:32.931+0200] {local_task_job_runner.py:228} INFO - Task exited with return code 0
[2023-11-30T13:24:33.014+0200] {taskinstance.py:2778} INFO - 5 downstream tasks scheduled from follow-on schedule check
