[2023-11-30T02:14:13.781+0200] {processor.py:157} INFO - Started process (PID=1314) to work on /home/seva/UCU/AutomatedDataPipelines/Homework1/venv/lib/python3.10/site-packages/airflow/example_dags/subdags/subdag.py
[2023-11-30T02:14:13.782+0200] {processor.py:829} INFO - Processing file /home/seva/UCU/AutomatedDataPipelines/Homework1/venv/lib/python3.10/site-packages/airflow/example_dags/subdags/subdag.py for tasks to queue
[2023-11-30T02:14:13.783+0200] {logging_mixin.py:154} INFO - [2023-11-30T02:14:13.782+0200] {dagbag.py:536} INFO - Filling up the DagBag from /home/seva/UCU/AutomatedDataPipelines/Homework1/venv/lib/python3.10/site-packages/airflow/example_dags/subdags/subdag.py
[2023-11-30T02:14:13.785+0200] {processor.py:841} WARNING - No viable dags retrieved from /home/seva/UCU/AutomatedDataPipelines/Homework1/venv/lib/python3.10/site-packages/airflow/example_dags/subdags/subdag.py
[2023-11-30T02:14:13.794+0200] {processor.py:179} INFO - Processing /home/seva/UCU/AutomatedDataPipelines/Homework1/venv/lib/python3.10/site-packages/airflow/example_dags/subdags/subdag.py took 0.015 seconds
[2023-11-30T02:15:01.847+0200] {processor.py:157} INFO - Started process (PID=1479) to work on /home/seva/UCU/AutomatedDataPipelines/Homework1/venv/lib/python3.10/site-packages/airflow/example_dags/subdags/subdag.py
[2023-11-30T02:15:01.849+0200] {processor.py:829} INFO - Processing file /home/seva/UCU/AutomatedDataPipelines/Homework1/venv/lib/python3.10/site-packages/airflow/example_dags/subdags/subdag.py for tasks to queue
[2023-11-30T02:15:01.850+0200] {logging_mixin.py:154} INFO - [2023-11-30T02:15:01.849+0200] {dagbag.py:536} INFO - Filling up the DagBag from /home/seva/UCU/AutomatedDataPipelines/Homework1/venv/lib/python3.10/site-packages/airflow/example_dags/subdags/subdag.py
[2023-11-30T02:15:01.852+0200] {processor.py:841} WARNING - No viable dags retrieved from /home/seva/UCU/AutomatedDataPipelines/Homework1/venv/lib/python3.10/site-packages/airflow/example_dags/subdags/subdag.py
[2023-11-30T02:15:01.860+0200] {processor.py:179} INFO - Processing /home/seva/UCU/AutomatedDataPipelines/Homework1/venv/lib/python3.10/site-packages/airflow/example_dags/subdags/subdag.py took 0.016 seconds
[2023-11-30T02:15:48.232+0200] {processor.py:157} INFO - Started process (PID=1660) to work on /home/seva/UCU/AutomatedDataPipelines/Homework1/venv/lib/python3.10/site-packages/airflow/example_dags/subdags/subdag.py
[2023-11-30T02:15:48.235+0200] {processor.py:829} INFO - Processing file /home/seva/UCU/AutomatedDataPipelines/Homework1/venv/lib/python3.10/site-packages/airflow/example_dags/subdags/subdag.py for tasks to queue
[2023-11-30T02:15:48.235+0200] {logging_mixin.py:154} INFO - [2023-11-30T02:15:48.235+0200] {dagbag.py:536} INFO - Filling up the DagBag from /home/seva/UCU/AutomatedDataPipelines/Homework1/venv/lib/python3.10/site-packages/airflow/example_dags/subdags/subdag.py
[2023-11-30T02:15:48.237+0200] {processor.py:841} WARNING - No viable dags retrieved from /home/seva/UCU/AutomatedDataPipelines/Homework1/venv/lib/python3.10/site-packages/airflow/example_dags/subdags/subdag.py
[2023-11-30T02:15:48.246+0200] {processor.py:179} INFO - Processing /home/seva/UCU/AutomatedDataPipelines/Homework1/venv/lib/python3.10/site-packages/airflow/example_dags/subdags/subdag.py took 0.016 seconds
[2023-11-30T02:16:35.747+0200] {processor.py:157} INFO - Started process (PID=1846) to work on /home/seva/UCU/AutomatedDataPipelines/Homework1/venv/lib/python3.10/site-packages/airflow/example_dags/subdags/subdag.py
[2023-11-30T02:16:35.759+0200] {processor.py:829} INFO - Processing file /home/seva/UCU/AutomatedDataPipelines/Homework1/venv/lib/python3.10/site-packages/airflow/example_dags/subdags/subdag.py for tasks to queue
[2023-11-30T02:16:35.760+0200] {logging_mixin.py:154} INFO - [2023-11-30T02:16:35.760+0200] {dagbag.py:536} INFO - Filling up the DagBag from /home/seva/UCU/AutomatedDataPipelines/Homework1/venv/lib/python3.10/site-packages/airflow/example_dags/subdags/subdag.py
[2023-11-30T02:16:35.763+0200] {processor.py:841} WARNING - No viable dags retrieved from /home/seva/UCU/AutomatedDataPipelines/Homework1/venv/lib/python3.10/site-packages/airflow/example_dags/subdags/subdag.py
[2023-11-30T02:16:35.771+0200] {processor.py:179} INFO - Processing /home/seva/UCU/AutomatedDataPipelines/Homework1/venv/lib/python3.10/site-packages/airflow/example_dags/subdags/subdag.py took 0.026 seconds
[2023-11-30T02:17:31.346+0200] {processor.py:157} INFO - Started process (PID=2076) to work on /home/seva/UCU/AutomatedDataPipelines/Homework1/venv/lib/python3.10/site-packages/airflow/example_dags/subdags/subdag.py
[2023-11-30T02:17:31.357+0200] {processor.py:829} INFO - Processing file /home/seva/UCU/AutomatedDataPipelines/Homework1/venv/lib/python3.10/site-packages/airflow/example_dags/subdags/subdag.py for tasks to queue
[2023-11-30T02:17:31.358+0200] {logging_mixin.py:154} INFO - [2023-11-30T02:17:31.358+0200] {dagbag.py:536} INFO - Filling up the DagBag from /home/seva/UCU/AutomatedDataPipelines/Homework1/venv/lib/python3.10/site-packages/airflow/example_dags/subdags/subdag.py
[2023-11-30T02:17:31.361+0200] {processor.py:841} WARNING - No viable dags retrieved from /home/seva/UCU/AutomatedDataPipelines/Homework1/venv/lib/python3.10/site-packages/airflow/example_dags/subdags/subdag.py
[2023-11-30T02:17:31.372+0200] {processor.py:179} INFO - Processing /home/seva/UCU/AutomatedDataPipelines/Homework1/venv/lib/python3.10/site-packages/airflow/example_dags/subdags/subdag.py took 0.029 seconds
[2023-11-30T02:18:15.872+0200] {processor.py:157} INFO - Started process (PID=2254) to work on /home/seva/UCU/AutomatedDataPipelines/Homework1/venv/lib/python3.10/site-packages/airflow/example_dags/subdags/subdag.py
[2023-11-30T02:18:15.881+0200] {processor.py:829} INFO - Processing file /home/seva/UCU/AutomatedDataPipelines/Homework1/venv/lib/python3.10/site-packages/airflow/example_dags/subdags/subdag.py for tasks to queue
[2023-11-30T02:18:15.882+0200] {logging_mixin.py:154} INFO - [2023-11-30T02:18:15.882+0200] {dagbag.py:536} INFO - Filling up the DagBag from /home/seva/UCU/AutomatedDataPipelines/Homework1/venv/lib/python3.10/site-packages/airflow/example_dags/subdags/subdag.py
[2023-11-30T02:18:15.884+0200] {processor.py:841} WARNING - No viable dags retrieved from /home/seva/UCU/AutomatedDataPipelines/Homework1/venv/lib/python3.10/site-packages/airflow/example_dags/subdags/subdag.py
[2023-11-30T02:18:15.894+0200] {processor.py:179} INFO - Processing /home/seva/UCU/AutomatedDataPipelines/Homework1/venv/lib/python3.10/site-packages/airflow/example_dags/subdags/subdag.py took 0.025 seconds
[2023-11-30T02:19:10.262+0200] {processor.py:157} INFO - Started process (PID=2468) to work on /home/seva/UCU/AutomatedDataPipelines/Homework1/venv/lib/python3.10/site-packages/airflow/example_dags/subdags/subdag.py
[2023-11-30T02:19:10.263+0200] {processor.py:829} INFO - Processing file /home/seva/UCU/AutomatedDataPipelines/Homework1/venv/lib/python3.10/site-packages/airflow/example_dags/subdags/subdag.py for tasks to queue
[2023-11-30T02:19:10.264+0200] {logging_mixin.py:154} INFO - [2023-11-30T02:19:10.264+0200] {dagbag.py:536} INFO - Filling up the DagBag from /home/seva/UCU/AutomatedDataPipelines/Homework1/venv/lib/python3.10/site-packages/airflow/example_dags/subdags/subdag.py
[2023-11-30T02:19:10.267+0200] {processor.py:841} WARNING - No viable dags retrieved from /home/seva/UCU/AutomatedDataPipelines/Homework1/venv/lib/python3.10/site-packages/airflow/example_dags/subdags/subdag.py
[2023-11-30T02:19:10.276+0200] {processor.py:179} INFO - Processing /home/seva/UCU/AutomatedDataPipelines/Homework1/venv/lib/python3.10/site-packages/airflow/example_dags/subdags/subdag.py took 0.018 seconds
[2023-11-30T02:19:54.810+0200] {processor.py:157} INFO - Started process (PID=2649) to work on /home/seva/UCU/AutomatedDataPipelines/Homework1/venv/lib/python3.10/site-packages/airflow/example_dags/subdags/subdag.py
[2023-11-30T02:19:54.822+0200] {processor.py:829} INFO - Processing file /home/seva/UCU/AutomatedDataPipelines/Homework1/venv/lib/python3.10/site-packages/airflow/example_dags/subdags/subdag.py for tasks to queue
[2023-11-30T02:19:54.823+0200] {logging_mixin.py:154} INFO - [2023-11-30T02:19:54.823+0200] {dagbag.py:536} INFO - Filling up the DagBag from /home/seva/UCU/AutomatedDataPipelines/Homework1/venv/lib/python3.10/site-packages/airflow/example_dags/subdags/subdag.py
[2023-11-30T02:19:54.825+0200] {processor.py:841} WARNING - No viable dags retrieved from /home/seva/UCU/AutomatedDataPipelines/Homework1/venv/lib/python3.10/site-packages/airflow/example_dags/subdags/subdag.py
[2023-11-30T02:19:54.834+0200] {processor.py:179} INFO - Processing /home/seva/UCU/AutomatedDataPipelines/Homework1/venv/lib/python3.10/site-packages/airflow/example_dags/subdags/subdag.py took 0.027 seconds
[2023-11-30T02:20:55.728+0200] {processor.py:157} INFO - Started process (PID=2885) to work on /home/seva/UCU/AutomatedDataPipelines/Homework1/venv/lib/python3.10/site-packages/airflow/example_dags/subdags/subdag.py
[2023-11-30T02:20:55.740+0200] {processor.py:829} INFO - Processing file /home/seva/UCU/AutomatedDataPipelines/Homework1/venv/lib/python3.10/site-packages/airflow/example_dags/subdags/subdag.py for tasks to queue
[2023-11-30T02:20:55.741+0200] {logging_mixin.py:154} INFO - [2023-11-30T02:20:55.740+0200] {dagbag.py:536} INFO - Filling up the DagBag from /home/seva/UCU/AutomatedDataPipelines/Homework1/venv/lib/python3.10/site-packages/airflow/example_dags/subdags/subdag.py
[2023-11-30T02:20:55.743+0200] {processor.py:841} WARNING - No viable dags retrieved from /home/seva/UCU/AutomatedDataPipelines/Homework1/venv/lib/python3.10/site-packages/airflow/example_dags/subdags/subdag.py
[2023-11-30T02:20:55.752+0200] {processor.py:179} INFO - Processing /home/seva/UCU/AutomatedDataPipelines/Homework1/venv/lib/python3.10/site-packages/airflow/example_dags/subdags/subdag.py took 0.026 seconds
[2023-11-30T02:21:40.409+0200] {processor.py:157} INFO - Started process (PID=3064) to work on /home/seva/UCU/AutomatedDataPipelines/Homework1/venv/lib/python3.10/site-packages/airflow/example_dags/subdags/subdag.py
[2023-11-30T02:21:40.421+0200] {processor.py:829} INFO - Processing file /home/seva/UCU/AutomatedDataPipelines/Homework1/venv/lib/python3.10/site-packages/airflow/example_dags/subdags/subdag.py for tasks to queue
[2023-11-30T02:21:40.422+0200] {logging_mixin.py:154} INFO - [2023-11-30T02:21:40.422+0200] {dagbag.py:536} INFO - Filling up the DagBag from /home/seva/UCU/AutomatedDataPipelines/Homework1/venv/lib/python3.10/site-packages/airflow/example_dags/subdags/subdag.py
[2023-11-30T02:21:40.425+0200] {processor.py:841} WARNING - No viable dags retrieved from /home/seva/UCU/AutomatedDataPipelines/Homework1/venv/lib/python3.10/site-packages/airflow/example_dags/subdags/subdag.py
[2023-11-30T02:21:40.434+0200] {processor.py:179} INFO - Processing /home/seva/UCU/AutomatedDataPipelines/Homework1/venv/lib/python3.10/site-packages/airflow/example_dags/subdags/subdag.py took 0.027 seconds
[2023-11-30T02:22:37.715+0200] {processor.py:157} INFO - Started process (PID=3288) to work on /home/seva/UCU/AutomatedDataPipelines/Homework1/venv/lib/python3.10/site-packages/airflow/example_dags/subdags/subdag.py
[2023-11-30T02:22:37.727+0200] {processor.py:829} INFO - Processing file /home/seva/UCU/AutomatedDataPipelines/Homework1/venv/lib/python3.10/site-packages/airflow/example_dags/subdags/subdag.py for tasks to queue
[2023-11-30T02:22:37.728+0200] {logging_mixin.py:154} INFO - [2023-11-30T02:22:37.728+0200] {dagbag.py:536} INFO - Filling up the DagBag from /home/seva/UCU/AutomatedDataPipelines/Homework1/venv/lib/python3.10/site-packages/airflow/example_dags/subdags/subdag.py
[2023-11-30T02:22:37.730+0200] {processor.py:841} WARNING - No viable dags retrieved from /home/seva/UCU/AutomatedDataPipelines/Homework1/venv/lib/python3.10/site-packages/airflow/example_dags/subdags/subdag.py
[2023-11-30T02:22:37.739+0200] {processor.py:179} INFO - Processing /home/seva/UCU/AutomatedDataPipelines/Homework1/venv/lib/python3.10/site-packages/airflow/example_dags/subdags/subdag.py took 0.028 seconds
[2023-11-30T02:23:24.188+0200] {processor.py:157} INFO - Started process (PID=3475) to work on /home/seva/UCU/AutomatedDataPipelines/Homework1/venv/lib/python3.10/site-packages/airflow/example_dags/subdags/subdag.py
[2023-11-30T02:23:24.200+0200] {processor.py:829} INFO - Processing file /home/seva/UCU/AutomatedDataPipelines/Homework1/venv/lib/python3.10/site-packages/airflow/example_dags/subdags/subdag.py for tasks to queue
[2023-11-30T02:23:24.201+0200] {logging_mixin.py:154} INFO - [2023-11-30T02:23:24.200+0200] {dagbag.py:536} INFO - Filling up the DagBag from /home/seva/UCU/AutomatedDataPipelines/Homework1/venv/lib/python3.10/site-packages/airflow/example_dags/subdags/subdag.py
[2023-11-30T02:23:24.202+0200] {processor.py:841} WARNING - No viable dags retrieved from /home/seva/UCU/AutomatedDataPipelines/Homework1/venv/lib/python3.10/site-packages/airflow/example_dags/subdags/subdag.py
[2023-11-30T02:23:24.212+0200] {processor.py:179} INFO - Processing /home/seva/UCU/AutomatedDataPipelines/Homework1/venv/lib/python3.10/site-packages/airflow/example_dags/subdags/subdag.py took 0.026 seconds
[2023-11-30T02:24:23.558+0200] {processor.py:157} INFO - Started process (PID=3709) to work on /home/seva/UCU/AutomatedDataPipelines/Homework1/venv/lib/python3.10/site-packages/airflow/example_dags/subdags/subdag.py
[2023-11-30T02:24:23.569+0200] {processor.py:829} INFO - Processing file /home/seva/UCU/AutomatedDataPipelines/Homework1/venv/lib/python3.10/site-packages/airflow/example_dags/subdags/subdag.py for tasks to queue
[2023-11-30T02:24:23.570+0200] {logging_mixin.py:154} INFO - [2023-11-30T02:24:23.570+0200] {dagbag.py:536} INFO - Filling up the DagBag from /home/seva/UCU/AutomatedDataPipelines/Homework1/venv/lib/python3.10/site-packages/airflow/example_dags/subdags/subdag.py
[2023-11-30T02:24:23.572+0200] {processor.py:841} WARNING - No viable dags retrieved from /home/seva/UCU/AutomatedDataPipelines/Homework1/venv/lib/python3.10/site-packages/airflow/example_dags/subdags/subdag.py
[2023-11-30T02:24:23.581+0200] {processor.py:179} INFO - Processing /home/seva/UCU/AutomatedDataPipelines/Homework1/venv/lib/python3.10/site-packages/airflow/example_dags/subdags/subdag.py took 0.026 seconds
[2023-11-30T02:25:13.469+0200] {processor.py:157} INFO - Started process (PID=3906) to work on /home/seva/UCU/AutomatedDataPipelines/Homework1/venv/lib/python3.10/site-packages/airflow/example_dags/subdags/subdag.py
[2023-11-30T02:25:13.481+0200] {processor.py:829} INFO - Processing file /home/seva/UCU/AutomatedDataPipelines/Homework1/venv/lib/python3.10/site-packages/airflow/example_dags/subdags/subdag.py for tasks to queue
[2023-11-30T02:25:13.482+0200] {logging_mixin.py:154} INFO - [2023-11-30T02:25:13.481+0200] {dagbag.py:536} INFO - Filling up the DagBag from /home/seva/UCU/AutomatedDataPipelines/Homework1/venv/lib/python3.10/site-packages/airflow/example_dags/subdags/subdag.py
[2023-11-30T02:25:13.484+0200] {processor.py:841} WARNING - No viable dags retrieved from /home/seva/UCU/AutomatedDataPipelines/Homework1/venv/lib/python3.10/site-packages/airflow/example_dags/subdags/subdag.py
[2023-11-30T02:25:13.493+0200] {processor.py:179} INFO - Processing /home/seva/UCU/AutomatedDataPipelines/Homework1/venv/lib/python3.10/site-packages/airflow/example_dags/subdags/subdag.py took 0.026 seconds
[2023-11-30T02:26:07.636+0200] {processor.py:157} INFO - Started process (PID=4119) to work on /home/seva/UCU/AutomatedDataPipelines/Homework1/venv/lib/python3.10/site-packages/airflow/example_dags/subdags/subdag.py
[2023-11-30T02:26:07.648+0200] {processor.py:829} INFO - Processing file /home/seva/UCU/AutomatedDataPipelines/Homework1/venv/lib/python3.10/site-packages/airflow/example_dags/subdags/subdag.py for tasks to queue
[2023-11-30T02:26:07.649+0200] {logging_mixin.py:154} INFO - [2023-11-30T02:26:07.649+0200] {dagbag.py:536} INFO - Filling up the DagBag from /home/seva/UCU/AutomatedDataPipelines/Homework1/venv/lib/python3.10/site-packages/airflow/example_dags/subdags/subdag.py
[2023-11-30T02:26:07.651+0200] {processor.py:841} WARNING - No viable dags retrieved from /home/seva/UCU/AutomatedDataPipelines/Homework1/venv/lib/python3.10/site-packages/airflow/example_dags/subdags/subdag.py
[2023-11-30T02:26:07.661+0200] {processor.py:179} INFO - Processing /home/seva/UCU/AutomatedDataPipelines/Homework1/venv/lib/python3.10/site-packages/airflow/example_dags/subdags/subdag.py took 0.028 seconds
[2023-11-30T02:26:59.202+0200] {processor.py:157} INFO - Started process (PID=4321) to work on /home/seva/UCU/AutomatedDataPipelines/Homework1/venv/lib/python3.10/site-packages/airflow/example_dags/subdags/subdag.py
[2023-11-30T02:26:59.213+0200] {processor.py:829} INFO - Processing file /home/seva/UCU/AutomatedDataPipelines/Homework1/venv/lib/python3.10/site-packages/airflow/example_dags/subdags/subdag.py for tasks to queue
[2023-11-30T02:26:59.215+0200] {logging_mixin.py:154} INFO - [2023-11-30T02:26:59.214+0200] {dagbag.py:536} INFO - Filling up the DagBag from /home/seva/UCU/AutomatedDataPipelines/Homework1/venv/lib/python3.10/site-packages/airflow/example_dags/subdags/subdag.py
[2023-11-30T02:26:59.217+0200] {processor.py:841} WARNING - No viable dags retrieved from /home/seva/UCU/AutomatedDataPipelines/Homework1/venv/lib/python3.10/site-packages/airflow/example_dags/subdags/subdag.py
[2023-11-30T02:26:59.226+0200] {processor.py:179} INFO - Processing /home/seva/UCU/AutomatedDataPipelines/Homework1/venv/lib/python3.10/site-packages/airflow/example_dags/subdags/subdag.py took 0.027 seconds
[2023-11-30T02:27:48.488+0200] {processor.py:157} INFO - Started process (PID=4515) to work on /home/seva/UCU/AutomatedDataPipelines/Homework1/venv/lib/python3.10/site-packages/airflow/example_dags/subdags/subdag.py
[2023-11-30T02:27:48.490+0200] {processor.py:829} INFO - Processing file /home/seva/UCU/AutomatedDataPipelines/Homework1/venv/lib/python3.10/site-packages/airflow/example_dags/subdags/subdag.py for tasks to queue
[2023-11-30T02:27:48.491+0200] {logging_mixin.py:154} INFO - [2023-11-30T02:27:48.490+0200] {dagbag.py:536} INFO - Filling up the DagBag from /home/seva/UCU/AutomatedDataPipelines/Homework1/venv/lib/python3.10/site-packages/airflow/example_dags/subdags/subdag.py
[2023-11-30T02:27:48.492+0200] {processor.py:841} WARNING - No viable dags retrieved from /home/seva/UCU/AutomatedDataPipelines/Homework1/venv/lib/python3.10/site-packages/airflow/example_dags/subdags/subdag.py
[2023-11-30T02:27:48.501+0200] {processor.py:179} INFO - Processing /home/seva/UCU/AutomatedDataPipelines/Homework1/venv/lib/python3.10/site-packages/airflow/example_dags/subdags/subdag.py took 0.016 seconds
[2023-11-30T02:28:32.877+0200] {processor.py:157} INFO - Started process (PID=4688) to work on /home/seva/UCU/AutomatedDataPipelines/Homework1/venv/lib/python3.10/site-packages/airflow/example_dags/subdags/subdag.py
[2023-11-30T02:28:32.889+0200] {processor.py:829} INFO - Processing file /home/seva/UCU/AutomatedDataPipelines/Homework1/venv/lib/python3.10/site-packages/airflow/example_dags/subdags/subdag.py for tasks to queue
[2023-11-30T02:28:32.890+0200] {logging_mixin.py:154} INFO - [2023-11-30T02:28:32.890+0200] {dagbag.py:536} INFO - Filling up the DagBag from /home/seva/UCU/AutomatedDataPipelines/Homework1/venv/lib/python3.10/site-packages/airflow/example_dags/subdags/subdag.py
[2023-11-30T02:28:32.892+0200] {processor.py:841} WARNING - No viable dags retrieved from /home/seva/UCU/AutomatedDataPipelines/Homework1/venv/lib/python3.10/site-packages/airflow/example_dags/subdags/subdag.py
[2023-11-30T02:28:32.901+0200] {processor.py:179} INFO - Processing /home/seva/UCU/AutomatedDataPipelines/Homework1/venv/lib/python3.10/site-packages/airflow/example_dags/subdags/subdag.py took 0.027 seconds
[2023-11-30T02:29:18.269+0200] {processor.py:157} INFO - Started process (PID=4868) to work on /home/seva/UCU/AutomatedDataPipelines/Homework1/venv/lib/python3.10/site-packages/airflow/example_dags/subdags/subdag.py
[2023-11-30T02:29:18.281+0200] {processor.py:829} INFO - Processing file /home/seva/UCU/AutomatedDataPipelines/Homework1/venv/lib/python3.10/site-packages/airflow/example_dags/subdags/subdag.py for tasks to queue
[2023-11-30T02:29:18.282+0200] {logging_mixin.py:154} INFO - [2023-11-30T02:29:18.281+0200] {dagbag.py:536} INFO - Filling up the DagBag from /home/seva/UCU/AutomatedDataPipelines/Homework1/venv/lib/python3.10/site-packages/airflow/example_dags/subdags/subdag.py
[2023-11-30T02:29:18.284+0200] {processor.py:841} WARNING - No viable dags retrieved from /home/seva/UCU/AutomatedDataPipelines/Homework1/venv/lib/python3.10/site-packages/airflow/example_dags/subdags/subdag.py
[2023-11-30T02:29:18.293+0200] {processor.py:179} INFO - Processing /home/seva/UCU/AutomatedDataPipelines/Homework1/venv/lib/python3.10/site-packages/airflow/example_dags/subdags/subdag.py took 0.027 seconds
[2023-11-30T02:30:17.668+0200] {processor.py:157} INFO - Started process (PID=5105) to work on /home/seva/UCU/AutomatedDataPipelines/Homework1/venv/lib/python3.10/site-packages/airflow/example_dags/subdags/subdag.py
[2023-11-30T02:30:17.681+0200] {processor.py:829} INFO - Processing file /home/seva/UCU/AutomatedDataPipelines/Homework1/venv/lib/python3.10/site-packages/airflow/example_dags/subdags/subdag.py for tasks to queue
[2023-11-30T02:30:17.683+0200] {logging_mixin.py:154} INFO - [2023-11-30T02:30:17.682+0200] {dagbag.py:536} INFO - Filling up the DagBag from /home/seva/UCU/AutomatedDataPipelines/Homework1/venv/lib/python3.10/site-packages/airflow/example_dags/subdags/subdag.py
[2023-11-30T02:30:17.685+0200] {processor.py:841} WARNING - No viable dags retrieved from /home/seva/UCU/AutomatedDataPipelines/Homework1/venv/lib/python3.10/site-packages/airflow/example_dags/subdags/subdag.py
[2023-11-30T02:30:17.694+0200] {processor.py:179} INFO - Processing /home/seva/UCU/AutomatedDataPipelines/Homework1/venv/lib/python3.10/site-packages/airflow/example_dags/subdags/subdag.py took 0.028 seconds
[2023-11-30T02:31:03.097+0200] {processor.py:157} INFO - Started process (PID=5284) to work on /home/seva/UCU/AutomatedDataPipelines/Homework1/venv/lib/python3.10/site-packages/airflow/example_dags/subdags/subdag.py
[2023-11-30T02:31:03.110+0200] {processor.py:829} INFO - Processing file /home/seva/UCU/AutomatedDataPipelines/Homework1/venv/lib/python3.10/site-packages/airflow/example_dags/subdags/subdag.py for tasks to queue
[2023-11-30T02:31:03.111+0200] {logging_mixin.py:154} INFO - [2023-11-30T02:31:03.111+0200] {dagbag.py:536} INFO - Filling up the DagBag from /home/seva/UCU/AutomatedDataPipelines/Homework1/venv/lib/python3.10/site-packages/airflow/example_dags/subdags/subdag.py
[2023-11-30T02:31:03.113+0200] {processor.py:841} WARNING - No viable dags retrieved from /home/seva/UCU/AutomatedDataPipelines/Homework1/venv/lib/python3.10/site-packages/airflow/example_dags/subdags/subdag.py
[2023-11-30T02:31:03.123+0200] {processor.py:179} INFO - Processing /home/seva/UCU/AutomatedDataPipelines/Homework1/venv/lib/python3.10/site-packages/airflow/example_dags/subdags/subdag.py took 0.029 seconds
[2023-11-30T02:31:48.902+0200] {processor.py:157} INFO - Started process (PID=5464) to work on /home/seva/UCU/AutomatedDataPipelines/Homework1/venv/lib/python3.10/site-packages/airflow/example_dags/subdags/subdag.py
[2023-11-30T02:31:48.914+0200] {processor.py:829} INFO - Processing file /home/seva/UCU/AutomatedDataPipelines/Homework1/venv/lib/python3.10/site-packages/airflow/example_dags/subdags/subdag.py for tasks to queue
[2023-11-30T02:31:48.915+0200] {logging_mixin.py:154} INFO - [2023-11-30T02:31:48.915+0200] {dagbag.py:536} INFO - Filling up the DagBag from /home/seva/UCU/AutomatedDataPipelines/Homework1/venv/lib/python3.10/site-packages/airflow/example_dags/subdags/subdag.py
[2023-11-30T02:31:48.918+0200] {processor.py:841} WARNING - No viable dags retrieved from /home/seva/UCU/AutomatedDataPipelines/Homework1/venv/lib/python3.10/site-packages/airflow/example_dags/subdags/subdag.py
[2023-11-30T02:31:48.928+0200] {processor.py:179} INFO - Processing /home/seva/UCU/AutomatedDataPipelines/Homework1/venv/lib/python3.10/site-packages/airflow/example_dags/subdags/subdag.py took 0.028 seconds
[2023-11-30T02:32:49.189+0200] {processor.py:157} INFO - Started process (PID=5730) to work on /home/seva/UCU/AutomatedDataPipelines/Homework1/venv/lib/python3.10/site-packages/airflow/example_dags/subdags/subdag.py
[2023-11-30T02:32:49.201+0200] {processor.py:829} INFO - Processing file /home/seva/UCU/AutomatedDataPipelines/Homework1/venv/lib/python3.10/site-packages/airflow/example_dags/subdags/subdag.py for tasks to queue
[2023-11-30T02:32:49.203+0200] {logging_mixin.py:154} INFO - [2023-11-30T02:32:49.202+0200] {dagbag.py:536} INFO - Filling up the DagBag from /home/seva/UCU/AutomatedDataPipelines/Homework1/venv/lib/python3.10/site-packages/airflow/example_dags/subdags/subdag.py
[2023-11-30T02:32:49.205+0200] {processor.py:841} WARNING - No viable dags retrieved from /home/seva/UCU/AutomatedDataPipelines/Homework1/venv/lib/python3.10/site-packages/airflow/example_dags/subdags/subdag.py
[2023-11-30T02:32:49.219+0200] {processor.py:179} INFO - Processing /home/seva/UCU/AutomatedDataPipelines/Homework1/venv/lib/python3.10/site-packages/airflow/example_dags/subdags/subdag.py took 0.035 seconds
[2023-11-30T02:33:36.004+0200] {processor.py:157} INFO - Started process (PID=5916) to work on /home/seva/UCU/AutomatedDataPipelines/Homework1/venv/lib/python3.10/site-packages/airflow/example_dags/subdags/subdag.py
[2023-11-30T02:33:36.017+0200] {processor.py:829} INFO - Processing file /home/seva/UCU/AutomatedDataPipelines/Homework1/venv/lib/python3.10/site-packages/airflow/example_dags/subdags/subdag.py for tasks to queue
[2023-11-30T02:33:36.018+0200] {logging_mixin.py:154} INFO - [2023-11-30T02:33:36.017+0200] {dagbag.py:536} INFO - Filling up the DagBag from /home/seva/UCU/AutomatedDataPipelines/Homework1/venv/lib/python3.10/site-packages/airflow/example_dags/subdags/subdag.py
[2023-11-30T02:33:36.020+0200] {processor.py:841} WARNING - No viable dags retrieved from /home/seva/UCU/AutomatedDataPipelines/Homework1/venv/lib/python3.10/site-packages/airflow/example_dags/subdags/subdag.py
[2023-11-30T02:33:36.029+0200] {processor.py:179} INFO - Processing /home/seva/UCU/AutomatedDataPipelines/Homework1/venv/lib/python3.10/site-packages/airflow/example_dags/subdags/subdag.py took 0.028 seconds
[2023-11-30T02:34:24.029+0200] {processor.py:157} INFO - Started process (PID=6107) to work on /home/seva/UCU/AutomatedDataPipelines/Homework1/venv/lib/python3.10/site-packages/airflow/example_dags/subdags/subdag.py
[2023-11-30T02:34:24.031+0200] {processor.py:829} INFO - Processing file /home/seva/UCU/AutomatedDataPipelines/Homework1/venv/lib/python3.10/site-packages/airflow/example_dags/subdags/subdag.py for tasks to queue
[2023-11-30T02:34:24.032+0200] {logging_mixin.py:154} INFO - [2023-11-30T02:34:24.031+0200] {dagbag.py:536} INFO - Filling up the DagBag from /home/seva/UCU/AutomatedDataPipelines/Homework1/venv/lib/python3.10/site-packages/airflow/example_dags/subdags/subdag.py
[2023-11-30T02:34:24.034+0200] {processor.py:841} WARNING - No viable dags retrieved from /home/seva/UCU/AutomatedDataPipelines/Homework1/venv/lib/python3.10/site-packages/airflow/example_dags/subdags/subdag.py
[2023-11-30T02:34:24.051+0200] {processor.py:179} INFO - Processing /home/seva/UCU/AutomatedDataPipelines/Homework1/venv/lib/python3.10/site-packages/airflow/example_dags/subdags/subdag.py took 0.026 seconds
[2023-11-30T02:35:14.876+0200] {processor.py:157} INFO - Started process (PID=6305) to work on /home/seva/UCU/AutomatedDataPipelines/Homework1/venv/lib/python3.10/site-packages/airflow/example_dags/subdags/subdag.py
[2023-11-30T02:35:14.889+0200] {processor.py:829} INFO - Processing file /home/seva/UCU/AutomatedDataPipelines/Homework1/venv/lib/python3.10/site-packages/airflow/example_dags/subdags/subdag.py for tasks to queue
[2023-11-30T02:35:14.890+0200] {logging_mixin.py:154} INFO - [2023-11-30T02:35:14.890+0200] {dagbag.py:536} INFO - Filling up the DagBag from /home/seva/UCU/AutomatedDataPipelines/Homework1/venv/lib/python3.10/site-packages/airflow/example_dags/subdags/subdag.py
[2023-11-30T02:35:14.896+0200] {processor.py:841} WARNING - No viable dags retrieved from /home/seva/UCU/AutomatedDataPipelines/Homework1/venv/lib/python3.10/site-packages/airflow/example_dags/subdags/subdag.py
[2023-11-30T02:35:14.924+0200] {processor.py:179} INFO - Processing /home/seva/UCU/AutomatedDataPipelines/Homework1/venv/lib/python3.10/site-packages/airflow/example_dags/subdags/subdag.py took 0.054 seconds
[2023-11-30T02:35:59.724+0200] {processor.py:157} INFO - Started process (PID=6490) to work on /home/seva/UCU/AutomatedDataPipelines/Homework1/venv/lib/python3.10/site-packages/airflow/example_dags/subdags/subdag.py
[2023-11-30T02:35:59.735+0200] {processor.py:829} INFO - Processing file /home/seva/UCU/AutomatedDataPipelines/Homework1/venv/lib/python3.10/site-packages/airflow/example_dags/subdags/subdag.py for tasks to queue
[2023-11-30T02:35:59.737+0200] {logging_mixin.py:154} INFO - [2023-11-30T02:35:59.736+0200] {dagbag.py:536} INFO - Filling up the DagBag from /home/seva/UCU/AutomatedDataPipelines/Homework1/venv/lib/python3.10/site-packages/airflow/example_dags/subdags/subdag.py
[2023-11-30T02:35:59.739+0200] {processor.py:841} WARNING - No viable dags retrieved from /home/seva/UCU/AutomatedDataPipelines/Homework1/venv/lib/python3.10/site-packages/airflow/example_dags/subdags/subdag.py
[2023-11-30T02:35:59.748+0200] {processor.py:179} INFO - Processing /home/seva/UCU/AutomatedDataPipelines/Homework1/venv/lib/python3.10/site-packages/airflow/example_dags/subdags/subdag.py took 0.028 seconds
[2023-11-30T02:36:45.768+0200] {processor.py:157} INFO - Started process (PID=6669) to work on /home/seva/UCU/AutomatedDataPipelines/Homework1/venv/lib/python3.10/site-packages/airflow/example_dags/subdags/subdag.py
[2023-11-30T02:36:45.780+0200] {processor.py:829} INFO - Processing file /home/seva/UCU/AutomatedDataPipelines/Homework1/venv/lib/python3.10/site-packages/airflow/example_dags/subdags/subdag.py for tasks to queue
[2023-11-30T02:36:45.781+0200] {logging_mixin.py:154} INFO - [2023-11-30T02:36:45.780+0200] {dagbag.py:536} INFO - Filling up the DagBag from /home/seva/UCU/AutomatedDataPipelines/Homework1/venv/lib/python3.10/site-packages/airflow/example_dags/subdags/subdag.py
[2023-11-30T02:36:45.783+0200] {processor.py:841} WARNING - No viable dags retrieved from /home/seva/UCU/AutomatedDataPipelines/Homework1/venv/lib/python3.10/site-packages/airflow/example_dags/subdags/subdag.py
[2023-11-30T02:36:45.793+0200] {processor.py:179} INFO - Processing /home/seva/UCU/AutomatedDataPipelines/Homework1/venv/lib/python3.10/site-packages/airflow/example_dags/subdags/subdag.py took 0.028 seconds
[2023-11-30T02:37:34.189+0200] {processor.py:157} INFO - Started process (PID=6861) to work on /home/seva/UCU/AutomatedDataPipelines/Homework1/venv/lib/python3.10/site-packages/airflow/example_dags/subdags/subdag.py
[2023-11-30T02:37:34.191+0200] {processor.py:829} INFO - Processing file /home/seva/UCU/AutomatedDataPipelines/Homework1/venv/lib/python3.10/site-packages/airflow/example_dags/subdags/subdag.py for tasks to queue
[2023-11-30T02:37:34.192+0200] {logging_mixin.py:154} INFO - [2023-11-30T02:37:34.192+0200] {dagbag.py:536} INFO - Filling up the DagBag from /home/seva/UCU/AutomatedDataPipelines/Homework1/venv/lib/python3.10/site-packages/airflow/example_dags/subdags/subdag.py
[2023-11-30T02:37:34.195+0200] {processor.py:841} WARNING - No viable dags retrieved from /home/seva/UCU/AutomatedDataPipelines/Homework1/venv/lib/python3.10/site-packages/airflow/example_dags/subdags/subdag.py
[2023-11-30T02:37:34.210+0200] {processor.py:179} INFO - Processing /home/seva/UCU/AutomatedDataPipelines/Homework1/venv/lib/python3.10/site-packages/airflow/example_dags/subdags/subdag.py took 0.027 seconds
[2023-11-30T02:38:26.646+0200] {processor.py:157} INFO - Started process (PID=7182) to work on /home/seva/UCU/AutomatedDataPipelines/Homework1/venv/lib/python3.10/site-packages/airflow/example_dags/subdags/subdag.py
[2023-11-30T02:38:26.659+0200] {processor.py:829} INFO - Processing file /home/seva/UCU/AutomatedDataPipelines/Homework1/venv/lib/python3.10/site-packages/airflow/example_dags/subdags/subdag.py for tasks to queue
[2023-11-30T02:38:26.660+0200] {logging_mixin.py:154} INFO - [2023-11-30T02:38:26.660+0200] {dagbag.py:536} INFO - Filling up the DagBag from /home/seva/UCU/AutomatedDataPipelines/Homework1/venv/lib/python3.10/site-packages/airflow/example_dags/subdags/subdag.py
[2023-11-30T02:38:26.663+0200] {processor.py:841} WARNING - No viable dags retrieved from /home/seva/UCU/AutomatedDataPipelines/Homework1/venv/lib/python3.10/site-packages/airflow/example_dags/subdags/subdag.py
[2023-11-30T02:38:26.675+0200] {processor.py:179} INFO - Processing /home/seva/UCU/AutomatedDataPipelines/Homework1/venv/lib/python3.10/site-packages/airflow/example_dags/subdags/subdag.py took 0.032 seconds
